2024_11_12_T22:57:58 -  finished initateHouses in 0.8888499736785889 seconds
2024_11_12_T22:57:58 -  finished initiateHouseholds in 1.0944879055023193 seconds
2024_11_12_T22:57:59 -  All houses for rental were assigned in Amadora
2024_11_12_T22:57:59 -  All houses for rental were assigned in Amadora
2024_11_12_T22:57:59 -  All houses for rental were assigned in Amadora
2024_11_12_T22:57:59 -  All houses for rental were assigned in Amadora
2024_11_12_T22:57:59 -  All houses for rental were assigned in Amadora
2024_11_12_T22:57:59 -  All houses for rental were assigned in Amadora
2024_11_12_T22:57:59 -  All houses for rental were assigned in Amadora
2024_11_12_T22:57:59 -  All houses for rental were assigned in Amadora
2024_11_12_T22:57:59 -  All houses for rental were assigned in Amadora
2024_11_12_T22:57:59 -  All houses for rental were assigned in Amadora
2024_11_12_T22:57:59 -  All houses for rental were assigned in Amadora
2024_11_12_T22:57:59 -  All houses for rental were assigned in Amadora
2024_11_12_T22:57:59 -  All houses for rental were assigned in Amadora
2024_11_12_T22:57:59 -  All houses for rental were assigned in Amadora
2024_11_12_T22:57:59 -  All houses for rental were assigned in Amadora
2024_11_12_T22:57:59 -  All houses for rental were assigned in Amadora
2024_11_12_T22:57:59 -  All houses for rental were assigned in Amadora
2024_11_12_T22:57:59 -  All houses for rental were assigned in Amadora
2024_11_12_T22:57:59 -  All houses for rental were assigned in Amadora
2024_11_12_T22:57:59 -  All houses for rental were assigned in Amadora
2024_11_12_T22:57:59 -  All houses for rental were assigned in Amadora
2024_11_12_T22:57:59 -  All houses for rental were assigned in Amadora
2024_11_12_T22:57:59 -  All houses for rental were assigned in Amadora
2024_11_12_T22:57:59 -  All houses for rental were assigned in Amadora
2024_11_12_T22:57:59 -  All houses for rental were assigned in Amadora
2024_11_12_T22:57:59 -  All houses for rental were assigned in Amadora
2024_11_12_T22:57:59 -  All houses for rental were assigned in Amadora
2024_11_12_T22:57:59 -  All houses for rental were assigned in Amadora
2024_11_12_T22:57:59 -  All houses for rental were assigned in Amadora
2024_11_12_T22:57:59 -  All houses for rental were assigned in Amadora
2024_11_12_T22:57:59 -  All houses for rental were assigned in Amadora
2024_11_12_T22:57:59 -  All houses for rental were assigned in Amadora
2024_11_12_T22:57:59 -  All houses for rental were assigned in Amadora
2024_11_12_T22:57:59 -  All houses for rental were assigned in Amadora
2024_11_12_T22:57:59 -  All houses for rental were assigned in Amadora
2024_11_12_T22:57:59 -  All houses for rental were assigned in Amadora
2024_11_12_T22:57:59 -  All houses for rental were assigned in Amadora
2024_11_12_T22:57:59 -  All houses for rental were assigned in Amadora
2024_11_12_T22:57:59 -  All houses for rental were assigned in Amadora
2024_11_12_T22:57:59 -  All houses for rental were assigned in Amadora
2024_11_12_T22:57:59 -  All houses for rental were assigned in Amadora
2024_11_12_T22:57:59 -  All houses for rental were assigned in Amadora
2024_11_12_T22:57:59 -  All houses for rental were assigned in Amadora
2024_11_12_T22:57:59 -  All houses for rental were assigned in Amadora
2024_11_12_T22:57:59 -  All houses for rental were assigned in Amadora
2024_11_12_T22:57:59 -  All houses for rental were assigned in Amadora
2024_11_12_T22:57:59 -  All houses for rental were assigned in Amadora
2024_11_12_T22:57:59 -  All houses for rental were assigned in Amadora
2024_11_12_T22:57:59 -  All houses for rental were assigned in Amadora
2024_11_12_T22:57:59 -  All houses for rental were assigned in Amadora
2024_11_12_T22:57:59 -  All houses for rental were assigned in Amadora
2024_11_12_T22:57:59 -  All houses for rental were assigned in Amadora
2024_11_12_T22:57:59 -  All houses for rental were assigned in Amadora
2024_11_12_T22:57:59 -  All houses for rental were assigned in Amadora
2024_11_12_T22:57:59 -  All houses for rental were assigned in Amadora
2024_11_12_T22:57:59 -  All houses for rental were assigned in Amadora
2024_11_12_T22:57:59 -  All houses for rental were assigned in Amadora
2024_11_12_T22:57:59 -  All houses for rental were assigned in Amadora
2024_11_12_T22:57:59 -  All houses for rental were assigned in Amadora
2024_11_12_T22:57:59 -  All houses for rental were assigned in Amadora
2024_11_12_T22:57:59 -  All houses for rental were assigned in Amadora
2024_11_12_T22:57:59 -  All houses for rental were assigned in Amadora
2024_11_12_T22:57:59 -  All houses for rental were assigned in Amadora
2024_11_12_T22:57:59 -  All houses for rental were assigned in Amadora
2024_11_12_T22:57:59 -  All houses for rental were assigned in Amadora
2024_11_12_T22:57:59 -  All houses for rental were assigned in Amadora
2024_11_12_T22:57:59 -  All houses for rental were assigned in Amadora
2024_11_12_T22:57:59 -  All houses for rental were assigned in Amadora
2024_11_12_T22:57:59 -  All houses for rental were assigned in Amadora
2024_11_12_T22:57:59 -  All houses for rental were assigned in Amadora
2024_11_12_T22:57:59 -  All houses for rental were assigned in Amadora
2024_11_12_T22:57:59 -  All houses for rental were assigned in Amadora
2024_11_12_T22:57:59 -  All houses for rental were assigned in Amadora
2024_11_12_T22:57:59 -  All houses for rental were assigned in Amadora
2024_11_12_T22:57:59 -  All houses for rental were assigned in Amadora
2024_11_12_T22:57:59 -  All houses for rental were assigned in Amadora
2024_11_12_T22:57:59 -  All houses for rental were assigned in Amadora
2024_11_12_T22:57:59 -  All houses for rental were assigned in Amadora
2024_11_12_T22:57:59 -  All houses for rental were assigned in Amadora
2024_11_12_T22:57:59 -  All houses for rental were assigned in Amadora
2024_11_12_T22:57:59 -  All houses for rental were assigned in Amadora
2024_11_12_T22:57:59 -  All houses for rental were assigned in Amadora
2024_11_12_T22:57:59 -  All houses for rental were assigned in Amadora
2024_11_12_T22:57:59 -  All houses for rental were assigned in Amadora
2024_11_12_T22:57:59 -  All houses for rental were assigned in Amadora
2024_11_12_T22:57:59 -  All houses for rental were assigned in Amadora
2024_11_12_T22:57:59 -  All houses for rental were assigned in Amadora
2024_11_12_T22:57:59 -  All houses for rental were assigned in Amadora
2024_11_12_T22:57:59 -  All houses for rental were assigned in Amadora
2024_11_12_T22:57:59 -  All houses for rental were assigned in Amadora
2024_11_12_T22:57:59 -  All houses for rental were assigned in Amadora
2024_11_12_T22:57:59 -  All houses for rental were assigned in Amadora
2024_11_12_T22:57:59 -  All houses for rental were assigned in Amadora
2024_11_12_T22:57:59 -  All houses for rental were assigned in Amadora
2024_11_12_T22:57:59 -  All houses for rental were assigned in Amadora
2024_11_12_T22:57:59 -  All houses for rental were assigned in Amadora
2024_11_12_T22:57:59 -  All houses for rental were assigned in Amadora
2024_11_12_T22:57:59 -  All houses for rental were assigned in Amadora
2024_11_12_T22:57:59 -  All houses for rental were assigned in Amadora
2024_11_12_T22:57:59 -  All houses for rental were assigned in Amadora
2024_11_12_T22:57:59 -  All houses for rental were assigned in Amadora
2024_11_12_T22:57:59 -  All houses for rental were assigned in Amadora
2024_11_12_T22:57:59 -  All houses for rental were assigned in Amadora
2024_11_12_T22:57:59 -  All houses for rental were assigned in Amadora
2024_11_12_T22:57:59 -  All houses for rental were assigned in Amadora
2024_11_12_T22:57:59 -  All houses for rental were assigned in Amadora
2024_11_12_T22:57:59 -  All houses for rental were assigned in Amadora
2024_11_12_T22:57:59 -  All houses for rental were assigned in Amadora
2024_11_12_T22:57:59 -  All houses for rental were assigned in Amadora
2024_11_12_T22:57:59 -  All houses for rental were assigned in Amadora
2024_11_12_T22:57:59 -  All houses for rental were assigned in Amadora
2024_11_12_T22:57:59 -  All houses for rental were assigned in Amadora
2024_11_12_T22:57:59 -  All houses for rental were assigned in Amadora
2024_11_12_T22:57:59 -  All houses for rental were assigned in Amadora
2024_11_12_T22:57:59 -  All houses for rental were assigned in Amadora
2024_11_12_T22:57:59 -  All houses for rental were assigned in Amadora
2024_11_12_T22:57:59 -  All houses for rental were assigned in Amadora
2024_11_12_T22:57:59 -  All houses for rental were assigned in Amadora
2024_11_12_T22:57:59 -  All houses for rental were assigned in Amadora
2024_11_12_T22:57:59 -  All houses for rental were assigned in Amadora
2024_11_12_T22:57:59 -  All houses for rental were assigned in Amadora
2024_11_12_T22:57:59 -  All houses for rental were assigned in Amadora
2024_11_12_T22:57:59 -  All houses for rental were assigned in Amadora
2024_11_12_T22:57:59 -  All houses for rental were assigned in Amadora
2024_11_12_T22:57:59 -  All houses for rental were assigned in Amadora
2024_11_12_T22:57:59 -  All houses for rental were assigned in Amadora
2024_11_12_T22:57:59 -  All houses for rental were assigned in Amadora
2024_11_12_T22:57:59 -  All houses for rental were assigned in Amadora
2024_11_12_T22:57:59 -  All houses for rental were assigned in Amadora
2024_11_12_T22:57:59 -  All houses for rental were assigned in Amadora
2024_11_12_T22:57:59 -  All houses for rental were assigned in Amadora
2024_11_12_T22:57:59 -  All houses for rental were assigned in Amadora
2024_11_12_T22:57:59 -  All houses for rental were assigned in Amadora
2024_11_12_T22:57:59 -  All houses for rental were assigned in Amadora
2024_11_12_T22:57:59 -  All houses for rental were assigned in Amadora
2024_11_12_T22:57:59 -  All houses for rental were assigned in Amadora
2024_11_12_T22:57:59 -  All houses for rental were assigned in Amadora
2024_11_12_T22:57:59 -  All home owners were assigned in Amadora
2024_11_12_T22:57:59 -  All home owners were assigned in Amadora
2024_11_12_T22:57:59 -  All home owners were assigned in Amadora
2024_11_12_T22:57:59 -  All home owners were assigned in Amadora
2024_11_12_T22:57:59 -  All home owners were assigned in Amadora
2024_11_12_T22:57:59 -  All home owners were assigned in Amadora
2024_11_12_T22:57:59 -  All home owners were assigned in Amadora
2024_11_12_T22:57:59 -  All home owners were assigned in Amadora
2024_11_12_T22:57:59 -  All home owners were assigned in Amadora
2024_11_12_T22:57:59 -  All home owners were assigned in Amadora
2024_11_12_T22:57:59 -  All home owners were assigned in Amadora
2024_11_12_T22:57:59 -  All home owners were assigned in Amadora
2024_11_12_T22:57:59 -  All home owners were assigned in Amadora
2024_11_12_T22:57:59 -  All home owners were assigned in Amadora
2024_11_12_T22:57:59 -  All home owners were assigned in Amadora
2024_11_12_T22:57:59 -  All home owners were assigned in Amadora
2024_11_12_T22:57:59 -  All home owners were assigned in Amadora
2024_11_12_T22:57:59 -  All home owners were assigned in Amadora
2024_11_12_T22:57:59 -  All home owners were assigned in Amadora
2024_11_12_T22:57:59 -  All home owners were assigned in Amadora
2024_11_12_T22:57:59 -  All home owners were assigned in Amadora
2024_11_12_T22:57:59 -  All home owners were assigned in Amadora
2024_11_12_T22:57:59 -  All home owners were assigned in Amadora
2024_11_12_T22:57:59 -  All home owners were assigned in Amadora
2024_11_12_T22:57:59 -  All home owners were assigned in Amadora
2024_11_12_T22:57:59 -  All home owners were assigned in Amadora
2024_11_12_T22:57:59 -  All home owners were assigned in Amadora
2024_11_12_T22:57:59 -  All home owners were assigned in Amadora
2024_11_12_T22:57:59 -  All home owners were assigned in Amadora
2024_11_12_T22:57:59 -  All home owners were assigned in Amadora
2024_11_12_T22:57:59 -  All home owners were assigned in Amadora
2024_11_12_T22:57:59 -  All home owners were assigned in Amadora
2024_11_12_T22:57:59 -  All home owners were assigned in Amadora
2024_11_12_T22:57:59 -  All home owners were assigned in Amadora
2024_11_12_T22:57:59 -  All home owners were assigned in Amadora
2024_11_12_T22:57:59 -  All home owners were assigned in Amadora
2024_11_12_T22:57:59 -  All home owners were assigned in Amadora
2024_11_12_T22:57:59 -  All home owners were assigned in Amadora
2024_11_12_T22:57:59 -  All home owners were assigned in Amadora
2024_11_12_T22:57:59 -  All home owners were assigned in Amadora
2024_11_12_T22:57:59 -  All home owners were assigned in Amadora
2024_11_12_T22:57:59 -  All home owners were assigned in Amadora
2024_11_12_T22:57:59 -  All home owners were assigned in Amadora
2024_11_12_T22:57:59 -  All home owners were assigned in Amadora
2024_11_12_T22:57:59 -  All home owners were assigned in Amadora
2024_11_12_T22:57:59 -  All home owners were assigned in Amadora
2024_11_12_T22:57:59 -  All home owners were assigned in Amadora
2024_11_12_T22:57:59 -  All home owners were assigned in Amadora
2024_11_12_T22:57:59 -  All home owners were assigned in Amadora
2024_11_12_T22:57:59 -  All home owners were assigned in Amadora
2024_11_12_T22:57:59 -  All home owners were assigned in Amadora
2024_11_12_T22:57:59 -  All home owners were assigned in Amadora
2024_11_12_T22:57:59 -  All home owners were assigned in Amadora
2024_11_12_T22:57:59 -  All home owners were assigned in Amadora
2024_11_12_T22:57:59 -  All home owners were assigned in Amadora
2024_11_12_T22:57:59 -  All home owners were assigned in Amadora
2024_11_12_T22:57:59 -  All home owners were assigned in Amadora
2024_11_12_T22:57:59 -  All home owners were assigned in Amadora
2024_11_12_T22:57:59 -  All home owners were assigned in Amadora
2024_11_12_T22:57:59 -  All home owners were assigned in Amadora
2024_11_12_T22:57:59 -  All home owners were assigned in Amadora
2024_11_12_T22:57:59 -  All home owners were assigned in Amadora
2024_11_12_T22:57:59 -  All home owners were assigned in Amadora
2024_11_12_T22:57:59 -  All home owners were assigned in Amadora
2024_11_12_T22:57:59 -  All home owners were assigned in Amadora
2024_11_12_T22:57:59 -  All home owners were assigned in Amadora
2024_11_12_T22:57:59 -  All home owners were assigned in Amadora
2024_11_12_T22:57:59 -  All home owners were assigned in Amadora
2024_11_12_T22:57:59 -  All home owners were assigned in Amadora
2024_11_12_T22:57:59 -  All home owners were assigned in Amadora
2024_11_12_T22:57:59 -  All home owners were assigned in Amadora
2024_11_12_T22:57:59 -  All home owners were assigned in Amadora
2024_11_12_T22:57:59 -  All home owners were assigned in Amadora
2024_11_12_T22:57:59 -  All home owners were assigned in Amadora
2024_11_12_T22:57:59 -  All home owners were assigned in Amadora
2024_11_12_T22:57:59 -  All home owners were assigned in Amadora
2024_11_12_T22:57:59 -  All home owners were assigned in Amadora
2024_11_12_T22:57:59 -  All home owners were assigned in Amadora
2024_11_12_T22:57:59 -  All home owners were assigned in Amadora
2024_11_12_T22:57:59 -  All home owners were assigned in Amadora
2024_11_12_T22:57:59 -  All home owners were assigned in Amadora
2024_11_12_T22:57:59 -  All home owners were assigned in Amadora
2024_11_12_T22:57:59 -  All home owners were assigned in Amadora
2024_11_12_T22:57:59 -  All home owners were assigned in Amadora
2024_11_12_T22:57:59 -  All home owners were assigned in Amadora
2024_11_12_T22:57:59 -  All home owners were assigned in Amadora
2024_11_12_T22:57:59 -  All home owners were assigned in Amadora
2024_11_12_T22:57:59 -  All home owners were assigned in Amadora
2024_11_12_T22:57:59 -  All home owners were assigned in Amadora
2024_11_12_T22:57:59 -  All home owners were assigned in Amadora
2024_11_12_T22:57:59 -  All home owners were assigned in Amadora
2024_11_12_T22:57:59 -  All home owners were assigned in Amadora
2024_11_12_T22:57:59 -  All home owners were assigned in Amadora
2024_11_12_T22:57:59 -  All home owners were assigned in Amadora
2024_11_12_T22:57:59 -  All home owners were assigned in Amadora
2024_11_12_T22:57:59 -  All home owners were assigned in Amadora
2024_11_12_T22:57:59 -  All home owners were assigned in Amadora
2024_11_12_T22:57:59 -  All home owners were assigned in Amadora
2024_11_12_T22:57:59 -  All home owners were assigned in Amadora
2024_11_12_T22:57:59 -  All home owners were assigned in Amadora
2024_11_12_T22:57:59 -  All home owners were assigned in Amadora
2024_11_12_T22:57:59 -  All home owners were assigned in Amadora
2024_11_12_T22:57:59 -  All home owners were assigned in Amadora
2024_11_12_T22:57:59 -  All home owners were assigned in Amadora
2024_11_12_T22:57:59 -  All home owners were assigned in Amadora
2024_11_12_T22:57:59 -  All home owners were assigned in Amadora
2024_11_12_T22:57:59 -  All home owners were assigned in Amadora
2024_11_12_T22:57:59 -  All home owners were assigned in Amadora
2024_11_12_T22:57:59 -  All home owners were assigned in Amadora
2024_11_12_T22:57:59 -  All home owners were assigned in Amadora
2024_11_12_T22:57:59 -  All home owners were assigned in Amadora
2024_11_12_T22:57:59 -  All home owners were assigned in Amadora
2024_11_12_T22:57:59 -  All home owners were assigned in Amadora
2024_11_12_T22:57:59 -  All home owners were assigned in Amadora
2024_11_12_T22:57:59 -  All home owners were assigned in Amadora
2024_11_12_T22:57:59 -  All home owners were assigned in Amadora
2024_11_12_T22:57:59 -  All home owners were assigned in Amadora
2024_11_12_T22:57:59 -  All home owners were assigned in Amadora
2024_11_12_T22:57:59 -  All home owners were assigned in Amadora
2024_11_12_T22:57:59 -  All home owners were assigned in Amadora
2024_11_12_T22:57:59 -  All home owners were assigned in Amadora
2024_11_12_T22:57:59 -  All home owners were assigned in Amadora
2024_11_12_T22:57:59 -  All home owners were assigned in Amadora
2024_11_12_T22:57:59 -  All home owners were assigned in Amadora
2024_11_12_T22:57:59 -  All home owners were assigned in Amadora
2024_11_12_T22:57:59 -  All home owners were assigned in Amadora
2024_11_12_T22:57:59 -  All home owners were assigned in Amadora
2024_11_12_T22:57:59 -  All home owners were assigned in Amadora
2024_11_12_T22:57:59 -  All home owners were assigned in Amadora
2024_11_12_T22:57:59 -  All home owners were assigned in Amadora
2024_11_12_T22:57:59 -  All home owners were assigned in Amadora
2024_11_12_T22:57:59 -  All home owners were assigned in Amadora
2024_11_12_T22:57:59 -  All home owners were assigned in Amadora
2024_11_12_T22:57:59 -  All home owners were assigned in Amadora
2024_11_12_T22:57:59 -  All home owners were assigned in Amadora
2024_11_12_T22:57:59 -  All houses for rental were assigned in Cascais
2024_11_12_T22:57:59 -  All houses for rental were assigned in Cascais
2024_11_12_T22:57:59 -  All houses for rental were assigned in Cascais
2024_11_12_T22:57:59 -  All houses for rental were assigned in Cascais
2024_11_12_T22:57:59 -  All houses for rental were assigned in Cascais
2024_11_12_T22:57:59 -  All houses for rental were assigned in Cascais
2024_11_12_T22:57:59 -  All houses for rental were assigned in Cascais
2024_11_12_T22:57:59 -  All houses for rental were assigned in Cascais
2024_11_12_T22:57:59 -  All houses for rental were assigned in Cascais
2024_11_12_T22:57:59 -  All houses for rental were assigned in Cascais
2024_11_12_T22:57:59 -  All houses for rental were assigned in Cascais
2024_11_12_T22:57:59 -  All houses for rental were assigned in Cascais
2024_11_12_T22:57:59 -  All houses for rental were assigned in Cascais
2024_11_12_T22:57:59 -  All houses for rental were assigned in Cascais
2024_11_12_T22:57:59 -  All houses for rental were assigned in Cascais
2024_11_12_T22:57:59 -  All houses for rental were assigned in Cascais
2024_11_12_T22:57:59 -  All houses for rental were assigned in Cascais
2024_11_12_T22:57:59 -  All houses for rental were assigned in Cascais
2024_11_12_T22:57:59 -  All houses for rental were assigned in Cascais
2024_11_12_T22:57:59 -  All houses for rental were assigned in Cascais
2024_11_12_T22:57:59 -  All houses for rental were assigned in Cascais
2024_11_12_T22:57:59 -  All houses for rental were assigned in Cascais
2024_11_12_T22:57:59 -  All houses for rental were assigned in Cascais
2024_11_12_T22:57:59 -  All houses for rental were assigned in Cascais
2024_11_12_T22:57:59 -  All houses for rental were assigned in Cascais
2024_11_12_T22:57:59 -  All houses for rental were assigned in Cascais
2024_11_12_T22:57:59 -  All houses for rental were assigned in Cascais
2024_11_12_T22:57:59 -  All houses for rental were assigned in Cascais
2024_11_12_T22:57:59 -  All houses for rental were assigned in Cascais
2024_11_12_T22:57:59 -  All houses for rental were assigned in Cascais
2024_11_12_T22:57:59 -  All houses for rental were assigned in Cascais
2024_11_12_T22:57:59 -  All houses for rental were assigned in Cascais
2024_11_12_T22:57:59 -  All houses for rental were assigned in Cascais
2024_11_12_T22:57:59 -  All houses for rental were assigned in Cascais
2024_11_12_T22:57:59 -  All houses for rental were assigned in Cascais
2024_11_12_T22:57:59 -  All houses for rental were assigned in Cascais
2024_11_12_T22:57:59 -  All houses for rental were assigned in Cascais
2024_11_12_T22:57:59 -  All houses for rental were assigned in Cascais
2024_11_12_T22:57:59 -  All houses for rental were assigned in Cascais
2024_11_12_T22:57:59 -  All houses for rental were assigned in Cascais
2024_11_12_T22:57:59 -  All houses for rental were assigned in Cascais
2024_11_12_T22:57:59 -  All houses for rental were assigned in Cascais
2024_11_12_T22:57:59 -  All houses for rental were assigned in Cascais
2024_11_12_T22:57:59 -  All houses for rental were assigned in Cascais
2024_11_12_T22:57:59 -  All houses for rental were assigned in Cascais
2024_11_12_T22:57:59 -  All houses for rental were assigned in Cascais
2024_11_12_T22:57:59 -  All houses for rental were assigned in Cascais
2024_11_12_T22:57:59 -  All houses for rental were assigned in Cascais
2024_11_12_T22:57:59 -  All houses for rental were assigned in Cascais
2024_11_12_T22:57:59 -  All houses for rental were assigned in Cascais
2024_11_12_T22:57:59 -  All houses for rental were assigned in Cascais
2024_11_12_T22:57:59 -  All houses for rental were assigned in Cascais
2024_11_12_T22:57:59 -  All houses for rental were assigned in Cascais
2024_11_12_T22:57:59 -  All houses for rental were assigned in Cascais
2024_11_12_T22:57:59 -  All houses for rental were assigned in Cascais
2024_11_12_T22:57:59 -  All houses for rental were assigned in Cascais
2024_11_12_T22:57:59 -  All houses for rental were assigned in Cascais
2024_11_12_T22:57:59 -  All houses for rental were assigned in Cascais
2024_11_12_T22:57:59 -  All houses for rental were assigned in Cascais
2024_11_12_T22:57:59 -  All houses for rental were assigned in Cascais
2024_11_12_T22:57:59 -  All houses for rental were assigned in Cascais
2024_11_12_T22:57:59 -  All houses for rental were assigned in Cascais
2024_11_12_T22:57:59 -  All houses for rental were assigned in Cascais
2024_11_12_T22:57:59 -  All houses for rental were assigned in Cascais
2024_11_12_T22:57:59 -  All houses for rental were assigned in Cascais
2024_11_12_T22:57:59 -  All houses for rental were assigned in Cascais
2024_11_12_T22:57:59 -  All houses for rental were assigned in Cascais
2024_11_12_T22:57:59 -  All houses for rental were assigned in Cascais
2024_11_12_T22:57:59 -  All houses for rental were assigned in Cascais
2024_11_12_T22:57:59 -  All houses for rental were assigned in Cascais
2024_11_12_T22:57:59 -  All houses for rental were assigned in Cascais
2024_11_12_T22:57:59 -  All houses for rental were assigned in Cascais
2024_11_12_T22:57:59 -  All houses for rental were assigned in Cascais
2024_11_12_T22:57:59 -  All houses for rental were assigned in Cascais
2024_11_12_T22:57:59 -  All houses for rental were assigned in Cascais
2024_11_12_T22:57:59 -  All houses for rental were assigned in Cascais
2024_11_12_T22:57:59 -  All houses for rental were assigned in Cascais
2024_11_12_T22:57:59 -  All houses for rental were assigned in Cascais
2024_11_12_T22:57:59 -  All houses for rental were assigned in Cascais
2024_11_12_T22:57:59 -  All houses for rental were assigned in Cascais
2024_11_12_T22:57:59 -  All houses for rental were assigned in Cascais
2024_11_12_T22:57:59 -  All houses for rental were assigned in Cascais
2024_11_12_T22:57:59 -  All houses for rental were assigned in Cascais
2024_11_12_T22:57:59 -  All houses for rental were assigned in Cascais
2024_11_12_T22:57:59 -  All houses for rental were assigned in Cascais
2024_11_12_T22:57:59 -  All houses for rental were assigned in Cascais
2024_11_12_T22:57:59 -  All houses for rental were assigned in Cascais
2024_11_12_T22:57:59 -  All houses for rental were assigned in Cascais
2024_11_12_T22:57:59 -  All houses for rental were assigned in Cascais
2024_11_12_T22:57:59 -  All houses for rental were assigned in Cascais
2024_11_12_T22:57:59 -  All houses for rental were assigned in Cascais
2024_11_12_T22:57:59 -  All houses for rental were assigned in Cascais
2024_11_12_T22:57:59 -  All houses for rental were assigned in Cascais
2024_11_12_T22:57:59 -  All houses for rental were assigned in Cascais
2024_11_12_T22:57:59 -  All houses for rental were assigned in Cascais
2024_11_12_T22:57:59 -  All houses for rental were assigned in Cascais
2024_11_12_T22:57:59 -  All houses for rental were assigned in Cascais
2024_11_12_T22:57:59 -  All houses for rental were assigned in Cascais
2024_11_12_T22:57:59 -  All houses for rental were assigned in Cascais
2024_11_12_T22:57:59 -  All houses for rental were assigned in Cascais
2024_11_12_T22:57:59 -  All houses for rental were assigned in Cascais
2024_11_12_T22:57:59 -  All houses for rental were assigned in Cascais
2024_11_12_T22:57:59 -  All houses for rental were assigned in Cascais
2024_11_12_T22:57:59 -  All houses for rental were assigned in Cascais
2024_11_12_T22:57:59 -  All houses for rental were assigned in Cascais
2024_11_12_T22:57:59 -  All houses for rental were assigned in Cascais
2024_11_12_T22:57:59 -  All houses for rental were assigned in Cascais
2024_11_12_T22:57:59 -  All houses for rental were assigned in Cascais
2024_11_12_T22:57:59 -  All houses for rental were assigned in Cascais
2024_11_12_T22:57:59 -  All houses for rental were assigned in Cascais
2024_11_12_T22:57:59 -  All houses for rental were assigned in Cascais
2024_11_12_T22:57:59 -  All houses for rental were assigned in Cascais
2024_11_12_T22:57:59 -  All houses for rental were assigned in Cascais
2024_11_12_T22:57:59 -  All houses for rental were assigned in Cascais
2024_11_12_T22:57:59 -  All houses for rental were assigned in Cascais
2024_11_12_T22:57:59 -  All houses for rental were assigned in Cascais
2024_11_12_T22:57:59 -  All houses for rental were assigned in Cascais
2024_11_12_T22:57:59 -  All houses for rental were assigned in Cascais
2024_11_12_T22:57:59 -  All houses for rental were assigned in Cascais
2024_11_12_T22:57:59 -  All houses for rental were assigned in Cascais
2024_11_12_T22:57:59 -  All houses for rental were assigned in Cascais
2024_11_12_T22:57:59 -  All houses for rental were assigned in Cascais
2024_11_12_T22:57:59 -  All houses for rental were assigned in Cascais
2024_11_12_T22:57:59 -  All houses for rental were assigned in Cascais
2024_11_12_T22:57:59 -  All houses for rental were assigned in Cascais
2024_11_12_T22:57:59 -  All houses for rental were assigned in Cascais
2024_11_12_T22:57:59 -  All houses for rental were assigned in Cascais
2024_11_12_T22:57:59 -  All houses for rental were assigned in Cascais
2024_11_12_T22:57:59 -  All houses for rental were assigned in Cascais
2024_11_12_T22:57:59 -  All houses for rental were assigned in Cascais
2024_11_12_T22:57:59 -  All houses for rental were assigned in Cascais
2024_11_12_T22:57:59 -  All houses for rental were assigned in Cascais
2024_11_12_T22:57:59 -  All houses for rental were assigned in Cascais
2024_11_12_T22:57:59 -  All houses for rental were assigned in Cascais
2024_11_12_T22:57:59 -  All houses for rental were assigned in Cascais
2024_11_12_T22:57:59 -  All houses for rental were assigned in Cascais
2024_11_12_T22:57:59 -  All houses for rental were assigned in Cascais
2024_11_12_T22:57:59 -  All houses for rental were assigned in Cascais
2024_11_12_T22:57:59 -  All houses for rental were assigned in Cascais
2024_11_12_T22:57:59 -  All houses for rental were assigned in Cascais
2024_11_12_T22:57:59 -  All houses for rental were assigned in Cascais
2024_11_12_T22:57:59 -  All houses for rental were assigned in Cascais
2024_11_12_T22:57:59 -  All houses for rental were assigned in Cascais
2024_11_12_T22:57:59 -  All houses for rental were assigned in Cascais
2024_11_12_T22:57:59 -  All houses for rental were assigned in Cascais
2024_11_12_T22:57:59 -  All houses for rental were assigned in Cascais
2024_11_12_T22:57:59 -  All houses for rental were assigned in Cascais
2024_11_12_T22:57:59 -  All houses for rental were assigned in Cascais
2024_11_12_T22:57:59 -  All houses for rental were assigned in Cascais
2024_11_12_T22:57:59 -  All houses for rental were assigned in Cascais
2024_11_12_T22:57:59 -  All houses for rental were assigned in Cascais
2024_11_12_T22:57:59 -  All houses for rental were assigned in Cascais
2024_11_12_T22:57:59 -  All houses for rental were assigned in Cascais
2024_11_12_T22:57:59 -  All houses for rental were assigned in Cascais
2024_11_12_T22:57:59 -  All houses for rental were assigned in Cascais
2024_11_12_T22:57:59 -  All houses for rental were assigned in Cascais
2024_11_12_T22:57:59 -  All houses for rental were assigned in Cascais
2024_11_12_T22:57:59 -  All houses for rental were assigned in Cascais
2024_11_12_T22:57:59 -  All houses for rental were assigned in Cascais
2024_11_12_T22:57:59 -  All houses for rental were assigned in Cascais
2024_11_12_T22:57:59 -  All houses for rental were assigned in Cascais
2024_11_12_T22:57:59 -  All houses for rental were assigned in Cascais
2024_11_12_T22:57:59 -  All houses for rental were assigned in Cascais
2024_11_12_T22:57:59 -  All houses for rental were assigned in Cascais
2024_11_12_T22:57:59 -  All houses for rental were assigned in Cascais
2024_11_12_T22:57:59 -  All houses for rental were assigned in Cascais
2024_11_12_T22:57:59 -  All houses for rental were assigned in Cascais
2024_11_12_T22:57:59 -  All houses for rental were assigned in Cascais
2024_11_12_T22:57:59 -  All houses for rental were assigned in Cascais
2024_11_12_T22:57:59 -  All houses for rental were assigned in Cascais
2024_11_12_T22:57:59 -  All houses for rental were assigned in Cascais
2024_11_12_T22:57:59 -  All houses for rental were assigned in Cascais
2024_11_12_T22:57:59 -  All houses for rental were assigned in Cascais
2024_11_12_T22:57:59 -  All houses for rental were assigned in Cascais
2024_11_12_T22:57:59 -  All houses for rental were assigned in Cascais
2024_11_12_T22:57:59 -  All houses for rental were assigned in Cascais
2024_11_12_T22:57:59 -  All houses for rental were assigned in Cascais
2024_11_12_T22:57:59 -  All houses for rental were assigned in Cascais
2024_11_12_T22:57:59 -  All houses for rental were assigned in Cascais
2024_11_12_T22:57:59 -  All houses for rental were assigned in Cascais
2024_11_12_T22:57:59 -  All houses for rental were assigned in Cascais
2024_11_12_T22:57:59 -  All houses for rental were assigned in Cascais
2024_11_12_T22:57:59 -  All houses for rental were assigned in Cascais
2024_11_12_T22:57:59 -  All houses for rental were assigned in Cascais
2024_11_12_T22:57:59 -  All houses for rental were assigned in Cascais
2024_11_12_T22:57:59 -  All houses for rental were assigned in Cascais
2024_11_12_T22:57:59 -  All houses for rental were assigned in Cascais
2024_11_12_T22:57:59 -  All houses for rental were assigned in Cascais
2024_11_12_T22:57:59 -  All houses for rental were assigned in Cascais
2024_11_12_T22:57:59 -  All houses for rental were assigned in Cascais
2024_11_12_T22:57:59 -  All houses for rental were assigned in Cascais
2024_11_12_T22:57:59 -  All houses for rental were assigned in Lisboa
2024_11_12_T22:57:59 -  All houses for rental were assigned in Lisboa
2024_11_12_T22:57:59 -  All houses for rental were assigned in Lisboa
2024_11_12_T22:57:59 -  All houses for rental were assigned in Lisboa
2024_11_12_T22:57:59 -  All houses for rental were assigned in Lisboa
2024_11_12_T22:57:59 -  All houses for rental were assigned in Lisboa
2024_11_12_T22:57:59 -  All houses for rental were assigned in Lisboa
2024_11_12_T22:57:59 -  All houses for rental were assigned in Lisboa
2024_11_12_T22:57:59 -  All houses for rental were assigned in Lisboa
2024_11_12_T22:57:59 -  All houses for rental were assigned in Lisboa
2024_11_12_T22:57:59 -  All houses for rental were assigned in Lisboa
2024_11_12_T22:57:59 -  All houses for rental were assigned in Lisboa
2024_11_12_T22:57:59 -  All houses for rental were assigned in Lisboa
2024_11_12_T22:57:59 -  All houses for rental were assigned in Lisboa
2024_11_12_T22:57:59 -  All houses for rental were assigned in Lisboa
2024_11_12_T22:57:59 -  All houses for rental were assigned in Lisboa
2024_11_12_T22:57:59 -  All houses for rental were assigned in Lisboa
2024_11_12_T22:57:59 -  All houses for rental were assigned in Lisboa
2024_11_12_T22:57:59 -  All houses for rental were assigned in Lisboa
2024_11_12_T22:57:59 -  All houses for rental were assigned in Lisboa
2024_11_12_T22:57:59 -  All houses for rental were assigned in Lisboa
2024_11_12_T22:57:59 -  All houses for rental were assigned in Lisboa
2024_11_12_T22:57:59 -  All houses for rental were assigned in Lisboa
2024_11_12_T22:57:59 -  All houses for rental were assigned in Lisboa
2024_11_12_T22:57:59 -  All houses for rental were assigned in Lisboa
2024_11_12_T22:57:59 -  All houses for rental were assigned in Lisboa
2024_11_12_T22:57:59 -  All houses for rental were assigned in Lisboa
2024_11_12_T22:57:59 -  All houses for rental were assigned in Lisboa
2024_11_12_T22:57:59 -  All houses for rental were assigned in Lisboa
2024_11_12_T22:57:59 -  All houses for rental were assigned in Lisboa
2024_11_12_T22:57:59 -  All houses for rental were assigned in Lisboa
2024_11_12_T22:57:59 -  All houses for rental were assigned in Lisboa
2024_11_12_T22:57:59 -  All houses for rental were assigned in Lisboa
2024_11_12_T22:57:59 -  All houses for rental were assigned in Lisboa
2024_11_12_T22:57:59 -  All houses for rental were assigned in Lisboa
2024_11_12_T22:57:59 -  All houses for rental were assigned in Lisboa
2024_11_12_T22:57:59 -  All houses for rental were assigned in Lisboa
2024_11_12_T22:57:59 -  All houses for rental were assigned in Lisboa
2024_11_12_T22:57:59 -  All houses for rental were assigned in Lisboa
2024_11_12_T22:57:59 -  All houses for rental were assigned in Lisboa
2024_11_12_T22:57:59 -  All houses for rental were assigned in Lisboa
2024_11_12_T22:57:59 -  All houses for rental were assigned in Lisboa
2024_11_12_T22:57:59 -  All houses for rental were assigned in Lisboa
2024_11_12_T22:57:59 -  All houses for rental were assigned in Lisboa
2024_11_12_T22:57:59 -  All houses for rental were assigned in Lisboa
2024_11_12_T22:57:59 -  All houses for rental were assigned in Lisboa
2024_11_12_T22:57:59 -  All houses for rental were assigned in Lisboa
2024_11_12_T22:57:59 -  All houses for rental were assigned in Lisboa
2024_11_12_T22:57:59 -  All houses for rental were assigned in Lisboa
2024_11_12_T22:57:59 -  All houses for rental were assigned in Lisboa
2024_11_12_T22:57:59 -  All houses for rental were assigned in Lisboa
2024_11_12_T22:57:59 -  All houses for rental were assigned in Lisboa
2024_11_12_T22:57:59 -  All houses for rental were assigned in Lisboa
2024_11_12_T22:57:59 -  All houses for rental were assigned in Lisboa
2024_11_12_T22:57:59 -  All houses for rental were assigned in Lisboa
2024_11_12_T22:57:59 -  All houses for rental were assigned in Lisboa
2024_11_12_T22:57:59 -  All houses for rental were assigned in Lisboa
2024_11_12_T22:57:59 -  All houses for rental were assigned in Lisboa
2024_11_12_T22:57:59 -  All houses for rental were assigned in Lisboa
2024_11_12_T22:57:59 -  All houses for rental were assigned in Lisboa
2024_11_12_T22:57:59 -  All houses for rental were assigned in Lisboa
2024_11_12_T22:57:59 -  All houses for rental were assigned in Lisboa
2024_11_12_T22:57:59 -  All houses for rental were assigned in Lisboa
2024_11_12_T22:57:59 -  All houses for rental were assigned in Lisboa
2024_11_12_T22:57:59 -  All houses for rental were assigned in Lisboa
2024_11_12_T22:57:59 -  All houses for rental were assigned in Lisboa
2024_11_12_T22:57:59 -  finished assignHousesToHouseholds in 1.539712905883789 seconds
2024_11_12_T22:58:03 -  Metrics: sum_wealth took 9.5367431640625e-7
2024_11_12_T22:58:04 -  Metrics: wealth_distribution took 5.0067901611328125e-6
2024_11_12_T22:58:04 -  Metrics: money_distribution took 5.0067901611328125e-6
2024_11_12_T22:58:04 -  Metrics: size_distribution took 3.814697265625e-6
2024_11_12_T22:58:05 -  Metrics: age_distribution took 5.0067901611328125e-6
2024_11_12_T22:58:07 -  Metrics: sum_wealth took 4.00543212890625e-5
2024_11_12_T22:58:07 -  Metrics: wealth_distribution took 0.010612010955810547
2024_11_12_T22:58:07 -  Metrics: money_distribution took 0.0003910064697265625
2024_11_12_T22:58:07 -  Metrics: size_distribution took 0.007544994354248047
2024_11_12_T22:58:07 -  Metrics: age_distribution took 0.0003190040588378906
2024_11_12_T22:58:10 -  Model step started
