2024_11_13_T23:36:34 -  finished initateHouses in 0.8228650093078613 seconds
2024_11_13_T23:36:34 -  finished initiateHouseholds in 1.0848820209503174 seconds
2024_11_13_T23:36:34 -  All houses for rental were assigned in Lisboa
2024_11_13_T23:36:34 -  All houses for rental were assigned in Lisboa
2024_11_13_T23:36:34 -  All houses for rental were assigned in Lisboa
2024_11_13_T23:36:34 -  All houses for rental were assigned in Lisboa
2024_11_13_T23:36:34 -  All houses for rental were assigned in Lisboa
2024_11_13_T23:36:34 -  All houses for rental were assigned in Lisboa
2024_11_13_T23:36:34 -  All houses for rental were assigned in Lisboa
2024_11_13_T23:36:34 -  All houses for rental were assigned in Lisboa
2024_11_13_T23:36:34 -  All houses for rental were assigned in Lisboa
2024_11_13_T23:36:34 -  All houses for rental were assigned in Lisboa
2024_11_13_T23:36:34 -  All houses for rental were assigned in Lisboa
2024_11_13_T23:36:34 -  All houses for rental were assigned in Lisboa
2024_11_13_T23:36:34 -  All houses for rental were assigned in Lisboa
2024_11_13_T23:36:34 -  All houses for rental were assigned in Lisboa
2024_11_13_T23:36:34 -  All houses for rental were assigned in Lisboa
2024_11_13_T23:36:34 -  All houses for rental were assigned in Lisboa
2024_11_13_T23:36:34 -  All houses for rental were assigned in Lisboa
2024_11_13_T23:36:34 -  All houses for rental were assigned in Lisboa
2024_11_13_T23:36:34 -  All houses for rental were assigned in Lisboa
2024_11_13_T23:36:34 -  All houses for rental were assigned in Lisboa
2024_11_13_T23:36:34 -  All houses for rental were assigned in Lisboa
2024_11_13_T23:36:34 -  All houses for rental were assigned in Lisboa
2024_11_13_T23:36:34 -  All houses for rental were assigned in Lisboa
2024_11_13_T23:36:34 -  All houses for rental were assigned in Lisboa
2024_11_13_T23:36:34 -  All houses for rental were assigned in Lisboa
2024_11_13_T23:36:34 -  All houses for rental were assigned in Lisboa
2024_11_13_T23:36:34 -  All houses for rental were assigned in Lisboa
2024_11_13_T23:36:34 -  All houses for rental were assigned in Lisboa
2024_11_13_T23:36:34 -  All houses for rental were assigned in Lisboa
2024_11_13_T23:36:34 -  All houses for rental were assigned in Lisboa
2024_11_13_T23:36:34 -  All houses for rental were assigned in Lisboa
2024_11_13_T23:36:34 -  All houses for rental were assigned in Lisboa
2024_11_13_T23:36:34 -  All houses for rental were assigned in Lisboa
2024_11_13_T23:36:34 -  All houses for rental were assigned in Lisboa
2024_11_13_T23:36:34 -  All houses for rental were assigned in Lisboa
2024_11_13_T23:36:34 -  All houses for rental were assigned in Lisboa
2024_11_13_T23:36:34 -  All houses for rental were assigned in Lisboa
2024_11_13_T23:36:34 -  All houses for rental were assigned in Lisboa
2024_11_13_T23:36:34 -  All houses for rental were assigned in Lisboa
2024_11_13_T23:36:34 -  All houses for rental were assigned in Lisboa
2024_11_13_T23:36:34 -  All houses for rental were assigned in Lisboa
2024_11_13_T23:36:34 -  All houses for rental were assigned in Lisboa
2024_11_13_T23:36:34 -  All houses for rental were assigned in Lisboa
2024_11_13_T23:36:34 -  All houses for rental were assigned in Lisboa
2024_11_13_T23:36:34 -  All houses for rental were assigned in Lisboa
2024_11_13_T23:36:34 -  All houses for rental were assigned in Lisboa
2024_11_13_T23:36:34 -  All houses for rental were assigned in Lisboa
2024_11_13_T23:36:34 -  All houses for rental were assigned in Lisboa
2024_11_13_T23:36:34 -  All houses for rental were assigned in Lisboa
2024_11_13_T23:36:34 -  All houses for rental were assigned in Lisboa
2024_11_13_T23:36:34 -  All houses for rental were assigned in Lisboa
2024_11_13_T23:36:34 -  All houses for rental were assigned in Lisboa
2024_11_13_T23:36:34 -  All houses for rental were assigned in Lisboa
2024_11_13_T23:36:34 -  All houses for rental were assigned in Lisboa
2024_11_13_T23:36:34 -  All houses for rental were assigned in Lisboa
2024_11_13_T23:36:34 -  All houses for rental were assigned in Lisboa
2024_11_13_T23:36:34 -  All houses for rental were assigned in Lisboa
2024_11_13_T23:36:34 -  All houses for rental were assigned in Lisboa
2024_11_13_T23:36:34 -  All houses for rental were assigned in Lisboa
2024_11_13_T23:36:34 -  All houses for rental were assigned in Lisboa
2024_11_13_T23:36:34 -  All houses for rental were assigned in Lisboa
2024_11_13_T23:36:34 -  All houses for rental were assigned in Lisboa
2024_11_13_T23:36:34 -  All houses for rental were assigned in Lisboa
2024_11_13_T23:36:34 -  All houses for rental were assigned in Lisboa
2024_11_13_T23:36:34 -  All houses for rental were assigned in Lisboa
2024_11_13_T23:36:34 -  All houses for rental were assigned in Lisboa
2024_11_13_T23:36:34 -  All houses for rental were assigned in Lisboa
2024_11_13_T23:36:34 -  All houses for rental were assigned in Lisboa
2024_11_13_T23:36:34 -  All houses for rental were assigned in Lisboa
2024_11_13_T23:36:34 -  All houses for rental were assigned in Lisboa
2024_11_13_T23:36:34 -  All houses for rental were assigned in Lisboa
2024_11_13_T23:36:34 -  All houses for rental were assigned in Lisboa
2024_11_13_T23:36:34 -  All houses for rental were assigned in Lisboa
2024_11_13_T23:36:34 -  All houses for rental were assigned in Lisboa
2024_11_13_T23:36:34 -  All houses for rental were assigned in Lisboa
2024_11_13_T23:36:34 -  All houses for rental were assigned in Lisboa
2024_11_13_T23:36:34 -  All houses for rental were assigned in Lisboa
2024_11_13_T23:36:34 -  All houses for rental were assigned in Lisboa
2024_11_13_T23:36:34 -  All houses for rental were assigned in Lisboa
2024_11_13_T23:36:34 -  All houses for rental were assigned in Lisboa
2024_11_13_T23:36:34 -  All houses for rental were assigned in Lisboa
2024_11_13_T23:36:34 -  All houses for rental were assigned in Lisboa
2024_11_13_T23:36:34 -  All houses for rental were assigned in Lisboa
2024_11_13_T23:36:34 -  All houses for rental were assigned in Lisboa
2024_11_13_T23:36:34 -  All houses for rental were assigned in Lisboa
2024_11_13_T23:36:34 -  All houses for rental were assigned in Lisboa
2024_11_13_T23:36:34 -  All houses for rental were assigned in Lisboa
2024_11_13_T23:36:34 -  All houses for rental were assigned in Lisboa
2024_11_13_T23:36:34 -  All houses for rental were assigned in Lisboa
2024_11_13_T23:36:34 -  All houses for rental were assigned in Lisboa
2024_11_13_T23:36:34 -  All houses for rental were assigned in Lisboa
2024_11_13_T23:36:34 -  All houses for rental were assigned in Lisboa
2024_11_13_T23:36:34 -  All houses for rental were assigned in Lisboa
2024_11_13_T23:36:34 -  All houses for rental were assigned in Lisboa
2024_11_13_T23:36:34 -  All houses for rental were assigned in Lisboa
2024_11_13_T23:36:34 -  All houses for rental were assigned in Lisboa
2024_11_13_T23:36:34 -  All houses for rental were assigned in Lisboa
2024_11_13_T23:36:34 -  All houses for rental were assigned in Lisboa
2024_11_13_T23:36:34 -  All houses for rental were assigned in Lisboa
2024_11_13_T23:36:34 -  All houses for rental were assigned in Lisboa
2024_11_13_T23:36:34 -  All houses for rental were assigned in Lisboa
2024_11_13_T23:36:34 -  All houses for rental were assigned in Lisboa
2024_11_13_T23:36:34 -  All houses for rental were assigned in Lisboa
2024_11_13_T23:36:34 -  All houses for rental were assigned in Lisboa
2024_11_13_T23:36:34 -  All houses for rental were assigned in Lisboa
2024_11_13_T23:36:34 -  All houses for rental were assigned in Lisboa
2024_11_13_T23:36:34 -  All houses for rental were assigned in Lisboa
2024_11_13_T23:36:34 -  All houses for rental were assigned in Lisboa
2024_11_13_T23:36:34 -  All houses for rental were assigned in Lisboa
2024_11_13_T23:36:34 -  All houses for rental were assigned in Lisboa
2024_11_13_T23:36:34 -  All houses for rental were assigned in Lisboa
2024_11_13_T23:36:34 -  All houses for rental were assigned in Lisboa
2024_11_13_T23:36:34 -  All houses for rental were assigned in Lisboa
2024_11_13_T23:36:34 -  All houses for rental were assigned in Lisboa
2024_11_13_T23:36:34 -  All houses for rental were assigned in Lisboa
2024_11_13_T23:36:34 -  All houses for rental were assigned in Lisboa
2024_11_13_T23:36:34 -  All houses for rental were assigned in Lisboa
2024_11_13_T23:36:34 -  All houses for rental were assigned in Lisboa
2024_11_13_T23:36:34 -  All houses for rental were assigned in Lisboa
2024_11_13_T23:36:34 -  All houses for rental were assigned in Lisboa
2024_11_13_T23:36:34 -  All houses for rental were assigned in Lisboa
2024_11_13_T23:36:34 -  All houses for rental were assigned in Lisboa
2024_11_13_T23:36:34 -  All houses for rental were assigned in Lisboa
2024_11_13_T23:36:34 -  All houses for rental were assigned in Lisboa
2024_11_13_T23:36:34 -  All houses for rental were assigned in Lisboa
2024_11_13_T23:36:34 -  All houses for rental were assigned in Lisboa
2024_11_13_T23:36:34 -  All houses for rental were assigned in Lisboa
2024_11_13_T23:36:34 -  All houses for rental were assigned in Lisboa
2024_11_13_T23:36:34 -  All houses for rental were assigned in Lisboa
2024_11_13_T23:36:34 -  All houses for rental were assigned in Lisboa
2024_11_13_T23:36:34 -  All houses for rental were assigned in Lisboa
2024_11_13_T23:36:34 -  All houses for rental were assigned in Lisboa
2024_11_13_T23:36:34 -  All houses for rental were assigned in Lisboa
2024_11_13_T23:36:34 -  All houses for rental were assigned in Lisboa
2024_11_13_T23:36:34 -  All houses for rental were assigned in Lisboa
2024_11_13_T23:36:34 -  All houses for rental were assigned in Lisboa
2024_11_13_T23:36:34 -  All houses for rental were assigned in Lisboa
2024_11_13_T23:36:34 -  All houses for rental were assigned in Lisboa
2024_11_13_T23:36:34 -  All houses for rental were assigned in Lisboa
2024_11_13_T23:36:34 -  All houses for rental were assigned in Lisboa
2024_11_13_T23:36:34 -  All houses for rental were assigned in Lisboa
2024_11_13_T23:36:34 -  All houses for rental were assigned in Lisboa
2024_11_13_T23:36:34 -  All houses for rental were assigned in Lisboa
2024_11_13_T23:36:34 -  All houses for rental were assigned in Lisboa
2024_11_13_T23:36:34 -  All houses for rental were assigned in Lisboa
2024_11_13_T23:36:34 -  All houses for rental were assigned in Lisboa
2024_11_13_T23:36:34 -  All houses for rental were assigned in Lisboa
2024_11_13_T23:36:34 -  All houses for rental were assigned in Lisboa
2024_11_13_T23:36:34 -  All houses for rental were assigned in Lisboa
2024_11_13_T23:36:34 -  All houses for rental were assigned in Lisboa
2024_11_13_T23:36:34 -  All houses for rental were assigned in Lisboa
2024_11_13_T23:36:34 -  All houses for rental were assigned in Lisboa
2024_11_13_T23:36:34 -  All houses for rental were assigned in Lisboa
2024_11_13_T23:36:34 -  All houses for rental were assigned in Lisboa
2024_11_13_T23:36:34 -  All houses for rental were assigned in Lisboa
2024_11_13_T23:36:34 -  All houses for rental were assigned in Lisboa
2024_11_13_T23:36:34 -  All houses for rental were assigned in Lisboa
2024_11_13_T23:36:34 -  All houses for rental were assigned in Lisboa
2024_11_13_T23:36:34 -  All houses for rental were assigned in Lisboa
2024_11_13_T23:36:34 -  All houses for rental were assigned in Lisboa
2024_11_13_T23:36:34 -  All houses for rental were assigned in Lisboa
2024_11_13_T23:36:34 -  All houses for rental were assigned in Lisboa
2024_11_13_T23:36:34 -  All houses for rental were assigned in Lisboa
2024_11_13_T23:36:34 -  All houses for rental were assigned in Lisboa
2024_11_13_T23:36:34 -  All houses for rental were assigned in Lisboa
2024_11_13_T23:36:34 -  All houses for rental were assigned in Lisboa
2024_11_13_T23:36:34 -  All houses for rental were assigned in Lisboa
2024_11_13_T23:36:34 -  All houses for rental were assigned in Lisboa
2024_11_13_T23:36:34 -  All houses for rental were assigned in Lisboa
2024_11_13_T23:36:34 -  All houses for rental were assigned in Lisboa
2024_11_13_T23:36:34 -  All houses for rental were assigned in Lisboa
2024_11_13_T23:36:34 -  All houses for rental were assigned in Lisboa
2024_11_13_T23:36:34 -  All houses for rental were assigned in Lisboa
2024_11_13_T23:36:34 -  All houses for rental were assigned in Lisboa
2024_11_13_T23:36:34 -  All houses for rental were assigned in Lisboa
2024_11_13_T23:36:34 -  All houses for rental were assigned in Lisboa
2024_11_13_T23:36:34 -  All houses for rental were assigned in Lisboa
2024_11_13_T23:36:34 -  All houses for rental were assigned in Lisboa
2024_11_13_T23:36:34 -  All houses for rental were assigned in Lisboa
2024_11_13_T23:36:34 -  All houses for rental were assigned in Lisboa
2024_11_13_T23:36:34 -  All houses for rental were assigned in Lisboa
2024_11_13_T23:36:34 -  All houses for rental were assigned in Lisboa
2024_11_13_T23:36:34 -  All houses for rental were assigned in Lisboa
2024_11_13_T23:36:34 -  All houses for rental were assigned in Lisboa
2024_11_13_T23:36:34 -  All houses for rental were assigned in Lisboa
2024_11_13_T23:36:34 -  All houses for rental were assigned in Lisboa
2024_11_13_T23:36:34 -  All houses for rental were assigned in Lisboa
2024_11_13_T23:36:34 -  All houses for rental were assigned in Lisboa
2024_11_13_T23:36:34 -  All houses for rental were assigned in Lisboa
2024_11_13_T23:36:34 -  All houses for rental were assigned in Lisboa
2024_11_13_T23:36:34 -  All houses for rental were assigned in Lisboa
2024_11_13_T23:36:34 -  All houses for rental were assigned in Lisboa
2024_11_13_T23:36:34 -  All houses for rental were assigned in Lisboa
2024_11_13_T23:36:34 -  All houses for rental were assigned in Lisboa
2024_11_13_T23:36:34 -  All houses for rental were assigned in Lisboa
2024_11_13_T23:36:34 -  All houses for rental were assigned in Lisboa
2024_11_13_T23:36:34 -  All houses for rental were assigned in Lisboa
2024_11_13_T23:36:34 -  All houses for rental were assigned in Lisboa
2024_11_13_T23:36:34 -  All houses for rental were assigned in Lisboa
2024_11_13_T23:36:34 -  All houses for rental were assigned in Lisboa
2024_11_13_T23:36:34 -  All houses for rental were assigned in Lisboa
2024_11_13_T23:36:34 -  finished assignHousesToHouseholds in 1.5245869159698486 seconds
2024_11_13_T23:36:39 -  Metrics: sum_wealth took 9.5367431640625e-7
2024_11_13_T23:36:40 -  Metrics: wealth_distribution took 5.0067901611328125e-6
2024_11_13_T23:36:40 -  Metrics: money_distribution took 4.0531158447265625e-6
2024_11_13_T23:36:40 -  Metrics: size_distribution took 5.0067901611328125e-6
2024_11_13_T23:36:40 -  Metrics: age_distribution took 5.0067901611328125e-6
2024_11_13_T23:36:42 -  Metrics: sum_wealth took 3.314018249511719e-5
2024_11_13_T23:36:43 -  Metrics: wealth_distribution took 0.0135650634765625
2024_11_13_T23:36:43 -  Metrics: money_distribution took 0.0003669261932373047
2024_11_13_T23:36:43 -  Metrics: size_distribution took 0.008213043212890625
2024_11_13_T23:36:43 -  Metrics: age_distribution took 0.0004229545593261719
2024_11_13_T23:36:46 -  Model step started
2024_11_13_T23:36:46 -  clearHangingSupplies started
2024_11_13_T23:36:46 -  clearHangingSupplies took 0.005496978759765625
2024_11_13_T23:36:46 -  clearHangingRentalSupplies started
2024_11_13_T23:36:46 -  clearHangingRentalSupplies took 0.013276100158691406
2024_11_13_T23:36:46 -  clearHouseMarket started
2024_11_13_T23:36:46 -  clearHouseMarket - first block took 0.3388819694519043
2024_11_13_T23:36:47 -  clearHouseMarket - second block took 0.32679104804992676
2024_11_13_T23:36:47 -  clearHouseMarket - third block took 0.013340950012207031
2024_11_13_T23:36:47 -  clearRentalMarket started
2024_11_13_T23:36:47 -  clearRentalMarket - first block took 0.213148832321167
2024_11_13_T23:36:47 -  clearRentalMarket - second block took 0.06272006034851074
2024_11_13_T23:36:47 -  Model step took 1.4666259288787842 seconds
2024_11_13_T23:36:47 -  Metrics: sum_wealth took 4.1961669921875e-5
2024_11_13_T23:36:47 -  Metrics: wealth_distribution took 0.0003960132598876953
2024_11_13_T23:36:47 -  Metrics: money_distribution took 0.0003399848937988281
2024_11_13_T23:36:47 -  Metrics: size_distribution took 0.0002930164337158203
2024_11_13_T23:36:47 -  Metrics: age_distribution took 0.0003190040588378906
2024_11_13_T23:36:49 -  Model step started
2024_11_13_T23:36:49 -  clearHangingSupplies started
2024_11_13_T23:36:49 -  clearHangingSupplies took 8.106231689453125e-5
2024_11_13_T23:36:49 -  clearHangingRentalSupplies started
2024_11_13_T23:36:49 -  clearHangingRentalSupplies took 2.8133392333984375e-5
2024_11_13_T23:36:49 -  clearHouseMarket started
2024_11_13_T23:36:49 -  clearHouseMarket - first block took 0.05206489562988281
2024_11_13_T23:36:49 -  clearHouseMarket - second block took 0.06070590019226074
2024_11_13_T23:36:49 -  clearHouseMarket - third block took 0.00023317337036132812
2024_11_13_T23:36:49 -  clearRentalMarket started
2024_11_13_T23:36:49 -  clearRentalMarket - first block took 0.004785060882568359
2024_11_13_T23:36:49 -  clearRentalMarket - second block took 0.00019788742065429688
2024_11_13_T23:36:49 -  Pushed house into housesBuiltPerRegion (location,size) = (Lisboa, LessThan50)
2024_11_13_T23:36:49 -  Model step took 0.19999098777770996 seconds
2024_11_13_T23:36:49 -  Metrics: sum_wealth took 4.410743713378906e-5
2024_11_13_T23:36:49 -  Metrics: wealth_distribution took 0.0003790855407714844
2024_11_13_T23:36:49 -  Metrics: money_distribution took 0.0003781318664550781
2024_11_13_T23:36:49 -  Metrics: size_distribution took 0.0003368854522705078
2024_11_13_T23:36:49 -  Metrics: age_distribution took 0.00032210350036621094
2024_11_13_T23:36:51 -  Model step started
2024_11_13_T23:36:51 -  clearHangingSupplies started
2024_11_13_T23:36:51 -  clearHangingSupplies took 6.198883056640625e-5
2024_11_13_T23:36:51 -  clearHangingRentalSupplies started
2024_11_13_T23:36:51 -  clearHangingRentalSupplies took 2.2172927856445312e-5
2024_11_13_T23:36:51 -  clearHouseMarket started
2024_11_13_T23:36:51 -  clearHouseMarket - first block took 0.04665398597717285
2024_11_13_T23:36:51 -  clearHouseMarket - second block took 0.0013589859008789062
2024_11_13_T23:36:51 -  clearHouseMarket - third block took 0.005717039108276367
2024_11_13_T23:36:51 -  clearRentalMarket started
2024_11_13_T23:36:51 -  clearRentalMarket - first block took 0.0058901309967041016
2024_11_13_T23:36:51 -  clearRentalMarket - second block took 0.0001518726348876953
2024_11_13_T23:36:52 -  Model step took 0.06630802154541016 seconds
2024_11_13_T23:36:52 -  Metrics: sum_wealth took 5.3882598876953125e-5
2024_11_13_T23:36:52 -  Metrics: wealth_distribution took 0.00055694580078125
2024_11_13_T23:36:52 -  Metrics: money_distribution took 0.0005810260772705078
2024_11_13_T23:36:52 -  Metrics: size_distribution took 0.0003299713134765625
2024_11_13_T23:36:52 -  Metrics: age_distribution took 0.0004100799560546875
2024_11_13_T23:36:54 -  Model step started
2024_11_13_T23:36:54 -  clearHangingSupplies started
2024_11_13_T23:36:54 -  clearHangingSupplies took 6.29425048828125e-5
2024_11_13_T23:36:54 -  clearHangingRentalSupplies started
2024_11_13_T23:36:54 -  clearHangingRentalSupplies took 2.193450927734375e-5
2024_11_13_T23:36:54 -  clearHouseMarket started
2024_11_13_T23:36:54 -  clearHouseMarket - first block took 0.04026913642883301
2024_11_13_T23:36:54 -  clearHouseMarket - second block took 0.002056121826171875
2024_11_13_T23:36:54 -  clearHouseMarket - third block took 0.00048804283142089844
2024_11_13_T23:36:54 -  clearRentalMarket started
2024_11_13_T23:36:54 -  clearRentalMarket - first block took 0.0031900405883789062
2024_11_13_T23:36:54 -  clearRentalMarket - second block took 5.91278076171875e-5
2024_11_13_T23:36:54 -  Pushed house into housesBuiltPerRegion (location,size) = (Lisboa, LessThan125)
2024_11_13_T23:36:54 -  Model step took 0.05215811729431152 seconds
2024_11_13_T23:36:54 -  Metrics: sum_wealth took 4.696846008300781e-5
2024_11_13_T23:36:54 -  Metrics: wealth_distribution took 0.00033092498779296875
2024_11_13_T23:36:54 -  Metrics: money_distribution took 0.00039505958557128906
2024_11_13_T23:36:54 -  Metrics: size_distribution took 0.000308990478515625
2024_11_13_T23:36:54 -  Metrics: age_distribution took 0.0003159046173095703
2024_11_13_T23:36:56 -  Model step started
2024_11_13_T23:36:56 -  clearHangingSupplies started
2024_11_13_T23:36:56 -  clearHangingSupplies took 0.00010585784912109375
2024_11_13_T23:36:56 -  clearHangingRentalSupplies started
2024_11_13_T23:36:56 -  clearHangingRentalSupplies took 2.7894973754882812e-5
2024_11_13_T23:36:56 -  clearHouseMarket started
2024_11_13_T23:36:56 -  clearHouseMarket - first block took 0.03787398338317871
2024_11_13_T23:36:56 -  clearHouseMarket - second block took 0.002331972122192383
2024_11_13_T23:36:56 -  clearHouseMarket - third block took 0.0003058910369873047
2024_11_13_T23:36:56 -  clearRentalMarket started
2024_11_13_T23:36:56 -  clearRentalMarket - first block took 0.002604961395263672
2024_11_13_T23:36:56 -  clearRentalMarket - second block took 1.5974044799804688e-5
2024_11_13_T23:36:56 -  Model step took 0.050924062728881836 seconds
2024_11_13_T23:36:56 -  Metrics: sum_wealth took 6.699562072753906e-5
2024_11_13_T23:36:56 -  Metrics: wealth_distribution took 0.0003669261932373047
2024_11_13_T23:36:56 -  Metrics: money_distribution took 0.0003409385681152344
2024_11_13_T23:36:56 -  Metrics: size_distribution took 0.0002589225769042969
2024_11_13_T23:36:56 -  Metrics: age_distribution took 0.0003960132598876953
2024_11_13_T23:36:58 -  Model step started
2024_11_13_T23:36:58 -  clearHangingSupplies started
2024_11_13_T23:36:58 -  clearHangingSupplies took 9.608268737792969e-5
2024_11_13_T23:36:58 -  clearHangingRentalSupplies started
2024_11_13_T23:36:58 -  clearHangingRentalSupplies took 3.0994415283203125e-5
2024_11_13_T23:36:58 -  clearHouseMarket started
2024_11_13_T23:36:58 -  clearHouseMarket - first block took 0.041676998138427734
2024_11_13_T23:36:58 -  clearHouseMarket - second block took 0.0014140605926513672
2024_11_13_T23:36:58 -  clearHouseMarket - third block took 0.00015687942504882812
2024_11_13_T23:36:58 -  clearRentalMarket started
2024_11_13_T23:36:58 -  clearRentalMarket - first block took 0.0026950836181640625
2024_11_13_T23:36:58 -  clearRentalMarket - second block took 2.002716064453125e-5
2024_11_13_T23:36:58 -  Model step took 0.05303215980529785 seconds
2024_11_13_T23:36:58 -  Metrics: sum_wealth took 3.3855438232421875e-5
2024_11_13_T23:36:58 -  Metrics: wealth_distribution took 0.0005371570587158203
2024_11_13_T23:36:58 -  Metrics: money_distribution took 0.0003590583801269531
2024_11_13_T23:36:58 -  Metrics: size_distribution took 0.0002880096435546875
2024_11_13_T23:36:58 -  Metrics: age_distribution took 0.00028705596923828125
2024_11_13_T23:37:00 -  Model step started
2024_11_13_T23:37:00 -  clearHangingSupplies started
2024_11_13_T23:37:00 -  clearHangingSupplies took 0.00032901763916015625
2024_11_13_T23:37:00 -  clearHangingRentalSupplies started
2024_11_13_T23:37:00 -  clearHangingRentalSupplies took 2.193450927734375e-5
2024_11_13_T23:37:00 -  clearHouseMarket started
2024_11_13_T23:37:00 -  clearHouseMarket - first block took 0.03599095344543457
2024_11_13_T23:37:00 -  clearHouseMarket - second block took 0.0020580291748046875
2024_11_13_T23:37:00 -  clearHouseMarket - third block took 0.00023102760314941406
2024_11_13_T23:37:00 -  clearRentalMarket started
2024_11_13_T23:37:00 -  clearRentalMarket - first block took 0.0038590431213378906
2024_11_13_T23:37:00 -  clearRentalMarket - second block took 0.00011491775512695312
2024_11_13_T23:37:00 -  Model step took 0.04899406433105469 seconds
2024_11_13_T23:37:00 -  Metrics: sum_wealth took 6.29425048828125e-5
2024_11_13_T23:37:00 -  Metrics: wealth_distribution took 0.00038504600524902344
2024_11_13_T23:37:00 -  Metrics: money_distribution took 0.0005729198455810547
2024_11_13_T23:37:00 -  Metrics: size_distribution took 0.0004210472106933594
2024_11_13_T23:37:00 -  Metrics: age_distribution took 0.00045990943908691406
2024_11_13_T23:37:03 -  Model step started
2024_11_13_T23:37:03 -  clearHangingSupplies started
2024_11_13_T23:37:03 -  clearHangingSupplies took 6.413459777832031e-5
2024_11_13_T23:37:03 -  clearHangingRentalSupplies started
2024_11_13_T23:37:03 -  clearHangingRentalSupplies took 2.193450927734375e-5
2024_11_13_T23:37:03 -  clearHouseMarket started
2024_11_13_T23:37:03 -  clearHouseMarket - first block took 0.034780025482177734
2024_11_13_T23:37:03 -  clearHouseMarket - second block took 0.0012309551239013672
2024_11_13_T23:37:03 -  clearHouseMarket - third block took 0.00014090538024902344
2024_11_13_T23:37:03 -  clearRentalMarket started
2024_11_13_T23:37:03 -  clearRentalMarket - first block took 0.002671957015991211
2024_11_13_T23:37:03 -  clearRentalMarket - second block took 5.316734313964844e-5
2024_11_13_T23:37:03 -  Model step took 0.04434704780578613 seconds
2024_11_13_T23:37:03 -  Metrics: sum_wealth took 2.9087066650390625e-5
2024_11_13_T23:37:03 -  Metrics: wealth_distribution took 0.0003490447998046875
2024_11_13_T23:37:03 -  Metrics: money_distribution took 0.0006279945373535156
2024_11_13_T23:37:03 -  Metrics: size_distribution took 0.00034308433532714844
2024_11_13_T23:37:03 -  Metrics: age_distribution took 0.00034618377685546875
2024_11_13_T23:37:05 -  Model step started
2024_11_13_T23:37:05 -  clearHangingSupplies started
2024_11_13_T23:37:05 -  clearHangingSupplies took 0.00011897087097167969
2024_11_13_T23:37:05 -  clearHangingRentalSupplies started
2024_11_13_T23:37:05 -  clearHangingRentalSupplies took 1.811981201171875e-5
2024_11_13_T23:37:05 -  clearHouseMarket started
2024_11_13_T23:37:05 -  clearHouseMarket - first block took 0.0362238883972168
2024_11_13_T23:37:05 -  clearHouseMarket - second block took 0.001255035400390625
2024_11_13_T23:37:05 -  clearHouseMarket - third block took 0.0001881122589111328
2024_11_13_T23:37:05 -  clearRentalMarket started
2024_11_13_T23:37:05 -  clearRentalMarket - first block took 0.0027289390563964844
2024_11_13_T23:37:05 -  clearRentalMarket - second block took 4.00543212890625e-5
2024_11_13_T23:37:05 -  Model step took 0.04632401466369629 seconds
2024_11_13_T23:37:05 -  Metrics: sum_wealth took 4.100799560546875e-5
2024_11_13_T23:37:05 -  Metrics: wealth_distribution took 0.0003769397735595703
2024_11_13_T23:37:05 -  Metrics: money_distribution took 0.00042891502380371094
2024_11_13_T23:37:05 -  Metrics: size_distribution took 0.0002789497375488281
2024_11_13_T23:37:05 -  Metrics: age_distribution took 0.00028204917907714844
2024_11_13_T23:37:07 -  Model step started
2024_11_13_T23:37:07 -  clearHangingSupplies started
2024_11_13_T23:37:07 -  clearHangingSupplies took 5.5789947509765625e-5
2024_11_13_T23:37:07 -  clearHangingRentalSupplies started
2024_11_13_T23:37:07 -  clearHangingRentalSupplies took 1.5974044799804688e-5
2024_11_13_T23:37:07 -  clearHouseMarket started
2024_11_13_T23:37:07 -  clearHouseMarket - first block took 0.030762195587158203
2024_11_13_T23:37:07 -  clearHouseMarket - second block took 0.0015680789947509766
2024_11_13_T23:37:07 -  clearHouseMarket - third block took 0.0001850128173828125
2024_11_13_T23:37:07 -  clearRentalMarket started
2024_11_13_T23:37:07 -  clearRentalMarket - first block took 0.003116130828857422
2024_11_13_T23:37:07 -  clearRentalMarket - second block took 4.887580871582031e-5
2024_11_13_T23:37:07 -  Model step took 0.04160904884338379 seconds
2024_11_13_T23:37:07 -  Metrics: sum_wealth took 4.38690185546875e-5
2024_11_13_T23:37:07 -  Metrics: wealth_distribution took 0.0003619194030761719
2024_11_13_T23:37:07 -  Metrics: money_distribution took 0.00032806396484375
2024_11_13_T23:37:07 -  Metrics: size_distribution took 0.0002760887145996094
2024_11_13_T23:37:07 -  Metrics: age_distribution took 0.00030994415283203125
2024_11_13_T23:37:10 -  Model step started
2024_11_13_T23:37:10 -  clearHangingSupplies started
2024_11_13_T23:37:10 -  clearHangingSupplies took 5.984306335449219e-5
2024_11_13_T23:37:10 -  clearHangingRentalSupplies started
2024_11_13_T23:37:10 -  clearHangingRentalSupplies took 1.9073486328125e-5
2024_11_13_T23:37:10 -  clearHouseMarket started
2024_11_13_T23:37:10 -  clearHouseMarket - first block took 0.03323197364807129
2024_11_13_T23:37:10 -  clearHouseMarket - second block took 0.0014832019805908203
2024_11_13_T23:37:10 -  clearHouseMarket - third block took 0.00018787384033203125
2024_11_13_T23:37:10 -  clearRentalMarket started
2024_11_13_T23:37:10 -  clearRentalMarket - first block took 0.0037720203399658203
2024_11_13_T23:37:10 -  clearRentalMarket - second block took 5.1021575927734375e-5
2024_11_13_T23:37:10 -  Pushed house into housesBuiltPerRegion (location,size) = (Lisboa, LessThan50)
2024_11_13_T23:37:10 -  Pushed house into housesBuiltPerRegion (location,size) = (Lisboa, More)
2024_11_13_T23:37:10 -  Model step took 0.04625391960144043 seconds
2024_11_13_T23:37:10 -  Metrics: sum_wealth took 6.699562072753906e-5
2024_11_13_T23:37:10 -  Metrics: wealth_distribution took 0.00036787986755371094
2024_11_13_T23:37:10 -  Metrics: money_distribution took 0.00039005279541015625
2024_11_13_T23:37:10 -  Metrics: size_distribution took 0.0002739429473876953
2024_11_13_T23:37:10 -  Metrics: age_distribution took 0.00032782554626464844
2024_11_13_T23:37:12 -  Model step started
2024_11_13_T23:37:12 -  clearHangingSupplies started
2024_11_13_T23:37:12 -  clearHangingSupplies took 0.01336812973022461
2024_11_13_T23:37:12 -  clearHangingRentalSupplies started
2024_11_13_T23:37:12 -  clearHangingRentalSupplies took 0.0001690387725830078
2024_11_13_T23:37:12 -  clearHouseMarket started
2024_11_13_T23:37:12 -  clearHouseMarket - first block took 0.027591943740844727
2024_11_13_T23:37:12 -  clearHouseMarket - second block took 0.0012679100036621094
2024_11_13_T23:37:12 -  clearHouseMarket - third block took 0.0001659393310546875
2024_11_13_T23:37:12 -  clearRentalMarket started
2024_11_13_T23:37:12 -  clearRentalMarket - first block took 0.002577066421508789
2024_11_13_T23:37:12 -  clearRentalMarket - second block took 2.7894973754882812e-5
2024_11_13_T23:37:12 -  Model step took 0.1255490779876709 seconds
2024_11_13_T23:37:12 -  Metrics: sum_wealth took 4.8160552978515625e-5
2024_11_13_T23:37:12 -  Metrics: wealth_distribution took 0.00043201446533203125
2024_11_13_T23:37:12 -  Metrics: money_distribution took 0.0004138946533203125
2024_11_13_T23:37:12 -  Metrics: size_distribution took 0.0002799034118652344
2024_11_13_T23:37:12 -  Metrics: age_distribution took 0.000308990478515625
2024_11_13_T23:37:14 -  Model step started
2024_11_13_T23:37:14 -  clearHangingSupplies started
2024_11_13_T23:37:14 -  clearHangingSupplies took 0.0001239776611328125
2024_11_13_T23:37:14 -  clearHangingRentalSupplies started
2024_11_13_T23:37:14 -  clearHangingRentalSupplies took 0.00010395050048828125
2024_11_13_T23:37:14 -  clearHouseMarket started
2024_11_13_T23:37:14 -  clearHouseMarket - first block took 0.02992701530456543
2024_11_13_T23:37:14 -  clearHouseMarket - second block took 0.0013339519500732422
2024_11_13_T23:37:14 -  clearHouseMarket - third block took 0.00021982192993164062
2024_11_13_T23:37:14 -  clearRentalMarket started
2024_11_13_T23:37:14 -  clearRentalMarket - first block took 0.0021560192108154297
2024_11_13_T23:37:14 -  clearRentalMarket - second block took 5.1021575927734375e-5
2024_11_13_T23:37:14 -  Model step took 0.03929615020751953 seconds
2024_11_13_T23:37:14 -  Metrics: sum_wealth took 3.790855407714844e-5
2024_11_13_T23:37:14 -  Metrics: wealth_distribution took 0.000347137451171875
2024_11_13_T23:37:14 -  Metrics: money_distribution took 0.0003571510314941406
2024_11_13_T23:37:14 -  Metrics: size_distribution took 0.0002880096435546875
2024_11_13_T23:37:14 -  Metrics: age_distribution took 0.00030994415283203125
2024_11_13_T23:37:16 -  Model step started
2024_11_13_T23:37:16 -  clearHangingSupplies started
2024_11_13_T23:37:16 -  clearHangingSupplies took 6.29425048828125e-5
2024_11_13_T23:37:16 -  clearHangingRentalSupplies started
2024_11_13_T23:37:16 -  clearHangingRentalSupplies took 1.4066696166992188e-5
2024_11_13_T23:37:16 -  clearHouseMarket started
2024_11_13_T23:37:16 -  clearHouseMarket - first block took 0.028351783752441406
2024_11_13_T23:37:16 -  clearHouseMarket - second block took 6.29425048828125e-5
2024_11_13_T23:37:16 -  clearHouseMarket - third block took 0.0002460479736328125
2024_11_13_T23:37:16 -  clearRentalMarket started
2024_11_13_T23:37:16 -  clearRentalMarket - first block took 0.0032122135162353516
2024_11_13_T23:37:16 -  clearRentalMarket - second block took 1.811981201171875e-5
2024_11_13_T23:37:16 -  Model step took 0.036843061447143555 seconds
2024_11_13_T23:37:16 -  Metrics: sum_wealth took 3.695487976074219e-5
2024_11_13_T23:37:16 -  Metrics: wealth_distribution took 0.0003998279571533203
2024_11_13_T23:37:16 -  Metrics: money_distribution took 0.00039005279541015625
2024_11_13_T23:37:16 -  Metrics: size_distribution took 0.0003228187561035156
2024_11_13_T23:37:16 -  Metrics: age_distribution took 0.00032520294189453125
2024_11_13_T23:37:18 -  Model step started
2024_11_13_T23:37:18 -  clearHangingSupplies started
2024_11_13_T23:37:18 -  clearHangingSupplies took 6.198883056640625e-5
2024_11_13_T23:37:18 -  clearHangingRentalSupplies started
2024_11_13_T23:37:18 -  clearHangingRentalSupplies took 1.71661376953125e-5
2024_11_13_T23:37:18 -  clearHouseMarket started
2024_11_13_T23:37:18 -  clearHouseMarket - first block took 0.03385305404663086
2024_11_13_T23:37:18 -  clearHouseMarket - second block took 0.0012290477752685547
2024_11_13_T23:37:18 -  clearHouseMarket - third block took 0.0002238750457763672
2024_11_13_T23:37:18 -  clearRentalMarket started
2024_11_13_T23:37:18 -  clearRentalMarket - first block took 0.0022101402282714844
2024_11_13_T23:37:18 -  clearRentalMarket - second block took 2.5033950805664062e-5
2024_11_13_T23:37:18 -  Model step took 0.044129133224487305 seconds
2024_11_13_T23:37:18 -  Metrics: sum_wealth took 5.602836608886719e-5
2024_11_13_T23:37:18 -  Metrics: wealth_distribution took 0.0005700588226318359
2024_11_13_T23:37:18 -  Metrics: money_distribution took 0.00045800209045410156
2024_11_13_T23:37:18 -  Metrics: size_distribution took 0.0003268718719482422
2024_11_13_T23:37:18 -  Metrics: age_distribution took 0.0003209114074707031
2024_11_13_T23:37:20 -  Model step started
2024_11_13_T23:37:20 -  clearHangingSupplies started
2024_11_13_T23:37:20 -  clearHangingSupplies took 5.91278076171875e-5
2024_11_13_T23:37:20 -  clearHangingRentalSupplies started
2024_11_13_T23:37:20 -  clearHangingRentalSupplies took 1.3828277587890625e-5
2024_11_13_T23:37:20 -  clearHouseMarket started
2024_11_13_T23:37:20 -  clearHouseMarket - first block took 0.03134489059448242
2024_11_13_T23:37:20 -  clearHouseMarket - second block took 0.0032279491424560547
2024_11_13_T23:37:20 -  clearHouseMarket - third block took 0.00027298927307128906
2024_11_13_T23:37:20 -  clearRentalMarket started
2024_11_13_T23:37:20 -  clearRentalMarket - first block took 0.002259969711303711
2024_11_13_T23:37:20 -  clearRentalMarket - second block took 4.291534423828125e-5
2024_11_13_T23:37:20 -  Model step took 0.05171489715576172 seconds
2024_11_13_T23:37:20 -  Metrics: sum_wealth took 8.606910705566406e-5
2024_11_13_T23:37:20 -  Metrics: wealth_distribution took 0.0005550384521484375
2024_11_13_T23:37:20 -  Metrics: money_distribution took 0.00045490264892578125
2024_11_13_T23:37:20 -  Metrics: size_distribution took 0.00037097930908203125
2024_11_13_T23:37:20 -  Metrics: age_distribution took 0.0004889965057373047
2024_11_13_T23:37:22 -  Model step started
2024_11_13_T23:37:22 -  clearHangingSupplies started
2024_11_13_T23:37:22 -  clearHangingSupplies took 5.0067901611328125e-5
2024_11_13_T23:37:22 -  clearHangingRentalSupplies started
2024_11_13_T23:37:22 -  clearHangingRentalSupplies took 2.5987625122070312e-5
2024_11_13_T23:37:22 -  clearHouseMarket started
2024_11_13_T23:37:22 -  clearHouseMarket - first block took 0.02759099006652832
2024_11_13_T23:37:22 -  clearHouseMarket - second block took 0.0018169879913330078
2024_11_13_T23:37:22 -  clearHouseMarket - third block took 0.00023794174194335938
2024_11_13_T23:37:22 -  clearRentalMarket started
2024_11_13_T23:37:22 -  clearRentalMarket - first block took 0.001703023910522461
2024_11_13_T23:37:22 -  clearRentalMarket - second block took 1.2159347534179688e-5
2024_11_13_T23:37:22 -  Pushed house into housesBuiltPerRegion (location,size) = (Lisboa, LessThan125)
2024_11_13_T23:37:22 -  Model step took 0.03735208511352539 seconds
2024_11_13_T23:37:22 -  Metrics: sum_wealth took 7.200241088867188e-5
2024_11_13_T23:37:22 -  Metrics: wealth_distribution took 0.0003380775451660156
2024_11_13_T23:37:22 -  Metrics: money_distribution took 0.00038909912109375
2024_11_13_T23:37:22 -  Metrics: size_distribution took 0.0002758502960205078
2024_11_13_T23:37:22 -  Metrics: age_distribution took 0.0003559589385986328
2024_11_13_T23:37:25 -  Model step started
2024_11_13_T23:37:25 -  clearHangingSupplies started
2024_11_13_T23:37:25 -  clearHangingSupplies took 5.507469177246094e-5
2024_11_13_T23:37:25 -  clearHangingRentalSupplies started
2024_11_13_T23:37:25 -  clearHangingRentalSupplies took 1.3828277587890625e-5
2024_11_13_T23:37:25 -  clearHouseMarket started
2024_11_13_T23:37:25 -  clearHouseMarket - first block took 0.027955055236816406
2024_11_13_T23:37:25 -  clearHouseMarket - second block took 0.0018129348754882812
2024_11_13_T23:37:25 -  clearHouseMarket - third block took 0.0002658367156982422
2024_11_13_T23:37:25 -  clearRentalMarket started
2024_11_13_T23:37:25 -  clearRentalMarket - first block took 0.0065250396728515625
2024_11_13_T23:37:25 -  clearRentalMarket - second block took 1.621246337890625e-5
2024_11_13_T23:37:25 -  Model step took 0.042765140533447266 seconds
2024_11_13_T23:37:25 -  Metrics: sum_wealth took 3.600120544433594e-5
2024_11_13_T23:37:25 -  Metrics: wealth_distribution took 0.0003619194030761719
2024_11_13_T23:37:25 -  Metrics: money_distribution took 0.00033402442932128906
2024_11_13_T23:37:25 -  Metrics: size_distribution took 0.0003809928894042969
2024_11_13_T23:37:25 -  Metrics: age_distribution took 0.0003039836883544922
2024_11_13_T23:37:27 -  Model step started
2024_11_13_T23:37:27 -  clearHangingSupplies started
2024_11_13_T23:37:27 -  clearHangingSupplies took 5.0067901611328125e-5
2024_11_13_T23:37:27 -  clearHangingRentalSupplies started
2024_11_13_T23:37:27 -  clearHangingRentalSupplies took 1.4066696166992188e-5
2024_11_13_T23:37:27 -  clearHouseMarket started
2024_11_13_T23:37:27 -  clearHouseMarket - first block took 0.023748159408569336
2024_11_13_T23:37:27 -  clearHouseMarket - second block took 0.002132892608642578
2024_11_13_T23:37:27 -  clearHouseMarket - third block took 0.0002090930938720703
2024_11_13_T23:37:27 -  clearRentalMarket started
2024_11_13_T23:37:27 -  clearRentalMarket - first block took 0.0019290447235107422
2024_11_13_T23:37:27 -  clearRentalMarket - second block took 7.104873657226562e-5
2024_11_13_T23:37:27 -  Model step took 0.03570914268493652 seconds
2024_11_13_T23:37:27 -  Metrics: sum_wealth took 3.790855407714844e-5
2024_11_13_T23:37:27 -  Metrics: wealth_distribution took 0.00043010711669921875
2024_11_13_T23:37:27 -  Metrics: money_distribution took 0.0003581047058105469
2024_11_13_T23:37:27 -  Metrics: size_distribution took 0.00034809112548828125
2024_11_13_T23:37:27 -  Metrics: age_distribution took 0.00034880638122558594
2024_11_13_T23:37:29 -  Model step started
2024_11_13_T23:37:29 -  clearHangingSupplies started
2024_11_13_T23:37:29 -  clearHangingSupplies took 5.698204040527344e-5
2024_11_13_T23:37:29 -  clearHangingRentalSupplies started
2024_11_13_T23:37:29 -  clearHangingRentalSupplies took 1.2874603271484375e-5
2024_11_13_T23:37:29 -  clearHouseMarket started
2024_11_13_T23:37:29 -  clearHouseMarket - first block took 0.027931928634643555
2024_11_13_T23:37:29 -  clearHouseMarket - second block took 0.0019168853759765625
2024_11_13_T23:37:29 -  clearHouseMarket - third block took 0.0002090930938720703
2024_11_13_T23:37:29 -  clearRentalMarket started
2024_11_13_T23:37:29 -  clearRentalMarket - first block took 0.0023758411407470703
2024_11_13_T23:37:29 -  clearRentalMarket - second block took 4.792213439941406e-5
2024_11_13_T23:37:29 -  Model step took 0.04294109344482422 seconds
2024_11_13_T23:37:29 -  Metrics: sum_wealth took 3.886222839355469e-5
2024_11_13_T23:37:29 -  Metrics: wealth_distribution took 0.0004138946533203125
2024_11_13_T23:37:29 -  Metrics: money_distribution took 0.0003809928894042969
2024_11_13_T23:37:29 -  Metrics: size_distribution took 0.0003190040588378906
2024_11_13_T23:37:29 -  Metrics: age_distribution took 0.0003349781036376953
2024_11_13_T23:37:31 -  Model step started
2024_11_13_T23:37:31 -  clearHangingSupplies started
2024_11_13_T23:37:31 -  clearHangingSupplies took 6.794929504394531e-5
2024_11_13_T23:37:31 -  clearHangingRentalSupplies started
2024_11_13_T23:37:31 -  clearHangingRentalSupplies took 1.2874603271484375e-5
2024_11_13_T23:37:31 -  clearHouseMarket started
2024_11_13_T23:37:31 -  clearHouseMarket - first block took 0.024810075759887695
2024_11_13_T23:37:31 -  clearHouseMarket - second block took 0.0025110244750976562
2024_11_13_T23:37:31 -  clearHouseMarket - third block took 0.0002129077911376953
2024_11_13_T23:37:31 -  clearRentalMarket started
2024_11_13_T23:37:31 -  clearRentalMarket - first block took 0.002110004425048828
2024_11_13_T23:37:31 -  clearRentalMarket - second block took 1.71661376953125e-5
2024_11_13_T23:37:31 -  Model step took 0.036891937255859375 seconds
2024_11_13_T23:37:31 -  Metrics: sum_wealth took 6.890296936035156e-5
2024_11_13_T23:37:31 -  Metrics: wealth_distribution took 0.00038886070251464844
2024_11_13_T23:37:31 -  Metrics: money_distribution took 0.00034117698669433594
2024_11_13_T23:37:31 -  Metrics: size_distribution took 0.00025081634521484375
2024_11_13_T23:37:31 -  Metrics: age_distribution took 0.00032210350036621094
2024_11_13_T23:37:33 -  Model step started
2024_11_13_T23:37:33 -  clearHangingSupplies started
2024_11_13_T23:37:33 -  clearHangingSupplies took 4.792213439941406e-5
2024_11_13_T23:37:33 -  clearHangingRentalSupplies started
2024_11_13_T23:37:33 -  clearHangingRentalSupplies took 1.4066696166992188e-5
2024_11_13_T23:37:33 -  clearHouseMarket started
2024_11_13_T23:37:33 -  clearHouseMarket - first block took 0.01981496810913086
2024_11_13_T23:37:33 -  clearHouseMarket - second block took 0.0015540122985839844
2024_11_13_T23:37:33 -  clearHouseMarket - third block took 0.00016689300537109375
2024_11_13_T23:37:33 -  clearRentalMarket started
2024_11_13_T23:37:33 -  clearRentalMarket - first block took 0.0017321109771728516
2024_11_13_T23:37:33 -  clearRentalMarket - second block took 2.193450927734375e-5
2024_11_13_T23:37:33 -  Model step took 0.028970003128051758 seconds
2024_11_13_T23:37:33 -  Metrics: sum_wealth took 4.00543212890625e-5
2024_11_13_T23:37:33 -  Metrics: wealth_distribution took 0.00035381317138671875
2024_11_13_T23:37:33 -  Metrics: money_distribution took 0.00041604042053222656
2024_11_13_T23:37:33 -  Metrics: size_distribution took 0.0002739429473876953
2024_11_13_T23:37:33 -  Metrics: age_distribution took 0.00032901763916015625
2024_11_13_T23:37:35 -  Model step started
2024_11_13_T23:37:35 -  clearHangingSupplies started
2024_11_13_T23:37:35 -  clearHangingSupplies took 7.987022399902344e-5
2024_11_13_T23:37:35 -  clearHangingRentalSupplies started
2024_11_13_T23:37:35 -  clearHangingRentalSupplies took 2.193450927734375e-5
2024_11_13_T23:37:35 -  clearHouseMarket started
2024_11_13_T23:37:35 -  clearHouseMarket - first block took 0.022238969802856445
2024_11_13_T23:37:35 -  clearHouseMarket - second block took 0.0013918876647949219
2024_11_13_T23:37:35 -  clearHouseMarket - third block took 0.0007910728454589844
2024_11_13_T23:37:35 -  clearRentalMarket started
2024_11_13_T23:37:35 -  clearRentalMarket - first block took 0.0016241073608398438
2024_11_13_T23:37:35 -  clearRentalMarket - second block took 1.5974044799804688e-5
2024_11_13_T23:37:35 -  Model step took 0.03205108642578125 seconds
2024_11_13_T23:37:35 -  Metrics: sum_wealth took 3.2901763916015625e-5
2024_11_13_T23:37:35 -  Metrics: wealth_distribution took 0.0003809928894042969
2024_11_13_T23:37:35 -  Metrics: money_distribution took 0.0003459453582763672
2024_11_13_T23:37:35 -  Metrics: size_distribution took 0.0002751350402832031
2024_11_13_T23:37:35 -  Metrics: age_distribution took 0.0003159046173095703
2024_11_13_T23:37:37 -  Model step started
2024_11_13_T23:37:37 -  clearHangingSupplies started
2024_11_13_T23:37:37 -  clearHangingSupplies took 0.00013399124145507812
2024_11_13_T23:37:37 -  clearHangingRentalSupplies started
2024_11_13_T23:37:37 -  clearHangingRentalSupplies took 1.3113021850585938e-5
2024_11_13_T23:37:37 -  clearHouseMarket started
2024_11_13_T23:37:37 -  clearHouseMarket - first block took 0.02168893814086914
2024_11_13_T23:37:37 -  clearHouseMarket - second block took 0.0010440349578857422
2024_11_13_T23:37:37 -  clearHouseMarket - third block took 0.0001518726348876953
2024_11_13_T23:37:37 -  clearRentalMarket started
2024_11_13_T23:37:37 -  clearRentalMarket - first block took 0.0017540454864501953
2024_11_13_T23:37:37 -  clearRentalMarket - second block took 5.0067901611328125e-5
2024_11_13_T23:37:37 -  Model step took 0.03288006782531738 seconds
2024_11_13_T23:37:37 -  Metrics: sum_wealth took 7.915496826171875e-5
2024_11_13_T23:37:37 -  Metrics: wealth_distribution took 0.0003910064697265625
2024_11_13_T23:37:37 -  Metrics: money_distribution took 0.0003647804260253906
2024_11_13_T23:37:37 -  Metrics: size_distribution took 0.0002760887145996094
2024_11_13_T23:37:37 -  Metrics: age_distribution took 0.00032806396484375
