2024_11_13_T17:15:03 -  finished initateHouses in 0.8623559474945068 seconds
2024_11_13_T17:15:03 -  finished initiateHouseholds in 1.0840928554534912 seconds
2024_11_13_T17:15:03 -  All houses for rental were assigned in Amadora
2024_11_13_T17:15:03 -  All houses for rental were assigned in Amadora
2024_11_13_T17:15:03 -  All houses for rental were assigned in Amadora
2024_11_13_T17:15:03 -  All houses for rental were assigned in Amadora
2024_11_13_T17:15:03 -  All houses for rental were assigned in Amadora
2024_11_13_T17:15:03 -  All houses for rental were assigned in Amadora
2024_11_13_T17:15:03 -  All houses for rental were assigned in Amadora
2024_11_13_T17:15:03 -  All houses for rental were assigned in Amadora
2024_11_13_T17:15:03 -  All houses for rental were assigned in Amadora
2024_11_13_T17:15:03 -  All houses for rental were assigned in Amadora
2024_11_13_T17:15:03 -  All houses for rental were assigned in Amadora
2024_11_13_T17:15:03 -  All houses for rental were assigned in Amadora
2024_11_13_T17:15:03 -  All houses for rental were assigned in Amadora
2024_11_13_T17:15:03 -  All houses for rental were assigned in Amadora
2024_11_13_T17:15:03 -  All houses for rental were assigned in Amadora
2024_11_13_T17:15:03 -  All houses for rental were assigned in Amadora
2024_11_13_T17:15:03 -  All houses for rental were assigned in Amadora
2024_11_13_T17:15:03 -  All houses for rental were assigned in Amadora
2024_11_13_T17:15:03 -  All houses for rental were assigned in Amadora
2024_11_13_T17:15:03 -  All houses for rental were assigned in Amadora
2024_11_13_T17:15:03 -  All houses for rental were assigned in Amadora
2024_11_13_T17:15:03 -  All houses for rental were assigned in Amadora
2024_11_13_T17:15:03 -  All houses for rental were assigned in Amadora
2024_11_13_T17:15:03 -  All houses for rental were assigned in Amadora
2024_11_13_T17:15:03 -  All houses for rental were assigned in Amadora
2024_11_13_T17:15:03 -  All houses for rental were assigned in Amadora
2024_11_13_T17:15:03 -  All houses for rental were assigned in Amadora
2024_11_13_T17:15:03 -  All houses for rental were assigned in Amadora
2024_11_13_T17:15:03 -  All houses for rental were assigned in Amadora
2024_11_13_T17:15:03 -  All houses for rental were assigned in Amadora
2024_11_13_T17:15:03 -  All houses for rental were assigned in Amadora
2024_11_13_T17:15:03 -  All houses for rental were assigned in Amadora
2024_11_13_T17:15:03 -  All houses for rental were assigned in Amadora
2024_11_13_T17:15:03 -  All houses for rental were assigned in Amadora
2024_11_13_T17:15:03 -  All houses for rental were assigned in Amadora
2024_11_13_T17:15:03 -  All houses for rental were assigned in Amadora
2024_11_13_T17:15:03 -  All houses for rental were assigned in Amadora
2024_11_13_T17:15:03 -  All houses for rental were assigned in Amadora
2024_11_13_T17:15:03 -  All houses for rental were assigned in Amadora
2024_11_13_T17:15:03 -  All houses for rental were assigned in Amadora
2024_11_13_T17:15:03 -  All houses for rental were assigned in Amadora
2024_11_13_T17:15:03 -  All houses for rental were assigned in Amadora
2024_11_13_T17:15:03 -  All houses for rental were assigned in Amadora
2024_11_13_T17:15:03 -  All houses for rental were assigned in Amadora
2024_11_13_T17:15:03 -  All houses for rental were assigned in Amadora
2024_11_13_T17:15:03 -  All houses for rental were assigned in Amadora
2024_11_13_T17:15:03 -  All houses for rental were assigned in Amadora
2024_11_13_T17:15:03 -  All houses for rental were assigned in Amadora
2024_11_13_T17:15:03 -  All houses for rental were assigned in Amadora
2024_11_13_T17:15:03 -  All houses for rental were assigned in Amadora
2024_11_13_T17:15:03 -  All houses for rental were assigned in Amadora
2024_11_13_T17:15:03 -  All houses for rental were assigned in Amadora
2024_11_13_T17:15:03 -  All houses for rental were assigned in Amadora
2024_11_13_T17:15:03 -  All houses for rental were assigned in Amadora
2024_11_13_T17:15:03 -  All houses for rental were assigned in Amadora
2024_11_13_T17:15:03 -  All houses for rental were assigned in Amadora
2024_11_13_T17:15:03 -  All houses for rental were assigned in Amadora
2024_11_13_T17:15:03 -  All houses for rental were assigned in Amadora
2024_11_13_T17:15:03 -  All houses for rental were assigned in Amadora
2024_11_13_T17:15:03 -  All houses for rental were assigned in Amadora
2024_11_13_T17:15:03 -  All houses for rental were assigned in Amadora
2024_11_13_T17:15:03 -  All houses for rental were assigned in Amadora
2024_11_13_T17:15:03 -  All houses for rental were assigned in Amadora
2024_11_13_T17:15:03 -  All houses for rental were assigned in Amadora
2024_11_13_T17:15:03 -  All houses for rental were assigned in Amadora
2024_11_13_T17:15:03 -  All houses for rental were assigned in Amadora
2024_11_13_T17:15:03 -  All houses for rental were assigned in Amadora
2024_11_13_T17:15:03 -  All houses for rental were assigned in Amadora
2024_11_13_T17:15:03 -  All houses for rental were assigned in Amadora
2024_11_13_T17:15:03 -  All houses for rental were assigned in Amadora
2024_11_13_T17:15:03 -  All houses for rental were assigned in Amadora
2024_11_13_T17:15:03 -  All houses for rental were assigned in Amadora
2024_11_13_T17:15:03 -  All houses for rental were assigned in Amadora
2024_11_13_T17:15:03 -  All houses for rental were assigned in Amadora
2024_11_13_T17:15:03 -  All houses for rental were assigned in Amadora
2024_11_13_T17:15:03 -  All houses for rental were assigned in Amadora
2024_11_13_T17:15:03 -  All houses for rental were assigned in Amadora
2024_11_13_T17:15:03 -  All houses for rental were assigned in Amadora
2024_11_13_T17:15:03 -  All houses for rental were assigned in Amadora
2024_11_13_T17:15:03 -  All houses for rental were assigned in Amadora
2024_11_13_T17:15:03 -  All houses for rental were assigned in Amadora
2024_11_13_T17:15:03 -  All houses for rental were assigned in Amadora
2024_11_13_T17:15:03 -  All houses for rental were assigned in Amadora
2024_11_13_T17:15:03 -  All houses for rental were assigned in Amadora
2024_11_13_T17:15:03 -  All houses for rental were assigned in Amadora
2024_11_13_T17:15:03 -  All houses for rental were assigned in Amadora
2024_11_13_T17:15:03 -  All houses for rental were assigned in Amadora
2024_11_13_T17:15:03 -  All houses for rental were assigned in Amadora
2024_11_13_T17:15:03 -  All houses for rental were assigned in Amadora
2024_11_13_T17:15:03 -  All houses for rental were assigned in Amadora
2024_11_13_T17:15:03 -  All houses for rental were assigned in Amadora
2024_11_13_T17:15:03 -  All houses for rental were assigned in Amadora
2024_11_13_T17:15:03 -  All houses for rental were assigned in Amadora
2024_11_13_T17:15:03 -  All houses for rental were assigned in Amadora
2024_11_13_T17:15:03 -  All houses for rental were assigned in Amadora
2024_11_13_T17:15:03 -  All houses for rental were assigned in Amadora
2024_11_13_T17:15:03 -  All houses for rental were assigned in Amadora
2024_11_13_T17:15:03 -  All houses for rental were assigned in Amadora
2024_11_13_T17:15:03 -  All houses for rental were assigned in Amadora
2024_11_13_T17:15:03 -  All houses for rental were assigned in Amadora
2024_11_13_T17:15:03 -  All houses for rental were assigned in Amadora
2024_11_13_T17:15:03 -  All houses for rental were assigned in Amadora
2024_11_13_T17:15:03 -  All houses for rental were assigned in Amadora
2024_11_13_T17:15:03 -  All houses for rental were assigned in Amadora
2024_11_13_T17:15:03 -  All houses for rental were assigned in Amadora
2024_11_13_T17:15:03 -  All houses for rental were assigned in Amadora
2024_11_13_T17:15:03 -  All houses for rental were assigned in Amadora
2024_11_13_T17:15:03 -  All houses for rental were assigned in Amadora
2024_11_13_T17:15:03 -  All houses for rental were assigned in Amadora
2024_11_13_T17:15:03 -  All houses for rental were assigned in Amadora
2024_11_13_T17:15:03 -  All houses for rental were assigned in Amadora
2024_11_13_T17:15:03 -  All houses for rental were assigned in Amadora
2024_11_13_T17:15:03 -  All houses for rental were assigned in Amadora
2024_11_13_T17:15:03 -  All houses for rental were assigned in Amadora
2024_11_13_T17:15:03 -  All houses for rental were assigned in Amadora
2024_11_13_T17:15:03 -  All houses for rental were assigned in Amadora
2024_11_13_T17:15:03 -  All houses for rental were assigned in Amadora
2024_11_13_T17:15:03 -  All houses for rental were assigned in Amadora
2024_11_13_T17:15:03 -  All houses for rental were assigned in Amadora
2024_11_13_T17:15:03 -  All houses for rental were assigned in Amadora
2024_11_13_T17:15:03 -  All houses for rental were assigned in Amadora
2024_11_13_T17:15:03 -  All houses for rental were assigned in Amadora
2024_11_13_T17:15:03 -  All houses for rental were assigned in Amadora
2024_11_13_T17:15:03 -  All houses for rental were assigned in Amadora
2024_11_13_T17:15:03 -  All houses for rental were assigned in Amadora
2024_11_13_T17:15:03 -  All houses for rental were assigned in Amadora
2024_11_13_T17:15:03 -  All houses for rental were assigned in Amadora
2024_11_13_T17:15:03 -  All houses for rental were assigned in Amadora
2024_11_13_T17:15:03 -  All houses for rental were assigned in Amadora
2024_11_13_T17:15:03 -  All houses for rental were assigned in Amadora
2024_11_13_T17:15:03 -  All houses for rental were assigned in Amadora
2024_11_13_T17:15:03 -  All houses for rental were assigned in Amadora
2024_11_13_T17:15:03 -  All houses for rental were assigned in Amadora
2024_11_13_T17:15:03 -  All houses for rental were assigned in Amadora
2024_11_13_T17:15:03 -  All houses for rental were assigned in Amadora
2024_11_13_T17:15:03 -  All houses for rental were assigned in Amadora
2024_11_13_T17:15:03 -  All houses for rental were assigned in Amadora
2024_11_13_T17:15:03 -  All home owners were assigned in Amadora
2024_11_13_T17:15:03 -  All home owners were assigned in Amadora
2024_11_13_T17:15:03 -  All home owners were assigned in Amadora
2024_11_13_T17:15:03 -  All home owners were assigned in Amadora
2024_11_13_T17:15:03 -  All home owners were assigned in Amadora
2024_11_13_T17:15:03 -  All home owners were assigned in Amadora
2024_11_13_T17:15:03 -  All home owners were assigned in Amadora
2024_11_13_T17:15:03 -  All home owners were assigned in Amadora
2024_11_13_T17:15:03 -  All home owners were assigned in Amadora
2024_11_13_T17:15:03 -  All home owners were assigned in Amadora
2024_11_13_T17:15:03 -  All home owners were assigned in Amadora
2024_11_13_T17:15:03 -  All home owners were assigned in Amadora
2024_11_13_T17:15:03 -  All home owners were assigned in Amadora
2024_11_13_T17:15:03 -  All home owners were assigned in Amadora
2024_11_13_T17:15:03 -  All home owners were assigned in Amadora
2024_11_13_T17:15:03 -  All home owners were assigned in Amadora
2024_11_13_T17:15:03 -  All home owners were assigned in Amadora
2024_11_13_T17:15:03 -  All home owners were assigned in Amadora
2024_11_13_T17:15:03 -  All home owners were assigned in Amadora
2024_11_13_T17:15:03 -  All home owners were assigned in Amadora
2024_11_13_T17:15:03 -  All home owners were assigned in Amadora
2024_11_13_T17:15:03 -  All home owners were assigned in Amadora
2024_11_13_T17:15:03 -  All home owners were assigned in Amadora
2024_11_13_T17:15:03 -  All home owners were assigned in Amadora
2024_11_13_T17:15:03 -  All home owners were assigned in Amadora
2024_11_13_T17:15:03 -  All home owners were assigned in Amadora
2024_11_13_T17:15:03 -  All home owners were assigned in Amadora
2024_11_13_T17:15:03 -  All home owners were assigned in Amadora
2024_11_13_T17:15:03 -  All home owners were assigned in Amadora
2024_11_13_T17:15:03 -  All home owners were assigned in Amadora
2024_11_13_T17:15:03 -  All home owners were assigned in Amadora
2024_11_13_T17:15:03 -  All home owners were assigned in Amadora
2024_11_13_T17:15:03 -  All home owners were assigned in Amadora
2024_11_13_T17:15:03 -  All home owners were assigned in Amadora
2024_11_13_T17:15:03 -  All home owners were assigned in Amadora
2024_11_13_T17:15:03 -  All home owners were assigned in Amadora
2024_11_13_T17:15:03 -  All home owners were assigned in Amadora
2024_11_13_T17:15:03 -  All home owners were assigned in Amadora
2024_11_13_T17:15:03 -  All home owners were assigned in Amadora
2024_11_13_T17:15:03 -  All home owners were assigned in Amadora
2024_11_13_T17:15:03 -  All home owners were assigned in Amadora
2024_11_13_T17:15:03 -  All home owners were assigned in Amadora
2024_11_13_T17:15:03 -  All home owners were assigned in Amadora
2024_11_13_T17:15:03 -  All home owners were assigned in Amadora
2024_11_13_T17:15:03 -  All home owners were assigned in Amadora
2024_11_13_T17:15:03 -  All home owners were assigned in Amadora
2024_11_13_T17:15:03 -  All home owners were assigned in Amadora
2024_11_13_T17:15:03 -  All home owners were assigned in Amadora
2024_11_13_T17:15:03 -  All home owners were assigned in Amadora
2024_11_13_T17:15:03 -  All home owners were assigned in Amadora
2024_11_13_T17:15:03 -  All home owners were assigned in Amadora
2024_11_13_T17:15:03 -  All home owners were assigned in Amadora
2024_11_13_T17:15:03 -  All home owners were assigned in Amadora
2024_11_13_T17:15:03 -  All home owners were assigned in Amadora
2024_11_13_T17:15:03 -  All home owners were assigned in Amadora
2024_11_13_T17:15:03 -  All home owners were assigned in Amadora
2024_11_13_T17:15:03 -  All home owners were assigned in Amadora
2024_11_13_T17:15:03 -  All home owners were assigned in Amadora
2024_11_13_T17:15:03 -  All home owners were assigned in Amadora
2024_11_13_T17:15:03 -  All home owners were assigned in Amadora
2024_11_13_T17:15:03 -  All home owners were assigned in Amadora
2024_11_13_T17:15:03 -  All home owners were assigned in Amadora
2024_11_13_T17:15:03 -  All home owners were assigned in Amadora
2024_11_13_T17:15:03 -  All home owners were assigned in Amadora
2024_11_13_T17:15:03 -  All home owners were assigned in Amadora
2024_11_13_T17:15:03 -  All home owners were assigned in Amadora
2024_11_13_T17:15:03 -  All home owners were assigned in Amadora
2024_11_13_T17:15:03 -  All home owners were assigned in Amadora
2024_11_13_T17:15:03 -  All home owners were assigned in Amadora
2024_11_13_T17:15:03 -  All home owners were assigned in Amadora
2024_11_13_T17:15:03 -  All home owners were assigned in Amadora
2024_11_13_T17:15:03 -  All home owners were assigned in Amadora
2024_11_13_T17:15:03 -  All home owners were assigned in Amadora
2024_11_13_T17:15:03 -  All home owners were assigned in Amadora
2024_11_13_T17:15:03 -  All home owners were assigned in Amadora
2024_11_13_T17:15:03 -  All home owners were assigned in Amadora
2024_11_13_T17:15:03 -  All home owners were assigned in Amadora
2024_11_13_T17:15:03 -  All home owners were assigned in Amadora
2024_11_13_T17:15:03 -  All home owners were assigned in Amadora
2024_11_13_T17:15:03 -  All home owners were assigned in Amadora
2024_11_13_T17:15:03 -  All home owners were assigned in Amadora
2024_11_13_T17:15:03 -  All home owners were assigned in Amadora
2024_11_13_T17:15:03 -  All home owners were assigned in Amadora
2024_11_13_T17:15:03 -  All home owners were assigned in Amadora
2024_11_13_T17:15:03 -  All home owners were assigned in Amadora
2024_11_13_T17:15:03 -  All home owners were assigned in Amadora
2024_11_13_T17:15:03 -  All home owners were assigned in Amadora
2024_11_13_T17:15:03 -  All home owners were assigned in Amadora
2024_11_13_T17:15:03 -  All home owners were assigned in Amadora
2024_11_13_T17:15:03 -  All home owners were assigned in Amadora
2024_11_13_T17:15:03 -  All home owners were assigned in Amadora
2024_11_13_T17:15:03 -  All home owners were assigned in Amadora
2024_11_13_T17:15:03 -  All home owners were assigned in Amadora
2024_11_13_T17:15:03 -  All home owners were assigned in Amadora
2024_11_13_T17:15:03 -  All home owners were assigned in Amadora
2024_11_13_T17:15:03 -  All home owners were assigned in Amadora
2024_11_13_T17:15:03 -  All home owners were assigned in Amadora
2024_11_13_T17:15:03 -  All home owners were assigned in Amadora
2024_11_13_T17:15:03 -  All home owners were assigned in Amadora
2024_11_13_T17:15:03 -  All home owners were assigned in Amadora
2024_11_13_T17:15:03 -  All home owners were assigned in Amadora
2024_11_13_T17:15:03 -  All home owners were assigned in Amadora
2024_11_13_T17:15:03 -  All home owners were assigned in Amadora
2024_11_13_T17:15:03 -  All home owners were assigned in Amadora
2024_11_13_T17:15:03 -  All home owners were assigned in Amadora
2024_11_13_T17:15:03 -  All home owners were assigned in Amadora
2024_11_13_T17:15:03 -  All home owners were assigned in Amadora
2024_11_13_T17:15:03 -  All home owners were assigned in Amadora
2024_11_13_T17:15:03 -  All home owners were assigned in Amadora
2024_11_13_T17:15:03 -  All home owners were assigned in Amadora
2024_11_13_T17:15:03 -  All home owners were assigned in Amadora
2024_11_13_T17:15:03 -  All home owners were assigned in Amadora
2024_11_13_T17:15:03 -  All home owners were assigned in Amadora
2024_11_13_T17:15:03 -  All home owners were assigned in Amadora
2024_11_13_T17:15:03 -  All home owners were assigned in Amadora
2024_11_13_T17:15:03 -  All home owners were assigned in Amadora
2024_11_13_T17:15:03 -  All home owners were assigned in Amadora
2024_11_13_T17:15:03 -  All home owners were assigned in Amadora
2024_11_13_T17:15:03 -  All home owners were assigned in Amadora
2024_11_13_T17:15:03 -  All home owners were assigned in Amadora
2024_11_13_T17:15:03 -  All home owners were assigned in Amadora
2024_11_13_T17:15:03 -  All home owners were assigned in Amadora
2024_11_13_T17:15:03 -  All home owners were assigned in Amadora
2024_11_13_T17:15:03 -  All home owners were assigned in Amadora
2024_11_13_T17:15:03 -  All home owners were assigned in Amadora
2024_11_13_T17:15:03 -  All home owners were assigned in Amadora
2024_11_13_T17:15:03 -  All home owners were assigned in Amadora
2024_11_13_T17:15:03 -  All home owners were assigned in Amadora
2024_11_13_T17:15:03 -  All home owners were assigned in Amadora
2024_11_13_T17:15:03 -  All home owners were assigned in Amadora
2024_11_13_T17:15:03 -  All home owners were assigned in Amadora
2024_11_13_T17:15:03 -  All home owners were assigned in Amadora
2024_11_13_T17:15:03 -  All home owners were assigned in Amadora
2024_11_13_T17:15:03 -  All home owners were assigned in Amadora
2024_11_13_T17:15:03 -  All home owners were assigned in Amadora
2024_11_13_T17:15:03 -  All houses for rental were assigned in Cascais
2024_11_13_T17:15:03 -  All houses for rental were assigned in Cascais
2024_11_13_T17:15:03 -  All houses for rental were assigned in Cascais
2024_11_13_T17:15:03 -  All houses for rental were assigned in Cascais
2024_11_13_T17:15:03 -  All houses for rental were assigned in Cascais
2024_11_13_T17:15:03 -  All houses for rental were assigned in Cascais
2024_11_13_T17:15:03 -  All houses for rental were assigned in Cascais
2024_11_13_T17:15:03 -  All houses for rental were assigned in Cascais
2024_11_13_T17:15:03 -  All houses for rental were assigned in Cascais
2024_11_13_T17:15:03 -  All houses for rental were assigned in Cascais
2024_11_13_T17:15:03 -  All houses for rental were assigned in Cascais
2024_11_13_T17:15:03 -  All houses for rental were assigned in Cascais
2024_11_13_T17:15:03 -  All houses for rental were assigned in Cascais
2024_11_13_T17:15:03 -  All houses for rental were assigned in Cascais
2024_11_13_T17:15:03 -  All houses for rental were assigned in Cascais
2024_11_13_T17:15:03 -  All houses for rental were assigned in Cascais
2024_11_13_T17:15:03 -  All houses for rental were assigned in Cascais
2024_11_13_T17:15:03 -  All houses for rental were assigned in Cascais
2024_11_13_T17:15:03 -  All houses for rental were assigned in Cascais
2024_11_13_T17:15:03 -  All houses for rental were assigned in Cascais
2024_11_13_T17:15:03 -  All houses for rental were assigned in Cascais
2024_11_13_T17:15:03 -  All houses for rental were assigned in Cascais
2024_11_13_T17:15:03 -  All houses for rental were assigned in Cascais
2024_11_13_T17:15:03 -  All houses for rental were assigned in Cascais
2024_11_13_T17:15:03 -  All houses for rental were assigned in Cascais
2024_11_13_T17:15:03 -  All houses for rental were assigned in Cascais
2024_11_13_T17:15:03 -  All houses for rental were assigned in Cascais
2024_11_13_T17:15:03 -  All houses for rental were assigned in Cascais
2024_11_13_T17:15:03 -  All houses for rental were assigned in Cascais
2024_11_13_T17:15:03 -  All houses for rental were assigned in Cascais
2024_11_13_T17:15:03 -  All houses for rental were assigned in Cascais
2024_11_13_T17:15:03 -  All houses for rental were assigned in Cascais
2024_11_13_T17:15:03 -  All houses for rental were assigned in Cascais
2024_11_13_T17:15:03 -  All houses for rental were assigned in Cascais
2024_11_13_T17:15:03 -  All houses for rental were assigned in Cascais
2024_11_13_T17:15:03 -  All houses for rental were assigned in Cascais
2024_11_13_T17:15:03 -  All houses for rental were assigned in Cascais
2024_11_13_T17:15:03 -  All houses for rental were assigned in Cascais
2024_11_13_T17:15:03 -  All houses for rental were assigned in Cascais
2024_11_13_T17:15:03 -  All houses for rental were assigned in Cascais
2024_11_13_T17:15:03 -  All houses for rental were assigned in Cascais
2024_11_13_T17:15:03 -  All houses for rental were assigned in Cascais
2024_11_13_T17:15:03 -  All houses for rental were assigned in Cascais
2024_11_13_T17:15:03 -  All houses for rental were assigned in Cascais
2024_11_13_T17:15:03 -  All houses for rental were assigned in Cascais
2024_11_13_T17:15:03 -  All houses for rental were assigned in Cascais
2024_11_13_T17:15:03 -  All houses for rental were assigned in Cascais
2024_11_13_T17:15:03 -  All houses for rental were assigned in Cascais
2024_11_13_T17:15:03 -  All houses for rental were assigned in Cascais
2024_11_13_T17:15:03 -  All houses for rental were assigned in Cascais
2024_11_13_T17:15:03 -  All houses for rental were assigned in Cascais
2024_11_13_T17:15:03 -  All houses for rental were assigned in Cascais
2024_11_13_T17:15:03 -  All houses for rental were assigned in Cascais
2024_11_13_T17:15:03 -  All houses for rental were assigned in Cascais
2024_11_13_T17:15:03 -  All houses for rental were assigned in Cascais
2024_11_13_T17:15:03 -  All houses for rental were assigned in Cascais
2024_11_13_T17:15:03 -  All houses for rental were assigned in Cascais
2024_11_13_T17:15:03 -  All houses for rental were assigned in Cascais
2024_11_13_T17:15:03 -  All houses for rental were assigned in Cascais
2024_11_13_T17:15:03 -  All houses for rental were assigned in Cascais
2024_11_13_T17:15:03 -  All houses for rental were assigned in Cascais
2024_11_13_T17:15:03 -  All houses for rental were assigned in Cascais
2024_11_13_T17:15:03 -  All houses for rental were assigned in Cascais
2024_11_13_T17:15:03 -  All houses for rental were assigned in Cascais
2024_11_13_T17:15:03 -  All houses for rental were assigned in Cascais
2024_11_13_T17:15:03 -  All houses for rental were assigned in Cascais
2024_11_13_T17:15:03 -  All houses for rental were assigned in Cascais
2024_11_13_T17:15:03 -  All houses for rental were assigned in Cascais
2024_11_13_T17:15:03 -  All houses for rental were assigned in Cascais
2024_11_13_T17:15:03 -  All houses for rental were assigned in Cascais
2024_11_13_T17:15:03 -  All houses for rental were assigned in Cascais
2024_11_13_T17:15:03 -  All houses for rental were assigned in Cascais
2024_11_13_T17:15:03 -  All houses for rental were assigned in Cascais
2024_11_13_T17:15:03 -  All houses for rental were assigned in Cascais
2024_11_13_T17:15:03 -  All houses for rental were assigned in Cascais
2024_11_13_T17:15:03 -  All houses for rental were assigned in Cascais
2024_11_13_T17:15:03 -  All houses for rental were assigned in Cascais
2024_11_13_T17:15:03 -  All houses for rental were assigned in Cascais
2024_11_13_T17:15:03 -  All houses for rental were assigned in Cascais
2024_11_13_T17:15:03 -  All houses for rental were assigned in Cascais
2024_11_13_T17:15:03 -  All houses for rental were assigned in Cascais
2024_11_13_T17:15:03 -  All houses for rental were assigned in Cascais
2024_11_13_T17:15:03 -  All houses for rental were assigned in Cascais
2024_11_13_T17:15:03 -  All houses for rental were assigned in Cascais
2024_11_13_T17:15:03 -  All houses for rental were assigned in Cascais
2024_11_13_T17:15:03 -  All houses for rental were assigned in Cascais
2024_11_13_T17:15:03 -  All houses for rental were assigned in Cascais
2024_11_13_T17:15:03 -  All houses for rental were assigned in Cascais
2024_11_13_T17:15:03 -  All houses for rental were assigned in Cascais
2024_11_13_T17:15:03 -  All houses for rental were assigned in Cascais
2024_11_13_T17:15:03 -  All houses for rental were assigned in Cascais
2024_11_13_T17:15:03 -  All houses for rental were assigned in Cascais
2024_11_13_T17:15:03 -  All houses for rental were assigned in Cascais
2024_11_13_T17:15:03 -  All houses for rental were assigned in Cascais
2024_11_13_T17:15:03 -  All houses for rental were assigned in Cascais
2024_11_13_T17:15:03 -  All houses for rental were assigned in Cascais
2024_11_13_T17:15:03 -  All houses for rental were assigned in Cascais
2024_11_13_T17:15:03 -  All houses for rental were assigned in Cascais
2024_11_13_T17:15:03 -  All houses for rental were assigned in Cascais
2024_11_13_T17:15:03 -  All houses for rental were assigned in Cascais
2024_11_13_T17:15:03 -  All houses for rental were assigned in Cascais
2024_11_13_T17:15:03 -  All houses for rental were assigned in Cascais
2024_11_13_T17:15:03 -  All houses for rental were assigned in Cascais
2024_11_13_T17:15:03 -  All houses for rental were assigned in Cascais
2024_11_13_T17:15:03 -  All houses for rental were assigned in Cascais
2024_11_13_T17:15:03 -  All houses for rental were assigned in Cascais
2024_11_13_T17:15:03 -  All houses for rental were assigned in Cascais
2024_11_13_T17:15:03 -  All houses for rental were assigned in Cascais
2024_11_13_T17:15:03 -  All houses for rental were assigned in Cascais
2024_11_13_T17:15:03 -  All houses for rental were assigned in Cascais
2024_11_13_T17:15:03 -  All houses for rental were assigned in Cascais
2024_11_13_T17:15:03 -  All houses for rental were assigned in Cascais
2024_11_13_T17:15:03 -  All houses for rental were assigned in Cascais
2024_11_13_T17:15:03 -  All houses for rental were assigned in Cascais
2024_11_13_T17:15:03 -  All houses for rental were assigned in Cascais
2024_11_13_T17:15:03 -  All houses for rental were assigned in Cascais
2024_11_13_T17:15:03 -  All houses for rental were assigned in Cascais
2024_11_13_T17:15:03 -  All houses for rental were assigned in Cascais
2024_11_13_T17:15:03 -  All houses for rental were assigned in Cascais
2024_11_13_T17:15:03 -  All houses for rental were assigned in Cascais
2024_11_13_T17:15:03 -  All houses for rental were assigned in Cascais
2024_11_13_T17:15:03 -  All houses for rental were assigned in Cascais
2024_11_13_T17:15:03 -  All houses for rental were assigned in Cascais
2024_11_13_T17:15:03 -  All houses for rental were assigned in Cascais
2024_11_13_T17:15:03 -  All houses for rental were assigned in Cascais
2024_11_13_T17:15:03 -  All houses for rental were assigned in Cascais
2024_11_13_T17:15:03 -  All houses for rental were assigned in Cascais
2024_11_13_T17:15:03 -  All houses for rental were assigned in Cascais
2024_11_13_T17:15:03 -  All houses for rental were assigned in Cascais
2024_11_13_T17:15:03 -  All houses for rental were assigned in Cascais
2024_11_13_T17:15:03 -  All houses for rental were assigned in Cascais
2024_11_13_T17:15:03 -  All houses for rental were assigned in Cascais
2024_11_13_T17:15:03 -  All houses for rental were assigned in Cascais
2024_11_13_T17:15:03 -  All houses for rental were assigned in Cascais
2024_11_13_T17:15:03 -  All houses for rental were assigned in Cascais
2024_11_13_T17:15:03 -  All houses for rental were assigned in Cascais
2024_11_13_T17:15:03 -  All houses for rental were assigned in Cascais
2024_11_13_T17:15:03 -  All houses for rental were assigned in Cascais
2024_11_13_T17:15:03 -  All houses for rental were assigned in Cascais
2024_11_13_T17:15:03 -  All houses for rental were assigned in Cascais
2024_11_13_T17:15:03 -  All houses for rental were assigned in Cascais
2024_11_13_T17:15:03 -  All houses for rental were assigned in Cascais
2024_11_13_T17:15:03 -  All houses for rental were assigned in Cascais
2024_11_13_T17:15:03 -  All houses for rental were assigned in Cascais
2024_11_13_T17:15:03 -  All houses for rental were assigned in Cascais
2024_11_13_T17:15:03 -  All houses for rental were assigned in Cascais
2024_11_13_T17:15:03 -  All houses for rental were assigned in Cascais
2024_11_13_T17:15:03 -  All houses for rental were assigned in Cascais
2024_11_13_T17:15:03 -  All houses for rental were assigned in Cascais
2024_11_13_T17:15:03 -  All houses for rental were assigned in Cascais
2024_11_13_T17:15:03 -  All houses for rental were assigned in Cascais
2024_11_13_T17:15:03 -  All houses for rental were assigned in Cascais
2024_11_13_T17:15:03 -  All houses for rental were assigned in Cascais
2024_11_13_T17:15:03 -  All houses for rental were assigned in Cascais
2024_11_13_T17:15:03 -  All houses for rental were assigned in Cascais
2024_11_13_T17:15:03 -  All houses for rental were assigned in Cascais
2024_11_13_T17:15:03 -  All houses for rental were assigned in Cascais
2024_11_13_T17:15:03 -  All houses for rental were assigned in Cascais
2024_11_13_T17:15:03 -  All houses for rental were assigned in Cascais
2024_11_13_T17:15:03 -  All houses for rental were assigned in Cascais
2024_11_13_T17:15:03 -  All houses for rental were assigned in Cascais
2024_11_13_T17:15:03 -  All houses for rental were assigned in Cascais
2024_11_13_T17:15:03 -  All houses for rental were assigned in Cascais
2024_11_13_T17:15:03 -  All houses for rental were assigned in Cascais
2024_11_13_T17:15:03 -  All houses for rental were assigned in Cascais
2024_11_13_T17:15:03 -  All houses for rental were assigned in Cascais
2024_11_13_T17:15:03 -  All houses for rental were assigned in Cascais
2024_11_13_T17:15:03 -  All houses for rental were assigned in Cascais
2024_11_13_T17:15:03 -  All houses for rental were assigned in Cascais
2024_11_13_T17:15:03 -  All houses for rental were assigned in Cascais
2024_11_13_T17:15:03 -  All houses for rental were assigned in Cascais
2024_11_13_T17:15:03 -  All houses for rental were assigned in Cascais
2024_11_13_T17:15:03 -  All houses for rental were assigned in Cascais
2024_11_13_T17:15:03 -  All houses for rental were assigned in Cascais
2024_11_13_T17:15:03 -  All houses for rental were assigned in Cascais
2024_11_13_T17:15:03 -  All houses for rental were assigned in Cascais
2024_11_13_T17:15:03 -  All houses for rental were assigned in Cascais
2024_11_13_T17:15:03 -  All houses for rental were assigned in Cascais
2024_11_13_T17:15:03 -  All houses for rental were assigned in Cascais
2024_11_13_T17:15:03 -  All houses for rental were assigned in Cascais
2024_11_13_T17:15:03 -  All houses for rental were assigned in Cascais
2024_11_13_T17:15:03 -  All houses for rental were assigned in Cascais
2024_11_13_T17:15:03 -  All houses for rental were assigned in Cascais
2024_11_13_T17:15:03 -  All houses for rental were assigned in Cascais
2024_11_13_T17:15:03 -  All houses for rental were assigned in Cascais
2024_11_13_T17:15:03 -  All houses for rental were assigned in Cascais
2024_11_13_T17:15:03 -  All houses for rental were assigned in Cascais
2024_11_13_T17:15:03 -  All houses for rental were assigned in Cascais
2024_11_13_T17:15:03 -  All houses for rental were assigned in Cascais
2024_11_13_T17:15:03 -  All houses for rental were assigned in Cascais
2024_11_13_T17:15:03 -  All houses for rental were assigned in Cascais
2024_11_13_T17:15:03 -  All houses for rental were assigned in Lisboa
2024_11_13_T17:15:03 -  All houses for rental were assigned in Lisboa
2024_11_13_T17:15:03 -  All houses for rental were assigned in Lisboa
2024_11_13_T17:15:03 -  All houses for rental were assigned in Lisboa
2024_11_13_T17:15:03 -  All houses for rental were assigned in Lisboa
2024_11_13_T17:15:03 -  All houses for rental were assigned in Lisboa
2024_11_13_T17:15:03 -  All houses for rental were assigned in Lisboa
2024_11_13_T17:15:03 -  All houses for rental were assigned in Lisboa
2024_11_13_T17:15:03 -  All houses for rental were assigned in Lisboa
2024_11_13_T17:15:03 -  All houses for rental were assigned in Lisboa
2024_11_13_T17:15:03 -  All houses for rental were assigned in Lisboa
2024_11_13_T17:15:03 -  All houses for rental were assigned in Lisboa
2024_11_13_T17:15:03 -  All houses for rental were assigned in Lisboa
2024_11_13_T17:15:03 -  All houses for rental were assigned in Lisboa
2024_11_13_T17:15:03 -  All houses for rental were assigned in Lisboa
2024_11_13_T17:15:03 -  All houses for rental were assigned in Lisboa
2024_11_13_T17:15:03 -  All houses for rental were assigned in Lisboa
2024_11_13_T17:15:03 -  All houses for rental were assigned in Lisboa
2024_11_13_T17:15:03 -  All houses for rental were assigned in Lisboa
2024_11_13_T17:15:03 -  All houses for rental were assigned in Lisboa
2024_11_13_T17:15:03 -  All houses for rental were assigned in Lisboa
2024_11_13_T17:15:03 -  All houses for rental were assigned in Lisboa
2024_11_13_T17:15:03 -  All houses for rental were assigned in Lisboa
2024_11_13_T17:15:03 -  All houses for rental were assigned in Lisboa
2024_11_13_T17:15:03 -  All houses for rental were assigned in Lisboa
2024_11_13_T17:15:03 -  All houses for rental were assigned in Lisboa
2024_11_13_T17:15:03 -  All houses for rental were assigned in Lisboa
2024_11_13_T17:15:03 -  All houses for rental were assigned in Lisboa
2024_11_13_T17:15:03 -  All houses for rental were assigned in Lisboa
2024_11_13_T17:15:03 -  All houses for rental were assigned in Lisboa
2024_11_13_T17:15:03 -  All houses for rental were assigned in Lisboa
2024_11_13_T17:15:03 -  All houses for rental were assigned in Lisboa
2024_11_13_T17:15:03 -  All houses for rental were assigned in Lisboa
2024_11_13_T17:15:03 -  All houses for rental were assigned in Lisboa
2024_11_13_T17:15:03 -  All houses for rental were assigned in Lisboa
2024_11_13_T17:15:03 -  All houses for rental were assigned in Lisboa
2024_11_13_T17:15:03 -  All houses for rental were assigned in Lisboa
2024_11_13_T17:15:03 -  All houses for rental were assigned in Lisboa
2024_11_13_T17:15:03 -  All houses for rental were assigned in Lisboa
2024_11_13_T17:15:03 -  All houses for rental were assigned in Lisboa
2024_11_13_T17:15:03 -  All houses for rental were assigned in Lisboa
2024_11_13_T17:15:03 -  All houses for rental were assigned in Lisboa
2024_11_13_T17:15:03 -  All houses for rental were assigned in Lisboa
2024_11_13_T17:15:03 -  All houses for rental were assigned in Lisboa
2024_11_13_T17:15:03 -  All houses for rental were assigned in Lisboa
2024_11_13_T17:15:03 -  All houses for rental were assigned in Lisboa
2024_11_13_T17:15:03 -  All houses for rental were assigned in Lisboa
2024_11_13_T17:15:03 -  All houses for rental were assigned in Lisboa
2024_11_13_T17:15:03 -  All houses for rental were assigned in Lisboa
2024_11_13_T17:15:03 -  All houses for rental were assigned in Lisboa
2024_11_13_T17:15:03 -  All houses for rental were assigned in Lisboa
2024_11_13_T17:15:03 -  All houses for rental were assigned in Lisboa
2024_11_13_T17:15:03 -  All houses for rental were assigned in Lisboa
2024_11_13_T17:15:03 -  All houses for rental were assigned in Lisboa
2024_11_13_T17:15:03 -  All houses for rental were assigned in Lisboa
2024_11_13_T17:15:03 -  All houses for rental were assigned in Lisboa
2024_11_13_T17:15:03 -  All houses for rental were assigned in Lisboa
2024_11_13_T17:15:03 -  All houses for rental were assigned in Lisboa
2024_11_13_T17:15:03 -  All houses for rental were assigned in Lisboa
2024_11_13_T17:15:03 -  All houses for rental were assigned in Lisboa
2024_11_13_T17:15:03 -  All houses for rental were assigned in Lisboa
2024_11_13_T17:15:03 -  All houses for rental were assigned in Lisboa
2024_11_13_T17:15:03 -  All houses for rental were assigned in Lisboa
2024_11_13_T17:15:03 -  All houses for rental were assigned in Lisboa
2024_11_13_T17:15:03 -  All houses for rental were assigned in Lisboa
2024_11_13_T17:15:03 -  All houses for rental were assigned in Lisboa
2024_11_13_T17:15:03 -  finished assignHousesToHouseholds in 1.5007479190826416 seconds
2024_11_13_T17:15:08 -  Metrics: sum_wealth took 2.86102294921875e-6
2024_11_13_T17:15:10 -  Metrics: wealth_distribution took 6.198883056640625e-6
2024_11_13_T17:15:10 -  Metrics: money_distribution took 2.86102294921875e-6
2024_11_13_T17:15:10 -  Metrics: size_distribution took 7.152557373046875e-6
2024_11_13_T17:15:10 -  Metrics: age_distribution took 5.0067901611328125e-6
2024_11_13_T17:15:13 -  Metrics: sum_wealth took 3.0994415283203125e-5
2024_11_13_T17:15:13 -  Metrics: wealth_distribution took 0.022780895233154297
2024_11_13_T17:15:13 -  Metrics: money_distribution took 0.0004589557647705078
2024_11_13_T17:15:13 -  Metrics: size_distribution took 0.007272005081176758
2024_11_13_T17:15:13 -  Metrics: age_distribution took 0.0003838539123535156
2024_11_13_T17:15:16 -  Model step started
2024_11_13_T17:15:16 -  clearHangingSupplies started
2024_11_13_T17:15:16 -  clearHangingSupplies took 0.0074901580810546875
2024_11_13_T17:15:16 -  clearHangingRentalSupplies started
2024_11_13_T17:15:16 -  clearHangingRentalSupplies took 0.012499094009399414
2024_11_13_T17:15:16 -  clearHouseMarket started
2024_11_13_T17:15:17 -  clearHouseMarket - first block took 0.3399949073791504
