2024_11_12_T23:00:21 -  finished initateHouses in 0.8520510196685791 seconds
2024_11_12_T23:00:21 -  finished initiateHouseholds in 1.0584399700164795 seconds
2024_11_12_T23:00:21 -  All houses for rental were assigned in Amadora
2024_11_12_T23:00:21 -  All houses for rental were assigned in Amadora
2024_11_12_T23:00:21 -  All houses for rental were assigned in Amadora
2024_11_12_T23:00:21 -  All houses for rental were assigned in Amadora
2024_11_12_T23:00:21 -  All houses for rental were assigned in Amadora
2024_11_12_T23:00:21 -  All houses for rental were assigned in Amadora
2024_11_12_T23:00:21 -  All houses for rental were assigned in Amadora
2024_11_12_T23:00:21 -  All houses for rental were assigned in Amadora
2024_11_12_T23:00:21 -  All houses for rental were assigned in Amadora
2024_11_12_T23:00:21 -  All houses for rental were assigned in Amadora
2024_11_12_T23:00:21 -  All houses for rental were assigned in Amadora
2024_11_12_T23:00:21 -  All houses for rental were assigned in Amadora
2024_11_12_T23:00:21 -  All houses for rental were assigned in Amadora
2024_11_12_T23:00:21 -  All houses for rental were assigned in Amadora
2024_11_12_T23:00:21 -  All houses for rental were assigned in Amadora
2024_11_12_T23:00:21 -  All houses for rental were assigned in Amadora
2024_11_12_T23:00:21 -  All houses for rental were assigned in Amadora
2024_11_12_T23:00:21 -  All houses for rental were assigned in Amadora
2024_11_12_T23:00:21 -  All houses for rental were assigned in Amadora
2024_11_12_T23:00:21 -  All houses for rental were assigned in Amadora
2024_11_12_T23:00:21 -  All houses for rental were assigned in Amadora
2024_11_12_T23:00:21 -  All houses for rental were assigned in Amadora
2024_11_12_T23:00:21 -  All houses for rental were assigned in Amadora
2024_11_12_T23:00:21 -  All houses for rental were assigned in Amadora
2024_11_12_T23:00:21 -  All houses for rental were assigned in Amadora
2024_11_12_T23:00:21 -  All houses for rental were assigned in Amadora
2024_11_12_T23:00:21 -  All houses for rental were assigned in Amadora
2024_11_12_T23:00:21 -  All houses for rental were assigned in Amadora
2024_11_12_T23:00:21 -  All houses for rental were assigned in Amadora
2024_11_12_T23:00:21 -  All houses for rental were assigned in Amadora
2024_11_12_T23:00:21 -  All houses for rental were assigned in Amadora
2024_11_12_T23:00:21 -  All houses for rental were assigned in Amadora
2024_11_12_T23:00:21 -  All houses for rental were assigned in Amadora
2024_11_12_T23:00:21 -  All houses for rental were assigned in Amadora
2024_11_12_T23:00:21 -  All houses for rental were assigned in Amadora
2024_11_12_T23:00:21 -  All houses for rental were assigned in Amadora
2024_11_12_T23:00:21 -  All houses for rental were assigned in Amadora
2024_11_12_T23:00:21 -  All houses for rental were assigned in Amadora
2024_11_12_T23:00:21 -  All houses for rental were assigned in Amadora
2024_11_12_T23:00:21 -  All houses for rental were assigned in Amadora
2024_11_12_T23:00:21 -  All houses for rental were assigned in Amadora
2024_11_12_T23:00:21 -  All houses for rental were assigned in Amadora
2024_11_12_T23:00:21 -  All houses for rental were assigned in Amadora
2024_11_12_T23:00:21 -  All houses for rental were assigned in Amadora
2024_11_12_T23:00:21 -  All houses for rental were assigned in Amadora
2024_11_12_T23:00:21 -  All houses for rental were assigned in Amadora
2024_11_12_T23:00:21 -  All houses for rental were assigned in Amadora
2024_11_12_T23:00:21 -  All houses for rental were assigned in Amadora
2024_11_12_T23:00:21 -  All houses for rental were assigned in Amadora
2024_11_12_T23:00:21 -  All houses for rental were assigned in Amadora
2024_11_12_T23:00:21 -  All houses for rental were assigned in Amadora
2024_11_12_T23:00:21 -  All houses for rental were assigned in Amadora
2024_11_12_T23:00:21 -  All houses for rental were assigned in Amadora
2024_11_12_T23:00:21 -  All houses for rental were assigned in Amadora
2024_11_12_T23:00:21 -  All houses for rental were assigned in Amadora
2024_11_12_T23:00:21 -  All houses for rental were assigned in Amadora
2024_11_12_T23:00:21 -  All houses for rental were assigned in Amadora
2024_11_12_T23:00:21 -  All houses for rental were assigned in Amadora
2024_11_12_T23:00:21 -  All houses for rental were assigned in Amadora
2024_11_12_T23:00:21 -  All houses for rental were assigned in Amadora
2024_11_12_T23:00:21 -  All houses for rental were assigned in Amadora
2024_11_12_T23:00:21 -  All houses for rental were assigned in Amadora
2024_11_12_T23:00:21 -  All houses for rental were assigned in Amadora
2024_11_12_T23:00:21 -  All houses for rental were assigned in Amadora
2024_11_12_T23:00:21 -  All houses for rental were assigned in Amadora
2024_11_12_T23:00:21 -  All houses for rental were assigned in Amadora
2024_11_12_T23:00:21 -  All houses for rental were assigned in Amadora
2024_11_12_T23:00:21 -  All houses for rental were assigned in Amadora
2024_11_12_T23:00:21 -  All houses for rental were assigned in Amadora
2024_11_12_T23:00:21 -  All houses for rental were assigned in Amadora
2024_11_12_T23:00:21 -  All houses for rental were assigned in Amadora
2024_11_12_T23:00:21 -  All houses for rental were assigned in Amadora
2024_11_12_T23:00:21 -  All houses for rental were assigned in Amadora
2024_11_12_T23:00:21 -  All houses for rental were assigned in Amadora
2024_11_12_T23:00:21 -  All houses for rental were assigned in Amadora
2024_11_12_T23:00:21 -  All houses for rental were assigned in Amadora
2024_11_12_T23:00:21 -  All houses for rental were assigned in Amadora
2024_11_12_T23:00:21 -  All houses for rental were assigned in Amadora
2024_11_12_T23:00:21 -  All houses for rental were assigned in Amadora
2024_11_12_T23:00:21 -  All houses for rental were assigned in Amadora
2024_11_12_T23:00:21 -  All houses for rental were assigned in Amadora
2024_11_12_T23:00:21 -  All houses for rental were assigned in Amadora
2024_11_12_T23:00:21 -  All houses for rental were assigned in Amadora
2024_11_12_T23:00:21 -  All houses for rental were assigned in Amadora
2024_11_12_T23:00:21 -  All houses for rental were assigned in Amadora
2024_11_12_T23:00:21 -  All houses for rental were assigned in Amadora
2024_11_12_T23:00:21 -  All houses for rental were assigned in Amadora
2024_11_12_T23:00:21 -  All houses for rental were assigned in Amadora
2024_11_12_T23:00:21 -  All houses for rental were assigned in Amadora
2024_11_12_T23:00:21 -  All houses for rental were assigned in Amadora
2024_11_12_T23:00:21 -  All houses for rental were assigned in Amadora
2024_11_12_T23:00:21 -  All houses for rental were assigned in Amadora
2024_11_12_T23:00:21 -  All houses for rental were assigned in Amadora
2024_11_12_T23:00:21 -  All houses for rental were assigned in Amadora
2024_11_12_T23:00:21 -  All houses for rental were assigned in Amadora
2024_11_12_T23:00:21 -  All houses for rental were assigned in Amadora
2024_11_12_T23:00:21 -  All houses for rental were assigned in Amadora
2024_11_12_T23:00:21 -  All houses for rental were assigned in Amadora
2024_11_12_T23:00:21 -  All houses for rental were assigned in Amadora
2024_11_12_T23:00:21 -  All houses for rental were assigned in Amadora
2024_11_12_T23:00:21 -  All houses for rental were assigned in Amadora
2024_11_12_T23:00:21 -  All houses for rental were assigned in Amadora
2024_11_12_T23:00:21 -  All houses for rental were assigned in Amadora
2024_11_12_T23:00:21 -  All houses for rental were assigned in Amadora
2024_11_12_T23:00:21 -  All houses for rental were assigned in Amadora
2024_11_12_T23:00:21 -  All houses for rental were assigned in Amadora
2024_11_12_T23:00:21 -  All houses for rental were assigned in Amadora
2024_11_12_T23:00:21 -  All houses for rental were assigned in Amadora
2024_11_12_T23:00:21 -  All houses for rental were assigned in Amadora
2024_11_12_T23:00:21 -  All houses for rental were assigned in Amadora
2024_11_12_T23:00:21 -  All houses for rental were assigned in Amadora
2024_11_12_T23:00:21 -  All houses for rental were assigned in Amadora
2024_11_12_T23:00:21 -  All houses for rental were assigned in Amadora
2024_11_12_T23:00:21 -  All houses for rental were assigned in Amadora
2024_11_12_T23:00:21 -  All houses for rental were assigned in Amadora
2024_11_12_T23:00:21 -  All houses for rental were assigned in Amadora
2024_11_12_T23:00:21 -  All houses for rental were assigned in Amadora
2024_11_12_T23:00:21 -  All houses for rental were assigned in Amadora
2024_11_12_T23:00:21 -  All houses for rental were assigned in Amadora
2024_11_12_T23:00:21 -  All houses for rental were assigned in Amadora
2024_11_12_T23:00:21 -  All houses for rental were assigned in Amadora
2024_11_12_T23:00:21 -  All houses for rental were assigned in Amadora
2024_11_12_T23:00:21 -  All houses for rental were assigned in Amadora
2024_11_12_T23:00:21 -  All houses for rental were assigned in Amadora
2024_11_12_T23:00:21 -  All houses for rental were assigned in Amadora
2024_11_12_T23:00:21 -  All houses for rental were assigned in Amadora
2024_11_12_T23:00:21 -  All houses for rental were assigned in Amadora
2024_11_12_T23:00:21 -  All houses for rental were assigned in Amadora
2024_11_12_T23:00:21 -  All houses for rental were assigned in Amadora
2024_11_12_T23:00:21 -  All houses for rental were assigned in Amadora
2024_11_12_T23:00:21 -  All houses for rental were assigned in Amadora
2024_11_12_T23:00:21 -  All houses for rental were assigned in Amadora
2024_11_12_T23:00:21 -  All houses for rental were assigned in Amadora
2024_11_12_T23:00:21 -  All houses for rental were assigned in Amadora
2024_11_12_T23:00:21 -  All houses for rental were assigned in Amadora
2024_11_12_T23:00:21 -  All houses for rental were assigned in Amadora
2024_11_12_T23:00:21 -  All houses for rental were assigned in Amadora
2024_11_12_T23:00:21 -  All home owners were assigned in Amadora
2024_11_12_T23:00:21 -  All home owners were assigned in Amadora
2024_11_12_T23:00:21 -  All home owners were assigned in Amadora
2024_11_12_T23:00:21 -  All home owners were assigned in Amadora
2024_11_12_T23:00:21 -  All home owners were assigned in Amadora
2024_11_12_T23:00:21 -  All home owners were assigned in Amadora
2024_11_12_T23:00:21 -  All home owners were assigned in Amadora
2024_11_12_T23:00:21 -  All home owners were assigned in Amadora
2024_11_12_T23:00:21 -  All home owners were assigned in Amadora
2024_11_12_T23:00:21 -  All home owners were assigned in Amadora
2024_11_12_T23:00:21 -  All home owners were assigned in Amadora
2024_11_12_T23:00:21 -  All home owners were assigned in Amadora
2024_11_12_T23:00:21 -  All home owners were assigned in Amadora
2024_11_12_T23:00:21 -  All home owners were assigned in Amadora
2024_11_12_T23:00:21 -  All home owners were assigned in Amadora
2024_11_12_T23:00:21 -  All home owners were assigned in Amadora
2024_11_12_T23:00:21 -  All home owners were assigned in Amadora
2024_11_12_T23:00:21 -  All home owners were assigned in Amadora
2024_11_12_T23:00:21 -  All home owners were assigned in Amadora
2024_11_12_T23:00:21 -  All home owners were assigned in Amadora
2024_11_12_T23:00:21 -  All home owners were assigned in Amadora
2024_11_12_T23:00:21 -  All home owners were assigned in Amadora
2024_11_12_T23:00:21 -  All home owners were assigned in Amadora
2024_11_12_T23:00:21 -  All home owners were assigned in Amadora
2024_11_12_T23:00:21 -  All home owners were assigned in Amadora
2024_11_12_T23:00:21 -  All home owners were assigned in Amadora
2024_11_12_T23:00:21 -  All home owners were assigned in Amadora
2024_11_12_T23:00:21 -  All home owners were assigned in Amadora
2024_11_12_T23:00:21 -  All home owners were assigned in Amadora
2024_11_12_T23:00:21 -  All home owners were assigned in Amadora
2024_11_12_T23:00:21 -  All home owners were assigned in Amadora
2024_11_12_T23:00:21 -  All home owners were assigned in Amadora
2024_11_12_T23:00:21 -  All home owners were assigned in Amadora
2024_11_12_T23:00:21 -  All home owners were assigned in Amadora
2024_11_12_T23:00:21 -  All home owners were assigned in Amadora
2024_11_12_T23:00:21 -  All home owners were assigned in Amadora
2024_11_12_T23:00:21 -  All home owners were assigned in Amadora
2024_11_12_T23:00:21 -  All home owners were assigned in Amadora
2024_11_12_T23:00:21 -  All home owners were assigned in Amadora
2024_11_12_T23:00:21 -  All home owners were assigned in Amadora
2024_11_12_T23:00:21 -  All home owners were assigned in Amadora
2024_11_12_T23:00:21 -  All home owners were assigned in Amadora
2024_11_12_T23:00:21 -  All home owners were assigned in Amadora
2024_11_12_T23:00:21 -  All home owners were assigned in Amadora
2024_11_12_T23:00:21 -  All home owners were assigned in Amadora
2024_11_12_T23:00:21 -  All home owners were assigned in Amadora
2024_11_12_T23:00:21 -  All home owners were assigned in Amadora
2024_11_12_T23:00:21 -  All home owners were assigned in Amadora
2024_11_12_T23:00:21 -  All home owners were assigned in Amadora
2024_11_12_T23:00:21 -  All home owners were assigned in Amadora
2024_11_12_T23:00:21 -  All home owners were assigned in Amadora
2024_11_12_T23:00:21 -  All home owners were assigned in Amadora
2024_11_12_T23:00:21 -  All home owners were assigned in Amadora
2024_11_12_T23:00:21 -  All home owners were assigned in Amadora
2024_11_12_T23:00:21 -  All home owners were assigned in Amadora
2024_11_12_T23:00:21 -  All home owners were assigned in Amadora
2024_11_12_T23:00:21 -  All home owners were assigned in Amadora
2024_11_12_T23:00:21 -  All home owners were assigned in Amadora
2024_11_12_T23:00:21 -  All home owners were assigned in Amadora
2024_11_12_T23:00:21 -  All home owners were assigned in Amadora
2024_11_12_T23:00:21 -  All home owners were assigned in Amadora
2024_11_12_T23:00:21 -  All home owners were assigned in Amadora
2024_11_12_T23:00:21 -  All home owners were assigned in Amadora
2024_11_12_T23:00:21 -  All home owners were assigned in Amadora
2024_11_12_T23:00:21 -  All home owners were assigned in Amadora
2024_11_12_T23:00:21 -  All home owners were assigned in Amadora
2024_11_12_T23:00:21 -  All home owners were assigned in Amadora
2024_11_12_T23:00:21 -  All home owners were assigned in Amadora
2024_11_12_T23:00:21 -  All home owners were assigned in Amadora
2024_11_12_T23:00:21 -  All home owners were assigned in Amadora
2024_11_12_T23:00:21 -  All home owners were assigned in Amadora
2024_11_12_T23:00:21 -  All home owners were assigned in Amadora
2024_11_12_T23:00:21 -  All home owners were assigned in Amadora
2024_11_12_T23:00:21 -  All home owners were assigned in Amadora
2024_11_12_T23:00:21 -  All home owners were assigned in Amadora
2024_11_12_T23:00:21 -  All home owners were assigned in Amadora
2024_11_12_T23:00:21 -  All home owners were assigned in Amadora
2024_11_12_T23:00:21 -  All home owners were assigned in Amadora
2024_11_12_T23:00:21 -  All home owners were assigned in Amadora
2024_11_12_T23:00:21 -  All home owners were assigned in Amadora
2024_11_12_T23:00:21 -  All home owners were assigned in Amadora
2024_11_12_T23:00:21 -  All home owners were assigned in Amadora
2024_11_12_T23:00:21 -  All home owners were assigned in Amadora
2024_11_12_T23:00:21 -  All home owners were assigned in Amadora
2024_11_12_T23:00:21 -  All home owners were assigned in Amadora
2024_11_12_T23:00:21 -  All home owners were assigned in Amadora
2024_11_12_T23:00:21 -  All home owners were assigned in Amadora
2024_11_12_T23:00:21 -  All home owners were assigned in Amadora
2024_11_12_T23:00:21 -  All home owners were assigned in Amadora
2024_11_12_T23:00:21 -  All home owners were assigned in Amadora
2024_11_12_T23:00:21 -  All home owners were assigned in Amadora
2024_11_12_T23:00:21 -  All home owners were assigned in Amadora
2024_11_12_T23:00:21 -  All home owners were assigned in Amadora
2024_11_12_T23:00:21 -  All home owners were assigned in Amadora
2024_11_12_T23:00:21 -  All home owners were assigned in Amadora
2024_11_12_T23:00:21 -  All home owners were assigned in Amadora
2024_11_12_T23:00:21 -  All home owners were assigned in Amadora
2024_11_12_T23:00:21 -  All home owners were assigned in Amadora
2024_11_12_T23:00:21 -  All home owners were assigned in Amadora
2024_11_12_T23:00:21 -  All home owners were assigned in Amadora
2024_11_12_T23:00:21 -  All home owners were assigned in Amadora
2024_11_12_T23:00:21 -  All home owners were assigned in Amadora
2024_11_12_T23:00:21 -  All home owners were assigned in Amadora
2024_11_12_T23:00:21 -  All home owners were assigned in Amadora
2024_11_12_T23:00:21 -  All home owners were assigned in Amadora
2024_11_12_T23:00:21 -  All home owners were assigned in Amadora
2024_11_12_T23:00:21 -  All home owners were assigned in Amadora
2024_11_12_T23:00:21 -  All home owners were assigned in Amadora
2024_11_12_T23:00:21 -  All home owners were assigned in Amadora
2024_11_12_T23:00:21 -  All home owners were assigned in Amadora
2024_11_12_T23:00:21 -  All home owners were assigned in Amadora
2024_11_12_T23:00:21 -  All home owners were assigned in Amadora
2024_11_12_T23:00:21 -  All home owners were assigned in Amadora
2024_11_12_T23:00:21 -  All home owners were assigned in Amadora
2024_11_12_T23:00:21 -  All home owners were assigned in Amadora
2024_11_12_T23:00:21 -  All home owners were assigned in Amadora
2024_11_12_T23:00:21 -  All home owners were assigned in Amadora
2024_11_12_T23:00:21 -  All home owners were assigned in Amadora
2024_11_12_T23:00:21 -  All home owners were assigned in Amadora
2024_11_12_T23:00:21 -  All home owners were assigned in Amadora
2024_11_12_T23:00:21 -  All home owners were assigned in Amadora
2024_11_12_T23:00:21 -  All home owners were assigned in Amadora
2024_11_12_T23:00:21 -  All home owners were assigned in Amadora
2024_11_12_T23:00:21 -  All home owners were assigned in Amadora
2024_11_12_T23:00:21 -  All home owners were assigned in Amadora
2024_11_12_T23:00:21 -  All home owners were assigned in Amadora
2024_11_12_T23:00:21 -  All home owners were assigned in Amadora
2024_11_12_T23:00:21 -  All home owners were assigned in Amadora
2024_11_12_T23:00:21 -  All home owners were assigned in Amadora
2024_11_12_T23:00:21 -  All home owners were assigned in Amadora
2024_11_12_T23:00:21 -  All home owners were assigned in Amadora
2024_11_12_T23:00:21 -  All home owners were assigned in Amadora
2024_11_12_T23:00:21 -  All home owners were assigned in Amadora
2024_11_12_T23:00:21 -  All home owners were assigned in Amadora
2024_11_12_T23:00:21 -  All home owners were assigned in Amadora
2024_11_12_T23:00:21 -  All houses for rental were assigned in Cascais
2024_11_12_T23:00:21 -  All houses for rental were assigned in Cascais
2024_11_12_T23:00:21 -  All houses for rental were assigned in Cascais
2024_11_12_T23:00:21 -  All houses for rental were assigned in Cascais
2024_11_12_T23:00:21 -  All houses for rental were assigned in Cascais
2024_11_12_T23:00:21 -  All houses for rental were assigned in Cascais
2024_11_12_T23:00:21 -  All houses for rental were assigned in Cascais
2024_11_12_T23:00:21 -  All houses for rental were assigned in Cascais
2024_11_12_T23:00:21 -  All houses for rental were assigned in Cascais
2024_11_12_T23:00:21 -  All houses for rental were assigned in Cascais
2024_11_12_T23:00:21 -  All houses for rental were assigned in Cascais
2024_11_12_T23:00:21 -  All houses for rental were assigned in Cascais
2024_11_12_T23:00:21 -  All houses for rental were assigned in Cascais
2024_11_12_T23:00:21 -  All houses for rental were assigned in Cascais
2024_11_12_T23:00:21 -  All houses for rental were assigned in Cascais
2024_11_12_T23:00:21 -  All houses for rental were assigned in Cascais
2024_11_12_T23:00:21 -  All houses for rental were assigned in Cascais
2024_11_12_T23:00:21 -  All houses for rental were assigned in Cascais
2024_11_12_T23:00:21 -  All houses for rental were assigned in Cascais
2024_11_12_T23:00:21 -  All houses for rental were assigned in Cascais
2024_11_12_T23:00:21 -  All houses for rental were assigned in Cascais
2024_11_12_T23:00:21 -  All houses for rental were assigned in Cascais
2024_11_12_T23:00:21 -  All houses for rental were assigned in Cascais
2024_11_12_T23:00:21 -  All houses for rental were assigned in Cascais
2024_11_12_T23:00:21 -  All houses for rental were assigned in Cascais
2024_11_12_T23:00:21 -  All houses for rental were assigned in Cascais
2024_11_12_T23:00:21 -  All houses for rental were assigned in Cascais
2024_11_12_T23:00:21 -  All houses for rental were assigned in Cascais
2024_11_12_T23:00:21 -  All houses for rental were assigned in Cascais
2024_11_12_T23:00:21 -  All houses for rental were assigned in Cascais
2024_11_12_T23:00:21 -  All houses for rental were assigned in Cascais
2024_11_12_T23:00:21 -  All houses for rental were assigned in Cascais
2024_11_12_T23:00:21 -  All houses for rental were assigned in Cascais
2024_11_12_T23:00:21 -  All houses for rental were assigned in Cascais
2024_11_12_T23:00:21 -  All houses for rental were assigned in Cascais
2024_11_12_T23:00:21 -  All houses for rental were assigned in Cascais
2024_11_12_T23:00:21 -  All houses for rental were assigned in Cascais
2024_11_12_T23:00:21 -  All houses for rental were assigned in Cascais
2024_11_12_T23:00:21 -  All houses for rental were assigned in Cascais
2024_11_12_T23:00:21 -  All houses for rental were assigned in Cascais
2024_11_12_T23:00:21 -  All houses for rental were assigned in Cascais
2024_11_12_T23:00:21 -  All houses for rental were assigned in Cascais
2024_11_12_T23:00:21 -  All houses for rental were assigned in Cascais
2024_11_12_T23:00:21 -  All houses for rental were assigned in Cascais
2024_11_12_T23:00:21 -  All houses for rental were assigned in Cascais
2024_11_12_T23:00:21 -  All houses for rental were assigned in Cascais
2024_11_12_T23:00:21 -  All houses for rental were assigned in Cascais
2024_11_12_T23:00:21 -  All houses for rental were assigned in Cascais
2024_11_12_T23:00:21 -  All houses for rental were assigned in Cascais
2024_11_12_T23:00:21 -  All houses for rental were assigned in Cascais
2024_11_12_T23:00:21 -  All houses for rental were assigned in Cascais
2024_11_12_T23:00:21 -  All houses for rental were assigned in Cascais
2024_11_12_T23:00:21 -  All houses for rental were assigned in Cascais
2024_11_12_T23:00:21 -  All houses for rental were assigned in Cascais
2024_11_12_T23:00:21 -  All houses for rental were assigned in Cascais
2024_11_12_T23:00:21 -  All houses for rental were assigned in Cascais
2024_11_12_T23:00:21 -  All houses for rental were assigned in Cascais
2024_11_12_T23:00:21 -  All houses for rental were assigned in Cascais
2024_11_12_T23:00:21 -  All houses for rental were assigned in Cascais
2024_11_12_T23:00:21 -  All houses for rental were assigned in Cascais
2024_11_12_T23:00:21 -  All houses for rental were assigned in Cascais
2024_11_12_T23:00:21 -  All houses for rental were assigned in Cascais
2024_11_12_T23:00:21 -  All houses for rental were assigned in Cascais
2024_11_12_T23:00:21 -  All houses for rental were assigned in Cascais
2024_11_12_T23:00:21 -  All houses for rental were assigned in Cascais
2024_11_12_T23:00:21 -  All houses for rental were assigned in Cascais
2024_11_12_T23:00:21 -  All houses for rental were assigned in Cascais
2024_11_12_T23:00:21 -  All houses for rental were assigned in Cascais
2024_11_12_T23:00:21 -  All houses for rental were assigned in Cascais
2024_11_12_T23:00:21 -  All houses for rental were assigned in Cascais
2024_11_12_T23:00:21 -  All houses for rental were assigned in Cascais
2024_11_12_T23:00:21 -  All houses for rental were assigned in Cascais
2024_11_12_T23:00:21 -  All houses for rental were assigned in Cascais
2024_11_12_T23:00:21 -  All houses for rental were assigned in Cascais
2024_11_12_T23:00:21 -  All houses for rental were assigned in Cascais
2024_11_12_T23:00:21 -  All houses for rental were assigned in Cascais
2024_11_12_T23:00:21 -  All houses for rental were assigned in Cascais
2024_11_12_T23:00:21 -  All houses for rental were assigned in Cascais
2024_11_12_T23:00:21 -  All houses for rental were assigned in Cascais
2024_11_12_T23:00:21 -  All houses for rental were assigned in Cascais
2024_11_12_T23:00:21 -  All houses for rental were assigned in Cascais
2024_11_12_T23:00:21 -  All houses for rental were assigned in Cascais
2024_11_12_T23:00:21 -  All houses for rental were assigned in Cascais
2024_11_12_T23:00:21 -  All houses for rental were assigned in Cascais
2024_11_12_T23:00:21 -  All houses for rental were assigned in Cascais
2024_11_12_T23:00:21 -  All houses for rental were assigned in Cascais
2024_11_12_T23:00:21 -  All houses for rental were assigned in Cascais
2024_11_12_T23:00:21 -  All houses for rental were assigned in Cascais
2024_11_12_T23:00:21 -  All houses for rental were assigned in Cascais
2024_11_12_T23:00:21 -  All houses for rental were assigned in Cascais
2024_11_12_T23:00:21 -  All houses for rental were assigned in Cascais
2024_11_12_T23:00:21 -  All houses for rental were assigned in Cascais
2024_11_12_T23:00:21 -  All houses for rental were assigned in Cascais
2024_11_12_T23:00:21 -  All houses for rental were assigned in Cascais
2024_11_12_T23:00:21 -  All houses for rental were assigned in Cascais
2024_11_12_T23:00:21 -  All houses for rental were assigned in Cascais
2024_11_12_T23:00:21 -  All houses for rental were assigned in Cascais
2024_11_12_T23:00:21 -  All houses for rental were assigned in Cascais
2024_11_12_T23:00:21 -  All houses for rental were assigned in Cascais
2024_11_12_T23:00:21 -  All houses for rental were assigned in Cascais
2024_11_12_T23:00:21 -  All houses for rental were assigned in Cascais
2024_11_12_T23:00:21 -  All houses for rental were assigned in Cascais
2024_11_12_T23:00:21 -  All houses for rental were assigned in Cascais
2024_11_12_T23:00:21 -  All houses for rental were assigned in Cascais
2024_11_12_T23:00:21 -  All houses for rental were assigned in Cascais
2024_11_12_T23:00:21 -  All houses for rental were assigned in Cascais
2024_11_12_T23:00:21 -  All houses for rental were assigned in Cascais
2024_11_12_T23:00:21 -  All houses for rental were assigned in Cascais
2024_11_12_T23:00:21 -  All houses for rental were assigned in Cascais
2024_11_12_T23:00:21 -  All houses for rental were assigned in Cascais
2024_11_12_T23:00:21 -  All houses for rental were assigned in Cascais
2024_11_12_T23:00:21 -  All houses for rental were assigned in Cascais
2024_11_12_T23:00:21 -  All houses for rental were assigned in Cascais
2024_11_12_T23:00:21 -  All houses for rental were assigned in Cascais
2024_11_12_T23:00:21 -  All houses for rental were assigned in Cascais
2024_11_12_T23:00:21 -  All houses for rental were assigned in Cascais
2024_11_12_T23:00:21 -  All houses for rental were assigned in Cascais
2024_11_12_T23:00:21 -  All houses for rental were assigned in Cascais
2024_11_12_T23:00:21 -  All houses for rental were assigned in Cascais
2024_11_12_T23:00:21 -  All houses for rental were assigned in Cascais
2024_11_12_T23:00:21 -  All houses for rental were assigned in Cascais
2024_11_12_T23:00:21 -  All houses for rental were assigned in Cascais
2024_11_12_T23:00:21 -  All houses for rental were assigned in Cascais
2024_11_12_T23:00:21 -  All houses for rental were assigned in Cascais
2024_11_12_T23:00:21 -  All houses for rental were assigned in Cascais
2024_11_12_T23:00:21 -  All houses for rental were assigned in Cascais
2024_11_12_T23:00:21 -  All houses for rental were assigned in Cascais
2024_11_12_T23:00:21 -  All houses for rental were assigned in Cascais
2024_11_12_T23:00:21 -  All houses for rental were assigned in Cascais
2024_11_12_T23:00:21 -  All houses for rental were assigned in Cascais
2024_11_12_T23:00:21 -  All houses for rental were assigned in Cascais
2024_11_12_T23:00:21 -  All houses for rental were assigned in Cascais
2024_11_12_T23:00:21 -  All houses for rental were assigned in Cascais
2024_11_12_T23:00:21 -  All houses for rental were assigned in Cascais
2024_11_12_T23:00:21 -  All houses for rental were assigned in Cascais
2024_11_12_T23:00:21 -  All houses for rental were assigned in Cascais
2024_11_12_T23:00:21 -  All houses for rental were assigned in Cascais
2024_11_12_T23:00:21 -  All houses for rental were assigned in Cascais
2024_11_12_T23:00:21 -  All houses for rental were assigned in Cascais
2024_11_12_T23:00:21 -  All houses for rental were assigned in Cascais
2024_11_12_T23:00:21 -  All houses for rental were assigned in Cascais
2024_11_12_T23:00:21 -  All houses for rental were assigned in Cascais
2024_11_12_T23:00:21 -  All houses for rental were assigned in Cascais
2024_11_12_T23:00:21 -  All houses for rental were assigned in Cascais
2024_11_12_T23:00:21 -  All houses for rental were assigned in Cascais
2024_11_12_T23:00:21 -  All houses for rental were assigned in Cascais
2024_11_12_T23:00:21 -  All houses for rental were assigned in Cascais
2024_11_12_T23:00:21 -  All houses for rental were assigned in Cascais
2024_11_12_T23:00:21 -  All houses for rental were assigned in Cascais
2024_11_12_T23:00:21 -  All houses for rental were assigned in Cascais
2024_11_12_T23:00:21 -  All houses for rental were assigned in Cascais
2024_11_12_T23:00:21 -  All houses for rental were assigned in Cascais
2024_11_12_T23:00:21 -  All houses for rental were assigned in Cascais
2024_11_12_T23:00:21 -  All houses for rental were assigned in Cascais
2024_11_12_T23:00:21 -  All houses for rental were assigned in Cascais
2024_11_12_T23:00:21 -  All houses for rental were assigned in Cascais
2024_11_12_T23:00:21 -  All houses for rental were assigned in Cascais
2024_11_12_T23:00:21 -  All houses for rental were assigned in Cascais
2024_11_12_T23:00:21 -  All houses for rental were assigned in Cascais
2024_11_12_T23:00:21 -  All houses for rental were assigned in Cascais
2024_11_12_T23:00:21 -  All houses for rental were assigned in Cascais
2024_11_12_T23:00:21 -  All houses for rental were assigned in Cascais
2024_11_12_T23:00:21 -  All houses for rental were assigned in Cascais
2024_11_12_T23:00:21 -  All houses for rental were assigned in Cascais
2024_11_12_T23:00:21 -  All houses for rental were assigned in Cascais
2024_11_12_T23:00:21 -  All houses for rental were assigned in Cascais
2024_11_12_T23:00:21 -  All houses for rental were assigned in Cascais
2024_11_12_T23:00:21 -  All houses for rental were assigned in Cascais
2024_11_12_T23:00:21 -  All houses for rental were assigned in Cascais
2024_11_12_T23:00:21 -  All houses for rental were assigned in Cascais
2024_11_12_T23:00:21 -  All houses for rental were assigned in Cascais
2024_11_12_T23:00:21 -  All houses for rental were assigned in Cascais
2024_11_12_T23:00:21 -  All houses for rental were assigned in Cascais
2024_11_12_T23:00:21 -  All houses for rental were assigned in Cascais
2024_11_12_T23:00:21 -  All houses for rental were assigned in Cascais
2024_11_12_T23:00:21 -  All houses for rental were assigned in Cascais
2024_11_12_T23:00:21 -  All houses for rental were assigned in Cascais
2024_11_12_T23:00:21 -  All houses for rental were assigned in Cascais
2024_11_12_T23:00:21 -  All houses for rental were assigned in Cascais
2024_11_12_T23:00:21 -  All houses for rental were assigned in Cascais
2024_11_12_T23:00:21 -  All houses for rental were assigned in Cascais
2024_11_12_T23:00:21 -  All houses for rental were assigned in Cascais
2024_11_12_T23:00:21 -  All houses for rental were assigned in Cascais
2024_11_12_T23:00:21 -  All houses for rental were assigned in Cascais
2024_11_12_T23:00:21 -  All houses for rental were assigned in Cascais
2024_11_12_T23:00:21 -  All houses for rental were assigned in Cascais
2024_11_12_T23:00:21 -  All houses for rental were assigned in Cascais
2024_11_12_T23:00:21 -  All houses for rental were assigned in Cascais
2024_11_12_T23:00:21 -  All houses for rental were assigned in Cascais
2024_11_12_T23:00:21 -  All houses for rental were assigned in Cascais
2024_11_12_T23:00:21 -  All houses for rental were assigned in Cascais
2024_11_12_T23:00:21 -  All houses for rental were assigned in Lisboa
2024_11_12_T23:00:21 -  All houses for rental were assigned in Lisboa
2024_11_12_T23:00:21 -  All houses for rental were assigned in Lisboa
2024_11_12_T23:00:21 -  All houses for rental were assigned in Lisboa
2024_11_12_T23:00:21 -  All houses for rental were assigned in Lisboa
2024_11_12_T23:00:21 -  All houses for rental were assigned in Lisboa
2024_11_12_T23:00:21 -  All houses for rental were assigned in Lisboa
2024_11_12_T23:00:21 -  All houses for rental were assigned in Lisboa
2024_11_12_T23:00:21 -  All houses for rental were assigned in Lisboa
2024_11_12_T23:00:21 -  All houses for rental were assigned in Lisboa
2024_11_12_T23:00:21 -  All houses for rental were assigned in Lisboa
2024_11_12_T23:00:21 -  All houses for rental were assigned in Lisboa
2024_11_12_T23:00:21 -  All houses for rental were assigned in Lisboa
2024_11_12_T23:00:21 -  All houses for rental were assigned in Lisboa
2024_11_12_T23:00:21 -  All houses for rental were assigned in Lisboa
2024_11_12_T23:00:21 -  All houses for rental were assigned in Lisboa
2024_11_12_T23:00:21 -  All houses for rental were assigned in Lisboa
2024_11_12_T23:00:21 -  All houses for rental were assigned in Lisboa
2024_11_12_T23:00:21 -  All houses for rental were assigned in Lisboa
2024_11_12_T23:00:21 -  All houses for rental were assigned in Lisboa
2024_11_12_T23:00:21 -  All houses for rental were assigned in Lisboa
2024_11_12_T23:00:21 -  All houses for rental were assigned in Lisboa
2024_11_12_T23:00:21 -  All houses for rental were assigned in Lisboa
2024_11_12_T23:00:21 -  All houses for rental were assigned in Lisboa
2024_11_12_T23:00:21 -  All houses for rental were assigned in Lisboa
2024_11_12_T23:00:21 -  All houses for rental were assigned in Lisboa
2024_11_12_T23:00:21 -  All houses for rental were assigned in Lisboa
2024_11_12_T23:00:21 -  All houses for rental were assigned in Lisboa
2024_11_12_T23:00:21 -  All houses for rental were assigned in Lisboa
2024_11_12_T23:00:21 -  All houses for rental were assigned in Lisboa
2024_11_12_T23:00:21 -  All houses for rental were assigned in Lisboa
2024_11_12_T23:00:21 -  All houses for rental were assigned in Lisboa
2024_11_12_T23:00:21 -  All houses for rental were assigned in Lisboa
2024_11_12_T23:00:21 -  All houses for rental were assigned in Lisboa
2024_11_12_T23:00:21 -  All houses for rental were assigned in Lisboa
2024_11_12_T23:00:21 -  All houses for rental were assigned in Lisboa
2024_11_12_T23:00:21 -  All houses for rental were assigned in Lisboa
2024_11_12_T23:00:21 -  All houses for rental were assigned in Lisboa
2024_11_12_T23:00:21 -  All houses for rental were assigned in Lisboa
2024_11_12_T23:00:21 -  All houses for rental were assigned in Lisboa
2024_11_12_T23:00:21 -  All houses for rental were assigned in Lisboa
2024_11_12_T23:00:21 -  All houses for rental were assigned in Lisboa
2024_11_12_T23:00:21 -  All houses for rental were assigned in Lisboa
2024_11_12_T23:00:21 -  All houses for rental were assigned in Lisboa
2024_11_12_T23:00:21 -  All houses for rental were assigned in Lisboa
2024_11_12_T23:00:21 -  All houses for rental were assigned in Lisboa
2024_11_12_T23:00:21 -  All houses for rental were assigned in Lisboa
2024_11_12_T23:00:21 -  All houses for rental were assigned in Lisboa
2024_11_12_T23:00:21 -  All houses for rental were assigned in Lisboa
2024_11_12_T23:00:21 -  All houses for rental were assigned in Lisboa
2024_11_12_T23:00:21 -  All houses for rental were assigned in Lisboa
2024_11_12_T23:00:21 -  All houses for rental were assigned in Lisboa
2024_11_12_T23:00:21 -  All houses for rental were assigned in Lisboa
2024_11_12_T23:00:21 -  All houses for rental were assigned in Lisboa
2024_11_12_T23:00:21 -  All houses for rental were assigned in Lisboa
2024_11_12_T23:00:21 -  All houses for rental were assigned in Lisboa
2024_11_12_T23:00:21 -  All houses for rental were assigned in Lisboa
2024_11_12_T23:00:21 -  All houses for rental were assigned in Lisboa
2024_11_12_T23:00:21 -  All houses for rental were assigned in Lisboa
2024_11_12_T23:00:21 -  All houses for rental were assigned in Lisboa
2024_11_12_T23:00:21 -  All houses for rental were assigned in Lisboa
2024_11_12_T23:00:21 -  All houses for rental were assigned in Lisboa
2024_11_12_T23:00:21 -  All houses for rental were assigned in Lisboa
2024_11_12_T23:00:21 -  All houses for rental were assigned in Lisboa
2024_11_12_T23:00:21 -  All houses for rental were assigned in Lisboa
2024_11_12_T23:00:21 -  All houses for rental were assigned in Lisboa
2024_11_12_T23:00:21 -  finished assignHousesToHouseholds in 1.5076699256896973 seconds
2024_11_12_T23:00:26 -  Metrics: sum_wealth took 9.5367431640625e-7
2024_11_12_T23:00:27 -  Metrics: wealth_distribution took 5.0067901611328125e-6
2024_11_12_T23:00:27 -  Metrics: money_distribution took 3.814697265625e-6
2024_11_12_T23:00:27 -  Metrics: size_distribution took 5.0067901611328125e-6
2024_11_12_T23:00:27 -  Metrics: age_distribution took 3.814697265625e-6
2024_11_12_T23:00:29 -  Metrics: sum_wealth took 3.1948089599609375e-5
2024_11_12_T23:00:30 -  Metrics: wealth_distribution took 0.011899232864379883
2024_11_12_T23:00:30 -  Metrics: money_distribution took 0.00043582916259765625
2024_11_12_T23:00:30 -  Metrics: size_distribution took 0.008008956909179688
2024_11_12_T23:00:30 -  Metrics: age_distribution took 0.00031685829162597656
2024_11_12_T23:00:32 -  Model step started
2024_11_12_T23:00:32 -  clearHangingSupplies started
2024_11_12_T23:00:32 -  clearHangingSupplies took 0.006031990051269531
2024_11_12_T23:00:32 -  clearHangingRentalSupplies started
2024_11_12_T23:00:32 -  clearHangingRentalSupplies took 0.073760986328125
2024_11_12_T23:00:33 -  clearHouseMarket started
2024_11_12_T23:00:33 -  clearHouseMarket - first block took 0.22455310821533203
2024_11_12_T23:00:33 -  clearHouseMarket - second block took 0.26273179054260254
2024_11_12_T23:00:33 -  clearHouseMarket - third block took 0.016512155532836914
2024_11_12_T23:00:33 -  clearRentalMarket started
2024_11_12_T23:00:33 -  clearRentalMarket - first block took 0.15366101264953613
2024_11_12_T23:00:33 -  clearRentalMarket - second block took 0.05978679656982422
2024_11_12_T23:00:34 -  Pushed house into housesBuiltPerRegion (location,size) = (Odivelas, LessThan75)
2024_11_12_T23:00:34 -  Pushed house into housesBuiltPerRegion (location,size) = (Sintra, LessThan50)
2024_11_12_T23:00:34 -  Pushed house into housesBuiltPerRegion (location,size) = (Sintra, LessThan75)
2024_11_12_T23:00:34 -  Pushed house into housesBuiltPerRegion (location,size) = (Sesimbra, More)
2024_11_12_T23:00:34 -  Model step took 1.464081048965454 seconds
2024_11_12_T23:00:34 -  Metrics: sum_wealth took 4.792213439941406e-5
2024_11_12_T23:00:34 -  Metrics: wealth_distribution took 0.0004029273986816406
2024_11_12_T23:00:34 -  Metrics: money_distribution took 0.00035691261291503906
2024_11_12_T23:00:34 -  Metrics: size_distribution took 0.0002460479736328125
2024_11_12_T23:00:34 -  Metrics: age_distribution took 0.0003261566162109375
2024_11_12_T23:00:36 -  Model step started
2024_11_12_T23:00:36 -  clearHangingSupplies started
2024_11_12_T23:00:36 -  clearHangingSupplies took 0.0001709461212158203
2024_11_12_T23:00:36 -  clearHangingRentalSupplies started
2024_11_12_T23:00:36 -  clearHangingRentalSupplies took 8.082389831542969e-5
2024_11_12_T23:00:36 -  clearHouseMarket started
2024_11_12_T23:00:36 -  clearHouseMarket - first block took 0.04236578941345215
2024_11_12_T23:00:36 -  clearHouseMarket - second block took 0.05769085884094238
2024_11_12_T23:00:36 -  clearHouseMarket - third block took 0.00011205673217773438
2024_11_12_T23:00:36 -  clearRentalMarket started
2024_11_12_T23:00:36 -  clearRentalMarket - first block took 0.008432865142822266
2024_11_12_T23:00:36 -  clearRentalMarket - second block took 0.00014901161193847656
2024_11_12_T23:00:36 -  Pushed house into housesBuiltPerRegion (location,size) = (Cascais, LessThan50)
2024_11_12_T23:00:36 -  Pushed house into housesBuiltPerRegion (location,size) = (Setubal, LessThan50)
2024_11_12_T23:00:36 -  Pushed house into housesBuiltPerRegion (location,size) = (Setubal, LessThan75)
2024_11_12_T23:00:36 -  Model step took 0.13147187232971191 seconds
2024_11_12_T23:00:36 -  Metrics: sum_wealth took 3.981590270996094e-5
2024_11_12_T23:00:36 -  Metrics: wealth_distribution took 0.0004248619079589844
2024_11_12_T23:00:36 -  Metrics: money_distribution took 0.00044608116149902344
2024_11_12_T23:00:36 -  Metrics: size_distribution took 0.0003459453582763672
2024_11_12_T23:00:36 -  Metrics: age_distribution took 0.00033092498779296875
2024_11_12_T23:00:38 -  Model step started
2024_11_12_T23:00:38 -  clearHangingSupplies started
2024_11_12_T23:00:38 -  clearHangingSupplies took 0.00018405914306640625
2024_11_12_T23:00:38 -  clearHangingRentalSupplies started
2024_11_12_T23:00:38 -  clearHangingRentalSupplies took 7.796287536621094e-5
2024_11_12_T23:00:38 -  clearHouseMarket started
2024_11_12_T23:00:38 -  clearHouseMarket - first block took 0.020325899124145508
