2024_10_30_T20:51:10 -  finished initateHouses in 0.7675940990447998 seconds
2024_10_30_T20:51:10 -  finished initiateHouseholds in 0.9733121395111084 seconds
2024_10_30_T20:51:11 -  All houses for rental were assigned in Lisboa
2024_10_30_T20:51:11 -  All houses for rental were assigned in Lisboa
2024_10_30_T20:51:11 -  All houses for rental were assigned in Lisboa
2024_10_30_T20:51:11 -  All houses for rental were assigned in Lisboa
2024_10_30_T20:51:11 -  All houses for rental were assigned in Lisboa
2024_10_30_T20:51:11 -  All houses for rental were assigned in Lisboa
2024_10_30_T20:51:11 -  All houses for rental were assigned in Lisboa
2024_10_30_T20:51:11 -  All houses for rental were assigned in Lisboa
2024_10_30_T20:51:11 -  All houses for rental were assigned in Lisboa
2024_10_30_T20:51:11 -  All houses for rental were assigned in Lisboa
2024_10_30_T20:51:11 -  All houses for rental were assigned in Lisboa
2024_10_30_T20:51:11 -  All houses for rental were assigned in Lisboa
2024_10_30_T20:51:11 -  All houses for rental were assigned in Lisboa
2024_10_30_T20:51:11 -  All houses for rental were assigned in Lisboa
2024_10_30_T20:51:11 -  All houses for rental were assigned in Lisboa
2024_10_30_T20:51:11 -  All houses for rental were assigned in Lisboa
2024_10_30_T20:51:11 -  All houses for rental were assigned in Lisboa
2024_10_30_T20:51:11 -  All houses for rental were assigned in Lisboa
2024_10_30_T20:51:11 -  All houses for rental were assigned in Lisboa
2024_10_30_T20:51:11 -  All houses for rental were assigned in Lisboa
2024_10_30_T20:51:11 -  All houses for rental were assigned in Lisboa
2024_10_30_T20:51:11 -  All houses for rental were assigned in Lisboa
2024_10_30_T20:51:11 -  All houses for rental were assigned in Lisboa
2024_10_30_T20:51:11 -  All houses for rental were assigned in Lisboa
2024_10_30_T20:51:11 -  All houses for rental were assigned in Lisboa
2024_10_30_T20:51:11 -  All houses for rental were assigned in Lisboa
2024_10_30_T20:51:11 -  All houses for rental were assigned in Lisboa
2024_10_30_T20:51:11 -  All houses for rental were assigned in Lisboa
2024_10_30_T20:51:11 -  All houses for rental were assigned in Lisboa
2024_10_30_T20:51:11 -  All houses for rental were assigned in Lisboa
2024_10_30_T20:51:11 -  All houses for rental were assigned in Lisboa
2024_10_30_T20:51:11 -  All houses for rental were assigned in Lisboa
2024_10_30_T20:51:11 -  All houses for rental were assigned in Lisboa
2024_10_30_T20:51:11 -  All houses for rental were assigned in Lisboa
2024_10_30_T20:51:11 -  All houses for rental were assigned in Lisboa
2024_10_30_T20:51:11 -  All houses for rental were assigned in Lisboa
2024_10_30_T20:51:11 -  All houses for rental were assigned in Lisboa
2024_10_30_T20:51:11 -  All houses for rental were assigned in Lisboa
2024_10_30_T20:51:11 -  All houses for rental were assigned in Lisboa
2024_10_30_T20:51:11 -  All houses for rental were assigned in Lisboa
2024_10_30_T20:51:11 -  All houses for rental were assigned in Lisboa
2024_10_30_T20:51:11 -  All houses for rental were assigned in Lisboa
2024_10_30_T20:51:11 -  All houses for rental were assigned in Lisboa
2024_10_30_T20:51:11 -  All houses for rental were assigned in Lisboa
2024_10_30_T20:51:11 -  All houses for rental were assigned in Lisboa
2024_10_30_T20:51:11 -  All houses for rental were assigned in Lisboa
2024_10_30_T20:51:11 -  All houses for rental were assigned in Lisboa
2024_10_30_T20:51:11 -  All houses for rental were assigned in Lisboa
2024_10_30_T20:51:11 -  All houses for rental were assigned in Lisboa
2024_10_30_T20:51:11 -  All houses for rental were assigned in Lisboa
2024_10_30_T20:51:11 -  All houses for rental were assigned in Lisboa
2024_10_30_T20:51:11 -  All houses for rental were assigned in Lisboa
2024_10_30_T20:51:11 -  All houses for rental were assigned in Lisboa
2024_10_30_T20:51:11 -  All houses for rental were assigned in Lisboa
2024_10_30_T20:51:11 -  All houses for rental were assigned in Lisboa
2024_10_30_T20:51:11 -  All houses for rental were assigned in Lisboa
2024_10_30_T20:51:11 -  All houses for rental were assigned in Lisboa
2024_10_30_T20:51:11 -  All houses for rental were assigned in Lisboa
2024_10_30_T20:51:11 -  All houses for rental were assigned in Lisboa
2024_10_30_T20:51:11 -  All houses for rental were assigned in Lisboa
2024_10_30_T20:51:11 -  All houses for rental were assigned in Lisboa
2024_10_30_T20:51:11 -  All houses for rental were assigned in Lisboa
2024_10_30_T20:51:11 -  All houses for rental were assigned in Lisboa
2024_10_30_T20:51:11 -  All houses for rental were assigned in Lisboa
2024_10_30_T20:51:11 -  All houses for rental were assigned in Lisboa
2024_10_30_T20:51:11 -  All houses for rental were assigned in Lisboa
2024_10_30_T20:51:11 -  All houses for rental were assigned in Lisboa
2024_10_30_T20:51:11 -  All houses for rental were assigned in Lisboa
2024_10_30_T20:51:11 -  All houses for rental were assigned in Lisboa
2024_10_30_T20:51:11 -  All houses for rental were assigned in Lisboa
2024_10_30_T20:51:11 -  All houses for rental were assigned in Lisboa
2024_10_30_T20:51:11 -  All houses for rental were assigned in Lisboa
2024_10_30_T20:51:11 -  All houses for rental were assigned in Lisboa
2024_10_30_T20:51:11 -  All houses for rental were assigned in Lisboa
2024_10_30_T20:51:11 -  All houses for rental were assigned in Lisboa
2024_10_30_T20:51:11 -  All houses for rental were assigned in Lisboa
2024_10_30_T20:51:11 -  All houses for rental were assigned in Lisboa
2024_10_30_T20:51:11 -  All houses for rental were assigned in Lisboa
2024_10_30_T20:51:11 -  All houses for rental were assigned in Lisboa
2024_10_30_T20:51:11 -  All houses for rental were assigned in Lisboa
2024_10_30_T20:51:11 -  All houses for rental were assigned in Lisboa
2024_10_30_T20:51:11 -  All houses for rental were assigned in Lisboa
2024_10_30_T20:51:11 -  All houses for rental were assigned in Lisboa
2024_10_30_T20:51:11 -  All houses for rental were assigned in Lisboa
2024_10_30_T20:51:11 -  All houses for rental were assigned in Lisboa
2024_10_30_T20:51:11 -  All houses for rental were assigned in Lisboa
2024_10_30_T20:51:11 -  All houses for rental were assigned in Lisboa
2024_10_30_T20:51:11 -  All houses for rental were assigned in Lisboa
2024_10_30_T20:51:11 -  All houses for rental were assigned in Lisboa
2024_10_30_T20:51:11 -  All houses for rental were assigned in Lisboa
2024_10_30_T20:51:11 -  All houses for rental were assigned in Lisboa
2024_10_30_T20:51:11 -  All houses for rental were assigned in Lisboa
2024_10_30_T20:51:11 -  All houses for rental were assigned in Lisboa
2024_10_30_T20:51:11 -  All houses for rental were assigned in Lisboa
2024_10_30_T20:51:11 -  All houses for rental were assigned in Lisboa
2024_10_30_T20:51:11 -  All houses for rental were assigned in Lisboa
2024_10_30_T20:51:11 -  All houses for rental were assigned in Lisboa
2024_10_30_T20:51:11 -  All houses for rental were assigned in Lisboa
2024_10_30_T20:51:11 -  All houses for rental were assigned in Lisboa
2024_10_30_T20:51:11 -  All houses for rental were assigned in Lisboa
2024_10_30_T20:51:11 -  All houses for rental were assigned in Lisboa
2024_10_30_T20:51:11 -  All houses for rental were assigned in Lisboa
2024_10_30_T20:51:11 -  All houses for rental were assigned in Lisboa
2024_10_30_T20:51:11 -  All houses for rental were assigned in Lisboa
2024_10_30_T20:51:11 -  All houses for rental were assigned in Lisboa
2024_10_30_T20:51:11 -  All houses for rental were assigned in Lisboa
2024_10_30_T20:51:11 -  All houses for rental were assigned in Lisboa
2024_10_30_T20:51:11 -  All houses for rental were assigned in Lisboa
2024_10_30_T20:51:11 -  All houses for rental were assigned in Lisboa
2024_10_30_T20:51:11 -  All houses for rental were assigned in Lisboa
2024_10_30_T20:51:11 -  All houses for rental were assigned in Lisboa
2024_10_30_T20:51:11 -  All houses for rental were assigned in Lisboa
2024_10_30_T20:51:11 -  All houses for rental were assigned in Lisboa
2024_10_30_T20:51:11 -  All houses for rental were assigned in Lisboa
2024_10_30_T20:51:11 -  All houses for rental were assigned in Lisboa
2024_10_30_T20:51:11 -  All houses for rental were assigned in Lisboa
2024_10_30_T20:51:11 -  All houses for rental were assigned in Lisboa
2024_10_30_T20:51:11 -  All houses for rental were assigned in Lisboa
2024_10_30_T20:51:11 -  All houses for rental were assigned in Lisboa
2024_10_30_T20:51:11 -  All houses for rental were assigned in Lisboa
2024_10_30_T20:51:11 -  All houses for rental were assigned in Lisboa
2024_10_30_T20:51:11 -  All houses for rental were assigned in Lisboa
2024_10_30_T20:51:11 -  All houses for rental were assigned in Lisboa
2024_10_30_T20:51:11 -  All houses for rental were assigned in Lisboa
2024_10_30_T20:51:11 -  All houses for rental were assigned in Lisboa
2024_10_30_T20:51:11 -  All houses for rental were assigned in Lisboa
2024_10_30_T20:51:11 -  All houses for rental were assigned in Lisboa
2024_10_30_T20:51:11 -  All houses for rental were assigned in Lisboa
2024_10_30_T20:51:11 -  All houses for rental were assigned in Lisboa
2024_10_30_T20:51:11 -  All houses for rental were assigned in Lisboa
2024_10_30_T20:51:11 -  All houses for rental were assigned in Lisboa
2024_10_30_T20:51:11 -  All houses for rental were assigned in Lisboa
2024_10_30_T20:51:11 -  All houses for rental were assigned in Lisboa
2024_10_30_T20:51:11 -  All houses for rental were assigned in Lisboa
2024_10_30_T20:51:11 -  All houses for rental were assigned in Lisboa
2024_10_30_T20:51:11 -  All houses for rental were assigned in Lisboa
2024_10_30_T20:51:11 -  All houses for rental were assigned in Lisboa
2024_10_30_T20:51:11 -  All houses for rental were assigned in Lisboa
2024_10_30_T20:51:11 -  All houses for rental were assigned in Lisboa
2024_10_30_T20:51:11 -  All houses for rental were assigned in Lisboa
2024_10_30_T20:51:11 -  All houses for rental were assigned in Lisboa
2024_10_30_T20:51:11 -  All houses for rental were assigned in Lisboa
2024_10_30_T20:51:11 -  All houses for rental were assigned in Lisboa
2024_10_30_T20:51:11 -  All houses for rental were assigned in Lisboa
2024_10_30_T20:51:11 -  All houses for rental were assigned in Lisboa
2024_10_30_T20:51:11 -  All houses for rental were assigned in Lisboa
2024_10_30_T20:51:11 -  All houses for rental were assigned in Lisboa
2024_10_30_T20:51:11 -  All houses for rental were assigned in Lisboa
2024_10_30_T20:51:11 -  All houses for rental were assigned in Lisboa
2024_10_30_T20:51:11 -  All houses for rental were assigned in Lisboa
2024_10_30_T20:51:11 -  All houses for rental were assigned in Lisboa
2024_10_30_T20:51:11 -  All houses for rental were assigned in Lisboa
2024_10_30_T20:51:11 -  All houses for rental were assigned in Lisboa
2024_10_30_T20:51:11 -  All houses for rental were assigned in Lisboa
2024_10_30_T20:51:11 -  All houses for rental were assigned in Lisboa
2024_10_30_T20:51:11 -  All houses for rental were assigned in Lisboa
2024_10_30_T20:51:11 -  All houses for rental were assigned in Lisboa
2024_10_30_T20:51:11 -  All houses for rental were assigned in Lisboa
2024_10_30_T20:51:11 -  All houses for rental were assigned in Lisboa
2024_10_30_T20:51:11 -  All houses for rental were assigned in Lisboa
2024_10_30_T20:51:11 -  All houses for rental were assigned in Lisboa
2024_10_30_T20:51:11 -  All houses for rental were assigned in Lisboa
2024_10_30_T20:51:11 -  All houses for rental were assigned in Lisboa
2024_10_30_T20:51:11 -  All houses for rental were assigned in Lisboa
2024_10_30_T20:51:11 -  All houses for rental were assigned in Lisboa
2024_10_30_T20:51:11 -  All houses for rental were assigned in Lisboa
2024_10_30_T20:51:11 -  All houses for rental were assigned in Lisboa
2024_10_30_T20:51:11 -  All houses for rental were assigned in Lisboa
2024_10_30_T20:51:11 -  All houses for rental were assigned in Lisboa
2024_10_30_T20:51:11 -  All houses for rental were assigned in Lisboa
2024_10_30_T20:51:11 -  All houses for rental were assigned in Lisboa
2024_10_30_T20:51:11 -  All houses for rental were assigned in Lisboa
2024_10_30_T20:51:11 -  All houses for rental were assigned in Lisboa
2024_10_30_T20:51:11 -  All houses for rental were assigned in Lisboa
2024_10_30_T20:51:11 -  All houses for rental were assigned in Lisboa
2024_10_30_T20:51:11 -  All houses for rental were assigned in Lisboa
2024_10_30_T20:51:11 -  All houses for rental were assigned in Lisboa
2024_10_30_T20:51:11 -  All houses for rental were assigned in Lisboa
2024_10_30_T20:51:11 -  All houses for rental were assigned in Lisboa
2024_10_30_T20:51:11 -  All houses for rental were assigned in Lisboa
2024_10_30_T20:51:11 -  All houses for rental were assigned in Lisboa
2024_10_30_T20:51:11 -  All houses for rental were assigned in Lisboa
2024_10_30_T20:51:11 -  All houses for rental were assigned in Lisboa
2024_10_30_T20:51:11 -  All houses for rental were assigned in Lisboa
2024_10_30_T20:51:11 -  All houses for rental were assigned in Lisboa
2024_10_30_T20:51:11 -  All houses for rental were assigned in Lisboa
2024_10_30_T20:51:11 -  All houses for rental were assigned in Lisboa
2024_10_30_T20:51:11 -  All houses for rental were assigned in Lisboa
2024_10_30_T20:51:11 -  All houses for rental were assigned in Lisboa
2024_10_30_T20:51:11 -  All houses for rental were assigned in Lisboa
2024_10_30_T20:51:11 -  All houses for rental were assigned in Lisboa
2024_10_30_T20:51:11 -  All houses for rental were assigned in Lisboa
2024_10_30_T20:51:11 -  All houses for rental were assigned in Lisboa
2024_10_30_T20:51:11 -  All houses for rental were assigned in Lisboa
2024_10_30_T20:51:11 -  All houses for rental were assigned in Lisboa
2024_10_30_T20:51:11 -  All houses for rental were assigned in Lisboa
2024_10_30_T20:51:11 -  All houses for rental were assigned in Lisboa
2024_10_30_T20:51:11 -  All houses for rental were assigned in Lisboa
2024_10_30_T20:51:11 -  All houses for rental were assigned in Lisboa
2024_10_30_T20:51:11 -  All houses for rental were assigned in Lisboa
2024_10_30_T20:51:11 -  All houses for rental were assigned in Lisboa
2024_10_30_T20:51:11 -  All houses for rental were assigned in Lisboa
2024_10_30_T20:51:11 -  All houses for rental were assigned in Lisboa
2024_10_30_T20:51:11 -  All houses for rental were assigned in Lisboa
2024_10_30_T20:51:11 -  All houses for rental were assigned in Lisboa
2024_10_30_T20:51:11 -  All houses for rental were assigned in Lisboa
2024_10_30_T20:51:11 -  All houses for rental were assigned in Lisboa
2024_10_30_T20:51:11 -  All houses for rental were assigned in Lisboa
2024_10_30_T20:51:11 -  All houses for rental were assigned in Lisboa
2024_10_30_T20:51:11 -  All houses for rental were assigned in Lisboa
2024_10_30_T20:51:11 -  All houses for rental were assigned in Lisboa
2024_10_30_T20:51:11 -  All houses for rental were assigned in Lisboa
2024_10_30_T20:51:11 -  All houses for rental were assigned in Lisboa
2024_10_30_T20:51:11 -  All houses for rental were assigned in Lisboa
2024_10_30_T20:51:11 -  All houses for rental were assigned in Lisboa
2024_10_30_T20:51:11 -  All houses for rental were assigned in Lisboa
2024_10_30_T20:51:11 -  All houses for rental were assigned in Lisboa
2024_10_30_T20:51:11 -  All houses for rental were assigned in Lisboa
2024_10_30_T20:51:11 -  All houses for rental were assigned in Lisboa
2024_10_30_T20:51:11 -  All houses for rental were assigned in Lisboa
2024_10_30_T20:51:11 -  All houses for rental were assigned in Lisboa
2024_10_30_T20:51:11 -  All houses for rental were assigned in Lisboa
2024_10_30_T20:51:11 -  All houses for rental were assigned in Lisboa
2024_10_30_T20:51:11 -  All houses for rental were assigned in Lisboa
2024_10_30_T20:51:11 -  All houses for rental were assigned in Lisboa
2024_10_30_T20:51:11 -  All houses for rental were assigned in Lisboa
2024_10_30_T20:51:11 -  All houses for rental were assigned in Lisboa
2024_10_30_T20:51:11 -  All houses for rental were assigned in Lisboa
2024_10_30_T20:51:11 -  All houses for rental were assigned in Lisboa
2024_10_30_T20:51:11 -  All houses for rental were assigned in Lisboa
2024_10_30_T20:51:11 -  All houses for rental were assigned in Lisboa
2024_10_30_T20:51:11 -  All houses for rental were assigned in Lisboa
2024_10_30_T20:51:11 -  All houses for rental were assigned in Lisboa
2024_10_30_T20:51:11 -  All houses for rental were assigned in Lisboa
2024_10_30_T20:51:11 -  All houses for rental were assigned in Lisboa
2024_10_30_T20:51:11 -  All houses for rental were assigned in Lisboa
2024_10_30_T20:51:11 -  All houses for rental were assigned in Lisboa
2024_10_30_T20:51:11 -  All houses for rental were assigned in Lisboa
2024_10_30_T20:51:11 -  All houses for rental were assigned in Lisboa
2024_10_30_T20:51:11 -  All houses for rental were assigned in Lisboa
2024_10_30_T20:51:11 -  All houses for rental were assigned in Lisboa
2024_10_30_T20:51:11 -  All houses for rental were assigned in Lisboa
2024_10_30_T20:51:11 -  All houses for rental were assigned in Lisboa
2024_10_30_T20:51:11 -  All houses for rental were assigned in Lisboa
2024_10_30_T20:51:11 -  All houses for rental were assigned in Lisboa
2024_10_30_T20:51:11 -  All houses for rental were assigned in Lisboa
2024_10_30_T20:51:11 -  All houses for rental were assigned in Lisboa
2024_10_30_T20:51:11 -  All houses for rental were assigned in Lisboa
2024_10_30_T20:51:11 -  All houses for rental were assigned in Lisboa
2024_10_30_T20:51:11 -  All houses for rental were assigned in Lisboa
2024_10_30_T20:51:11 -  All houses for rental were assigned in Lisboa
2024_10_30_T20:51:11 -  All houses for rental were assigned in Lisboa
2024_10_30_T20:51:11 -  All houses for rental were assigned in Lisboa
2024_10_30_T20:51:11 -  All houses for rental were assigned in Lisboa
2024_10_30_T20:51:11 -  All houses for rental were assigned in Lisboa
2024_10_30_T20:51:11 -  All houses for rental were assigned in Lisboa
2024_10_30_T20:51:11 -  All houses for rental were assigned in Lisboa
2024_10_30_T20:51:11 -  All houses for rental were assigned in Lisboa
2024_10_30_T20:51:11 -  All houses for rental were assigned in Lisboa
2024_10_30_T20:51:11 -  All houses for rental were assigned in Lisboa
2024_10_30_T20:51:11 -  All houses for rental were assigned in Lisboa
2024_10_30_T20:51:11 -  All houses for rental were assigned in Lisboa
2024_10_30_T20:51:11 -  All houses for rental were assigned in Lisboa
2024_10_30_T20:51:11 -  All houses for rental were assigned in Lisboa
2024_10_30_T20:51:11 -  All houses for rental were assigned in Lisboa
2024_10_30_T20:51:11 -  All houses for rental were assigned in Lisboa
2024_10_30_T20:51:11 -  All houses for rental were assigned in Lisboa
2024_10_30_T20:51:11 -  All houses for rental were assigned in Lisboa
2024_10_30_T20:51:11 -  All houses for rental were assigned in Lisboa
2024_10_30_T20:51:11 -  All houses for rental were assigned in Lisboa
2024_10_30_T20:51:11 -  All houses for rental were assigned in Lisboa
2024_10_30_T20:51:11 -  All houses for rental were assigned in Lisboa
2024_10_30_T20:51:11 -  All houses for rental were assigned in Lisboa
2024_10_30_T20:51:11 -  All houses for rental were assigned in Lisboa
2024_10_30_T20:51:11 -  All houses for rental were assigned in Lisboa
2024_10_30_T20:51:11 -  All houses for rental were assigned in Lisboa
2024_10_30_T20:51:11 -  All houses for rental were assigned in Lisboa
2024_10_30_T20:51:11 -  All houses for rental were assigned in Lisboa
2024_10_30_T20:51:11 -  All houses for rental were assigned in Lisboa
2024_10_30_T20:51:11 -  All houses for rental were assigned in Lisboa
2024_10_30_T20:51:11 -  All houses for rental were assigned in Lisboa
2024_10_30_T20:51:11 -  All houses for rental were assigned in Lisboa
2024_10_30_T20:51:11 -  All houses for rental were assigned in Lisboa
2024_10_30_T20:51:11 -  All houses for rental were assigned in Lisboa
2024_10_30_T20:51:11 -  All houses for rental were assigned in Lisboa
2024_10_30_T20:51:11 -  All houses for rental were assigned in Lisboa
2024_10_30_T20:51:11 -  All houses for rental were assigned in Lisboa
2024_10_30_T20:51:11 -  All houses for rental were assigned in Lisboa
2024_10_30_T20:51:11 -  All houses for rental were assigned in Lisboa
2024_10_30_T20:51:11 -  All houses for rental were assigned in Lisboa
2024_10_30_T20:51:11 -  All houses for rental were assigned in Lisboa
2024_10_30_T20:51:11 -  All houses for rental were assigned in Lisboa
2024_10_30_T20:51:11 -  All houses for rental were assigned in Lisboa
2024_10_30_T20:51:11 -  All houses for rental were assigned in Lisboa
2024_10_30_T20:51:11 -  All houses for rental were assigned in Lisboa
2024_10_30_T20:51:11 -  All houses for rental were assigned in Lisboa
2024_10_30_T20:51:11 -  All houses for rental were assigned in Lisboa
2024_10_30_T20:51:11 -  All houses for rental were assigned in Lisboa
2024_10_30_T20:51:11 -  All houses for rental were assigned in Lisboa
2024_10_30_T20:51:11 -  All houses for rental were assigned in Lisboa
2024_10_30_T20:51:11 -  All houses for rental were assigned in Lisboa
2024_10_30_T20:51:11 -  All houses for rental were assigned in Lisboa
2024_10_30_T20:51:11 -  All houses for rental were assigned in Lisboa
2024_10_30_T20:51:11 -  All houses for rental were assigned in Lisboa
2024_10_30_T20:51:11 -  All houses for rental were assigned in Lisboa
2024_10_30_T20:51:11 -  All houses for rental were assigned in Lisboa
2024_10_30_T20:51:11 -  All houses for rental were assigned in Lisboa
2024_10_30_T20:51:11 -  All houses for rental were assigned in Lisboa
2024_10_30_T20:51:11 -  All houses for rental were assigned in Lisboa
2024_10_30_T20:51:11 -  All houses for rental were assigned in Lisboa
2024_10_30_T20:51:11 -  All houses for rental were assigned in Lisboa
2024_10_30_T20:51:11 -  All houses for rental were assigned in Lisboa
2024_10_30_T20:51:11 -  All houses for rental were assigned in Lisboa
2024_10_30_T20:51:11 -  All houses for rental were assigned in Lisboa
2024_10_30_T20:51:11 -  All houses for rental were assigned in Lisboa
2024_10_30_T20:51:11 -  All houses for rental were assigned in Lisboa
2024_10_30_T20:51:11 -  All houses for rental were assigned in Lisboa
2024_10_30_T20:51:11 -  All houses for rental were assigned in Lisboa
2024_10_30_T20:51:11 -  All houses for rental were assigned in Lisboa
2024_10_30_T20:51:11 -  All houses for rental were assigned in Lisboa
2024_10_30_T20:51:11 -  All houses for rental were assigned in Lisboa
2024_10_30_T20:51:11 -  All houses for rental were assigned in Lisboa
2024_10_30_T20:51:11 -  All houses for rental were assigned in Lisboa
2024_10_30_T20:51:11 -  All houses for rental were assigned in Lisboa
2024_10_30_T20:51:11 -  All houses for rental were assigned in Lisboa
2024_10_30_T20:51:11 -  All houses for rental were assigned in Lisboa
2024_10_30_T20:51:11 -  All houses for rental were assigned in Lisboa
2024_10_30_T20:51:11 -  All houses for rental were assigned in Lisboa
2024_10_30_T20:51:11 -  All houses for rental were assigned in Lisboa
2024_10_30_T20:51:11 -  All houses for rental were assigned in Lisboa
2024_10_30_T20:51:11 -  All houses for rental were assigned in Lisboa
2024_10_30_T20:51:11 -  All houses for rental were assigned in Lisboa
2024_10_30_T20:51:11 -  All houses for rental were assigned in Lisboa
2024_10_30_T20:51:11 -  All houses for rental were assigned in Lisboa
2024_10_30_T20:51:11 -  All houses for rental were assigned in Lisboa
2024_10_30_T20:51:11 -  All houses for rental were assigned in Lisboa
2024_10_30_T20:51:11 -  All houses for rental were assigned in Lisboa
2024_10_30_T20:51:11 -  All houses for rental were assigned in Lisboa
2024_10_30_T20:51:11 -  All houses for rental were assigned in Lisboa
2024_10_30_T20:51:11 -  All houses for rental were assigned in Lisboa
2024_10_30_T20:51:11 -  All houses for rental were assigned in Lisboa
2024_10_30_T20:51:11 -  All houses for rental were assigned in Lisboa
2024_10_30_T20:51:11 -  All houses for rental were assigned in Lisboa
2024_10_30_T20:51:11 -  All houses for rental were assigned in Lisboa
2024_10_30_T20:51:11 -  All houses for rental were assigned in Lisboa
2024_10_30_T20:51:11 -  All houses for rental were assigned in Lisboa
2024_10_30_T20:51:11 -  All houses for rental were assigned in Lisboa
2024_10_30_T20:51:11 -  All houses for rental were assigned in Lisboa
2024_10_30_T20:51:11 -  All houses for rental were assigned in Lisboa
2024_10_30_T20:51:11 -  All houses for rental were assigned in Lisboa
2024_10_30_T20:51:11 -  All houses for rental were assigned in Lisboa
2024_10_30_T20:51:11 -  All houses for rental were assigned in Lisboa
2024_10_30_T20:51:11 -  All houses for rental were assigned in Lisboa
2024_10_30_T20:51:11 -  All houses for rental were assigned in Lisboa
2024_10_30_T20:51:11 -  All houses for rental were assigned in Lisboa
2024_10_30_T20:51:11 -  All home owners were assigned in Lisboa
2024_10_30_T20:51:11 -  All home owners were assigned in Lisboa
2024_10_30_T20:51:11 -  All home owners were assigned in Lisboa
2024_10_30_T20:51:11 -  All home owners were assigned in Lisboa
2024_10_30_T20:51:11 -  All home owners were assigned in Lisboa
2024_10_30_T20:51:11 -  All home owners were assigned in Lisboa
2024_10_30_T20:51:11 -  All home owners were assigned in Lisboa
2024_10_30_T20:51:11 -  All home owners were assigned in Lisboa
2024_10_30_T20:51:11 -  All home owners were assigned in Lisboa
2024_10_30_T20:51:11 -  All home owners were assigned in Lisboa
2024_10_30_T20:51:11 -  All home owners were assigned in Lisboa
2024_10_30_T20:51:11 -  All home owners were assigned in Lisboa
2024_10_30_T20:51:11 -  All home owners were assigned in Lisboa
2024_10_30_T20:51:11 -  All home owners were assigned in Lisboa
2024_10_30_T20:51:11 -  All home owners were assigned in Lisboa
2024_10_30_T20:51:11 -  All home owners were assigned in Lisboa
2024_10_30_T20:51:11 -  All home owners were assigned in Lisboa
2024_10_30_T20:51:11 -  All home owners were assigned in Lisboa
2024_10_30_T20:51:11 -  All home owners were assigned in Lisboa
2024_10_30_T20:51:11 -  All home owners were assigned in Lisboa
2024_10_30_T20:51:11 -  All home owners were assigned in Lisboa
2024_10_30_T20:51:11 -  All home owners were assigned in Lisboa
2024_10_30_T20:51:11 -  All home owners were assigned in Lisboa
2024_10_30_T20:51:11 -  All home owners were assigned in Lisboa
2024_10_30_T20:51:11 -  All home owners were assigned in Lisboa
2024_10_30_T20:51:11 -  All home owners were assigned in Lisboa
2024_10_30_T20:51:11 -  All home owners were assigned in Lisboa
2024_10_30_T20:51:11 -  All home owners were assigned in Lisboa
2024_10_30_T20:51:11 -  All home owners were assigned in Lisboa
2024_10_30_T20:51:11 -  All home owners were assigned in Lisboa
2024_10_30_T20:51:11 -  All home owners were assigned in Lisboa
2024_10_30_T20:51:11 -  All home owners were assigned in Lisboa
2024_10_30_T20:51:11 -  All home owners were assigned in Lisboa
2024_10_30_T20:51:11 -  All home owners were assigned in Lisboa
2024_10_30_T20:51:11 -  All home owners were assigned in Lisboa
2024_10_30_T20:51:11 -  All home owners were assigned in Lisboa
2024_10_30_T20:51:11 -  All home owners were assigned in Lisboa
2024_10_30_T20:51:11 -  All home owners were assigned in Lisboa
2024_10_30_T20:51:11 -  All home owners were assigned in Lisboa
2024_10_30_T20:51:11 -  All home owners were assigned in Lisboa
2024_10_30_T20:51:11 -  All home owners were assigned in Lisboa
2024_10_30_T20:51:11 -  All home owners were assigned in Lisboa
2024_10_30_T20:51:11 -  All home owners were assigned in Lisboa
2024_10_30_T20:51:11 -  All home owners were assigned in Lisboa
2024_10_30_T20:51:11 -  All home owners were assigned in Lisboa
2024_10_30_T20:51:11 -  All home owners were assigned in Lisboa
2024_10_30_T20:51:11 -  All home owners were assigned in Lisboa
2024_10_30_T20:51:11 -  All home owners were assigned in Lisboa
2024_10_30_T20:51:11 -  All home owners were assigned in Lisboa
2024_10_30_T20:51:11 -  All home owners were assigned in Lisboa
2024_10_30_T20:51:11 -  All home owners were assigned in Lisboa
2024_10_30_T20:51:11 -  All home owners were assigned in Lisboa
2024_10_30_T20:51:11 -  All home owners were assigned in Lisboa
2024_10_30_T20:51:11 -  All home owners were assigned in Lisboa
2024_10_30_T20:51:11 -  All home owners were assigned in Lisboa
2024_10_30_T20:51:11 -  All home owners were assigned in Lisboa
2024_10_30_T20:51:11 -  All home owners were assigned in Lisboa
2024_10_30_T20:51:11 -  All home owners were assigned in Lisboa
2024_10_30_T20:51:11 -  All home owners were assigned in Lisboa
2024_10_30_T20:51:11 -  All home owners were assigned in Lisboa
2024_10_30_T20:51:11 -  All home owners were assigned in Lisboa
2024_10_30_T20:51:11 -  All home owners were assigned in Lisboa
2024_10_30_T20:51:11 -  All home owners were assigned in Lisboa
2024_10_30_T20:51:11 -  All home owners were assigned in Lisboa
2024_10_30_T20:51:11 -  All home owners were assigned in Lisboa
2024_10_30_T20:51:11 -  All home owners were assigned in Lisboa
2024_10_30_T20:51:11 -  All home owners were assigned in Lisboa
2024_10_30_T20:51:11 -  All home owners were assigned in Lisboa
2024_10_30_T20:51:11 -  All home owners were assigned in Lisboa
2024_10_30_T20:51:11 -  All home owners were assigned in Lisboa
2024_10_30_T20:51:11 -  All home owners were assigned in Lisboa
2024_10_30_T20:51:11 -  All home owners were assigned in Lisboa
2024_10_30_T20:51:11 -  All home owners were assigned in Lisboa
2024_10_30_T20:51:11 -  All home owners were assigned in Lisboa
2024_10_30_T20:51:11 -  All home owners were assigned in Lisboa
2024_10_30_T20:51:11 -  All home owners were assigned in Lisboa
2024_10_30_T20:51:11 -  All home owners were assigned in Lisboa
2024_10_30_T20:51:11 -  All home owners were assigned in Lisboa
2024_10_30_T20:51:11 -  All home owners were assigned in Lisboa
2024_10_30_T20:51:11 -  All home owners were assigned in Lisboa
2024_10_30_T20:51:11 -  All home owners were assigned in Lisboa
2024_10_30_T20:51:11 -  All home owners were assigned in Lisboa
2024_10_30_T20:51:11 -  All home owners were assigned in Lisboa
2024_10_30_T20:51:11 -  All home owners were assigned in Lisboa
2024_10_30_T20:51:11 -  All home owners were assigned in Lisboa
2024_10_30_T20:51:11 -  All home owners were assigned in Lisboa
2024_10_30_T20:51:11 -  All home owners were assigned in Lisboa
2024_10_30_T20:51:11 -  All home owners were assigned in Lisboa
2024_10_30_T20:51:11 -  All home owners were assigned in Lisboa
2024_10_30_T20:51:11 -  All home owners were assigned in Lisboa
2024_10_30_T20:51:11 -  All home owners were assigned in Lisboa
2024_10_30_T20:51:11 -  All home owners were assigned in Lisboa
2024_10_30_T20:51:11 -  All home owners were assigned in Lisboa
2024_10_30_T20:51:11 -  All home owners were assigned in Lisboa
2024_10_30_T20:51:11 -  All home owners were assigned in Lisboa
2024_10_30_T20:51:11 -  All home owners were assigned in Lisboa
2024_10_30_T20:51:11 -  All home owners were assigned in Lisboa
2024_10_30_T20:51:11 -  All home owners were assigned in Lisboa
2024_10_30_T20:51:11 -  All home owners were assigned in Lisboa
2024_10_30_T20:51:11 -  All home owners were assigned in Lisboa
2024_10_30_T20:51:11 -  All home owners were assigned in Lisboa
2024_10_30_T20:51:11 -  All home owners were assigned in Lisboa
2024_10_30_T20:51:11 -  All home owners were assigned in Lisboa
2024_10_30_T20:51:11 -  All home owners were assigned in Lisboa
2024_10_30_T20:51:11 -  All home owners were assigned in Lisboa
2024_10_30_T20:51:11 -  All home owners were assigned in Lisboa
2024_10_30_T20:51:11 -  All home owners were assigned in Lisboa
2024_10_30_T20:51:11 -  All home owners were assigned in Lisboa
2024_10_30_T20:51:11 -  All home owners were assigned in Lisboa
2024_10_30_T20:51:11 -  All home owners were assigned in Lisboa
2024_10_30_T20:51:11 -  All home owners were assigned in Lisboa
2024_10_30_T20:51:11 -  All home owners were assigned in Lisboa
2024_10_30_T20:51:11 -  All home owners were assigned in Lisboa
2024_10_30_T20:51:11 -  All home owners were assigned in Lisboa
2024_10_30_T20:51:11 -  All home owners were assigned in Lisboa
2024_10_30_T20:51:11 -  All home owners were assigned in Lisboa
2024_10_30_T20:51:11 -  All home owners were assigned in Lisboa
2024_10_30_T20:51:11 -  All home owners were assigned in Lisboa
2024_10_30_T20:51:11 -  All home owners were assigned in Lisboa
2024_10_30_T20:51:11 -  All home owners were assigned in Lisboa
2024_10_30_T20:51:11 -  All home owners were assigned in Lisboa
2024_10_30_T20:51:11 -  All home owners were assigned in Lisboa
2024_10_30_T20:51:11 -  All home owners were assigned in Lisboa
2024_10_30_T20:51:11 -  All home owners were assigned in Lisboa
2024_10_30_T20:51:11 -  All home owners were assigned in Lisboa
2024_10_30_T20:51:11 -  All home owners were assigned in Lisboa
2024_10_30_T20:51:11 -  All home owners were assigned in Lisboa
2024_10_30_T20:51:11 -  All home owners were assigned in Lisboa
2024_10_30_T20:51:11 -  All home owners were assigned in Lisboa
2024_10_30_T20:51:11 -  All home owners were assigned in Lisboa
2024_10_30_T20:51:11 -  All home owners were assigned in Lisboa
2024_10_30_T20:51:11 -  All home owners were assigned in Lisboa
2024_10_30_T20:51:11 -  All home owners were assigned in Lisboa
2024_10_30_T20:51:11 -  All home owners were assigned in Lisboa
2024_10_30_T20:51:11 -  All home owners were assigned in Lisboa
2024_10_30_T20:51:11 -  All home owners were assigned in Lisboa
2024_10_30_T20:51:11 -  All home owners were assigned in Lisboa
2024_10_30_T20:51:11 -  All home owners were assigned in Lisboa
2024_10_30_T20:51:11 -  All home owners were assigned in Lisboa
2024_10_30_T20:51:11 -  All home owners were assigned in Lisboa
2024_10_30_T20:51:11 -  All home owners were assigned in Lisboa
2024_10_30_T20:51:11 -  All home owners were assigned in Lisboa
2024_10_30_T20:51:11 -  All home owners were assigned in Lisboa
2024_10_30_T20:51:11 -  All home owners were assigned in Lisboa
2024_10_30_T20:51:11 -  All home owners were assigned in Lisboa
2024_10_30_T20:51:11 -  All home owners were assigned in Lisboa
2024_10_30_T20:51:11 -  All home owners were assigned in Lisboa
2024_10_30_T20:51:11 -  All home owners were assigned in Lisboa
2024_10_30_T20:51:11 -  All home owners were assigned in Lisboa
2024_10_30_T20:51:11 -  All home owners were assigned in Lisboa
2024_10_30_T20:51:11 -  All home owners were assigned in Lisboa
2024_10_30_T20:51:11 -  All home owners were assigned in Lisboa
2024_10_30_T20:51:11 -  All home owners were assigned in Lisboa
2024_10_30_T20:51:11 -  All home owners were assigned in Lisboa
2024_10_30_T20:51:11 -  All home owners were assigned in Lisboa
2024_10_30_T20:51:11 -  All home owners were assigned in Lisboa
2024_10_30_T20:51:11 -  All home owners were assigned in Lisboa
2024_10_30_T20:51:11 -  All home owners were assigned in Lisboa
2024_10_30_T20:51:11 -  All home owners were assigned in Lisboa
2024_10_30_T20:51:11 -  All home owners were assigned in Lisboa
2024_10_30_T20:51:11 -  All home owners were assigned in Lisboa
2024_10_30_T20:51:11 -  All home owners were assigned in Lisboa
2024_10_30_T20:51:11 -  All home owners were assigned in Lisboa
2024_10_30_T20:51:11 -  All home owners were assigned in Lisboa
2024_10_30_T20:51:11 -  All home owners were assigned in Lisboa
2024_10_30_T20:51:11 -  All home owners were assigned in Lisboa
2024_10_30_T20:51:11 -  All home owners were assigned in Lisboa
2024_10_30_T20:51:11 -  All home owners were assigned in Lisboa
2024_10_30_T20:51:11 -  All home owners were assigned in Lisboa
2024_10_30_T20:51:11 -  All home owners were assigned in Lisboa
2024_10_30_T20:51:11 -  All home owners were assigned in Lisboa
2024_10_30_T20:51:11 -  All home owners were assigned in Lisboa
2024_10_30_T20:51:11 -  All home owners were assigned in Lisboa
2024_10_30_T20:51:11 -  All home owners were assigned in Lisboa
2024_10_30_T20:51:11 -  All home owners were assigned in Lisboa
2024_10_30_T20:51:11 -  All home owners were assigned in Lisboa
2024_10_30_T20:51:11 -  All home owners were assigned in Lisboa
2024_10_30_T20:51:11 -  All home owners were assigned in Lisboa
2024_10_30_T20:51:11 -  All home owners were assigned in Lisboa
2024_10_30_T20:51:11 -  All home owners were assigned in Lisboa
2024_10_30_T20:51:11 -  All home owners were assigned in Lisboa
2024_10_30_T20:51:11 -  All home owners were assigned in Lisboa
2024_10_30_T20:51:11 -  All home owners were assigned in Lisboa
2024_10_30_T20:51:11 -  All home owners were assigned in Lisboa
2024_10_30_T20:51:11 -  All home owners were assigned in Lisboa
2024_10_30_T20:51:11 -  All home owners were assigned in Lisboa
2024_10_30_T20:51:11 -  All home owners were assigned in Lisboa
2024_10_30_T20:51:11 -  All home owners were assigned in Lisboa
2024_10_30_T20:51:11 -  All home owners were assigned in Lisboa
2024_10_30_T20:51:11 -  All home owners were assigned in Lisboa
2024_10_30_T20:51:11 -  All home owners were assigned in Lisboa
2024_10_30_T20:51:11 -  All home owners were assigned in Lisboa
2024_10_30_T20:51:11 -  All home owners were assigned in Lisboa
2024_10_30_T20:51:11 -  All home owners were assigned in Lisboa
2024_10_30_T20:51:11 -  All home owners were assigned in Lisboa
2024_10_30_T20:51:11 -  All home owners were assigned in Lisboa
2024_10_30_T20:51:11 -  All home owners were assigned in Lisboa
2024_10_30_T20:51:11 -  All home owners were assigned in Lisboa
2024_10_30_T20:51:11 -  All home owners were assigned in Lisboa
2024_10_30_T20:51:11 -  All home owners were assigned in Lisboa
2024_10_30_T20:51:11 -  All home owners were assigned in Lisboa
2024_10_30_T20:51:11 -  All home owners were assigned in Lisboa
2024_10_30_T20:51:11 -  All home owners were assigned in Lisboa
2024_10_30_T20:51:11 -  All home owners were assigned in Lisboa
2024_10_30_T20:51:11 -  All home owners were assigned in Lisboa
2024_10_30_T20:51:11 -  All home owners were assigned in Lisboa
2024_10_30_T20:51:11 -  All home owners were assigned in Lisboa
2024_10_30_T20:51:11 -  All home owners were assigned in Lisboa
2024_10_30_T20:51:11 -  All home owners were assigned in Lisboa
2024_10_30_T20:51:11 -  All home owners were assigned in Lisboa
2024_10_30_T20:51:11 -  All home owners were assigned in Lisboa
2024_10_30_T20:51:11 -  All home owners were assigned in Lisboa
2024_10_30_T20:51:11 -  All home owners were assigned in Lisboa
2024_10_30_T20:51:11 -  All home owners were assigned in Lisboa
2024_10_30_T20:51:11 -  All home owners were assigned in Lisboa
2024_10_30_T20:51:11 -  All home owners were assigned in Lisboa
2024_10_30_T20:51:11 -  All home owners were assigned in Lisboa
2024_10_30_T20:51:11 -  All home owners were assigned in Lisboa
2024_10_30_T20:51:11 -  All home owners were assigned in Lisboa
2024_10_30_T20:51:11 -  All home owners were assigned in Lisboa
2024_10_30_T20:51:11 -  All home owners were assigned in Lisboa
2024_10_30_T20:51:11 -  All home owners were assigned in Lisboa
2024_10_30_T20:51:11 -  All home owners were assigned in Lisboa
2024_10_30_T20:51:11 -  All home owners were assigned in Lisboa
2024_10_30_T20:51:11 -  All home owners were assigned in Lisboa
2024_10_30_T20:51:11 -  All home owners were assigned in Lisboa
2024_10_30_T20:51:11 -  All home owners were assigned in Lisboa
2024_10_30_T20:51:11 -  All home owners were assigned in Lisboa
2024_10_30_T20:51:11 -  All home owners were assigned in Lisboa
2024_10_30_T20:51:11 -  All home owners were assigned in Lisboa
2024_10_30_T20:51:11 -  All home owners were assigned in Lisboa
2024_10_30_T20:51:11 -  All home owners were assigned in Lisboa
2024_10_30_T20:51:11 -  All home owners were assigned in Lisboa
2024_10_30_T20:51:11 -  All home owners were assigned in Lisboa
2024_10_30_T20:51:11 -  All home owners were assigned in Lisboa
2024_10_30_T20:51:11 -  All home owners were assigned in Lisboa
2024_10_30_T20:51:11 -  All home owners were assigned in Lisboa
2024_10_30_T20:51:11 -  All home owners were assigned in Lisboa
2024_10_30_T20:51:11 -  All home owners were assigned in Lisboa
2024_10_30_T20:51:11 -  All home owners were assigned in Lisboa
2024_10_30_T20:51:11 -  All home owners were assigned in Lisboa
2024_10_30_T20:51:11 -  All home owners were assigned in Lisboa
2024_10_30_T20:51:11 -  All home owners were assigned in Lisboa
2024_10_30_T20:51:11 -  All home owners were assigned in Lisboa
2024_10_30_T20:51:11 -  All home owners were assigned in Lisboa
2024_10_30_T20:51:11 -  All home owners were assigned in Lisboa
2024_10_30_T20:51:11 -  All home owners were assigned in Lisboa
2024_10_30_T20:51:11 -  All home owners were assigned in Lisboa
2024_10_30_T20:51:11 -  All home owners were assigned in Lisboa
2024_10_30_T20:51:11 -  All home owners were assigned in Lisboa
2024_10_30_T20:51:11 -  All home owners were assigned in Lisboa
2024_10_30_T20:51:11 -  All home owners were assigned in Lisboa
2024_10_30_T20:51:11 -  All home owners were assigned in Lisboa
2024_10_30_T20:51:11 -  All home owners were assigned in Lisboa
2024_10_30_T20:51:11 -  All home owners were assigned in Lisboa
2024_10_30_T20:51:11 -  All home owners were assigned in Lisboa
2024_10_30_T20:51:11 -  All home owners were assigned in Lisboa
2024_10_30_T20:51:11 -  All home owners were assigned in Lisboa
2024_10_30_T20:51:11 -  All home owners were assigned in Lisboa
2024_10_30_T20:51:11 -  All home owners were assigned in Lisboa
2024_10_30_T20:51:11 -  All home owners were assigned in Lisboa
2024_10_30_T20:51:11 -  All home owners were assigned in Lisboa
2024_10_30_T20:51:11 -  All home owners were assigned in Lisboa
2024_10_30_T20:51:11 -  All home owners were assigned in Lisboa
2024_10_30_T20:51:11 -  All home owners were assigned in Lisboa
2024_10_30_T20:51:11 -  All home owners were assigned in Lisboa
2024_10_30_T20:51:11 -  All home owners were assigned in Lisboa
2024_10_30_T20:51:11 -  All home owners were assigned in Lisboa
2024_10_30_T20:51:11 -  All home owners were assigned in Lisboa
2024_10_30_T20:51:11 -  All home owners were assigned in Lisboa
2024_10_30_T20:51:11 -  All home owners were assigned in Lisboa
2024_10_30_T20:51:11 -  All home owners were assigned in Lisboa
2024_10_30_T20:51:11 -  All home owners were assigned in Lisboa
2024_10_30_T20:51:11 -  All home owners were assigned in Lisboa
2024_10_30_T20:51:11 -  All home owners were assigned in Lisboa
2024_10_30_T20:51:11 -  All home owners were assigned in Lisboa
2024_10_30_T20:51:11 -  All home owners were assigned in Lisboa
2024_10_30_T20:51:11 -  All home owners were assigned in Lisboa
2024_10_30_T20:51:11 -  All home owners were assigned in Lisboa
2024_10_30_T20:51:11 -  All home owners were assigned in Lisboa
2024_10_30_T20:51:11 -  All home owners were assigned in Lisboa
2024_10_30_T20:51:11 -  All home owners were assigned in Lisboa
2024_10_30_T20:51:11 -  All home owners were assigned in Lisboa
2024_10_30_T20:51:11 -  All home owners were assigned in Lisboa
2024_10_30_T20:51:11 -  All home owners were assigned in Lisboa
2024_10_30_T20:51:11 -  All home owners were assigned in Lisboa
2024_10_30_T20:51:11 -  All home owners were assigned in Lisboa
2024_10_30_T20:51:11 -  All home owners were assigned in Lisboa
2024_10_30_T20:51:11 -  All home owners were assigned in Lisboa
2024_10_30_T20:51:11 -  All home owners were assigned in Lisboa
2024_10_30_T20:51:11 -  All home owners were assigned in Lisboa
2024_10_30_T20:51:11 -  All home owners were assigned in Lisboa
2024_10_30_T20:51:11 -  All home owners were assigned in Lisboa
2024_10_30_T20:51:11 -  All home owners were assigned in Lisboa
2024_10_30_T20:51:11 -  All home owners were assigned in Lisboa
2024_10_30_T20:51:11 -  All home owners were assigned in Lisboa
2024_10_30_T20:51:11 -  All home owners were assigned in Lisboa
2024_10_30_T20:51:11 -  All home owners were assigned in Lisboa
2024_10_30_T20:51:11 -  All home owners were assigned in Lisboa
2024_10_30_T20:51:11 -  All home owners were assigned in Lisboa
2024_10_30_T20:51:11 -  All home owners were assigned in Lisboa
2024_10_30_T20:51:11 -  All home owners were assigned in Lisboa
2024_10_30_T20:51:11 -  All home owners were assigned in Lisboa
2024_10_30_T20:51:11 -  All home owners were assigned in Lisboa
2024_10_30_T20:51:11 -  All home owners were assigned in Lisboa
2024_10_30_T20:51:11 -  All home owners were assigned in Lisboa
2024_10_30_T20:51:11 -  All home owners were assigned in Lisboa
2024_10_30_T20:51:11 -  All home owners were assigned in Lisboa
2024_10_30_T20:51:11 -  All home owners were assigned in Lisboa
2024_10_30_T20:51:11 -  All home owners were assigned in Lisboa
2024_10_30_T20:51:11 -  All home owners were assigned in Lisboa
2024_10_30_T20:51:11 -  All home owners were assigned in Lisboa
2024_10_30_T20:51:11 -  All home owners were assigned in Lisboa
2024_10_30_T20:51:11 -  All home owners were assigned in Lisboa
2024_10_30_T20:51:11 -  All home owners were assigned in Lisboa
2024_10_30_T20:51:11 -  All home owners were assigned in Lisboa
2024_10_30_T20:51:11 -  All home owners were assigned in Lisboa
2024_10_30_T20:51:11 -  All home owners were assigned in Lisboa
2024_10_30_T20:51:11 -  All home owners were assigned in Lisboa
2024_10_30_T20:51:11 -  All home owners were assigned in Lisboa
2024_10_30_T20:51:11 -  All home owners were assigned in Lisboa
2024_10_30_T20:51:11 -  All home owners were assigned in Lisboa
2024_10_30_T20:51:11 -  All home owners were assigned in Lisboa
2024_10_30_T20:51:11 -  All home owners were assigned in Lisboa
2024_10_30_T20:51:11 -  All home owners were assigned in Lisboa
2024_10_30_T20:51:11 -  All home owners were assigned in Lisboa
2024_10_30_T20:51:11 -  All home owners were assigned in Lisboa
2024_10_30_T20:51:11 -  All home owners were assigned in Lisboa
2024_10_30_T20:51:11 -  All home owners were assigned in Lisboa
2024_10_30_T20:51:11 -  All home owners were assigned in Lisboa
2024_10_30_T20:51:11 -  All home owners were assigned in Lisboa
2024_10_30_T20:51:11 -  All home owners were assigned in Lisboa
2024_10_30_T20:51:11 -  All home owners were assigned in Lisboa
2024_10_30_T20:51:11 -  All home owners were assigned in Lisboa
2024_10_30_T20:51:11 -  All home owners were assigned in Lisboa
2024_10_30_T20:51:11 -  All home owners were assigned in Lisboa
2024_10_30_T20:51:11 -  All home owners were assigned in Lisboa
2024_10_30_T20:51:11 -  All home owners were assigned in Lisboa
2024_10_30_T20:51:11 -  All home owners were assigned in Lisboa
2024_10_30_T20:51:11 -  All home owners were assigned in Lisboa
2024_10_30_T20:51:11 -  All home owners were assigned in Lisboa
2024_10_30_T20:51:11 -  All home owners were assigned in Lisboa
2024_10_30_T20:51:11 -  All home owners were assigned in Lisboa
2024_10_30_T20:51:11 -  All home owners were assigned in Lisboa
2024_10_30_T20:51:11 -  All home owners were assigned in Lisboa
2024_10_30_T20:51:11 -  All home owners were assigned in Lisboa
2024_10_30_T20:51:11 -  All home owners were assigned in Lisboa
2024_10_30_T20:51:11 -  All home owners were assigned in Lisboa
2024_10_30_T20:51:11 -  All home owners were assigned in Lisboa
2024_10_30_T20:51:11 -  All home owners were assigned in Lisboa
2024_10_30_T20:51:11 -  All home owners were assigned in Lisboa
2024_10_30_T20:51:11 -  All home owners were assigned in Lisboa
2024_10_30_T20:51:11 -  All home owners were assigned in Lisboa
2024_10_30_T20:51:11 -  All home owners were assigned in Lisboa
2024_10_30_T20:51:11 -  All home owners were assigned in Lisboa
2024_10_30_T20:51:11 -  All home owners were assigned in Lisboa
2024_10_30_T20:51:11 -  All home owners were assigned in Lisboa
2024_10_30_T20:51:11 -  All home owners were assigned in Lisboa
2024_10_30_T20:51:11 -  All home owners were assigned in Lisboa
2024_10_30_T20:51:11 -  All home owners were assigned in Lisboa
2024_10_30_T20:51:11 -  All home owners were assigned in Lisboa
2024_10_30_T20:51:11 -  All home owners were assigned in Lisboa
2024_10_30_T20:51:11 -  All home owners were assigned in Lisboa
2024_10_30_T20:51:11 -  All home owners were assigned in Lisboa
2024_10_30_T20:51:11 -  All home owners were assigned in Lisboa
2024_10_30_T20:51:11 -  All home owners were assigned in Lisboa
2024_10_30_T20:51:11 -  All home owners were assigned in Lisboa
2024_10_30_T20:51:11 -  All home owners were assigned in Lisboa
2024_10_30_T20:51:11 -  All home owners were assigned in Lisboa
2024_10_30_T20:51:11 -  All home owners were assigned in Lisboa
2024_10_30_T20:51:11 -  All home owners were assigned in Lisboa
2024_10_30_T20:51:11 -  All home owners were assigned in Lisboa
2024_10_30_T20:51:11 -  All home owners were assigned in Lisboa
2024_10_30_T20:51:11 -  All home owners were assigned in Lisboa
2024_10_30_T20:51:11 -  All home owners were assigned in Lisboa
2024_10_30_T20:51:11 -  All home owners were assigned in Lisboa
2024_10_30_T20:51:11 -  All home owners were assigned in Lisboa
2024_10_30_T20:51:11 -  All home owners were assigned in Lisboa
2024_10_30_T20:51:11 -  All home owners were assigned in Lisboa
2024_10_30_T20:51:11 -  All home owners were assigned in Lisboa
2024_10_30_T20:51:11 -  All home owners were assigned in Lisboa
2024_10_30_T20:51:11 -  All home owners were assigned in Lisboa
2024_10_30_T20:51:11 -  All home owners were assigned in Lisboa
2024_10_30_T20:51:11 -  All home owners were assigned in Lisboa
2024_10_30_T20:51:11 -  All home owners were assigned in Lisboa
2024_10_30_T20:51:11 -  All home owners were assigned in Lisboa
2024_10_30_T20:51:11 -  All home owners were assigned in Lisboa
2024_10_30_T20:51:11 -  All home owners were assigned in Lisboa
2024_10_30_T20:51:11 -  All home owners were assigned in Lisboa
2024_10_30_T20:51:11 -  All home owners were assigned in Lisboa
2024_10_30_T20:51:11 -  All home owners were assigned in Lisboa
2024_10_30_T20:51:11 -  All home owners were assigned in Lisboa
2024_10_30_T20:51:11 -  All home owners were assigned in Lisboa
2024_10_30_T20:51:11 -  All home owners were assigned in Lisboa
2024_10_30_T20:51:11 -  All home owners were assigned in Lisboa
2024_10_30_T20:51:11 -  All home owners were assigned in Lisboa
2024_10_30_T20:51:11 -  All home owners were assigned in Lisboa
2024_10_30_T20:51:11 -  All home owners were assigned in Lisboa
2024_10_30_T20:51:11 -  All home owners were assigned in Lisboa
2024_10_30_T20:51:11 -  All home owners were assigned in Lisboa
2024_10_30_T20:51:11 -  All home owners were assigned in Lisboa
2024_10_30_T20:51:11 -  All home owners were assigned in Lisboa
2024_10_30_T20:51:11 -  All home owners were assigned in Lisboa
2024_10_30_T20:51:11 -  All home owners were assigned in Lisboa
2024_10_30_T20:51:11 -  All home owners were assigned in Lisboa
2024_10_30_T20:51:11 -  All home owners were assigned in Lisboa
2024_10_30_T20:51:11 -  All home owners were assigned in Lisboa
2024_10_30_T20:51:11 -  All home owners were assigned in Lisboa
2024_10_30_T20:51:11 -  All home owners were assigned in Lisboa
2024_10_30_T20:51:11 -  All home owners were assigned in Lisboa
2024_10_30_T20:51:11 -  All home owners were assigned in Lisboa
2024_10_30_T20:51:11 -  All home owners were assigned in Lisboa
2024_10_30_T20:51:11 -  All home owners were assigned in Lisboa
2024_10_30_T20:51:11 -  All home owners were assigned in Lisboa
2024_10_30_T20:51:11 -  All home owners were assigned in Lisboa
2024_10_30_T20:51:11 -  All home owners were assigned in Lisboa
2024_10_30_T20:51:11 -  All home owners were assigned in Lisboa
2024_10_30_T20:51:11 -  All home owners were assigned in Lisboa
2024_10_30_T20:51:11 -  All home owners were assigned in Lisboa
2024_10_30_T20:51:11 -  All home owners were assigned in Lisboa
2024_10_30_T20:51:11 -  All home owners were assigned in Lisboa
2024_10_30_T20:51:11 -  All home owners were assigned in Lisboa
2024_10_30_T20:51:11 -  All home owners were assigned in Lisboa
2024_10_30_T20:51:11 -  All home owners were assigned in Lisboa
2024_10_30_T20:51:11 -  All home owners were assigned in Lisboa
2024_10_30_T20:51:11 -  All home owners were assigned in Lisboa
2024_10_30_T20:51:11 -  All home owners were assigned in Lisboa
2024_10_30_T20:51:11 -  All home owners were assigned in Lisboa
2024_10_30_T20:51:11 -  All home owners were assigned in Lisboa
2024_10_30_T20:51:11 -  All home owners were assigned in Lisboa
2024_10_30_T20:51:11 -  All home owners were assigned in Lisboa
2024_10_30_T20:51:11 -  All home owners were assigned in Lisboa
2024_10_30_T20:51:11 -  All home owners were assigned in Lisboa
2024_10_30_T20:51:11 -  All home owners were assigned in Lisboa
2024_10_30_T20:51:11 -  All home owners were assigned in Lisboa
2024_10_30_T20:51:11 -  All home owners were assigned in Lisboa
2024_10_30_T20:51:11 -  All home owners were assigned in Lisboa
2024_10_30_T20:51:11 -  All home owners were assigned in Lisboa
2024_10_30_T20:51:11 -  All home owners were assigned in Lisboa
2024_10_30_T20:51:11 -  All home owners were assigned in Lisboa
2024_10_30_T20:51:11 -  All home owners were assigned in Lisboa
2024_10_30_T20:51:11 -  All home owners were assigned in Lisboa
2024_10_30_T20:51:11 -  All home owners were assigned in Lisboa
2024_10_30_T20:51:11 -  All home owners were assigned in Lisboa
2024_10_30_T20:51:11 -  All home owners were assigned in Lisboa
2024_10_30_T20:51:11 -  All home owners were assigned in Lisboa
2024_10_30_T20:51:11 -  All home owners were assigned in Lisboa
2024_10_30_T20:51:11 -  All home owners were assigned in Lisboa
2024_10_30_T20:51:11 -  All home owners were assigned in Lisboa
2024_10_30_T20:51:11 -  All home owners were assigned in Lisboa
2024_10_30_T20:51:11 -  All home owners were assigned in Lisboa
2024_10_30_T20:51:11 -  All home owners were assigned in Lisboa
2024_10_30_T20:51:11 -  All home owners were assigned in Lisboa
2024_10_30_T20:51:11 -  All home owners were assigned in Lisboa
2024_10_30_T20:51:11 -  All home owners were assigned in Lisboa
2024_10_30_T20:51:11 -  All home owners were assigned in Lisboa
2024_10_30_T20:51:11 -  All home owners were assigned in Lisboa
2024_10_30_T20:51:11 -  All home owners were assigned in Lisboa
2024_10_30_T20:51:11 -  All home owners were assigned in Lisboa
2024_10_30_T20:51:11 -  All home owners were assigned in Lisboa
2024_10_30_T20:51:11 -  All home owners were assigned in Lisboa
2024_10_30_T20:51:11 -  All home owners were assigned in Lisboa
2024_10_30_T20:51:11 -  All home owners were assigned in Lisboa
2024_10_30_T20:51:11 -  All home owners were assigned in Lisboa
2024_10_30_T20:51:11 -  All home owners were assigned in Lisboa
2024_10_30_T20:51:11 -  All home owners were assigned in Lisboa
2024_10_30_T20:51:11 -  All home owners were assigned in Lisboa
2024_10_30_T20:51:11 -  All home owners were assigned in Lisboa
2024_10_30_T20:51:11 -  All home owners were assigned in Lisboa
2024_10_30_T20:51:11 -  All home owners were assigned in Lisboa
2024_10_30_T20:51:11 -  All home owners were assigned in Lisboa
2024_10_30_T20:51:11 -  All home owners were assigned in Lisboa
2024_10_30_T20:51:11 -  All home owners were assigned in Lisboa
2024_10_30_T20:51:11 -  All home owners were assigned in Lisboa
2024_10_30_T20:51:11 -  All home owners were assigned in Lisboa
2024_10_30_T20:51:11 -  All home owners were assigned in Lisboa
2024_10_30_T20:51:11 -  All home owners were assigned in Lisboa
2024_10_30_T20:51:11 -  All home owners were assigned in Lisboa
2024_10_30_T20:51:11 -  All home owners were assigned in Lisboa
2024_10_30_T20:51:11 -  All home owners were assigned in Lisboa
2024_10_30_T20:51:11 -  All home owners were assigned in Lisboa
2024_10_30_T20:51:11 -  All home owners were assigned in Lisboa
2024_10_30_T20:51:11 -  All home owners were assigned in Lisboa
2024_10_30_T20:51:11 -  All home owners were assigned in Lisboa
2024_10_30_T20:51:11 -  All home owners were assigned in Lisboa
2024_10_30_T20:51:11 -  All home owners were assigned in Lisboa
2024_10_30_T20:51:11 -  All home owners were assigned in Lisboa
2024_10_30_T20:51:11 -  All home owners were assigned in Lisboa
2024_10_30_T20:51:11 -  All home owners were assigned in Lisboa
2024_10_30_T20:51:11 -  All home owners were assigned in Lisboa
2024_10_30_T20:51:11 -  All home owners were assigned in Lisboa
2024_10_30_T20:51:11 -  All home owners were assigned in Lisboa
2024_10_30_T20:51:11 -  All home owners were assigned in Lisboa
2024_10_30_T20:51:11 -  All home owners were assigned in Lisboa
2024_10_30_T20:51:11 -  All home owners were assigned in Lisboa
2024_10_30_T20:51:11 -  All home owners were assigned in Lisboa
2024_10_30_T20:51:11 -  All home owners were assigned in Lisboa
2024_10_30_T20:51:11 -  All home owners were assigned in Lisboa
2024_10_30_T20:51:11 -  All home owners were assigned in Lisboa
2024_10_30_T20:51:11 -  All home owners were assigned in Lisboa
2024_10_30_T20:51:11 -  All home owners were assigned in Lisboa
2024_10_30_T20:51:11 -  All home owners were assigned in Lisboa
2024_10_30_T20:51:11 -  All home owners were assigned in Lisboa
2024_10_30_T20:51:11 -  All home owners were assigned in Lisboa
2024_10_30_T20:51:11 -  All home owners were assigned in Lisboa
2024_10_30_T20:51:11 -  All home owners were assigned in Lisboa
2024_10_30_T20:51:11 -  All home owners were assigned in Lisboa
2024_10_30_T20:51:11 -  All home owners were assigned in Lisboa
2024_10_30_T20:51:11 -  All home owners were assigned in Lisboa
2024_10_30_T20:51:11 -  All home owners were assigned in Lisboa
2024_10_30_T20:51:11 -  All home owners were assigned in Lisboa
2024_10_30_T20:51:11 -  All home owners were assigned in Lisboa
2024_10_30_T20:51:11 -  All home owners were assigned in Lisboa
2024_10_30_T20:51:11 -  All home owners were assigned in Lisboa
2024_10_30_T20:51:11 -  All home owners were assigned in Lisboa
2024_10_30_T20:51:11 -  All home owners were assigned in Lisboa
2024_10_30_T20:51:11 -  All home owners were assigned in Lisboa
2024_10_30_T20:51:11 -  All home owners were assigned in Lisboa
2024_10_30_T20:51:11 -  All home owners were assigned in Lisboa
2024_10_30_T20:51:11 -  All home owners were assigned in Lisboa
2024_10_30_T20:51:11 -  All home owners were assigned in Lisboa
2024_10_30_T20:51:11 -  All home owners were assigned in Lisboa
2024_10_30_T20:51:11 -  All home owners were assigned in Lisboa
2024_10_30_T20:51:11 -  All home owners were assigned in Lisboa
2024_10_30_T20:51:11 -  All home owners were assigned in Lisboa
2024_10_30_T20:51:11 -  All home owners were assigned in Lisboa
2024_10_30_T20:51:11 -  All home owners were assigned in Lisboa
2024_10_30_T20:51:11 -  All home owners were assigned in Lisboa
2024_10_30_T20:51:11 -  All home owners were assigned in Lisboa
2024_10_30_T20:51:11 -  All home owners were assigned in Lisboa
2024_10_30_T20:51:11 -  All home owners were assigned in Lisboa
2024_10_30_T20:51:11 -  All home owners were assigned in Lisboa
2024_10_30_T20:51:11 -  All home owners were assigned in Lisboa
2024_10_30_T20:51:11 -  All home owners were assigned in Lisboa
2024_10_30_T20:51:11 -  All home owners were assigned in Lisboa
2024_10_30_T20:51:11 -  All home owners were assigned in Lisboa
2024_10_30_T20:51:11 -  All home owners were assigned in Lisboa
2024_10_30_T20:51:11 -  All home owners were assigned in Lisboa
2024_10_30_T20:51:11 -  All home owners were assigned in Lisboa
2024_10_30_T20:51:11 -  All home owners were assigned in Lisboa
2024_10_30_T20:51:11 -  All home owners were assigned in Lisboa
2024_10_30_T20:51:11 -  All home owners were assigned in Lisboa
2024_10_30_T20:51:11 -  All home owners were assigned in Lisboa
2024_10_30_T20:51:11 -  All home owners were assigned in Lisboa
2024_10_30_T20:51:11 -  All home owners were assigned in Lisboa
2024_10_30_T20:51:11 -  All home owners were assigned in Lisboa
2024_10_30_T20:51:11 -  All home owners were assigned in Lisboa
2024_10_30_T20:51:11 -  All home owners were assigned in Lisboa
2024_10_30_T20:51:11 -  All home owners were assigned in Lisboa
2024_10_30_T20:51:11 -  All home owners were assigned in Lisboa
2024_10_30_T20:51:11 -  All home owners were assigned in Lisboa
2024_10_30_T20:51:11 -  All home owners were assigned in Lisboa
2024_10_30_T20:51:11 -  All home owners were assigned in Lisboa
2024_10_30_T20:51:11 -  All home owners were assigned in Lisboa
2024_10_30_T20:51:11 -  All home owners were assigned in Lisboa
2024_10_30_T20:51:11 -  All home owners were assigned in Lisboa
2024_10_30_T20:51:11 -  All home owners were assigned in Lisboa
2024_10_30_T20:51:11 -  All home owners were assigned in Lisboa
2024_10_30_T20:51:11 -  All home owners were assigned in Lisboa
2024_10_30_T20:51:11 -  All home owners were assigned in Lisboa
2024_10_30_T20:51:11 -  All home owners were assigned in Lisboa
2024_10_30_T20:51:11 -  All home owners were assigned in Lisboa
2024_10_30_T20:51:11 -  All home owners were assigned in Lisboa
2024_10_30_T20:51:11 -  All home owners were assigned in Lisboa
2024_10_30_T20:51:11 -  All home owners were assigned in Lisboa
2024_10_30_T20:51:11 -  All home owners were assigned in Lisboa
2024_10_30_T20:51:11 -  All home owners were assigned in Lisboa
2024_10_30_T20:51:11 -  All home owners were assigned in Lisboa
2024_10_30_T20:51:11 -  All home owners were assigned in Lisboa
2024_10_30_T20:51:11 -  All home owners were assigned in Lisboa
2024_10_30_T20:51:11 -  All home owners were assigned in Lisboa
2024_10_30_T20:51:11 -  All home owners were assigned in Lisboa
2024_10_30_T20:51:11 -  All home owners were assigned in Lisboa
2024_10_30_T20:51:11 -  All home owners were assigned in Lisboa
2024_10_30_T20:51:11 -  All home owners were assigned in Lisboa
2024_10_30_T20:51:11 -  All home owners were assigned in Lisboa
2024_10_30_T20:51:11 -  All home owners were assigned in Lisboa
2024_10_30_T20:51:11 -  All home owners were assigned in Lisboa
2024_10_30_T20:51:11 -  All home owners were assigned in Lisboa
2024_10_30_T20:51:11 -  All home owners were assigned in Lisboa
2024_10_30_T20:51:11 -  All home owners were assigned in Lisboa
2024_10_30_T20:51:11 -  All home owners were assigned in Lisboa
2024_10_30_T20:51:11 -  All home owners were assigned in Lisboa
2024_10_30_T20:51:11 -  All home owners were assigned in Lisboa
2024_10_30_T20:51:11 -  All home owners were assigned in Lisboa
2024_10_30_T20:51:11 -  All home owners were assigned in Lisboa
2024_10_30_T20:51:11 -  All home owners were assigned in Lisboa
2024_10_30_T20:51:11 -  All home owners were assigned in Lisboa
2024_10_30_T20:51:11 -  All home owners were assigned in Lisboa
2024_10_30_T20:51:11 -  All home owners were assigned in Lisboa
2024_10_30_T20:51:11 -  All home owners were assigned in Lisboa
2024_10_30_T20:51:11 -  All home owners were assigned in Lisboa
2024_10_30_T20:51:11 -  All home owners were assigned in Lisboa
2024_10_30_T20:51:11 -  All home owners were assigned in Lisboa
2024_10_30_T20:51:11 -  All home owners were assigned in Lisboa
2024_10_30_T20:51:11 -  All home owners were assigned in Lisboa
2024_10_30_T20:51:11 -  All home owners were assigned in Lisboa
2024_10_30_T20:51:11 -  All home owners were assigned in Lisboa
2024_10_30_T20:51:11 -  All home owners were assigned in Lisboa
2024_10_30_T20:51:11 -  All home owners were assigned in Lisboa
2024_10_30_T20:51:11 -  All home owners were assigned in Lisboa
2024_10_30_T20:51:11 -  All home owners were assigned in Lisboa
2024_10_30_T20:51:11 -  All home owners were assigned in Lisboa
2024_10_30_T20:51:11 -  All home owners were assigned in Lisboa
2024_10_30_T20:51:11 -  All home owners were assigned in Lisboa
2024_10_30_T20:51:11 -  All home owners were assigned in Lisboa
2024_10_30_T20:51:11 -  All home owners were assigned in Lisboa
2024_10_30_T20:51:11 -  All home owners were assigned in Lisboa
2024_10_30_T20:51:11 -  All home owners were assigned in Lisboa
2024_10_30_T20:51:11 -  All home owners were assigned in Lisboa
2024_10_30_T20:51:11 -  All home owners were assigned in Lisboa
2024_10_30_T20:51:11 -  All home owners were assigned in Lisboa
2024_10_30_T20:51:11 -  All home owners were assigned in Lisboa
2024_10_30_T20:51:11 -  All home owners were assigned in Lisboa
2024_10_30_T20:51:11 -  All home owners were assigned in Lisboa
2024_10_30_T20:51:11 -  All home owners were assigned in Lisboa
2024_10_30_T20:51:11 -  All home owners were assigned in Lisboa
2024_10_30_T20:51:11 -  All home owners were assigned in Lisboa
2024_10_30_T20:51:11 -  All home owners were assigned in Lisboa
2024_10_30_T20:51:11 -  All home owners were assigned in Lisboa
2024_10_30_T20:51:11 -  All home owners were assigned in Lisboa
2024_10_30_T20:51:11 -  All home owners were assigned in Lisboa
2024_10_30_T20:51:11 -  All home owners were assigned in Lisboa
2024_10_30_T20:51:11 -  All home owners were assigned in Lisboa
2024_10_30_T20:51:11 -  All home owners were assigned in Lisboa
2024_10_30_T20:51:11 -  All home owners were assigned in Lisboa
2024_10_30_T20:51:11 -  All home owners were assigned in Lisboa
2024_10_30_T20:51:11 -  All home owners were assigned in Lisboa
2024_10_30_T20:51:11 -  All home owners were assigned in Lisboa
2024_10_30_T20:51:11 -  All home owners were assigned in Lisboa
2024_10_30_T20:51:11 -  All home owners were assigned in Lisboa
2024_10_30_T20:51:11 -  All home owners were assigned in Lisboa
2024_10_30_T20:51:11 -  All home owners were assigned in Lisboa
2024_10_30_T20:51:11 -  All home owners were assigned in Lisboa
2024_10_30_T20:51:11 -  All home owners were assigned in Lisboa
2024_10_30_T20:51:11 -  All home owners were assigned in Lisboa
2024_10_30_T20:51:11 -  All home owners were assigned in Lisboa
2024_10_30_T20:51:11 -  All home owners were assigned in Lisboa
2024_10_30_T20:51:11 -  All home owners were assigned in Lisboa
2024_10_30_T20:51:11 -  All home owners were assigned in Lisboa
2024_10_30_T20:51:11 -  All home owners were assigned in Lisboa
2024_10_30_T20:51:11 -  All home owners were assigned in Lisboa
2024_10_30_T20:51:11 -  All home owners were assigned in Lisboa
2024_10_30_T20:51:11 -  All home owners were assigned in Lisboa
2024_10_30_T20:51:11 -  All home owners were assigned in Lisboa
2024_10_30_T20:51:11 -  All home owners were assigned in Lisboa
2024_10_30_T20:51:11 -  All home owners were assigned in Lisboa
2024_10_30_T20:51:11 -  All home owners were assigned in Lisboa
2024_10_30_T20:51:11 -  All home owners were assigned in Lisboa
2024_10_30_T20:51:11 -  All home owners were assigned in Lisboa
2024_10_30_T20:51:11 -  All home owners were assigned in Lisboa
2024_10_30_T20:51:11 -  All home owners were assigned in Lisboa
2024_10_30_T20:51:11 -  All home owners were assigned in Lisboa
2024_10_30_T20:51:11 -  All home owners were assigned in Lisboa
2024_10_30_T20:51:11 -  All home owners were assigned in Lisboa
2024_10_30_T20:51:11 -  All home owners were assigned in Lisboa
2024_10_30_T20:51:11 -  All home owners were assigned in Lisboa
2024_10_30_T20:51:11 -  All home owners were assigned in Lisboa
2024_10_30_T20:51:11 -  All home owners were assigned in Lisboa
2024_10_30_T20:51:11 -  All home owners were assigned in Lisboa
2024_10_30_T20:51:11 -  All home owners were assigned in Lisboa
2024_10_30_T20:51:11 -  All home owners were assigned in Lisboa
2024_10_30_T20:51:11 -  All home owners were assigned in Lisboa
2024_10_30_T20:51:11 -  All home owners were assigned in Lisboa
2024_10_30_T20:51:11 -  All home owners were assigned in Lisboa
2024_10_30_T20:51:11 -  All home owners were assigned in Lisboa
2024_10_30_T20:51:11 -  All home owners were assigned in Lisboa
2024_10_30_T20:51:11 -  All home owners were assigned in Lisboa
2024_10_30_T20:51:11 -  All home owners were assigned in Lisboa
2024_10_30_T20:51:11 -  All home owners were assigned in Lisboa
2024_10_30_T20:51:11 -  All home owners were assigned in Lisboa
2024_10_30_T20:51:11 -  All home owners were assigned in Lisboa
2024_10_30_T20:51:11 -  All home owners were assigned in Lisboa
2024_10_30_T20:51:11 -  All home owners were assigned in Lisboa
2024_10_30_T20:51:11 -  All home owners were assigned in Lisboa
2024_10_30_T20:51:11 -  All home owners were assigned in Lisboa
2024_10_30_T20:51:11 -  All home owners were assigned in Lisboa
2024_10_30_T20:51:11 -  All home owners were assigned in Lisboa
2024_10_30_T20:51:11 -  All home owners were assigned in Lisboa
2024_10_30_T20:51:11 -  All home owners were assigned in Lisboa
2024_10_30_T20:51:11 -  All home owners were assigned in Lisboa
2024_10_30_T20:51:11 -  All home owners were assigned in Lisboa
2024_10_30_T20:51:11 -  All home owners were assigned in Lisboa
2024_10_30_T20:51:11 -  All home owners were assigned in Lisboa
2024_10_30_T20:51:11 -  All home owners were assigned in Lisboa
2024_10_30_T20:51:11 -  All home owners were assigned in Lisboa
2024_10_30_T20:51:11 -  All home owners were assigned in Lisboa
2024_10_30_T20:51:11 -  All home owners were assigned in Lisboa
2024_10_30_T20:51:11 -  All home owners were assigned in Lisboa
2024_10_30_T20:51:11 -  All home owners were assigned in Lisboa
2024_10_30_T20:51:11 -  All home owners were assigned in Lisboa
2024_10_30_T20:51:11 -  All home owners were assigned in Lisboa
2024_10_30_T20:51:11 -  All home owners were assigned in Lisboa
2024_10_30_T20:51:11 -  All home owners were assigned in Lisboa
2024_10_30_T20:51:11 -  All home owners were assigned in Lisboa
2024_10_30_T20:51:11 -  All home owners were assigned in Lisboa
2024_10_30_T20:51:11 -  All home owners were assigned in Lisboa
2024_10_30_T20:51:11 -  All home owners were assigned in Lisboa
2024_10_30_T20:51:11 -  All home owners were assigned in Lisboa
2024_10_30_T20:51:11 -  All home owners were assigned in Lisboa
2024_10_30_T20:51:11 -  All home owners were assigned in Lisboa
2024_10_30_T20:51:11 -  All home owners were assigned in Lisboa
2024_10_30_T20:51:11 -  All home owners were assigned in Lisboa
2024_10_30_T20:51:11 -  All home owners were assigned in Lisboa
2024_10_30_T20:51:11 -  All home owners were assigned in Lisboa
2024_10_30_T20:51:11 -  All home owners were assigned in Lisboa
2024_10_30_T20:51:11 -  All home owners were assigned in Lisboa
2024_10_30_T20:51:11 -  All home owners were assigned in Lisboa
2024_10_30_T20:51:11 -  All home owners were assigned in Lisboa
2024_10_30_T20:51:11 -  All home owners were assigned in Lisboa
2024_10_30_T20:51:11 -  All home owners were assigned in Lisboa
2024_10_30_T20:51:11 -  All home owners were assigned in Lisboa
2024_10_30_T20:51:11 -  All home owners were assigned in Lisboa
2024_10_30_T20:51:11 -  All home owners were assigned in Lisboa
2024_10_30_T20:51:11 -  All home owners were assigned in Lisboa
2024_10_30_T20:51:11 -  All home owners were assigned in Lisboa
2024_10_30_T20:51:11 -  All home owners were assigned in Lisboa
2024_10_30_T20:51:11 -  All home owners were assigned in Lisboa
2024_10_30_T20:51:11 -  All home owners were assigned in Lisboa
2024_10_30_T20:51:11 -  All home owners were assigned in Lisboa
2024_10_30_T20:51:11 -  All home owners were assigned in Lisboa
2024_10_30_T20:51:11 -  All home owners were assigned in Lisboa
2024_10_30_T20:51:11 -  All home owners were assigned in Lisboa
2024_10_30_T20:51:11 -  All home owners were assigned in Lisboa
2024_10_30_T20:51:11 -  All home owners were assigned in Lisboa
2024_10_30_T20:51:11 -  All home owners were assigned in Lisboa
2024_10_30_T20:51:11 -  All home owners were assigned in Lisboa
2024_10_30_T20:51:11 -  All home owners were assigned in Lisboa
2024_10_30_T20:51:11 -  All home owners were assigned in Lisboa
2024_10_30_T20:51:11 -  All home owners were assigned in Lisboa
2024_10_30_T20:51:11 -  All home owners were assigned in Lisboa
2024_10_30_T20:51:11 -  All home owners were assigned in Lisboa
2024_10_30_T20:51:11 -  All home owners were assigned in Lisboa
2024_10_30_T20:51:11 -  All home owners were assigned in Lisboa
2024_10_30_T20:51:11 -  All home owners were assigned in Lisboa
2024_10_30_T20:51:11 -  All home owners were assigned in Lisboa
2024_10_30_T20:51:11 -  finished assignHousesToHouseholds in 1.3378000259399414 seconds
2024_10_30_T20:51:15 -  Metrics: sum_wealth took 9.5367431640625e-7
2024_10_30_T20:51:16 -  Metrics: wealth_distribution took 6.198883056640625e-6
2024_10_30_T20:51:17 -  Metrics: money_distribution took 1.0967254638671875e-5
2024_10_30_T20:51:17 -  Metrics: size_distribution took 7.152557373046875e-6
2024_10_30_T20:51:17 -  Metrics: age_distribution took 8.106231689453125e-6
2024_10_30_T20:51:19 -  Metrics: sum_wealth took 4.00543212890625e-5
2024_10_30_T20:51:20 -  Metrics: wealth_distribution took 0.010398149490356445
2024_10_30_T20:51:20 -  Metrics: money_distribution took 0.00048613548278808594
2024_10_30_T20:51:20 -  Metrics: size_distribution took 0.0074520111083984375
2024_10_30_T20:51:20 -  Metrics: age_distribution took 0.0004799365997314453
2024_10_30_T20:51:23 -  Model step started
2024_10_30_T20:51:23 -  clearHangingSupplies started
2024_10_30_T20:51:23 -  clearHangingSupplies took 0.004721164703369141
2024_10_30_T20:51:23 -  clearHangingRentalSupplies started
2024_10_30_T20:51:23 -  clearHangingRentalSupplies took 0.059182167053222656
2024_10_30_T20:51:23 -  clearHouseMarket started
2024_10_30_T20:51:23 -  clearHouseMarket - first block took 0.24511408805847168
2024_10_30_T20:51:23 -  clearHouseMarket - second block took 0.15877294540405273
2024_10_30_T20:51:23 -  clearHouseMarket - third block took 0.01179814338684082
2024_10_30_T20:51:23 -  clearRentalMarket started
2024_10_30_T20:51:24 -  clearRentalMarket - first block took 0.206618070602417
2024_10_30_T20:51:24 -  clearRentalMarket - second block took 0.043649911880493164
2024_10_30_T20:51:24 -  Pushed house into housesBuiltPerRegion (location,size) = (Lisboa, LessThan125)
2024_10_30_T20:51:24 -  Model step took 1.4018118381500244 seconds
2024_10_30_T20:51:24 -  Metrics: sum_wealth took 5.0067901611328125e-5
2024_10_30_T20:51:24 -  Metrics: wealth_distribution took 0.00044608116149902344
2024_10_30_T20:51:24 -  Metrics: money_distribution took 0.0004620552062988281
2024_10_30_T20:51:24 -  Metrics: size_distribution took 0.0003769397735595703
2024_10_30_T20:51:24 -  Metrics: age_distribution took 0.00045013427734375
2024_10_30_T20:51:26 -  Model step started
2024_10_30_T20:51:26 -  clearHangingSupplies started
2024_10_30_T20:51:26 -  clearHangingSupplies took 8.20159912109375e-5
2024_10_30_T20:51:26 -  clearHangingRentalSupplies started
2024_10_30_T20:51:26 -  clearHangingRentalSupplies took 5.507469177246094e-5
2024_10_30_T20:51:26 -  clearHouseMarket started
2024_10_30_T20:51:26 -  clearHouseMarket - first block took 0.04927992820739746
2024_10_30_T20:51:26 -  clearHouseMarket - second block took 7.605552673339844e-5
2024_10_30_T20:51:26 -  clearHouseMarket - third block took 0.0001251697540283203
2024_10_30_T20:51:26 -  clearRentalMarket started
2024_10_30_T20:51:26 -  clearRentalMarket - first block took 0.004579067230224609
2024_10_30_T20:51:26 -  clearRentalMarket - second block took 0.00026607513427734375
2024_10_30_T20:51:26 -  Model step took 0.06658291816711426 seconds
2024_10_30_T20:51:26 -  Metrics: sum_wealth took 5.602836608886719e-5
2024_10_30_T20:51:26 -  Metrics: wealth_distribution took 0.0005750656127929688
2024_10_30_T20:51:26 -  Metrics: money_distribution took 0.00047707557678222656
2024_10_30_T20:51:26 -  Metrics: size_distribution took 0.0004508495330810547
2024_10_30_T20:51:26 -  Metrics: age_distribution took 0.000469207763671875
2024_10_30_T20:51:28 -  Model step started
2024_10_30_T20:51:28 -  clearHangingSupplies started
2024_10_30_T20:51:28 -  clearHangingSupplies took 7.987022399902344e-5
2024_10_30_T20:51:28 -  clearHangingRentalSupplies started
2024_10_30_T20:51:28 -  clearHangingRentalSupplies took 2.5033950805664062e-5
2024_10_30_T20:51:28 -  clearHouseMarket started
2024_10_30_T20:51:28 -  clearHouseMarket - first block took 0.04773092269897461
2024_10_30_T20:51:28 -  clearHouseMarket - second block took 7.987022399902344e-5
2024_10_30_T20:51:28 -  clearHouseMarket - third block took 0.0001239776611328125
2024_10_30_T20:51:28 -  clearRentalMarket started
2024_10_30_T20:51:28 -  clearRentalMarket - first block took 0.00374603271484375
2024_10_30_T20:51:28 -  clearRentalMarket - second block took 7.414817810058594e-5
2024_10_30_T20:51:28 -  Pushed house into housesBuiltPerRegion (location,size) = (Lisboa, LessThan50)
2024_10_30_T20:51:28 -  Model step took 0.0644841194152832 seconds
2024_10_30_T20:51:28 -  Metrics: sum_wealth took 7.891654968261719e-5
2024_10_30_T20:51:28 -  Metrics: wealth_distribution took 0.0004429817199707031
2024_10_30_T20:51:28 -  Metrics: money_distribution took 0.0004649162292480469
2024_10_30_T20:51:28 -  Metrics: size_distribution took 0.00040411949157714844
2024_10_30_T20:51:28 -  Metrics: age_distribution took 0.00048089027404785156
2024_10_30_T20:51:31 -  Model step started
2024_10_30_T20:51:31 -  clearHangingSupplies started
2024_10_30_T20:51:31 -  clearHangingSupplies took 0.0009407997131347656
2024_10_30_T20:51:31 -  clearHangingRentalSupplies started
2024_10_30_T20:51:31 -  clearHangingRentalSupplies took 0.00017499923706054688
2024_10_30_T20:51:31 -  clearHouseMarket started
2024_10_30_T20:51:31 -  clearHouseMarket - first block took 0.09174704551696777
2024_10_30_T20:51:32 -  clearHouseMarket - second block took 0.026534080505371094
2024_10_30_T20:51:32 -  clearHouseMarket - third block took 0.005144834518432617
2024_10_30_T20:51:32 -  clearRentalMarket started
2024_10_30_T20:51:32 -  clearRentalMarket - first block took 0.003473997116088867
2024_10_30_T20:51:32 -  clearRentalMarket - second block took 4.7206878662109375e-5
2024_10_30_T20:51:32 -  Model step took 0.14329290390014648 seconds
2024_10_30_T20:51:32 -  Metrics: sum_wealth took 5.602836608886719e-5
2024_10_30_T20:51:32 -  Metrics: wealth_distribution took 0.0005679130554199219
2024_10_30_T20:51:32 -  Metrics: money_distribution took 0.0004620552062988281
2024_10_30_T20:51:32 -  Metrics: size_distribution took 0.00039696693420410156
2024_10_30_T20:51:32 -  Metrics: age_distribution took 0.00036597251892089844
2024_10_30_T20:51:34 -  Model step started
2024_10_30_T20:51:34 -  clearHangingSupplies started
2024_10_30_T20:51:34 -  clearHangingSupplies took 0.00013494491577148438
2024_10_30_T20:51:34 -  clearHangingRentalSupplies started
2024_10_30_T20:51:34 -  clearHangingRentalSupplies took 1.811981201171875e-5
2024_10_30_T20:51:34 -  clearHouseMarket started
2024_10_30_T20:51:34 -  clearHouseMarket - first block took 0.04831290245056152
2024_10_30_T20:51:34 -  clearHouseMarket - second block took 0.0009069442749023438
2024_10_30_T20:51:34 -  clearHouseMarket - third block took 0.00020003318786621094
2024_10_30_T20:51:34 -  clearRentalMarket started
2024_10_30_T20:51:34 -  clearRentalMarket - first block took 0.003153085708618164
2024_10_30_T20:51:34 -  clearRentalMarket - second block took 2.5033950805664062e-5
2024_10_30_T20:51:34 -  Model step took 0.06651902198791504 seconds
2024_10_30_T20:51:34 -  Metrics: sum_wealth took 5.412101745605469e-5
2024_10_30_T20:51:34 -  Metrics: wealth_distribution took 0.0005490779876708984
2024_10_30_T20:51:34 -  Metrics: money_distribution took 0.000453948974609375
2024_10_30_T20:51:34 -  Metrics: size_distribution took 0.0004439353942871094
2024_10_30_T20:51:34 -  Metrics: age_distribution took 0.0005209445953369141
2024_10_30_T20:51:36 -  Model step started
2024_10_30_T20:51:36 -  clearHangingSupplies started
2024_10_30_T20:51:36 -  clearHangingSupplies took 0.0001010894775390625
2024_10_30_T20:51:36 -  clearHangingRentalSupplies started
2024_10_30_T20:51:36 -  clearHangingRentalSupplies took 2.6941299438476562e-5
2024_10_30_T20:51:36 -  clearHouseMarket started
2024_10_30_T20:51:37 -  clearHouseMarket - first block took 0.05511212348937988
2024_10_30_T20:51:37 -  clearHouseMarket - second block took 6.890296936035156e-5
2024_10_30_T20:51:37 -  clearHouseMarket - third block took 0.0001308917999267578
2024_10_30_T20:51:37 -  clearRentalMarket started
2024_10_30_T20:51:37 -  clearRentalMarket - first block took 0.0033559799194335938
2024_10_30_T20:51:37 -  clearRentalMarket - second block took 5.91278076171875e-5
2024_10_30_T20:51:37 -  Model step took 0.0738229751586914 seconds
2024_10_30_T20:51:37 -  Metrics: sum_wealth took 0.000331878662109375
2024_10_30_T20:51:37 -  Metrics: wealth_distribution took 0.00045013427734375
2024_10_30_T20:51:37 -  Metrics: money_distribution took 0.00042700767517089844
2024_10_30_T20:51:37 -  Metrics: size_distribution took 0.0003879070281982422
2024_10_30_T20:51:37 -  Metrics: age_distribution took 0.0004360675811767578
2024_10_30_T20:51:39 -  Model step started
2024_10_30_T20:51:39 -  clearHangingSupplies started
2024_10_30_T20:51:39 -  clearHangingSupplies took 8.702278137207031e-5
2024_10_30_T20:51:39 -  clearHangingRentalSupplies started
2024_10_30_T20:51:39 -  clearHangingRentalSupplies took 5.602836608886719e-5
2024_10_30_T20:51:39 -  clearHouseMarket started
2024_10_30_T20:51:39 -  clearHouseMarket - first block took 0.04707813262939453
2024_10_30_T20:51:39 -  clearHouseMarket - second block took 0.0004150867462158203
2024_10_30_T20:51:39 -  clearHouseMarket - third block took 0.00014090538024902344
2024_10_30_T20:51:39 -  clearRentalMarket started
2024_10_30_T20:51:39 -  clearRentalMarket - first block took 0.00292205810546875
2024_10_30_T20:51:39 -  clearRentalMarket - second block took 3.3855438232421875e-5
2024_10_30_T20:51:39 -  Model step took 0.06468796730041504 seconds
2024_10_30_T20:51:39 -  Metrics: sum_wealth took 8.296966552734375e-5
2024_10_30_T20:51:39 -  Metrics: wealth_distribution took 0.0004429817199707031
2024_10_30_T20:51:39 -  Metrics: money_distribution took 0.00038909912109375
2024_10_30_T20:51:39 -  Metrics: size_distribution took 0.0003509521484375
2024_10_30_T20:51:39 -  Metrics: age_distribution took 0.0004229545593261719
2024_10_30_T20:51:41 -  Model step started
2024_10_30_T20:51:41 -  clearHangingSupplies started
2024_10_30_T20:51:41 -  clearHangingSupplies took 8.0108642578125e-5
2024_10_30_T20:51:41 -  clearHangingRentalSupplies started
2024_10_30_T20:51:41 -  clearHangingRentalSupplies took 1.9073486328125e-5
2024_10_30_T20:51:41 -  clearHouseMarket started
2024_10_30_T20:51:41 -  clearHouseMarket - first block took 0.046887874603271484
2024_10_30_T20:51:41 -  clearHouseMarket - second block took 0.0005099773406982422
2024_10_30_T20:51:41 -  clearHouseMarket - third block took 0.00011706352233886719
2024_10_30_T20:51:41 -  clearRentalMarket started
2024_10_30_T20:51:41 -  clearRentalMarket - first block took 0.0029859542846679688
2024_10_30_T20:51:41 -  clearRentalMarket - second block took 4.220008850097656e-5
2024_10_30_T20:51:41 -  Pushed house into housesBuiltPerRegion (location,size) = (Lisboa, LessThan75)
2024_10_30_T20:51:41 -  Model step took 0.06613588333129883 seconds
2024_10_30_T20:51:41 -  Metrics: sum_wealth took 6.29425048828125e-5
2024_10_30_T20:51:41 -  Metrics: wealth_distribution took 0.0005102157592773438
2024_10_30_T20:51:41 -  Metrics: money_distribution took 0.0004401206970214844
2024_10_30_T20:51:41 -  Metrics: size_distribution took 0.0003581047058105469
2024_10_30_T20:51:41 -  Metrics: age_distribution took 0.0004279613494873047
2024_10_30_T20:51:44 -  Model step started
2024_10_30_T20:51:44 -  clearHangingSupplies started
2024_10_30_T20:51:44 -  clearHangingSupplies took 8.0108642578125e-5
2024_10_30_T20:51:44 -  clearHangingRentalSupplies started
2024_10_30_T20:51:44 -  clearHangingRentalSupplies took 2.6941299438476562e-5
2024_10_30_T20:51:44 -  clearHouseMarket started
2024_10_30_T20:51:44 -  clearHouseMarket - first block took 0.047232866287231445
2024_10_30_T20:51:44 -  clearHouseMarket - second block took 0.0007340908050537109
2024_10_30_T20:51:44 -  clearHouseMarket - third block took 0.00014090538024902344
2024_10_30_T20:51:44 -  clearRentalMarket started
2024_10_30_T20:51:44 -  clearRentalMarket - first block took 0.00302886962890625
2024_10_30_T20:51:44 -  clearRentalMarket - second block took 2.5033950805664062e-5
2024_10_30_T20:51:44 -  Model step took 0.06437897682189941 seconds
2024_10_30_T20:51:44 -  Metrics: sum_wealth took 8.392333984375e-5
2024_10_30_T20:51:44 -  Metrics: wealth_distribution took 0.00044608116149902344
2024_10_30_T20:51:44 -  Metrics: money_distribution took 0.0006539821624755859
2024_10_30_T20:51:44 -  Metrics: size_distribution took 0.00048804283142089844
2024_10_30_T20:51:44 -  Metrics: age_distribution took 0.00040912628173828125
2024_10_30_T20:51:46 -  Model step started
2024_10_30_T20:51:46 -  clearHangingSupplies started
2024_10_30_T20:51:46 -  clearHangingSupplies took 0.00032782554626464844
2024_10_30_T20:51:46 -  clearHangingRentalSupplies started
2024_10_30_T20:51:46 -  clearHangingRentalSupplies took 2.4080276489257812e-5
2024_10_30_T20:51:46 -  clearHouseMarket started
2024_10_30_T20:51:46 -  clearHouseMarket - first block took 0.06100797653198242
2024_10_30_T20:51:46 -  clearHouseMarket - second block took 0.001811981201171875
2024_10_30_T20:51:46 -  clearHouseMarket - third block took 0.00048089027404785156
2024_10_30_T20:51:46 -  clearRentalMarket started
2024_10_30_T20:51:46 -  clearRentalMarket - first block took 0.0033440589904785156
2024_10_30_T20:51:46 -  clearRentalMarket - second block took 3.600120544433594e-5
2024_10_30_T20:51:46 -  Model step took 0.08609700202941895 seconds
2024_10_30_T20:51:46 -  Metrics: sum_wealth took 0.00014710426330566406
2024_10_30_T20:51:46 -  Metrics: wealth_distribution took 0.0008831024169921875
2024_10_30_T20:51:46 -  Metrics: money_distribution took 0.0005369186401367188
2024_10_30_T20:51:46 -  Metrics: size_distribution took 0.0004291534423828125
2024_10_30_T20:51:46 -  Metrics: age_distribution took 0.00046896934509277344
2024_10_30_T20:51:49 -  Model step started
2024_10_30_T20:51:49 -  clearHangingSupplies started
2024_10_30_T20:51:49 -  clearHangingSupplies took 8.702278137207031e-5
2024_10_30_T20:51:49 -  clearHangingRentalSupplies started
2024_10_30_T20:51:49 -  clearHangingRentalSupplies took 1.5974044799804688e-5
2024_10_30_T20:51:49 -  clearHouseMarket started
2024_10_30_T20:51:49 -  clearHouseMarket - first block took 0.037774085998535156
2024_10_30_T20:51:49 -  clearHouseMarket - second block took 0.0003161430358886719
2024_10_30_T20:51:49 -  clearHouseMarket - third block took 0.00015687942504882812
2024_10_30_T20:51:49 -  clearRentalMarket started
2024_10_30_T20:51:49 -  clearRentalMarket - first block took 0.002811908721923828
2024_10_30_T20:51:49 -  clearRentalMarket - second block took 3.0040740966796875e-5
2024_10_30_T20:51:49 -  Model step took 0.060851097106933594 seconds
2024_10_30_T20:51:49 -  Metrics: sum_wealth took 3.814697265625e-5
2024_10_30_T20:51:49 -  Metrics: wealth_distribution took 0.0005199909210205078
2024_10_30_T20:51:49 -  Metrics: money_distribution took 0.0004811286926269531
2024_10_30_T20:51:49 -  Metrics: size_distribution took 0.0004189014434814453
2024_10_30_T20:51:49 -  Metrics: age_distribution took 0.0004379749298095703
2024_10_30_T20:51:52 -  Model step started
2024_10_30_T20:51:52 -  clearHangingSupplies started
2024_10_30_T20:51:52 -  clearHangingSupplies took 7.700920104980469e-5
2024_10_30_T20:51:52 -  clearHangingRentalSupplies started
2024_10_30_T20:51:52 -  clearHangingRentalSupplies took 1.7881393432617188e-5
2024_10_30_T20:51:52 -  clearHouseMarket started
2024_10_30_T20:51:52 -  clearHouseMarket - first block took 0.03929901123046875
2024_10_30_T20:51:52 -  clearHouseMarket - second block took 0.0010290145874023438
2024_10_30_T20:51:52 -  clearHouseMarket - third block took 0.0001800060272216797
2024_10_30_T20:51:52 -  clearRentalMarket started
2024_10_30_T20:51:52 -  clearRentalMarket - first block took 0.002772808074951172
2024_10_30_T20:51:52 -  clearRentalMarket - second block took 4.100799560546875e-5
2024_10_30_T20:51:52 -  Pushed house into housesBuiltPerRegion (location,size) = (Lisboa, LessThan75)
2024_10_30_T20:51:52 -  Pushed house into housesBuiltPerRegion (location,size) = (Lisboa, LessThan125)
2024_10_30_T20:51:52 -  Model step took 0.05771183967590332 seconds
2024_10_30_T20:51:52 -  Metrics: sum_wealth took 5.698204040527344e-5
2024_10_30_T20:51:52 -  Metrics: wealth_distribution took 0.00045013427734375
2024_10_30_T20:51:52 -  Metrics: money_distribution took 0.00045800209045410156
2024_10_30_T20:51:52 -  Metrics: size_distribution took 0.00041294097900390625
2024_10_30_T20:51:52 -  Metrics: age_distribution took 0.00038695335388183594
