2024_11_14_T12:57:50 -  finished initateHouses in 0.7796289920806885 seconds
2024_11_14_T12:57:50 -  finished initiateHouseholds in 0.9772610664367676 seconds
2024_11_14_T12:57:51 -  All houses for rental were assigned in Lisboa
2024_11_14_T12:57:51 -  All houses for rental were assigned in Lisboa
2024_11_14_T12:57:51 -  All houses for rental were assigned in Lisboa
2024_11_14_T12:57:51 -  All houses for rental were assigned in Lisboa
2024_11_14_T12:57:51 -  All houses for rental were assigned in Lisboa
2024_11_14_T12:57:51 -  All houses for rental were assigned in Lisboa
2024_11_14_T12:57:51 -  All houses for rental were assigned in Lisboa
2024_11_14_T12:57:51 -  All houses for rental were assigned in Lisboa
2024_11_14_T12:57:51 -  All houses for rental were assigned in Lisboa
2024_11_14_T12:57:51 -  All houses for rental were assigned in Lisboa
2024_11_14_T12:57:51 -  All houses for rental were assigned in Lisboa
2024_11_14_T12:57:51 -  All houses for rental were assigned in Lisboa
2024_11_14_T12:57:51 -  All houses for rental were assigned in Lisboa
2024_11_14_T12:57:51 -  All houses for rental were assigned in Lisboa
2024_11_14_T12:57:51 -  All houses for rental were assigned in Lisboa
2024_11_14_T12:57:51 -  All houses for rental were assigned in Lisboa
2024_11_14_T12:57:51 -  All houses for rental were assigned in Lisboa
2024_11_14_T12:57:51 -  All houses for rental were assigned in Lisboa
2024_11_14_T12:57:51 -  All houses for rental were assigned in Lisboa
2024_11_14_T12:57:51 -  All houses for rental were assigned in Lisboa
2024_11_14_T12:57:51 -  All houses for rental were assigned in Lisboa
2024_11_14_T12:57:51 -  All houses for rental were assigned in Lisboa
2024_11_14_T12:57:51 -  All houses for rental were assigned in Lisboa
2024_11_14_T12:57:51 -  All houses for rental were assigned in Lisboa
2024_11_14_T12:57:51 -  All houses for rental were assigned in Lisboa
2024_11_14_T12:57:51 -  All houses for rental were assigned in Lisboa
2024_11_14_T12:57:51 -  All houses for rental were assigned in Lisboa
2024_11_14_T12:57:51 -  All houses for rental were assigned in Lisboa
2024_11_14_T12:57:51 -  All houses for rental were assigned in Lisboa
2024_11_14_T12:57:51 -  All houses for rental were assigned in Lisboa
2024_11_14_T12:57:51 -  All houses for rental were assigned in Lisboa
2024_11_14_T12:57:51 -  All houses for rental were assigned in Lisboa
2024_11_14_T12:57:51 -  All houses for rental were assigned in Lisboa
2024_11_14_T12:57:51 -  All houses for rental were assigned in Lisboa
2024_11_14_T12:57:51 -  All houses for rental were assigned in Lisboa
2024_11_14_T12:57:51 -  All houses for rental were assigned in Lisboa
2024_11_14_T12:57:51 -  All houses for rental were assigned in Lisboa
2024_11_14_T12:57:51 -  All houses for rental were assigned in Lisboa
2024_11_14_T12:57:51 -  All houses for rental were assigned in Lisboa
2024_11_14_T12:57:51 -  All houses for rental were assigned in Lisboa
2024_11_14_T12:57:51 -  All houses for rental were assigned in Lisboa
2024_11_14_T12:57:51 -  All houses for rental were assigned in Lisboa
2024_11_14_T12:57:51 -  All houses for rental were assigned in Lisboa
2024_11_14_T12:57:51 -  All houses for rental were assigned in Lisboa
2024_11_14_T12:57:51 -  All houses for rental were assigned in Lisboa
2024_11_14_T12:57:51 -  All houses for rental were assigned in Lisboa
2024_11_14_T12:57:51 -  All houses for rental were assigned in Lisboa
2024_11_14_T12:57:51 -  All houses for rental were assigned in Lisboa
2024_11_14_T12:57:51 -  All houses for rental were assigned in Lisboa
2024_11_14_T12:57:51 -  All houses for rental were assigned in Lisboa
2024_11_14_T12:57:51 -  All houses for rental were assigned in Lisboa
2024_11_14_T12:57:51 -  All houses for rental were assigned in Lisboa
2024_11_14_T12:57:51 -  All houses for rental were assigned in Lisboa
2024_11_14_T12:57:51 -  All houses for rental were assigned in Lisboa
2024_11_14_T12:57:51 -  All houses for rental were assigned in Lisboa
2024_11_14_T12:57:51 -  All houses for rental were assigned in Lisboa
2024_11_14_T12:57:51 -  All houses for rental were assigned in Lisboa
2024_11_14_T12:57:51 -  All houses for rental were assigned in Lisboa
2024_11_14_T12:57:51 -  All houses for rental were assigned in Lisboa
2024_11_14_T12:57:51 -  All houses for rental were assigned in Lisboa
2024_11_14_T12:57:51 -  All houses for rental were assigned in Lisboa
2024_11_14_T12:57:51 -  All houses for rental were assigned in Lisboa
2024_11_14_T12:57:51 -  All houses for rental were assigned in Lisboa
2024_11_14_T12:57:51 -  All houses for rental were assigned in Lisboa
2024_11_14_T12:57:51 -  All houses for rental were assigned in Lisboa
2024_11_14_T12:57:51 -  All houses for rental were assigned in Lisboa
2024_11_14_T12:57:51 -  All houses for rental were assigned in Lisboa
2024_11_14_T12:57:51 -  All houses for rental were assigned in Lisboa
2024_11_14_T12:57:51 -  All houses for rental were assigned in Lisboa
2024_11_14_T12:57:51 -  All houses for rental were assigned in Lisboa
2024_11_14_T12:57:51 -  All houses for rental were assigned in Lisboa
2024_11_14_T12:57:51 -  All houses for rental were assigned in Lisboa
2024_11_14_T12:57:51 -  All houses for rental were assigned in Lisboa
2024_11_14_T12:57:51 -  All houses for rental were assigned in Lisboa
2024_11_14_T12:57:51 -  All houses for rental were assigned in Lisboa
2024_11_14_T12:57:51 -  All houses for rental were assigned in Lisboa
2024_11_14_T12:57:51 -  All houses for rental were assigned in Lisboa
2024_11_14_T12:57:51 -  All houses for rental were assigned in Lisboa
2024_11_14_T12:57:51 -  All houses for rental were assigned in Lisboa
2024_11_14_T12:57:51 -  All houses for rental were assigned in Lisboa
2024_11_14_T12:57:51 -  All houses for rental were assigned in Lisboa
2024_11_14_T12:57:51 -  All houses for rental were assigned in Lisboa
2024_11_14_T12:57:51 -  All houses for rental were assigned in Lisboa
2024_11_14_T12:57:51 -  All houses for rental were assigned in Lisboa
2024_11_14_T12:57:51 -  All houses for rental were assigned in Lisboa
2024_11_14_T12:57:51 -  All houses for rental were assigned in Lisboa
2024_11_14_T12:57:51 -  All houses for rental were assigned in Lisboa
2024_11_14_T12:57:51 -  All houses for rental were assigned in Lisboa
2024_11_14_T12:57:51 -  All houses for rental were assigned in Lisboa
2024_11_14_T12:57:51 -  All houses for rental were assigned in Lisboa
2024_11_14_T12:57:51 -  All houses for rental were assigned in Lisboa
2024_11_14_T12:57:51 -  All houses for rental were assigned in Lisboa
2024_11_14_T12:57:51 -  All houses for rental were assigned in Lisboa
2024_11_14_T12:57:51 -  All houses for rental were assigned in Lisboa
2024_11_14_T12:57:51 -  All houses for rental were assigned in Lisboa
2024_11_14_T12:57:51 -  All houses for rental were assigned in Lisboa
2024_11_14_T12:57:51 -  All houses for rental were assigned in Lisboa
2024_11_14_T12:57:51 -  All houses for rental were assigned in Lisboa
2024_11_14_T12:57:51 -  All houses for rental were assigned in Lisboa
2024_11_14_T12:57:51 -  All houses for rental were assigned in Lisboa
2024_11_14_T12:57:51 -  All houses for rental were assigned in Lisboa
2024_11_14_T12:57:51 -  All houses for rental were assigned in Lisboa
2024_11_14_T12:57:51 -  All houses for rental were assigned in Lisboa
2024_11_14_T12:57:51 -  All houses for rental were assigned in Lisboa
2024_11_14_T12:57:51 -  All houses for rental were assigned in Lisboa
2024_11_14_T12:57:51 -  All houses for rental were assigned in Lisboa
2024_11_14_T12:57:51 -  All houses for rental were assigned in Lisboa
2024_11_14_T12:57:51 -  All houses for rental were assigned in Lisboa
2024_11_14_T12:57:51 -  All houses for rental were assigned in Lisboa
2024_11_14_T12:57:51 -  All houses for rental were assigned in Lisboa
2024_11_14_T12:57:51 -  All houses for rental were assigned in Lisboa
2024_11_14_T12:57:51 -  All houses for rental were assigned in Lisboa
2024_11_14_T12:57:51 -  All houses for rental were assigned in Lisboa
2024_11_14_T12:57:51 -  All houses for rental were assigned in Lisboa
2024_11_14_T12:57:51 -  All houses for rental were assigned in Lisboa
2024_11_14_T12:57:51 -  All houses for rental were assigned in Lisboa
2024_11_14_T12:57:51 -  All houses for rental were assigned in Lisboa
2024_11_14_T12:57:51 -  All houses for rental were assigned in Lisboa
2024_11_14_T12:57:51 -  All houses for rental were assigned in Lisboa
2024_11_14_T12:57:51 -  All houses for rental were assigned in Lisboa
2024_11_14_T12:57:51 -  All houses for rental were assigned in Lisboa
2024_11_14_T12:57:51 -  All houses for rental were assigned in Lisboa
2024_11_14_T12:57:51 -  All houses for rental were assigned in Lisboa
2024_11_14_T12:57:51 -  All houses for rental were assigned in Lisboa
2024_11_14_T12:57:51 -  All houses for rental were assigned in Lisboa
2024_11_14_T12:57:51 -  All houses for rental were assigned in Lisboa
2024_11_14_T12:57:51 -  All houses for rental were assigned in Lisboa
2024_11_14_T12:57:51 -  All houses for rental were assigned in Lisboa
2024_11_14_T12:57:51 -  All houses for rental were assigned in Lisboa
2024_11_14_T12:57:51 -  All houses for rental were assigned in Lisboa
2024_11_14_T12:57:51 -  All houses for rental were assigned in Lisboa
2024_11_14_T12:57:51 -  All houses for rental were assigned in Lisboa
2024_11_14_T12:57:51 -  All houses for rental were assigned in Lisboa
2024_11_14_T12:57:51 -  All houses for rental were assigned in Lisboa
2024_11_14_T12:57:51 -  All houses for rental were assigned in Lisboa
2024_11_14_T12:57:51 -  All houses for rental were assigned in Lisboa
2024_11_14_T12:57:51 -  All houses for rental were assigned in Lisboa
2024_11_14_T12:57:51 -  All houses for rental were assigned in Lisboa
2024_11_14_T12:57:51 -  All houses for rental were assigned in Lisboa
2024_11_14_T12:57:51 -  All houses for rental were assigned in Lisboa
2024_11_14_T12:57:51 -  All houses for rental were assigned in Lisboa
2024_11_14_T12:57:51 -  All houses for rental were assigned in Lisboa
2024_11_14_T12:57:51 -  All houses for rental were assigned in Lisboa
2024_11_14_T12:57:51 -  All houses for rental were assigned in Lisboa
2024_11_14_T12:57:51 -  All houses for rental were assigned in Lisboa
2024_11_14_T12:57:51 -  All houses for rental were assigned in Lisboa
2024_11_14_T12:57:51 -  All houses for rental were assigned in Lisboa
2024_11_14_T12:57:51 -  All houses for rental were assigned in Lisboa
2024_11_14_T12:57:51 -  All houses for rental were assigned in Lisboa
2024_11_14_T12:57:51 -  All houses for rental were assigned in Lisboa
2024_11_14_T12:57:51 -  All houses for rental were assigned in Lisboa
2024_11_14_T12:57:51 -  All houses for rental were assigned in Lisboa
2024_11_14_T12:57:51 -  All houses for rental were assigned in Lisboa
2024_11_14_T12:57:51 -  All houses for rental were assigned in Lisboa
2024_11_14_T12:57:51 -  All houses for rental were assigned in Lisboa
2024_11_14_T12:57:51 -  All houses for rental were assigned in Lisboa
2024_11_14_T12:57:51 -  All houses for rental were assigned in Lisboa
2024_11_14_T12:57:51 -  All houses for rental were assigned in Lisboa
2024_11_14_T12:57:51 -  All houses for rental were assigned in Lisboa
2024_11_14_T12:57:51 -  All houses for rental were assigned in Lisboa
2024_11_14_T12:57:51 -  All houses for rental were assigned in Lisboa
2024_11_14_T12:57:51 -  All houses for rental were assigned in Lisboa
2024_11_14_T12:57:51 -  All houses for rental were assigned in Lisboa
2024_11_14_T12:57:51 -  All houses for rental were assigned in Lisboa
2024_11_14_T12:57:51 -  All houses for rental were assigned in Lisboa
2024_11_14_T12:57:51 -  All houses for rental were assigned in Lisboa
2024_11_14_T12:57:51 -  All houses for rental were assigned in Lisboa
2024_11_14_T12:57:51 -  All houses for rental were assigned in Lisboa
2024_11_14_T12:57:51 -  All houses for rental were assigned in Lisboa
2024_11_14_T12:57:51 -  All houses for rental were assigned in Lisboa
2024_11_14_T12:57:51 -  All houses for rental were assigned in Lisboa
2024_11_14_T12:57:51 -  All houses for rental were assigned in Lisboa
2024_11_14_T12:57:51 -  All houses for rental were assigned in Lisboa
2024_11_14_T12:57:51 -  All houses for rental were assigned in Lisboa
2024_11_14_T12:57:51 -  All houses for rental were assigned in Lisboa
2024_11_14_T12:57:51 -  All houses for rental were assigned in Lisboa
2024_11_14_T12:57:51 -  All houses for rental were assigned in Lisboa
2024_11_14_T12:57:51 -  All houses for rental were assigned in Lisboa
2024_11_14_T12:57:51 -  All houses for rental were assigned in Lisboa
2024_11_14_T12:57:51 -  All houses for rental were assigned in Lisboa
2024_11_14_T12:57:51 -  All houses for rental were assigned in Lisboa
2024_11_14_T12:57:51 -  All houses for rental were assigned in Lisboa
2024_11_14_T12:57:51 -  All houses for rental were assigned in Lisboa
2024_11_14_T12:57:51 -  All houses for rental were assigned in Lisboa
2024_11_14_T12:57:51 -  All houses for rental were assigned in Lisboa
2024_11_14_T12:57:51 -  All houses for rental were assigned in Lisboa
2024_11_14_T12:57:51 -  All houses for rental were assigned in Lisboa
2024_11_14_T12:57:51 -  All houses for rental were assigned in Lisboa
2024_11_14_T12:57:51 -  All houses for rental were assigned in Lisboa
2024_11_14_T12:57:51 -  All houses for rental were assigned in Lisboa
2024_11_14_T12:57:51 -  All houses for rental were assigned in Lisboa
2024_11_14_T12:57:51 -  All houses for rental were assigned in Lisboa
2024_11_14_T12:57:51 -  All houses for rental were assigned in Lisboa
2024_11_14_T12:57:51 -  All houses for rental were assigned in Lisboa
2024_11_14_T12:57:51 -  All houses for rental were assigned in Lisboa
2024_11_14_T12:57:51 -  All houses for rental were assigned in Lisboa
2024_11_14_T12:57:51 -  All houses for rental were assigned in Lisboa
2024_11_14_T12:57:51 -  All houses for rental were assigned in Lisboa
2024_11_14_T12:57:51 -  All houses for rental were assigned in Lisboa
2024_11_14_T12:57:51 -  All houses for rental were assigned in Lisboa
2024_11_14_T12:57:51 -  All houses for rental were assigned in Lisboa
2024_11_14_T12:57:51 -  All houses for rental were assigned in Lisboa
2024_11_14_T12:57:51 -  All houses for rental were assigned in Lisboa
2024_11_14_T12:57:51 -  All houses for rental were assigned in Lisboa
2024_11_14_T12:57:51 -  All houses for rental were assigned in Lisboa
2024_11_14_T12:57:51 -  All houses for rental were assigned in Lisboa
2024_11_14_T12:57:51 -  All houses for rental were assigned in Lisboa
2024_11_14_T12:57:51 -  All houses for rental were assigned in Lisboa
2024_11_14_T12:57:51 -  All houses for rental were assigned in Lisboa
2024_11_14_T12:57:51 -  All houses for rental were assigned in Lisboa
2024_11_14_T12:57:51 -  All houses for rental were assigned in Lisboa
2024_11_14_T12:57:51 -  All houses for rental were assigned in Lisboa
2024_11_14_T12:57:51 -  All houses for rental were assigned in Lisboa
2024_11_14_T12:57:51 -  All houses for rental were assigned in Lisboa
2024_11_14_T12:57:51 -  All houses for rental were assigned in Lisboa
2024_11_14_T12:57:51 -  All houses for rental were assigned in Lisboa
2024_11_14_T12:57:51 -  All houses for rental were assigned in Lisboa
2024_11_14_T12:57:51 -  All houses for rental were assigned in Lisboa
2024_11_14_T12:57:51 -  All houses for rental were assigned in Lisboa
2024_11_14_T12:57:51 -  All houses for rental were assigned in Lisboa
2024_11_14_T12:57:51 -  All houses for rental were assigned in Lisboa
2024_11_14_T12:57:51 -  All houses for rental were assigned in Lisboa
2024_11_14_T12:57:51 -  All houses for rental were assigned in Lisboa
2024_11_14_T12:57:51 -  All houses for rental were assigned in Lisboa
2024_11_14_T12:57:51 -  All houses for rental were assigned in Lisboa
2024_11_14_T12:57:51 -  All houses for rental were assigned in Lisboa
2024_11_14_T12:57:51 -  All houses for rental were assigned in Lisboa
2024_11_14_T12:57:51 -  All houses for rental were assigned in Lisboa
2024_11_14_T12:57:51 -  All houses for rental were assigned in Lisboa
2024_11_14_T12:57:51 -  All houses for rental were assigned in Lisboa
2024_11_14_T12:57:51 -  All houses for rental were assigned in Lisboa
2024_11_14_T12:57:51 -  All houses for rental were assigned in Lisboa
2024_11_14_T12:57:51 -  All houses for rental were assigned in Lisboa
2024_11_14_T12:57:51 -  All houses for rental were assigned in Lisboa
2024_11_14_T12:57:51 -  All houses for rental were assigned in Lisboa
2024_11_14_T12:57:51 -  All houses for rental were assigned in Lisboa
2024_11_14_T12:57:51 -  All houses for rental were assigned in Lisboa
2024_11_14_T12:57:51 -  All houses for rental were assigned in Lisboa
2024_11_14_T12:57:51 -  All houses for rental were assigned in Lisboa
2024_11_14_T12:57:51 -  All houses for rental were assigned in Lisboa
2024_11_14_T12:57:51 -  All houses for rental were assigned in Lisboa
2024_11_14_T12:57:51 -  All houses for rental were assigned in Lisboa
2024_11_14_T12:57:51 -  All houses for rental were assigned in Lisboa
2024_11_14_T12:57:51 -  All houses for rental were assigned in Lisboa
2024_11_14_T12:57:51 -  All houses for rental were assigned in Lisboa
2024_11_14_T12:57:51 -  All houses for rental were assigned in Lisboa
2024_11_14_T12:57:51 -  All houses for rental were assigned in Lisboa
2024_11_14_T12:57:51 -  All houses for rental were assigned in Lisboa
2024_11_14_T12:57:51 -  All houses for rental were assigned in Lisboa
2024_11_14_T12:57:51 -  All houses for rental were assigned in Lisboa
2024_11_14_T12:57:51 -  All houses for rental were assigned in Lisboa
2024_11_14_T12:57:51 -  All houses for rental were assigned in Lisboa
2024_11_14_T12:57:51 -  All houses for rental were assigned in Lisboa
2024_11_14_T12:57:51 -  All houses for rental were assigned in Lisboa
2024_11_14_T12:57:51 -  All houses for rental were assigned in Lisboa
2024_11_14_T12:57:51 -  All houses for rental were assigned in Lisboa
2024_11_14_T12:57:51 -  All houses for rental were assigned in Lisboa
2024_11_14_T12:57:51 -  All houses for rental were assigned in Lisboa
2024_11_14_T12:57:51 -  All houses for rental were assigned in Lisboa
2024_11_14_T12:57:51 -  All houses for rental were assigned in Lisboa
2024_11_14_T12:57:51 -  All houses for rental were assigned in Lisboa
2024_11_14_T12:57:51 -  All houses for rental were assigned in Lisboa
2024_11_14_T12:57:51 -  All houses for rental were assigned in Lisboa
2024_11_14_T12:57:51 -  All houses for rental were assigned in Lisboa
2024_11_14_T12:57:51 -  All houses for rental were assigned in Lisboa
2024_11_14_T12:57:51 -  All houses for rental were assigned in Lisboa
2024_11_14_T12:57:51 -  All houses for rental were assigned in Lisboa
2024_11_14_T12:57:51 -  All houses for rental were assigned in Lisboa
2024_11_14_T12:57:51 -  All houses for rental were assigned in Lisboa
2024_11_14_T12:57:51 -  All houses for rental were assigned in Lisboa
2024_11_14_T12:57:51 -  All houses for rental were assigned in Lisboa
2024_11_14_T12:57:51 -  All houses for rental were assigned in Lisboa
2024_11_14_T12:57:51 -  All houses for rental were assigned in Lisboa
2024_11_14_T12:57:51 -  All houses for rental were assigned in Lisboa
2024_11_14_T12:57:51 -  All houses for rental were assigned in Lisboa
2024_11_14_T12:57:51 -  All houses for rental were assigned in Lisboa
2024_11_14_T12:57:51 -  All houses for rental were assigned in Lisboa
2024_11_14_T12:57:51 -  All houses for rental were assigned in Lisboa
2024_11_14_T12:57:51 -  All houses for rental were assigned in Lisboa
2024_11_14_T12:57:51 -  All houses for rental were assigned in Lisboa
2024_11_14_T12:57:51 -  All houses for rental were assigned in Lisboa
2024_11_14_T12:57:51 -  All houses for rental were assigned in Lisboa
2024_11_14_T12:57:51 -  All houses for rental were assigned in Lisboa
2024_11_14_T12:57:51 -  All houses for rental were assigned in Lisboa
2024_11_14_T12:57:51 -  All houses for rental were assigned in Lisboa
2024_11_14_T12:57:51 -  All houses for rental were assigned in Lisboa
2024_11_14_T12:57:51 -  All houses for rental were assigned in Lisboa
2024_11_14_T12:57:51 -  All houses for rental were assigned in Lisboa
2024_11_14_T12:57:51 -  All houses for rental were assigned in Lisboa
2024_11_14_T12:57:51 -  All houses for rental were assigned in Lisboa
2024_11_14_T12:57:51 -  All houses for rental were assigned in Lisboa
2024_11_14_T12:57:51 -  All houses for rental were assigned in Lisboa
2024_11_14_T12:57:51 -  All houses for rental were assigned in Lisboa
2024_11_14_T12:57:51 -  All houses for rental were assigned in Lisboa
2024_11_14_T12:57:51 -  All houses for rental were assigned in Lisboa
2024_11_14_T12:57:51 -  All houses for rental were assigned in Lisboa
2024_11_14_T12:57:51 -  All houses for rental were assigned in Lisboa
2024_11_14_T12:57:51 -  All houses for rental were assigned in Lisboa
2024_11_14_T12:57:51 -  All houses for rental were assigned in Lisboa
2024_11_14_T12:57:51 -  All houses for rental were assigned in Lisboa
2024_11_14_T12:57:51 -  All houses for rental were assigned in Lisboa
2024_11_14_T12:57:51 -  All houses for rental were assigned in Lisboa
2024_11_14_T12:57:51 -  All houses for rental were assigned in Lisboa
2024_11_14_T12:57:51 -  All houses for rental were assigned in Lisboa
2024_11_14_T12:57:51 -  All houses for rental were assigned in Lisboa
2024_11_14_T12:57:51 -  All houses for rental were assigned in Lisboa
2024_11_14_T12:57:51 -  All houses for rental were assigned in Lisboa
2024_11_14_T12:57:51 -  All houses for rental were assigned in Lisboa
2024_11_14_T12:57:51 -  All houses for rental were assigned in Lisboa
2024_11_14_T12:57:51 -  All houses for rental were assigned in Lisboa
2024_11_14_T12:57:51 -  All houses for rental were assigned in Lisboa
2024_11_14_T12:57:51 -  All houses for rental were assigned in Lisboa
2024_11_14_T12:57:51 -  All houses for rental were assigned in Lisboa
2024_11_14_T12:57:51 -  All houses for rental were assigned in Lisboa
2024_11_14_T12:57:51 -  All houses for rental were assigned in Lisboa
2024_11_14_T12:57:51 -  All houses for rental were assigned in Lisboa
2024_11_14_T12:57:51 -  All houses for rental were assigned in Lisboa
2024_11_14_T12:57:51 -  All houses for rental were assigned in Lisboa
2024_11_14_T12:57:51 -  All houses for rental were assigned in Lisboa
2024_11_14_T12:57:51 -  All houses for rental were assigned in Lisboa
2024_11_14_T12:57:51 -  All houses for rental were assigned in Lisboa
2024_11_14_T12:57:51 -  All houses for rental were assigned in Lisboa
2024_11_14_T12:57:51 -  All houses for rental were assigned in Lisboa
2024_11_14_T12:57:51 -  All houses for rental were assigned in Lisboa
2024_11_14_T12:57:51 -  All houses for rental were assigned in Lisboa
2024_11_14_T12:57:51 -  All houses for rental were assigned in Lisboa
2024_11_14_T12:57:51 -  All houses for rental were assigned in Lisboa
2024_11_14_T12:57:51 -  All houses for rental were assigned in Lisboa
2024_11_14_T12:57:51 -  All houses for rental were assigned in Lisboa
2024_11_14_T12:57:51 -  All houses for rental were assigned in Lisboa
2024_11_14_T12:57:51 -  All houses for rental were assigned in Lisboa
2024_11_14_T12:57:51 -  All houses for rental were assigned in Lisboa
2024_11_14_T12:57:51 -  All houses for rental were assigned in Lisboa
2024_11_14_T12:57:51 -  All houses for rental were assigned in Lisboa
2024_11_14_T12:57:51 -  All houses for rental were assigned in Lisboa
2024_11_14_T12:57:51 -  All houses for rental were assigned in Lisboa
2024_11_14_T12:57:51 -  All houses for rental were assigned in Lisboa
2024_11_14_T12:57:51 -  All houses for rental were assigned in Lisboa
2024_11_14_T12:57:51 -  All houses for rental were assigned in Lisboa
2024_11_14_T12:57:51 -  All houses for rental were assigned in Lisboa
2024_11_14_T12:57:51 -  All houses for rental were assigned in Lisboa
2024_11_14_T12:57:51 -  All houses for rental were assigned in Lisboa
2024_11_14_T12:57:51 -  All houses for rental were assigned in Lisboa
2024_11_14_T12:57:51 -  All houses for rental were assigned in Lisboa
2024_11_14_T12:57:51 -  All houses for rental were assigned in Lisboa
2024_11_14_T12:57:51 -  All houses for rental were assigned in Lisboa
2024_11_14_T12:57:51 -  All houses for rental were assigned in Lisboa
2024_11_14_T12:57:51 -  All houses for rental were assigned in Lisboa
2024_11_14_T12:57:51 -  All houses for rental were assigned in Lisboa
2024_11_14_T12:57:51 -  All houses for rental were assigned in Lisboa
2024_11_14_T12:57:51 -  All houses for rental were assigned in Lisboa
2024_11_14_T12:57:51 -  All houses for rental were assigned in Lisboa
2024_11_14_T12:57:51 -  All houses for rental were assigned in Lisboa
2024_11_14_T12:57:51 -  All houses for rental were assigned in Lisboa
2024_11_14_T12:57:51 -  All houses for rental were assigned in Lisboa
2024_11_14_T12:57:51 -  All houses for rental were assigned in Lisboa
2024_11_14_T12:57:51 -  All houses for rental were assigned in Lisboa
2024_11_14_T12:57:51 -  All houses for rental were assigned in Lisboa
2024_11_14_T12:57:51 -  All houses for rental were assigned in Lisboa
2024_11_14_T12:57:51 -  All houses for rental were assigned in Lisboa
2024_11_14_T12:57:51 -  All houses for rental were assigned in Lisboa
2024_11_14_T12:57:51 -  All houses for rental were assigned in Lisboa
2024_11_14_T12:57:51 -  All houses for rental were assigned in Lisboa
2024_11_14_T12:57:51 -  All houses for rental were assigned in Lisboa
2024_11_14_T12:57:51 -  All houses for rental were assigned in Lisboa
2024_11_14_T12:57:51 -  All houses for rental were assigned in Lisboa
2024_11_14_T12:57:51 -  All houses for rental were assigned in Lisboa
2024_11_14_T12:57:51 -  All houses for rental were assigned in Lisboa
2024_11_14_T12:57:51 -  All houses for rental were assigned in Lisboa
2024_11_14_T12:57:51 -  All houses for rental were assigned in Lisboa
2024_11_14_T12:57:51 -  All houses for rental were assigned in Lisboa
2024_11_14_T12:57:51 -  All houses for rental were assigned in Lisboa
2024_11_14_T12:57:51 -  All houses for rental were assigned in Lisboa
2024_11_14_T12:57:51 -  All houses for rental were assigned in Lisboa
2024_11_14_T12:57:51 -  All houses for rental were assigned in Lisboa
2024_11_14_T12:57:51 -  All houses for rental were assigned in Lisboa
2024_11_14_T12:57:51 -  All houses for rental were assigned in Lisboa
2024_11_14_T12:57:51 -  All houses for rental were assigned in Lisboa
2024_11_14_T12:57:51 -  All houses for rental were assigned in Lisboa
2024_11_14_T12:57:51 -  All houses for rental were assigned in Lisboa
2024_11_14_T12:57:51 -  All houses for rental were assigned in Lisboa
2024_11_14_T12:57:51 -  All houses for rental were assigned in Lisboa
2024_11_14_T12:57:51 -  All houses for rental were assigned in Lisboa
2024_11_14_T12:57:51 -  All houses for rental were assigned in Lisboa
2024_11_14_T12:57:51 -  All houses for rental were assigned in Lisboa
2024_11_14_T12:57:51 -  All houses for rental were assigned in Lisboa
2024_11_14_T12:57:51 -  All houses for rental were assigned in Lisboa
2024_11_14_T12:57:51 -  All houses for rental were assigned in Lisboa
2024_11_14_T12:57:51 -  All houses for rental were assigned in Lisboa
2024_11_14_T12:57:51 -  All houses for rental were assigned in Lisboa
2024_11_14_T12:57:51 -  All houses for rental were assigned in Lisboa
2024_11_14_T12:57:51 -  All houses for rental were assigned in Lisboa
2024_11_14_T12:57:51 -  All houses for rental were assigned in Lisboa
2024_11_14_T12:57:51 -  All houses for rental were assigned in Lisboa
2024_11_14_T12:57:51 -  All houses for rental were assigned in Lisboa
2024_11_14_T12:57:51 -  All houses for rental were assigned in Lisboa
2024_11_14_T12:57:51 -  All houses for rental were assigned in Lisboa
2024_11_14_T12:57:51 -  All houses for rental were assigned in Lisboa
2024_11_14_T12:57:51 -  All houses for rental were assigned in Lisboa
2024_11_14_T12:57:51 -  All houses for rental were assigned in Lisboa
2024_11_14_T12:57:51 -  All houses for rental were assigned in Lisboa
2024_11_14_T12:57:51 -  All houses for rental were assigned in Lisboa
2024_11_14_T12:57:51 -  All houses for rental were assigned in Lisboa
2024_11_14_T12:57:51 -  All houses for rental were assigned in Lisboa
2024_11_14_T12:57:51 -  All houses for rental were assigned in Lisboa
2024_11_14_T12:57:51 -  All houses for rental were assigned in Lisboa
2024_11_14_T12:57:51 -  All houses for rental were assigned in Lisboa
2024_11_14_T12:57:51 -  All houses for rental were assigned in Lisboa
2024_11_14_T12:57:51 -  All houses for rental were assigned in Lisboa
2024_11_14_T12:57:51 -  All houses for rental were assigned in Lisboa
2024_11_14_T12:57:51 -  All houses for rental were assigned in Lisboa
2024_11_14_T12:57:51 -  All houses for rental were assigned in Lisboa
2024_11_14_T12:57:51 -  All houses for rental were assigned in Lisboa
2024_11_14_T12:57:51 -  All houses for rental were assigned in Lisboa
2024_11_14_T12:57:51 -  All houses for rental were assigned in Lisboa
2024_11_14_T12:57:51 -  All houses for rental were assigned in Lisboa
2024_11_14_T12:57:51 -  All houses for rental were assigned in Lisboa
2024_11_14_T12:57:51 -  All houses for rental were assigned in Lisboa
2024_11_14_T12:57:51 -  All houses for rental were assigned in Lisboa
2024_11_14_T12:57:51 -  All houses for rental were assigned in Lisboa
2024_11_14_T12:57:51 -  All houses for rental were assigned in Lisboa
2024_11_14_T12:57:51 -  All houses for rental were assigned in Lisboa
2024_11_14_T12:57:51 -  All houses for rental were assigned in Lisboa
2024_11_14_T12:57:51 -  All houses for rental were assigned in Lisboa
2024_11_14_T12:57:51 -  All houses for rental were assigned in Lisboa
2024_11_14_T12:57:51 -  All houses for rental were assigned in Lisboa
2024_11_14_T12:57:51 -  All houses for rental were assigned in Lisboa
2024_11_14_T12:57:51 -  All houses for rental were assigned in Lisboa
2024_11_14_T12:57:51 -  All houses for rental were assigned in Lisboa
2024_11_14_T12:57:51 -  All houses for rental were assigned in Lisboa
2024_11_14_T12:57:51 -  All houses for rental were assigned in Lisboa
2024_11_14_T12:57:51 -  All houses for rental were assigned in Lisboa
2024_11_14_T12:57:51 -  All houses for rental were assigned in Lisboa
2024_11_14_T12:57:51 -  All houses for rental were assigned in Lisboa
2024_11_14_T12:57:51 -  All houses for rental were assigned in Lisboa
2024_11_14_T12:57:51 -  All houses for rental were assigned in Lisboa
2024_11_14_T12:57:51 -  All houses for rental were assigned in Lisboa
2024_11_14_T12:57:51 -  All houses for rental were assigned in Lisboa
2024_11_14_T12:57:51 -  All houses for rental were assigned in Lisboa
2024_11_14_T12:57:51 -  All houses for rental were assigned in Lisboa
2024_11_14_T12:57:51 -  All houses for rental were assigned in Lisboa
2024_11_14_T12:57:51 -  All houses for rental were assigned in Lisboa
2024_11_14_T12:57:51 -  All houses for rental were assigned in Lisboa
2024_11_14_T12:57:51 -  All houses for rental were assigned in Lisboa
2024_11_14_T12:57:51 -  All houses for rental were assigned in Lisboa
2024_11_14_T12:57:51 -  All houses for rental were assigned in Lisboa
2024_11_14_T12:57:51 -  All houses for rental were assigned in Lisboa
2024_11_14_T12:57:51 -  All houses for rental were assigned in Lisboa
2024_11_14_T12:57:51 -  All houses for rental were assigned in Lisboa
2024_11_14_T12:57:51 -  All houses for rental were assigned in Lisboa
2024_11_14_T12:57:51 -  All houses for rental were assigned in Lisboa
2024_11_14_T12:57:51 -  All houses for rental were assigned in Lisboa
2024_11_14_T12:57:51 -  All houses for rental were assigned in Lisboa
2024_11_14_T12:57:51 -  All houses for rental were assigned in Lisboa
2024_11_14_T12:57:51 -  All houses for rental were assigned in Lisboa
2024_11_14_T12:57:51 -  All houses for rental were assigned in Lisboa
2024_11_14_T12:57:51 -  All houses for rental were assigned in Lisboa
2024_11_14_T12:57:51 -  All houses for rental were assigned in Lisboa
2024_11_14_T12:57:51 -  All houses for rental were assigned in Lisboa
2024_11_14_T12:57:51 -  All houses for rental were assigned in Lisboa
2024_11_14_T12:57:51 -  All houses for rental were assigned in Lisboa
2024_11_14_T12:57:51 -  All houses for rental were assigned in Lisboa
2024_11_14_T12:57:51 -  All houses for rental were assigned in Lisboa
2024_11_14_T12:57:51 -  All houses for rental were assigned in Lisboa
2024_11_14_T12:57:51 -  All houses for rental were assigned in Lisboa
2024_11_14_T12:57:51 -  All houses for rental were assigned in Lisboa
2024_11_14_T12:57:51 -  All houses for rental were assigned in Lisboa
2024_11_14_T12:57:51 -  All houses for rental were assigned in Lisboa
2024_11_14_T12:57:51 -  All houses for rental were assigned in Lisboa
2024_11_14_T12:57:51 -  All houses for rental were assigned in Lisboa
2024_11_14_T12:57:51 -  All houses for rental were assigned in Lisboa
2024_11_14_T12:57:51 -  All houses for rental were assigned in Lisboa
2024_11_14_T12:57:51 -  All houses for rental were assigned in Lisboa
2024_11_14_T12:57:51 -  All houses for rental were assigned in Lisboa
2024_11_14_T12:57:51 -  All houses for rental were assigned in Lisboa
2024_11_14_T12:57:51 -  All houses for rental were assigned in Lisboa
2024_11_14_T12:57:51 -  All houses for rental were assigned in Lisboa
2024_11_14_T12:57:51 -  All houses for rental were assigned in Lisboa
2024_11_14_T12:57:51 -  All houses for rental were assigned in Lisboa
2024_11_14_T12:57:51 -  finished assignHousesToHouseholds in 1.3985321521759033 seconds
2024_11_14_T12:57:54 -  Metrics: sum_wealth took 1.1920928955078125e-6
2024_11_14_T12:57:55 -  Metrics: wealth_distribution took 4.0531158447265625e-6
2024_11_14_T12:57:56 -  Metrics: money_distribution took 3.814697265625e-6
2024_11_14_T12:57:56 -  Metrics: size_distribution took 5.0067901611328125e-6
2024_11_14_T12:57:56 -  Metrics: age_distribution took 5.0067901611328125e-6
2024_11_14_T12:57:58 -  Metrics: sum_wealth took 9.202957153320312e-5
2024_11_14_T12:57:58 -  Metrics: wealth_distribution took 0.010601997375488281
2024_11_14_T12:57:58 -  Metrics: money_distribution took 0.001116037368774414
2024_11_14_T12:57:58 -  Metrics: size_distribution took 0.0076940059661865234
2024_11_14_T12:57:58 -  Metrics: age_distribution took 0.0010139942169189453
2024_11_14_T12:58:03 -  Model step started
2024_11_14_T12:58:03 -  clearHangingSupplies started
2024_11_14_T12:58:03 -  clearHangingSupplies took 0.0051271915435791016
2024_11_14_T12:58:03 -  clearHangingRentalSupplies started
2024_11_14_T12:58:03 -  clearHangingRentalSupplies took 0.05723905563354492
2024_11_14_T12:58:03 -  clearHouseMarket started
