2024_11_03_T00:23:55 -  finished initateHouses in 1.0149550437927246 seconds
2024_11_03_T00:23:55 -  finished initiateHouseholds in 1.2391419410705566 seconds
2024_11_03_T00:23:55 -  All houses for rental were assigned in Lisboa
2024_11_03_T00:23:55 -  All houses for rental were assigned in Lisboa
2024_11_03_T00:23:55 -  All houses for rental were assigned in Lisboa
2024_11_03_T00:23:55 -  All houses for rental were assigned in Lisboa
2024_11_03_T00:23:55 -  All houses for rental were assigned in Lisboa
2024_11_03_T00:23:55 -  All houses for rental were assigned in Lisboa
2024_11_03_T00:23:55 -  All houses for rental were assigned in Lisboa
2024_11_03_T00:23:55 -  All houses for rental were assigned in Lisboa
2024_11_03_T00:23:55 -  All houses for rental were assigned in Lisboa
2024_11_03_T00:23:55 -  All houses for rental were assigned in Lisboa
2024_11_03_T00:23:55 -  All houses for rental were assigned in Lisboa
2024_11_03_T00:23:55 -  All houses for rental were assigned in Lisboa
2024_11_03_T00:23:55 -  All houses for rental were assigned in Lisboa
2024_11_03_T00:23:55 -  All houses for rental were assigned in Lisboa
2024_11_03_T00:23:55 -  All houses for rental were assigned in Lisboa
2024_11_03_T00:23:55 -  All houses for rental were assigned in Lisboa
2024_11_03_T00:23:55 -  All houses for rental were assigned in Lisboa
2024_11_03_T00:23:55 -  All houses for rental were assigned in Lisboa
2024_11_03_T00:23:55 -  All houses for rental were assigned in Lisboa
2024_11_03_T00:23:55 -  All houses for rental were assigned in Lisboa
2024_11_03_T00:23:55 -  All houses for rental were assigned in Lisboa
2024_11_03_T00:23:55 -  All houses for rental were assigned in Lisboa
2024_11_03_T00:23:55 -  All houses for rental were assigned in Lisboa
2024_11_03_T00:23:55 -  All houses for rental were assigned in Lisboa
2024_11_03_T00:23:55 -  All houses for rental were assigned in Lisboa
2024_11_03_T00:23:55 -  All houses for rental were assigned in Lisboa
2024_11_03_T00:23:55 -  All houses for rental were assigned in Lisboa
2024_11_03_T00:23:55 -  All houses for rental were assigned in Lisboa
2024_11_03_T00:23:55 -  All houses for rental were assigned in Lisboa
2024_11_03_T00:23:55 -  All houses for rental were assigned in Lisboa
2024_11_03_T00:23:55 -  All houses for rental were assigned in Lisboa
2024_11_03_T00:23:55 -  All houses for rental were assigned in Lisboa
2024_11_03_T00:23:55 -  All houses for rental were assigned in Lisboa
2024_11_03_T00:23:55 -  All houses for rental were assigned in Lisboa
2024_11_03_T00:23:55 -  All houses for rental were assigned in Lisboa
2024_11_03_T00:23:55 -  All houses for rental were assigned in Lisboa
2024_11_03_T00:23:55 -  All houses for rental were assigned in Lisboa
2024_11_03_T00:23:55 -  All houses for rental were assigned in Lisboa
2024_11_03_T00:23:55 -  All houses for rental were assigned in Lisboa
2024_11_03_T00:23:55 -  All houses for rental were assigned in Lisboa
2024_11_03_T00:23:55 -  All houses for rental were assigned in Lisboa
2024_11_03_T00:23:55 -  All houses for rental were assigned in Lisboa
2024_11_03_T00:23:55 -  All houses for rental were assigned in Lisboa
2024_11_03_T00:23:55 -  All houses for rental were assigned in Lisboa
2024_11_03_T00:23:55 -  All houses for rental were assigned in Lisboa
2024_11_03_T00:23:55 -  All houses for rental were assigned in Lisboa
2024_11_03_T00:23:55 -  All houses for rental were assigned in Lisboa
2024_11_03_T00:23:55 -  All houses for rental were assigned in Lisboa
2024_11_03_T00:23:55 -  All houses for rental were assigned in Lisboa
2024_11_03_T00:23:55 -  All houses for rental were assigned in Lisboa
2024_11_03_T00:23:55 -  All houses for rental were assigned in Lisboa
2024_11_03_T00:23:55 -  All houses for rental were assigned in Lisboa
2024_11_03_T00:23:55 -  All houses for rental were assigned in Lisboa
2024_11_03_T00:23:55 -  All houses for rental were assigned in Lisboa
2024_11_03_T00:23:55 -  All houses for rental were assigned in Lisboa
2024_11_03_T00:23:55 -  All houses for rental were assigned in Lisboa
2024_11_03_T00:23:55 -  All houses for rental were assigned in Lisboa
2024_11_03_T00:23:55 -  All houses for rental were assigned in Lisboa
2024_11_03_T00:23:55 -  All houses for rental were assigned in Lisboa
2024_11_03_T00:23:55 -  All houses for rental were assigned in Lisboa
2024_11_03_T00:23:55 -  All houses for rental were assigned in Lisboa
2024_11_03_T00:23:55 -  All houses for rental were assigned in Lisboa
2024_11_03_T00:23:55 -  All houses for rental were assigned in Lisboa
2024_11_03_T00:23:55 -  All houses for rental were assigned in Lisboa
2024_11_03_T00:23:55 -  All houses for rental were assigned in Lisboa
2024_11_03_T00:23:55 -  All houses for rental were assigned in Lisboa
2024_11_03_T00:23:55 -  All houses for rental were assigned in Lisboa
2024_11_03_T00:23:55 -  All houses for rental were assigned in Lisboa
2024_11_03_T00:23:55 -  All houses for rental were assigned in Lisboa
2024_11_03_T00:23:55 -  All houses for rental were assigned in Lisboa
2024_11_03_T00:23:55 -  All houses for rental were assigned in Lisboa
2024_11_03_T00:23:55 -  All houses for rental were assigned in Lisboa
2024_11_03_T00:23:55 -  All houses for rental were assigned in Lisboa
2024_11_03_T00:23:55 -  All houses for rental were assigned in Lisboa
2024_11_03_T00:23:55 -  All houses for rental were assigned in Lisboa
2024_11_03_T00:23:55 -  All houses for rental were assigned in Lisboa
2024_11_03_T00:23:55 -  All houses for rental were assigned in Lisboa
2024_11_03_T00:23:55 -  All houses for rental were assigned in Lisboa
2024_11_03_T00:23:55 -  All houses for rental were assigned in Lisboa
2024_11_03_T00:23:55 -  All houses for rental were assigned in Lisboa
2024_11_03_T00:23:55 -  All houses for rental were assigned in Lisboa
2024_11_03_T00:23:55 -  All houses for rental were assigned in Lisboa
2024_11_03_T00:23:55 -  All houses for rental were assigned in Lisboa
2024_11_03_T00:23:55 -  All houses for rental were assigned in Lisboa
2024_11_03_T00:23:55 -  All houses for rental were assigned in Lisboa
2024_11_03_T00:23:55 -  All houses for rental were assigned in Lisboa
2024_11_03_T00:23:55 -  All houses for rental were assigned in Lisboa
2024_11_03_T00:23:55 -  All houses for rental were assigned in Lisboa
2024_11_03_T00:23:55 -  All houses for rental were assigned in Lisboa
2024_11_03_T00:23:55 -  All houses for rental were assigned in Lisboa
2024_11_03_T00:23:55 -  All houses for rental were assigned in Lisboa
2024_11_03_T00:23:55 -  All houses for rental were assigned in Lisboa
2024_11_03_T00:23:55 -  All houses for rental were assigned in Lisboa
2024_11_03_T00:23:55 -  All houses for rental were assigned in Lisboa
2024_11_03_T00:23:55 -  All houses for rental were assigned in Lisboa
2024_11_03_T00:23:55 -  All houses for rental were assigned in Lisboa
2024_11_03_T00:23:55 -  All houses for rental were assigned in Lisboa
2024_11_03_T00:23:55 -  All houses for rental were assigned in Lisboa
2024_11_03_T00:23:55 -  All houses for rental were assigned in Lisboa
2024_11_03_T00:23:55 -  All houses for rental were assigned in Lisboa
2024_11_03_T00:23:55 -  All houses for rental were assigned in Lisboa
2024_11_03_T00:23:55 -  All houses for rental were assigned in Lisboa
2024_11_03_T00:23:55 -  All houses for rental were assigned in Lisboa
2024_11_03_T00:23:55 -  All houses for rental were assigned in Lisboa
2024_11_03_T00:23:55 -  All houses for rental were assigned in Lisboa
2024_11_03_T00:23:55 -  All houses for rental were assigned in Lisboa
2024_11_03_T00:23:55 -  All houses for rental were assigned in Lisboa
2024_11_03_T00:23:55 -  All houses for rental were assigned in Lisboa
2024_11_03_T00:23:55 -  All houses for rental were assigned in Lisboa
2024_11_03_T00:23:55 -  All houses for rental were assigned in Lisboa
2024_11_03_T00:23:55 -  All houses for rental were assigned in Lisboa
2024_11_03_T00:23:55 -  All houses for rental were assigned in Lisboa
2024_11_03_T00:23:55 -  All houses for rental were assigned in Lisboa
2024_11_03_T00:23:55 -  All houses for rental were assigned in Lisboa
2024_11_03_T00:23:55 -  All houses for rental were assigned in Lisboa
2024_11_03_T00:23:55 -  All houses for rental were assigned in Lisboa
2024_11_03_T00:23:55 -  All houses for rental were assigned in Lisboa
2024_11_03_T00:23:55 -  All houses for rental were assigned in Lisboa
2024_11_03_T00:23:55 -  All houses for rental were assigned in Lisboa
2024_11_03_T00:23:55 -  All houses for rental were assigned in Lisboa
2024_11_03_T00:23:55 -  All houses for rental were assigned in Lisboa
2024_11_03_T00:23:55 -  All houses for rental were assigned in Lisboa
2024_11_03_T00:23:55 -  All houses for rental were assigned in Lisboa
2024_11_03_T00:23:55 -  All houses for rental were assigned in Lisboa
2024_11_03_T00:23:55 -  All houses for rental were assigned in Lisboa
2024_11_03_T00:23:55 -  All houses for rental were assigned in Lisboa
2024_11_03_T00:23:55 -  All houses for rental were assigned in Lisboa
2024_11_03_T00:23:55 -  All houses for rental were assigned in Lisboa
2024_11_03_T00:23:55 -  All houses for rental were assigned in Lisboa
2024_11_03_T00:23:55 -  All houses for rental were assigned in Lisboa
2024_11_03_T00:23:55 -  All houses for rental were assigned in Lisboa
2024_11_03_T00:23:55 -  All houses for rental were assigned in Lisboa
2024_11_03_T00:23:55 -  All houses for rental were assigned in Lisboa
2024_11_03_T00:23:55 -  All houses for rental were assigned in Lisboa
2024_11_03_T00:23:55 -  All houses for rental were assigned in Lisboa
2024_11_03_T00:23:55 -  All houses for rental were assigned in Lisboa
2024_11_03_T00:23:55 -  All houses for rental were assigned in Lisboa
2024_11_03_T00:23:55 -  All houses for rental were assigned in Lisboa
2024_11_03_T00:23:55 -  All houses for rental were assigned in Lisboa
2024_11_03_T00:23:55 -  All houses for rental were assigned in Lisboa
2024_11_03_T00:23:55 -  All houses for rental were assigned in Lisboa
2024_11_03_T00:23:55 -  All houses for rental were assigned in Lisboa
2024_11_03_T00:23:55 -  All houses for rental were assigned in Lisboa
2024_11_03_T00:23:55 -  All houses for rental were assigned in Lisboa
2024_11_03_T00:23:55 -  All houses for rental were assigned in Lisboa
2024_11_03_T00:23:55 -  All houses for rental were assigned in Lisboa
2024_11_03_T00:23:55 -  All houses for rental were assigned in Lisboa
2024_11_03_T00:23:55 -  All houses for rental were assigned in Lisboa
2024_11_03_T00:23:55 -  All houses for rental were assigned in Lisboa
2024_11_03_T00:23:55 -  All houses for rental were assigned in Lisboa
2024_11_03_T00:23:55 -  All houses for rental were assigned in Lisboa
2024_11_03_T00:23:55 -  All houses for rental were assigned in Lisboa
2024_11_03_T00:23:55 -  All houses for rental were assigned in Lisboa
2024_11_03_T00:23:55 -  All houses for rental were assigned in Lisboa
2024_11_03_T00:23:55 -  All houses for rental were assigned in Lisboa
2024_11_03_T00:23:55 -  All houses for rental were assigned in Lisboa
2024_11_03_T00:23:55 -  All houses for rental were assigned in Lisboa
2024_11_03_T00:23:55 -  All houses for rental were assigned in Lisboa
2024_11_03_T00:23:55 -  All houses for rental were assigned in Lisboa
2024_11_03_T00:23:55 -  All houses for rental were assigned in Lisboa
2024_11_03_T00:23:55 -  All houses for rental were assigned in Lisboa
2024_11_03_T00:23:55 -  All houses for rental were assigned in Lisboa
2024_11_03_T00:23:55 -  All houses for rental were assigned in Lisboa
2024_11_03_T00:23:55 -  All houses for rental were assigned in Lisboa
2024_11_03_T00:23:55 -  All houses for rental were assigned in Lisboa
2024_11_03_T00:23:55 -  All houses for rental were assigned in Lisboa
2024_11_03_T00:23:55 -  All houses for rental were assigned in Lisboa
2024_11_03_T00:23:55 -  All houses for rental were assigned in Lisboa
2024_11_03_T00:23:55 -  All houses for rental were assigned in Lisboa
2024_11_03_T00:23:55 -  All houses for rental were assigned in Lisboa
2024_11_03_T00:23:55 -  All houses for rental were assigned in Lisboa
2024_11_03_T00:23:55 -  All houses for rental were assigned in Lisboa
2024_11_03_T00:23:55 -  All houses for rental were assigned in Lisboa
2024_11_03_T00:23:55 -  All houses for rental were assigned in Lisboa
2024_11_03_T00:23:55 -  All houses for rental were assigned in Lisboa
2024_11_03_T00:23:55 -  All houses for rental were assigned in Lisboa
2024_11_03_T00:23:55 -  All houses for rental were assigned in Lisboa
2024_11_03_T00:23:55 -  All houses for rental were assigned in Lisboa
2024_11_03_T00:23:55 -  All houses for rental were assigned in Lisboa
2024_11_03_T00:23:55 -  All houses for rental were assigned in Lisboa
2024_11_03_T00:23:55 -  All houses for rental were assigned in Lisboa
2024_11_03_T00:23:55 -  All houses for rental were assigned in Lisboa
2024_11_03_T00:23:55 -  All houses for rental were assigned in Lisboa
2024_11_03_T00:23:55 -  All houses for rental were assigned in Lisboa
2024_11_03_T00:23:55 -  All houses for rental were assigned in Lisboa
2024_11_03_T00:23:55 -  All houses for rental were assigned in Lisboa
2024_11_03_T00:23:55 -  All houses for rental were assigned in Lisboa
2024_11_03_T00:23:55 -  All houses for rental were assigned in Lisboa
2024_11_03_T00:23:55 -  All houses for rental were assigned in Lisboa
2024_11_03_T00:23:55 -  All houses for rental were assigned in Lisboa
2024_11_03_T00:23:55 -  All houses for rental were assigned in Lisboa
2024_11_03_T00:23:55 -  All houses for rental were assigned in Lisboa
2024_11_03_T00:23:55 -  All houses for rental were assigned in Lisboa
2024_11_03_T00:23:55 -  All houses for rental were assigned in Lisboa
2024_11_03_T00:23:55 -  All houses for rental were assigned in Lisboa
2024_11_03_T00:23:55 -  All houses for rental were assigned in Lisboa
2024_11_03_T00:23:55 -  All houses for rental were assigned in Lisboa
2024_11_03_T00:23:55 -  All houses for rental were assigned in Lisboa
2024_11_03_T00:23:55 -  All houses for rental were assigned in Lisboa
2024_11_03_T00:23:55 -  All houses for rental were assigned in Lisboa
2024_11_03_T00:23:55 -  All houses for rental were assigned in Lisboa
2024_11_03_T00:23:55 -  All houses for rental were assigned in Lisboa
2024_11_03_T00:23:55 -  All houses for rental were assigned in Lisboa
2024_11_03_T00:23:55 -  All houses for rental were assigned in Lisboa
2024_11_03_T00:23:55 -  All houses for rental were assigned in Lisboa
2024_11_03_T00:23:55 -  All houses for rental were assigned in Lisboa
2024_11_03_T00:23:55 -  All houses for rental were assigned in Lisboa
2024_11_03_T00:23:55 -  All houses for rental were assigned in Lisboa
2024_11_03_T00:23:55 -  All houses for rental were assigned in Lisboa
2024_11_03_T00:23:55 -  All houses for rental were assigned in Lisboa
2024_11_03_T00:23:55 -  All houses for rental were assigned in Lisboa
2024_11_03_T00:23:55 -  All houses for rental were assigned in Lisboa
2024_11_03_T00:23:55 -  All houses for rental were assigned in Lisboa
2024_11_03_T00:23:55 -  All houses for rental were assigned in Lisboa
2024_11_03_T00:23:55 -  All houses for rental were assigned in Lisboa
2024_11_03_T00:23:55 -  All houses for rental were assigned in Lisboa
2024_11_03_T00:23:55 -  All houses for rental were assigned in Lisboa
2024_11_03_T00:23:55 -  All houses for rental were assigned in Lisboa
2024_11_03_T00:23:55 -  All houses for rental were assigned in Lisboa
2024_11_03_T00:23:55 -  All houses for rental were assigned in Lisboa
2024_11_03_T00:23:55 -  All houses for rental were assigned in Lisboa
2024_11_03_T00:23:55 -  All houses for rental were assigned in Lisboa
2024_11_03_T00:23:55 -  All houses for rental were assigned in Lisboa
2024_11_03_T00:23:55 -  All houses for rental were assigned in Lisboa
2024_11_03_T00:23:55 -  All houses for rental were assigned in Lisboa
2024_11_03_T00:23:55 -  All houses for rental were assigned in Lisboa
2024_11_03_T00:23:55 -  All houses for rental were assigned in Lisboa
2024_11_03_T00:23:55 -  All houses for rental were assigned in Lisboa
2024_11_03_T00:23:55 -  All houses for rental were assigned in Lisboa
2024_11_03_T00:23:55 -  All houses for rental were assigned in Lisboa
2024_11_03_T00:23:55 -  All houses for rental were assigned in Lisboa
2024_11_03_T00:23:55 -  All houses for rental were assigned in Lisboa
2024_11_03_T00:23:55 -  All houses for rental were assigned in Lisboa
2024_11_03_T00:23:55 -  All houses for rental were assigned in Lisboa
2024_11_03_T00:23:55 -  All houses for rental were assigned in Lisboa
2024_11_03_T00:23:55 -  All houses for rental were assigned in Lisboa
2024_11_03_T00:23:55 -  All houses for rental were assigned in Lisboa
2024_11_03_T00:23:55 -  All houses for rental were assigned in Lisboa
2024_11_03_T00:23:55 -  All houses for rental were assigned in Lisboa
2024_11_03_T00:23:55 -  All houses for rental were assigned in Lisboa
2024_11_03_T00:23:55 -  All houses for rental were assigned in Lisboa
2024_11_03_T00:23:55 -  All houses for rental were assigned in Lisboa
2024_11_03_T00:23:55 -  All houses for rental were assigned in Lisboa
2024_11_03_T00:23:55 -  All houses for rental were assigned in Lisboa
2024_11_03_T00:23:55 -  All houses for rental were assigned in Lisboa
2024_11_03_T00:23:55 -  All houses for rental were assigned in Lisboa
2024_11_03_T00:23:55 -  All houses for rental were assigned in Lisboa
2024_11_03_T00:23:55 -  All houses for rental were assigned in Lisboa
2024_11_03_T00:23:55 -  All houses for rental were assigned in Lisboa
2024_11_03_T00:23:55 -  All houses for rental were assigned in Lisboa
2024_11_03_T00:23:55 -  All houses for rental were assigned in Lisboa
2024_11_03_T00:23:55 -  All houses for rental were assigned in Lisboa
2024_11_03_T00:23:55 -  All houses for rental were assigned in Lisboa
2024_11_03_T00:23:55 -  All houses for rental were assigned in Lisboa
2024_11_03_T00:23:55 -  All houses for rental were assigned in Lisboa
2024_11_03_T00:23:55 -  All houses for rental were assigned in Lisboa
2024_11_03_T00:23:55 -  All houses for rental were assigned in Lisboa
2024_11_03_T00:23:55 -  All houses for rental were assigned in Lisboa
2024_11_03_T00:23:55 -  All houses for rental were assigned in Lisboa
2024_11_03_T00:23:55 -  All houses for rental were assigned in Lisboa
2024_11_03_T00:23:55 -  All houses for rental were assigned in Lisboa
2024_11_03_T00:23:55 -  All houses for rental were assigned in Lisboa
2024_11_03_T00:23:55 -  All houses for rental were assigned in Lisboa
2024_11_03_T00:23:55 -  All houses for rental were assigned in Lisboa
2024_11_03_T00:23:55 -  All houses for rental were assigned in Lisboa
2024_11_03_T00:23:55 -  All houses for rental were assigned in Lisboa
2024_11_03_T00:23:55 -  All houses for rental were assigned in Lisboa
2024_11_03_T00:23:55 -  All houses for rental were assigned in Lisboa
2024_11_03_T00:23:55 -  All houses for rental were assigned in Lisboa
2024_11_03_T00:23:55 -  All houses for rental were assigned in Lisboa
2024_11_03_T00:23:55 -  All houses for rental were assigned in Lisboa
2024_11_03_T00:23:55 -  All houses for rental were assigned in Lisboa
2024_11_03_T00:23:55 -  All houses for rental were assigned in Lisboa
2024_11_03_T00:23:55 -  All houses for rental were assigned in Lisboa
2024_11_03_T00:23:55 -  All houses for rental were assigned in Lisboa
2024_11_03_T00:23:55 -  All houses for rental were assigned in Lisboa
2024_11_03_T00:23:55 -  All houses for rental were assigned in Lisboa
2024_11_03_T00:23:55 -  All houses for rental were assigned in Lisboa
2024_11_03_T00:23:55 -  All houses for rental were assigned in Lisboa
2024_11_03_T00:23:55 -  All home owners were assigned in Lisboa
2024_11_03_T00:23:55 -  All home owners were assigned in Lisboa
2024_11_03_T00:23:55 -  All home owners were assigned in Lisboa
2024_11_03_T00:23:55 -  All home owners were assigned in Lisboa
2024_11_03_T00:23:55 -  All home owners were assigned in Lisboa
2024_11_03_T00:23:55 -  All home owners were assigned in Lisboa
2024_11_03_T00:23:55 -  All home owners were assigned in Lisboa
2024_11_03_T00:23:55 -  All home owners were assigned in Lisboa
2024_11_03_T00:23:55 -  All home owners were assigned in Lisboa
2024_11_03_T00:23:55 -  All home owners were assigned in Lisboa
2024_11_03_T00:23:55 -  All home owners were assigned in Lisboa
2024_11_03_T00:23:55 -  All home owners were assigned in Lisboa
2024_11_03_T00:23:55 -  All home owners were assigned in Lisboa
2024_11_03_T00:23:55 -  All home owners were assigned in Lisboa
2024_11_03_T00:23:55 -  All home owners were assigned in Lisboa
2024_11_03_T00:23:55 -  All home owners were assigned in Lisboa
2024_11_03_T00:23:55 -  All home owners were assigned in Lisboa
2024_11_03_T00:23:55 -  All home owners were assigned in Lisboa
2024_11_03_T00:23:55 -  All home owners were assigned in Lisboa
2024_11_03_T00:23:55 -  All home owners were assigned in Lisboa
2024_11_03_T00:23:55 -  All home owners were assigned in Lisboa
2024_11_03_T00:23:55 -  All home owners were assigned in Lisboa
2024_11_03_T00:23:55 -  All home owners were assigned in Lisboa
2024_11_03_T00:23:55 -  All home owners were assigned in Lisboa
2024_11_03_T00:23:55 -  All home owners were assigned in Lisboa
2024_11_03_T00:23:55 -  All home owners were assigned in Lisboa
2024_11_03_T00:23:55 -  All home owners were assigned in Lisboa
2024_11_03_T00:23:55 -  All home owners were assigned in Lisboa
2024_11_03_T00:23:55 -  All home owners were assigned in Lisboa
2024_11_03_T00:23:55 -  All home owners were assigned in Lisboa
2024_11_03_T00:23:55 -  All home owners were assigned in Lisboa
2024_11_03_T00:23:55 -  All home owners were assigned in Lisboa
2024_11_03_T00:23:55 -  All home owners were assigned in Lisboa
2024_11_03_T00:23:55 -  All home owners were assigned in Lisboa
2024_11_03_T00:23:55 -  All home owners were assigned in Lisboa
2024_11_03_T00:23:55 -  All home owners were assigned in Lisboa
2024_11_03_T00:23:55 -  All home owners were assigned in Lisboa
2024_11_03_T00:23:55 -  All home owners were assigned in Lisboa
2024_11_03_T00:23:55 -  All home owners were assigned in Lisboa
2024_11_03_T00:23:55 -  All home owners were assigned in Lisboa
2024_11_03_T00:23:55 -  All home owners were assigned in Lisboa
2024_11_03_T00:23:55 -  All home owners were assigned in Lisboa
2024_11_03_T00:23:55 -  All home owners were assigned in Lisboa
2024_11_03_T00:23:55 -  All home owners were assigned in Lisboa
2024_11_03_T00:23:55 -  All home owners were assigned in Lisboa
2024_11_03_T00:23:55 -  All home owners were assigned in Lisboa
2024_11_03_T00:23:55 -  All home owners were assigned in Lisboa
2024_11_03_T00:23:55 -  All home owners were assigned in Lisboa
2024_11_03_T00:23:55 -  All home owners were assigned in Lisboa
2024_11_03_T00:23:55 -  All home owners were assigned in Lisboa
2024_11_03_T00:23:55 -  All home owners were assigned in Lisboa
2024_11_03_T00:23:55 -  All home owners were assigned in Lisboa
2024_11_03_T00:23:55 -  All home owners were assigned in Lisboa
2024_11_03_T00:23:55 -  All home owners were assigned in Lisboa
2024_11_03_T00:23:55 -  All home owners were assigned in Lisboa
2024_11_03_T00:23:55 -  All home owners were assigned in Lisboa
2024_11_03_T00:23:55 -  All home owners were assigned in Lisboa
2024_11_03_T00:23:55 -  All home owners were assigned in Lisboa
2024_11_03_T00:23:55 -  All home owners were assigned in Lisboa
2024_11_03_T00:23:55 -  All home owners were assigned in Lisboa
2024_11_03_T00:23:55 -  All home owners were assigned in Lisboa
2024_11_03_T00:23:55 -  All home owners were assigned in Lisboa
2024_11_03_T00:23:55 -  All home owners were assigned in Lisboa
2024_11_03_T00:23:55 -  All home owners were assigned in Lisboa
2024_11_03_T00:23:55 -  All home owners were assigned in Lisboa
2024_11_03_T00:23:55 -  All home owners were assigned in Lisboa
2024_11_03_T00:23:55 -  All home owners were assigned in Lisboa
2024_11_03_T00:23:55 -  All home owners were assigned in Lisboa
2024_11_03_T00:23:55 -  All home owners were assigned in Lisboa
2024_11_03_T00:23:55 -  All home owners were assigned in Lisboa
2024_11_03_T00:23:55 -  All home owners were assigned in Lisboa
2024_11_03_T00:23:55 -  All home owners were assigned in Lisboa
2024_11_03_T00:23:55 -  All home owners were assigned in Lisboa
2024_11_03_T00:23:55 -  All home owners were assigned in Lisboa
2024_11_03_T00:23:55 -  All home owners were assigned in Lisboa
2024_11_03_T00:23:55 -  All home owners were assigned in Lisboa
2024_11_03_T00:23:55 -  All home owners were assigned in Lisboa
2024_11_03_T00:23:55 -  All home owners were assigned in Lisboa
2024_11_03_T00:23:55 -  All home owners were assigned in Lisboa
2024_11_03_T00:23:55 -  All home owners were assigned in Lisboa
2024_11_03_T00:23:55 -  All home owners were assigned in Lisboa
2024_11_03_T00:23:55 -  All home owners were assigned in Lisboa
2024_11_03_T00:23:55 -  All home owners were assigned in Lisboa
2024_11_03_T00:23:55 -  All home owners were assigned in Lisboa
2024_11_03_T00:23:55 -  All home owners were assigned in Lisboa
2024_11_03_T00:23:55 -  All home owners were assigned in Lisboa
2024_11_03_T00:23:55 -  All home owners were assigned in Lisboa
2024_11_03_T00:23:55 -  All home owners were assigned in Lisboa
2024_11_03_T00:23:55 -  All home owners were assigned in Lisboa
2024_11_03_T00:23:55 -  All home owners were assigned in Lisboa
2024_11_03_T00:23:55 -  All home owners were assigned in Lisboa
2024_11_03_T00:23:55 -  All home owners were assigned in Lisboa
2024_11_03_T00:23:55 -  All home owners were assigned in Lisboa
2024_11_03_T00:23:55 -  All home owners were assigned in Lisboa
2024_11_03_T00:23:55 -  All home owners were assigned in Lisboa
2024_11_03_T00:23:55 -  All home owners were assigned in Lisboa
2024_11_03_T00:23:55 -  All home owners were assigned in Lisboa
2024_11_03_T00:23:55 -  All home owners were assigned in Lisboa
2024_11_03_T00:23:55 -  All home owners were assigned in Lisboa
2024_11_03_T00:23:55 -  All home owners were assigned in Lisboa
2024_11_03_T00:23:55 -  All home owners were assigned in Lisboa
2024_11_03_T00:23:55 -  All home owners were assigned in Lisboa
2024_11_03_T00:23:55 -  All home owners were assigned in Lisboa
2024_11_03_T00:23:55 -  All home owners were assigned in Lisboa
2024_11_03_T00:23:55 -  All home owners were assigned in Lisboa
2024_11_03_T00:23:55 -  All home owners were assigned in Lisboa
2024_11_03_T00:23:55 -  All home owners were assigned in Lisboa
2024_11_03_T00:23:55 -  All home owners were assigned in Lisboa
2024_11_03_T00:23:55 -  All home owners were assigned in Lisboa
2024_11_03_T00:23:55 -  All home owners were assigned in Lisboa
2024_11_03_T00:23:55 -  All home owners were assigned in Lisboa
2024_11_03_T00:23:55 -  All home owners were assigned in Lisboa
2024_11_03_T00:23:55 -  All home owners were assigned in Lisboa
2024_11_03_T00:23:55 -  All home owners were assigned in Lisboa
2024_11_03_T00:23:55 -  All home owners were assigned in Lisboa
2024_11_03_T00:23:55 -  All home owners were assigned in Lisboa
2024_11_03_T00:23:55 -  All home owners were assigned in Lisboa
2024_11_03_T00:23:55 -  All home owners were assigned in Lisboa
2024_11_03_T00:23:55 -  All home owners were assigned in Lisboa
2024_11_03_T00:23:55 -  All home owners were assigned in Lisboa
2024_11_03_T00:23:55 -  All home owners were assigned in Lisboa
2024_11_03_T00:23:55 -  All home owners were assigned in Lisboa
2024_11_03_T00:23:55 -  All home owners were assigned in Lisboa
2024_11_03_T00:23:55 -  All home owners were assigned in Lisboa
2024_11_03_T00:23:55 -  All home owners were assigned in Lisboa
2024_11_03_T00:23:55 -  All home owners were assigned in Lisboa
2024_11_03_T00:23:55 -  All home owners were assigned in Lisboa
2024_11_03_T00:23:55 -  All home owners were assigned in Lisboa
2024_11_03_T00:23:55 -  All home owners were assigned in Lisboa
2024_11_03_T00:23:55 -  All home owners were assigned in Lisboa
2024_11_03_T00:23:55 -  All home owners were assigned in Lisboa
2024_11_03_T00:23:55 -  All home owners were assigned in Lisboa
2024_11_03_T00:23:55 -  All home owners were assigned in Lisboa
2024_11_03_T00:23:55 -  All home owners were assigned in Lisboa
2024_11_03_T00:23:55 -  All home owners were assigned in Lisboa
2024_11_03_T00:23:55 -  All home owners were assigned in Lisboa
2024_11_03_T00:23:55 -  All home owners were assigned in Lisboa
2024_11_03_T00:23:55 -  All home owners were assigned in Lisboa
2024_11_03_T00:23:55 -  All home owners were assigned in Lisboa
2024_11_03_T00:23:55 -  All home owners were assigned in Lisboa
2024_11_03_T00:23:55 -  All home owners were assigned in Lisboa
2024_11_03_T00:23:55 -  All home owners were assigned in Lisboa
2024_11_03_T00:23:55 -  All home owners were assigned in Lisboa
2024_11_03_T00:23:55 -  All home owners were assigned in Lisboa
2024_11_03_T00:23:55 -  All home owners were assigned in Lisboa
2024_11_03_T00:23:55 -  All home owners were assigned in Lisboa
2024_11_03_T00:23:55 -  All home owners were assigned in Lisboa
2024_11_03_T00:23:55 -  All home owners were assigned in Lisboa
2024_11_03_T00:23:55 -  All home owners were assigned in Lisboa
2024_11_03_T00:23:55 -  All home owners were assigned in Lisboa
2024_11_03_T00:23:55 -  All home owners were assigned in Lisboa
2024_11_03_T00:23:55 -  All home owners were assigned in Lisboa
2024_11_03_T00:23:55 -  All home owners were assigned in Lisboa
2024_11_03_T00:23:55 -  All home owners were assigned in Lisboa
2024_11_03_T00:23:55 -  All home owners were assigned in Lisboa
2024_11_03_T00:23:55 -  All home owners were assigned in Lisboa
2024_11_03_T00:23:55 -  All home owners were assigned in Lisboa
2024_11_03_T00:23:55 -  All home owners were assigned in Lisboa
2024_11_03_T00:23:55 -  All home owners were assigned in Lisboa
2024_11_03_T00:23:55 -  All home owners were assigned in Lisboa
2024_11_03_T00:23:55 -  All home owners were assigned in Lisboa
2024_11_03_T00:23:55 -  All home owners were assigned in Lisboa
2024_11_03_T00:23:55 -  All home owners were assigned in Lisboa
2024_11_03_T00:23:55 -  All home owners were assigned in Lisboa
2024_11_03_T00:23:55 -  All home owners were assigned in Lisboa
2024_11_03_T00:23:55 -  All home owners were assigned in Lisboa
2024_11_03_T00:23:55 -  All home owners were assigned in Lisboa
2024_11_03_T00:23:55 -  All home owners were assigned in Lisboa
2024_11_03_T00:23:55 -  All home owners were assigned in Lisboa
2024_11_03_T00:23:55 -  All home owners were assigned in Lisboa
2024_11_03_T00:23:55 -  All home owners were assigned in Lisboa
2024_11_03_T00:23:55 -  All home owners were assigned in Lisboa
2024_11_03_T00:23:55 -  All home owners were assigned in Lisboa
2024_11_03_T00:23:55 -  All home owners were assigned in Lisboa
2024_11_03_T00:23:55 -  All home owners were assigned in Lisboa
2024_11_03_T00:23:55 -  All home owners were assigned in Lisboa
2024_11_03_T00:23:55 -  All home owners were assigned in Lisboa
2024_11_03_T00:23:55 -  All home owners were assigned in Lisboa
2024_11_03_T00:23:55 -  All home owners were assigned in Lisboa
2024_11_03_T00:23:55 -  All home owners were assigned in Lisboa
2024_11_03_T00:23:55 -  All home owners were assigned in Lisboa
2024_11_03_T00:23:55 -  All home owners were assigned in Lisboa
2024_11_03_T00:23:55 -  All home owners were assigned in Lisboa
2024_11_03_T00:23:55 -  All home owners were assigned in Lisboa
2024_11_03_T00:23:55 -  All home owners were assigned in Lisboa
2024_11_03_T00:23:55 -  All home owners were assigned in Lisboa
2024_11_03_T00:23:55 -  All home owners were assigned in Lisboa
2024_11_03_T00:23:55 -  All home owners were assigned in Lisboa
2024_11_03_T00:23:55 -  All home owners were assigned in Lisboa
2024_11_03_T00:23:55 -  All home owners were assigned in Lisboa
2024_11_03_T00:23:55 -  All home owners were assigned in Lisboa
2024_11_03_T00:23:55 -  All home owners were assigned in Lisboa
2024_11_03_T00:23:55 -  All home owners were assigned in Lisboa
2024_11_03_T00:23:55 -  All home owners were assigned in Lisboa
2024_11_03_T00:23:55 -  All home owners were assigned in Lisboa
2024_11_03_T00:23:55 -  All home owners were assigned in Lisboa
2024_11_03_T00:23:55 -  All home owners were assigned in Lisboa
2024_11_03_T00:23:55 -  All home owners were assigned in Lisboa
2024_11_03_T00:23:55 -  All home owners were assigned in Lisboa
2024_11_03_T00:23:55 -  All home owners were assigned in Lisboa
2024_11_03_T00:23:55 -  All home owners were assigned in Lisboa
2024_11_03_T00:23:55 -  All home owners were assigned in Lisboa
2024_11_03_T00:23:55 -  All home owners were assigned in Lisboa
2024_11_03_T00:23:55 -  All home owners were assigned in Lisboa
2024_11_03_T00:23:55 -  All home owners were assigned in Lisboa
2024_11_03_T00:23:55 -  All home owners were assigned in Lisboa
2024_11_03_T00:23:55 -  All home owners were assigned in Lisboa
2024_11_03_T00:23:55 -  All home owners were assigned in Lisboa
2024_11_03_T00:23:55 -  All home owners were assigned in Lisboa
2024_11_03_T00:23:55 -  All home owners were assigned in Lisboa
2024_11_03_T00:23:55 -  All home owners were assigned in Lisboa
2024_11_03_T00:23:55 -  All home owners were assigned in Lisboa
2024_11_03_T00:23:55 -  All home owners were assigned in Lisboa
2024_11_03_T00:23:55 -  All home owners were assigned in Lisboa
2024_11_03_T00:23:55 -  All home owners were assigned in Lisboa
2024_11_03_T00:23:55 -  All home owners were assigned in Lisboa
2024_11_03_T00:23:55 -  All home owners were assigned in Lisboa
2024_11_03_T00:23:55 -  All home owners were assigned in Lisboa
2024_11_03_T00:23:55 -  All home owners were assigned in Lisboa
2024_11_03_T00:23:55 -  All home owners were assigned in Lisboa
2024_11_03_T00:23:55 -  All home owners were assigned in Lisboa
2024_11_03_T00:23:55 -  All home owners were assigned in Lisboa
2024_11_03_T00:23:55 -  All home owners were assigned in Lisboa
2024_11_03_T00:23:55 -  All home owners were assigned in Lisboa
2024_11_03_T00:23:55 -  All home owners were assigned in Lisboa
2024_11_03_T00:23:55 -  All home owners were assigned in Lisboa
2024_11_03_T00:23:55 -  All home owners were assigned in Lisboa
2024_11_03_T00:23:55 -  All home owners were assigned in Lisboa
2024_11_03_T00:23:55 -  All home owners were assigned in Lisboa
2024_11_03_T00:23:55 -  All home owners were assigned in Lisboa
2024_11_03_T00:23:55 -  All home owners were assigned in Lisboa
2024_11_03_T00:23:55 -  All home owners were assigned in Lisboa
2024_11_03_T00:23:55 -  All home owners were assigned in Lisboa
2024_11_03_T00:23:55 -  All home owners were assigned in Lisboa
2024_11_03_T00:23:55 -  All home owners were assigned in Lisboa
2024_11_03_T00:23:55 -  All home owners were assigned in Lisboa
2024_11_03_T00:23:55 -  All home owners were assigned in Lisboa
2024_11_03_T00:23:55 -  All home owners were assigned in Lisboa
2024_11_03_T00:23:55 -  All home owners were assigned in Lisboa
2024_11_03_T00:23:55 -  All home owners were assigned in Lisboa
2024_11_03_T00:23:55 -  All home owners were assigned in Lisboa
2024_11_03_T00:23:55 -  All home owners were assigned in Lisboa
2024_11_03_T00:23:55 -  All home owners were assigned in Lisboa
2024_11_03_T00:23:55 -  All home owners were assigned in Lisboa
2024_11_03_T00:23:55 -  All home owners were assigned in Lisboa
2024_11_03_T00:23:55 -  All home owners were assigned in Lisboa
2024_11_03_T00:23:55 -  All home owners were assigned in Lisboa
2024_11_03_T00:23:55 -  All home owners were assigned in Lisboa
2024_11_03_T00:23:55 -  All home owners were assigned in Lisboa
2024_11_03_T00:23:55 -  All home owners were assigned in Lisboa
2024_11_03_T00:23:55 -  All home owners were assigned in Lisboa
2024_11_03_T00:23:55 -  All home owners were assigned in Lisboa
2024_11_03_T00:23:55 -  All home owners were assigned in Lisboa
2024_11_03_T00:23:55 -  All home owners were assigned in Lisboa
2024_11_03_T00:23:55 -  All home owners were assigned in Lisboa
2024_11_03_T00:23:55 -  All home owners were assigned in Lisboa
2024_11_03_T00:23:55 -  All home owners were assigned in Lisboa
2024_11_03_T00:23:55 -  All home owners were assigned in Lisboa
2024_11_03_T00:23:55 -  All home owners were assigned in Lisboa
2024_11_03_T00:23:55 -  All home owners were assigned in Lisboa
2024_11_03_T00:23:55 -  All home owners were assigned in Lisboa
2024_11_03_T00:23:55 -  All home owners were assigned in Lisboa
2024_11_03_T00:23:55 -  All home owners were assigned in Lisboa
2024_11_03_T00:23:55 -  All home owners were assigned in Lisboa
2024_11_03_T00:23:55 -  All home owners were assigned in Lisboa
2024_11_03_T00:23:55 -  All home owners were assigned in Lisboa
2024_11_03_T00:23:55 -  All home owners were assigned in Lisboa
2024_11_03_T00:23:55 -  All home owners were assigned in Lisboa
2024_11_03_T00:23:55 -  All home owners were assigned in Lisboa
2024_11_03_T00:23:55 -  All home owners were assigned in Lisboa
2024_11_03_T00:23:55 -  All home owners were assigned in Lisboa
2024_11_03_T00:23:55 -  All home owners were assigned in Lisboa
2024_11_03_T00:23:55 -  All home owners were assigned in Lisboa
2024_11_03_T00:23:55 -  All home owners were assigned in Lisboa
2024_11_03_T00:23:55 -  All home owners were assigned in Lisboa
2024_11_03_T00:23:55 -  All home owners were assigned in Lisboa
2024_11_03_T00:23:55 -  All home owners were assigned in Lisboa
2024_11_03_T00:23:55 -  All home owners were assigned in Lisboa
2024_11_03_T00:23:55 -  All home owners were assigned in Lisboa
2024_11_03_T00:23:55 -  All home owners were assigned in Lisboa
2024_11_03_T00:23:55 -  All home owners were assigned in Lisboa
2024_11_03_T00:23:55 -  All home owners were assigned in Lisboa
2024_11_03_T00:23:55 -  All home owners were assigned in Lisboa
2024_11_03_T00:23:55 -  All home owners were assigned in Lisboa
2024_11_03_T00:23:55 -  All home owners were assigned in Lisboa
2024_11_03_T00:23:55 -  All home owners were assigned in Lisboa
2024_11_03_T00:23:55 -  All home owners were assigned in Lisboa
2024_11_03_T00:23:55 -  All home owners were assigned in Lisboa
2024_11_03_T00:23:55 -  All home owners were assigned in Lisboa
2024_11_03_T00:23:55 -  All home owners were assigned in Lisboa
2024_11_03_T00:23:55 -  All home owners were assigned in Lisboa
2024_11_03_T00:23:55 -  All home owners were assigned in Lisboa
2024_11_03_T00:23:55 -  All home owners were assigned in Lisboa
2024_11_03_T00:23:55 -  All home owners were assigned in Lisboa
2024_11_03_T00:23:55 -  All home owners were assigned in Lisboa
2024_11_03_T00:23:55 -  All home owners were assigned in Lisboa
2024_11_03_T00:23:55 -  All home owners were assigned in Lisboa
2024_11_03_T00:23:55 -  All home owners were assigned in Lisboa
2024_11_03_T00:23:55 -  All home owners were assigned in Lisboa
2024_11_03_T00:23:55 -  All home owners were assigned in Lisboa
2024_11_03_T00:23:55 -  All home owners were assigned in Lisboa
2024_11_03_T00:23:55 -  All home owners were assigned in Lisboa
2024_11_03_T00:23:55 -  All home owners were assigned in Lisboa
2024_11_03_T00:23:55 -  All home owners were assigned in Lisboa
2024_11_03_T00:23:55 -  All home owners were assigned in Lisboa
2024_11_03_T00:23:55 -  All home owners were assigned in Lisboa
2024_11_03_T00:23:55 -  All home owners were assigned in Lisboa
2024_11_03_T00:23:55 -  All home owners were assigned in Lisboa
2024_11_03_T00:23:55 -  All home owners were assigned in Lisboa
2024_11_03_T00:23:55 -  All home owners were assigned in Lisboa
2024_11_03_T00:23:55 -  All home owners were assigned in Lisboa
2024_11_03_T00:23:55 -  All home owners were assigned in Lisboa
2024_11_03_T00:23:55 -  All home owners were assigned in Lisboa
2024_11_03_T00:23:55 -  All home owners were assigned in Lisboa
2024_11_03_T00:23:55 -  All home owners were assigned in Lisboa
2024_11_03_T00:23:55 -  All home owners were assigned in Lisboa
2024_11_03_T00:23:55 -  All home owners were assigned in Lisboa
2024_11_03_T00:23:55 -  All home owners were assigned in Lisboa
2024_11_03_T00:23:55 -  All home owners were assigned in Lisboa
2024_11_03_T00:23:55 -  All home owners were assigned in Lisboa
2024_11_03_T00:23:55 -  All home owners were assigned in Lisboa
2024_11_03_T00:23:55 -  All home owners were assigned in Lisboa
2024_11_03_T00:23:55 -  All home owners were assigned in Lisboa
2024_11_03_T00:23:55 -  All home owners were assigned in Lisboa
2024_11_03_T00:23:55 -  All home owners were assigned in Lisboa
2024_11_03_T00:23:55 -  All home owners were assigned in Lisboa
2024_11_03_T00:23:55 -  All home owners were assigned in Lisboa
2024_11_03_T00:23:55 -  All home owners were assigned in Lisboa
2024_11_03_T00:23:55 -  All home owners were assigned in Lisboa
2024_11_03_T00:23:55 -  All home owners were assigned in Lisboa
2024_11_03_T00:23:55 -  All home owners were assigned in Lisboa
2024_11_03_T00:23:55 -  All home owners were assigned in Lisboa
2024_11_03_T00:23:55 -  All home owners were assigned in Lisboa
2024_11_03_T00:23:55 -  All home owners were assigned in Lisboa
2024_11_03_T00:23:55 -  All home owners were assigned in Lisboa
2024_11_03_T00:23:55 -  All home owners were assigned in Lisboa
2024_11_03_T00:23:55 -  All home owners were assigned in Lisboa
2024_11_03_T00:23:55 -  All home owners were assigned in Lisboa
2024_11_03_T00:23:55 -  All home owners were assigned in Lisboa
2024_11_03_T00:23:55 -  All home owners were assigned in Lisboa
2024_11_03_T00:23:55 -  All home owners were assigned in Lisboa
2024_11_03_T00:23:55 -  All home owners were assigned in Lisboa
2024_11_03_T00:23:55 -  All home owners were assigned in Lisboa
2024_11_03_T00:23:55 -  All home owners were assigned in Lisboa
2024_11_03_T00:23:55 -  All home owners were assigned in Lisboa
2024_11_03_T00:23:55 -  All home owners were assigned in Lisboa
2024_11_03_T00:23:55 -  All home owners were assigned in Lisboa
2024_11_03_T00:23:55 -  All home owners were assigned in Lisboa
2024_11_03_T00:23:55 -  All home owners were assigned in Lisboa
2024_11_03_T00:23:55 -  All home owners were assigned in Lisboa
2024_11_03_T00:23:55 -  All home owners were assigned in Lisboa
2024_11_03_T00:23:55 -  All home owners were assigned in Lisboa
2024_11_03_T00:23:55 -  All home owners were assigned in Lisboa
2024_11_03_T00:23:55 -  All home owners were assigned in Lisboa
2024_11_03_T00:23:55 -  All home owners were assigned in Lisboa
2024_11_03_T00:23:55 -  All home owners were assigned in Lisboa
2024_11_03_T00:23:55 -  All home owners were assigned in Lisboa
2024_11_03_T00:23:55 -  All home owners were assigned in Lisboa
2024_11_03_T00:23:55 -  All home owners were assigned in Lisboa
2024_11_03_T00:23:55 -  All home owners were assigned in Lisboa
2024_11_03_T00:23:55 -  All home owners were assigned in Lisboa
2024_11_03_T00:23:55 -  All home owners were assigned in Lisboa
2024_11_03_T00:23:55 -  All home owners were assigned in Lisboa
2024_11_03_T00:23:55 -  All home owners were assigned in Lisboa
2024_11_03_T00:23:55 -  All home owners were assigned in Lisboa
2024_11_03_T00:23:55 -  All home owners were assigned in Lisboa
2024_11_03_T00:23:55 -  All home owners were assigned in Lisboa
2024_11_03_T00:23:55 -  All home owners were assigned in Lisboa
2024_11_03_T00:23:55 -  All home owners were assigned in Lisboa
2024_11_03_T00:23:55 -  All home owners were assigned in Lisboa
2024_11_03_T00:23:55 -  All home owners were assigned in Lisboa
2024_11_03_T00:23:55 -  All home owners were assigned in Lisboa
2024_11_03_T00:23:55 -  All home owners were assigned in Lisboa
2024_11_03_T00:23:55 -  All home owners were assigned in Lisboa
2024_11_03_T00:23:55 -  All home owners were assigned in Lisboa
2024_11_03_T00:23:55 -  All home owners were assigned in Lisboa
2024_11_03_T00:23:55 -  All home owners were assigned in Lisboa
2024_11_03_T00:23:55 -  All home owners were assigned in Lisboa
2024_11_03_T00:23:55 -  All home owners were assigned in Lisboa
2024_11_03_T00:23:55 -  All home owners were assigned in Lisboa
2024_11_03_T00:23:55 -  All home owners were assigned in Lisboa
2024_11_03_T00:23:55 -  All home owners were assigned in Lisboa
2024_11_03_T00:23:55 -  All home owners were assigned in Lisboa
2024_11_03_T00:23:55 -  All home owners were assigned in Lisboa
2024_11_03_T00:23:55 -  All home owners were assigned in Lisboa
2024_11_03_T00:23:55 -  All home owners were assigned in Lisboa
2024_11_03_T00:23:55 -  All home owners were assigned in Lisboa
2024_11_03_T00:23:55 -  All home owners were assigned in Lisboa
2024_11_03_T00:23:55 -  All home owners were assigned in Lisboa
2024_11_03_T00:23:55 -  All home owners were assigned in Lisboa
2024_11_03_T00:23:55 -  All home owners were assigned in Lisboa
2024_11_03_T00:23:55 -  All home owners were assigned in Lisboa
2024_11_03_T00:23:55 -  All home owners were assigned in Lisboa
2024_11_03_T00:23:55 -  All home owners were assigned in Lisboa
2024_11_03_T00:23:55 -  All home owners were assigned in Lisboa
2024_11_03_T00:23:55 -  All home owners were assigned in Lisboa
2024_11_03_T00:23:55 -  All home owners were assigned in Lisboa
2024_11_03_T00:23:55 -  All home owners were assigned in Lisboa
2024_11_03_T00:23:55 -  All home owners were assigned in Lisboa
2024_11_03_T00:23:55 -  All home owners were assigned in Lisboa
2024_11_03_T00:23:55 -  All home owners were assigned in Lisboa
2024_11_03_T00:23:55 -  All home owners were assigned in Lisboa
2024_11_03_T00:23:55 -  All home owners were assigned in Lisboa
2024_11_03_T00:23:55 -  All home owners were assigned in Lisboa
2024_11_03_T00:23:55 -  All home owners were assigned in Lisboa
2024_11_03_T00:23:55 -  All home owners were assigned in Lisboa
2024_11_03_T00:23:55 -  All home owners were assigned in Lisboa
2024_11_03_T00:23:55 -  All home owners were assigned in Lisboa
2024_11_03_T00:23:55 -  All home owners were assigned in Lisboa
2024_11_03_T00:23:55 -  All home owners were assigned in Lisboa
2024_11_03_T00:23:55 -  All home owners were assigned in Lisboa
2024_11_03_T00:23:55 -  All home owners were assigned in Lisboa
2024_11_03_T00:23:55 -  All home owners were assigned in Lisboa
2024_11_03_T00:23:55 -  All home owners were assigned in Lisboa
2024_11_03_T00:23:55 -  All home owners were assigned in Lisboa
2024_11_03_T00:23:55 -  All home owners were assigned in Lisboa
2024_11_03_T00:23:55 -  All home owners were assigned in Lisboa
2024_11_03_T00:23:55 -  All home owners were assigned in Lisboa
2024_11_03_T00:23:55 -  All home owners were assigned in Lisboa
2024_11_03_T00:23:55 -  All home owners were assigned in Lisboa
2024_11_03_T00:23:55 -  All home owners were assigned in Lisboa
2024_11_03_T00:23:55 -  All home owners were assigned in Lisboa
2024_11_03_T00:23:55 -  All home owners were assigned in Lisboa
2024_11_03_T00:23:55 -  All home owners were assigned in Lisboa
2024_11_03_T00:23:55 -  All home owners were assigned in Lisboa
2024_11_03_T00:23:55 -  All home owners were assigned in Lisboa
2024_11_03_T00:23:55 -  All home owners were assigned in Lisboa
2024_11_03_T00:23:55 -  All home owners were assigned in Lisboa
2024_11_03_T00:23:55 -  All home owners were assigned in Lisboa
2024_11_03_T00:23:55 -  All home owners were assigned in Lisboa
2024_11_03_T00:23:55 -  All home owners were assigned in Lisboa
2024_11_03_T00:23:55 -  All home owners were assigned in Lisboa
2024_11_03_T00:23:55 -  All home owners were assigned in Lisboa
2024_11_03_T00:23:55 -  All home owners were assigned in Lisboa
2024_11_03_T00:23:55 -  All home owners were assigned in Lisboa
2024_11_03_T00:23:55 -  All home owners were assigned in Lisboa
2024_11_03_T00:23:55 -  All home owners were assigned in Lisboa
2024_11_03_T00:23:55 -  All home owners were assigned in Lisboa
2024_11_03_T00:23:55 -  All home owners were assigned in Lisboa
2024_11_03_T00:23:55 -  All home owners were assigned in Lisboa
2024_11_03_T00:23:55 -  All home owners were assigned in Lisboa
2024_11_03_T00:23:55 -  All home owners were assigned in Lisboa
2024_11_03_T00:23:55 -  All home owners were assigned in Lisboa
2024_11_03_T00:23:55 -  All home owners were assigned in Lisboa
2024_11_03_T00:23:55 -  All home owners were assigned in Lisboa
2024_11_03_T00:23:55 -  All home owners were assigned in Lisboa
2024_11_03_T00:23:55 -  All home owners were assigned in Lisboa
2024_11_03_T00:23:55 -  All home owners were assigned in Lisboa
2024_11_03_T00:23:55 -  All home owners were assigned in Lisboa
2024_11_03_T00:23:55 -  All home owners were assigned in Lisboa
2024_11_03_T00:23:55 -  All home owners were assigned in Lisboa
2024_11_03_T00:23:55 -  All home owners were assigned in Lisboa
2024_11_03_T00:23:55 -  All home owners were assigned in Lisboa
2024_11_03_T00:23:55 -  All home owners were assigned in Lisboa
2024_11_03_T00:23:55 -  All home owners were assigned in Lisboa
2024_11_03_T00:23:55 -  All home owners were assigned in Lisboa
2024_11_03_T00:23:55 -  All home owners were assigned in Lisboa
2024_11_03_T00:23:55 -  All home owners were assigned in Lisboa
2024_11_03_T00:23:55 -  All home owners were assigned in Lisboa
2024_11_03_T00:23:55 -  All home owners were assigned in Lisboa
2024_11_03_T00:23:55 -  All home owners were assigned in Lisboa
2024_11_03_T00:23:55 -  All home owners were assigned in Lisboa
2024_11_03_T00:23:55 -  All home owners were assigned in Lisboa
2024_11_03_T00:23:55 -  All home owners were assigned in Lisboa
2024_11_03_T00:23:55 -  All home owners were assigned in Lisboa
2024_11_03_T00:23:55 -  All home owners were assigned in Lisboa
2024_11_03_T00:23:55 -  All home owners were assigned in Lisboa
2024_11_03_T00:23:55 -  All home owners were assigned in Lisboa
2024_11_03_T00:23:55 -  All home owners were assigned in Lisboa
2024_11_03_T00:23:55 -  All home owners were assigned in Lisboa
2024_11_03_T00:23:55 -  All home owners were assigned in Lisboa
2024_11_03_T00:23:55 -  All home owners were assigned in Lisboa
2024_11_03_T00:23:55 -  All home owners were assigned in Lisboa
2024_11_03_T00:23:55 -  All home owners were assigned in Lisboa
2024_11_03_T00:23:55 -  All home owners were assigned in Lisboa
2024_11_03_T00:23:55 -  All home owners were assigned in Lisboa
2024_11_03_T00:23:55 -  All home owners were assigned in Lisboa
2024_11_03_T00:23:55 -  All home owners were assigned in Lisboa
2024_11_03_T00:23:55 -  All home owners were assigned in Lisboa
2024_11_03_T00:23:55 -  All home owners were assigned in Lisboa
2024_11_03_T00:23:55 -  All home owners were assigned in Lisboa
2024_11_03_T00:23:55 -  All home owners were assigned in Lisboa
2024_11_03_T00:23:55 -  All home owners were assigned in Lisboa
2024_11_03_T00:23:55 -  All home owners were assigned in Lisboa
2024_11_03_T00:23:55 -  All home owners were assigned in Lisboa
2024_11_03_T00:23:55 -  All home owners were assigned in Lisboa
2024_11_03_T00:23:55 -  All home owners were assigned in Lisboa
2024_11_03_T00:23:55 -  All home owners were assigned in Lisboa
2024_11_03_T00:23:55 -  All home owners were assigned in Lisboa
2024_11_03_T00:23:55 -  All home owners were assigned in Lisboa
2024_11_03_T00:23:55 -  All home owners were assigned in Lisboa
2024_11_03_T00:23:55 -  All home owners were assigned in Lisboa
2024_11_03_T00:23:55 -  All home owners were assigned in Lisboa
2024_11_03_T00:23:55 -  All home owners were assigned in Lisboa
2024_11_03_T00:23:55 -  All home owners were assigned in Lisboa
2024_11_03_T00:23:55 -  All home owners were assigned in Lisboa
2024_11_03_T00:23:55 -  All home owners were assigned in Lisboa
2024_11_03_T00:23:55 -  All home owners were assigned in Lisboa
2024_11_03_T00:23:55 -  All home owners were assigned in Lisboa
2024_11_03_T00:23:55 -  All home owners were assigned in Lisboa
2024_11_03_T00:23:55 -  All home owners were assigned in Lisboa
2024_11_03_T00:23:55 -  All home owners were assigned in Lisboa
2024_11_03_T00:23:55 -  All home owners were assigned in Lisboa
2024_11_03_T00:23:55 -  All home owners were assigned in Lisboa
2024_11_03_T00:23:55 -  All home owners were assigned in Lisboa
2024_11_03_T00:23:55 -  All home owners were assigned in Lisboa
2024_11_03_T00:23:55 -  All home owners were assigned in Lisboa
2024_11_03_T00:23:55 -  All home owners were assigned in Lisboa
2024_11_03_T00:23:55 -  All home owners were assigned in Lisboa
2024_11_03_T00:23:55 -  All home owners were assigned in Lisboa
2024_11_03_T00:23:55 -  All home owners were assigned in Lisboa
2024_11_03_T00:23:55 -  All home owners were assigned in Lisboa
2024_11_03_T00:23:55 -  All home owners were assigned in Lisboa
2024_11_03_T00:23:55 -  All home owners were assigned in Lisboa
2024_11_03_T00:23:55 -  All home owners were assigned in Lisboa
2024_11_03_T00:23:55 -  All home owners were assigned in Lisboa
2024_11_03_T00:23:55 -  All home owners were assigned in Lisboa
2024_11_03_T00:23:55 -  All home owners were assigned in Lisboa
2024_11_03_T00:23:55 -  All home owners were assigned in Lisboa
2024_11_03_T00:23:55 -  All home owners were assigned in Lisboa
2024_11_03_T00:23:55 -  All home owners were assigned in Lisboa
2024_11_03_T00:23:55 -  All home owners were assigned in Lisboa
2024_11_03_T00:23:55 -  All home owners were assigned in Lisboa
2024_11_03_T00:23:55 -  All home owners were assigned in Lisboa
2024_11_03_T00:23:55 -  All home owners were assigned in Lisboa
2024_11_03_T00:23:55 -  All home owners were assigned in Lisboa
2024_11_03_T00:23:55 -  All home owners were assigned in Lisboa
2024_11_03_T00:23:55 -  All home owners were assigned in Lisboa
2024_11_03_T00:23:55 -  All home owners were assigned in Lisboa
2024_11_03_T00:23:55 -  All home owners were assigned in Lisboa
2024_11_03_T00:23:55 -  All home owners were assigned in Lisboa
2024_11_03_T00:23:55 -  All home owners were assigned in Lisboa
2024_11_03_T00:23:55 -  All home owners were assigned in Lisboa
2024_11_03_T00:23:55 -  All home owners were assigned in Lisboa
2024_11_03_T00:23:55 -  All home owners were assigned in Lisboa
2024_11_03_T00:23:55 -  All home owners were assigned in Lisboa
2024_11_03_T00:23:55 -  All home owners were assigned in Lisboa
2024_11_03_T00:23:55 -  All home owners were assigned in Lisboa
2024_11_03_T00:23:55 -  All home owners were assigned in Lisboa
2024_11_03_T00:23:55 -  All home owners were assigned in Lisboa
2024_11_03_T00:23:55 -  All home owners were assigned in Lisboa
2024_11_03_T00:23:55 -  All home owners were assigned in Lisboa
2024_11_03_T00:23:55 -  All home owners were assigned in Lisboa
2024_11_03_T00:23:55 -  All home owners were assigned in Lisboa
2024_11_03_T00:23:55 -  All home owners were assigned in Lisboa
2024_11_03_T00:23:55 -  All home owners were assigned in Lisboa
2024_11_03_T00:23:55 -  All home owners were assigned in Lisboa
2024_11_03_T00:23:55 -  All home owners were assigned in Lisboa
2024_11_03_T00:23:55 -  All home owners were assigned in Lisboa
2024_11_03_T00:23:55 -  All home owners were assigned in Lisboa
2024_11_03_T00:23:55 -  All home owners were assigned in Lisboa
2024_11_03_T00:23:55 -  All home owners were assigned in Lisboa
2024_11_03_T00:23:55 -  All home owners were assigned in Lisboa
2024_11_03_T00:23:55 -  All home owners were assigned in Lisboa
2024_11_03_T00:23:55 -  All home owners were assigned in Lisboa
2024_11_03_T00:23:55 -  All home owners were assigned in Lisboa
2024_11_03_T00:23:55 -  All home owners were assigned in Lisboa
2024_11_03_T00:23:55 -  All home owners were assigned in Lisboa
2024_11_03_T00:23:55 -  All home owners were assigned in Lisboa
2024_11_03_T00:23:55 -  All home owners were assigned in Lisboa
2024_11_03_T00:23:55 -  All home owners were assigned in Lisboa
2024_11_03_T00:23:55 -  All home owners were assigned in Lisboa
2024_11_03_T00:23:55 -  All home owners were assigned in Lisboa
2024_11_03_T00:23:55 -  All home owners were assigned in Lisboa
2024_11_03_T00:23:55 -  All home owners were assigned in Lisboa
2024_11_03_T00:23:55 -  All home owners were assigned in Lisboa
2024_11_03_T00:23:55 -  All home owners were assigned in Lisboa
2024_11_03_T00:23:55 -  All home owners were assigned in Lisboa
2024_11_03_T00:23:55 -  All home owners were assigned in Lisboa
2024_11_03_T00:23:55 -  All home owners were assigned in Lisboa
2024_11_03_T00:23:55 -  All home owners were assigned in Lisboa
2024_11_03_T00:23:55 -  All home owners were assigned in Lisboa
2024_11_03_T00:23:55 -  All home owners were assigned in Lisboa
2024_11_03_T00:23:55 -  All home owners were assigned in Lisboa
2024_11_03_T00:23:55 -  All home owners were assigned in Lisboa
2024_11_03_T00:23:55 -  All home owners were assigned in Lisboa
2024_11_03_T00:23:55 -  All home owners were assigned in Lisboa
2024_11_03_T00:23:55 -  All home owners were assigned in Lisboa
2024_11_03_T00:23:55 -  All home owners were assigned in Lisboa
2024_11_03_T00:23:55 -  All home owners were assigned in Lisboa
2024_11_03_T00:23:55 -  All home owners were assigned in Lisboa
2024_11_03_T00:23:55 -  All home owners were assigned in Lisboa
2024_11_03_T00:23:55 -  All home owners were assigned in Lisboa
2024_11_03_T00:23:55 -  All home owners were assigned in Lisboa
2024_11_03_T00:23:55 -  All home owners were assigned in Lisboa
2024_11_03_T00:23:55 -  All home owners were assigned in Lisboa
2024_11_03_T00:23:55 -  finished assignHousesToHouseholds in 1.6938209533691406 seconds
2024_11_03_T00:24:00 -  Metrics: sum_wealth took 9.5367431640625e-7
2024_11_03_T00:24:01 -  Metrics: wealth_distribution took 5.0067901611328125e-6
2024_11_03_T00:24:01 -  Metrics: money_distribution took 3.814697265625e-6
2024_11_03_T00:24:01 -  Metrics: size_distribution took 5.0067901611328125e-6
2024_11_03_T00:24:01 -  Metrics: age_distribution took 5.0067901611328125e-6
2024_11_03_T00:24:03 -  Metrics: sum_wealth took 3.314018249511719e-5
2024_11_03_T00:24:04 -  Metrics: wealth_distribution took 0.012423992156982422
2024_11_03_T00:24:04 -  Metrics: money_distribution took 0.0004911422729492188
2024_11_03_T00:24:04 -  Metrics: size_distribution took 0.010885000228881836
2024_11_03_T00:24:04 -  Metrics: age_distribution took 0.00037598609924316406
2024_11_03_T00:24:06 -  Model step started
2024_11_03_T00:24:07 -  clearHangingSupplies started
2024_11_03_T00:24:07 -  clearHangingSupplies took 0.006179094314575195
2024_11_03_T00:24:07 -  clearHangingRentalSupplies started
2024_11_03_T00:24:07 -  clearHangingRentalSupplies took 0.08195281028747559
2024_11_03_T00:24:07 -  clearHouseMarket started
2024_11_03_T00:24:07 -  clearHouseMarket - first block took 0.2719299793243408
2024_11_03_T00:24:07 -  clearHouseMarket - second block took 0.2640209197998047
2024_11_03_T00:24:07 -  clearHouseMarket - third block took 0.014442920684814453
2024_11_03_T00:24:07 -  clearRentalMarket started
2024_11_03_T00:24:08 -  clearRentalMarket - first block took 0.2100660800933838
2024_11_03_T00:24:08 -  clearRentalMarket - second block took 0.01914381980895996
2024_11_03_T00:24:08 -  Model step took 1.3803141117095947 seconds
2024_11_03_T00:24:08 -  Metrics: sum_wealth took 4.9114227294921875e-5
2024_11_03_T00:24:08 -  Metrics: wealth_distribution took 0.00047206878662109375
2024_11_03_T00:24:08 -  Metrics: money_distribution took 0.00031685829162597656
2024_11_03_T00:24:08 -  Metrics: size_distribution took 0.0002951622009277344
2024_11_03_T00:24:08 -  Metrics: age_distribution took 0.00029587745666503906
2024_11_03_T00:24:10 -  Model step started
2024_11_03_T00:24:10 -  clearHangingSupplies started
2024_11_03_T00:24:10 -  clearHangingSupplies took 6.890296936035156e-5
2024_11_03_T00:24:10 -  clearHangingRentalSupplies started
2024_11_03_T00:24:10 -  clearHangingRentalSupplies took 2.5033950805664062e-5
2024_11_03_T00:24:10 -  clearHouseMarket started
2024_11_03_T00:24:10 -  clearHouseMarket - first block took 0.027864933013916016
2024_11_03_T00:24:10 -  clearHouseMarket - second block took 0.0027589797973632812
2024_11_03_T00:24:10 -  clearHouseMarket - third block took 0.000186920166015625
2024_11_03_T00:24:10 -  clearRentalMarket started
2024_11_03_T00:24:10 -  clearRentalMarket - first block took 0.005278825759887695
2024_11_03_T00:24:10 -  clearRentalMarket - second block took 0.00011897087097167969
2024_11_03_T00:24:10 -  Pushed house into housesBuiltPerRegion (location,size) = (Lisboa, LessThan50)
2024_11_03_T00:24:10 -  Model step took 0.13359403610229492 seconds
2024_11_03_T00:24:10 -  Metrics: sum_wealth took 3.790855407714844e-5
2024_11_03_T00:24:10 -  Metrics: wealth_distribution took 0.0006189346313476562
2024_11_03_T00:24:10 -  Metrics: money_distribution took 0.0005028247833251953
2024_11_03_T00:24:10 -  Metrics: size_distribution took 0.00031113624572753906
2024_11_03_T00:24:10 -  Metrics: age_distribution took 0.0004010200500488281
2024_11_03_T00:24:13 -  Model step started
2024_11_03_T00:24:13 -  clearHangingSupplies started
2024_11_03_T00:24:13 -  clearHangingSupplies took 7.486343383789062e-5
2024_11_03_T00:24:13 -  clearHangingRentalSupplies started
2024_11_03_T00:24:13 -  clearHangingRentalSupplies took 1.7881393432617188e-5
2024_11_03_T00:24:13 -  clearHouseMarket started
2024_11_03_T00:24:13 -  clearHouseMarket - first block took 0.02905893325805664
2024_11_03_T00:24:13 -  clearHouseMarket - second block took 0.001943826675415039
2024_11_03_T00:24:13 -  clearHouseMarket - third block took 0.005789995193481445
2024_11_03_T00:24:13 -  clearRentalMarket started
2024_11_03_T00:24:13 -  clearRentalMarket - first block took 0.0030629634857177734
2024_11_03_T00:24:13 -  clearRentalMarket - second block took 2.5987625122070312e-5
2024_11_03_T00:24:13 -  Model step took 0.053034067153930664 seconds
2024_11_03_T00:24:13 -  Metrics: sum_wealth took 4.291534423828125e-5
2024_11_03_T00:24:13 -  Metrics: wealth_distribution took 0.0003979206085205078
2024_11_03_T00:24:13 -  Metrics: money_distribution took 0.0005190372467041016
2024_11_03_T00:24:13 -  Metrics: size_distribution took 0.00032901763916015625
2024_11_03_T00:24:13 -  Metrics: age_distribution took 0.00032401084899902344
2024_11_03_T00:24:15 -  Model step started
2024_11_03_T00:24:15 -  clearHangingSupplies started
2024_11_03_T00:24:15 -  clearHangingSupplies took 0.00015783309936523438
2024_11_03_T00:24:15 -  clearHangingRentalSupplies started
2024_11_03_T00:24:15 -  clearHangingRentalSupplies took 2.8133392333984375e-5
2024_11_03_T00:24:15 -  clearHouseMarket started
2024_11_03_T00:24:15 -  clearHouseMarket - first block took 0.03252911567687988
2024_11_03_T00:24:15 -  clearHouseMarket - second block took 0.004050016403198242
2024_11_03_T00:24:15 -  clearHouseMarket - third block took 0.00015687942504882812
2024_11_03_T00:24:15 -  clearRentalMarket started
2024_11_03_T00:24:15 -  clearRentalMarket - first block took 0.003679037094116211
2024_11_03_T00:24:15 -  clearRentalMarket - second block took 2.5033950805664062e-5
2024_11_03_T00:24:15 -  Pushed house into housesBuiltPerRegion (location,size) = (Lisboa, LessThan125)
2024_11_03_T00:24:15 -  Model step took 0.053025007247924805 seconds
2024_11_03_T00:24:15 -  Metrics: sum_wealth took 3.790855407714844e-5
2024_11_03_T00:24:15 -  Metrics: wealth_distribution took 0.0003190040588378906
2024_11_03_T00:24:15 -  Metrics: money_distribution took 0.0003211498260498047
2024_11_03_T00:24:15 -  Metrics: size_distribution took 0.0002760887145996094
2024_11_03_T00:24:15 -  Metrics: age_distribution took 0.00036406517028808594
2024_11_03_T00:24:17 -  Model step started
2024_11_03_T00:24:17 -  clearHangingSupplies started
2024_11_03_T00:24:17 -  clearHangingSupplies took 0.0007448196411132812
2024_11_03_T00:24:17 -  clearHangingRentalSupplies started
2024_11_03_T00:24:17 -  clearHangingRentalSupplies took 7.009506225585938e-5
2024_11_03_T00:24:17 -  clearHouseMarket started
2024_11_03_T00:24:17 -  clearHouseMarket - first block took 0.028543949127197266
2024_11_03_T00:24:17 -  clearHouseMarket - second block took 0.00177001953125
2024_11_03_T00:24:17 -  clearHouseMarket - third block took 0.00015997886657714844
2024_11_03_T00:24:17 -  clearRentalMarket started
2024_11_03_T00:24:17 -  clearRentalMarket - first block took 0.003554105758666992
2024_11_03_T00:24:17 -  clearRentalMarket - second block took 7.390975952148438e-5
2024_11_03_T00:24:17 -  Model step took 0.04674386978149414 seconds
2024_11_03_T00:24:17 -  Metrics: sum_wealth took 4.982948303222656e-5
2024_11_03_T00:24:17 -  Metrics: wealth_distribution took 0.0003070831298828125
2024_11_03_T00:24:17 -  Metrics: money_distribution took 0.00036406517028808594
2024_11_03_T00:24:17 -  Metrics: size_distribution took 0.0002961158752441406
2024_11_03_T00:24:17 -  Metrics: age_distribution took 0.0003409385681152344
2024_11_03_T00:24:19 -  Model step started
2024_11_03_T00:24:19 -  clearHangingSupplies started
2024_11_03_T00:24:19 -  clearHangingSupplies took 0.0001049041748046875
2024_11_03_T00:24:19 -  clearHangingRentalSupplies started
2024_11_03_T00:24:19 -  clearHangingRentalSupplies took 1.6927719116210938e-5
2024_11_03_T00:24:19 -  clearHouseMarket started
2024_11_03_T00:24:19 -  clearHouseMarket - first block took 0.027046918869018555
2024_11_03_T00:24:19 -  clearHouseMarket - second block took 0.0033769607543945312
2024_11_03_T00:24:19 -  clearHouseMarket - third block took 0.00018906593322753906
2024_11_03_T00:24:19 -  clearRentalMarket started
2024_11_03_T00:24:19 -  clearRentalMarket - first block took 0.0029358863830566406
2024_11_03_T00:24:19 -  clearRentalMarket - second block took 3.790855407714844e-5
2024_11_03_T00:24:19 -  Model step took 0.04481005668640137 seconds
2024_11_03_T00:24:19 -  Metrics: sum_wealth took 5.0067901611328125e-5
2024_11_03_T00:24:19 -  Metrics: wealth_distribution took 0.0006010532379150391
2024_11_03_T00:24:19 -  Metrics: money_distribution took 0.0004818439483642578
2024_11_03_T00:24:19 -  Metrics: size_distribution took 0.0004260540008544922
2024_11_03_T00:24:19 -  Metrics: age_distribution took 0.00034999847412109375
2024_11_03_T00:24:21 -  Model step started
2024_11_03_T00:24:21 -  clearHangingSupplies started
2024_11_03_T00:24:21 -  clearHangingSupplies took 5.817413330078125e-5
2024_11_03_T00:24:21 -  clearHangingRentalSupplies started
2024_11_03_T00:24:21 -  clearHangingRentalSupplies took 1.6927719116210938e-5
2024_11_03_T00:24:21 -  clearHouseMarket started
2024_11_03_T00:24:21 -  clearHouseMarket - first block took 0.025361061096191406
2024_11_03_T00:24:21 -  clearHouseMarket - second block took 0.002238035202026367
2024_11_03_T00:24:21 -  clearHouseMarket - third block took 0.00020599365234375
2024_11_03_T00:24:21 -  clearRentalMarket started
2024_11_03_T00:24:21 -  clearRentalMarket - first block took 0.003131866455078125
2024_11_03_T00:24:21 -  clearRentalMarket - second block took 2.09808349609375e-5
2024_11_03_T00:24:21 -  Model step took 0.04831981658935547 seconds
2024_11_03_T00:24:21 -  Metrics: sum_wealth took 6.008148193359375e-5
2024_11_03_T00:24:21 -  Metrics: wealth_distribution took 0.0004329681396484375
2024_11_03_T00:24:21 -  Metrics: money_distribution took 0.0003418922424316406
2024_11_03_T00:24:21 -  Metrics: size_distribution took 0.0003650188446044922
2024_11_03_T00:24:21 -  Metrics: age_distribution took 0.000392913818359375
2024_11_03_T00:24:23 -  Model step started
2024_11_03_T00:24:23 -  clearHangingSupplies started
2024_11_03_T00:24:23 -  clearHangingSupplies took 5.984306335449219e-5
2024_11_03_T00:24:23 -  clearHangingRentalSupplies started
2024_11_03_T00:24:23 -  clearHangingRentalSupplies took 1.8835067749023438e-5
2024_11_03_T00:24:23 -  clearHouseMarket started
2024_11_03_T00:24:23 -  clearHouseMarket - first block took 0.02333998680114746
2024_11_03_T00:24:23 -  clearHouseMarket - second block took 0.0020689964294433594
2024_11_03_T00:24:23 -  clearHouseMarket - third block took 0.00020599365234375
2024_11_03_T00:24:23 -  clearRentalMarket started
2024_11_03_T00:24:23 -  clearRentalMarket - first block took 0.0025930404663085938
2024_11_03_T00:24:23 -  clearRentalMarket - second block took 1.7881393432617188e-5
2024_11_03_T00:24:23 -  Model step took 0.04151511192321777 seconds
2024_11_03_T00:24:23 -  Metrics: sum_wealth took 5.91278076171875e-5
2024_11_03_T00:24:23 -  Metrics: wealth_distribution took 0.00038695335388183594
2024_11_03_T00:24:23 -  Metrics: money_distribution took 0.00036597251892089844
2024_11_03_T00:24:23 -  Metrics: size_distribution took 0.00034499168395996094
2024_11_03_T00:24:23 -  Metrics: age_distribution took 0.00028586387634277344
2024_11_03_T00:24:26 -  Model step started
2024_11_03_T00:24:26 -  clearHangingSupplies started
2024_11_03_T00:24:26 -  clearHangingSupplies took 0.00010800361633300781
2024_11_03_T00:24:26 -  clearHangingRentalSupplies started
2024_11_03_T00:24:26 -  clearHangingRentalSupplies took 3.695487976074219e-5
2024_11_03_T00:24:26 -  clearHouseMarket started
2024_11_03_T00:24:26 -  clearHouseMarket - first block took 0.07166099548339844
2024_11_03_T00:24:26 -  clearHouseMarket - second block took 0.0010058879852294922
2024_11_03_T00:24:26 -  clearHouseMarket - third block took 0.00011301040649414062
2024_11_03_T00:24:26 -  clearRentalMarket started
2024_11_03_T00:24:26 -  clearRentalMarket - first block took 0.0038259029388427734
2024_11_03_T00:24:26 -  clearRentalMarket - second block took 5.3882598876953125e-5
2024_11_03_T00:24:26 -  Model step took 0.08856415748596191 seconds
2024_11_03_T00:24:26 -  Metrics: sum_wealth took 4.410743713378906e-5
2024_11_03_T00:24:26 -  Metrics: wealth_distribution took 0.00034499168395996094
2024_11_03_T00:24:26 -  Metrics: money_distribution took 0.0003581047058105469
2024_11_03_T00:24:26 -  Metrics: size_distribution took 0.0002779960632324219
2024_11_03_T00:24:26 -  Metrics: age_distribution took 0.0002961158752441406
2024_11_03_T00:24:29 -  Model step started
2024_11_03_T00:24:29 -  clearHangingSupplies started
2024_11_03_T00:24:29 -  clearHangingSupplies took 6.604194641113281e-5
2024_11_03_T00:24:29 -  clearHangingRentalSupplies started
2024_11_03_T00:24:29 -  clearHangingRentalSupplies took 2.09808349609375e-5
2024_11_03_T00:24:29 -  clearHouseMarket started
2024_11_03_T00:24:29 -  clearHouseMarket - first block took 0.024701833724975586
2024_11_03_T00:24:29 -  clearHouseMarket - second block took 0.0011129379272460938
2024_11_03_T00:24:29 -  clearHouseMarket - third block took 0.0001270771026611328
2024_11_03_T00:24:29 -  clearRentalMarket started
2024_11_03_T00:24:29 -  clearRentalMarket - first block took 0.0030400753021240234
2024_11_03_T00:24:29 -  clearRentalMarket - second block took 4.506111145019531e-5
2024_11_03_T00:24:29 -  Model step took 0.042456865310668945 seconds
2024_11_03_T00:24:29 -  Metrics: sum_wealth took 3.886222839355469e-5
2024_11_03_T00:24:29 -  Metrics: wealth_distribution took 0.0003628730773925781
2024_11_03_T00:24:29 -  Metrics: money_distribution took 0.00037407875061035156
2024_11_03_T00:24:29 -  Metrics: size_distribution took 0.00030994415283203125
2024_11_03_T00:24:29 -  Metrics: age_distribution took 0.0003681182861328125
2024_11_03_T00:24:32 -  Model step started
2024_11_03_T00:24:32 -  clearHangingSupplies started
2024_11_03_T00:24:32 -  clearHangingSupplies took 9.107589721679688e-5
2024_11_03_T00:24:32 -  clearHangingRentalSupplies started
2024_11_03_T00:24:32 -  clearHangingRentalSupplies took 2.5987625122070312e-5
2024_11_03_T00:24:32 -  clearHouseMarket started
2024_11_03_T00:24:32 -  clearHouseMarket - first block took 0.03338193893432617
2024_11_03_T00:24:32 -  clearHouseMarket - second block took 0.0013649463653564453
2024_11_03_T00:24:32 -  clearHouseMarket - third block took 0.0001900196075439453
2024_11_03_T00:24:32 -  clearRentalMarket started
2024_11_03_T00:24:32 -  clearRentalMarket - first block took 0.0038340091705322266
2024_11_03_T00:24:32 -  clearRentalMarket - second block took 0.00010418891906738281
2024_11_03_T00:24:32 -  Pushed house into housesBuiltPerRegion (location,size) = (Lisboa, LessThan50)
2024_11_03_T00:24:32 -  Pushed house into housesBuiltPerRegion (location,size) = (Lisboa, More)
2024_11_03_T00:24:32 -  Model step took 0.05425596237182617 seconds
2024_11_03_T00:24:32 -  Metrics: sum_wealth took 5.602836608886719e-5
2024_11_03_T00:24:32 -  Metrics: wealth_distribution took 0.0003750324249267578
2024_11_03_T00:24:32 -  Metrics: money_distribution took 0.00034499168395996094
2024_11_03_T00:24:32 -  Metrics: size_distribution took 0.0002460479736328125
2024_11_03_T00:24:32 -  Metrics: age_distribution took 0.00029587745666503906
2024_11_03_T00:24:36 -  Model step started
2024_11_03_T00:24:36 -  clearHangingSupplies started
2024_11_03_T00:24:36 -  clearHangingSupplies took 0.00010418891906738281
2024_11_03_T00:24:36 -  clearHangingRentalSupplies started
2024_11_03_T00:24:36 -  clearHangingRentalSupplies took 5.412101745605469e-5
2024_11_03_T00:24:36 -  clearHouseMarket started
2024_11_03_T00:24:36 -  clearHouseMarket - first block took 0.02501511573791504
2024_11_03_T00:24:36 -  clearHouseMarket - second block took 0.0009181499481201172
2024_11_03_T00:24:36 -  clearHouseMarket - third block took 0.00013494491577148438
2024_11_03_T00:24:36 -  clearRentalMarket started
2024_11_03_T00:24:36 -  clearRentalMarket - first block took 0.002588987350463867
2024_11_03_T00:24:36 -  clearRentalMarket - second block took 4.601478576660156e-5
