2024_11_12_T23:04:13 -  finished initateHouses in 0.8881790637969971 seconds
2024_11_12_T23:04:13 -  finished initiateHouseholds in 1.1041531562805176 seconds
2024_11_12_T23:04:14 -  All houses for rental were assigned in Amadora
2024_11_12_T23:04:14 -  All houses for rental were assigned in Amadora
2024_11_12_T23:04:14 -  All houses for rental were assigned in Amadora
2024_11_12_T23:04:14 -  All houses for rental were assigned in Amadora
2024_11_12_T23:04:14 -  All houses for rental were assigned in Amadora
2024_11_12_T23:04:14 -  All houses for rental were assigned in Amadora
2024_11_12_T23:04:14 -  All houses for rental were assigned in Amadora
2024_11_12_T23:04:14 -  All houses for rental were assigned in Amadora
2024_11_12_T23:04:14 -  All houses for rental were assigned in Amadora
2024_11_12_T23:04:14 -  All houses for rental were assigned in Amadora
2024_11_12_T23:04:14 -  All houses for rental were assigned in Amadora
2024_11_12_T23:04:14 -  All houses for rental were assigned in Amadora
2024_11_12_T23:04:14 -  All houses for rental were assigned in Amadora
2024_11_12_T23:04:14 -  All houses for rental were assigned in Amadora
2024_11_12_T23:04:14 -  All houses for rental were assigned in Amadora
2024_11_12_T23:04:14 -  All houses for rental were assigned in Amadora
2024_11_12_T23:04:14 -  All houses for rental were assigned in Amadora
2024_11_12_T23:04:14 -  All houses for rental were assigned in Amadora
2024_11_12_T23:04:14 -  All houses for rental were assigned in Amadora
2024_11_12_T23:04:14 -  All houses for rental were assigned in Amadora
2024_11_12_T23:04:14 -  All houses for rental were assigned in Amadora
2024_11_12_T23:04:14 -  All houses for rental were assigned in Amadora
2024_11_12_T23:04:14 -  All houses for rental were assigned in Amadora
2024_11_12_T23:04:14 -  All houses for rental were assigned in Amadora
2024_11_12_T23:04:14 -  All houses for rental were assigned in Amadora
2024_11_12_T23:04:14 -  All houses for rental were assigned in Amadora
2024_11_12_T23:04:14 -  All houses for rental were assigned in Amadora
2024_11_12_T23:04:14 -  All houses for rental were assigned in Amadora
2024_11_12_T23:04:14 -  All houses for rental were assigned in Amadora
2024_11_12_T23:04:14 -  All houses for rental were assigned in Amadora
2024_11_12_T23:04:14 -  All houses for rental were assigned in Amadora
2024_11_12_T23:04:14 -  All houses for rental were assigned in Amadora
2024_11_12_T23:04:14 -  All houses for rental were assigned in Amadora
2024_11_12_T23:04:14 -  All houses for rental were assigned in Amadora
2024_11_12_T23:04:14 -  All houses for rental were assigned in Amadora
2024_11_12_T23:04:14 -  All houses for rental were assigned in Amadora
2024_11_12_T23:04:14 -  All houses for rental were assigned in Amadora
2024_11_12_T23:04:14 -  All houses for rental were assigned in Amadora
2024_11_12_T23:04:14 -  All houses for rental were assigned in Amadora
2024_11_12_T23:04:14 -  All houses for rental were assigned in Amadora
2024_11_12_T23:04:14 -  All houses for rental were assigned in Amadora
2024_11_12_T23:04:14 -  All houses for rental were assigned in Amadora
2024_11_12_T23:04:14 -  All houses for rental were assigned in Amadora
2024_11_12_T23:04:14 -  All houses for rental were assigned in Amadora
2024_11_12_T23:04:14 -  All houses for rental were assigned in Amadora
2024_11_12_T23:04:14 -  All houses for rental were assigned in Amadora
2024_11_12_T23:04:14 -  All houses for rental were assigned in Amadora
2024_11_12_T23:04:14 -  All houses for rental were assigned in Amadora
2024_11_12_T23:04:14 -  All houses for rental were assigned in Amadora
2024_11_12_T23:04:14 -  All houses for rental were assigned in Amadora
2024_11_12_T23:04:14 -  All houses for rental were assigned in Amadora
2024_11_12_T23:04:14 -  All houses for rental were assigned in Amadora
2024_11_12_T23:04:14 -  All houses for rental were assigned in Amadora
2024_11_12_T23:04:14 -  All houses for rental were assigned in Amadora
2024_11_12_T23:04:14 -  All houses for rental were assigned in Amadora
2024_11_12_T23:04:14 -  All houses for rental were assigned in Amadora
2024_11_12_T23:04:14 -  All houses for rental were assigned in Amadora
2024_11_12_T23:04:14 -  All houses for rental were assigned in Amadora
2024_11_12_T23:04:14 -  All houses for rental were assigned in Amadora
2024_11_12_T23:04:14 -  All houses for rental were assigned in Amadora
2024_11_12_T23:04:14 -  All houses for rental were assigned in Amadora
2024_11_12_T23:04:14 -  All houses for rental were assigned in Amadora
2024_11_12_T23:04:14 -  All houses for rental were assigned in Amadora
2024_11_12_T23:04:14 -  All houses for rental were assigned in Amadora
2024_11_12_T23:04:14 -  All houses for rental were assigned in Amadora
2024_11_12_T23:04:14 -  All houses for rental were assigned in Amadora
2024_11_12_T23:04:14 -  All houses for rental were assigned in Amadora
2024_11_12_T23:04:14 -  All houses for rental were assigned in Amadora
2024_11_12_T23:04:14 -  All houses for rental were assigned in Amadora
2024_11_12_T23:04:14 -  All houses for rental were assigned in Amadora
2024_11_12_T23:04:14 -  All houses for rental were assigned in Amadora
2024_11_12_T23:04:14 -  All houses for rental were assigned in Amadora
2024_11_12_T23:04:14 -  All houses for rental were assigned in Amadora
2024_11_12_T23:04:14 -  All houses for rental were assigned in Amadora
2024_11_12_T23:04:14 -  All houses for rental were assigned in Amadora
2024_11_12_T23:04:14 -  All houses for rental were assigned in Amadora
2024_11_12_T23:04:14 -  All houses for rental were assigned in Amadora
2024_11_12_T23:04:14 -  All houses for rental were assigned in Amadora
2024_11_12_T23:04:14 -  All houses for rental were assigned in Amadora
2024_11_12_T23:04:14 -  All houses for rental were assigned in Amadora
2024_11_12_T23:04:14 -  All houses for rental were assigned in Amadora
2024_11_12_T23:04:14 -  All houses for rental were assigned in Amadora
2024_11_12_T23:04:14 -  All houses for rental were assigned in Amadora
2024_11_12_T23:04:14 -  All houses for rental were assigned in Amadora
2024_11_12_T23:04:14 -  All houses for rental were assigned in Amadora
2024_11_12_T23:04:14 -  All houses for rental were assigned in Amadora
2024_11_12_T23:04:14 -  All houses for rental were assigned in Amadora
2024_11_12_T23:04:14 -  All houses for rental were assigned in Amadora
2024_11_12_T23:04:14 -  All houses for rental were assigned in Amadora
2024_11_12_T23:04:14 -  All houses for rental were assigned in Amadora
2024_11_12_T23:04:14 -  All houses for rental were assigned in Amadora
2024_11_12_T23:04:14 -  All houses for rental were assigned in Amadora
2024_11_12_T23:04:14 -  All houses for rental were assigned in Amadora
2024_11_12_T23:04:14 -  All houses for rental were assigned in Amadora
2024_11_12_T23:04:14 -  All houses for rental were assigned in Amadora
2024_11_12_T23:04:14 -  All houses for rental were assigned in Amadora
2024_11_12_T23:04:14 -  All houses for rental were assigned in Amadora
2024_11_12_T23:04:14 -  All houses for rental were assigned in Amadora
2024_11_12_T23:04:14 -  All houses for rental were assigned in Amadora
2024_11_12_T23:04:14 -  All houses for rental were assigned in Amadora
2024_11_12_T23:04:14 -  All houses for rental were assigned in Amadora
2024_11_12_T23:04:14 -  All houses for rental were assigned in Amadora
2024_11_12_T23:04:14 -  All houses for rental were assigned in Amadora
2024_11_12_T23:04:14 -  All houses for rental were assigned in Amadora
2024_11_12_T23:04:14 -  All houses for rental were assigned in Amadora
2024_11_12_T23:04:14 -  All houses for rental were assigned in Amadora
2024_11_12_T23:04:14 -  All houses for rental were assigned in Amadora
2024_11_12_T23:04:14 -  All houses for rental were assigned in Amadora
2024_11_12_T23:04:14 -  All houses for rental were assigned in Amadora
2024_11_12_T23:04:14 -  All houses for rental were assigned in Amadora
2024_11_12_T23:04:14 -  All houses for rental were assigned in Amadora
2024_11_12_T23:04:14 -  All houses for rental were assigned in Amadora
2024_11_12_T23:04:14 -  All houses for rental were assigned in Amadora
2024_11_12_T23:04:14 -  All houses for rental were assigned in Amadora
2024_11_12_T23:04:14 -  All houses for rental were assigned in Amadora
2024_11_12_T23:04:14 -  All houses for rental were assigned in Amadora
2024_11_12_T23:04:14 -  All houses for rental were assigned in Amadora
2024_11_12_T23:04:14 -  All houses for rental were assigned in Amadora
2024_11_12_T23:04:14 -  All houses for rental were assigned in Amadora
2024_11_12_T23:04:14 -  All houses for rental were assigned in Amadora
2024_11_12_T23:04:14 -  All houses for rental were assigned in Amadora
2024_11_12_T23:04:14 -  All houses for rental were assigned in Amadora
2024_11_12_T23:04:14 -  All houses for rental were assigned in Amadora
2024_11_12_T23:04:14 -  All houses for rental were assigned in Amadora
2024_11_12_T23:04:14 -  All houses for rental were assigned in Amadora
2024_11_12_T23:04:14 -  All houses for rental were assigned in Amadora
2024_11_12_T23:04:14 -  All houses for rental were assigned in Amadora
2024_11_12_T23:04:14 -  All houses for rental were assigned in Amadora
2024_11_12_T23:04:14 -  All houses for rental were assigned in Amadora
2024_11_12_T23:04:14 -  All houses for rental were assigned in Amadora
2024_11_12_T23:04:14 -  All houses for rental were assigned in Amadora
2024_11_12_T23:04:14 -  All houses for rental were assigned in Amadora
2024_11_12_T23:04:14 -  All houses for rental were assigned in Amadora
2024_11_12_T23:04:14 -  All houses for rental were assigned in Amadora
2024_11_12_T23:04:14 -  All houses for rental were assigned in Amadora
2024_11_12_T23:04:14 -  All houses for rental were assigned in Amadora
2024_11_12_T23:04:14 -  All houses for rental were assigned in Amadora
2024_11_12_T23:04:14 -  All home owners were assigned in Amadora
2024_11_12_T23:04:14 -  All home owners were assigned in Amadora
2024_11_12_T23:04:14 -  All home owners were assigned in Amadora
2024_11_12_T23:04:14 -  All home owners were assigned in Amadora
2024_11_12_T23:04:14 -  All home owners were assigned in Amadora
2024_11_12_T23:04:14 -  All home owners were assigned in Amadora
2024_11_12_T23:04:14 -  All home owners were assigned in Amadora
2024_11_12_T23:04:14 -  All home owners were assigned in Amadora
2024_11_12_T23:04:14 -  All home owners were assigned in Amadora
2024_11_12_T23:04:14 -  All home owners were assigned in Amadora
2024_11_12_T23:04:14 -  All home owners were assigned in Amadora
2024_11_12_T23:04:14 -  All home owners were assigned in Amadora
2024_11_12_T23:04:14 -  All home owners were assigned in Amadora
2024_11_12_T23:04:14 -  All home owners were assigned in Amadora
2024_11_12_T23:04:14 -  All home owners were assigned in Amadora
2024_11_12_T23:04:14 -  All home owners were assigned in Amadora
2024_11_12_T23:04:14 -  All home owners were assigned in Amadora
2024_11_12_T23:04:14 -  All home owners were assigned in Amadora
2024_11_12_T23:04:14 -  All home owners were assigned in Amadora
2024_11_12_T23:04:14 -  All home owners were assigned in Amadora
2024_11_12_T23:04:14 -  All home owners were assigned in Amadora
2024_11_12_T23:04:14 -  All home owners were assigned in Amadora
2024_11_12_T23:04:14 -  All home owners were assigned in Amadora
2024_11_12_T23:04:14 -  All home owners were assigned in Amadora
2024_11_12_T23:04:14 -  All home owners were assigned in Amadora
2024_11_12_T23:04:14 -  All home owners were assigned in Amadora
2024_11_12_T23:04:14 -  All home owners were assigned in Amadora
2024_11_12_T23:04:14 -  All home owners were assigned in Amadora
2024_11_12_T23:04:14 -  All home owners were assigned in Amadora
2024_11_12_T23:04:14 -  All home owners were assigned in Amadora
2024_11_12_T23:04:14 -  All home owners were assigned in Amadora
2024_11_12_T23:04:14 -  All home owners were assigned in Amadora
2024_11_12_T23:04:14 -  All home owners were assigned in Amadora
2024_11_12_T23:04:14 -  All home owners were assigned in Amadora
2024_11_12_T23:04:14 -  All home owners were assigned in Amadora
2024_11_12_T23:04:14 -  All home owners were assigned in Amadora
2024_11_12_T23:04:14 -  All home owners were assigned in Amadora
2024_11_12_T23:04:14 -  All home owners were assigned in Amadora
2024_11_12_T23:04:14 -  All home owners were assigned in Amadora
2024_11_12_T23:04:14 -  All home owners were assigned in Amadora
2024_11_12_T23:04:14 -  All home owners were assigned in Amadora
2024_11_12_T23:04:14 -  All home owners were assigned in Amadora
2024_11_12_T23:04:14 -  All home owners were assigned in Amadora
2024_11_12_T23:04:14 -  All home owners were assigned in Amadora
2024_11_12_T23:04:14 -  All home owners were assigned in Amadora
2024_11_12_T23:04:14 -  All home owners were assigned in Amadora
2024_11_12_T23:04:14 -  All home owners were assigned in Amadora
2024_11_12_T23:04:14 -  All home owners were assigned in Amadora
2024_11_12_T23:04:14 -  All home owners were assigned in Amadora
2024_11_12_T23:04:14 -  All home owners were assigned in Amadora
2024_11_12_T23:04:14 -  All home owners were assigned in Amadora
2024_11_12_T23:04:14 -  All home owners were assigned in Amadora
2024_11_12_T23:04:14 -  All home owners were assigned in Amadora
2024_11_12_T23:04:14 -  All home owners were assigned in Amadora
2024_11_12_T23:04:14 -  All home owners were assigned in Amadora
2024_11_12_T23:04:14 -  All home owners were assigned in Amadora
2024_11_12_T23:04:14 -  All home owners were assigned in Amadora
2024_11_12_T23:04:14 -  All home owners were assigned in Amadora
2024_11_12_T23:04:14 -  All home owners were assigned in Amadora
2024_11_12_T23:04:14 -  All home owners were assigned in Amadora
2024_11_12_T23:04:14 -  All home owners were assigned in Amadora
2024_11_12_T23:04:14 -  All home owners were assigned in Amadora
2024_11_12_T23:04:14 -  All home owners were assigned in Amadora
2024_11_12_T23:04:14 -  All home owners were assigned in Amadora
2024_11_12_T23:04:14 -  All home owners were assigned in Amadora
2024_11_12_T23:04:14 -  All home owners were assigned in Amadora
2024_11_12_T23:04:14 -  All home owners were assigned in Amadora
2024_11_12_T23:04:14 -  All home owners were assigned in Amadora
2024_11_12_T23:04:14 -  All home owners were assigned in Amadora
2024_11_12_T23:04:14 -  All home owners were assigned in Amadora
2024_11_12_T23:04:14 -  All home owners were assigned in Amadora
2024_11_12_T23:04:14 -  All home owners were assigned in Amadora
2024_11_12_T23:04:14 -  All home owners were assigned in Amadora
2024_11_12_T23:04:14 -  All home owners were assigned in Amadora
2024_11_12_T23:04:14 -  All home owners were assigned in Amadora
2024_11_12_T23:04:14 -  All home owners were assigned in Amadora
2024_11_12_T23:04:14 -  All home owners were assigned in Amadora
2024_11_12_T23:04:14 -  All home owners were assigned in Amadora
2024_11_12_T23:04:14 -  All home owners were assigned in Amadora
2024_11_12_T23:04:14 -  All home owners were assigned in Amadora
2024_11_12_T23:04:14 -  All home owners were assigned in Amadora
2024_11_12_T23:04:14 -  All home owners were assigned in Amadora
2024_11_12_T23:04:14 -  All home owners were assigned in Amadora
2024_11_12_T23:04:14 -  All home owners were assigned in Amadora
2024_11_12_T23:04:14 -  All home owners were assigned in Amadora
2024_11_12_T23:04:14 -  All home owners were assigned in Amadora
2024_11_12_T23:04:14 -  All home owners were assigned in Amadora
2024_11_12_T23:04:14 -  All home owners were assigned in Amadora
2024_11_12_T23:04:14 -  All home owners were assigned in Amadora
2024_11_12_T23:04:14 -  All home owners were assigned in Amadora
2024_11_12_T23:04:14 -  All home owners were assigned in Amadora
2024_11_12_T23:04:14 -  All home owners were assigned in Amadora
2024_11_12_T23:04:14 -  All home owners were assigned in Amadora
2024_11_12_T23:04:14 -  All home owners were assigned in Amadora
2024_11_12_T23:04:14 -  All home owners were assigned in Amadora
2024_11_12_T23:04:14 -  All home owners were assigned in Amadora
2024_11_12_T23:04:14 -  All home owners were assigned in Amadora
2024_11_12_T23:04:14 -  All home owners were assigned in Amadora
2024_11_12_T23:04:14 -  All home owners were assigned in Amadora
2024_11_12_T23:04:14 -  All home owners were assigned in Amadora
2024_11_12_T23:04:14 -  All home owners were assigned in Amadora
2024_11_12_T23:04:14 -  All home owners were assigned in Amadora
2024_11_12_T23:04:14 -  All home owners were assigned in Amadora
2024_11_12_T23:04:14 -  All home owners were assigned in Amadora
2024_11_12_T23:04:14 -  All home owners were assigned in Amadora
2024_11_12_T23:04:14 -  All home owners were assigned in Amadora
2024_11_12_T23:04:14 -  All home owners were assigned in Amadora
2024_11_12_T23:04:14 -  All home owners were assigned in Amadora
2024_11_12_T23:04:14 -  All home owners were assigned in Amadora
2024_11_12_T23:04:14 -  All home owners were assigned in Amadora
2024_11_12_T23:04:14 -  All home owners were assigned in Amadora
2024_11_12_T23:04:14 -  All home owners were assigned in Amadora
2024_11_12_T23:04:14 -  All home owners were assigned in Amadora
2024_11_12_T23:04:14 -  All home owners were assigned in Amadora
2024_11_12_T23:04:14 -  All home owners were assigned in Amadora
2024_11_12_T23:04:14 -  All home owners were assigned in Amadora
2024_11_12_T23:04:14 -  All home owners were assigned in Amadora
2024_11_12_T23:04:14 -  All home owners were assigned in Amadora
2024_11_12_T23:04:14 -  All home owners were assigned in Amadora
2024_11_12_T23:04:14 -  All home owners were assigned in Amadora
2024_11_12_T23:04:14 -  All home owners were assigned in Amadora
2024_11_12_T23:04:14 -  All home owners were assigned in Amadora
2024_11_12_T23:04:14 -  All home owners were assigned in Amadora
2024_11_12_T23:04:14 -  All home owners were assigned in Amadora
2024_11_12_T23:04:14 -  All home owners were assigned in Amadora
2024_11_12_T23:04:14 -  All home owners were assigned in Amadora
2024_11_12_T23:04:14 -  All home owners were assigned in Amadora
2024_11_12_T23:04:14 -  All home owners were assigned in Amadora
2024_11_12_T23:04:14 -  All home owners were assigned in Amadora
2024_11_12_T23:04:14 -  All home owners were assigned in Amadora
2024_11_12_T23:04:14 -  All home owners were assigned in Amadora
2024_11_12_T23:04:14 -  All home owners were assigned in Amadora
2024_11_12_T23:04:14 -  All home owners were assigned in Amadora
2024_11_12_T23:04:14 -  All home owners were assigned in Amadora
2024_11_12_T23:04:14 -  All home owners were assigned in Amadora
2024_11_12_T23:04:14 -  All houses for rental were assigned in Cascais
2024_11_12_T23:04:14 -  All houses for rental were assigned in Cascais
2024_11_12_T23:04:14 -  All houses for rental were assigned in Cascais
2024_11_12_T23:04:14 -  All houses for rental were assigned in Cascais
2024_11_12_T23:04:14 -  All houses for rental were assigned in Cascais
2024_11_12_T23:04:14 -  All houses for rental were assigned in Cascais
2024_11_12_T23:04:14 -  All houses for rental were assigned in Cascais
2024_11_12_T23:04:14 -  All houses for rental were assigned in Cascais
2024_11_12_T23:04:14 -  All houses for rental were assigned in Cascais
2024_11_12_T23:04:14 -  All houses for rental were assigned in Cascais
2024_11_12_T23:04:14 -  All houses for rental were assigned in Cascais
2024_11_12_T23:04:14 -  All houses for rental were assigned in Cascais
2024_11_12_T23:04:14 -  All houses for rental were assigned in Cascais
2024_11_12_T23:04:14 -  All houses for rental were assigned in Cascais
2024_11_12_T23:04:14 -  All houses for rental were assigned in Cascais
2024_11_12_T23:04:14 -  All houses for rental were assigned in Cascais
2024_11_12_T23:04:14 -  All houses for rental were assigned in Cascais
2024_11_12_T23:04:14 -  All houses for rental were assigned in Cascais
2024_11_12_T23:04:14 -  All houses for rental were assigned in Cascais
2024_11_12_T23:04:14 -  All houses for rental were assigned in Cascais
2024_11_12_T23:04:14 -  All houses for rental were assigned in Cascais
2024_11_12_T23:04:14 -  All houses for rental were assigned in Cascais
2024_11_12_T23:04:14 -  All houses for rental were assigned in Cascais
2024_11_12_T23:04:14 -  All houses for rental were assigned in Cascais
2024_11_12_T23:04:14 -  All houses for rental were assigned in Cascais
2024_11_12_T23:04:14 -  All houses for rental were assigned in Cascais
2024_11_12_T23:04:14 -  All houses for rental were assigned in Cascais
2024_11_12_T23:04:14 -  All houses for rental were assigned in Cascais
2024_11_12_T23:04:14 -  All houses for rental were assigned in Cascais
2024_11_12_T23:04:14 -  All houses for rental were assigned in Cascais
2024_11_12_T23:04:14 -  All houses for rental were assigned in Cascais
2024_11_12_T23:04:14 -  All houses for rental were assigned in Cascais
2024_11_12_T23:04:14 -  All houses for rental were assigned in Cascais
2024_11_12_T23:04:14 -  All houses for rental were assigned in Cascais
2024_11_12_T23:04:14 -  All houses for rental were assigned in Cascais
2024_11_12_T23:04:14 -  All houses for rental were assigned in Cascais
2024_11_12_T23:04:14 -  All houses for rental were assigned in Cascais
2024_11_12_T23:04:14 -  All houses for rental were assigned in Cascais
2024_11_12_T23:04:14 -  All houses for rental were assigned in Cascais
2024_11_12_T23:04:14 -  All houses for rental were assigned in Cascais
2024_11_12_T23:04:14 -  All houses for rental were assigned in Cascais
2024_11_12_T23:04:14 -  All houses for rental were assigned in Cascais
2024_11_12_T23:04:14 -  All houses for rental were assigned in Cascais
2024_11_12_T23:04:14 -  All houses for rental were assigned in Cascais
2024_11_12_T23:04:14 -  All houses for rental were assigned in Cascais
2024_11_12_T23:04:14 -  All houses for rental were assigned in Cascais
2024_11_12_T23:04:14 -  All houses for rental were assigned in Cascais
2024_11_12_T23:04:14 -  All houses for rental were assigned in Cascais
2024_11_12_T23:04:14 -  All houses for rental were assigned in Cascais
2024_11_12_T23:04:14 -  All houses for rental were assigned in Cascais
2024_11_12_T23:04:14 -  All houses for rental were assigned in Cascais
2024_11_12_T23:04:14 -  All houses for rental were assigned in Cascais
2024_11_12_T23:04:14 -  All houses for rental were assigned in Cascais
2024_11_12_T23:04:14 -  All houses for rental were assigned in Cascais
2024_11_12_T23:04:14 -  All houses for rental were assigned in Cascais
2024_11_12_T23:04:14 -  All houses for rental were assigned in Cascais
2024_11_12_T23:04:14 -  All houses for rental were assigned in Cascais
2024_11_12_T23:04:14 -  All houses for rental were assigned in Cascais
2024_11_12_T23:04:14 -  All houses for rental were assigned in Cascais
2024_11_12_T23:04:14 -  All houses for rental were assigned in Cascais
2024_11_12_T23:04:14 -  All houses for rental were assigned in Cascais
2024_11_12_T23:04:14 -  All houses for rental were assigned in Cascais
2024_11_12_T23:04:14 -  All houses for rental were assigned in Cascais
2024_11_12_T23:04:14 -  All houses for rental were assigned in Cascais
2024_11_12_T23:04:14 -  All houses for rental were assigned in Cascais
2024_11_12_T23:04:14 -  All houses for rental were assigned in Cascais
2024_11_12_T23:04:14 -  All houses for rental were assigned in Cascais
2024_11_12_T23:04:14 -  All houses for rental were assigned in Cascais
2024_11_12_T23:04:14 -  All houses for rental were assigned in Cascais
2024_11_12_T23:04:14 -  All houses for rental were assigned in Cascais
2024_11_12_T23:04:14 -  All houses for rental were assigned in Cascais
2024_11_12_T23:04:14 -  All houses for rental were assigned in Cascais
2024_11_12_T23:04:14 -  All houses for rental were assigned in Cascais
2024_11_12_T23:04:14 -  All houses for rental were assigned in Cascais
2024_11_12_T23:04:14 -  All houses for rental were assigned in Cascais
2024_11_12_T23:04:14 -  All houses for rental were assigned in Cascais
2024_11_12_T23:04:14 -  All houses for rental were assigned in Cascais
2024_11_12_T23:04:14 -  All houses for rental were assigned in Cascais
2024_11_12_T23:04:14 -  All houses for rental were assigned in Cascais
2024_11_12_T23:04:14 -  All houses for rental were assigned in Cascais
2024_11_12_T23:04:14 -  All houses for rental were assigned in Cascais
2024_11_12_T23:04:14 -  All houses for rental were assigned in Cascais
2024_11_12_T23:04:14 -  All houses for rental were assigned in Cascais
2024_11_12_T23:04:14 -  All houses for rental were assigned in Cascais
2024_11_12_T23:04:14 -  All houses for rental were assigned in Cascais
2024_11_12_T23:04:14 -  All houses for rental were assigned in Cascais
2024_11_12_T23:04:14 -  All houses for rental were assigned in Cascais
2024_11_12_T23:04:14 -  All houses for rental were assigned in Cascais
2024_11_12_T23:04:14 -  All houses for rental were assigned in Cascais
2024_11_12_T23:04:14 -  All houses for rental were assigned in Cascais
2024_11_12_T23:04:14 -  All houses for rental were assigned in Cascais
2024_11_12_T23:04:14 -  All houses for rental were assigned in Cascais
2024_11_12_T23:04:14 -  All houses for rental were assigned in Cascais
2024_11_12_T23:04:14 -  All houses for rental were assigned in Cascais
2024_11_12_T23:04:14 -  All houses for rental were assigned in Cascais
2024_11_12_T23:04:14 -  All houses for rental were assigned in Cascais
2024_11_12_T23:04:14 -  All houses for rental were assigned in Cascais
2024_11_12_T23:04:14 -  All houses for rental were assigned in Cascais
2024_11_12_T23:04:14 -  All houses for rental were assigned in Cascais
2024_11_12_T23:04:14 -  All houses for rental were assigned in Cascais
2024_11_12_T23:04:14 -  All houses for rental were assigned in Cascais
2024_11_12_T23:04:14 -  All houses for rental were assigned in Cascais
2024_11_12_T23:04:14 -  All houses for rental were assigned in Cascais
2024_11_12_T23:04:14 -  All houses for rental were assigned in Cascais
2024_11_12_T23:04:14 -  All houses for rental were assigned in Cascais
2024_11_12_T23:04:14 -  All houses for rental were assigned in Cascais
2024_11_12_T23:04:14 -  All houses for rental were assigned in Cascais
2024_11_12_T23:04:14 -  All houses for rental were assigned in Cascais
2024_11_12_T23:04:14 -  All houses for rental were assigned in Cascais
2024_11_12_T23:04:14 -  All houses for rental were assigned in Cascais
2024_11_12_T23:04:14 -  All houses for rental were assigned in Cascais
2024_11_12_T23:04:14 -  All houses for rental were assigned in Cascais
2024_11_12_T23:04:14 -  All houses for rental were assigned in Cascais
2024_11_12_T23:04:14 -  All houses for rental were assigned in Cascais
2024_11_12_T23:04:14 -  All houses for rental were assigned in Cascais
2024_11_12_T23:04:14 -  All houses for rental were assigned in Cascais
2024_11_12_T23:04:14 -  All houses for rental were assigned in Cascais
2024_11_12_T23:04:14 -  All houses for rental were assigned in Cascais
2024_11_12_T23:04:14 -  All houses for rental were assigned in Cascais
2024_11_12_T23:04:14 -  All houses for rental were assigned in Cascais
2024_11_12_T23:04:14 -  All houses for rental were assigned in Cascais
2024_11_12_T23:04:14 -  All houses for rental were assigned in Cascais
2024_11_12_T23:04:14 -  All houses for rental were assigned in Cascais
2024_11_12_T23:04:14 -  All houses for rental were assigned in Cascais
2024_11_12_T23:04:14 -  All houses for rental were assigned in Cascais
2024_11_12_T23:04:14 -  All houses for rental were assigned in Cascais
2024_11_12_T23:04:14 -  All houses for rental were assigned in Cascais
2024_11_12_T23:04:14 -  All houses for rental were assigned in Cascais
2024_11_12_T23:04:14 -  All houses for rental were assigned in Cascais
2024_11_12_T23:04:14 -  All houses for rental were assigned in Cascais
2024_11_12_T23:04:14 -  All houses for rental were assigned in Cascais
2024_11_12_T23:04:14 -  All houses for rental were assigned in Cascais
2024_11_12_T23:04:14 -  All houses for rental were assigned in Cascais
2024_11_12_T23:04:14 -  All houses for rental were assigned in Cascais
2024_11_12_T23:04:14 -  All houses for rental were assigned in Cascais
2024_11_12_T23:04:14 -  All houses for rental were assigned in Cascais
2024_11_12_T23:04:14 -  All houses for rental were assigned in Cascais
2024_11_12_T23:04:14 -  All houses for rental were assigned in Cascais
2024_11_12_T23:04:14 -  All houses for rental were assigned in Cascais
2024_11_12_T23:04:14 -  All houses for rental were assigned in Cascais
2024_11_12_T23:04:14 -  All houses for rental were assigned in Cascais
2024_11_12_T23:04:14 -  All houses for rental were assigned in Cascais
2024_11_12_T23:04:14 -  All houses for rental were assigned in Cascais
2024_11_12_T23:04:14 -  All houses for rental were assigned in Cascais
2024_11_12_T23:04:14 -  All houses for rental were assigned in Cascais
2024_11_12_T23:04:14 -  All houses for rental were assigned in Cascais
2024_11_12_T23:04:14 -  All houses for rental were assigned in Cascais
2024_11_12_T23:04:14 -  All houses for rental were assigned in Cascais
2024_11_12_T23:04:14 -  All houses for rental were assigned in Cascais
2024_11_12_T23:04:14 -  All houses for rental were assigned in Cascais
2024_11_12_T23:04:14 -  All houses for rental were assigned in Cascais
2024_11_12_T23:04:14 -  All houses for rental were assigned in Cascais
2024_11_12_T23:04:14 -  All houses for rental were assigned in Cascais
2024_11_12_T23:04:14 -  All houses for rental were assigned in Cascais
2024_11_12_T23:04:14 -  All houses for rental were assigned in Cascais
2024_11_12_T23:04:14 -  All houses for rental were assigned in Cascais
2024_11_12_T23:04:14 -  All houses for rental were assigned in Cascais
2024_11_12_T23:04:14 -  All houses for rental were assigned in Cascais
2024_11_12_T23:04:14 -  All houses for rental were assigned in Cascais
2024_11_12_T23:04:14 -  All houses for rental were assigned in Cascais
2024_11_12_T23:04:14 -  All houses for rental were assigned in Cascais
2024_11_12_T23:04:14 -  All houses for rental were assigned in Cascais
2024_11_12_T23:04:14 -  All houses for rental were assigned in Cascais
2024_11_12_T23:04:14 -  All houses for rental were assigned in Cascais
2024_11_12_T23:04:14 -  All houses for rental were assigned in Cascais
2024_11_12_T23:04:14 -  All houses for rental were assigned in Cascais
2024_11_12_T23:04:14 -  All houses for rental were assigned in Cascais
2024_11_12_T23:04:14 -  All houses for rental were assigned in Cascais
2024_11_12_T23:04:14 -  All houses for rental were assigned in Cascais
2024_11_12_T23:04:14 -  All houses for rental were assigned in Cascais
2024_11_12_T23:04:14 -  All houses for rental were assigned in Cascais
2024_11_12_T23:04:14 -  All houses for rental were assigned in Cascais
2024_11_12_T23:04:14 -  All houses for rental were assigned in Cascais
2024_11_12_T23:04:14 -  All houses for rental were assigned in Cascais
2024_11_12_T23:04:14 -  All houses for rental were assigned in Cascais
2024_11_12_T23:04:14 -  All houses for rental were assigned in Cascais
2024_11_12_T23:04:14 -  All houses for rental were assigned in Cascais
2024_11_12_T23:04:14 -  All houses for rental were assigned in Cascais
2024_11_12_T23:04:14 -  All houses for rental were assigned in Cascais
2024_11_12_T23:04:14 -  All houses for rental were assigned in Cascais
2024_11_12_T23:04:14 -  All houses for rental were assigned in Cascais
2024_11_12_T23:04:14 -  All houses for rental were assigned in Cascais
2024_11_12_T23:04:14 -  All houses for rental were assigned in Cascais
2024_11_12_T23:04:14 -  All houses for rental were assigned in Cascais
2024_11_12_T23:04:14 -  All houses for rental were assigned in Cascais
2024_11_12_T23:04:14 -  All houses for rental were assigned in Cascais
2024_11_12_T23:04:14 -  All houses for rental were assigned in Cascais
2024_11_12_T23:04:14 -  All houses for rental were assigned in Cascais
2024_11_12_T23:04:14 -  All houses for rental were assigned in Cascais
2024_11_12_T23:04:14 -  All houses for rental were assigned in Cascais
2024_11_12_T23:04:14 -  All houses for rental were assigned in Cascais
2024_11_12_T23:04:14 -  All houses for rental were assigned in Lisboa
2024_11_12_T23:04:14 -  All houses for rental were assigned in Lisboa
2024_11_12_T23:04:14 -  All houses for rental were assigned in Lisboa
2024_11_12_T23:04:14 -  All houses for rental were assigned in Lisboa
2024_11_12_T23:04:14 -  All houses for rental were assigned in Lisboa
2024_11_12_T23:04:14 -  All houses for rental were assigned in Lisboa
2024_11_12_T23:04:14 -  All houses for rental were assigned in Lisboa
2024_11_12_T23:04:14 -  All houses for rental were assigned in Lisboa
2024_11_12_T23:04:14 -  All houses for rental were assigned in Lisboa
2024_11_12_T23:04:14 -  All houses for rental were assigned in Lisboa
2024_11_12_T23:04:14 -  All houses for rental were assigned in Lisboa
2024_11_12_T23:04:14 -  All houses for rental were assigned in Lisboa
2024_11_12_T23:04:14 -  All houses for rental were assigned in Lisboa
2024_11_12_T23:04:14 -  All houses for rental were assigned in Lisboa
2024_11_12_T23:04:14 -  All houses for rental were assigned in Lisboa
2024_11_12_T23:04:14 -  All houses for rental were assigned in Lisboa
2024_11_12_T23:04:14 -  All houses for rental were assigned in Lisboa
2024_11_12_T23:04:14 -  All houses for rental were assigned in Lisboa
2024_11_12_T23:04:14 -  All houses for rental were assigned in Lisboa
2024_11_12_T23:04:14 -  All houses for rental were assigned in Lisboa
2024_11_12_T23:04:14 -  All houses for rental were assigned in Lisboa
2024_11_12_T23:04:14 -  All houses for rental were assigned in Lisboa
2024_11_12_T23:04:14 -  All houses for rental were assigned in Lisboa
2024_11_12_T23:04:14 -  All houses for rental were assigned in Lisboa
2024_11_12_T23:04:14 -  All houses for rental were assigned in Lisboa
2024_11_12_T23:04:14 -  All houses for rental were assigned in Lisboa
2024_11_12_T23:04:14 -  All houses for rental were assigned in Lisboa
2024_11_12_T23:04:14 -  All houses for rental were assigned in Lisboa
2024_11_12_T23:04:14 -  All houses for rental were assigned in Lisboa
2024_11_12_T23:04:14 -  All houses for rental were assigned in Lisboa
2024_11_12_T23:04:14 -  All houses for rental were assigned in Lisboa
2024_11_12_T23:04:14 -  All houses for rental were assigned in Lisboa
2024_11_12_T23:04:14 -  All houses for rental were assigned in Lisboa
2024_11_12_T23:04:14 -  All houses for rental were assigned in Lisboa
2024_11_12_T23:04:14 -  All houses for rental were assigned in Lisboa
2024_11_12_T23:04:14 -  All houses for rental were assigned in Lisboa
2024_11_12_T23:04:14 -  All houses for rental were assigned in Lisboa
2024_11_12_T23:04:14 -  All houses for rental were assigned in Lisboa
2024_11_12_T23:04:14 -  All houses for rental were assigned in Lisboa
2024_11_12_T23:04:14 -  All houses for rental were assigned in Lisboa
2024_11_12_T23:04:14 -  All houses for rental were assigned in Lisboa
2024_11_12_T23:04:14 -  All houses for rental were assigned in Lisboa
2024_11_12_T23:04:14 -  All houses for rental were assigned in Lisboa
2024_11_12_T23:04:14 -  All houses for rental were assigned in Lisboa
2024_11_12_T23:04:14 -  All houses for rental were assigned in Lisboa
2024_11_12_T23:04:14 -  All houses for rental were assigned in Lisboa
2024_11_12_T23:04:14 -  All houses for rental were assigned in Lisboa
2024_11_12_T23:04:14 -  All houses for rental were assigned in Lisboa
2024_11_12_T23:04:14 -  All houses for rental were assigned in Lisboa
2024_11_12_T23:04:14 -  All houses for rental were assigned in Lisboa
2024_11_12_T23:04:14 -  All houses for rental were assigned in Lisboa
2024_11_12_T23:04:14 -  All houses for rental were assigned in Lisboa
2024_11_12_T23:04:14 -  All houses for rental were assigned in Lisboa
2024_11_12_T23:04:14 -  All houses for rental were assigned in Lisboa
2024_11_12_T23:04:14 -  All houses for rental were assigned in Lisboa
2024_11_12_T23:04:14 -  All houses for rental were assigned in Lisboa
2024_11_12_T23:04:14 -  All houses for rental were assigned in Lisboa
2024_11_12_T23:04:14 -  All houses for rental were assigned in Lisboa
2024_11_12_T23:04:14 -  All houses for rental were assigned in Lisboa
2024_11_12_T23:04:14 -  All houses for rental were assigned in Lisboa
2024_11_12_T23:04:14 -  All houses for rental were assigned in Lisboa
2024_11_12_T23:04:14 -  All houses for rental were assigned in Lisboa
2024_11_12_T23:04:14 -  All houses for rental were assigned in Lisboa
2024_11_12_T23:04:14 -  All houses for rental were assigned in Lisboa
2024_11_12_T23:04:14 -  All houses for rental were assigned in Lisboa
2024_11_12_T23:04:14 -  All houses for rental were assigned in Lisboa
2024_11_12_T23:04:14 -  finished assignHousesToHouseholds in 1.7207231521606445 seconds
2024_11_12_T23:04:19 -  Metrics: sum_wealth took 9.5367431640625e-7
2024_11_12_T23:04:21 -  Metrics: wealth_distribution took 5.0067901611328125e-6
2024_11_12_T23:04:21 -  Metrics: money_distribution took 5.0067901611328125e-6
2024_11_12_T23:04:21 -  Metrics: size_distribution took 1.4066696166992188e-5
2024_11_12_T23:04:22 -  Metrics: age_distribution took 6.9141387939453125e-6
2024_11_12_T23:04:25 -  Metrics: sum_wealth took 4.792213439941406e-5
2024_11_12_T23:04:26 -  Metrics: wealth_distribution took 0.045159101486206055
2024_11_12_T23:04:26 -  Metrics: money_distribution took 0.0004639625549316406
2024_11_12_T23:04:26 -  Metrics: size_distribution took 0.010720014572143555
2024_11_12_T23:04:27 -  Metrics: age_distribution took 0.0003638267517089844
2024_11_12_T23:04:30 -  Model step started
2024_11_12_T23:04:30 -  clearHangingSupplies started
2024_11_12_T23:04:30 -  clearHangingSupplies took 0.006096839904785156
2024_11_12_T23:04:30 -  clearHangingRentalSupplies started
2024_11_12_T23:04:30 -  clearHangingRentalSupplies took 0.06264591217041016
2024_11_12_T23:04:31 -  clearHouseMarket started
2024_11_12_T23:04:31 -  clearHouseMarket - first block took 0.33159804344177246
2024_11_12_T23:04:31 -  clearHouseMarket - second block took 0.31372499465942383
2024_11_12_T23:04:31 -  clearHouseMarket - third block took 0.019474029541015625
2024_11_12_T23:04:31 -  clearRentalMarket started
2024_11_12_T23:04:32 -  clearRentalMarket - first block took 0.30739498138427734
2024_11_12_T23:04:32 -  clearRentalMarket - second block took 0.12407088279724121
2024_11_12_T23:04:32 -  Pushed house into housesBuiltPerRegion (location,size) = (Odivelas, LessThan75)
2024_11_12_T23:04:32 -  Pushed house into housesBuiltPerRegion (location,size) = (Sintra, LessThan50)
2024_11_12_T23:04:32 -  Pushed house into housesBuiltPerRegion (location,size) = (Sintra, LessThan75)
2024_11_12_T23:04:32 -  Pushed house into housesBuiltPerRegion (location,size) = (Sesimbra, More)
2024_11_12_T23:04:32 -  Model step took 1.9259140491485596 seconds
2024_11_12_T23:04:32 -  Metrics: sum_wealth took 5.793571472167969e-5
2024_11_12_T23:04:32 -  Metrics: wealth_distribution took 0.0004429817199707031
2024_11_12_T23:04:32 -  Metrics: money_distribution took 0.00034809112548828125
2024_11_12_T23:04:32 -  Metrics: size_distribution took 0.0003159046173095703
2024_11_12_T23:04:32 -  Metrics: age_distribution took 0.00031304359436035156
2024_11_12_T23:04:35 -  Model step started
2024_11_12_T23:04:35 -  clearHangingSupplies started
2024_11_12_T23:04:35 -  clearHangingSupplies took 0.00013494491577148438
2024_11_12_T23:04:35 -  clearHangingRentalSupplies started
2024_11_12_T23:04:35 -  clearHangingRentalSupplies took 8.702278137207031e-5
2024_11_12_T23:04:35 -  clearHouseMarket started
2024_11_12_T23:04:35 -  clearHouseMarket - first block took 0.05209708213806152
2024_11_12_T23:04:35 -  clearHouseMarket - second block took 0.07350707054138184
2024_11_12_T23:04:35 -  clearHouseMarket - third block took 0.0001590251922607422
2024_11_12_T23:04:35 -  clearRentalMarket started
2024_11_12_T23:04:35 -  clearRentalMarket - first block took 0.016741037368774414
2024_11_12_T23:04:35 -  clearRentalMarket - second block took 0.0001499652862548828
2024_11_12_T23:04:35 -  Pushed house into housesBuiltPerRegion (location,size) = (Cascais, LessThan50)
2024_11_12_T23:04:35 -  Pushed house into housesBuiltPerRegion (location,size) = (Setubal, LessThan50)
2024_11_12_T23:04:35 -  Pushed house into housesBuiltPerRegion (location,size) = (Setubal, LessThan75)
2024_11_12_T23:04:35 -  Model step took 0.1764049530029297 seconds
2024_11_12_T23:04:35 -  Metrics: sum_wealth took 6.508827209472656e-5
2024_11_12_T23:04:35 -  Metrics: wealth_distribution took 0.0005998611450195312
2024_11_12_T23:04:35 -  Metrics: money_distribution took 0.0005009174346923828
2024_11_12_T23:04:35 -  Metrics: size_distribution took 0.0019669532775878906
2024_11_12_T23:04:35 -  Metrics: age_distribution took 0.0004420280456542969
2024_11_12_T23:04:38 -  Model step started
2024_11_12_T23:04:38 -  clearHangingSupplies started
2024_11_12_T23:04:38 -  clearHangingSupplies took 0.0001239776611328125
2024_11_12_T23:04:38 -  clearHangingRentalSupplies started
2024_11_12_T23:04:38 -  clearHangingRentalSupplies took 6.699562072753906e-5
2024_11_12_T23:04:38 -  clearHouseMarket started
2024_11_12_T23:04:38 -  clearHouseMarket - first block took 0.019198894500732422
2024_11_12_T23:04:38 -  clearHouseMarket - second block took 0.01646900177001953
2024_11_12_T23:04:38 -  clearHouseMarket - third block took 0.00019788742065429688
2024_11_12_T23:04:38 -  clearRentalMarket started
2024_11_12_T23:04:38 -  clearRentalMarket - first block took 0.010067939758300781
2024_11_12_T23:04:38 -  clearRentalMarket - second block took 0.00019812583923339844
2024_11_12_T23:04:38 -  Pushed house into housesBuiltPerRegion (location,size) = (Lisboa, LessThan75)
2024_11_12_T23:04:38 -  Pushed house into housesBuiltPerRegion (location,size) = (Seixal, LessThan75)
2024_11_12_T23:04:38 -  Model step took 0.06916189193725586 seconds
2024_11_12_T23:04:38 -  Metrics: sum_wealth took 4.696846008300781e-5
2024_11_12_T23:04:38 -  Metrics: wealth_distribution took 0.00040078163146972656
2024_11_12_T23:04:38 -  Metrics: money_distribution took 0.00041484832763671875
2024_11_12_T23:04:38 -  Metrics: size_distribution took 0.0004069805145263672
2024_11_12_T23:04:38 -  Metrics: age_distribution took 0.00035190582275390625
2024_11_12_T23:04:44 -  Model step started
2024_11_12_T23:04:44 -  clearHangingSupplies started
2024_11_12_T23:04:44 -  clearHangingSupplies took 0.0005431175231933594
2024_11_12_T23:04:44 -  clearHangingRentalSupplies started
2024_11_12_T23:04:44 -  clearHangingRentalSupplies took 0.0003349781036376953
2024_11_12_T23:04:44 -  clearHouseMarket started
2024_11_12_T23:04:44 -  clearHouseMarket - first block took 0.02469611167907715
2024_11_12_T23:04:44 -  clearHouseMarket - second block took 0.008858919143676758
2024_11_12_T23:04:44 -  clearHouseMarket - third block took 0.00010800361633300781
2024_11_12_T23:04:44 -  clearRentalMarket started
2024_11_12_T23:04:44 -  clearRentalMarket - first block took 0.01476597785949707
2024_11_12_T23:04:44 -  clearRentalMarket - second block took 0.01003885269165039
2024_11_12_T23:04:44 -  Pushed house into housesBuiltPerRegion (location,size) = (Amadora, LessThan125)
2024_11_12_T23:04:44 -  Pushed house into housesBuiltPerRegion (location,size) = (Seixal, LessThan125)
2024_11_12_T23:04:44 -  Pushed house into housesBuiltPerRegion (location,size) = (Setubal, LessThan125)
2024_11_12_T23:04:44 -  Model step took 0.11677312850952148 seconds
2024_11_12_T23:04:44 -  Metrics: sum_wealth took 3.719329833984375e-5
2024_11_12_T23:04:44 -  Metrics: wealth_distribution took 0.0005311965942382812
2024_11_12_T23:04:44 -  Metrics: money_distribution took 0.00040411949157714844
2024_11_12_T23:04:44 -  Metrics: size_distribution took 0.0003459453582763672
2024_11_12_T23:04:44 -  Metrics: age_distribution took 0.0004990100860595703
2024_11_12_T23:04:47 -  Model step started
2024_11_12_T23:04:47 -  clearHangingSupplies started
2024_11_12_T23:04:47 -  clearHangingSupplies took 0.000270843505859375
2024_11_12_T23:04:47 -  clearHangingRentalSupplies started
2024_11_12_T23:04:47 -  clearHangingRentalSupplies took 0.000164031982421875
2024_11_12_T23:04:47 -  clearHouseMarket started
2024_11_12_T23:04:47 -  clearHouseMarket - first block took 0.031394004821777344
2024_11_12_T23:04:47 -  clearHouseMarket - second block took 0.0019609928131103516
2024_11_12_T23:04:47 -  clearHouseMarket - third block took 0.00010991096496582031
2024_11_12_T23:04:47 -  clearRentalMarket started
2024_11_12_T23:04:47 -  clearRentalMarket - first block took 0.009315967559814453
2024_11_12_T23:04:47 -  clearRentalMarket - second block took 9.894371032714844e-5
2024_11_12_T23:04:47 -  Pushed house into housesBuiltPerRegion (location,size) = (Lisboa, LessThan75)
2024_11_12_T23:04:47 -  Pushed house into housesBuiltPerRegion (location,size) = (VilaFrancaDeXira, LessThan50)
2024_11_12_T23:04:47 -  Pushed house into housesBuiltPerRegion (location,size) = (Alcochete, More)
2024_11_12_T23:04:47 -  Pushed house into housesBuiltPerRegion (location,size) = (Almada, LessThan50)
2024_11_12_T23:04:47 -  Pushed house into housesBuiltPerRegion (location,size) = (Palmela, More)
2024_11_12_T23:04:47 -  Pushed house into housesBuiltPerRegion (location,size) = (Seixal, LessThan75)
2024_11_12_T23:04:47 -  Pushed house into housesBuiltPerRegion (location,size) = (Seixal, LessThan125)
2024_11_12_T23:04:47 -  Model step took 0.06804203987121582 seconds
2024_11_12_T23:04:47 -  Metrics: sum_wealth took 6.389617919921875e-5
2024_11_12_T23:04:47 -  Metrics: wealth_distribution took 0.0003418922424316406
2024_11_12_T23:04:47 -  Metrics: money_distribution took 0.000392913818359375
2024_11_12_T23:04:47 -  Metrics: size_distribution took 0.0002899169921875
2024_11_12_T23:04:47 -  Metrics: age_distribution took 0.0007700920104980469
2024_11_12_T23:04:53 -  Model step started
2024_11_12_T23:04:53 -  clearHangingSupplies started
2024_11_12_T23:04:53 -  clearHangingSupplies took 0.0001590251922607422
2024_11_12_T23:04:53 -  clearHangingRentalSupplies started
2024_11_12_T23:04:53 -  clearHangingRentalSupplies took 9.489059448242188e-5
2024_11_12_T23:04:53 -  clearHouseMarket started
2024_11_12_T23:04:53 -  clearHouseMarket - first block took 0.03250908851623535
2024_11_12_T23:04:53 -  clearHouseMarket - second block took 0.0011870861053466797
2024_11_12_T23:04:53 -  clearHouseMarket - third block took 0.0001270771026611328
2024_11_12_T23:04:53 -  clearRentalMarket started
2024_11_12_T23:04:53 -  clearRentalMarket - first block took 0.014460086822509766
2024_11_12_T23:04:53 -  clearRentalMarket - second block took 0.00014495849609375
2024_11_12_T23:04:53 -  Pushed house into housesBuiltPerRegion (location,size) = (Lisboa, LessThan50)
2024_11_12_T23:04:53 -  Model step took 0.11081886291503906 seconds
2024_11_12_T23:04:53 -  Metrics: sum_wealth took 5.3882598876953125e-5
2024_11_12_T23:04:53 -  Metrics: wealth_distribution took 0.000453948974609375
2024_11_12_T23:04:53 -  Metrics: money_distribution took 0.0004520416259765625
2024_11_12_T23:04:53 -  Metrics: size_distribution took 0.0003609657287597656
2024_11_12_T23:04:53 -  Metrics: age_distribution took 0.00586700439453125
2024_11_12_T23:04:59 -  Model step started
2024_11_12_T23:04:59 -  clearHangingSupplies started
2024_11_12_T23:04:59 -  clearHangingSupplies took 0.00012803077697753906
2024_11_12_T23:04:59 -  clearHangingRentalSupplies started
2024_11_12_T23:04:59 -  clearHangingRentalSupplies took 0.00011706352233886719
2024_11_12_T23:04:59 -  clearHouseMarket started
2024_11_12_T23:04:59 -  clearHouseMarket - first block took 0.024723052978515625
2024_11_12_T23:04:59 -  clearHouseMarket - second block took 0.0020589828491210938
2024_11_12_T23:04:59 -  clearHouseMarket - third block took 0.00011801719665527344
2024_11_12_T23:04:59 -  clearRentalMarket started
2024_11_12_T23:04:59 -  clearRentalMarket - first block took 0.013546943664550781
2024_11_12_T23:04:59 -  clearRentalMarket - second block took 0.00010085105895996094
2024_11_12_T23:04:59 -  Pushed house into housesBuiltPerRegion (location,size) = (Mafra, More)
2024_11_12_T23:04:59 -  Pushed house into housesBuiltPerRegion (location,size) = (Oeiras, More)
2024_11_12_T23:04:59 -  Pushed house into housesBuiltPerRegion (location,size) = (Alcochete, LessThan50)
2024_11_12_T23:04:59 -  Pushed house into housesBuiltPerRegion (location,size) = (Montijo, LessThan50)
2024_11_12_T23:04:59 -  Model step took 0.07079601287841797 seconds
2024_11_12_T23:04:59 -  Metrics: sum_wealth took 4.00543212890625e-5
2024_11_12_T23:04:59 -  Metrics: wealth_distribution took 0.0003838539123535156
2024_11_12_T23:04:59 -  Metrics: money_distribution took 0.00038313865661621094
2024_11_12_T23:04:59 -  Metrics: size_distribution took 0.0003070831298828125
2024_11_12_T23:04:59 -  Metrics: age_distribution took 0.0003180503845214844
2024_11_12_T23:05:03 -  Model step started
2024_11_12_T23:05:03 -  clearHangingSupplies started
2024_11_12_T23:05:03 -  clearHangingSupplies took 0.00012302398681640625
2024_11_12_T23:05:03 -  clearHangingRentalSupplies started
2024_11_12_T23:05:03 -  clearHangingRentalSupplies took 6.29425048828125e-5
2024_11_12_T23:05:03 -  clearHouseMarket started
2024_11_12_T23:05:03 -  clearHouseMarket - first block took 0.09373903274536133
2024_11_12_T23:05:03 -  clearHouseMarket - second block took 0.003482818603515625
2024_11_12_T23:05:03 -  clearHouseMarket - third block took 0.000125885009765625
2024_11_12_T23:05:03 -  clearRentalMarket started
2024_11_12_T23:05:03 -  clearRentalMarket - first block took 0.030013084411621094
2024_11_12_T23:05:03 -  clearRentalMarket - second block took 0.0001590251922607422
2024_11_12_T23:05:03 -  Pushed house into housesBuiltPerRegion (location,size) = (Lisboa, LessThan125)
2024_11_12_T23:05:03 -  Pushed house into housesBuiltPerRegion (location,size) = (Mafra, LessThan125)
2024_11_12_T23:05:03 -  Pushed house into housesBuiltPerRegion (location,size) = (Sintra, More)
2024_11_12_T23:05:03 -  Pushed house into housesBuiltPerRegion (location,size) = (Seixal, More)
2024_11_12_T23:05:03 -  Model step took 0.20947813987731934 seconds
2024_11_12_T23:05:03 -  Metrics: sum_wealth took 4.38690185546875e-5
2024_11_12_T23:05:03 -  Metrics: wealth_distribution took 0.00041794776916503906
2024_11_12_T23:05:03 -  Metrics: money_distribution took 0.00045800209045410156
2024_11_12_T23:05:03 -  Metrics: size_distribution took 0.00035119056701660156
2024_11_12_T23:05:03 -  Metrics: age_distribution took 0.0003781318664550781
2024_11_12_T23:05:09 -  Model step started
2024_11_12_T23:05:09 -  clearHangingSupplies started
2024_11_12_T23:05:09 -  clearHangingSupplies took 0.00013589859008789062
2024_11_12_T23:05:09 -  clearHangingRentalSupplies started
2024_11_12_T23:05:09 -  clearHangingRentalSupplies took 6.103515625e-5
2024_11_12_T23:05:09 -  clearHouseMarket started
2024_11_12_T23:05:09 -  clearHouseMarket - first block took 0.027559995651245117
2024_11_12_T23:05:09 -  clearHouseMarket - second block took 0.00140380859375
2024_11_12_T23:05:09 -  clearHouseMarket - third block took 0.00012803077697753906
2024_11_12_T23:05:09 -  clearRentalMarket started
2024_11_12_T23:05:09 -  clearRentalMarket - first block took 0.012480020523071289
2024_11_12_T23:05:09 -  clearRentalMarket - second block took 9.703636169433594e-5
2024_11_12_T23:05:09 -  Pushed house into housesBuiltPerRegion (location,size) = (Odivelas, LessThan125)
2024_11_12_T23:05:09 -  Model step took 0.06564617156982422 seconds
2024_11_12_T23:05:09 -  Metrics: sum_wealth took 0.0001308917999267578
2024_11_12_T23:05:09 -  Metrics: wealth_distribution took 0.00040912628173828125
2024_11_12_T23:05:09 -  Metrics: money_distribution took 0.00042891502380371094
2024_11_12_T23:05:09 -  Metrics: size_distribution took 0.00033020973205566406
2024_11_12_T23:05:09 -  Metrics: age_distribution took 0.0003418922424316406
2024_11_12_T23:05:13 -  Model step started
2024_11_12_T23:05:13 -  clearHangingSupplies started
2024_11_12_T23:05:13 -  clearHangingSupplies took 0.00013208389282226562
2024_11_12_T23:05:13 -  clearHangingRentalSupplies started
2024_11_12_T23:05:13 -  clearHangingRentalSupplies took 9.512901306152344e-5
2024_11_12_T23:05:13 -  clearHouseMarket started
2024_11_12_T23:05:13 -  clearHouseMarket - first block took 0.05881810188293457
2024_11_12_T23:05:13 -  clearHouseMarket - second block took 0.011757135391235352
2024_11_12_T23:05:13 -  clearHouseMarket - third block took 0.0001499652862548828
2024_11_12_T23:05:13 -  clearRentalMarket started
2024_11_12_T23:05:13 -  clearRentalMarket - first block took 0.022378921508789062
2024_11_12_T23:05:13 -  clearRentalMarket - second block took 0.00014591217041015625
2024_11_12_T23:05:13 -  Model step took 0.13958001136779785 seconds
2024_11_12_T23:05:13 -  Metrics: sum_wealth took 5.2928924560546875e-5
2024_11_12_T23:05:13 -  Metrics: wealth_distribution took 0.0005068778991699219
2024_11_12_T23:05:13 -  Metrics: money_distribution took 0.0006060600280761719
2024_11_12_T23:05:13 -  Metrics: size_distribution took 0.0031659603118896484
2024_11_12_T23:05:13 -  Metrics: age_distribution took 0.00046515464782714844
2024_11_12_T23:05:17 -  Model step started
2024_11_12_T23:05:17 -  clearHangingSupplies started
2024_11_12_T23:05:17 -  clearHangingSupplies took 0.00014019012451171875
2024_11_12_T23:05:17 -  clearHangingRentalSupplies started
2024_11_12_T23:05:17 -  clearHangingRentalSupplies took 7.796287536621094e-5
2024_11_12_T23:05:17 -  clearHouseMarket started
2024_11_12_T23:05:17 -  clearHouseMarket - first block took 0.028807878494262695
2024_11_12_T23:05:17 -  clearHouseMarket - second block took 0.002786874771118164
2024_11_12_T23:05:17 -  clearHouseMarket - third block took 0.00011992454528808594
2024_11_12_T23:05:17 -  clearRentalMarket started
2024_11_12_T23:05:17 -  clearRentalMarket - first block took 0.013594865798950195
2024_11_12_T23:05:17 -  clearRentalMarket - second block took 0.0002129077911376953
2024_11_12_T23:05:17 -  Pushed house into housesBuiltPerRegion (location,size) = (Amadora, LessThan50)
2024_11_12_T23:05:17 -  Pushed house into housesBuiltPerRegion (location,size) = (Cascais, More)
2024_11_12_T23:05:17 -  Pushed house into housesBuiltPerRegion (location,size) = (Lisboa, More)
2024_11_12_T23:05:17 -  Pushed house into housesBuiltPerRegion (location,size) = (Seixal, LessThan75)
2024_11_12_T23:05:17 -  Model step took 0.07616591453552246 seconds
2024_11_12_T23:05:17 -  Metrics: sum_wealth took 4.291534423828125e-5
2024_11_12_T23:05:17 -  Metrics: wealth_distribution took 0.0004601478576660156
2024_11_12_T23:05:17 -  Metrics: money_distribution took 0.00043201446533203125
2024_11_12_T23:05:17 -  Metrics: size_distribution took 0.0003230571746826172
2024_11_12_T23:05:17 -  Metrics: age_distribution took 0.0003809928894042969
2024_11_12_T23:05:22 -  Model step started
2024_11_12_T23:05:22 -  clearHangingSupplies started
2024_11_12_T23:05:22 -  clearHangingSupplies took 0.00015997886657714844
2024_11_12_T23:05:22 -  clearHangingRentalSupplies started
2024_11_12_T23:05:22 -  clearHangingRentalSupplies took 7.200241088867188e-5
2024_11_12_T23:05:22 -  clearHouseMarket started
2024_11_12_T23:05:22 -  clearHouseMarket - first block took 0.0328519344329834
2024_11_12_T23:05:22 -  clearHouseMarket - second block took 0.001756906509399414
2024_11_12_T23:05:22 -  clearHouseMarket - third block took 0.00017404556274414062
2024_11_12_T23:05:22 -  clearRentalMarket started
2024_11_12_T23:05:22 -  clearRentalMarket - first block took 0.021391868591308594
2024_11_12_T23:05:22 -  clearRentalMarket - second block took 0.00013709068298339844
2024_11_12_T23:05:22 -  Pushed house into housesBuiltPerRegion (location,size) = (Lisboa, More)
2024_11_12_T23:05:22 -  Model step took 0.1838829517364502 seconds
2024_11_12_T23:05:22 -  Metrics: sum_wealth took 4.1961669921875e-5
2024_11_12_T23:05:22 -  Metrics: wealth_distribution took 0.000431060791015625
2024_11_12_T23:05:22 -  Metrics: money_distribution took 0.000453948974609375
2024_11_12_T23:05:22 -  Metrics: size_distribution took 0.0003631114959716797
2024_11_12_T23:05:22 -  Metrics: age_distribution took 0.0003590583801269531
