2024_11_13_T23:26:28 -  finished initateHouses in 0.9043679237365723 seconds
2024_11_13_T23:26:28 -  finished initiateHouseholds in 1.1352260112762451 seconds
2024_11_13_T23:26:29 -  All houses for rental were assigned in Lisboa
2024_11_13_T23:26:29 -  All houses for rental were assigned in Lisboa
2024_11_13_T23:26:29 -  All houses for rental were assigned in Lisboa
2024_11_13_T23:26:29 -  All houses for rental were assigned in Lisboa
2024_11_13_T23:26:29 -  All houses for rental were assigned in Lisboa
2024_11_13_T23:26:29 -  All houses for rental were assigned in Lisboa
2024_11_13_T23:26:29 -  All houses for rental were assigned in Lisboa
2024_11_13_T23:26:29 -  All houses for rental were assigned in Lisboa
2024_11_13_T23:26:29 -  All houses for rental were assigned in Lisboa
2024_11_13_T23:26:29 -  All houses for rental were assigned in Lisboa
2024_11_13_T23:26:29 -  All houses for rental were assigned in Lisboa
2024_11_13_T23:26:29 -  All houses for rental were assigned in Lisboa
2024_11_13_T23:26:29 -  All houses for rental were assigned in Lisboa
2024_11_13_T23:26:29 -  All houses for rental were assigned in Lisboa
2024_11_13_T23:26:29 -  All houses for rental were assigned in Lisboa
2024_11_13_T23:26:29 -  All houses for rental were assigned in Lisboa
2024_11_13_T23:26:29 -  All houses for rental were assigned in Lisboa
2024_11_13_T23:26:29 -  All houses for rental were assigned in Lisboa
2024_11_13_T23:26:29 -  All houses for rental were assigned in Lisboa
2024_11_13_T23:26:29 -  All houses for rental were assigned in Lisboa
2024_11_13_T23:26:29 -  All houses for rental were assigned in Lisboa
2024_11_13_T23:26:29 -  All houses for rental were assigned in Lisboa
2024_11_13_T23:26:29 -  All houses for rental were assigned in Lisboa
2024_11_13_T23:26:29 -  All houses for rental were assigned in Lisboa
2024_11_13_T23:26:29 -  All houses for rental were assigned in Lisboa
2024_11_13_T23:26:29 -  All houses for rental were assigned in Lisboa
2024_11_13_T23:26:29 -  All houses for rental were assigned in Lisboa
2024_11_13_T23:26:29 -  All houses for rental were assigned in Lisboa
2024_11_13_T23:26:29 -  All houses for rental were assigned in Lisboa
2024_11_13_T23:26:29 -  All houses for rental were assigned in Lisboa
2024_11_13_T23:26:29 -  All houses for rental were assigned in Lisboa
2024_11_13_T23:26:29 -  All houses for rental were assigned in Lisboa
2024_11_13_T23:26:29 -  All houses for rental were assigned in Lisboa
2024_11_13_T23:26:29 -  All houses for rental were assigned in Lisboa
2024_11_13_T23:26:29 -  All houses for rental were assigned in Lisboa
2024_11_13_T23:26:29 -  All houses for rental were assigned in Lisboa
2024_11_13_T23:26:29 -  All houses for rental were assigned in Lisboa
2024_11_13_T23:26:29 -  All houses for rental were assigned in Lisboa
2024_11_13_T23:26:29 -  All houses for rental were assigned in Lisboa
2024_11_13_T23:26:29 -  All houses for rental were assigned in Lisboa
2024_11_13_T23:26:29 -  All houses for rental were assigned in Lisboa
2024_11_13_T23:26:29 -  All houses for rental were assigned in Lisboa
2024_11_13_T23:26:29 -  All houses for rental were assigned in Lisboa
2024_11_13_T23:26:29 -  All houses for rental were assigned in Lisboa
2024_11_13_T23:26:29 -  All houses for rental were assigned in Lisboa
2024_11_13_T23:26:29 -  All houses for rental were assigned in Lisboa
2024_11_13_T23:26:29 -  All houses for rental were assigned in Lisboa
2024_11_13_T23:26:29 -  All houses for rental were assigned in Lisboa
2024_11_13_T23:26:29 -  All houses for rental were assigned in Lisboa
2024_11_13_T23:26:29 -  All houses for rental were assigned in Lisboa
2024_11_13_T23:26:29 -  All houses for rental were assigned in Lisboa
2024_11_13_T23:26:29 -  All houses for rental were assigned in Lisboa
2024_11_13_T23:26:29 -  All houses for rental were assigned in Lisboa
2024_11_13_T23:26:29 -  All houses for rental were assigned in Lisboa
2024_11_13_T23:26:29 -  All houses for rental were assigned in Lisboa
2024_11_13_T23:26:29 -  All houses for rental were assigned in Lisboa
2024_11_13_T23:26:29 -  All houses for rental were assigned in Lisboa
2024_11_13_T23:26:29 -  All houses for rental were assigned in Lisboa
2024_11_13_T23:26:29 -  All houses for rental were assigned in Lisboa
2024_11_13_T23:26:29 -  All houses for rental were assigned in Lisboa
2024_11_13_T23:26:29 -  All houses for rental were assigned in Lisboa
2024_11_13_T23:26:29 -  All houses for rental were assigned in Lisboa
2024_11_13_T23:26:29 -  All houses for rental were assigned in Lisboa
2024_11_13_T23:26:29 -  All houses for rental were assigned in Lisboa
2024_11_13_T23:26:29 -  All houses for rental were assigned in Lisboa
2024_11_13_T23:26:29 -  All houses for rental were assigned in Lisboa
2024_11_13_T23:26:29 -  All houses for rental were assigned in Lisboa
2024_11_13_T23:26:29 -  All houses for rental were assigned in Lisboa
2024_11_13_T23:26:29 -  All houses for rental were assigned in Lisboa
2024_11_13_T23:26:29 -  All houses for rental were assigned in Lisboa
2024_11_13_T23:26:29 -  All houses for rental were assigned in Lisboa
2024_11_13_T23:26:29 -  All houses for rental were assigned in Lisboa
2024_11_13_T23:26:29 -  All houses for rental were assigned in Lisboa
2024_11_13_T23:26:29 -  All houses for rental were assigned in Lisboa
2024_11_13_T23:26:29 -  All houses for rental were assigned in Lisboa
2024_11_13_T23:26:29 -  All houses for rental were assigned in Lisboa
2024_11_13_T23:26:29 -  All houses for rental were assigned in Lisboa
2024_11_13_T23:26:29 -  All houses for rental were assigned in Lisboa
2024_11_13_T23:26:29 -  All houses for rental were assigned in Lisboa
2024_11_13_T23:26:29 -  All houses for rental were assigned in Lisboa
2024_11_13_T23:26:29 -  All houses for rental were assigned in Lisboa
2024_11_13_T23:26:29 -  All houses for rental were assigned in Lisboa
2024_11_13_T23:26:29 -  All houses for rental were assigned in Lisboa
2024_11_13_T23:26:29 -  All houses for rental were assigned in Lisboa
2024_11_13_T23:26:29 -  All houses for rental were assigned in Lisboa
2024_11_13_T23:26:29 -  All houses for rental were assigned in Lisboa
2024_11_13_T23:26:29 -  All houses for rental were assigned in Lisboa
2024_11_13_T23:26:29 -  All houses for rental were assigned in Lisboa
2024_11_13_T23:26:29 -  All houses for rental were assigned in Lisboa
2024_11_13_T23:26:29 -  All houses for rental were assigned in Lisboa
2024_11_13_T23:26:29 -  All houses for rental were assigned in Lisboa
2024_11_13_T23:26:29 -  All houses for rental were assigned in Lisboa
2024_11_13_T23:26:29 -  All houses for rental were assigned in Lisboa
2024_11_13_T23:26:29 -  All houses for rental were assigned in Lisboa
2024_11_13_T23:26:29 -  All houses for rental were assigned in Lisboa
2024_11_13_T23:26:29 -  All houses for rental were assigned in Lisboa
2024_11_13_T23:26:29 -  All houses for rental were assigned in Lisboa
2024_11_13_T23:26:29 -  All houses for rental were assigned in Lisboa
2024_11_13_T23:26:29 -  All houses for rental were assigned in Lisboa
2024_11_13_T23:26:29 -  All houses for rental were assigned in Lisboa
2024_11_13_T23:26:29 -  All houses for rental were assigned in Lisboa
2024_11_13_T23:26:29 -  All houses for rental were assigned in Lisboa
2024_11_13_T23:26:29 -  All houses for rental were assigned in Lisboa
2024_11_13_T23:26:29 -  All houses for rental were assigned in Lisboa
2024_11_13_T23:26:29 -  All houses for rental were assigned in Lisboa
2024_11_13_T23:26:29 -  All houses for rental were assigned in Lisboa
2024_11_13_T23:26:29 -  All houses for rental were assigned in Lisboa
2024_11_13_T23:26:29 -  All houses for rental were assigned in Lisboa
2024_11_13_T23:26:29 -  All houses for rental were assigned in Lisboa
2024_11_13_T23:26:29 -  All houses for rental were assigned in Lisboa
2024_11_13_T23:26:29 -  All houses for rental were assigned in Lisboa
2024_11_13_T23:26:29 -  All houses for rental were assigned in Lisboa
2024_11_13_T23:26:29 -  All houses for rental were assigned in Lisboa
2024_11_13_T23:26:29 -  All houses for rental were assigned in Lisboa
2024_11_13_T23:26:29 -  All houses for rental were assigned in Lisboa
2024_11_13_T23:26:29 -  All houses for rental were assigned in Lisboa
2024_11_13_T23:26:29 -  All houses for rental were assigned in Lisboa
2024_11_13_T23:26:29 -  All houses for rental were assigned in Lisboa
2024_11_13_T23:26:29 -  All houses for rental were assigned in Lisboa
2024_11_13_T23:26:29 -  All houses for rental were assigned in Lisboa
2024_11_13_T23:26:29 -  All houses for rental were assigned in Lisboa
2024_11_13_T23:26:29 -  All houses for rental were assigned in Lisboa
2024_11_13_T23:26:29 -  All houses for rental were assigned in Lisboa
2024_11_13_T23:26:29 -  All houses for rental were assigned in Lisboa
2024_11_13_T23:26:29 -  All houses for rental were assigned in Lisboa
2024_11_13_T23:26:29 -  All houses for rental were assigned in Lisboa
2024_11_13_T23:26:29 -  All houses for rental were assigned in Lisboa
2024_11_13_T23:26:29 -  All houses for rental were assigned in Lisboa
2024_11_13_T23:26:29 -  All houses for rental were assigned in Lisboa
2024_11_13_T23:26:29 -  All houses for rental were assigned in Lisboa
2024_11_13_T23:26:29 -  All houses for rental were assigned in Lisboa
2024_11_13_T23:26:29 -  All houses for rental were assigned in Lisboa
2024_11_13_T23:26:29 -  All houses for rental were assigned in Lisboa
2024_11_13_T23:26:29 -  All houses for rental were assigned in Lisboa
2024_11_13_T23:26:29 -  All houses for rental were assigned in Lisboa
2024_11_13_T23:26:29 -  All houses for rental were assigned in Lisboa
2024_11_13_T23:26:29 -  All houses for rental were assigned in Lisboa
2024_11_13_T23:26:29 -  All houses for rental were assigned in Lisboa
2024_11_13_T23:26:29 -  All houses for rental were assigned in Lisboa
2024_11_13_T23:26:29 -  All houses for rental were assigned in Lisboa
2024_11_13_T23:26:29 -  All houses for rental were assigned in Lisboa
2024_11_13_T23:26:29 -  All houses for rental were assigned in Lisboa
2024_11_13_T23:26:29 -  All houses for rental were assigned in Lisboa
2024_11_13_T23:26:29 -  All houses for rental were assigned in Lisboa
2024_11_13_T23:26:29 -  All houses for rental were assigned in Lisboa
2024_11_13_T23:26:29 -  All houses for rental were assigned in Lisboa
2024_11_13_T23:26:29 -  All houses for rental were assigned in Lisboa
2024_11_13_T23:26:29 -  All houses for rental were assigned in Lisboa
2024_11_13_T23:26:29 -  All houses for rental were assigned in Lisboa
2024_11_13_T23:26:29 -  All houses for rental were assigned in Lisboa
2024_11_13_T23:26:29 -  All houses for rental were assigned in Lisboa
2024_11_13_T23:26:29 -  All houses for rental were assigned in Lisboa
2024_11_13_T23:26:29 -  All houses for rental were assigned in Lisboa
2024_11_13_T23:26:29 -  All houses for rental were assigned in Lisboa
2024_11_13_T23:26:29 -  All houses for rental were assigned in Lisboa
2024_11_13_T23:26:29 -  All houses for rental were assigned in Lisboa
2024_11_13_T23:26:29 -  All houses for rental were assigned in Lisboa
2024_11_13_T23:26:29 -  All houses for rental were assigned in Lisboa
2024_11_13_T23:26:29 -  All houses for rental were assigned in Lisboa
2024_11_13_T23:26:29 -  All houses for rental were assigned in Lisboa
2024_11_13_T23:26:29 -  All houses for rental were assigned in Lisboa
2024_11_13_T23:26:29 -  All houses for rental were assigned in Lisboa
2024_11_13_T23:26:29 -  All houses for rental were assigned in Lisboa
2024_11_13_T23:26:29 -  All houses for rental were assigned in Lisboa
2024_11_13_T23:26:29 -  All houses for rental were assigned in Lisboa
2024_11_13_T23:26:29 -  All houses for rental were assigned in Lisboa
2024_11_13_T23:26:29 -  All houses for rental were assigned in Lisboa
2024_11_13_T23:26:29 -  All houses for rental were assigned in Lisboa
2024_11_13_T23:26:29 -  All houses for rental were assigned in Lisboa
2024_11_13_T23:26:29 -  All houses for rental were assigned in Lisboa
2024_11_13_T23:26:29 -  All houses for rental were assigned in Lisboa
2024_11_13_T23:26:29 -  All houses for rental were assigned in Lisboa
2024_11_13_T23:26:29 -  All houses for rental were assigned in Lisboa
2024_11_13_T23:26:29 -  All houses for rental were assigned in Lisboa
2024_11_13_T23:26:29 -  All houses for rental were assigned in Lisboa
2024_11_13_T23:26:29 -  All houses for rental were assigned in Lisboa
2024_11_13_T23:26:29 -  All houses for rental were assigned in Lisboa
2024_11_13_T23:26:29 -  All houses for rental were assigned in Lisboa
2024_11_13_T23:26:29 -  All houses for rental were assigned in Lisboa
2024_11_13_T23:26:29 -  All houses for rental were assigned in Lisboa
2024_11_13_T23:26:29 -  All houses for rental were assigned in Lisboa
2024_11_13_T23:26:29 -  All houses for rental were assigned in Lisboa
2024_11_13_T23:26:29 -  All houses for rental were assigned in Lisboa
2024_11_13_T23:26:29 -  All houses for rental were assigned in Lisboa
2024_11_13_T23:26:29 -  All houses for rental were assigned in Lisboa
2024_11_13_T23:26:29 -  All houses for rental were assigned in Lisboa
2024_11_13_T23:26:29 -  All houses for rental were assigned in Lisboa
2024_11_13_T23:26:29 -  All houses for rental were assigned in Lisboa
2024_11_13_T23:26:29 -  All houses for rental were assigned in Lisboa
2024_11_13_T23:26:29 -  All houses for rental were assigned in Lisboa
2024_11_13_T23:26:29 -  All houses for rental were assigned in Lisboa
2024_11_13_T23:26:29 -  All houses for rental were assigned in Lisboa
2024_11_13_T23:26:29 -  All houses for rental were assigned in Lisboa
2024_11_13_T23:26:29 -  All houses for rental were assigned in Lisboa
2024_11_13_T23:26:29 -  All houses for rental were assigned in Lisboa
2024_11_13_T23:26:29 -  All houses for rental were assigned in Lisboa
2024_11_13_T23:26:29 -  All houses for rental were assigned in Lisboa
2024_11_13_T23:26:29 -  All houses for rental were assigned in Lisboa
2024_11_13_T23:26:29 -  All houses for rental were assigned in Lisboa
2024_11_13_T23:26:29 -  All houses for rental were assigned in Lisboa
2024_11_13_T23:26:29 -  All houses for rental were assigned in Lisboa
2024_11_13_T23:26:29 -  finished assignHousesToHouseholds in 1.592106819152832 seconds
2024_11_13_T23:26:33 -  Metrics: sum_wealth took 1.9073486328125e-6
2024_11_13_T23:26:34 -  Metrics: wealth_distribution took 5.0067901611328125e-6
2024_11_13_T23:26:35 -  Metrics: money_distribution took 5.0067901611328125e-6
2024_11_13_T23:26:35 -  Metrics: size_distribution took 5.0067901611328125e-6
2024_11_13_T23:26:35 -  Metrics: age_distribution took 3.1948089599609375e-5
2024_11_13_T23:26:37 -  Metrics: sum_wealth took 4.792213439941406e-5
2024_11_13_T23:26:37 -  Metrics: wealth_distribution took 0.013978958129882812
2024_11_13_T23:26:37 -  Metrics: money_distribution took 0.00036978721618652344
2024_11_13_T23:26:38 -  Metrics: size_distribution took 0.009777069091796875
2024_11_13_T23:26:38 -  Metrics: age_distribution took 0.00032806396484375
2024_11_13_T23:26:40 -  Model step started
2024_11_13_T23:26:40 -  clearHangingSupplies started
2024_11_13_T23:26:40 -  clearHangingSupplies took 0.004776954650878906
2024_11_13_T23:26:40 -  clearHangingRentalSupplies started
2024_11_13_T23:26:40 -  clearHangingRentalSupplies took 0.019839048385620117
2024_11_13_T23:26:41 -  clearHouseMarket started
2024_11_13_T23:26:41 -  clearHouseMarket - first block took 0.35248517990112305
2024_11_13_T23:26:41 -  clearHouseMarket - second block took 0.3448159694671631
2024_11_13_T23:26:41 -  clearHouseMarket - third block took 0.01361989974975586
2024_11_13_T23:26:41 -  clearRentalMarket started
2024_11_13_T23:26:42 -  clearRentalMarket - first block took 0.22174906730651855
2024_11_13_T23:26:42 -  clearRentalMarket - second block took 0.07014918327331543
2024_11_13_T23:26:42 -  Model step took 1.6087629795074463 seconds
2024_11_13_T23:26:42 -  Metrics: sum_wealth took 3.695487976074219e-5
2024_11_13_T23:26:42 -  Metrics: wealth_distribution took 0.0003559589385986328
2024_11_13_T23:26:42 -  Metrics: money_distribution took 0.0003590583801269531
2024_11_13_T23:26:42 -  Metrics: size_distribution took 0.0002739429473876953
2024_11_13_T23:26:42 -  Metrics: age_distribution took 0.0003199577331542969
2024_11_13_T23:26:44 -  Model step started
2024_11_13_T23:26:44 -  clearHangingSupplies started
2024_11_13_T23:26:44 -  clearHangingSupplies took 0.00018596649169921875
2024_11_13_T23:26:44 -  clearHangingRentalSupplies started
2024_11_13_T23:26:44 -  clearHangingRentalSupplies took 3.0040740966796875e-5
2024_11_13_T23:26:44 -  clearHouseMarket started
2024_11_13_T23:26:44 -  clearHouseMarket - first block took 0.07138514518737793
2024_11_13_T23:26:44 -  clearHouseMarket - second block took 0.06980609893798828
2024_11_13_T23:26:44 -  clearHouseMarket - third block took 0.0002281665802001953
2024_11_13_T23:26:44 -  clearRentalMarket started
2024_11_13_T23:26:44 -  clearRentalMarket - first block took 0.005506038665771484
2024_11_13_T23:26:44 -  clearRentalMarket - second block took 0.00013303756713867188
2024_11_13_T23:26:44 -  Pushed house into housesBuiltPerRegion (location,size) = (Lisboa, LessThan50)
2024_11_13_T23:26:44 -  Model step took 0.22318410873413086 seconds
2024_11_13_T23:26:44 -  Metrics: sum_wealth took 6.890296936035156e-5
2024_11_13_T23:26:44 -  Metrics: wealth_distribution took 0.00038886070251464844
2024_11_13_T23:26:44 -  Metrics: money_distribution took 0.0004229545593261719
2024_11_13_T23:26:44 -  Metrics: size_distribution took 0.0003409385681152344
2024_11_13_T23:26:44 -  Metrics: age_distribution took 0.0003540515899658203
2024_11_13_T23:26:46 -  Model step started
2024_11_13_T23:26:46 -  clearHangingSupplies started
2024_11_13_T23:26:46 -  clearHangingSupplies took 7.891654968261719e-5
2024_11_13_T23:26:46 -  clearHangingRentalSupplies started
2024_11_13_T23:26:46 -  clearHangingRentalSupplies took 2.09808349609375e-5
2024_11_13_T23:26:46 -  clearHouseMarket started
2024_11_13_T23:26:46 -  clearHouseMarket - first block took 0.04706883430480957
2024_11_13_T23:26:46 -  clearHouseMarket - second block took 0.002537965774536133
2024_11_13_T23:26:46 -  clearHouseMarket - third block took 0.003912925720214844
2024_11_13_T23:26:46 -  clearRentalMarket started
2024_11_13_T23:26:46 -  clearRentalMarket - first block took 0.0035550594329833984
2024_11_13_T23:26:46 -  clearRentalMarket - second block took 8.606910705566406e-5
2024_11_13_T23:26:46 -  Model step took 0.06300902366638184 seconds
2024_11_13_T23:26:46 -  Metrics: sum_wealth took 3.504753112792969e-5
2024_11_13_T23:26:46 -  Metrics: wealth_distribution took 0.00034499168395996094
2024_11_13_T23:26:46 -  Metrics: money_distribution took 0.0003459453582763672
2024_11_13_T23:26:46 -  Metrics: size_distribution took 0.00026297569274902344
2024_11_13_T23:26:46 -  Metrics: age_distribution took 0.00032901763916015625
2024_11_13_T23:26:49 -  Model step started
2024_11_13_T23:26:49 -  clearHangingSupplies started
2024_11_13_T23:26:49 -  clearHangingSupplies took 7.915496826171875e-5
2024_11_13_T23:26:49 -  clearHangingRentalSupplies started
2024_11_13_T23:26:49 -  clearHangingRentalSupplies took 1.71661376953125e-5
2024_11_13_T23:26:49 -  clearHouseMarket started
2024_11_13_T23:26:49 -  clearHouseMarket - first block took 0.04216504096984863
2024_11_13_T23:26:49 -  clearHouseMarket - second block took 0.0011811256408691406
2024_11_13_T23:26:49 -  clearHouseMarket - third block took 0.0001609325408935547
2024_11_13_T23:26:49 -  clearRentalMarket started
2024_11_13_T23:26:49 -  clearRentalMarket - first block took 0.0030050277709960938
2024_11_13_T23:26:49 -  clearRentalMarket - second block took 6.890296936035156e-5
2024_11_13_T23:26:49 -  Pushed house into housesBuiltPerRegion (location,size) = (Lisboa, LessThan125)
2024_11_13_T23:26:49 -  Model step took 0.05444788932800293 seconds
2024_11_13_T23:26:49 -  Metrics: sum_wealth took 3.2901763916015625e-5
2024_11_13_T23:26:49 -  Metrics: wealth_distribution took 0.0004889965057373047
2024_11_13_T23:26:49 -  Metrics: money_distribution took 0.00043082237243652344
2024_11_13_T23:26:49 -  Metrics: size_distribution took 0.0004031658172607422
2024_11_13_T23:26:49 -  Metrics: age_distribution took 0.00031304359436035156
2024_11_13_T23:26:51 -  Model step started
2024_11_13_T23:26:51 -  clearHangingSupplies started
2024_11_13_T23:26:51 -  clearHangingSupplies took 0.00010991096496582031
2024_11_13_T23:26:51 -  clearHangingRentalSupplies started
2024_11_13_T23:26:51 -  clearHangingRentalSupplies took 1.811981201171875e-5
2024_11_13_T23:26:51 -  clearHouseMarket started
2024_11_13_T23:26:51 -  clearHouseMarket - first block took 0.04185295104980469
2024_11_13_T23:26:51 -  clearHouseMarket - second block took 0.0009410381317138672
2024_11_13_T23:26:51 -  clearHouseMarket - third block took 0.0001327991485595703
2024_11_13_T23:26:51 -  clearRentalMarket started
2024_11_13_T23:26:51 -  clearRentalMarket - first block took 0.0030901432037353516
2024_11_13_T23:26:51 -  clearRentalMarket - second block took 2.6941299438476562e-5
2024_11_13_T23:26:51 -  Model step took 0.053652048110961914 seconds
2024_11_13_T23:26:51 -  Metrics: sum_wealth took 5.698204040527344e-5
2024_11_13_T23:26:51 -  Metrics: wealth_distribution took 0.0004279613494873047
2024_11_13_T23:26:51 -  Metrics: money_distribution took 0.0004291534423828125
2024_11_13_T23:26:51 -  Metrics: size_distribution took 0.0002899169921875
2024_11_13_T23:26:51 -  Metrics: age_distribution took 0.0006890296936035156
2024_11_13_T23:26:53 -  Model step started
2024_11_13_T23:26:53 -  clearHangingSupplies started
2024_11_13_T23:26:53 -  clearHangingSupplies took 6.699562072753906e-5
2024_11_13_T23:26:53 -  clearHangingRentalSupplies started
2024_11_13_T23:26:53 -  clearHangingRentalSupplies took 1.5974044799804688e-5
2024_11_13_T23:26:53 -  clearHouseMarket started
2024_11_13_T23:26:53 -  clearHouseMarket - first block took 0.0464940071105957
2024_11_13_T23:26:53 -  clearHouseMarket - second block took 0.0014579296112060547
2024_11_13_T23:26:53 -  clearHouseMarket - third block took 0.00027489662170410156
2024_11_13_T23:26:53 -  clearRentalMarket started
2024_11_13_T23:26:53 -  clearRentalMarket - first block took 0.004112958908081055
2024_11_13_T23:26:53 -  clearRentalMarket - second block took 3.218650817871094e-5
2024_11_13_T23:26:53 -  Model step took 0.059697866439819336 seconds
2024_11_13_T23:26:53 -  Metrics: sum_wealth took 8.702278137207031e-5
2024_11_13_T23:26:53 -  Metrics: wealth_distribution took 0.0005137920379638672
2024_11_13_T23:26:53 -  Metrics: money_distribution took 0.0004220008850097656
2024_11_13_T23:26:53 -  Metrics: size_distribution took 0.0004138946533203125
2024_11_13_T23:26:53 -  Metrics: age_distribution took 0.00031185150146484375
2024_11_13_T23:26:55 -  Model step started
2024_11_13_T23:26:55 -  clearHangingSupplies started
2024_11_13_T23:26:55 -  clearHangingSupplies took 6.604194641113281e-5
2024_11_13_T23:26:55 -  clearHangingRentalSupplies started
2024_11_13_T23:26:55 -  clearHangingRentalSupplies took 1.5974044799804688e-5
2024_11_13_T23:26:55 -  clearHouseMarket started
2024_11_13_T23:26:55 -  clearHouseMarket - first block took 0.03803300857543945
2024_11_13_T23:26:55 -  clearHouseMarket - second block took 0.0031630992889404297
2024_11_13_T23:26:55 -  clearHouseMarket - third block took 0.0002770423889160156
2024_11_13_T23:26:55 -  clearRentalMarket started
2024_11_13_T23:26:55 -  clearRentalMarket - first block took 0.0032808780670166016
2024_11_13_T23:26:55 -  clearRentalMarket - second block took 6.29425048828125e-5
2024_11_13_T23:26:55 -  Model step took 0.05095100402832031 seconds
2024_11_13_T23:26:55 -  Metrics: sum_wealth took 3.814697265625e-5
2024_11_13_T23:26:55 -  Metrics: wealth_distribution took 0.00039696693420410156
2024_11_13_T23:26:55 -  Metrics: money_distribution took 0.0009219646453857422
2024_11_13_T23:26:55 -  Metrics: size_distribution took 0.0003268718719482422
2024_11_13_T23:26:55 -  Metrics: age_distribution took 0.00039696693420410156
2024_11_13_T23:26:57 -  Model step started
2024_11_13_T23:26:57 -  clearHangingSupplies started
2024_11_13_T23:26:57 -  clearHangingSupplies took 7.414817810058594e-5
2024_11_13_T23:26:57 -  clearHangingRentalSupplies started
2024_11_13_T23:26:57 -  clearHangingRentalSupplies took 1.811981201171875e-5
2024_11_13_T23:26:57 -  clearHouseMarket started
2024_11_13_T23:26:57 -  clearHouseMarket - first block took 0.03467106819152832
2024_11_13_T23:26:57 -  clearHouseMarket - second block took 0.0013148784637451172
2024_11_13_T23:26:57 -  clearHouseMarket - third block took 0.0001468658447265625
2024_11_13_T23:26:57 -  clearRentalMarket started
2024_11_13_T23:26:57 -  clearRentalMarket - first block took 0.002927064895629883
2024_11_13_T23:26:57 -  clearRentalMarket - second block took 7.891654968261719e-5
2024_11_13_T23:26:57 -  Model step took 0.04544186592102051 seconds
2024_11_13_T23:26:57 -  Metrics: sum_wealth took 5.1975250244140625e-5
2024_11_13_T23:26:57 -  Metrics: wealth_distribution took 0.0006060600280761719
2024_11_13_T23:26:57 -  Metrics: money_distribution took 0.00041484832763671875
2024_11_13_T23:26:57 -  Metrics: size_distribution took 0.00030803680419921875
2024_11_13_T23:26:57 -  Metrics: age_distribution took 0.0006279945373535156
2024_11_13_T23:26:59 -  Model step started
2024_11_13_T23:26:59 -  clearHangingSupplies started
2024_11_13_T23:26:59 -  clearHangingSupplies took 6.198883056640625e-5
2024_11_13_T23:26:59 -  clearHangingRentalSupplies started
2024_11_13_T23:26:59 -  clearHangingRentalSupplies took 1.4066696166992188e-5
2024_11_13_T23:26:59 -  clearHouseMarket started
2024_11_13_T23:26:59 -  clearHouseMarket - first block took 0.031748056411743164
2024_11_13_T23:26:59 -  clearHouseMarket - second block took 0.0010800361633300781
2024_11_13_T23:26:59 -  clearHouseMarket - third block took 0.000164031982421875
2024_11_13_T23:26:59 -  clearRentalMarket started
2024_11_13_T23:26:59 -  clearRentalMarket - first block took 0.0024399757385253906
2024_11_13_T23:26:59 -  clearRentalMarket - second block took 1.71661376953125e-5
2024_11_13_T23:26:59 -  Model step took 0.0418548583984375 seconds
2024_11_13_T23:26:59 -  Metrics: sum_wealth took 4.601478576660156e-5
2024_11_13_T23:26:59 -  Metrics: wealth_distribution took 0.0003631114959716797
2024_11_13_T23:26:59 -  Metrics: money_distribution took 0.0004189014434814453
2024_11_13_T23:26:59 -  Metrics: size_distribution took 0.0002930164337158203
2024_11_13_T23:26:59 -  Metrics: age_distribution took 0.0002949237823486328
2024_11_13_T23:27:01 -  Model step started
2024_11_13_T23:27:01 -  clearHangingSupplies started
2024_11_13_T23:27:01 -  clearHangingSupplies took 5.698204040527344e-5
2024_11_13_T23:27:01 -  clearHangingRentalSupplies started
2024_11_13_T23:27:01 -  clearHangingRentalSupplies took 3.0994415283203125e-5
2024_11_13_T23:27:01 -  clearHouseMarket started
2024_11_13_T23:27:01 -  clearHouseMarket - first block took 0.03094196319580078
2024_11_13_T23:27:01 -  clearHouseMarket - second block took 0.0007240772247314453
2024_11_13_T23:27:01 -  clearHouseMarket - third block took 0.00018906593322753906
2024_11_13_T23:27:01 -  clearRentalMarket started
2024_11_13_T23:27:01 -  clearRentalMarket - first block took 0.002953052520751953
2024_11_13_T23:27:01 -  clearRentalMarket - second block took 8.106231689453125e-5
2024_11_13_T23:27:01 -  Model step took 0.04305911064147949 seconds
2024_11_13_T23:27:01 -  Metrics: sum_wealth took 0.0001468658447265625
2024_11_13_T23:27:01 -  Metrics: wealth_distribution took 0.0003380775451660156
2024_11_13_T23:27:01 -  Metrics: money_distribution took 0.0006899833679199219
2024_11_13_T23:27:01 -  Metrics: size_distribution took 0.00036406517028808594
2024_11_13_T23:27:01 -  Metrics: age_distribution took 0.0003509521484375
2024_11_13_T23:27:03 -  Model step started
2024_11_13_T23:27:03 -  clearHangingSupplies started
2024_11_13_T23:27:03 -  clearHangingSupplies took 5.4836273193359375e-5
2024_11_13_T23:27:03 -  clearHangingRentalSupplies started
2024_11_13_T23:27:03 -  clearHangingRentalSupplies took 1.2874603271484375e-5
2024_11_13_T23:27:03 -  clearHouseMarket started
2024_11_13_T23:27:04 -  clearHouseMarket - first block took 0.03418087959289551
2024_11_13_T23:27:04 -  clearHouseMarket - second block took 0.002586841583251953
2024_11_13_T23:27:04 -  clearHouseMarket - third block took 0.0013320446014404297
2024_11_13_T23:27:04 -  clearRentalMarket started
2024_11_13_T23:27:04 -  clearRentalMarket - first block took 0.0026390552520751953
2024_11_13_T23:27:04 -  clearRentalMarket - second block took 4.38690185546875e-5
2024_11_13_T23:27:04 -  Pushed house into housesBuiltPerRegion (location,size) = (Lisboa, LessThan50)
2024_11_13_T23:27:04 -  Pushed house into housesBuiltPerRegion (location,size) = (Lisboa, More)
2024_11_13_T23:27:04 -  Model step took 0.047326087951660156 seconds
2024_11_13_T23:27:04 -  Metrics: sum_wealth took 4.792213439941406e-5
2024_11_13_T23:27:04 -  Metrics: wealth_distribution took 0.00032806396484375
2024_11_13_T23:27:04 -  Metrics: money_distribution took 0.0003330707550048828
2024_11_13_T23:27:04 -  Metrics: size_distribution took 0.0002989768981933594
2024_11_13_T23:27:04 -  Metrics: age_distribution took 0.00028586387634277344
2024_11_13_T23:27:06 -  Model step started
2024_11_13_T23:27:06 -  clearHangingSupplies started
2024_11_13_T23:27:06 -  clearHangingSupplies took 0.011484861373901367
2024_11_13_T23:27:06 -  clearHangingRentalSupplies started
2024_11_13_T23:27:06 -  clearHangingRentalSupplies took 0.00016498565673828125
2024_11_13_T23:27:06 -  clearHouseMarket started
2024_11_13_T23:27:06 -  clearHouseMarket - first block took 0.028818845748901367
2024_11_13_T23:27:06 -  clearHouseMarket - second block took 0.001692056655883789
2024_11_13_T23:27:06 -  clearHouseMarket - third block took 0.00021505355834960938
2024_11_13_T23:27:06 -  clearRentalMarket started
2024_11_13_T23:27:06 -  clearRentalMarket - first block took 0.0021750926971435547
2024_11_13_T23:27:06 -  clearRentalMarket - second block took 1.3828277587890625e-5
2024_11_13_T23:27:06 -  Model step took 0.12964105606079102 seconds
2024_11_13_T23:27:06 -  Metrics: sum_wealth took 5.2928924560546875e-5
2024_11_13_T23:27:06 -  Metrics: wealth_distribution took 0.0005850791931152344
2024_11_13_T23:27:06 -  Metrics: money_distribution took 0.0005688667297363281
2024_11_13_T23:27:06 -  Metrics: size_distribution took 0.0004291534423828125
2024_11_13_T23:27:06 -  Metrics: age_distribution took 0.0008668899536132812
2024_11_13_T23:27:08 -  Model step started
2024_11_13_T23:27:08 -  clearHangingSupplies started
2024_11_13_T23:27:08 -  clearHangingSupplies took 0.00012493133544921875
2024_11_13_T23:27:08 -  clearHangingRentalSupplies started
2024_11_13_T23:27:08 -  clearHangingRentalSupplies took 0.00013899803161621094
2024_11_13_T23:27:08 -  clearHouseMarket started
2024_11_13_T23:27:08 -  clearHouseMarket - first block took 0.03320503234863281
2024_11_13_T23:27:08 -  clearHouseMarket - second block took 0.001909017562866211
2024_11_13_T23:27:08 -  clearHouseMarket - third block took 0.0002448558807373047
2024_11_13_T23:27:08 -  clearRentalMarket started
2024_11_13_T23:27:08 -  clearRentalMarket - first block took 0.002611875534057617
2024_11_13_T23:27:08 -  clearRentalMarket - second block took 5.1975250244140625e-5
2024_11_13_T23:27:08 -  Model step took 0.04333019256591797 seconds
2024_11_13_T23:27:08 -  Metrics: sum_wealth took 2.6941299438476562e-5
2024_11_13_T23:27:08 -  Metrics: wealth_distribution took 0.0003368854522705078
2024_11_13_T23:27:08 -  Metrics: money_distribution took 0.0008399486541748047
2024_11_13_T23:27:08 -  Metrics: size_distribution took 0.0004711151123046875
2024_11_13_T23:27:08 -  Metrics: age_distribution took 0.00041604042053222656
2024_11_13_T23:27:10 -  Model step started
2024_11_13_T23:27:10 -  clearHangingSupplies started
2024_11_13_T23:27:10 -  clearHangingSupplies took 8.320808410644531e-5
2024_11_13_T23:27:10 -  clearHangingRentalSupplies started
2024_11_13_T23:27:10 -  clearHangingRentalSupplies took 0.0005321502685546875
2024_11_13_T23:27:10 -  clearHouseMarket started
2024_11_13_T23:27:10 -  clearHouseMarket - first block took 0.026562929153442383
2024_11_13_T23:27:10 -  clearHouseMarket - second block took 7.700920104980469e-5
2024_11_13_T23:27:10 -  clearHouseMarket - third block took 0.00015091896057128906
2024_11_13_T23:27:10 -  clearRentalMarket started
2024_11_13_T23:27:10 -  clearRentalMarket - first block took 0.001909017562866211
2024_11_13_T23:27:10 -  clearRentalMarket - second block took 1.4066696166992188e-5
2024_11_13_T23:27:10 -  Model step took 0.035140037536621094 seconds
2024_11_13_T23:27:10 -  Metrics: sum_wealth took 3.3855438232421875e-5
2024_11_13_T23:27:10 -  Metrics: wealth_distribution took 0.0004661083221435547
2024_11_13_T23:27:10 -  Metrics: money_distribution took 0.0004010200500488281
2024_11_13_T23:27:10 -  Metrics: size_distribution took 0.00035691261291503906
2024_11_13_T23:27:10 -  Metrics: age_distribution took 0.0005340576171875
2024_11_13_T23:27:13 -  Model step started
2024_11_13_T23:27:13 -  clearHangingSupplies started
2024_11_13_T23:27:13 -  clearHangingSupplies took 6.103515625e-5
2024_11_13_T23:27:13 -  clearHangingRentalSupplies started
2024_11_13_T23:27:13 -  clearHangingRentalSupplies took 1.0967254638671875e-5
2024_11_13_T23:27:13 -  clearHouseMarket started
2024_11_13_T23:27:13 -  clearHouseMarket - first block took 0.03215599060058594
2024_11_13_T23:27:13 -  clearHouseMarket - second block took 0.0023779869079589844
2024_11_13_T23:27:13 -  clearHouseMarket - third block took 0.00024700164794921875
2024_11_13_T23:27:13 -  clearRentalMarket started
2024_11_13_T23:27:13 -  clearRentalMarket - first block took 0.001672983169555664
2024_11_13_T23:27:13 -  clearRentalMarket - second block took 1.0967254638671875e-5
2024_11_13_T23:27:13 -  Model step took 0.04219484329223633 seconds
2024_11_13_T23:27:13 -  Metrics: sum_wealth took 3.504753112792969e-5
2024_11_13_T23:27:13 -  Metrics: wealth_distribution took 0.00033593177795410156
2024_11_13_T23:27:13 -  Metrics: money_distribution took 0.00031685829162597656
2024_11_13_T23:27:13 -  Metrics: size_distribution took 0.0002551078796386719
2024_11_13_T23:27:13 -  Metrics: age_distribution took 0.00028395652770996094
2024_11_13_T23:27:15 -  Model step started
2024_11_13_T23:27:15 -  clearHangingSupplies started
2024_11_13_T23:27:15 -  clearHangingSupplies took 7.104873657226562e-5
2024_11_13_T23:27:15 -  clearHangingRentalSupplies started
2024_11_13_T23:27:15 -  clearHangingRentalSupplies took 1.3113021850585938e-5
2024_11_13_T23:27:15 -  clearHouseMarket started
2024_11_13_T23:27:15 -  clearHouseMarket - first block took 0.028404951095581055
2024_11_13_T23:27:15 -  clearHouseMarket - second block took 0.0022678375244140625
2024_11_13_T23:27:15 -  clearHouseMarket - third block took 0.00022792816162109375
2024_11_13_T23:27:15 -  clearRentalMarket started
2024_11_13_T23:27:15 -  clearRentalMarket - first block took 0.0018339157104492188
2024_11_13_T23:27:15 -  clearRentalMarket - second block took 2.9087066650390625e-5
2024_11_13_T23:27:15 -  Model step took 0.03963208198547363 seconds
2024_11_13_T23:27:15 -  Metrics: sum_wealth took 5.984306335449219e-5
2024_11_13_T23:27:15 -  Metrics: wealth_distribution took 0.0003681182861328125
2024_11_13_T23:27:15 -  Metrics: money_distribution took 0.0004239082336425781
2024_11_13_T23:27:15 -  Metrics: size_distribution took 0.00029587745666503906
2024_11_13_T23:27:15 -  Metrics: age_distribution took 0.00028204917907714844
2024_11_13_T23:27:17 -  Model step started
2024_11_13_T23:27:17 -  clearHangingSupplies started
2024_11_13_T23:27:17 -  clearHangingSupplies took 5.2928924560546875e-5
2024_11_13_T23:27:17 -  clearHangingRentalSupplies started
2024_11_13_T23:27:17 -  clearHangingRentalSupplies took 2.5033950805664062e-5
2024_11_13_T23:27:17 -  clearHouseMarket started
2024_11_13_T23:27:17 -  clearHouseMarket - first block took 0.03066396713256836
2024_11_13_T23:27:17 -  clearHouseMarket - second block took 0.0011799335479736328
2024_11_13_T23:27:17 -  clearHouseMarket - third block took 0.00015687942504882812
2024_11_13_T23:27:17 -  clearRentalMarket started
2024_11_13_T23:27:17 -  clearRentalMarket - first block took 0.0017271041870117188
2024_11_13_T23:27:17 -  clearRentalMarket - second block took 1.3113021850585938e-5
2024_11_13_T23:27:17 -  Pushed house into housesBuiltPerRegion (location,size) = (Lisboa, LessThan125)
2024_11_13_T23:27:17 -  Model step took 0.03961682319641113 seconds
2024_11_13_T23:27:17 -  Metrics: sum_wealth took 3.3855438232421875e-5
2024_11_13_T23:27:17 -  Metrics: wealth_distribution took 0.00033593177795410156
2024_11_13_T23:27:17 -  Metrics: money_distribution took 0.00034689903259277344
2024_11_13_T23:27:17 -  Metrics: size_distribution took 0.00032901763916015625
2024_11_13_T23:27:17 -  Metrics: age_distribution took 0.00031185150146484375
2024_11_13_T23:27:19 -  Model step started
2024_11_13_T23:27:19 -  clearHangingSupplies started
2024_11_13_T23:27:19 -  clearHangingSupplies took 5.4836273193359375e-5
2024_11_13_T23:27:19 -  clearHangingRentalSupplies started
2024_11_13_T23:27:19 -  clearHangingRentalSupplies took 1.1205673217773438e-5
2024_11_13_T23:27:19 -  clearHouseMarket started
2024_11_13_T23:27:19 -  clearHouseMarket - first block took 0.0278170108795166
2024_11_13_T23:27:19 -  clearHouseMarket - second block took 0.003618001937866211
2024_11_13_T23:27:19 -  clearHouseMarket - third block took 0.0002689361572265625
2024_11_13_T23:27:19 -  clearRentalMarket started
2024_11_13_T23:27:19 -  clearRentalMarket - first block took 0.003036975860595703
2024_11_13_T23:27:19 -  clearRentalMarket - second block took 2.5033950805664062e-5
2024_11_13_T23:27:19 -  Model step took 0.04058408737182617 seconds
2024_11_13_T23:27:19 -  Metrics: sum_wealth took 4.410743713378906e-5
2024_11_13_T23:27:19 -  Metrics: wealth_distribution took 0.00034117698669433594
2024_11_13_T23:27:19 -  Metrics: money_distribution took 0.0004398822784423828
2024_11_13_T23:27:19 -  Metrics: size_distribution took 0.00025582313537597656
2024_11_13_T23:27:19 -  Metrics: age_distribution took 0.00033402442932128906
2024_11_13_T23:27:21 -  Model step started
2024_11_13_T23:27:21 -  clearHangingSupplies started
2024_11_13_T23:27:21 -  clearHangingSupplies took 6.413459777832031e-5
2024_11_13_T23:27:21 -  clearHangingRentalSupplies started
2024_11_13_T23:27:21 -  clearHangingRentalSupplies took 1.0967254638671875e-5
2024_11_13_T23:27:21 -  clearHouseMarket started
2024_11_13_T23:27:21 -  clearHouseMarket - first block took 0.029233932495117188
2024_11_13_T23:27:21 -  clearHouseMarket - second block took 0.0018630027770996094
2024_11_13_T23:27:21 -  clearHouseMarket - third block took 0.0001690387725830078
2024_11_13_T23:27:21 -  clearRentalMarket started
2024_11_13_T23:27:21 -  clearRentalMarket - first block took 0.002148866653442383
2024_11_13_T23:27:21 -  clearRentalMarket - second block took 3.910064697265625e-5
2024_11_13_T23:27:21 -  Model step took 0.03895401954650879 seconds
2024_11_13_T23:27:21 -  Metrics: sum_wealth took 0.00036215782165527344
2024_11_13_T23:27:21 -  Metrics: wealth_distribution took 0.0004658699035644531
2024_11_13_T23:27:21 -  Metrics: money_distribution took 0.000370025634765625
2024_11_13_T23:27:21 -  Metrics: size_distribution took 0.0003638267517089844
2024_11_13_T23:27:21 -  Metrics: age_distribution took 0.00031495094299316406
2024_11_13_T23:27:23 -  Model step started
2024_11_13_T23:27:23 -  clearHangingSupplies started
2024_11_13_T23:27:23 -  clearHangingSupplies took 4.982948303222656e-5
2024_11_13_T23:27:23 -  clearHangingRentalSupplies started
2024_11_13_T23:27:23 -  clearHangingRentalSupplies took 2.384185791015625e-5
2024_11_13_T23:27:23 -  clearHouseMarket started
2024_11_13_T23:27:23 -  clearHouseMarket - first block took 0.022524118423461914
2024_11_13_T23:27:23 -  clearHouseMarket - second block took 0.0012919902801513672
2024_11_13_T23:27:23 -  clearHouseMarket - third block took 0.00026106834411621094
2024_11_13_T23:27:23 -  clearRentalMarket started
2024_11_13_T23:27:23 -  clearRentalMarket - first block took 0.0022439956665039062
2024_11_13_T23:27:23 -  clearRentalMarket - second block took 7.295608520507812e-5
2024_11_13_T23:27:23 -  Model step took 0.03256702423095703 seconds
2024_11_13_T23:27:23 -  Metrics: sum_wealth took 6.389617919921875e-5
2024_11_13_T23:27:23 -  Metrics: wealth_distribution took 0.0003941059112548828
2024_11_13_T23:27:23 -  Metrics: money_distribution took 0.00040912628173828125
2024_11_13_T23:27:23 -  Metrics: size_distribution took 0.00033402442932128906
2024_11_13_T23:27:23 -  Metrics: age_distribution took 0.0003790855407714844
2024_11_13_T23:27:25 -  Model step started
2024_11_13_T23:27:25 -  clearHangingSupplies started
2024_11_13_T23:27:25 -  clearHangingSupplies took 6.198883056640625e-5
2024_11_13_T23:27:25 -  clearHangingRentalSupplies started
2024_11_13_T23:27:25 -  clearHangingRentalSupplies took 1.2159347534179688e-5
2024_11_13_T23:27:25 -  clearHouseMarket started
2024_11_13_T23:27:25 -  clearHouseMarket - first block took 0.032418012619018555
2024_11_13_T23:27:25 -  clearHouseMarket - second block took 0.006176948547363281
2024_11_13_T23:27:25 -  clearHouseMarket - third block took 0.0002639293670654297
2024_11_13_T23:27:25 -  clearRentalMarket started
2024_11_13_T23:27:25 -  clearRentalMarket - first block took 0.0019071102142333984
2024_11_13_T23:27:25 -  clearRentalMarket - second block took 2.9087066650390625e-5
2024_11_13_T23:27:25 -  Model step took 0.05099081993103027 seconds
2024_11_13_T23:27:25 -  Metrics: sum_wealth took 5.412101745605469e-5
2024_11_13_T23:27:25 -  Metrics: wealth_distribution took 0.0004589557647705078
2024_11_13_T23:27:25 -  Metrics: money_distribution took 0.0004889965057373047
2024_11_13_T23:27:25 -  Metrics: size_distribution took 0.00029087066650390625
2024_11_13_T23:27:25 -  Metrics: age_distribution took 0.00030684471130371094
2024_11_13_T23:27:27 -  Model step started
2024_11_13_T23:27:28 -  clearHangingSupplies started
2024_11_13_T23:27:28 -  clearHangingSupplies took 5.602836608886719e-5
2024_11_13_T23:27:28 -  clearHangingRentalSupplies started
2024_11_13_T23:27:28 -  clearHangingRentalSupplies took 1.1920928955078125e-5
2024_11_13_T23:27:28 -  clearHouseMarket started
2024_11_13_T23:27:28 -  clearHouseMarket - first block took 0.024219989776611328
2024_11_13_T23:27:28 -  clearHouseMarket - second block took 0.0022449493408203125
2024_11_13_T23:27:28 -  clearHouseMarket - third block took 0.0003230571746826172
2024_11_13_T23:27:28 -  clearRentalMarket started
2024_11_13_T23:27:28 -  clearRentalMarket - first block took 0.001750946044921875
2024_11_13_T23:27:28 -  clearRentalMarket - second block took 2.5033950805664062e-5
2024_11_13_T23:27:28 -  Model step took 0.03787994384765625 seconds
2024_11_13_T23:27:28 -  Metrics: sum_wealth took 4.696846008300781e-5
2024_11_13_T23:27:28 -  Metrics: wealth_distribution took 0.0003960132598876953
2024_11_13_T23:27:28 -  Metrics: money_distribution took 0.0005450248718261719
2024_11_13_T23:27:28 -  Metrics: size_distribution took 0.00029206275939941406
2024_11_13_T23:27:28 -  Metrics: age_distribution took 0.0005130767822265625
2024_11_13_T23:27:30 -  Model step started
2024_11_13_T23:27:30 -  clearHangingSupplies started
2024_11_13_T23:27:30 -  clearHangingSupplies took 5.698204040527344e-5
2024_11_13_T23:27:30 -  clearHangingRentalSupplies started
2024_11_13_T23:27:30 -  clearHangingRentalSupplies took 1.1920928955078125e-5
2024_11_13_T23:27:30 -  clearHouseMarket started
2024_11_13_T23:27:30 -  clearHouseMarket - first block took 0.027612924575805664
2024_11_13_T23:27:30 -  clearHouseMarket - second block took 0.0013670921325683594
2024_11_13_T23:27:30 -  clearHouseMarket - third block took 0.00023603439331054688
2024_11_13_T23:27:30 -  clearRentalMarket started
2024_11_13_T23:27:30 -  clearRentalMarket - first block took 0.0017828941345214844
2024_11_13_T23:27:30 -  clearRentalMarket - second block took 1.6927719116210938e-5
2024_11_13_T23:27:30 -  Model step took 0.0393979549407959 seconds
2024_11_13_T23:27:30 -  Metrics: sum_wealth took 4.887580871582031e-5
2024_11_13_T23:27:30 -  Metrics: wealth_distribution took 0.00038909912109375
2024_11_13_T23:27:30 -  Metrics: money_distribution took 0.00038695335388183594
2024_11_13_T23:27:30 -  Metrics: size_distribution took 0.00030803680419921875
2024_11_13_T23:27:30 -  Metrics: age_distribution took 0.00034499168395996094
2024_11_13_T23:27:32 -  Model step started
2024_11_13_T23:27:32 -  clearHangingSupplies started
2024_11_13_T23:27:32 -  clearHangingSupplies took 6.198883056640625e-5
2024_11_13_T23:27:32 -  clearHangingRentalSupplies started
2024_11_13_T23:27:32 -  clearHangingRentalSupplies took 1.2159347534179688e-5
2024_11_13_T23:27:32 -  clearHouseMarket started
2024_11_13_T23:27:32 -  clearHouseMarket - first block took 0.022084951400756836
2024_11_13_T23:27:32 -  clearHouseMarket - second block took 0.0016341209411621094
2024_11_13_T23:27:32 -  clearHouseMarket - third block took 0.00035500526428222656
2024_11_13_T23:27:32 -  clearRentalMarket started
2024_11_13_T23:27:32 -  clearRentalMarket - first block took 0.0017879009246826172
2024_11_13_T23:27:32 -  clearRentalMarket - second block took 3.2901763916015625e-5
2024_11_13_T23:27:32 -  Model step took 0.03363394737243652 seconds
2024_11_13_T23:27:32 -  Metrics: sum_wealth took 5.1021575927734375e-5
2024_11_13_T23:27:32 -  Metrics: wealth_distribution took 0.0003459453582763672
2024_11_13_T23:27:32 -  Metrics: money_distribution took 0.0004291534423828125
2024_11_13_T23:27:32 -  Metrics: size_distribution took 0.00026988983154296875
2024_11_13_T23:27:32 -  Metrics: age_distribution took 0.00036215782165527344
