2024_11_13_T17:18:40 -  finished initateHouses in 0.8175981044769287 seconds
2024_11_13_T17:18:40 -  finished initiateHouseholds in 1.0426709651947021 seconds
2024_11_13_T17:18:41 -  All houses for rental were assigned in Amadora
2024_11_13_T17:18:41 -  All houses for rental were assigned in Amadora
2024_11_13_T17:18:41 -  All houses for rental were assigned in Amadora
2024_11_13_T17:18:41 -  All houses for rental were assigned in Amadora
2024_11_13_T17:18:41 -  All houses for rental were assigned in Amadora
2024_11_13_T17:18:41 -  All houses for rental were assigned in Amadora
2024_11_13_T17:18:41 -  All houses for rental were assigned in Amadora
2024_11_13_T17:18:41 -  All houses for rental were assigned in Amadora
2024_11_13_T17:18:41 -  All houses for rental were assigned in Amadora
2024_11_13_T17:18:41 -  All houses for rental were assigned in Amadora
2024_11_13_T17:18:41 -  All houses for rental were assigned in Amadora
2024_11_13_T17:18:41 -  All houses for rental were assigned in Amadora
2024_11_13_T17:18:41 -  All houses for rental were assigned in Amadora
2024_11_13_T17:18:41 -  All houses for rental were assigned in Amadora
2024_11_13_T17:18:41 -  All houses for rental were assigned in Amadora
2024_11_13_T17:18:41 -  All houses for rental were assigned in Amadora
2024_11_13_T17:18:41 -  All houses for rental were assigned in Amadora
2024_11_13_T17:18:41 -  All houses for rental were assigned in Amadora
2024_11_13_T17:18:41 -  All houses for rental were assigned in Amadora
2024_11_13_T17:18:41 -  All houses for rental were assigned in Amadora
2024_11_13_T17:18:41 -  All houses for rental were assigned in Amadora
2024_11_13_T17:18:41 -  All houses for rental were assigned in Amadora
2024_11_13_T17:18:41 -  All houses for rental were assigned in Amadora
2024_11_13_T17:18:41 -  All houses for rental were assigned in Amadora
2024_11_13_T17:18:41 -  All houses for rental were assigned in Amadora
2024_11_13_T17:18:41 -  All houses for rental were assigned in Amadora
2024_11_13_T17:18:41 -  All houses for rental were assigned in Amadora
2024_11_13_T17:18:41 -  All houses for rental were assigned in Amadora
2024_11_13_T17:18:41 -  All houses for rental were assigned in Amadora
2024_11_13_T17:18:41 -  All houses for rental were assigned in Amadora
2024_11_13_T17:18:41 -  All houses for rental were assigned in Amadora
2024_11_13_T17:18:41 -  All houses for rental were assigned in Amadora
2024_11_13_T17:18:41 -  All houses for rental were assigned in Amadora
2024_11_13_T17:18:41 -  All houses for rental were assigned in Amadora
2024_11_13_T17:18:41 -  All houses for rental were assigned in Amadora
2024_11_13_T17:18:41 -  All houses for rental were assigned in Amadora
2024_11_13_T17:18:41 -  All houses for rental were assigned in Amadora
2024_11_13_T17:18:41 -  All houses for rental were assigned in Amadora
2024_11_13_T17:18:41 -  All houses for rental were assigned in Amadora
2024_11_13_T17:18:41 -  All houses for rental were assigned in Amadora
2024_11_13_T17:18:41 -  All houses for rental were assigned in Amadora
2024_11_13_T17:18:41 -  All houses for rental were assigned in Amadora
2024_11_13_T17:18:41 -  All houses for rental were assigned in Amadora
2024_11_13_T17:18:41 -  All houses for rental were assigned in Amadora
2024_11_13_T17:18:41 -  All houses for rental were assigned in Amadora
2024_11_13_T17:18:41 -  All houses for rental were assigned in Amadora
2024_11_13_T17:18:41 -  All houses for rental were assigned in Amadora
2024_11_13_T17:18:41 -  All houses for rental were assigned in Amadora
2024_11_13_T17:18:41 -  All houses for rental were assigned in Amadora
2024_11_13_T17:18:41 -  All houses for rental were assigned in Amadora
2024_11_13_T17:18:41 -  All houses for rental were assigned in Amadora
2024_11_13_T17:18:41 -  All houses for rental were assigned in Amadora
2024_11_13_T17:18:41 -  All houses for rental were assigned in Amadora
2024_11_13_T17:18:41 -  All houses for rental were assigned in Amadora
2024_11_13_T17:18:41 -  All houses for rental were assigned in Amadora
2024_11_13_T17:18:41 -  All houses for rental were assigned in Amadora
2024_11_13_T17:18:41 -  All houses for rental were assigned in Amadora
2024_11_13_T17:18:41 -  All houses for rental were assigned in Amadora
2024_11_13_T17:18:41 -  All houses for rental were assigned in Amadora
2024_11_13_T17:18:41 -  All houses for rental were assigned in Amadora
2024_11_13_T17:18:41 -  All houses for rental were assigned in Amadora
2024_11_13_T17:18:41 -  All houses for rental were assigned in Amadora
2024_11_13_T17:18:41 -  All houses for rental were assigned in Amadora
2024_11_13_T17:18:41 -  All houses for rental were assigned in Amadora
2024_11_13_T17:18:41 -  All houses for rental were assigned in Amadora
2024_11_13_T17:18:41 -  All houses for rental were assigned in Amadora
2024_11_13_T17:18:41 -  All houses for rental were assigned in Amadora
2024_11_13_T17:18:41 -  All houses for rental were assigned in Amadora
2024_11_13_T17:18:41 -  All houses for rental were assigned in Amadora
2024_11_13_T17:18:41 -  All houses for rental were assigned in Amadora
2024_11_13_T17:18:41 -  All houses for rental were assigned in Amadora
2024_11_13_T17:18:41 -  All houses for rental were assigned in Amadora
2024_11_13_T17:18:41 -  All houses for rental were assigned in Amadora
2024_11_13_T17:18:41 -  All houses for rental were assigned in Amadora
2024_11_13_T17:18:41 -  All houses for rental were assigned in Amadora
2024_11_13_T17:18:41 -  All houses for rental were assigned in Amadora
2024_11_13_T17:18:41 -  All houses for rental were assigned in Amadora
2024_11_13_T17:18:41 -  All houses for rental were assigned in Amadora
2024_11_13_T17:18:41 -  All houses for rental were assigned in Amadora
2024_11_13_T17:18:41 -  All houses for rental were assigned in Amadora
2024_11_13_T17:18:41 -  All houses for rental were assigned in Amadora
2024_11_13_T17:18:41 -  All houses for rental were assigned in Amadora
2024_11_13_T17:18:41 -  All houses for rental were assigned in Amadora
2024_11_13_T17:18:41 -  All houses for rental were assigned in Amadora
2024_11_13_T17:18:41 -  All houses for rental were assigned in Amadora
2024_11_13_T17:18:41 -  All houses for rental were assigned in Amadora
2024_11_13_T17:18:41 -  All houses for rental were assigned in Amadora
2024_11_13_T17:18:41 -  All houses for rental were assigned in Amadora
2024_11_13_T17:18:41 -  All houses for rental were assigned in Amadora
2024_11_13_T17:18:41 -  All houses for rental were assigned in Amadora
2024_11_13_T17:18:41 -  All houses for rental were assigned in Amadora
2024_11_13_T17:18:41 -  All houses for rental were assigned in Amadora
2024_11_13_T17:18:41 -  All houses for rental were assigned in Amadora
2024_11_13_T17:18:41 -  All houses for rental were assigned in Amadora
2024_11_13_T17:18:41 -  All houses for rental were assigned in Amadora
2024_11_13_T17:18:41 -  All houses for rental were assigned in Amadora
2024_11_13_T17:18:41 -  All houses for rental were assigned in Amadora
2024_11_13_T17:18:41 -  All houses for rental were assigned in Amadora
2024_11_13_T17:18:41 -  All houses for rental were assigned in Amadora
2024_11_13_T17:18:41 -  All houses for rental were assigned in Amadora
2024_11_13_T17:18:41 -  All houses for rental were assigned in Amadora
2024_11_13_T17:18:41 -  All houses for rental were assigned in Amadora
2024_11_13_T17:18:41 -  All houses for rental were assigned in Amadora
2024_11_13_T17:18:41 -  All houses for rental were assigned in Amadora
2024_11_13_T17:18:41 -  All houses for rental were assigned in Amadora
2024_11_13_T17:18:41 -  All houses for rental were assigned in Amadora
2024_11_13_T17:18:41 -  All houses for rental were assigned in Amadora
2024_11_13_T17:18:41 -  All houses for rental were assigned in Amadora
2024_11_13_T17:18:41 -  All houses for rental were assigned in Amadora
2024_11_13_T17:18:41 -  All houses for rental were assigned in Amadora
2024_11_13_T17:18:41 -  All houses for rental were assigned in Amadora
2024_11_13_T17:18:41 -  All houses for rental were assigned in Amadora
2024_11_13_T17:18:41 -  All houses for rental were assigned in Amadora
2024_11_13_T17:18:41 -  All houses for rental were assigned in Amadora
2024_11_13_T17:18:41 -  All houses for rental were assigned in Amadora
2024_11_13_T17:18:41 -  All houses for rental were assigned in Amadora
2024_11_13_T17:18:41 -  All houses for rental were assigned in Amadora
2024_11_13_T17:18:41 -  All houses for rental were assigned in Amadora
2024_11_13_T17:18:41 -  All houses for rental were assigned in Amadora
2024_11_13_T17:18:41 -  All houses for rental were assigned in Amadora
2024_11_13_T17:18:41 -  All houses for rental were assigned in Amadora
2024_11_13_T17:18:41 -  All houses for rental were assigned in Amadora
2024_11_13_T17:18:41 -  All houses for rental were assigned in Amadora
2024_11_13_T17:18:41 -  All houses for rental were assigned in Amadora
2024_11_13_T17:18:41 -  All houses for rental were assigned in Amadora
2024_11_13_T17:18:41 -  All houses for rental were assigned in Amadora
2024_11_13_T17:18:41 -  All houses for rental were assigned in Amadora
2024_11_13_T17:18:41 -  All houses for rental were assigned in Amadora
2024_11_13_T17:18:41 -  All houses for rental were assigned in Amadora
2024_11_13_T17:18:41 -  All houses for rental were assigned in Amadora
2024_11_13_T17:18:41 -  All houses for rental were assigned in Amadora
2024_11_13_T17:18:41 -  All houses for rental were assigned in Amadora
2024_11_13_T17:18:41 -  All houses for rental were assigned in Amadora
2024_11_13_T17:18:41 -  All houses for rental were assigned in Amadora
2024_11_13_T17:18:41 -  All houses for rental were assigned in Amadora
2024_11_13_T17:18:41 -  All houses for rental were assigned in Amadora
2024_11_13_T17:18:41 -  All houses for rental were assigned in Amadora
2024_11_13_T17:18:41 -  All home owners were assigned in Amadora
2024_11_13_T17:18:41 -  All home owners were assigned in Amadora
2024_11_13_T17:18:41 -  All home owners were assigned in Amadora
2024_11_13_T17:18:41 -  All home owners were assigned in Amadora
2024_11_13_T17:18:41 -  All home owners were assigned in Amadora
2024_11_13_T17:18:41 -  All home owners were assigned in Amadora
2024_11_13_T17:18:41 -  All home owners were assigned in Amadora
2024_11_13_T17:18:41 -  All home owners were assigned in Amadora
2024_11_13_T17:18:41 -  All home owners were assigned in Amadora
2024_11_13_T17:18:41 -  All home owners were assigned in Amadora
2024_11_13_T17:18:41 -  All home owners were assigned in Amadora
2024_11_13_T17:18:41 -  All home owners were assigned in Amadora
2024_11_13_T17:18:41 -  All home owners were assigned in Amadora
2024_11_13_T17:18:41 -  All home owners were assigned in Amadora
2024_11_13_T17:18:41 -  All home owners were assigned in Amadora
2024_11_13_T17:18:41 -  All home owners were assigned in Amadora
2024_11_13_T17:18:41 -  All home owners were assigned in Amadora
2024_11_13_T17:18:41 -  All home owners were assigned in Amadora
2024_11_13_T17:18:41 -  All home owners were assigned in Amadora
2024_11_13_T17:18:41 -  All home owners were assigned in Amadora
2024_11_13_T17:18:41 -  All home owners were assigned in Amadora
2024_11_13_T17:18:41 -  All home owners were assigned in Amadora
2024_11_13_T17:18:41 -  All home owners were assigned in Amadora
2024_11_13_T17:18:41 -  All home owners were assigned in Amadora
2024_11_13_T17:18:41 -  All home owners were assigned in Amadora
2024_11_13_T17:18:41 -  All home owners were assigned in Amadora
2024_11_13_T17:18:41 -  All home owners were assigned in Amadora
2024_11_13_T17:18:41 -  All home owners were assigned in Amadora
2024_11_13_T17:18:41 -  All home owners were assigned in Amadora
2024_11_13_T17:18:41 -  All home owners were assigned in Amadora
2024_11_13_T17:18:41 -  All home owners were assigned in Amadora
2024_11_13_T17:18:41 -  All home owners were assigned in Amadora
2024_11_13_T17:18:41 -  All home owners were assigned in Amadora
2024_11_13_T17:18:41 -  All home owners were assigned in Amadora
2024_11_13_T17:18:41 -  All home owners were assigned in Amadora
2024_11_13_T17:18:41 -  All home owners were assigned in Amadora
2024_11_13_T17:18:41 -  All home owners were assigned in Amadora
2024_11_13_T17:18:41 -  All home owners were assigned in Amadora
2024_11_13_T17:18:41 -  All home owners were assigned in Amadora
2024_11_13_T17:18:41 -  All home owners were assigned in Amadora
2024_11_13_T17:18:41 -  All home owners were assigned in Amadora
2024_11_13_T17:18:41 -  All home owners were assigned in Amadora
2024_11_13_T17:18:41 -  All home owners were assigned in Amadora
2024_11_13_T17:18:41 -  All home owners were assigned in Amadora
2024_11_13_T17:18:41 -  All home owners were assigned in Amadora
2024_11_13_T17:18:41 -  All home owners were assigned in Amadora
2024_11_13_T17:18:41 -  All home owners were assigned in Amadora
2024_11_13_T17:18:41 -  All home owners were assigned in Amadora
2024_11_13_T17:18:41 -  All home owners were assigned in Amadora
2024_11_13_T17:18:41 -  All home owners were assigned in Amadora
2024_11_13_T17:18:41 -  All home owners were assigned in Amadora
2024_11_13_T17:18:41 -  All home owners were assigned in Amadora
2024_11_13_T17:18:41 -  All home owners were assigned in Amadora
2024_11_13_T17:18:41 -  All home owners were assigned in Amadora
2024_11_13_T17:18:41 -  All home owners were assigned in Amadora
2024_11_13_T17:18:41 -  All home owners were assigned in Amadora
2024_11_13_T17:18:41 -  All home owners were assigned in Amadora
2024_11_13_T17:18:41 -  All home owners were assigned in Amadora
2024_11_13_T17:18:41 -  All home owners were assigned in Amadora
2024_11_13_T17:18:41 -  All home owners were assigned in Amadora
2024_11_13_T17:18:41 -  All home owners were assigned in Amadora
2024_11_13_T17:18:41 -  All home owners were assigned in Amadora
2024_11_13_T17:18:41 -  All home owners were assigned in Amadora
2024_11_13_T17:18:41 -  All home owners were assigned in Amadora
2024_11_13_T17:18:41 -  All home owners were assigned in Amadora
2024_11_13_T17:18:41 -  All home owners were assigned in Amadora
2024_11_13_T17:18:41 -  All home owners were assigned in Amadora
2024_11_13_T17:18:41 -  All home owners were assigned in Amadora
2024_11_13_T17:18:41 -  All home owners were assigned in Amadora
2024_11_13_T17:18:41 -  All home owners were assigned in Amadora
2024_11_13_T17:18:41 -  All home owners were assigned in Amadora
2024_11_13_T17:18:41 -  All home owners were assigned in Amadora
2024_11_13_T17:18:41 -  All home owners were assigned in Amadora
2024_11_13_T17:18:41 -  All home owners were assigned in Amadora
2024_11_13_T17:18:41 -  All home owners were assigned in Amadora
2024_11_13_T17:18:41 -  All home owners were assigned in Amadora
2024_11_13_T17:18:41 -  All home owners were assigned in Amadora
2024_11_13_T17:18:41 -  All home owners were assigned in Amadora
2024_11_13_T17:18:41 -  All home owners were assigned in Amadora
2024_11_13_T17:18:41 -  All home owners were assigned in Amadora
2024_11_13_T17:18:41 -  All home owners were assigned in Amadora
2024_11_13_T17:18:41 -  All home owners were assigned in Amadora
2024_11_13_T17:18:41 -  All home owners were assigned in Amadora
2024_11_13_T17:18:41 -  All home owners were assigned in Amadora
2024_11_13_T17:18:41 -  All home owners were assigned in Amadora
2024_11_13_T17:18:41 -  All home owners were assigned in Amadora
2024_11_13_T17:18:41 -  All home owners were assigned in Amadora
2024_11_13_T17:18:41 -  All home owners were assigned in Amadora
2024_11_13_T17:18:41 -  All home owners were assigned in Amadora
2024_11_13_T17:18:41 -  All home owners were assigned in Amadora
2024_11_13_T17:18:41 -  All home owners were assigned in Amadora
2024_11_13_T17:18:41 -  All home owners were assigned in Amadora
2024_11_13_T17:18:41 -  All home owners were assigned in Amadora
2024_11_13_T17:18:41 -  All home owners were assigned in Amadora
2024_11_13_T17:18:41 -  All home owners were assigned in Amadora
2024_11_13_T17:18:41 -  All home owners were assigned in Amadora
2024_11_13_T17:18:41 -  All home owners were assigned in Amadora
2024_11_13_T17:18:41 -  All home owners were assigned in Amadora
2024_11_13_T17:18:41 -  All home owners were assigned in Amadora
2024_11_13_T17:18:41 -  All home owners were assigned in Amadora
2024_11_13_T17:18:41 -  All home owners were assigned in Amadora
2024_11_13_T17:18:41 -  All home owners were assigned in Amadora
2024_11_13_T17:18:41 -  All home owners were assigned in Amadora
2024_11_13_T17:18:41 -  All home owners were assigned in Amadora
2024_11_13_T17:18:41 -  All home owners were assigned in Amadora
2024_11_13_T17:18:41 -  All home owners were assigned in Amadora
2024_11_13_T17:18:41 -  All home owners were assigned in Amadora
2024_11_13_T17:18:41 -  All home owners were assigned in Amadora
2024_11_13_T17:18:41 -  All home owners were assigned in Amadora
2024_11_13_T17:18:41 -  All home owners were assigned in Amadora
2024_11_13_T17:18:41 -  All home owners were assigned in Amadora
2024_11_13_T17:18:41 -  All home owners were assigned in Amadora
2024_11_13_T17:18:41 -  All home owners were assigned in Amadora
2024_11_13_T17:18:41 -  All home owners were assigned in Amadora
2024_11_13_T17:18:41 -  All home owners were assigned in Amadora
2024_11_13_T17:18:41 -  All home owners were assigned in Amadora
2024_11_13_T17:18:41 -  All home owners were assigned in Amadora
2024_11_13_T17:18:41 -  All home owners were assigned in Amadora
2024_11_13_T17:18:41 -  All home owners were assigned in Amadora
2024_11_13_T17:18:41 -  All home owners were assigned in Amadora
2024_11_13_T17:18:41 -  All home owners were assigned in Amadora
2024_11_13_T17:18:41 -  All home owners were assigned in Amadora
2024_11_13_T17:18:41 -  All home owners were assigned in Amadora
2024_11_13_T17:18:41 -  All home owners were assigned in Amadora
2024_11_13_T17:18:41 -  All home owners were assigned in Amadora
2024_11_13_T17:18:41 -  All home owners were assigned in Amadora
2024_11_13_T17:18:41 -  All home owners were assigned in Amadora
2024_11_13_T17:18:41 -  All home owners were assigned in Amadora
2024_11_13_T17:18:41 -  All home owners were assigned in Amadora
2024_11_13_T17:18:41 -  All home owners were assigned in Amadora
2024_11_13_T17:18:41 -  All home owners were assigned in Amadora
2024_11_13_T17:18:41 -  All home owners were assigned in Amadora
2024_11_13_T17:18:41 -  All home owners were assigned in Amadora
2024_11_13_T17:18:41 -  All home owners were assigned in Amadora
2024_11_13_T17:18:41 -  All home owners were assigned in Amadora
2024_11_13_T17:18:41 -  All houses for rental were assigned in Cascais
2024_11_13_T17:18:41 -  All houses for rental were assigned in Cascais
2024_11_13_T17:18:41 -  All houses for rental were assigned in Cascais
2024_11_13_T17:18:41 -  All houses for rental were assigned in Cascais
2024_11_13_T17:18:41 -  All houses for rental were assigned in Cascais
2024_11_13_T17:18:41 -  All houses for rental were assigned in Cascais
2024_11_13_T17:18:41 -  All houses for rental were assigned in Cascais
2024_11_13_T17:18:41 -  All houses for rental were assigned in Cascais
2024_11_13_T17:18:41 -  All houses for rental were assigned in Cascais
2024_11_13_T17:18:41 -  All houses for rental were assigned in Cascais
2024_11_13_T17:18:41 -  All houses for rental were assigned in Cascais
2024_11_13_T17:18:41 -  All houses for rental were assigned in Cascais
2024_11_13_T17:18:41 -  All houses for rental were assigned in Cascais
2024_11_13_T17:18:41 -  All houses for rental were assigned in Cascais
2024_11_13_T17:18:41 -  All houses for rental were assigned in Cascais
2024_11_13_T17:18:41 -  All houses for rental were assigned in Cascais
2024_11_13_T17:18:41 -  All houses for rental were assigned in Cascais
2024_11_13_T17:18:41 -  All houses for rental were assigned in Cascais
2024_11_13_T17:18:41 -  All houses for rental were assigned in Cascais
2024_11_13_T17:18:41 -  All houses for rental were assigned in Cascais
2024_11_13_T17:18:41 -  All houses for rental were assigned in Cascais
2024_11_13_T17:18:41 -  All houses for rental were assigned in Cascais
2024_11_13_T17:18:41 -  All houses for rental were assigned in Cascais
2024_11_13_T17:18:41 -  All houses for rental were assigned in Cascais
2024_11_13_T17:18:41 -  All houses for rental were assigned in Cascais
2024_11_13_T17:18:41 -  All houses for rental were assigned in Cascais
2024_11_13_T17:18:41 -  All houses for rental were assigned in Cascais
2024_11_13_T17:18:41 -  All houses for rental were assigned in Cascais
2024_11_13_T17:18:41 -  All houses for rental were assigned in Cascais
2024_11_13_T17:18:41 -  All houses for rental were assigned in Cascais
2024_11_13_T17:18:41 -  All houses for rental were assigned in Cascais
2024_11_13_T17:18:41 -  All houses for rental were assigned in Cascais
2024_11_13_T17:18:41 -  All houses for rental were assigned in Cascais
2024_11_13_T17:18:41 -  All houses for rental were assigned in Cascais
2024_11_13_T17:18:41 -  All houses for rental were assigned in Cascais
2024_11_13_T17:18:41 -  All houses for rental were assigned in Cascais
2024_11_13_T17:18:41 -  All houses for rental were assigned in Cascais
2024_11_13_T17:18:41 -  All houses for rental were assigned in Cascais
2024_11_13_T17:18:41 -  All houses for rental were assigned in Cascais
2024_11_13_T17:18:41 -  All houses for rental were assigned in Cascais
2024_11_13_T17:18:41 -  All houses for rental were assigned in Cascais
2024_11_13_T17:18:41 -  All houses for rental were assigned in Cascais
2024_11_13_T17:18:41 -  All houses for rental were assigned in Cascais
2024_11_13_T17:18:41 -  All houses for rental were assigned in Cascais
2024_11_13_T17:18:41 -  All houses for rental were assigned in Cascais
2024_11_13_T17:18:41 -  All houses for rental were assigned in Cascais
2024_11_13_T17:18:41 -  All houses for rental were assigned in Cascais
2024_11_13_T17:18:41 -  All houses for rental were assigned in Cascais
2024_11_13_T17:18:41 -  All houses for rental were assigned in Cascais
2024_11_13_T17:18:41 -  All houses for rental were assigned in Cascais
2024_11_13_T17:18:41 -  All houses for rental were assigned in Cascais
2024_11_13_T17:18:41 -  All houses for rental were assigned in Cascais
2024_11_13_T17:18:41 -  All houses for rental were assigned in Cascais
2024_11_13_T17:18:41 -  All houses for rental were assigned in Cascais
2024_11_13_T17:18:41 -  All houses for rental were assigned in Cascais
2024_11_13_T17:18:41 -  All houses for rental were assigned in Cascais
2024_11_13_T17:18:41 -  All houses for rental were assigned in Cascais
2024_11_13_T17:18:41 -  All houses for rental were assigned in Cascais
2024_11_13_T17:18:41 -  All houses for rental were assigned in Cascais
2024_11_13_T17:18:41 -  All houses for rental were assigned in Cascais
2024_11_13_T17:18:41 -  All houses for rental were assigned in Cascais
2024_11_13_T17:18:41 -  All houses for rental were assigned in Cascais
2024_11_13_T17:18:41 -  All houses for rental were assigned in Cascais
2024_11_13_T17:18:41 -  All houses for rental were assigned in Cascais
2024_11_13_T17:18:41 -  All houses for rental were assigned in Cascais
2024_11_13_T17:18:41 -  All houses for rental were assigned in Cascais
2024_11_13_T17:18:41 -  All houses for rental were assigned in Cascais
2024_11_13_T17:18:41 -  All houses for rental were assigned in Cascais
2024_11_13_T17:18:41 -  All houses for rental were assigned in Cascais
2024_11_13_T17:18:41 -  All houses for rental were assigned in Cascais
2024_11_13_T17:18:41 -  All houses for rental were assigned in Cascais
2024_11_13_T17:18:41 -  All houses for rental were assigned in Cascais
2024_11_13_T17:18:41 -  All houses for rental were assigned in Cascais
2024_11_13_T17:18:41 -  All houses for rental were assigned in Cascais
2024_11_13_T17:18:41 -  All houses for rental were assigned in Cascais
2024_11_13_T17:18:41 -  All houses for rental were assigned in Cascais
2024_11_13_T17:18:41 -  All houses for rental were assigned in Cascais
2024_11_13_T17:18:41 -  All houses for rental were assigned in Cascais
2024_11_13_T17:18:41 -  All houses for rental were assigned in Cascais
2024_11_13_T17:18:41 -  All houses for rental were assigned in Cascais
2024_11_13_T17:18:41 -  All houses for rental were assigned in Cascais
2024_11_13_T17:18:41 -  All houses for rental were assigned in Cascais
2024_11_13_T17:18:41 -  All houses for rental were assigned in Cascais
2024_11_13_T17:18:41 -  All houses for rental were assigned in Cascais
2024_11_13_T17:18:41 -  All houses for rental were assigned in Cascais
2024_11_13_T17:18:41 -  All houses for rental were assigned in Cascais
2024_11_13_T17:18:41 -  All houses for rental were assigned in Cascais
2024_11_13_T17:18:41 -  All houses for rental were assigned in Cascais
2024_11_13_T17:18:41 -  All houses for rental were assigned in Cascais
2024_11_13_T17:18:41 -  All houses for rental were assigned in Cascais
2024_11_13_T17:18:41 -  All houses for rental were assigned in Cascais
2024_11_13_T17:18:41 -  All houses for rental were assigned in Cascais
2024_11_13_T17:18:41 -  All houses for rental were assigned in Cascais
2024_11_13_T17:18:41 -  All houses for rental were assigned in Cascais
2024_11_13_T17:18:41 -  All houses for rental were assigned in Cascais
2024_11_13_T17:18:41 -  All houses for rental were assigned in Cascais
2024_11_13_T17:18:41 -  All houses for rental were assigned in Cascais
2024_11_13_T17:18:41 -  All houses for rental were assigned in Cascais
2024_11_13_T17:18:41 -  All houses for rental were assigned in Cascais
2024_11_13_T17:18:41 -  All houses for rental were assigned in Cascais
2024_11_13_T17:18:41 -  All houses for rental were assigned in Cascais
2024_11_13_T17:18:41 -  All houses for rental were assigned in Cascais
2024_11_13_T17:18:41 -  All houses for rental were assigned in Cascais
2024_11_13_T17:18:41 -  All houses for rental were assigned in Cascais
2024_11_13_T17:18:41 -  All houses for rental were assigned in Cascais
2024_11_13_T17:18:41 -  All houses for rental were assigned in Cascais
2024_11_13_T17:18:41 -  All houses for rental were assigned in Cascais
2024_11_13_T17:18:41 -  All houses for rental were assigned in Cascais
2024_11_13_T17:18:41 -  All houses for rental were assigned in Cascais
2024_11_13_T17:18:41 -  All houses for rental were assigned in Cascais
2024_11_13_T17:18:41 -  All houses for rental were assigned in Cascais
2024_11_13_T17:18:41 -  All houses for rental were assigned in Cascais
2024_11_13_T17:18:41 -  All houses for rental were assigned in Cascais
2024_11_13_T17:18:41 -  All houses for rental were assigned in Cascais
2024_11_13_T17:18:41 -  All houses for rental were assigned in Cascais
2024_11_13_T17:18:41 -  All houses for rental were assigned in Cascais
2024_11_13_T17:18:41 -  All houses for rental were assigned in Cascais
2024_11_13_T17:18:41 -  All houses for rental were assigned in Cascais
2024_11_13_T17:18:41 -  All houses for rental were assigned in Cascais
2024_11_13_T17:18:41 -  All houses for rental were assigned in Cascais
2024_11_13_T17:18:41 -  All houses for rental were assigned in Cascais
2024_11_13_T17:18:41 -  All houses for rental were assigned in Cascais
2024_11_13_T17:18:41 -  All houses for rental were assigned in Cascais
2024_11_13_T17:18:41 -  All houses for rental were assigned in Cascais
2024_11_13_T17:18:41 -  All houses for rental were assigned in Cascais
2024_11_13_T17:18:41 -  All houses for rental were assigned in Cascais
2024_11_13_T17:18:41 -  All houses for rental were assigned in Cascais
2024_11_13_T17:18:41 -  All houses for rental were assigned in Cascais
2024_11_13_T17:18:41 -  All houses for rental were assigned in Cascais
2024_11_13_T17:18:41 -  All houses for rental were assigned in Cascais
2024_11_13_T17:18:41 -  All houses for rental were assigned in Cascais
2024_11_13_T17:18:41 -  All houses for rental were assigned in Cascais
2024_11_13_T17:18:41 -  All houses for rental were assigned in Cascais
2024_11_13_T17:18:41 -  All houses for rental were assigned in Cascais
2024_11_13_T17:18:41 -  All houses for rental were assigned in Cascais
2024_11_13_T17:18:41 -  All houses for rental were assigned in Cascais
2024_11_13_T17:18:41 -  All houses for rental were assigned in Cascais
2024_11_13_T17:18:41 -  All houses for rental were assigned in Cascais
2024_11_13_T17:18:41 -  All houses for rental were assigned in Cascais
2024_11_13_T17:18:41 -  All houses for rental were assigned in Cascais
2024_11_13_T17:18:41 -  All houses for rental were assigned in Cascais
2024_11_13_T17:18:41 -  All houses for rental were assigned in Cascais
2024_11_13_T17:18:41 -  All houses for rental were assigned in Cascais
2024_11_13_T17:18:41 -  All houses for rental were assigned in Cascais
2024_11_13_T17:18:41 -  All houses for rental were assigned in Cascais
2024_11_13_T17:18:41 -  All houses for rental were assigned in Cascais
2024_11_13_T17:18:41 -  All houses for rental were assigned in Cascais
2024_11_13_T17:18:41 -  All houses for rental were assigned in Cascais
2024_11_13_T17:18:41 -  All houses for rental were assigned in Cascais
2024_11_13_T17:18:41 -  All houses for rental were assigned in Cascais
2024_11_13_T17:18:41 -  All houses for rental were assigned in Cascais
2024_11_13_T17:18:41 -  All houses for rental were assigned in Cascais
2024_11_13_T17:18:41 -  All houses for rental were assigned in Cascais
2024_11_13_T17:18:41 -  All houses for rental were assigned in Cascais
2024_11_13_T17:18:41 -  All houses for rental were assigned in Cascais
2024_11_13_T17:18:41 -  All houses for rental were assigned in Cascais
2024_11_13_T17:18:41 -  All houses for rental were assigned in Cascais
2024_11_13_T17:18:41 -  All houses for rental were assigned in Cascais
2024_11_13_T17:18:41 -  All houses for rental were assigned in Cascais
2024_11_13_T17:18:41 -  All houses for rental were assigned in Cascais
2024_11_13_T17:18:41 -  All houses for rental were assigned in Cascais
2024_11_13_T17:18:41 -  All houses for rental were assigned in Cascais
2024_11_13_T17:18:41 -  All houses for rental were assigned in Cascais
2024_11_13_T17:18:41 -  All houses for rental were assigned in Cascais
2024_11_13_T17:18:41 -  All houses for rental were assigned in Cascais
2024_11_13_T17:18:41 -  All houses for rental were assigned in Cascais
2024_11_13_T17:18:41 -  All houses for rental were assigned in Cascais
2024_11_13_T17:18:41 -  All houses for rental were assigned in Cascais
2024_11_13_T17:18:41 -  All houses for rental were assigned in Cascais
2024_11_13_T17:18:41 -  All houses for rental were assigned in Cascais
2024_11_13_T17:18:41 -  All houses for rental were assigned in Cascais
2024_11_13_T17:18:41 -  All houses for rental were assigned in Cascais
2024_11_13_T17:18:41 -  All houses for rental were assigned in Cascais
2024_11_13_T17:18:41 -  All houses for rental were assigned in Cascais
2024_11_13_T17:18:41 -  All houses for rental were assigned in Cascais
2024_11_13_T17:18:41 -  All houses for rental were assigned in Cascais
2024_11_13_T17:18:41 -  All houses for rental were assigned in Cascais
2024_11_13_T17:18:41 -  All houses for rental were assigned in Cascais
2024_11_13_T17:18:41 -  All houses for rental were assigned in Cascais
2024_11_13_T17:18:41 -  All houses for rental were assigned in Cascais
2024_11_13_T17:18:41 -  All houses for rental were assigned in Cascais
2024_11_13_T17:18:41 -  All houses for rental were assigned in Cascais
2024_11_13_T17:18:41 -  All houses for rental were assigned in Cascais
2024_11_13_T17:18:41 -  All houses for rental were assigned in Cascais
2024_11_13_T17:18:41 -  All houses for rental were assigned in Cascais
2024_11_13_T17:18:41 -  All houses for rental were assigned in Cascais
2024_11_13_T17:18:41 -  All houses for rental were assigned in Cascais
2024_11_13_T17:18:41 -  All houses for rental were assigned in Cascais
2024_11_13_T17:18:41 -  All houses for rental were assigned in Cascais
2024_11_13_T17:18:41 -  All houses for rental were assigned in Cascais
2024_11_13_T17:18:41 -  All houses for rental were assigned in Cascais
2024_11_13_T17:18:41 -  All houses for rental were assigned in Lisboa
2024_11_13_T17:18:41 -  All houses for rental were assigned in Lisboa
2024_11_13_T17:18:41 -  All houses for rental were assigned in Lisboa
2024_11_13_T17:18:41 -  All houses for rental were assigned in Lisboa
2024_11_13_T17:18:41 -  All houses for rental were assigned in Lisboa
2024_11_13_T17:18:41 -  All houses for rental were assigned in Lisboa
2024_11_13_T17:18:41 -  All houses for rental were assigned in Lisboa
2024_11_13_T17:18:41 -  All houses for rental were assigned in Lisboa
2024_11_13_T17:18:41 -  All houses for rental were assigned in Lisboa
2024_11_13_T17:18:41 -  All houses for rental were assigned in Lisboa
2024_11_13_T17:18:41 -  All houses for rental were assigned in Lisboa
2024_11_13_T17:18:41 -  All houses for rental were assigned in Lisboa
2024_11_13_T17:18:41 -  All houses for rental were assigned in Lisboa
2024_11_13_T17:18:41 -  All houses for rental were assigned in Lisboa
2024_11_13_T17:18:41 -  All houses for rental were assigned in Lisboa
2024_11_13_T17:18:41 -  All houses for rental were assigned in Lisboa
2024_11_13_T17:18:41 -  All houses for rental were assigned in Lisboa
2024_11_13_T17:18:41 -  All houses for rental were assigned in Lisboa
2024_11_13_T17:18:41 -  All houses for rental were assigned in Lisboa
2024_11_13_T17:18:41 -  All houses for rental were assigned in Lisboa
2024_11_13_T17:18:41 -  All houses for rental were assigned in Lisboa
2024_11_13_T17:18:41 -  All houses for rental were assigned in Lisboa
2024_11_13_T17:18:41 -  All houses for rental were assigned in Lisboa
2024_11_13_T17:18:41 -  All houses for rental were assigned in Lisboa
2024_11_13_T17:18:41 -  All houses for rental were assigned in Lisboa
2024_11_13_T17:18:41 -  All houses for rental were assigned in Lisboa
2024_11_13_T17:18:41 -  All houses for rental were assigned in Lisboa
2024_11_13_T17:18:41 -  All houses for rental were assigned in Lisboa
2024_11_13_T17:18:41 -  All houses for rental were assigned in Lisboa
2024_11_13_T17:18:41 -  All houses for rental were assigned in Lisboa
2024_11_13_T17:18:41 -  All houses for rental were assigned in Lisboa
2024_11_13_T17:18:41 -  All houses for rental were assigned in Lisboa
2024_11_13_T17:18:41 -  All houses for rental were assigned in Lisboa
2024_11_13_T17:18:41 -  All houses for rental were assigned in Lisboa
2024_11_13_T17:18:41 -  All houses for rental were assigned in Lisboa
2024_11_13_T17:18:41 -  All houses for rental were assigned in Lisboa
2024_11_13_T17:18:41 -  All houses for rental were assigned in Lisboa
2024_11_13_T17:18:41 -  All houses for rental were assigned in Lisboa
2024_11_13_T17:18:41 -  All houses for rental were assigned in Lisboa
2024_11_13_T17:18:41 -  All houses for rental were assigned in Lisboa
2024_11_13_T17:18:41 -  All houses for rental were assigned in Lisboa
2024_11_13_T17:18:41 -  All houses for rental were assigned in Lisboa
2024_11_13_T17:18:41 -  All houses for rental were assigned in Lisboa
2024_11_13_T17:18:41 -  All houses for rental were assigned in Lisboa
2024_11_13_T17:18:41 -  All houses for rental were assigned in Lisboa
2024_11_13_T17:18:41 -  All houses for rental were assigned in Lisboa
2024_11_13_T17:18:41 -  All houses for rental were assigned in Lisboa
2024_11_13_T17:18:41 -  All houses for rental were assigned in Lisboa
2024_11_13_T17:18:41 -  All houses for rental were assigned in Lisboa
2024_11_13_T17:18:41 -  All houses for rental were assigned in Lisboa
2024_11_13_T17:18:41 -  All houses for rental were assigned in Lisboa
2024_11_13_T17:18:41 -  All houses for rental were assigned in Lisboa
2024_11_13_T17:18:41 -  All houses for rental were assigned in Lisboa
2024_11_13_T17:18:41 -  All houses for rental were assigned in Lisboa
2024_11_13_T17:18:41 -  All houses for rental were assigned in Lisboa
2024_11_13_T17:18:41 -  All houses for rental were assigned in Lisboa
2024_11_13_T17:18:41 -  All houses for rental were assigned in Lisboa
2024_11_13_T17:18:41 -  All houses for rental were assigned in Lisboa
2024_11_13_T17:18:41 -  All houses for rental were assigned in Lisboa
2024_11_13_T17:18:41 -  All houses for rental were assigned in Lisboa
2024_11_13_T17:18:41 -  All houses for rental were assigned in Lisboa
2024_11_13_T17:18:41 -  All houses for rental were assigned in Lisboa
2024_11_13_T17:18:41 -  All houses for rental were assigned in Lisboa
2024_11_13_T17:18:41 -  All houses for rental were assigned in Lisboa
2024_11_13_T17:18:41 -  All houses for rental were assigned in Lisboa
2024_11_13_T17:18:41 -  All houses for rental were assigned in Lisboa
2024_11_13_T17:18:41 -  finished assignHousesToHouseholds in 1.4566259384155273 seconds
2024_11_13_T17:18:45 -  Metrics: sum_wealth took 9.5367431640625e-7
2024_11_13_T17:18:46 -  Metrics: wealth_distribution took 5.9604644775390625e-6
2024_11_13_T17:18:47 -  Metrics: money_distribution took 5.9604644775390625e-6
2024_11_13_T17:18:47 -  Metrics: size_distribution took 6.9141387939453125e-6
2024_11_13_T17:18:47 -  Metrics: age_distribution took 4.0531158447265625e-6
2024_11_13_T17:18:49 -  Metrics: sum_wealth took 3.1948089599609375e-5
2024_11_13_T17:18:50 -  Metrics: wealth_distribution took 0.011985063552856445
2024_11_13_T17:18:50 -  Metrics: money_distribution took 0.0005037784576416016
2024_11_13_T17:18:50 -  Metrics: size_distribution took 0.008156061172485352
2024_11_13_T17:18:50 -  Metrics: age_distribution took 0.0004341602325439453
2024_11_13_T17:18:52 -  Model step started
2024_11_13_T17:18:52 -  clearHangingSupplies started
2024_11_13_T17:18:52 -  clearHangingSupplies took 0.004854917526245117
2024_11_13_T17:18:52 -  clearHangingRentalSupplies started
2024_11_13_T17:18:52 -  clearHangingRentalSupplies took 0.011970996856689453
2024_11_13_T17:18:53 -  clearHouseMarket started
2024_11_13_T17:18:53 -  clearHouseMarket - first block took 0.35280489921569824
2024_11_13_T17:18:53 -  clearHouseMarket - second block took 0.3354380130767822
2024_11_13_T17:18:53 -  clearHouseMarket - third block took 0.016366004943847656
2024_11_13_T17:18:53 -  clearRentalMarket started
2024_11_13_T17:18:53 -  clearRentalMarket - first block took 0.1859269142150879
2024_11_13_T17:18:53 -  clearRentalMarket - second block took 0.07007789611816406
2024_11_13_T17:18:54 -  Pushed house into housesBuiltPerRegion (location,size) = (Odivelas, LessThan75)
2024_11_13_T17:18:54 -  Pushed house into housesBuiltPerRegion (location,size) = (Sintra, LessThan50)
2024_11_13_T17:18:54 -  Pushed house into housesBuiltPerRegion (location,size) = (Sintra, LessThan75)
2024_11_13_T17:18:54 -  Pushed house into housesBuiltPerRegion (location,size) = (Sesimbra, More)
2024_11_13_T17:18:54 -  Model step took 1.567831039428711 seconds
2024_11_13_T17:18:54 -  Metrics: sum_wealth took 3.2901763916015625e-5
2024_11_13_T17:18:54 -  Metrics: wealth_distribution took 0.00041294097900390625
2024_11_13_T17:18:54 -  Metrics: money_distribution took 0.0004200935363769531
2024_11_13_T17:18:54 -  Metrics: size_distribution took 0.0003230571746826172
2024_11_13_T17:18:54 -  Metrics: age_distribution took 0.00043010711669921875
2024_11_13_T17:18:56 -  Model step started
2024_11_13_T17:18:56 -  clearHangingSupplies started
2024_11_13_T17:18:56 -  clearHangingSupplies took 0.00011801719665527344
2024_11_13_T17:18:56 -  clearHangingRentalSupplies started
2024_11_13_T17:18:56 -  clearHangingRentalSupplies took 7.891654968261719e-5
2024_11_13_T17:18:56 -  clearHouseMarket started
2024_11_13_T17:18:56 -  clearHouseMarket - first block took 0.017451047897338867
2024_11_13_T17:18:56 -  clearHouseMarket - second block took 0.06509709358215332
2024_11_13_T17:18:56 -  clearHouseMarket - third block took 0.0001251697540283203
2024_11_13_T17:18:56 -  clearRentalMarket started
2024_11_13_T17:18:56 -  clearRentalMarket - first block took 0.022372961044311523
2024_11_13_T17:18:56 -  clearRentalMarket - second block took 0.00015616416931152344
2024_11_13_T17:18:56 -  Pushed house into housesBuiltPerRegion (location,size) = (Cascais, LessThan50)
2024_11_13_T17:18:56 -  Pushed house into housesBuiltPerRegion (location,size) = (Setubal, LessThan50)
2024_11_13_T17:18:56 -  Pushed house into housesBuiltPerRegion (location,size) = (Setubal, LessThan75)
2024_11_13_T17:18:56 -  Model step took 0.1220550537109375 seconds
2024_11_13_T17:18:56 -  Metrics: sum_wealth took 2.9087066650390625e-5
2024_11_13_T17:18:56 -  Metrics: wealth_distribution took 0.0005700588226318359
2024_11_13_T17:18:56 -  Metrics: money_distribution took 0.0005009174346923828
2024_11_13_T17:18:56 -  Metrics: size_distribution took 0.00045609474182128906
2024_11_13_T17:18:56 -  Metrics: age_distribution took 0.00042510032653808594
2024_11_13_T17:18:58 -  Model step started
2024_11_13_T17:18:58 -  clearHangingSupplies started
2024_11_13_T17:18:58 -  clearHangingSupplies took 0.00011420249938964844
2024_11_13_T17:18:58 -  clearHangingRentalSupplies started
2024_11_13_T17:18:58 -  clearHangingRentalSupplies took 9.489059448242188e-5
2024_11_13_T17:18:58 -  clearHouseMarket started
2024_11_13_T17:18:58 -  clearHouseMarket - first block took 0.045179128646850586
2024_11_13_T17:18:58 -  clearHouseMarket - second block took 0.007205009460449219
2024_11_13_T17:18:58 -  clearHouseMarket - third block took 0.00015282630920410156
2024_11_13_T17:18:58 -  clearRentalMarket started
2024_11_13_T17:18:58 -  clearRentalMarket - first block took 0.009693145751953125
2024_11_13_T17:18:58 -  clearRentalMarket - second block took 0.00010800361633300781
2024_11_13_T17:18:58 -  Pushed house into housesBuiltPerRegion (location,size) = (Lisboa, LessThan75)
2024_11_13_T17:18:58 -  Pushed house into housesBuiltPerRegion (location,size) = (Seixal, LessThan75)
2024_11_13_T17:18:58 -  Model step took 0.09264516830444336 seconds
2024_11_13_T17:18:58 -  Metrics: sum_wealth took 3.2901763916015625e-5
2024_11_13_T17:18:58 -  Metrics: wealth_distribution took 0.0004668235778808594
2024_11_13_T17:18:58 -  Metrics: money_distribution took 0.0004591941833496094
2024_11_13_T17:18:58 -  Metrics: size_distribution took 0.00038504600524902344
2024_11_13_T17:18:58 -  Metrics: age_distribution took 0.000453948974609375
2024_11_13_T17:18:59 -  Model step started
2024_11_13_T17:18:59 -  clearHangingSupplies started
2024_11_13_T17:18:59 -  clearHangingSupplies took 0.00011587142944335938
2024_11_13_T17:18:59 -  clearHangingRentalSupplies started
2024_11_13_T17:18:59 -  clearHangingRentalSupplies took 8.106231689453125e-5
2024_11_13_T17:18:59 -  clearHouseMarket started
2024_11_13_T17:18:59 -  clearHouseMarket - first block took 0.018494129180908203
2024_11_13_T17:18:59 -  clearHouseMarket - second block took 0.0008609294891357422
2024_11_13_T17:18:59 -  clearHouseMarket - third block took 0.00010013580322265625
2024_11_13_T17:18:59 -  clearRentalMarket started
2024_11_13_T17:18:59 -  clearRentalMarket - first block took 0.010806083679199219
2024_11_13_T17:18:59 -  clearRentalMarket - second block took 0.00011396408081054688
2024_11_13_T17:18:59 -  Pushed house into housesBuiltPerRegion (location,size) = (Amadora, LessThan125)
2024_11_13_T17:18:59 -  Pushed house into housesBuiltPerRegion (location,size) = (Seixal, LessThan125)
2024_11_13_T17:18:59 -  Pushed house into housesBuiltPerRegion (location,size) = (Setubal, LessThan125)
2024_11_13_T17:18:59 -  Model step took 0.05719614028930664 seconds
2024_11_13_T17:18:59 -  Metrics: sum_wealth took 2.9802322387695312e-5
2024_11_13_T17:18:59 -  Metrics: wealth_distribution took 0.0005249977111816406
2024_11_13_T17:18:59 -  Metrics: money_distribution took 0.00047779083251953125
2024_11_13_T17:18:59 -  Metrics: size_distribution took 0.0003871917724609375
2024_11_13_T17:18:59 -  Metrics: age_distribution took 0.0004520416259765625
2024_11_13_T17:19:01 -  Model step started
2024_11_13_T17:19:01 -  clearHangingSupplies started
2024_11_13_T17:19:01 -  clearHangingSupplies took 0.00010895729064941406
2024_11_13_T17:19:01 -  clearHangingRentalSupplies started
2024_11_13_T17:19:01 -  clearHangingRentalSupplies took 7.605552673339844e-5
2024_11_13_T17:19:01 -  clearHouseMarket started
2024_11_13_T17:19:01 -  clearHouseMarket - first block took 0.019650936126708984
2024_11_13_T17:19:01 -  clearHouseMarket - second block took 0.0006539821624755859
2024_11_13_T17:19:01 -  clearHouseMarket - third block took 0.00011587142944335938
2024_11_13_T17:19:01 -  clearRentalMarket started
2024_11_13_T17:19:01 -  clearRentalMarket - first block took 0.010022163391113281
2024_11_13_T17:19:01 -  clearRentalMarket - second block took 0.00556182861328125
2024_11_13_T17:19:01 -  Pushed house into housesBuiltPerRegion (location,size) = (Lisboa, LessThan75)
2024_11_13_T17:19:01 -  Pushed house into housesBuiltPerRegion (location,size) = (VilaFrancaDeXira, LessThan50)
2024_11_13_T17:19:01 -  Pushed house into housesBuiltPerRegion (location,size) = (Alcochete, More)
2024_11_13_T17:19:01 -  Pushed house into housesBuiltPerRegion (location,size) = (Almada, LessThan50)
2024_11_13_T17:19:01 -  Pushed house into housesBuiltPerRegion (location,size) = (Palmela, More)
2024_11_13_T17:19:01 -  Pushed house into housesBuiltPerRegion (location,size) = (Seixal, LessThan75)
2024_11_13_T17:19:01 -  Pushed house into housesBuiltPerRegion (location,size) = (Seixal, LessThan125)
2024_11_13_T17:19:01 -  Model step took 0.05323505401611328 seconds
2024_11_13_T17:19:01 -  Metrics: sum_wealth took 3.218650817871094e-5
2024_11_13_T17:19:01 -  Metrics: wealth_distribution took 0.000514984130859375
2024_11_13_T17:19:01 -  Metrics: money_distribution took 0.0004429817199707031
2024_11_13_T17:19:01 -  Metrics: size_distribution took 0.00039505958557128906
2024_11_13_T17:19:01 -  Metrics: age_distribution took 0.0004291534423828125
2024_11_13_T17:19:03 -  Model step started
2024_11_13_T17:19:03 -  clearHangingSupplies started
2024_11_13_T17:19:03 -  clearHangingSupplies took 0.0001220703125
2024_11_13_T17:19:03 -  clearHangingRentalSupplies started
2024_11_13_T17:19:03 -  clearHangingRentalSupplies took 8.20159912109375e-5
2024_11_13_T17:19:03 -  clearHouseMarket started
2024_11_13_T17:19:03 -  clearHouseMarket - first block took 0.024842023849487305
2024_11_13_T17:19:03 -  clearHouseMarket - second block took 0.0019829273223876953
2024_11_13_T17:19:03 -  clearHouseMarket - third block took 0.00010800361633300781
2024_11_13_T17:19:03 -  clearRentalMarket started
2024_11_13_T17:19:03 -  clearRentalMarket - first block took 0.010374069213867188
2024_11_13_T17:19:03 -  clearRentalMarket - second block took 7.796287536621094e-5
2024_11_13_T17:19:03 -  Pushed house into housesBuiltPerRegion (location,size) = (Lisboa, LessThan50)
2024_11_13_T17:19:03 -  Model step took 0.0525670051574707 seconds
2024_11_13_T17:19:03 -  Metrics: sum_wealth took 2.8133392333984375e-5
2024_11_13_T17:19:03 -  Metrics: wealth_distribution took 0.0004489421844482422
2024_11_13_T17:19:03 -  Metrics: money_distribution took 0.00040411949157714844
2024_11_13_T17:19:03 -  Metrics: size_distribution took 0.0004248619079589844
2024_11_13_T17:19:03 -  Metrics: age_distribution took 0.0004820823669433594
2024_11_13_T17:19:05 -  Model step started
2024_11_13_T17:19:05 -  clearHangingSupplies started
2024_11_13_T17:19:05 -  clearHangingSupplies took 0.00019097328186035156
2024_11_13_T17:19:05 -  clearHangingRentalSupplies started
2024_11_13_T17:19:05 -  clearHangingRentalSupplies took 8.082389831542969e-5
2024_11_13_T17:19:05 -  clearHouseMarket started
2024_11_13_T17:19:05 -  clearHouseMarket - first block took 0.02398991584777832
2024_11_13_T17:19:05 -  clearHouseMarket - second block took 0.0011990070343017578
2024_11_13_T17:19:05 -  clearHouseMarket - third block took 7.510185241699219e-5
2024_11_13_T17:19:05 -  clearRentalMarket started
2024_11_13_T17:19:05 -  clearRentalMarket - first block took 0.011604785919189453
2024_11_13_T17:19:05 -  clearRentalMarket - second block took 8.487701416015625e-5
2024_11_13_T17:19:05 -  Pushed house into housesBuiltPerRegion (location,size) = (Mafra, More)
2024_11_13_T17:19:05 -  Pushed house into housesBuiltPerRegion (location,size) = (Oeiras, More)
2024_11_13_T17:19:05 -  Pushed house into housesBuiltPerRegion (location,size) = (Alcochete, LessThan50)
2024_11_13_T17:19:05 -  Pushed house into housesBuiltPerRegion (location,size) = (Montijo, LessThan50)
2024_11_13_T17:19:05 -  Model step took 0.0532679557800293 seconds
2024_11_13_T17:19:05 -  Metrics: sum_wealth took 2.8848648071289062e-5
2024_11_13_T17:19:05 -  Metrics: wealth_distribution took 0.0004749298095703125
2024_11_13_T17:19:05 -  Metrics: money_distribution took 0.0009069442749023438
2024_11_13_T17:19:05 -  Metrics: size_distribution took 0.0003650188446044922
2024_11_13_T17:19:05 -  Metrics: age_distribution took 0.0004909038543701172
2024_11_13_T17:19:07 -  Model step started
2024_11_13_T17:19:07 -  clearHangingSupplies started
2024_11_13_T17:19:07 -  clearHangingSupplies took 0.00010609626770019531
2024_11_13_T17:19:07 -  clearHangingRentalSupplies started
2024_11_13_T17:19:07 -  clearHangingRentalSupplies took 6.318092346191406e-5
2024_11_13_T17:19:07 -  clearHouseMarket started
2024_11_13_T17:19:07 -  clearHouseMarket - first block took 0.022737979888916016
2024_11_13_T17:19:07 -  clearHouseMarket - second block took 0.002452850341796875
2024_11_13_T17:19:07 -  clearHouseMarket - third block took 0.0003731250762939453
2024_11_13_T17:19:07 -  clearRentalMarket started
2024_11_13_T17:19:07 -  clearRentalMarket - first block took 0.012317180633544922
2024_11_13_T17:19:07 -  clearRentalMarket - second block took 0.00010895729064941406
2024_11_13_T17:19:07 -  Pushed house into housesBuiltPerRegion (location,size) = (Lisboa, LessThan125)
2024_11_13_T17:19:07 -  Pushed house into housesBuiltPerRegion (location,size) = (Mafra, LessThan125)
2024_11_13_T17:19:07 -  Pushed house into housesBuiltPerRegion (location,size) = (Sintra, More)
2024_11_13_T17:19:07 -  Pushed house into housesBuiltPerRegion (location,size) = (Seixal, More)
2024_11_13_T17:19:07 -  Model step took 0.061254024505615234 seconds
2024_11_13_T17:19:07 -  Metrics: sum_wealth took 5.412101745605469e-5
2024_11_13_T17:19:07 -  Metrics: wealth_distribution took 0.0006351470947265625
2024_11_13_T17:19:07 -  Metrics: money_distribution took 0.0007190704345703125
2024_11_13_T17:19:07 -  Metrics: size_distribution took 0.0005638599395751953
2024_11_13_T17:19:07 -  Metrics: age_distribution took 0.0006499290466308594
2024_11_13_T17:19:09 -  Model step started
2024_11_13_T17:19:09 -  clearHangingSupplies started
2024_11_13_T17:19:09 -  clearHangingSupplies took 0.0001049041748046875
2024_11_13_T17:19:09 -  clearHangingRentalSupplies started
2024_11_13_T17:19:09 -  clearHangingRentalSupplies took 6.198883056640625e-5
2024_11_13_T17:19:09 -  clearHouseMarket started
2024_11_13_T17:19:09 -  clearHouseMarket - first block took 0.022294998168945312
2024_11_13_T17:19:09 -  clearHouseMarket - second block took 0.0008630752563476562
2024_11_13_T17:19:09 -  clearHouseMarket - third block took 0.00011181831359863281
2024_11_13_T17:19:09 -  clearRentalMarket started
2024_11_13_T17:19:09 -  clearRentalMarket - first block took 0.017442941665649414
2024_11_13_T17:19:09 -  clearRentalMarket - second block took 0.00012111663818359375
2024_11_13_T17:19:09 -  Pushed house into housesBuiltPerRegion (location,size) = (Odivelas, LessThan125)
2024_11_13_T17:19:09 -  Model step took 0.06044411659240723 seconds
2024_11_13_T17:19:09 -  Metrics: sum_wealth took 5.0067901611328125e-5
2024_11_13_T17:19:09 -  Metrics: wealth_distribution took 0.0009570121765136719
2024_11_13_T17:19:09 -  Metrics: money_distribution took 0.0026810169219970703
2024_11_13_T17:19:09 -  Metrics: size_distribution took 0.0006089210510253906
2024_11_13_T17:19:09 -  Metrics: age_distribution took 0.0006821155548095703
2024_11_13_T17:19:11 -  Model step started
2024_11_13_T17:19:11 -  clearHangingSupplies started
2024_11_13_T17:19:11 -  clearHangingSupplies took 9.703636169433594e-5
2024_11_13_T17:19:11 -  clearHangingRentalSupplies started
2024_11_13_T17:19:11 -  clearHangingRentalSupplies took 5.698204040527344e-5
2024_11_13_T17:19:11 -  clearHouseMarket started
2024_11_13_T17:19:11 -  clearHouseMarket - first block took 0.027467966079711914
2024_11_13_T17:19:11 -  clearHouseMarket - second block took 0.001210927963256836
2024_11_13_T17:19:11 -  clearHouseMarket - third block took 9.083747863769531e-5
2024_11_13_T17:19:11 -  clearRentalMarket started
2024_11_13_T17:19:11 -  clearRentalMarket - first block took 0.011520862579345703
2024_11_13_T17:19:11 -  clearRentalMarket - second block took 9.393692016601562e-5
2024_11_13_T17:19:11 -  Model step took 0.05494117736816406 seconds
2024_11_13_T17:19:11 -  Metrics: sum_wealth took 2.9087066650390625e-5
2024_11_13_T17:19:11 -  Metrics: wealth_distribution took 0.0004730224609375
2024_11_13_T17:19:11 -  Metrics: money_distribution took 0.0004551410675048828
2024_11_13_T17:19:11 -  Metrics: size_distribution took 0.0003681182861328125
2024_11_13_T17:19:11 -  Metrics: age_distribution took 0.00044989585876464844
2024_11_13_T17:19:13 -  Model step started
2024_11_13_T17:19:13 -  clearHangingSupplies started
2024_11_13_T17:19:13 -  clearHangingSupplies took 0.01209402084350586
2024_11_13_T17:19:13 -  clearHangingRentalSupplies started
2024_11_13_T17:19:13 -  clearHangingRentalSupplies took 0.000247955322265625
2024_11_13_T17:19:13 -  clearHouseMarket started
2024_11_13_T17:19:13 -  clearHouseMarket - first block took 0.04752302169799805
2024_11_13_T17:19:13 -  clearHouseMarket - second block took 0.0013239383697509766
2024_11_13_T17:19:13 -  clearHouseMarket - third block took 0.0002510547637939453
2024_11_13_T17:19:13 -  clearRentalMarket started
2024_11_13_T17:19:13 -  clearRentalMarket - first block took 0.01119089126586914
2024_11_13_T17:19:13 -  clearRentalMarket - second block took 8.392333984375e-5
2024_11_13_T17:19:13 -  Pushed house into housesBuiltPerRegion (location,size) = (Amadora, LessThan50)
2024_11_13_T17:19:13 -  Pushed house into housesBuiltPerRegion (location,size) = (Cascais, More)
2024_11_13_T17:19:13 -  Pushed house into housesBuiltPerRegion (location,size) = (Lisboa, More)
2024_11_13_T17:19:13 -  Pushed house into housesBuiltPerRegion (location,size) = (Seixal, LessThan75)
2024_11_13_T17:19:13 -  Model step took 0.08806800842285156 seconds
2024_11_13_T17:19:13 -  Metrics: sum_wealth took 3.0040740966796875e-5
2024_11_13_T17:19:13 -  Metrics: wealth_distribution took 0.0004589557647705078
2024_11_13_T17:19:13 -  Metrics: money_distribution took 0.0004630088806152344
2024_11_13_T17:19:13 -  Metrics: size_distribution took 0.0004100799560546875
2024_11_13_T17:19:13 -  Metrics: age_distribution took 0.00043487548828125
2024_11_13_T17:19:15 -  Model step started
2024_11_13_T17:19:15 -  clearHangingSupplies started
2024_11_13_T17:19:15 -  clearHangingSupplies took 0.0003421306610107422
2024_11_13_T17:19:15 -  clearHangingRentalSupplies started
2024_11_13_T17:19:15 -  clearHangingRentalSupplies took 0.00015306472778320312
2024_11_13_T17:19:15 -  clearHouseMarket started
2024_11_13_T17:19:15 -  clearHouseMarket - first block took 0.03975391387939453
2024_11_13_T17:19:15 -  clearHouseMarket - second block took 0.017695903778076172
2024_11_13_T17:19:15 -  clearHouseMarket - third block took 0.00017714500427246094
2024_11_13_T17:19:15 -  clearRentalMarket started
2024_11_13_T17:19:15 -  clearRentalMarket - first block took 0.014876842498779297
2024_11_13_T17:19:15 -  clearRentalMarket - second block took 0.00011301040649414062
