2024_11_14_T14:46:40 -  finished initateHouses in 0.4782748222351074 seconds
2024_11_14_T14:46:40 -  finished initiateHouseholds in 0.6239969730377197 seconds
2024_11_14_T14:46:40 -  All houses for rental were assigned in Lisboa
2024_11_14_T14:46:40 -  All houses for rental were assigned in Lisboa
2024_11_14_T14:46:40 -  All houses for rental were assigned in Lisboa
2024_11_14_T14:46:40 -  All houses for rental were assigned in Lisboa
2024_11_14_T14:46:40 -  All houses for rental were assigned in Lisboa
2024_11_14_T14:46:40 -  All houses for rental were assigned in Lisboa
2024_11_14_T14:46:40 -  All houses for rental were assigned in Lisboa
2024_11_14_T14:46:40 -  All houses for rental were assigned in Lisboa
2024_11_14_T14:46:40 -  All houses for rental were assigned in Lisboa
2024_11_14_T14:46:40 -  All houses for rental were assigned in Lisboa
2024_11_14_T14:46:40 -  All houses for rental were assigned in Lisboa
2024_11_14_T14:46:40 -  All houses for rental were assigned in Lisboa
2024_11_14_T14:46:40 -  All houses for rental were assigned in Lisboa
2024_11_14_T14:46:40 -  All houses for rental were assigned in Lisboa
2024_11_14_T14:46:40 -  All houses for rental were assigned in Lisboa
2024_11_14_T14:46:40 -  All houses for rental were assigned in Lisboa
2024_11_14_T14:46:40 -  All houses for rental were assigned in Lisboa
2024_11_14_T14:46:40 -  All houses for rental were assigned in Lisboa
2024_11_14_T14:46:40 -  All houses for rental were assigned in Lisboa
2024_11_14_T14:46:40 -  All houses for rental were assigned in Lisboa
2024_11_14_T14:46:40 -  All houses for rental were assigned in Lisboa
2024_11_14_T14:46:40 -  All houses for rental were assigned in Lisboa
2024_11_14_T14:46:40 -  All houses for rental were assigned in Lisboa
2024_11_14_T14:46:40 -  All houses for rental were assigned in Lisboa
2024_11_14_T14:46:40 -  All houses for rental were assigned in Lisboa
2024_11_14_T14:46:40 -  All houses for rental were assigned in Lisboa
2024_11_14_T14:46:40 -  All houses for rental were assigned in Lisboa
2024_11_14_T14:46:40 -  All houses for rental were assigned in Lisboa
2024_11_14_T14:46:40 -  All houses for rental were assigned in Lisboa
2024_11_14_T14:46:40 -  All houses for rental were assigned in Lisboa
2024_11_14_T14:46:40 -  All houses for rental were assigned in Lisboa
2024_11_14_T14:46:40 -  All houses for rental were assigned in Lisboa
2024_11_14_T14:46:40 -  All houses for rental were assigned in Lisboa
2024_11_14_T14:46:40 -  All houses for rental were assigned in Lisboa
2024_11_14_T14:46:40 -  All houses for rental were assigned in Lisboa
2024_11_14_T14:46:40 -  All houses for rental were assigned in Lisboa
2024_11_14_T14:46:40 -  All houses for rental were assigned in Lisboa
2024_11_14_T14:46:40 -  All houses for rental were assigned in Lisboa
2024_11_14_T14:46:40 -  All houses for rental were assigned in Lisboa
2024_11_14_T14:46:40 -  All houses for rental were assigned in Lisboa
2024_11_14_T14:46:40 -  All houses for rental were assigned in Lisboa
2024_11_14_T14:46:40 -  All houses for rental were assigned in Lisboa
2024_11_14_T14:46:40 -  All houses for rental were assigned in Lisboa
2024_11_14_T14:46:40 -  All houses for rental were assigned in Lisboa
2024_11_14_T14:46:40 -  All houses for rental were assigned in Lisboa
2024_11_14_T14:46:40 -  All houses for rental were assigned in Lisboa
2024_11_14_T14:46:40 -  All houses for rental were assigned in Lisboa
2024_11_14_T14:46:40 -  All houses for rental were assigned in Lisboa
2024_11_14_T14:46:40 -  All houses for rental were assigned in Lisboa
2024_11_14_T14:46:40 -  All houses for rental were assigned in Lisboa
2024_11_14_T14:46:40 -  All houses for rental were assigned in Lisboa
2024_11_14_T14:46:40 -  All houses for rental were assigned in Lisboa
2024_11_14_T14:46:40 -  All houses for rental were assigned in Lisboa
2024_11_14_T14:46:40 -  All houses for rental were assigned in Lisboa
2024_11_14_T14:46:40 -  All houses for rental were assigned in Lisboa
2024_11_14_T14:46:40 -  All houses for rental were assigned in Lisboa
2024_11_14_T14:46:40 -  All houses for rental were assigned in Lisboa
2024_11_14_T14:46:40 -  All houses for rental were assigned in Lisboa
2024_11_14_T14:46:40 -  All houses for rental were assigned in Lisboa
2024_11_14_T14:46:40 -  All houses for rental were assigned in Lisboa
2024_11_14_T14:46:40 -  All houses for rental were assigned in Lisboa
2024_11_14_T14:46:40 -  All houses for rental were assigned in Lisboa
2024_11_14_T14:46:40 -  All houses for rental were assigned in Lisboa
2024_11_14_T14:46:40 -  All houses for rental were assigned in Lisboa
2024_11_14_T14:46:40 -  All houses for rental were assigned in Lisboa
2024_11_14_T14:46:40 -  All houses for rental were assigned in Lisboa
2024_11_14_T14:46:40 -  All houses for rental were assigned in Lisboa
2024_11_14_T14:46:40 -  All houses for rental were assigned in Lisboa
2024_11_14_T14:46:40 -  All houses for rental were assigned in Lisboa
2024_11_14_T14:46:40 -  All houses for rental were assigned in Lisboa
2024_11_14_T14:46:40 -  All houses for rental were assigned in Lisboa
2024_11_14_T14:46:40 -  All houses for rental were assigned in Lisboa
2024_11_14_T14:46:40 -  All houses for rental were assigned in Lisboa
2024_11_14_T14:46:40 -  All houses for rental were assigned in Lisboa
2024_11_14_T14:46:40 -  All houses for rental were assigned in Lisboa
2024_11_14_T14:46:40 -  All houses for rental were assigned in Lisboa
2024_11_14_T14:46:40 -  All houses for rental were assigned in Lisboa
2024_11_14_T14:46:40 -  All houses for rental were assigned in Lisboa
2024_11_14_T14:46:40 -  All houses for rental were assigned in Lisboa
2024_11_14_T14:46:40 -  All houses for rental were assigned in Lisboa
2024_11_14_T14:46:40 -  All houses for rental were assigned in Lisboa
2024_11_14_T14:46:40 -  All houses for rental were assigned in Lisboa
2024_11_14_T14:46:40 -  All houses for rental were assigned in Lisboa
2024_11_14_T14:46:40 -  All houses for rental were assigned in Lisboa
2024_11_14_T14:46:40 -  All houses for rental were assigned in Lisboa
2024_11_14_T14:46:40 -  All houses for rental were assigned in Lisboa
2024_11_14_T14:46:40 -  All houses for rental were assigned in Lisboa
2024_11_14_T14:46:40 -  All houses for rental were assigned in Lisboa
2024_11_14_T14:46:40 -  All houses for rental were assigned in Lisboa
2024_11_14_T14:46:40 -  All houses for rental were assigned in Lisboa
2024_11_14_T14:46:40 -  All houses for rental were assigned in Lisboa
2024_11_14_T14:46:40 -  All houses for rental were assigned in Lisboa
2024_11_14_T14:46:40 -  All houses for rental were assigned in Lisboa
2024_11_14_T14:46:40 -  All houses for rental were assigned in Lisboa
2024_11_14_T14:46:40 -  All houses for rental were assigned in Lisboa
2024_11_14_T14:46:40 -  All houses for rental were assigned in Lisboa
2024_11_14_T14:46:40 -  All houses for rental were assigned in Lisboa
2024_11_14_T14:46:40 -  All houses for rental were assigned in Lisboa
2024_11_14_T14:46:40 -  All houses for rental were assigned in Lisboa
2024_11_14_T14:46:40 -  All houses for rental were assigned in Lisboa
2024_11_14_T14:46:40 -  All houses for rental were assigned in Lisboa
2024_11_14_T14:46:40 -  All houses for rental were assigned in Lisboa
2024_11_14_T14:46:40 -  All houses for rental were assigned in Lisboa
2024_11_14_T14:46:40 -  All houses for rental were assigned in Lisboa
2024_11_14_T14:46:40 -  All houses for rental were assigned in Lisboa
2024_11_14_T14:46:40 -  All houses for rental were assigned in Lisboa
2024_11_14_T14:46:40 -  All houses for rental were assigned in Lisboa
2024_11_14_T14:46:40 -  All houses for rental were assigned in Lisboa
2024_11_14_T14:46:40 -  All houses for rental were assigned in Lisboa
2024_11_14_T14:46:40 -  All houses for rental were assigned in Lisboa
2024_11_14_T14:46:40 -  All houses for rental were assigned in Lisboa
2024_11_14_T14:46:40 -  All houses for rental were assigned in Lisboa
2024_11_14_T14:46:40 -  All houses for rental were assigned in Lisboa
2024_11_14_T14:46:40 -  All houses for rental were assigned in Lisboa
2024_11_14_T14:46:40 -  All houses for rental were assigned in Lisboa
2024_11_14_T14:46:40 -  All houses for rental were assigned in Lisboa
2024_11_14_T14:46:40 -  All houses for rental were assigned in Lisboa
2024_11_14_T14:46:40 -  All houses for rental were assigned in Lisboa
2024_11_14_T14:46:40 -  All houses for rental were assigned in Lisboa
2024_11_14_T14:46:40 -  All houses for rental were assigned in Lisboa
2024_11_14_T14:46:40 -  All houses for rental were assigned in Lisboa
2024_11_14_T14:46:40 -  All houses for rental were assigned in Lisboa
2024_11_14_T14:46:40 -  All houses for rental were assigned in Lisboa
2024_11_14_T14:46:40 -  All houses for rental were assigned in Lisboa
2024_11_14_T14:46:40 -  All houses for rental were assigned in Lisboa
2024_11_14_T14:46:40 -  All houses for rental were assigned in Lisboa
2024_11_14_T14:46:40 -  All houses for rental were assigned in Lisboa
2024_11_14_T14:46:40 -  All houses for rental were assigned in Lisboa
2024_11_14_T14:46:40 -  All houses for rental were assigned in Lisboa
2024_11_14_T14:46:40 -  All houses for rental were assigned in Lisboa
2024_11_14_T14:46:40 -  All houses for rental were assigned in Lisboa
2024_11_14_T14:46:40 -  All houses for rental were assigned in Lisboa
2024_11_14_T14:46:40 -  All houses for rental were assigned in Lisboa
2024_11_14_T14:46:40 -  All houses for rental were assigned in Lisboa
2024_11_14_T14:46:40 -  All houses for rental were assigned in Lisboa
2024_11_14_T14:46:40 -  All houses for rental were assigned in Lisboa
2024_11_14_T14:46:40 -  All houses for rental were assigned in Lisboa
2024_11_14_T14:46:40 -  All houses for rental were assigned in Lisboa
2024_11_14_T14:46:40 -  All houses for rental were assigned in Lisboa
2024_11_14_T14:46:40 -  All houses for rental were assigned in Lisboa
2024_11_14_T14:46:40 -  All houses for rental were assigned in Lisboa
2024_11_14_T14:46:40 -  All houses for rental were assigned in Lisboa
2024_11_14_T14:46:40 -  All houses for rental were assigned in Lisboa
2024_11_14_T14:46:40 -  All houses for rental were assigned in Lisboa
2024_11_14_T14:46:40 -  All houses for rental were assigned in Lisboa
2024_11_14_T14:46:40 -  All houses for rental were assigned in Lisboa
2024_11_14_T14:46:40 -  All houses for rental were assigned in Lisboa
2024_11_14_T14:46:40 -  All houses for rental were assigned in Lisboa
2024_11_14_T14:46:40 -  All houses for rental were assigned in Lisboa
2024_11_14_T14:46:40 -  All houses for rental were assigned in Lisboa
2024_11_14_T14:46:40 -  All houses for rental were assigned in Lisboa
2024_11_14_T14:46:40 -  All houses for rental were assigned in Lisboa
2024_11_14_T14:46:40 -  All houses for rental were assigned in Lisboa
2024_11_14_T14:46:40 -  All houses for rental were assigned in Lisboa
2024_11_14_T14:46:40 -  All houses for rental were assigned in Lisboa
2024_11_14_T14:46:40 -  All houses for rental were assigned in Lisboa
2024_11_14_T14:46:40 -  All houses for rental were assigned in Lisboa
2024_11_14_T14:46:40 -  All houses for rental were assigned in Lisboa
2024_11_14_T14:46:40 -  All houses for rental were assigned in Lisboa
2024_11_14_T14:46:40 -  All houses for rental were assigned in Lisboa
2024_11_14_T14:46:40 -  All houses for rental were assigned in Lisboa
2024_11_14_T14:46:40 -  All houses for rental were assigned in Lisboa
2024_11_14_T14:46:40 -  All houses for rental were assigned in Lisboa
2024_11_14_T14:46:40 -  All houses for rental were assigned in Lisboa
2024_11_14_T14:46:40 -  All houses for rental were assigned in Lisboa
2024_11_14_T14:46:40 -  All houses for rental were assigned in Lisboa
2024_11_14_T14:46:40 -  All houses for rental were assigned in Lisboa
2024_11_14_T14:46:40 -  All houses for rental were assigned in Lisboa
2024_11_14_T14:46:40 -  All houses for rental were assigned in Lisboa
2024_11_14_T14:46:40 -  All houses for rental were assigned in Lisboa
2024_11_14_T14:46:40 -  All houses for rental were assigned in Lisboa
2024_11_14_T14:46:40 -  All houses for rental were assigned in Lisboa
2024_11_14_T14:46:40 -  All houses for rental were assigned in Lisboa
2024_11_14_T14:46:40 -  All houses for rental were assigned in Lisboa
2024_11_14_T14:46:40 -  All houses for rental were assigned in Lisboa
2024_11_14_T14:46:40 -  All houses for rental were assigned in Lisboa
2024_11_14_T14:46:40 -  All houses for rental were assigned in Lisboa
2024_11_14_T14:46:40 -  All houses for rental were assigned in Lisboa
2024_11_14_T14:46:40 -  All houses for rental were assigned in Lisboa
2024_11_14_T14:46:40 -  All houses for rental were assigned in Lisboa
2024_11_14_T14:46:40 -  All houses for rental were assigned in Lisboa
2024_11_14_T14:46:40 -  All houses for rental were assigned in Lisboa
2024_11_14_T14:46:40 -  All houses for rental were assigned in Lisboa
2024_11_14_T14:46:40 -  All houses for rental were assigned in Lisboa
2024_11_14_T14:46:40 -  All houses for rental were assigned in Lisboa
2024_11_14_T14:46:40 -  All houses for rental were assigned in Lisboa
2024_11_14_T14:46:40 -  All houses for rental were assigned in Lisboa
2024_11_14_T14:46:40 -  All houses for rental were assigned in Lisboa
2024_11_14_T14:46:40 -  All houses for rental were assigned in Lisboa
2024_11_14_T14:46:40 -  All houses for rental were assigned in Lisboa
2024_11_14_T14:46:40 -  All houses for rental were assigned in Lisboa
2024_11_14_T14:46:40 -  All houses for rental were assigned in Lisboa
2024_11_14_T14:46:40 -  All houses for rental were assigned in Lisboa
2024_11_14_T14:46:40 -  All houses for rental were assigned in Lisboa
2024_11_14_T14:46:40 -  All houses for rental were assigned in Lisboa
2024_11_14_T14:46:40 -  All houses for rental were assigned in Lisboa
2024_11_14_T14:46:40 -  All houses for rental were assigned in Lisboa
2024_11_14_T14:46:40 -  All houses for rental were assigned in Lisboa
2024_11_14_T14:46:40 -  All houses for rental were assigned in Lisboa
2024_11_14_T14:46:40 -  All houses for rental were assigned in Lisboa
2024_11_14_T14:46:40 -  All houses for rental were assigned in Lisboa
2024_11_14_T14:46:40 -  All houses for rental were assigned in Lisboa
2024_11_14_T14:46:40 -  All houses for rental were assigned in Lisboa
2024_11_14_T14:46:40 -  All houses for rental were assigned in Lisboa
2024_11_14_T14:46:40 -  All houses for rental were assigned in Lisboa
2024_11_14_T14:46:40 -  All houses for rental were assigned in Lisboa
2024_11_14_T14:46:40 -  All houses for rental were assigned in Lisboa
2024_11_14_T14:46:40 -  All houses for rental were assigned in Lisboa
2024_11_14_T14:46:40 -  All houses for rental were assigned in Lisboa
2024_11_14_T14:46:40 -  All houses for rental were assigned in Lisboa
2024_11_14_T14:46:40 -  All houses for rental were assigned in Lisboa
2024_11_14_T14:46:40 -  All houses for rental were assigned in Lisboa
2024_11_14_T14:46:40 -  All houses for rental were assigned in Lisboa
2024_11_14_T14:46:40 -  All houses for rental were assigned in Lisboa
2024_11_14_T14:46:40 -  All houses for rental were assigned in Lisboa
2024_11_14_T14:46:40 -  All houses for rental were assigned in Lisboa
2024_11_14_T14:46:40 -  All houses for rental were assigned in Lisboa
2024_11_14_T14:46:40 -  All houses for rental were assigned in Lisboa
2024_11_14_T14:46:40 -  All houses for rental were assigned in Lisboa
2024_11_14_T14:46:40 -  All houses for rental were assigned in Lisboa
2024_11_14_T14:46:40 -  All houses for rental were assigned in Lisboa
2024_11_14_T14:46:40 -  All houses for rental were assigned in Lisboa
2024_11_14_T14:46:40 -  All houses for rental were assigned in Lisboa
2024_11_14_T14:46:40 -  All houses for rental were assigned in Lisboa
2024_11_14_T14:46:40 -  All houses for rental were assigned in Lisboa
2024_11_14_T14:46:40 -  All houses for rental were assigned in Lisboa
2024_11_14_T14:46:40 -  All houses for rental were assigned in Lisboa
2024_11_14_T14:46:40 -  All houses for rental were assigned in Lisboa
2024_11_14_T14:46:40 -  All houses for rental were assigned in Lisboa
2024_11_14_T14:46:40 -  All houses for rental were assigned in Lisboa
2024_11_14_T14:46:40 -  All houses for rental were assigned in Lisboa
2024_11_14_T14:46:40 -  All houses for rental were assigned in Lisboa
2024_11_14_T14:46:40 -  All houses for rental were assigned in Lisboa
2024_11_14_T14:46:40 -  All houses for rental were assigned in Lisboa
2024_11_14_T14:46:40 -  All houses for rental were assigned in Lisboa
2024_11_14_T14:46:40 -  All houses for rental were assigned in Lisboa
2024_11_14_T14:46:40 -  All houses for rental were assigned in Lisboa
2024_11_14_T14:46:40 -  All houses for rental were assigned in Lisboa
2024_11_14_T14:46:40 -  All houses for rental were assigned in Lisboa
2024_11_14_T14:46:40 -  All houses for rental were assigned in Lisboa
2024_11_14_T14:46:40 -  All houses for rental were assigned in Lisboa
2024_11_14_T14:46:40 -  All houses for rental were assigned in Lisboa
2024_11_14_T14:46:40 -  All houses for rental were assigned in Lisboa
2024_11_14_T14:46:40 -  All houses for rental were assigned in Lisboa
2024_11_14_T14:46:40 -  All houses for rental were assigned in Lisboa
2024_11_14_T14:46:40 -  All houses for rental were assigned in Lisboa
2024_11_14_T14:46:40 -  All houses for rental were assigned in Lisboa
2024_11_14_T14:46:40 -  All houses for rental were assigned in Lisboa
2024_11_14_T14:46:40 -  All houses for rental were assigned in Lisboa
2024_11_14_T14:46:40 -  All houses for rental were assigned in Lisboa
2024_11_14_T14:46:40 -  All houses for rental were assigned in Lisboa
2024_11_14_T14:46:40 -  All houses for rental were assigned in Lisboa
2024_11_14_T14:46:40 -  All houses for rental were assigned in Lisboa
2024_11_14_T14:46:40 -  All houses for rental were assigned in Lisboa
2024_11_14_T14:46:40 -  All houses for rental were assigned in Lisboa
2024_11_14_T14:46:40 -  All houses for rental were assigned in Lisboa
2024_11_14_T14:46:40 -  All houses for rental were assigned in Lisboa
2024_11_14_T14:46:40 -  All houses for rental were assigned in Lisboa
2024_11_14_T14:46:40 -  All houses for rental were assigned in Lisboa
2024_11_14_T14:46:40 -  All houses for rental were assigned in Lisboa
2024_11_14_T14:46:40 -  All houses for rental were assigned in Lisboa
2024_11_14_T14:46:40 -  All houses for rental were assigned in Lisboa
2024_11_14_T14:46:40 -  All houses for rental were assigned in Lisboa
2024_11_14_T14:46:40 -  All houses for rental were assigned in Lisboa
2024_11_14_T14:46:40 -  All houses for rental were assigned in Lisboa
2024_11_14_T14:46:40 -  All houses for rental were assigned in Lisboa
2024_11_14_T14:46:40 -  All houses for rental were assigned in Lisboa
2024_11_14_T14:46:40 -  All houses for rental were assigned in Lisboa
2024_11_14_T14:46:40 -  All houses for rental were assigned in Lisboa
2024_11_14_T14:46:40 -  All houses for rental were assigned in Lisboa
2024_11_14_T14:46:40 -  All houses for rental were assigned in Lisboa
2024_11_14_T14:46:40 -  All houses for rental were assigned in Lisboa
2024_11_14_T14:46:40 -  All houses for rental were assigned in Lisboa
2024_11_14_T14:46:40 -  All houses for rental were assigned in Lisboa
2024_11_14_T14:46:40 -  All houses for rental were assigned in Lisboa
2024_11_14_T14:46:40 -  All houses for rental were assigned in Lisboa
2024_11_14_T14:46:40 -  All houses for rental were assigned in Lisboa
2024_11_14_T14:46:40 -  All houses for rental were assigned in Lisboa
2024_11_14_T14:46:40 -  All houses for rental were assigned in Lisboa
2024_11_14_T14:46:40 -  All houses for rental were assigned in Lisboa
2024_11_14_T14:46:40 -  All houses for rental were assigned in Lisboa
2024_11_14_T14:46:40 -  All houses for rental were assigned in Lisboa
2024_11_14_T14:46:40 -  All houses for rental were assigned in Lisboa
2024_11_14_T14:46:40 -  All houses for rental were assigned in Lisboa
2024_11_14_T14:46:40 -  All houses for rental were assigned in Lisboa
2024_11_14_T14:46:40 -  All houses for rental were assigned in Lisboa
2024_11_14_T14:46:40 -  All houses for rental were assigned in Lisboa
2024_11_14_T14:46:40 -  All houses for rental were assigned in Lisboa
2024_11_14_T14:46:40 -  All houses for rental were assigned in Lisboa
2024_11_14_T14:46:40 -  All houses for rental were assigned in Lisboa
2024_11_14_T14:46:40 -  All houses for rental were assigned in Lisboa
2024_11_14_T14:46:40 -  All houses for rental were assigned in Lisboa
2024_11_14_T14:46:40 -  All houses for rental were assigned in Lisboa
2024_11_14_T14:46:40 -  All houses for rental were assigned in Lisboa
2024_11_14_T14:46:40 -  All houses for rental were assigned in Lisboa
2024_11_14_T14:46:40 -  All houses for rental were assigned in Lisboa
2024_11_14_T14:46:40 -  All houses for rental were assigned in Lisboa
2024_11_14_T14:46:40 -  All houses for rental were assigned in Lisboa
2024_11_14_T14:46:40 -  All houses for rental were assigned in Lisboa
2024_11_14_T14:46:40 -  All houses for rental were assigned in Lisboa
2024_11_14_T14:46:40 -  All houses for rental were assigned in Lisboa
2024_11_14_T14:46:40 -  All houses for rental were assigned in Lisboa
2024_11_14_T14:46:40 -  All houses for rental were assigned in Lisboa
2024_11_14_T14:46:40 -  All houses for rental were assigned in Lisboa
2024_11_14_T14:46:40 -  All houses for rental were assigned in Lisboa
2024_11_14_T14:46:40 -  All houses for rental were assigned in Lisboa
2024_11_14_T14:46:40 -  All houses for rental were assigned in Lisboa
2024_11_14_T14:46:40 -  All houses for rental were assigned in Lisboa
2024_11_14_T14:46:40 -  All houses for rental were assigned in Lisboa
2024_11_14_T14:46:40 -  All houses for rental were assigned in Lisboa
2024_11_14_T14:46:40 -  All houses for rental were assigned in Lisboa
2024_11_14_T14:46:40 -  All houses for rental were assigned in Lisboa
2024_11_14_T14:46:40 -  All houses for rental were assigned in Lisboa
2024_11_14_T14:46:40 -  All houses for rental were assigned in Lisboa
2024_11_14_T14:46:40 -  All houses for rental were assigned in Lisboa
2024_11_14_T14:46:40 -  All houses for rental were assigned in Lisboa
2024_11_14_T14:46:40 -  All houses for rental were assigned in Lisboa
2024_11_14_T14:46:40 -  All houses for rental were assigned in Lisboa
2024_11_14_T14:46:40 -  All houses for rental were assigned in Lisboa
2024_11_14_T14:46:40 -  All houses for rental were assigned in Lisboa
2024_11_14_T14:46:40 -  All houses for rental were assigned in Lisboa
2024_11_14_T14:46:40 -  All houses for rental were assigned in Lisboa
2024_11_14_T14:46:40 -  All houses for rental were assigned in Lisboa
2024_11_14_T14:46:40 -  All houses for rental were assigned in Lisboa
2024_11_14_T14:46:40 -  All houses for rental were assigned in Lisboa
2024_11_14_T14:46:40 -  All houses for rental were assigned in Lisboa
2024_11_14_T14:46:40 -  All houses for rental were assigned in Lisboa
2024_11_14_T14:46:40 -  All houses for rental were assigned in Lisboa
2024_11_14_T14:46:40 -  All houses for rental were assigned in Lisboa
2024_11_14_T14:46:40 -  All houses for rental were assigned in Lisboa
2024_11_14_T14:46:40 -  All houses for rental were assigned in Lisboa
2024_11_14_T14:46:40 -  All houses for rental were assigned in Lisboa
2024_11_14_T14:46:40 -  All houses for rental were assigned in Lisboa
2024_11_14_T14:46:40 -  All houses for rental were assigned in Lisboa
2024_11_14_T14:46:40 -  All houses for rental were assigned in Lisboa
2024_11_14_T14:46:40 -  All houses for rental were assigned in Lisboa
2024_11_14_T14:46:40 -  All houses for rental were assigned in Lisboa
2024_11_14_T14:46:40 -  All houses for rental were assigned in Lisboa
2024_11_14_T14:46:40 -  All houses for rental were assigned in Lisboa
2024_11_14_T14:46:40 -  All houses for rental were assigned in Lisboa
2024_11_14_T14:46:40 -  All houses for rental were assigned in Lisboa
2024_11_14_T14:46:40 -  All houses for rental were assigned in Lisboa
2024_11_14_T14:46:40 -  All houses for rental were assigned in Lisboa
2024_11_14_T14:46:40 -  All houses for rental were assigned in Lisboa
2024_11_14_T14:46:40 -  All houses for rental were assigned in Lisboa
2024_11_14_T14:46:40 -  All houses for rental were assigned in Lisboa
2024_11_14_T14:46:40 -  All houses for rental were assigned in Lisboa
2024_11_14_T14:46:40 -  All houses for rental were assigned in Lisboa
2024_11_14_T14:46:40 -  All houses for rental were assigned in Lisboa
2024_11_14_T14:46:40 -  All houses for rental were assigned in Lisboa
2024_11_14_T14:46:40 -  All houses for rental were assigned in Lisboa
2024_11_14_T14:46:40 -  All houses for rental were assigned in Lisboa
2024_11_14_T14:46:40 -  All houses for rental were assigned in Lisboa
2024_11_14_T14:46:40 -  All houses for rental were assigned in Lisboa
2024_11_14_T14:46:40 -  All houses for rental were assigned in Lisboa
2024_11_14_T14:46:40 -  All houses for rental were assigned in Lisboa
2024_11_14_T14:46:40 -  All houses for rental were assigned in Lisboa
2024_11_14_T14:46:40 -  All houses for rental were assigned in Lisboa
2024_11_14_T14:46:40 -  All houses for rental were assigned in Lisboa
2024_11_14_T14:46:40 -  All houses for rental were assigned in Lisboa
2024_11_14_T14:46:40 -  All houses for rental were assigned in Lisboa
2024_11_14_T14:46:40 -  All houses for rental were assigned in Lisboa
2024_11_14_T14:46:40 -  All houses for rental were assigned in Lisboa
2024_11_14_T14:46:40 -  All houses for rental were assigned in Lisboa
2024_11_14_T14:46:40 -  All houses for rental were assigned in Lisboa
2024_11_14_T14:46:40 -  All houses for rental were assigned in Lisboa
2024_11_14_T14:46:40 -  All houses for rental were assigned in Lisboa
2024_11_14_T14:46:40 -  All houses for rental were assigned in Lisboa
2024_11_14_T14:46:40 -  All houses for rental were assigned in Lisboa
2024_11_14_T14:46:40 -  All houses for rental were assigned in Lisboa
2024_11_14_T14:46:40 -  All houses for rental were assigned in Lisboa
2024_11_14_T14:46:40 -  All houses for rental were assigned in Lisboa
2024_11_14_T14:46:40 -  All houses for rental were assigned in Lisboa
2024_11_14_T14:46:40 -  All houses for rental were assigned in Lisboa
2024_11_14_T14:46:40 -  All houses for rental were assigned in Lisboa
2024_11_14_T14:46:40 -  All houses for rental were assigned in Lisboa
2024_11_14_T14:46:40 -  All houses for rental were assigned in Lisboa
2024_11_14_T14:46:40 -  All houses for rental were assigned in Lisboa
2024_11_14_T14:46:40 -  All houses for rental were assigned in Lisboa
2024_11_14_T14:46:40 -  All houses for rental were assigned in Lisboa
2024_11_14_T14:46:40 -  All houses for rental were assigned in Lisboa
2024_11_14_T14:46:40 -  All houses for rental were assigned in Lisboa
2024_11_14_T14:46:40 -  All houses for rental were assigned in Lisboa
2024_11_14_T14:46:40 -  All houses for rental were assigned in Lisboa
2024_11_14_T14:46:40 -  All houses for rental were assigned in Lisboa
2024_11_14_T14:46:40 -  All houses for rental were assigned in Lisboa
2024_11_14_T14:46:40 -  All houses for rental were assigned in Lisboa
2024_11_14_T14:46:40 -  All houses for rental were assigned in Lisboa
2024_11_14_T14:46:40 -  All houses for rental were assigned in Lisboa
2024_11_14_T14:46:40 -  All houses for rental were assigned in Lisboa
2024_11_14_T14:46:40 -  All houses for rental were assigned in Lisboa
2024_11_14_T14:46:40 -  All houses for rental were assigned in Lisboa
2024_11_14_T14:46:40 -  All houses for rental were assigned in Lisboa
2024_11_14_T14:46:40 -  All houses for rental were assigned in Lisboa
2024_11_14_T14:46:40 -  All houses for rental were assigned in Lisboa
2024_11_14_T14:46:40 -  All houses for rental were assigned in Lisboa
2024_11_14_T14:46:40 -  All houses for rental were assigned in Lisboa
2024_11_14_T14:46:40 -  All houses for rental were assigned in Lisboa
2024_11_14_T14:46:40 -  All houses for rental were assigned in Lisboa
2024_11_14_T14:46:40 -  All houses for rental were assigned in Lisboa
2024_11_14_T14:46:40 -  All houses for rental were assigned in Lisboa
2024_11_14_T14:46:40 -  All houses for rental were assigned in Lisboa
2024_11_14_T14:46:40 -  All houses for rental were assigned in Lisboa
2024_11_14_T14:46:40 -  All houses for rental were assigned in Lisboa
2024_11_14_T14:46:40 -  All houses for rental were assigned in Lisboa
2024_11_14_T14:46:40 -  All houses for rental were assigned in Lisboa
2024_11_14_T14:46:40 -  All houses for rental were assigned in Lisboa
2024_11_14_T14:46:40 -  All houses for rental were assigned in Lisboa
2024_11_14_T14:46:40 -  All houses for rental were assigned in Lisboa
2024_11_14_T14:46:40 -  All houses for rental were assigned in Lisboa
2024_11_14_T14:46:40 -  All houses for rental were assigned in Lisboa
2024_11_14_T14:46:40 -  All houses for rental were assigned in Lisboa
2024_11_14_T14:46:40 -  All houses for rental were assigned in Lisboa
2024_11_14_T14:46:40 -  All houses for rental were assigned in Lisboa
2024_11_14_T14:46:40 -  All houses for rental were assigned in Lisboa
2024_11_14_T14:46:40 -  All houses for rental were assigned in Lisboa
2024_11_14_T14:46:40 -  All houses for rental were assigned in Lisboa
2024_11_14_T14:46:40 -  All houses for rental were assigned in Lisboa
2024_11_14_T14:46:40 -  All houses for rental were assigned in Lisboa
2024_11_14_T14:46:40 -  All houses for rental were assigned in Lisboa
2024_11_14_T14:46:40 -  All houses for rental were assigned in Lisboa
2024_11_14_T14:46:40 -  All houses for rental were assigned in Lisboa
2024_11_14_T14:46:40 -  All houses for rental were assigned in Lisboa
2024_11_14_T14:46:40 -  All houses for rental were assigned in Lisboa
2024_11_14_T14:46:40 -  All houses for rental were assigned in Lisboa
2024_11_14_T14:46:40 -  All houses for rental were assigned in Lisboa
2024_11_14_T14:46:40 -  All houses for rental were assigned in Lisboa
2024_11_14_T14:46:40 -  All houses for rental were assigned in Lisboa
2024_11_14_T14:46:40 -  All houses for rental were assigned in Lisboa
2024_11_14_T14:46:40 -  All houses for rental were assigned in Lisboa
2024_11_14_T14:46:40 -  All houses for rental were assigned in Lisboa
2024_11_14_T14:46:40 -  All houses for rental were assigned in Lisboa
2024_11_14_T14:46:40 -  All houses for rental were assigned in Lisboa
2024_11_14_T14:46:40 -  All houses for rental were assigned in Lisboa
2024_11_14_T14:46:40 -  All houses for rental were assigned in Lisboa
2024_11_14_T14:46:40 -  All houses for rental were assigned in Lisboa
2024_11_14_T14:46:40 -  All houses for rental were assigned in Lisboa
2024_11_14_T14:46:40 -  All houses for rental were assigned in Lisboa
2024_11_14_T14:46:40 -  All houses for rental were assigned in Lisboa
2024_11_14_T14:46:40 -  All houses for rental were assigned in Lisboa
2024_11_14_T14:46:40 -  All houses for rental were assigned in Lisboa
2024_11_14_T14:46:40 -  All houses for rental were assigned in Lisboa
2024_11_14_T14:46:40 -  All houses for rental were assigned in Lisboa
2024_11_14_T14:46:40 -  All houses for rental were assigned in Lisboa
2024_11_14_T14:46:40 -  All houses for rental were assigned in Lisboa
2024_11_14_T14:46:40 -  All houses for rental were assigned in Lisboa
2024_11_14_T14:46:40 -  All houses for rental were assigned in Lisboa
2024_11_14_T14:46:40 -  All houses for rental were assigned in Lisboa
2024_11_14_T14:46:40 -  All houses for rental were assigned in Lisboa
2024_11_14_T14:46:40 -  All houses for rental were assigned in Lisboa
2024_11_14_T14:46:40 -  All houses for rental were assigned in Lisboa
2024_11_14_T14:46:40 -  All houses for rental were assigned in Lisboa
2024_11_14_T14:46:40 -  All houses for rental were assigned in Lisboa
2024_11_14_T14:46:40 -  All houses for rental were assigned in Lisboa
2024_11_14_T14:46:40 -  All houses for rental were assigned in Lisboa
2024_11_14_T14:46:40 -  All houses for rental were assigned in Lisboa
2024_11_14_T14:46:40 -  All houses for rental were assigned in Lisboa
2024_11_14_T14:46:40 -  All houses for rental were assigned in Lisboa
2024_11_14_T14:46:40 -  All houses for rental were assigned in Lisboa
2024_11_14_T14:46:40 -  All houses for rental were assigned in Lisboa
2024_11_14_T14:46:40 -  All houses for rental were assigned in Lisboa
2024_11_14_T14:46:40 -  All houses for rental were assigned in Lisboa
2024_11_14_T14:46:40 -  All houses for rental were assigned in Lisboa
2024_11_14_T14:46:40 -  All houses for rental were assigned in Lisboa
2024_11_14_T14:46:40 -  All houses for rental were assigned in Lisboa
2024_11_14_T14:46:40 -  All houses for rental were assigned in Lisboa
2024_11_14_T14:46:40 -  All houses for rental were assigned in Lisboa
2024_11_14_T14:46:40 -  All houses for rental were assigned in Lisboa
2024_11_14_T14:46:40 -  All houses for rental were assigned in Lisboa
2024_11_14_T14:46:40 -  All houses for rental were assigned in Lisboa
2024_11_14_T14:46:40 -  All houses for rental were assigned in Lisboa
2024_11_14_T14:46:40 -  All houses for rental were assigned in Lisboa
2024_11_14_T14:46:40 -  All houses for rental were assigned in Lisboa
2024_11_14_T14:46:40 -  All houses for rental were assigned in Lisboa
2024_11_14_T14:46:40 -  All houses for rental were assigned in Lisboa
2024_11_14_T14:46:40 -  All houses for rental were assigned in Lisboa
2024_11_14_T14:46:40 -  All houses for rental were assigned in Lisboa
2024_11_14_T14:46:40 -  All houses for rental were assigned in Lisboa
2024_11_14_T14:46:40 -  All houses for rental were assigned in Lisboa
2024_11_14_T14:46:40 -  finished assignHousesToHouseholds in 0.8718678951263428 seconds
2024_11_14_T14:46:43 -  Metrics: sum_wealth took 9.5367431640625e-7
2024_11_14_T14:46:43 -  Metrics: wealth_distribution took 5.0067901611328125e-6
2024_11_14_T14:46:44 -  Metrics: money_distribution took 3.0994415283203125e-6
2024_11_14_T14:46:44 -  Metrics: size_distribution took 3.0994415283203125e-6
2024_11_14_T14:46:44 -  Metrics: age_distribution took 2.86102294921875e-6
2024_11_14_T14:46:45 -  Metrics: sum_wealth took 6.914138793945312e-5
2024_11_14_T14:46:45 -  Metrics: wealth_distribution took 0.0067479610443115234
2024_11_14_T14:46:45 -  Metrics: money_distribution took 0.000720977783203125
2024_11_14_T14:46:45 -  Metrics: size_distribution took 0.004528999328613281
2024_11_14_T14:46:45 -  Metrics: age_distribution took 0.0006279945373535156
2024_11_14_T14:46:48 -  Model step started
2024_11_14_T14:46:48 -  clearHangingSupplies started
2024_11_14_T14:46:48 -  clearHangingSupplies took 0.003735065460205078
2024_11_14_T14:46:48 -  clearHangingRentalSupplies started
2024_11_14_T14:46:48 -  clearHangingRentalSupplies took 0.032958030700683594
2024_11_14_T14:46:48 -  clearHouseMarket started
2024_11_14_T14:46:48 -  clearHouseMarket - first block took 0.22593307495117188
2024_11_14_T14:46:48 -  clearHouseMarket - second block took 0.1889171600341797
2024_11_14_T14:46:48 -  clearHouseMarket - third block took 0.00922393798828125
2024_11_14_T14:46:48 -  clearRentalMarket started
2024_11_14_T14:46:49 -  clearRentalMarket - first block took 0.20209598541259766
2024_11_14_T14:46:49 -  clearRentalMarket - second block took 0.06407618522644043
2024_11_14_T14:46:49 -  Pushed house into housesBuiltPerRegion (location,size) = (Lisboa, LessThan125)
2024_11_14_T14:46:49 -  Model step took 1.0524132251739502 seconds
2024_11_14_T14:46:49 -  Metrics: sum_wealth took 7.796287536621094e-5
2024_11_14_T14:46:49 -  Metrics: wealth_distribution took 0.000698089599609375
2024_11_14_T14:46:49 -  Metrics: money_distribution took 0.0007469654083251953
2024_11_14_T14:46:49 -  Metrics: size_distribution took 0.0006358623504638672
2024_11_14_T14:46:49 -  Metrics: age_distribution took 0.0006330013275146484
2024_11_14_T14:46:51 -  Model step started
2024_11_14_T14:46:51 -  clearHangingSupplies started
2024_11_14_T14:46:51 -  clearHangingSupplies took 0.00011301040649414062
2024_11_14_T14:46:51 -  clearHangingRentalSupplies started
2024_11_14_T14:46:51 -  clearHangingRentalSupplies took 4.696846008300781e-5
2024_11_14_T14:46:51 -  clearHouseMarket started
2024_11_14_T14:46:51 -  clearHouseMarket - first block took 0.03466677665710449
2024_11_14_T14:46:51 -  clearHouseMarket - second block took 0.017755985260009766
2024_11_14_T14:46:51 -  clearHouseMarket - third block took 0.0003490447998046875
2024_11_14_T14:46:51 -  clearRentalMarket started
2024_11_14_T14:46:51 -  clearRentalMarket - first block took 0.03078603744506836
2024_11_14_T14:46:51 -  clearRentalMarket - second block took 0.0003211498260498047
2024_11_14_T14:46:51 -  Model step took 0.09028291702270508 seconds
2024_11_14_T14:46:51 -  Metrics: sum_wealth took 5.793571472167969e-5
2024_11_14_T14:46:51 -  Metrics: wealth_distribution took 0.0007038116455078125
2024_11_14_T14:46:51 -  Metrics: money_distribution took 0.0006887912750244141
2024_11_14_T14:46:51 -  Metrics: size_distribution took 0.0006959438323974609
2024_11_14_T14:46:51 -  Metrics: age_distribution took 0.0008211135864257812
2024_11_14_T14:46:54 -  Model step started
2024_11_14_T14:46:54 -  clearHangingSupplies started
2024_11_14_T14:46:54 -  clearHangingSupplies took 0.00015115737915039062
2024_11_14_T14:46:54 -  clearHangingRentalSupplies started
2024_11_14_T14:46:54 -  clearHangingRentalSupplies took 3.790855407714844e-5
2024_11_14_T14:46:54 -  clearHouseMarket started
2024_11_14_T14:46:54 -  clearHouseMarket - first block took 0.03106403350830078
2024_11_14_T14:46:54 -  clearHouseMarket - second block took 0.0017390251159667969
2024_11_14_T14:46:54 -  clearHouseMarket - third block took 0.00021791458129882812
2024_11_14_T14:46:54 -  clearRentalMarket started
2024_11_14_T14:46:54 -  clearRentalMarket - first block took 0.005970001220703125
2024_11_14_T14:46:54 -  clearRentalMarket - second block took 0.0003781318664550781
2024_11_14_T14:46:54 -  Model step took 0.04679703712463379 seconds
2024_11_14_T14:46:54 -  Metrics: sum_wealth took 5.507469177246094e-5
2024_11_14_T14:46:54 -  Metrics: wealth_distribution took 0.0006041526794433594
2024_11_14_T14:46:54 -  Metrics: money_distribution took 0.00061798095703125
2024_11_14_T14:46:54 -  Metrics: size_distribution took 0.0006358623504638672
2024_11_14_T14:46:54 -  Metrics: age_distribution took 0.0006330013275146484
2024_11_14_T14:46:56 -  Model step started
2024_11_14_T14:46:56 -  clearHangingSupplies started
2024_11_14_T14:46:56 -  clearHangingSupplies took 0.0001010894775390625
2024_11_14_T14:46:56 -  clearHangingRentalSupplies started
2024_11_14_T14:46:56 -  clearHangingRentalSupplies took 3.2901763916015625e-5
2024_11_14_T14:46:56 -  clearHouseMarket started
2024_11_14_T14:46:56 -  clearHouseMarket - first block took 0.04611015319824219
2024_11_14_T14:46:56 -  clearHouseMarket - second block took 0.0014951229095458984
2024_11_14_T14:46:56 -  clearHouseMarket - third block took 0.00021314620971679688
2024_11_14_T14:46:56 -  clearRentalMarket started
2024_11_14_T14:46:56 -  clearRentalMarket - first block took 0.005988121032714844
2024_11_14_T14:46:56 -  clearRentalMarket - second block took 0.0006561279296875
2024_11_14_T14:46:56 -  Pushed house into housesBuiltPerRegion (location,size) = (Lisboa, LessThan75)
2024_11_14_T14:46:56 -  Pushed house into housesBuiltPerRegion (location,size) = (Lisboa, More)
2024_11_14_T14:46:56 -  Model step took 0.061747074127197266 seconds
2024_11_14_T14:46:56 -  Metrics: sum_wealth took 5.698204040527344e-5
2024_11_14_T14:46:56 -  Metrics: wealth_distribution took 0.0007331371307373047
2024_11_14_T14:46:56 -  Metrics: money_distribution took 0.0007500648498535156
2024_11_14_T14:46:56 -  Metrics: size_distribution took 0.0007419586181640625
2024_11_14_T14:46:56 -  Metrics: age_distribution took 0.0006718635559082031
2024_11_14_T14:46:59 -  Model step started
2024_11_14_T14:46:59 -  clearHangingSupplies started
2024_11_14_T14:46:59 -  clearHangingSupplies took 9.393692016601562e-5
2024_11_14_T14:46:59 -  clearHangingRentalSupplies started
2024_11_14_T14:46:59 -  clearHangingRentalSupplies took 3.0040740966796875e-5
2024_11_14_T14:46:59 -  clearHouseMarket started
2024_11_14_T14:46:59 -  clearHouseMarket - first block took 0.03462791442871094
2024_11_14_T14:46:59 -  clearHouseMarket - second block took 0.001990079879760742
2024_11_14_T14:46:59 -  clearHouseMarket - third block took 0.00016689300537109375
2024_11_14_T14:46:59 -  clearRentalMarket started
2024_11_14_T14:46:59 -  clearRentalMarket - first block took 0.004472970962524414
2024_11_14_T14:46:59 -  clearRentalMarket - second block took 0.0002880096435546875
2024_11_14_T14:46:59 -  Model step took 0.04830312728881836 seconds
2024_11_14_T14:46:59 -  Metrics: sum_wealth took 5.2928924560546875e-5
2024_11_14_T14:46:59 -  Metrics: wealth_distribution took 0.0008349418640136719
2024_11_14_T14:46:59 -  Metrics: money_distribution took 0.000762939453125
2024_11_14_T14:46:59 -  Metrics: size_distribution took 0.0006198883056640625
2024_11_14_T14:46:59 -  Metrics: age_distribution took 0.000659942626953125
2024_11_14_T14:47:01 -  Model step started
2024_11_14_T14:47:01 -  clearHangingSupplies started
2024_11_14_T14:47:01 -  clearHangingSupplies took 9.298324584960938e-5
2024_11_14_T14:47:01 -  clearHangingRentalSupplies started
2024_11_14_T14:47:01 -  clearHangingRentalSupplies took 3.218650817871094e-5
2024_11_14_T14:47:01 -  clearHouseMarket started
2024_11_14_T14:47:01 -  clearHouseMarket - first block took 0.032811880111694336
2024_11_14_T14:47:01 -  clearHouseMarket - second block took 0.0009551048278808594
2024_11_14_T14:47:01 -  clearHouseMarket - third block took 0.00017905235290527344
2024_11_14_T14:47:01 -  clearRentalMarket started
2024_11_14_T14:47:01 -  clearRentalMarket - first block took 0.0054590702056884766
2024_11_14_T14:47:01 -  clearRentalMarket - second block took 0.0003161430358886719
2024_11_14_T14:47:01 -  Model step took 0.0676870346069336 seconds
2024_11_14_T14:47:01 -  Metrics: sum_wealth took 8.893013000488281e-5
2024_11_14_T14:47:01 -  Metrics: wealth_distribution took 0.0007748603820800781
2024_11_14_T14:47:01 -  Metrics: money_distribution took 0.0006880760192871094
2024_11_14_T14:47:01 -  Metrics: size_distribution took 0.0005710124969482422
2024_11_14_T14:47:01 -  Metrics: age_distribution took 0.0005788803100585938
2024_11_14_T14:47:04 -  Model step started
2024_11_14_T14:47:04 -  clearHangingSupplies started
2024_11_14_T14:47:04 -  clearHangingSupplies took 0.00010395050048828125
2024_11_14_T14:47:04 -  clearHangingRentalSupplies started
2024_11_14_T14:47:04 -  clearHangingRentalSupplies took 3.0040740966796875e-5
2024_11_14_T14:47:04 -  clearHouseMarket started
2024_11_14_T14:47:04 -  clearHouseMarket - first block took 0.02742290496826172
2024_11_14_T14:47:04 -  clearHouseMarket - second block took 0.0018780231475830078
2024_11_14_T14:47:04 -  clearHouseMarket - third block took 0.0002968311309814453
2024_11_14_T14:47:04 -  clearRentalMarket started
2024_11_14_T14:47:04 -  clearRentalMarket - first block took 0.004722118377685547
2024_11_14_T14:47:04 -  clearRentalMarket - second block took 0.00017499923706054688
2024_11_14_T14:47:04 -  Pushed house into housesBuiltPerRegion (location,size) = (Lisboa, LessThan75)
2024_11_14_T14:47:04 -  Model step took 0.04067707061767578 seconds
2024_11_14_T14:47:04 -  Metrics: sum_wealth took 5.3882598876953125e-5
2024_11_14_T14:47:04 -  Metrics: wealth_distribution took 0.0007190704345703125
2024_11_14_T14:47:04 -  Metrics: money_distribution took 0.0007212162017822266
2024_11_14_T14:47:04 -  Metrics: size_distribution took 0.0005481243133544922
2024_11_14_T14:47:04 -  Metrics: age_distribution took 0.0005869865417480469
2024_11_14_T14:47:06 -  Model step started
2024_11_14_T14:47:06 -  clearHangingSupplies started
2024_11_14_T14:47:06 -  clearHangingSupplies took 0.00029206275939941406
2024_11_14_T14:47:06 -  clearHangingRentalSupplies started
2024_11_14_T14:47:06 -  clearHangingRentalSupplies took 5.1975250244140625e-5
2024_11_14_T14:47:06 -  clearHouseMarket started
2024_11_14_T14:47:06 -  clearHouseMarket - first block took 0.02993011474609375
2024_11_14_T14:47:06 -  clearHouseMarket - second block took 0.0012319087982177734
2024_11_14_T14:47:06 -  clearHouseMarket - third block took 0.00024819374084472656
2024_11_14_T14:47:06 -  clearRentalMarket started
2024_11_14_T14:47:06 -  clearRentalMarket - first block took 0.004902839660644531
2024_11_14_T14:47:06 -  clearRentalMarket - second block took 0.00019693374633789062
2024_11_14_T14:47:06 -  Pushed house into housesBuiltPerRegion (location,size) = (Lisboa, More)
2024_11_14_T14:47:06 -  Model step took 0.0431981086730957 seconds
2024_11_14_T14:47:06 -  Metrics: sum_wealth took 5.793571472167969e-5
2024_11_14_T14:47:06 -  Metrics: wealth_distribution took 0.0007390975952148438
2024_11_14_T14:47:06 -  Metrics: money_distribution took 0.0006999969482421875
2024_11_14_T14:47:06 -  Metrics: size_distribution took 0.0006330013275146484
2024_11_14_T14:47:06 -  Metrics: age_distribution took 0.0006949901580810547
2024_11_14_T14:47:09 -  Model step started
2024_11_14_T14:47:09 -  clearHangingSupplies started
2024_11_14_T14:47:09 -  clearHangingSupplies took 0.00011420249938964844
2024_11_14_T14:47:09 -  clearHangingRentalSupplies started
2024_11_14_T14:47:09 -  clearHangingRentalSupplies took 3.0994415283203125e-5
2024_11_14_T14:47:09 -  clearHouseMarket started
2024_11_14_T14:47:09 -  clearHouseMarket - first block took 0.04359602928161621
2024_11_14_T14:47:09 -  clearHouseMarket - second block took 0.0015578269958496094
2024_11_14_T14:47:09 -  clearHouseMarket - third block took 0.00021219253540039062
2024_11_14_T14:47:09 -  clearRentalMarket started
2024_11_14_T14:47:09 -  clearRentalMarket - first block took 0.0042150020599365234
2024_11_14_T14:47:09 -  clearRentalMarket - second block took 0.0003528594970703125
2024_11_14_T14:47:09 -  Model step took 0.056687116622924805 seconds
2024_11_14_T14:47:09 -  Metrics: sum_wealth took 5.817413330078125e-5
2024_11_14_T14:47:09 -  Metrics: wealth_distribution took 0.00074005126953125
2024_11_14_T14:47:09 -  Metrics: money_distribution took 0.0007750988006591797
2024_11_14_T14:47:09 -  Metrics: size_distribution took 0.0007238388061523438
2024_11_14_T14:47:09 -  Metrics: age_distribution took 0.0007200241088867188
2024_11_14_T14:47:11 -  Model step started
2024_11_14_T14:47:11 -  clearHangingSupplies started
2024_11_14_T14:47:11 -  clearHangingSupplies took 0.00013208389282226562
2024_11_14_T14:47:11 -  clearHangingRentalSupplies started
2024_11_14_T14:47:11 -  clearHangingRentalSupplies took 4.792213439941406e-5
2024_11_14_T14:47:11 -  clearHouseMarket started
2024_11_14_T14:47:11 -  clearHouseMarket - first block took 0.0343470573425293
2024_11_14_T14:47:11 -  clearHouseMarket - second block took 0.0018830299377441406
2024_11_14_T14:47:11 -  clearHouseMarket - third block took 0.0002009868621826172
2024_11_14_T14:47:11 -  clearRentalMarket started
2024_11_14_T14:47:11 -  clearRentalMarket - first block took 0.00436091423034668
2024_11_14_T14:47:11 -  clearRentalMarket - second block took 0.0003261566162109375
2024_11_14_T14:47:11 -  Model step took 0.04734301567077637 seconds
2024_11_14_T14:47:11 -  Metrics: sum_wealth took 5.4836273193359375e-5
2024_11_14_T14:47:11 -  Metrics: wealth_distribution took 0.0007040500640869141
2024_11_14_T14:47:11 -  Metrics: money_distribution took 0.0007472038269042969
2024_11_14_T14:47:11 -  Metrics: size_distribution took 0.0005578994750976562
2024_11_14_T14:47:11 -  Metrics: age_distribution took 0.0005650520324707031
2024_11_14_T14:47:14 -  Model step started
2024_11_14_T14:47:14 -  clearHangingSupplies started
2024_11_14_T14:47:14 -  clearHangingSupplies took 0.00017404556274414062
2024_11_14_T14:47:14 -  clearHangingRentalSupplies started
2024_11_14_T14:47:14 -  clearHangingRentalSupplies took 2.9087066650390625e-5
2024_11_14_T14:47:14 -  clearHouseMarket started
2024_11_14_T14:47:14 -  clearHouseMarket - first block took 0.029177188873291016
2024_11_14_T14:47:14 -  clearHouseMarket - second block took 0.0012750625610351562
2024_11_14_T14:47:14 -  clearHouseMarket - third block took 0.0002410411834716797
2024_11_14_T14:47:14 -  clearRentalMarket started
2024_11_14_T14:47:14 -  clearRentalMarket - first block took 0.005027055740356445
2024_11_14_T14:47:14 -  clearRentalMarket - second block took 0.0003299713134765625
2024_11_14_T14:47:14 -  Model step took 0.04273080825805664 seconds
2024_11_14_T14:47:14 -  Metrics: sum_wealth took 7.319450378417969e-5
2024_11_14_T14:47:14 -  Metrics: wealth_distribution took 0.0008769035339355469
2024_11_14_T14:47:14 -  Metrics: money_distribution took 0.0007441043853759766
2024_11_14_T14:47:14 -  Metrics: size_distribution took 0.0005259513854980469
2024_11_14_T14:47:14 -  Metrics: age_distribution took 0.0006120204925537109
2024_11_14_T14:47:16 -  Model step started
2024_11_14_T14:47:16 -  clearHangingSupplies started
2024_11_14_T14:47:16 -  clearHangingSupplies took 0.00011491775512695312
2024_11_14_T14:47:16 -  clearHangingRentalSupplies started
2024_11_14_T14:47:16 -  clearHangingRentalSupplies took 5.698204040527344e-5
2024_11_14_T14:47:16 -  clearHouseMarket started
2024_11_14_T14:47:16 -  clearHouseMarket - first block took 0.024756908416748047
2024_11_14_T14:47:16 -  clearHouseMarket - second block took 0.0013461112976074219
2024_11_14_T14:47:16 -  clearHouseMarket - third block took 0.0002110004425048828
2024_11_14_T14:47:16 -  clearRentalMarket started
2024_11_14_T14:47:16 -  clearRentalMarket - first block took 0.004364013671875
2024_11_14_T14:47:16 -  clearRentalMarket - second block took 0.00028586387634277344
2024_11_14_T14:47:16 -  Model step took 0.09254288673400879 seconds
2024_11_14_T14:47:16 -  Metrics: sum_wealth took 8.58306884765625e-5
2024_11_14_T14:47:16 -  Metrics: wealth_distribution took 0.0007090568542480469
2024_11_14_T14:47:16 -  Metrics: money_distribution took 0.0008268356323242188
2024_11_14_T14:47:16 -  Metrics: size_distribution took 0.0005939006805419922
2024_11_14_T14:47:16 -  Metrics: age_distribution took 0.0006120204925537109
2024_11_14_T14:47:19 -  Model step started
2024_11_14_T14:47:19 -  clearHangingSupplies started
2024_11_14_T14:47:19 -  clearHangingSupplies took 7.915496826171875e-5
2024_11_14_T14:47:19 -  clearHangingRentalSupplies started
2024_11_14_T14:47:19 -  clearHangingRentalSupplies took 4.291534423828125e-5
2024_11_14_T14:47:19 -  clearHouseMarket started
2024_11_14_T14:47:19 -  clearHouseMarket - first block took 0.03502082824707031
2024_11_14_T14:47:19 -  clearHouseMarket - second block took 0.0010840892791748047
2024_11_14_T14:47:19 -  clearHouseMarket - third block took 0.0001881122589111328
2024_11_14_T14:47:19 -  clearRentalMarket started
2024_11_14_T14:47:19 -  clearRentalMarket - first block took 0.004053831100463867
2024_11_14_T14:47:19 -  clearRentalMarket - second block took 0.0001800060272216797
2024_11_14_T14:47:19 -  Model step took 0.04717707633972168 seconds
2024_11_14_T14:47:19 -  Metrics: sum_wealth took 5.817413330078125e-5
2024_11_14_T14:47:19 -  Metrics: wealth_distribution took 0.0007569789886474609
2024_11_14_T14:47:19 -  Metrics: money_distribution took 0.0006937980651855469
2024_11_14_T14:47:19 -  Metrics: size_distribution took 0.0005941390991210938
2024_11_14_T14:47:19 -  Metrics: age_distribution took 0.0006039142608642578
2024_11_14_T14:47:21 -  Model step started
2024_11_14_T14:47:21 -  clearHangingSupplies started
2024_11_14_T14:47:21 -  clearHangingSupplies took 7.891654968261719e-5
2024_11_14_T14:47:21 -  clearHangingRentalSupplies started
2024_11_14_T14:47:21 -  clearHangingRentalSupplies took 2.7894973754882812e-5
2024_11_14_T14:47:21 -  clearHouseMarket started
2024_11_14_T14:47:21 -  clearHouseMarket - first block took 0.03390097618103027
2024_11_14_T14:47:21 -  clearHouseMarket - second block took 0.0010111331939697266
2024_11_14_T14:47:21 -  clearHouseMarket - third block took 0.0001590251922607422
2024_11_14_T14:47:21 -  clearRentalMarket started
2024_11_14_T14:47:21 -  clearRentalMarket - first block took 0.003921031951904297
2024_11_14_T14:47:21 -  clearRentalMarket - second block took 0.0002231597900390625
2024_11_14_T14:47:21 -  Pushed house into housesBuiltPerRegion (location,size) = (Lisboa, More)
2024_11_14_T14:47:21 -  Model step took 0.04533100128173828 seconds
2024_11_14_T14:47:21 -  Metrics: sum_wealth took 5.316734313964844e-5
2024_11_14_T14:47:21 -  Metrics: wealth_distribution took 0.0008029937744140625
2024_11_14_T14:47:21 -  Metrics: money_distribution took 0.0007801055908203125
2024_11_14_T14:47:21 -  Metrics: size_distribution took 0.0005950927734375
2024_11_14_T14:47:21 -  Metrics: age_distribution took 0.0006339550018310547
2024_11_14_T14:47:23 -  Model step started
2024_11_14_T14:47:23 -  clearHangingSupplies started
2024_11_14_T14:47:23 -  clearHangingSupplies took 8.606910705566406e-5
2024_11_14_T14:47:23 -  clearHangingRentalSupplies started
2024_11_14_T14:47:23 -  clearHangingRentalSupplies took 2.6941299438476562e-5
2024_11_14_T14:47:23 -  clearHouseMarket started
2024_11_14_T14:47:24 -  clearHouseMarket - first block took 0.02632594108581543
2024_11_14_T14:47:24 -  clearHouseMarket - second block took 0.0012869834899902344
2024_11_14_T14:47:24 -  clearHouseMarket - third block took 0.0001761913299560547
2024_11_14_T14:47:24 -  clearRentalMarket started
2024_11_14_T14:47:24 -  clearRentalMarket - first block took 0.004264116287231445
2024_11_14_T14:47:24 -  clearRentalMarket - second block took 0.0005998611450195312
2024_11_14_T14:47:24 -  Pushed house into housesBuiltPerRegion (location,size) = (Lisboa, LessThan125)
2024_11_14_T14:47:24 -  Model step took 0.03882408142089844 seconds
2024_11_14_T14:47:24 -  Metrics: sum_wealth took 5.793571472167969e-5
2024_11_14_T14:47:24 -  Metrics: wealth_distribution took 0.0007469654083251953
2024_11_14_T14:47:24 -  Metrics: money_distribution took 0.0008039474487304688
2024_11_14_T14:47:24 -  Metrics: size_distribution took 0.0006010532379150391
2024_11_14_T14:47:24 -  Metrics: age_distribution took 0.0006520748138427734
2024_11_14_T14:47:26 -  Model step started
2024_11_14_T14:47:26 -  clearHangingSupplies started
2024_11_14_T14:47:26 -  clearHangingSupplies took 8.20159912109375e-5
2024_11_14_T14:47:26 -  clearHangingRentalSupplies started
2024_11_14_T14:47:26 -  clearHangingRentalSupplies took 2.6226043701171875e-5
2024_11_14_T14:47:26 -  clearHouseMarket started
2024_11_14_T14:47:26 -  clearHouseMarket - first block took 0.02217411994934082
2024_11_14_T14:47:26 -  clearHouseMarket - second block took 0.0016551017761230469
2024_11_14_T14:47:26 -  clearHouseMarket - third block took 0.0002009868621826172
2024_11_14_T14:47:26 -  clearRentalMarket started
2024_11_14_T14:47:26 -  clearRentalMarket - first block took 0.004102945327758789
2024_11_14_T14:47:26 -  clearRentalMarket - second block took 0.0004298686981201172
2024_11_14_T14:47:26 -  Model step took 0.04833412170410156 seconds
2024_11_14_T14:47:26 -  Metrics: sum_wealth took 8.702278137207031e-5
2024_11_14_T14:47:26 -  Metrics: wealth_distribution took 0.0007510185241699219
2024_11_14_T14:47:26 -  Metrics: money_distribution took 0.0007131099700927734
2024_11_14_T14:47:26 -  Metrics: size_distribution took 0.0006711483001708984
2024_11_14_T14:47:26 -  Metrics: age_distribution took 0.0006461143493652344
2024_11_14_T14:47:28 -  Model step started
2024_11_14_T14:47:28 -  clearHangingSupplies started
2024_11_14_T14:47:28 -  clearHangingSupplies took 0.00011086463928222656
2024_11_14_T14:47:28 -  clearHangingRentalSupplies started
2024_11_14_T14:47:28 -  clearHangingRentalSupplies took 4.291534423828125e-5
2024_11_14_T14:47:28 -  clearHouseMarket started
2024_11_14_T14:47:28 -  clearHouseMarket - first block took 0.026133060455322266
2024_11_14_T14:47:28 -  clearHouseMarket - second block took 0.0012099742889404297
2024_11_14_T14:47:28 -  clearHouseMarket - third block took 0.0002200603485107422
2024_11_14_T14:47:28 -  clearRentalMarket started
2024_11_14_T14:47:28 -  clearRentalMarket - first block took 0.0033409595489501953
2024_11_14_T14:47:28 -  clearRentalMarket - second block took 0.0003139972686767578
2024_11_14_T14:47:28 -  Model step took 0.03763103485107422 seconds
2024_11_14_T14:47:28 -  Metrics: sum_wealth took 5.2928924560546875e-5
2024_11_14_T14:47:28 -  Metrics: wealth_distribution took 0.000698089599609375
2024_11_14_T14:47:28 -  Metrics: money_distribution took 0.0007350444793701172
2024_11_14_T14:47:28 -  Metrics: size_distribution took 0.0005738735198974609
2024_11_14_T14:47:28 -  Metrics: age_distribution took 0.0006091594696044922
2024_11_14_T14:47:31 -  Model step started
2024_11_14_T14:47:31 -  clearHangingSupplies started
2024_11_14_T14:47:31 -  clearHangingSupplies took 7.009506225585938e-5
2024_11_14_T14:47:31 -  clearHangingRentalSupplies started
2024_11_14_T14:47:31 -  clearHangingRentalSupplies took 2.8133392333984375e-5
2024_11_14_T14:47:31 -  clearHouseMarket started
2024_11_14_T14:47:31 -  clearHouseMarket - first block took 0.03495001792907715
2024_11_14_T14:47:31 -  clearHouseMarket - second block took 0.0020220279693603516
2024_11_14_T14:47:31 -  clearHouseMarket - third block took 0.0001800060272216797
2024_11_14_T14:47:31 -  clearRentalMarket started
2024_11_14_T14:47:31 -  clearRentalMarket - first block took 0.0031328201293945312
2024_11_14_T14:47:31 -  clearRentalMarket - second block took 0.0006239414215087891
2024_11_14_T14:47:31 -  Model step took 0.04721808433532715 seconds
2024_11_14_T14:47:31 -  Metrics: sum_wealth took 5.793571472167969e-5
2024_11_14_T14:47:31 -  Metrics: wealth_distribution took 0.0006730556488037109
2024_11_14_T14:47:31 -  Metrics: money_distribution took 0.0007140636444091797
2024_11_14_T14:47:31 -  Metrics: size_distribution took 0.0006060600280761719
2024_11_14_T14:47:31 -  Metrics: age_distribution took 0.0006451606750488281
2024_11_14_T14:47:33 -  Model step started
2024_11_14_T14:47:33 -  clearHangingSupplies started
2024_11_14_T14:47:33 -  clearHangingSupplies took 0.00013113021850585938
2024_11_14_T14:47:33 -  clearHangingRentalSupplies started
2024_11_14_T14:47:33 -  clearHangingRentalSupplies took 2.5033950805664062e-5
2024_11_14_T14:47:33 -  clearHouseMarket started
2024_11_14_T14:47:33 -  clearHouseMarket - first block took 0.023102998733520508
2024_11_14_T14:47:33 -  clearHouseMarket - second block took 0.0013380050659179688
2024_11_14_T14:47:33 -  clearHouseMarket - third block took 0.0001690387725830078
2024_11_14_T14:47:33 -  clearRentalMarket started
2024_11_14_T14:47:33 -  clearRentalMarket - first block took 0.0038139820098876953
2024_11_14_T14:47:33 -  clearRentalMarket - second block took 0.0003590583801269531
2024_11_14_T14:47:33 -  Model step took 0.03582119941711426 seconds
2024_11_14_T14:47:33 -  Metrics: sum_wealth took 6.699562072753906e-5
2024_11_14_T14:47:33 -  Metrics: wealth_distribution took 0.0008029937744140625
2024_11_14_T14:47:33 -  Metrics: money_distribution took 0.000782012939453125
2024_11_14_T14:47:33 -  Metrics: size_distribution took 0.0006120204925537109
2024_11_14_T14:47:33 -  Metrics: age_distribution took 0.000720977783203125
2024_11_14_T14:47:36 -  Model step started
2024_11_14_T14:47:36 -  clearHangingSupplies started
2024_11_14_T14:47:36 -  clearHangingSupplies took 0.00010919570922851562
2024_11_14_T14:47:36 -  clearHangingRentalSupplies started
2024_11_14_T14:47:36 -  clearHangingRentalSupplies took 2.4080276489257812e-5
2024_11_14_T14:47:36 -  clearHouseMarket started
2024_11_14_T14:47:36 -  clearHouseMarket - first block took 0.033416032791137695
2024_11_14_T14:47:36 -  clearHouseMarket - second block took 0.0010399818420410156
2024_11_14_T14:47:36 -  clearHouseMarket - third block took 0.0001850128173828125
2024_11_14_T14:47:36 -  clearRentalMarket started
2024_11_14_T14:47:36 -  clearRentalMarket - first block took 0.0036020278930664062
2024_11_14_T14:47:36 -  clearRentalMarket - second block took 0.0002651214599609375
2024_11_14_T14:47:36 -  Pushed house into housesBuiltPerRegion (location,size) = (Lisboa, LessThan50)
2024_11_14_T14:47:36 -  Pushed house into housesBuiltPerRegion (location,size) = (Lisboa, LessThan75)
2024_11_14_T14:47:36 -  Pushed house into housesBuiltPerRegion (location,size) = (Lisboa, More)
2024_11_14_T14:47:36 -  Pushed house into housesBuiltPerRegion (location,size) = (Lisboa, More)
2024_11_14_T14:47:36 -  Model step took 0.04609799385070801 seconds
2024_11_14_T14:47:36 -  Metrics: sum_wealth took 5.91278076171875e-5
2024_11_14_T14:47:36 -  Metrics: wealth_distribution took 0.0007219314575195312
2024_11_14_T14:47:36 -  Metrics: money_distribution took 0.0007832050323486328
2024_11_14_T14:47:36 -  Metrics: size_distribution took 0.0005970001220703125
2024_11_14_T14:47:36 -  Metrics: age_distribution took 0.0006241798400878906
2024_11_14_T14:47:38 -  Model step started
2024_11_14_T14:47:38 -  clearHangingSupplies started
2024_11_14_T14:47:38 -  clearHangingSupplies took 0.00011897087097167969
2024_11_14_T14:47:38 -  clearHangingRentalSupplies started
2024_11_14_T14:47:38 -  clearHangingRentalSupplies took 4.887580871582031e-5
2024_11_14_T14:47:38 -  clearHouseMarket started
2024_11_14_T14:47:38 -  clearHouseMarket - first block took 0.020837068557739258
2024_11_14_T14:47:38 -  clearHouseMarket - second block took 0.0010578632354736328
2024_11_14_T14:47:38 -  clearHouseMarket - third block took 0.00025391578674316406
2024_11_14_T14:47:38 -  clearRentalMarket started
2024_11_14_T14:47:38 -  clearRentalMarket - first block took 0.0032889842987060547
2024_11_14_T14:47:38 -  clearRentalMarket - second block took 0.0003440380096435547
2024_11_14_T14:47:38 -  Model step took 0.03147697448730469 seconds
2024_11_14_T14:47:38 -  Metrics: sum_wealth took 7.700920104980469e-5
2024_11_14_T14:47:38 -  Metrics: wealth_distribution took 0.0006780624389648438
2024_11_14_T14:47:38 -  Metrics: money_distribution took 0.0007159709930419922
2024_11_14_T14:47:38 -  Metrics: size_distribution took 0.0005600452423095703
2024_11_14_T14:47:38 -  Metrics: age_distribution took 0.0005791187286376953
2024_11_14_T14:47:41 -  Model step started
2024_11_14_T14:47:41 -  clearHangingSupplies started
2024_11_14_T14:47:41 -  clearHangingSupplies took 7.414817810058594e-5
2024_11_14_T14:47:41 -  clearHangingRentalSupplies started
2024_11_14_T14:47:41 -  clearHangingRentalSupplies took 3.218650817871094e-5
2024_11_14_T14:47:41 -  clearHouseMarket started
2024_11_14_T14:47:41 -  clearHouseMarket - first block took 0.02715587615966797
2024_11_14_T14:47:41 -  clearHouseMarket - second block took 0.0014069080352783203
2024_11_14_T14:47:41 -  clearHouseMarket - third block took 0.00019812583923339844
2024_11_14_T14:47:41 -  clearRentalMarket started
2024_11_14_T14:47:41 -  clearRentalMarket - first block took 0.0026099681854248047
2024_11_14_T14:47:41 -  clearRentalMarket - second block took 0.0003368854522705078
2024_11_14_T14:47:41 -  Model step took 0.05366396903991699 seconds
2024_11_14_T14:47:41 -  Metrics: sum_wealth took 7.390975952148438e-5
2024_11_14_T14:47:41 -  Metrics: wealth_distribution took 0.0007269382476806641
2024_11_14_T14:47:41 -  Metrics: money_distribution took 0.0007238388061523438
2024_11_14_T14:47:41 -  Metrics: size_distribution took 0.0005729198455810547
2024_11_14_T14:47:41 -  Metrics: age_distribution took 0.0005929470062255859
2024_11_14_T14:47:43 -  Model step started
2024_11_14_T14:47:43 -  clearHangingSupplies started
2024_11_14_T14:47:43 -  clearHangingSupplies took 6.818771362304688e-5
2024_11_14_T14:47:43 -  clearHangingRentalSupplies started
2024_11_14_T14:47:43 -  clearHangingRentalSupplies took 2.09808349609375e-5
2024_11_14_T14:47:43 -  clearHouseMarket started
2024_11_14_T14:47:43 -  clearHouseMarket - first block took 0.021563053131103516
2024_11_14_T14:47:43 -  clearHouseMarket - second block took 0.001280069351196289
2024_11_14_T14:47:43 -  clearHouseMarket - third block took 0.0002651214599609375
2024_11_14_T14:47:43 -  clearRentalMarket started
2024_11_14_T14:47:43 -  clearRentalMarket - first block took 0.015237808227539062
2024_11_14_T14:47:43 -  clearRentalMarket - second block took 0.00025391578674316406
2024_11_14_T14:47:43 -  Model step took 0.044918060302734375 seconds
2024_11_14_T14:47:43 -  Metrics: sum_wealth took 5.602836608886719e-5
2024_11_14_T14:47:43 -  Metrics: wealth_distribution took 0.0007531642913818359
2024_11_14_T14:47:43 -  Metrics: money_distribution took 0.00080108642578125
2024_11_14_T14:47:43 -  Metrics: size_distribution took 0.0006699562072753906
2024_11_14_T14:47:43 -  Metrics: age_distribution took 0.0006048679351806641
2024_11_14_T14:47:46 -  Model step started
2024_11_14_T14:47:46 -  clearHangingSupplies started
2024_11_14_T14:47:46 -  clearHangingSupplies took 9.083747863769531e-5
2024_11_14_T14:47:46 -  clearHangingRentalSupplies started
2024_11_14_T14:47:46 -  clearHangingRentalSupplies took 4.100799560546875e-5
2024_11_14_T14:47:46 -  clearHouseMarket started
2024_11_14_T14:47:46 -  clearHouseMarket - first block took 0.01979804039001465
2024_11_14_T14:47:46 -  clearHouseMarket - second block took 0.0013852119445800781
2024_11_14_T14:47:46 -  clearHouseMarket - third block took 0.0002110004425048828
2024_11_14_T14:47:46 -  clearRentalMarket started
2024_11_14_T14:47:46 -  clearRentalMarket - first block took 0.0026891231536865234
2024_11_14_T14:47:46 -  clearRentalMarket - second block took 0.0002682209014892578
2024_11_14_T14:47:46 -  Pushed house into housesBuiltPerRegion (location,size) = (Lisboa, More)
2024_11_14_T14:47:46 -  Model step took 0.031726837158203125 seconds
2024_11_14_T14:47:46 -  Metrics: sum_wealth took 9.107589721679688e-5
2024_11_14_T14:47:46 -  Metrics: wealth_distribution took 0.0007109642028808594
2024_11_14_T14:47:46 -  Metrics: money_distribution took 0.0006818771362304688
2024_11_14_T14:47:46 -  Metrics: size_distribution took 0.0006439685821533203
2024_11_14_T14:47:46 -  Metrics: age_distribution took 0.0007519721984863281
