2024_11_03_T13:04:59 -  finished initateHouses in 0.9473481178283691 seconds
2024_11_03_T13:04:59 -  finished initiateHouseholds in 1.190601110458374 seconds
2024_11_03_T13:05:00 -  All houses for rental were assigned in Lisboa
2024_11_03_T13:05:00 -  All houses for rental were assigned in Lisboa
2024_11_03_T13:05:00 -  All houses for rental were assigned in Lisboa
2024_11_03_T13:05:00 -  All houses for rental were assigned in Lisboa
2024_11_03_T13:05:00 -  All houses for rental were assigned in Lisboa
2024_11_03_T13:05:00 -  All houses for rental were assigned in Lisboa
2024_11_03_T13:05:00 -  All houses for rental were assigned in Lisboa
2024_11_03_T13:05:00 -  All houses for rental were assigned in Lisboa
2024_11_03_T13:05:00 -  All houses for rental were assigned in Lisboa
2024_11_03_T13:05:00 -  All houses for rental were assigned in Lisboa
2024_11_03_T13:05:00 -  All houses for rental were assigned in Lisboa
2024_11_03_T13:05:00 -  All houses for rental were assigned in Lisboa
2024_11_03_T13:05:00 -  All houses for rental were assigned in Lisboa
2024_11_03_T13:05:00 -  All houses for rental were assigned in Lisboa
2024_11_03_T13:05:00 -  All houses for rental were assigned in Lisboa
2024_11_03_T13:05:00 -  All houses for rental were assigned in Lisboa
2024_11_03_T13:05:00 -  All houses for rental were assigned in Lisboa
2024_11_03_T13:05:00 -  All houses for rental were assigned in Lisboa
2024_11_03_T13:05:00 -  All houses for rental were assigned in Lisboa
2024_11_03_T13:05:00 -  All houses for rental were assigned in Lisboa
2024_11_03_T13:05:00 -  All houses for rental were assigned in Lisboa
2024_11_03_T13:05:00 -  All houses for rental were assigned in Lisboa
2024_11_03_T13:05:00 -  All houses for rental were assigned in Lisboa
2024_11_03_T13:05:00 -  All houses for rental were assigned in Lisboa
2024_11_03_T13:05:00 -  All houses for rental were assigned in Lisboa
2024_11_03_T13:05:00 -  All houses for rental were assigned in Lisboa
2024_11_03_T13:05:00 -  All houses for rental were assigned in Lisboa
2024_11_03_T13:05:00 -  All houses for rental were assigned in Lisboa
2024_11_03_T13:05:00 -  All houses for rental were assigned in Lisboa
2024_11_03_T13:05:00 -  All houses for rental were assigned in Lisboa
2024_11_03_T13:05:00 -  All houses for rental were assigned in Lisboa
2024_11_03_T13:05:00 -  All houses for rental were assigned in Lisboa
2024_11_03_T13:05:00 -  All houses for rental were assigned in Lisboa
2024_11_03_T13:05:00 -  All houses for rental were assigned in Lisboa
2024_11_03_T13:05:00 -  All houses for rental were assigned in Lisboa
2024_11_03_T13:05:00 -  All houses for rental were assigned in Lisboa
2024_11_03_T13:05:00 -  All houses for rental were assigned in Lisboa
2024_11_03_T13:05:00 -  All houses for rental were assigned in Lisboa
2024_11_03_T13:05:00 -  All houses for rental were assigned in Lisboa
2024_11_03_T13:05:00 -  All houses for rental were assigned in Lisboa
2024_11_03_T13:05:00 -  All houses for rental were assigned in Lisboa
2024_11_03_T13:05:00 -  All houses for rental were assigned in Lisboa
2024_11_03_T13:05:00 -  All houses for rental were assigned in Lisboa
2024_11_03_T13:05:00 -  All houses for rental were assigned in Lisboa
2024_11_03_T13:05:00 -  All houses for rental were assigned in Lisboa
2024_11_03_T13:05:00 -  All houses for rental were assigned in Lisboa
2024_11_03_T13:05:00 -  All houses for rental were assigned in Lisboa
2024_11_03_T13:05:00 -  All houses for rental were assigned in Lisboa
2024_11_03_T13:05:00 -  All houses for rental were assigned in Lisboa
2024_11_03_T13:05:00 -  All houses for rental were assigned in Lisboa
2024_11_03_T13:05:00 -  All houses for rental were assigned in Lisboa
2024_11_03_T13:05:00 -  All houses for rental were assigned in Lisboa
2024_11_03_T13:05:00 -  All houses for rental were assigned in Lisboa
2024_11_03_T13:05:00 -  All houses for rental were assigned in Lisboa
2024_11_03_T13:05:00 -  All houses for rental were assigned in Lisboa
2024_11_03_T13:05:00 -  All houses for rental were assigned in Lisboa
2024_11_03_T13:05:00 -  All houses for rental were assigned in Lisboa
2024_11_03_T13:05:00 -  All houses for rental were assigned in Lisboa
2024_11_03_T13:05:00 -  All houses for rental were assigned in Lisboa
2024_11_03_T13:05:00 -  All houses for rental were assigned in Lisboa
2024_11_03_T13:05:00 -  All houses for rental were assigned in Lisboa
2024_11_03_T13:05:00 -  All houses for rental were assigned in Lisboa
2024_11_03_T13:05:00 -  All houses for rental were assigned in Lisboa
2024_11_03_T13:05:00 -  All houses for rental were assigned in Lisboa
2024_11_03_T13:05:00 -  All houses for rental were assigned in Lisboa
2024_11_03_T13:05:00 -  All houses for rental were assigned in Lisboa
2024_11_03_T13:05:00 -  All houses for rental were assigned in Lisboa
2024_11_03_T13:05:00 -  All houses for rental were assigned in Lisboa
2024_11_03_T13:05:00 -  All houses for rental were assigned in Lisboa
2024_11_03_T13:05:00 -  All houses for rental were assigned in Lisboa
2024_11_03_T13:05:00 -  All houses for rental were assigned in Lisboa
2024_11_03_T13:05:00 -  All houses for rental were assigned in Lisboa
2024_11_03_T13:05:00 -  All houses for rental were assigned in Lisboa
2024_11_03_T13:05:00 -  All houses for rental were assigned in Lisboa
2024_11_03_T13:05:00 -  All houses for rental were assigned in Lisboa
2024_11_03_T13:05:00 -  All houses for rental were assigned in Lisboa
2024_11_03_T13:05:00 -  All houses for rental were assigned in Lisboa
2024_11_03_T13:05:00 -  All houses for rental were assigned in Lisboa
2024_11_03_T13:05:00 -  All houses for rental were assigned in Lisboa
2024_11_03_T13:05:00 -  All houses for rental were assigned in Lisboa
2024_11_03_T13:05:00 -  All houses for rental were assigned in Lisboa
2024_11_03_T13:05:00 -  All houses for rental were assigned in Lisboa
2024_11_03_T13:05:00 -  All houses for rental were assigned in Lisboa
2024_11_03_T13:05:00 -  All houses for rental were assigned in Lisboa
2024_11_03_T13:05:00 -  All houses for rental were assigned in Lisboa
2024_11_03_T13:05:00 -  All houses for rental were assigned in Lisboa
2024_11_03_T13:05:00 -  All houses for rental were assigned in Lisboa
2024_11_03_T13:05:00 -  All houses for rental were assigned in Lisboa
2024_11_03_T13:05:00 -  All houses for rental were assigned in Lisboa
2024_11_03_T13:05:00 -  All houses for rental were assigned in Lisboa
2024_11_03_T13:05:00 -  All houses for rental were assigned in Lisboa
2024_11_03_T13:05:00 -  All houses for rental were assigned in Lisboa
2024_11_03_T13:05:00 -  All houses for rental were assigned in Lisboa
2024_11_03_T13:05:00 -  All houses for rental were assigned in Lisboa
2024_11_03_T13:05:00 -  All houses for rental were assigned in Lisboa
2024_11_03_T13:05:00 -  All houses for rental were assigned in Lisboa
2024_11_03_T13:05:00 -  All houses for rental were assigned in Lisboa
2024_11_03_T13:05:00 -  All houses for rental were assigned in Lisboa
2024_11_03_T13:05:00 -  All houses for rental were assigned in Lisboa
2024_11_03_T13:05:00 -  All houses for rental were assigned in Lisboa
2024_11_03_T13:05:00 -  All houses for rental were assigned in Lisboa
2024_11_03_T13:05:00 -  All houses for rental were assigned in Lisboa
2024_11_03_T13:05:00 -  All houses for rental were assigned in Lisboa
2024_11_03_T13:05:00 -  All houses for rental were assigned in Lisboa
2024_11_03_T13:05:00 -  All houses for rental were assigned in Lisboa
2024_11_03_T13:05:00 -  All houses for rental were assigned in Lisboa
2024_11_03_T13:05:00 -  All houses for rental were assigned in Lisboa
2024_11_03_T13:05:00 -  All houses for rental were assigned in Lisboa
2024_11_03_T13:05:00 -  All houses for rental were assigned in Lisboa
2024_11_03_T13:05:00 -  All houses for rental were assigned in Lisboa
2024_11_03_T13:05:00 -  All houses for rental were assigned in Lisboa
2024_11_03_T13:05:00 -  All houses for rental were assigned in Lisboa
2024_11_03_T13:05:00 -  All houses for rental were assigned in Lisboa
2024_11_03_T13:05:00 -  All houses for rental were assigned in Lisboa
2024_11_03_T13:05:00 -  All houses for rental were assigned in Lisboa
2024_11_03_T13:05:00 -  All houses for rental were assigned in Lisboa
2024_11_03_T13:05:00 -  All houses for rental were assigned in Lisboa
2024_11_03_T13:05:00 -  All houses for rental were assigned in Lisboa
2024_11_03_T13:05:00 -  All houses for rental were assigned in Lisboa
2024_11_03_T13:05:00 -  All houses for rental were assigned in Lisboa
2024_11_03_T13:05:00 -  All houses for rental were assigned in Lisboa
2024_11_03_T13:05:00 -  All houses for rental were assigned in Lisboa
2024_11_03_T13:05:00 -  All houses for rental were assigned in Lisboa
2024_11_03_T13:05:00 -  All houses for rental were assigned in Lisboa
2024_11_03_T13:05:00 -  All houses for rental were assigned in Lisboa
2024_11_03_T13:05:00 -  All houses for rental were assigned in Lisboa
2024_11_03_T13:05:00 -  All houses for rental were assigned in Lisboa
2024_11_03_T13:05:00 -  All houses for rental were assigned in Lisboa
2024_11_03_T13:05:00 -  All houses for rental were assigned in Lisboa
2024_11_03_T13:05:00 -  All houses for rental were assigned in Lisboa
2024_11_03_T13:05:00 -  All houses for rental were assigned in Lisboa
2024_11_03_T13:05:00 -  All houses for rental were assigned in Lisboa
2024_11_03_T13:05:00 -  All houses for rental were assigned in Lisboa
2024_11_03_T13:05:00 -  All houses for rental were assigned in Lisboa
2024_11_03_T13:05:00 -  All houses for rental were assigned in Lisboa
2024_11_03_T13:05:00 -  All houses for rental were assigned in Lisboa
2024_11_03_T13:05:00 -  All houses for rental were assigned in Lisboa
2024_11_03_T13:05:00 -  All houses for rental were assigned in Lisboa
2024_11_03_T13:05:00 -  All houses for rental were assigned in Lisboa
2024_11_03_T13:05:00 -  All houses for rental were assigned in Lisboa
2024_11_03_T13:05:00 -  All houses for rental were assigned in Lisboa
2024_11_03_T13:05:00 -  All houses for rental were assigned in Lisboa
2024_11_03_T13:05:00 -  All houses for rental were assigned in Lisboa
2024_11_03_T13:05:00 -  All houses for rental were assigned in Lisboa
2024_11_03_T13:05:00 -  All houses for rental were assigned in Lisboa
2024_11_03_T13:05:00 -  All houses for rental were assigned in Lisboa
2024_11_03_T13:05:00 -  All houses for rental were assigned in Lisboa
2024_11_03_T13:05:00 -  All houses for rental were assigned in Lisboa
2024_11_03_T13:05:00 -  All houses for rental were assigned in Lisboa
2024_11_03_T13:05:00 -  All houses for rental were assigned in Lisboa
2024_11_03_T13:05:00 -  All houses for rental were assigned in Lisboa
2024_11_03_T13:05:00 -  All houses for rental were assigned in Lisboa
2024_11_03_T13:05:00 -  All houses for rental were assigned in Lisboa
2024_11_03_T13:05:00 -  All houses for rental were assigned in Lisboa
2024_11_03_T13:05:00 -  All houses for rental were assigned in Lisboa
2024_11_03_T13:05:00 -  All houses for rental were assigned in Lisboa
2024_11_03_T13:05:00 -  All houses for rental were assigned in Lisboa
2024_11_03_T13:05:00 -  All houses for rental were assigned in Lisboa
2024_11_03_T13:05:00 -  All houses for rental were assigned in Lisboa
2024_11_03_T13:05:00 -  All houses for rental were assigned in Lisboa
2024_11_03_T13:05:00 -  All houses for rental were assigned in Lisboa
2024_11_03_T13:05:00 -  All houses for rental were assigned in Lisboa
2024_11_03_T13:05:00 -  All houses for rental were assigned in Lisboa
2024_11_03_T13:05:00 -  All houses for rental were assigned in Lisboa
2024_11_03_T13:05:00 -  All houses for rental were assigned in Lisboa
2024_11_03_T13:05:00 -  All houses for rental were assigned in Lisboa
2024_11_03_T13:05:00 -  All houses for rental were assigned in Lisboa
2024_11_03_T13:05:00 -  All houses for rental were assigned in Lisboa
2024_11_03_T13:05:00 -  All houses for rental were assigned in Lisboa
2024_11_03_T13:05:00 -  All houses for rental were assigned in Lisboa
2024_11_03_T13:05:00 -  All houses for rental were assigned in Lisboa
2024_11_03_T13:05:00 -  All houses for rental were assigned in Lisboa
2024_11_03_T13:05:00 -  All houses for rental were assigned in Lisboa
2024_11_03_T13:05:00 -  All houses for rental were assigned in Lisboa
2024_11_03_T13:05:00 -  All houses for rental were assigned in Lisboa
2024_11_03_T13:05:00 -  All houses for rental were assigned in Lisboa
2024_11_03_T13:05:00 -  All houses for rental were assigned in Lisboa
2024_11_03_T13:05:00 -  All houses for rental were assigned in Lisboa
2024_11_03_T13:05:00 -  All houses for rental were assigned in Lisboa
2024_11_03_T13:05:00 -  All houses for rental were assigned in Lisboa
2024_11_03_T13:05:00 -  All houses for rental were assigned in Lisboa
2024_11_03_T13:05:00 -  All houses for rental were assigned in Lisboa
2024_11_03_T13:05:00 -  All houses for rental were assigned in Lisboa
2024_11_03_T13:05:00 -  All houses for rental were assigned in Lisboa
2024_11_03_T13:05:00 -  All houses for rental were assigned in Lisboa
2024_11_03_T13:05:00 -  All houses for rental were assigned in Lisboa
2024_11_03_T13:05:00 -  All houses for rental were assigned in Lisboa
2024_11_03_T13:05:00 -  All houses for rental were assigned in Lisboa
2024_11_03_T13:05:00 -  All houses for rental were assigned in Lisboa
2024_11_03_T13:05:00 -  All houses for rental were assigned in Lisboa
2024_11_03_T13:05:00 -  All houses for rental were assigned in Lisboa
2024_11_03_T13:05:00 -  All houses for rental were assigned in Lisboa
2024_11_03_T13:05:00 -  All houses for rental were assigned in Lisboa
2024_11_03_T13:05:00 -  All houses for rental were assigned in Lisboa
2024_11_03_T13:05:00 -  All houses for rental were assigned in Lisboa
2024_11_03_T13:05:00 -  All houses for rental were assigned in Lisboa
2024_11_03_T13:05:00 -  All houses for rental were assigned in Lisboa
2024_11_03_T13:05:00 -  All houses for rental were assigned in Lisboa
2024_11_03_T13:05:00 -  All houses for rental were assigned in Lisboa
2024_11_03_T13:05:00 -  All houses for rental were assigned in Lisboa
2024_11_03_T13:05:00 -  All houses for rental were assigned in Lisboa
2024_11_03_T13:05:00 -  All houses for rental were assigned in Lisboa
2024_11_03_T13:05:00 -  All houses for rental were assigned in Lisboa
2024_11_03_T13:05:00 -  All houses for rental were assigned in Lisboa
2024_11_03_T13:05:00 -  All houses for rental were assigned in Lisboa
2024_11_03_T13:05:00 -  All houses for rental were assigned in Lisboa
2024_11_03_T13:05:00 -  All houses for rental were assigned in Lisboa
2024_11_03_T13:05:00 -  All houses for rental were assigned in Lisboa
2024_11_03_T13:05:00 -  All houses for rental were assigned in Lisboa
2024_11_03_T13:05:00 -  All houses for rental were assigned in Lisboa
2024_11_03_T13:05:00 -  All houses for rental were assigned in Lisboa
2024_11_03_T13:05:00 -  All houses for rental were assigned in Lisboa
2024_11_03_T13:05:00 -  All houses for rental were assigned in Lisboa
2024_11_03_T13:05:00 -  All houses for rental were assigned in Lisboa
2024_11_03_T13:05:00 -  All houses for rental were assigned in Lisboa
2024_11_03_T13:05:00 -  All houses for rental were assigned in Lisboa
2024_11_03_T13:05:00 -  All houses for rental were assigned in Lisboa
2024_11_03_T13:05:00 -  All houses for rental were assigned in Lisboa
2024_11_03_T13:05:00 -  All houses for rental were assigned in Lisboa
2024_11_03_T13:05:00 -  All houses for rental were assigned in Lisboa
2024_11_03_T13:05:00 -  All houses for rental were assigned in Lisboa
2024_11_03_T13:05:00 -  All houses for rental were assigned in Lisboa
2024_11_03_T13:05:00 -  All houses for rental were assigned in Lisboa
2024_11_03_T13:05:00 -  All houses for rental were assigned in Lisboa
2024_11_03_T13:05:00 -  All houses for rental were assigned in Lisboa
2024_11_03_T13:05:00 -  All houses for rental were assigned in Lisboa
2024_11_03_T13:05:00 -  All houses for rental were assigned in Lisboa
2024_11_03_T13:05:00 -  All houses for rental were assigned in Lisboa
2024_11_03_T13:05:00 -  All houses for rental were assigned in Lisboa
2024_11_03_T13:05:00 -  All houses for rental were assigned in Lisboa
2024_11_03_T13:05:00 -  All houses for rental were assigned in Lisboa
2024_11_03_T13:05:00 -  All houses for rental were assigned in Lisboa
2024_11_03_T13:05:00 -  All houses for rental were assigned in Lisboa
2024_11_03_T13:05:00 -  All houses for rental were assigned in Lisboa
2024_11_03_T13:05:00 -  All houses for rental were assigned in Lisboa
2024_11_03_T13:05:00 -  All houses for rental were assigned in Lisboa
2024_11_03_T13:05:00 -  All houses for rental were assigned in Lisboa
2024_11_03_T13:05:00 -  All houses for rental were assigned in Lisboa
2024_11_03_T13:05:00 -  All houses for rental were assigned in Lisboa
2024_11_03_T13:05:00 -  All houses for rental were assigned in Lisboa
2024_11_03_T13:05:00 -  All houses for rental were assigned in Lisboa
2024_11_03_T13:05:00 -  All houses for rental were assigned in Lisboa
2024_11_03_T13:05:00 -  All houses for rental were assigned in Lisboa
2024_11_03_T13:05:00 -  All houses for rental were assigned in Lisboa
2024_11_03_T13:05:00 -  All houses for rental were assigned in Lisboa
2024_11_03_T13:05:00 -  All houses for rental were assigned in Lisboa
2024_11_03_T13:05:00 -  All houses for rental were assigned in Lisboa
2024_11_03_T13:05:00 -  All houses for rental were assigned in Lisboa
2024_11_03_T13:05:00 -  All houses for rental were assigned in Lisboa
2024_11_03_T13:05:00 -  All houses for rental were assigned in Lisboa
2024_11_03_T13:05:00 -  All houses for rental were assigned in Lisboa
2024_11_03_T13:05:00 -  All houses for rental were assigned in Lisboa
2024_11_03_T13:05:00 -  All houses for rental were assigned in Lisboa
2024_11_03_T13:05:00 -  All houses for rental were assigned in Lisboa
2024_11_03_T13:05:00 -  All houses for rental were assigned in Lisboa
2024_11_03_T13:05:00 -  All houses for rental were assigned in Lisboa
2024_11_03_T13:05:00 -  All houses for rental were assigned in Lisboa
2024_11_03_T13:05:00 -  All houses for rental were assigned in Lisboa
2024_11_03_T13:05:00 -  All houses for rental were assigned in Lisboa
2024_11_03_T13:05:00 -  All houses for rental were assigned in Lisboa
2024_11_03_T13:05:00 -  All houses for rental were assigned in Lisboa
2024_11_03_T13:05:00 -  All houses for rental were assigned in Lisboa
2024_11_03_T13:05:00 -  All houses for rental were assigned in Lisboa
2024_11_03_T13:05:00 -  All houses for rental were assigned in Lisboa
2024_11_03_T13:05:00 -  All houses for rental were assigned in Lisboa
2024_11_03_T13:05:00 -  All houses for rental were assigned in Lisboa
2024_11_03_T13:05:00 -  All houses for rental were assigned in Lisboa
2024_11_03_T13:05:00 -  All houses for rental were assigned in Lisboa
2024_11_03_T13:05:00 -  All houses for rental were assigned in Lisboa
2024_11_03_T13:05:00 -  All houses for rental were assigned in Lisboa
2024_11_03_T13:05:00 -  All houses for rental were assigned in Lisboa
2024_11_03_T13:05:00 -  All houses for rental were assigned in Lisboa
2024_11_03_T13:05:00 -  All houses for rental were assigned in Lisboa
2024_11_03_T13:05:00 -  All houses for rental were assigned in Lisboa
2024_11_03_T13:05:00 -  All houses for rental were assigned in Lisboa
2024_11_03_T13:05:00 -  All houses for rental were assigned in Lisboa
2024_11_03_T13:05:00 -  All houses for rental were assigned in Lisboa
2024_11_03_T13:05:00 -  All houses for rental were assigned in Lisboa
2024_11_03_T13:05:00 -  All houses for rental were assigned in Lisboa
2024_11_03_T13:05:00 -  All home owners were assigned in Lisboa
2024_11_03_T13:05:00 -  All home owners were assigned in Lisboa
2024_11_03_T13:05:00 -  All home owners were assigned in Lisboa
2024_11_03_T13:05:00 -  All home owners were assigned in Lisboa
2024_11_03_T13:05:00 -  All home owners were assigned in Lisboa
2024_11_03_T13:05:00 -  All home owners were assigned in Lisboa
2024_11_03_T13:05:00 -  All home owners were assigned in Lisboa
2024_11_03_T13:05:00 -  All home owners were assigned in Lisboa
2024_11_03_T13:05:00 -  All home owners were assigned in Lisboa
2024_11_03_T13:05:00 -  All home owners were assigned in Lisboa
2024_11_03_T13:05:00 -  All home owners were assigned in Lisboa
2024_11_03_T13:05:00 -  All home owners were assigned in Lisboa
2024_11_03_T13:05:00 -  All home owners were assigned in Lisboa
2024_11_03_T13:05:00 -  All home owners were assigned in Lisboa
2024_11_03_T13:05:00 -  All home owners were assigned in Lisboa
2024_11_03_T13:05:00 -  All home owners were assigned in Lisboa
2024_11_03_T13:05:00 -  All home owners were assigned in Lisboa
2024_11_03_T13:05:00 -  All home owners were assigned in Lisboa
2024_11_03_T13:05:00 -  All home owners were assigned in Lisboa
2024_11_03_T13:05:00 -  All home owners were assigned in Lisboa
2024_11_03_T13:05:00 -  All home owners were assigned in Lisboa
2024_11_03_T13:05:00 -  All home owners were assigned in Lisboa
2024_11_03_T13:05:00 -  All home owners were assigned in Lisboa
2024_11_03_T13:05:00 -  All home owners were assigned in Lisboa
2024_11_03_T13:05:00 -  All home owners were assigned in Lisboa
2024_11_03_T13:05:00 -  All home owners were assigned in Lisboa
2024_11_03_T13:05:00 -  All home owners were assigned in Lisboa
2024_11_03_T13:05:00 -  All home owners were assigned in Lisboa
2024_11_03_T13:05:00 -  All home owners were assigned in Lisboa
2024_11_03_T13:05:00 -  All home owners were assigned in Lisboa
2024_11_03_T13:05:00 -  All home owners were assigned in Lisboa
2024_11_03_T13:05:00 -  All home owners were assigned in Lisboa
2024_11_03_T13:05:00 -  All home owners were assigned in Lisboa
2024_11_03_T13:05:00 -  All home owners were assigned in Lisboa
2024_11_03_T13:05:00 -  All home owners were assigned in Lisboa
2024_11_03_T13:05:00 -  All home owners were assigned in Lisboa
2024_11_03_T13:05:00 -  All home owners were assigned in Lisboa
2024_11_03_T13:05:00 -  All home owners were assigned in Lisboa
2024_11_03_T13:05:00 -  All home owners were assigned in Lisboa
2024_11_03_T13:05:00 -  All home owners were assigned in Lisboa
2024_11_03_T13:05:00 -  All home owners were assigned in Lisboa
2024_11_03_T13:05:00 -  All home owners were assigned in Lisboa
2024_11_03_T13:05:00 -  All home owners were assigned in Lisboa
2024_11_03_T13:05:00 -  All home owners were assigned in Lisboa
2024_11_03_T13:05:00 -  All home owners were assigned in Lisboa
2024_11_03_T13:05:00 -  All home owners were assigned in Lisboa
2024_11_03_T13:05:00 -  All home owners were assigned in Lisboa
2024_11_03_T13:05:00 -  All home owners were assigned in Lisboa
2024_11_03_T13:05:00 -  All home owners were assigned in Lisboa
2024_11_03_T13:05:00 -  All home owners were assigned in Lisboa
2024_11_03_T13:05:00 -  All home owners were assigned in Lisboa
2024_11_03_T13:05:00 -  All home owners were assigned in Lisboa
2024_11_03_T13:05:00 -  All home owners were assigned in Lisboa
2024_11_03_T13:05:00 -  All home owners were assigned in Lisboa
2024_11_03_T13:05:00 -  All home owners were assigned in Lisboa
2024_11_03_T13:05:00 -  All home owners were assigned in Lisboa
2024_11_03_T13:05:00 -  All home owners were assigned in Lisboa
2024_11_03_T13:05:00 -  All home owners were assigned in Lisboa
2024_11_03_T13:05:00 -  All home owners were assigned in Lisboa
2024_11_03_T13:05:00 -  All home owners were assigned in Lisboa
2024_11_03_T13:05:00 -  All home owners were assigned in Lisboa
2024_11_03_T13:05:00 -  All home owners were assigned in Lisboa
2024_11_03_T13:05:00 -  All home owners were assigned in Lisboa
2024_11_03_T13:05:00 -  All home owners were assigned in Lisboa
2024_11_03_T13:05:00 -  All home owners were assigned in Lisboa
2024_11_03_T13:05:00 -  All home owners were assigned in Lisboa
2024_11_03_T13:05:00 -  All home owners were assigned in Lisboa
2024_11_03_T13:05:00 -  All home owners were assigned in Lisboa
2024_11_03_T13:05:00 -  All home owners were assigned in Lisboa
2024_11_03_T13:05:00 -  All home owners were assigned in Lisboa
2024_11_03_T13:05:00 -  All home owners were assigned in Lisboa
2024_11_03_T13:05:00 -  All home owners were assigned in Lisboa
2024_11_03_T13:05:00 -  All home owners were assigned in Lisboa
2024_11_03_T13:05:00 -  All home owners were assigned in Lisboa
2024_11_03_T13:05:00 -  All home owners were assigned in Lisboa
2024_11_03_T13:05:00 -  All home owners were assigned in Lisboa
2024_11_03_T13:05:00 -  All home owners were assigned in Lisboa
2024_11_03_T13:05:00 -  All home owners were assigned in Lisboa
2024_11_03_T13:05:00 -  All home owners were assigned in Lisboa
2024_11_03_T13:05:00 -  All home owners were assigned in Lisboa
2024_11_03_T13:05:00 -  All home owners were assigned in Lisboa
2024_11_03_T13:05:00 -  All home owners were assigned in Lisboa
2024_11_03_T13:05:00 -  All home owners were assigned in Lisboa
2024_11_03_T13:05:00 -  All home owners were assigned in Lisboa
2024_11_03_T13:05:00 -  All home owners were assigned in Lisboa
2024_11_03_T13:05:00 -  All home owners were assigned in Lisboa
2024_11_03_T13:05:00 -  All home owners were assigned in Lisboa
2024_11_03_T13:05:00 -  All home owners were assigned in Lisboa
2024_11_03_T13:05:00 -  All home owners were assigned in Lisboa
2024_11_03_T13:05:00 -  All home owners were assigned in Lisboa
2024_11_03_T13:05:00 -  All home owners were assigned in Lisboa
2024_11_03_T13:05:00 -  All home owners were assigned in Lisboa
2024_11_03_T13:05:00 -  All home owners were assigned in Lisboa
2024_11_03_T13:05:00 -  All home owners were assigned in Lisboa
2024_11_03_T13:05:00 -  All home owners were assigned in Lisboa
2024_11_03_T13:05:00 -  All home owners were assigned in Lisboa
2024_11_03_T13:05:00 -  All home owners were assigned in Lisboa
2024_11_03_T13:05:00 -  All home owners were assigned in Lisboa
2024_11_03_T13:05:00 -  All home owners were assigned in Lisboa
2024_11_03_T13:05:00 -  All home owners were assigned in Lisboa
2024_11_03_T13:05:00 -  All home owners were assigned in Lisboa
2024_11_03_T13:05:00 -  All home owners were assigned in Lisboa
2024_11_03_T13:05:00 -  All home owners were assigned in Lisboa
2024_11_03_T13:05:00 -  All home owners were assigned in Lisboa
2024_11_03_T13:05:00 -  All home owners were assigned in Lisboa
2024_11_03_T13:05:00 -  All home owners were assigned in Lisboa
2024_11_03_T13:05:00 -  All home owners were assigned in Lisboa
2024_11_03_T13:05:00 -  All home owners were assigned in Lisboa
2024_11_03_T13:05:00 -  All home owners were assigned in Lisboa
2024_11_03_T13:05:00 -  All home owners were assigned in Lisboa
2024_11_03_T13:05:00 -  All home owners were assigned in Lisboa
2024_11_03_T13:05:00 -  All home owners were assigned in Lisboa
2024_11_03_T13:05:00 -  All home owners were assigned in Lisboa
2024_11_03_T13:05:00 -  All home owners were assigned in Lisboa
2024_11_03_T13:05:00 -  All home owners were assigned in Lisboa
2024_11_03_T13:05:00 -  All home owners were assigned in Lisboa
2024_11_03_T13:05:00 -  All home owners were assigned in Lisboa
2024_11_03_T13:05:00 -  All home owners were assigned in Lisboa
2024_11_03_T13:05:00 -  All home owners were assigned in Lisboa
2024_11_03_T13:05:00 -  All home owners were assigned in Lisboa
2024_11_03_T13:05:00 -  All home owners were assigned in Lisboa
2024_11_03_T13:05:00 -  All home owners were assigned in Lisboa
2024_11_03_T13:05:00 -  All home owners were assigned in Lisboa
2024_11_03_T13:05:00 -  All home owners were assigned in Lisboa
2024_11_03_T13:05:00 -  All home owners were assigned in Lisboa
2024_11_03_T13:05:00 -  All home owners were assigned in Lisboa
2024_11_03_T13:05:00 -  All home owners were assigned in Lisboa
2024_11_03_T13:05:00 -  All home owners were assigned in Lisboa
2024_11_03_T13:05:00 -  All home owners were assigned in Lisboa
2024_11_03_T13:05:00 -  All home owners were assigned in Lisboa
2024_11_03_T13:05:00 -  All home owners were assigned in Lisboa
2024_11_03_T13:05:00 -  All home owners were assigned in Lisboa
2024_11_03_T13:05:00 -  All home owners were assigned in Lisboa
2024_11_03_T13:05:00 -  All home owners were assigned in Lisboa
2024_11_03_T13:05:00 -  All home owners were assigned in Lisboa
2024_11_03_T13:05:00 -  All home owners were assigned in Lisboa
2024_11_03_T13:05:00 -  All home owners were assigned in Lisboa
2024_11_03_T13:05:00 -  All home owners were assigned in Lisboa
2024_11_03_T13:05:00 -  All home owners were assigned in Lisboa
2024_11_03_T13:05:00 -  All home owners were assigned in Lisboa
2024_11_03_T13:05:00 -  All home owners were assigned in Lisboa
2024_11_03_T13:05:00 -  All home owners were assigned in Lisboa
2024_11_03_T13:05:00 -  All home owners were assigned in Lisboa
2024_11_03_T13:05:00 -  All home owners were assigned in Lisboa
2024_11_03_T13:05:00 -  All home owners were assigned in Lisboa
2024_11_03_T13:05:00 -  All home owners were assigned in Lisboa
2024_11_03_T13:05:00 -  All home owners were assigned in Lisboa
2024_11_03_T13:05:00 -  All home owners were assigned in Lisboa
2024_11_03_T13:05:00 -  All home owners were assigned in Lisboa
2024_11_03_T13:05:00 -  All home owners were assigned in Lisboa
2024_11_03_T13:05:00 -  All home owners were assigned in Lisboa
2024_11_03_T13:05:00 -  All home owners were assigned in Lisboa
2024_11_03_T13:05:00 -  All home owners were assigned in Lisboa
2024_11_03_T13:05:00 -  All home owners were assigned in Lisboa
2024_11_03_T13:05:00 -  All home owners were assigned in Lisboa
2024_11_03_T13:05:00 -  All home owners were assigned in Lisboa
2024_11_03_T13:05:00 -  All home owners were assigned in Lisboa
2024_11_03_T13:05:00 -  All home owners were assigned in Lisboa
2024_11_03_T13:05:00 -  All home owners were assigned in Lisboa
2024_11_03_T13:05:00 -  All home owners were assigned in Lisboa
2024_11_03_T13:05:00 -  All home owners were assigned in Lisboa
2024_11_03_T13:05:00 -  All home owners were assigned in Lisboa
2024_11_03_T13:05:00 -  All home owners were assigned in Lisboa
2024_11_03_T13:05:00 -  All home owners were assigned in Lisboa
2024_11_03_T13:05:00 -  All home owners were assigned in Lisboa
2024_11_03_T13:05:00 -  All home owners were assigned in Lisboa
2024_11_03_T13:05:00 -  All home owners were assigned in Lisboa
2024_11_03_T13:05:00 -  All home owners were assigned in Lisboa
2024_11_03_T13:05:00 -  All home owners were assigned in Lisboa
2024_11_03_T13:05:00 -  All home owners were assigned in Lisboa
2024_11_03_T13:05:00 -  All home owners were assigned in Lisboa
2024_11_03_T13:05:00 -  All home owners were assigned in Lisboa
2024_11_03_T13:05:00 -  All home owners were assigned in Lisboa
2024_11_03_T13:05:00 -  All home owners were assigned in Lisboa
2024_11_03_T13:05:00 -  All home owners were assigned in Lisboa
2024_11_03_T13:05:00 -  All home owners were assigned in Lisboa
2024_11_03_T13:05:00 -  All home owners were assigned in Lisboa
2024_11_03_T13:05:00 -  All home owners were assigned in Lisboa
2024_11_03_T13:05:00 -  All home owners were assigned in Lisboa
2024_11_03_T13:05:00 -  All home owners were assigned in Lisboa
2024_11_03_T13:05:00 -  All home owners were assigned in Lisboa
2024_11_03_T13:05:00 -  All home owners were assigned in Lisboa
2024_11_03_T13:05:00 -  All home owners were assigned in Lisboa
2024_11_03_T13:05:00 -  All home owners were assigned in Lisboa
2024_11_03_T13:05:00 -  All home owners were assigned in Lisboa
2024_11_03_T13:05:00 -  All home owners were assigned in Lisboa
2024_11_03_T13:05:00 -  All home owners were assigned in Lisboa
2024_11_03_T13:05:00 -  All home owners were assigned in Lisboa
2024_11_03_T13:05:00 -  All home owners were assigned in Lisboa
2024_11_03_T13:05:00 -  All home owners were assigned in Lisboa
2024_11_03_T13:05:00 -  All home owners were assigned in Lisboa
2024_11_03_T13:05:00 -  All home owners were assigned in Lisboa
2024_11_03_T13:05:00 -  All home owners were assigned in Lisboa
2024_11_03_T13:05:00 -  All home owners were assigned in Lisboa
2024_11_03_T13:05:00 -  All home owners were assigned in Lisboa
2024_11_03_T13:05:00 -  All home owners were assigned in Lisboa
2024_11_03_T13:05:00 -  All home owners were assigned in Lisboa
2024_11_03_T13:05:00 -  All home owners were assigned in Lisboa
2024_11_03_T13:05:00 -  All home owners were assigned in Lisboa
2024_11_03_T13:05:00 -  All home owners were assigned in Lisboa
2024_11_03_T13:05:00 -  All home owners were assigned in Lisboa
2024_11_03_T13:05:00 -  All home owners were assigned in Lisboa
2024_11_03_T13:05:00 -  All home owners were assigned in Lisboa
2024_11_03_T13:05:00 -  All home owners were assigned in Lisboa
2024_11_03_T13:05:00 -  All home owners were assigned in Lisboa
2024_11_03_T13:05:00 -  All home owners were assigned in Lisboa
2024_11_03_T13:05:00 -  All home owners were assigned in Lisboa
2024_11_03_T13:05:00 -  All home owners were assigned in Lisboa
2024_11_03_T13:05:00 -  All home owners were assigned in Lisboa
2024_11_03_T13:05:00 -  All home owners were assigned in Lisboa
2024_11_03_T13:05:00 -  All home owners were assigned in Lisboa
2024_11_03_T13:05:00 -  All home owners were assigned in Lisboa
2024_11_03_T13:05:00 -  All home owners were assigned in Lisboa
2024_11_03_T13:05:00 -  All home owners were assigned in Lisboa
2024_11_03_T13:05:00 -  All home owners were assigned in Lisboa
2024_11_03_T13:05:00 -  All home owners were assigned in Lisboa
2024_11_03_T13:05:00 -  All home owners were assigned in Lisboa
2024_11_03_T13:05:00 -  All home owners were assigned in Lisboa
2024_11_03_T13:05:00 -  All home owners were assigned in Lisboa
2024_11_03_T13:05:00 -  All home owners were assigned in Lisboa
2024_11_03_T13:05:00 -  All home owners were assigned in Lisboa
2024_11_03_T13:05:00 -  All home owners were assigned in Lisboa
2024_11_03_T13:05:00 -  All home owners were assigned in Lisboa
2024_11_03_T13:05:00 -  All home owners were assigned in Lisboa
2024_11_03_T13:05:00 -  All home owners were assigned in Lisboa
2024_11_03_T13:05:00 -  All home owners were assigned in Lisboa
2024_11_03_T13:05:00 -  All home owners were assigned in Lisboa
2024_11_03_T13:05:00 -  All home owners were assigned in Lisboa
2024_11_03_T13:05:00 -  All home owners were assigned in Lisboa
2024_11_03_T13:05:00 -  All home owners were assigned in Lisboa
2024_11_03_T13:05:00 -  All home owners were assigned in Lisboa
2024_11_03_T13:05:00 -  All home owners were assigned in Lisboa
2024_11_03_T13:05:00 -  All home owners were assigned in Lisboa
2024_11_03_T13:05:00 -  All home owners were assigned in Lisboa
2024_11_03_T13:05:00 -  All home owners were assigned in Lisboa
2024_11_03_T13:05:00 -  All home owners were assigned in Lisboa
2024_11_03_T13:05:00 -  All home owners were assigned in Lisboa
2024_11_03_T13:05:00 -  All home owners were assigned in Lisboa
2024_11_03_T13:05:00 -  All home owners were assigned in Lisboa
2024_11_03_T13:05:00 -  All home owners were assigned in Lisboa
2024_11_03_T13:05:00 -  All home owners were assigned in Lisboa
2024_11_03_T13:05:00 -  All home owners were assigned in Lisboa
2024_11_03_T13:05:00 -  All home owners were assigned in Lisboa
2024_11_03_T13:05:00 -  All home owners were assigned in Lisboa
2024_11_03_T13:05:00 -  All home owners were assigned in Lisboa
2024_11_03_T13:05:00 -  All home owners were assigned in Lisboa
2024_11_03_T13:05:00 -  All home owners were assigned in Lisboa
2024_11_03_T13:05:00 -  All home owners were assigned in Lisboa
2024_11_03_T13:05:00 -  All home owners were assigned in Lisboa
2024_11_03_T13:05:00 -  All home owners were assigned in Lisboa
2024_11_03_T13:05:00 -  All home owners were assigned in Lisboa
2024_11_03_T13:05:00 -  All home owners were assigned in Lisboa
2024_11_03_T13:05:00 -  All home owners were assigned in Lisboa
2024_11_03_T13:05:00 -  All home owners were assigned in Lisboa
2024_11_03_T13:05:00 -  All home owners were assigned in Lisboa
2024_11_03_T13:05:00 -  All home owners were assigned in Lisboa
2024_11_03_T13:05:00 -  All home owners were assigned in Lisboa
2024_11_03_T13:05:00 -  All home owners were assigned in Lisboa
2024_11_03_T13:05:00 -  All home owners were assigned in Lisboa
2024_11_03_T13:05:00 -  All home owners were assigned in Lisboa
2024_11_03_T13:05:00 -  All home owners were assigned in Lisboa
2024_11_03_T13:05:00 -  All home owners were assigned in Lisboa
2024_11_03_T13:05:00 -  All home owners were assigned in Lisboa
2024_11_03_T13:05:00 -  All home owners were assigned in Lisboa
2024_11_03_T13:05:00 -  All home owners were assigned in Lisboa
2024_11_03_T13:05:00 -  All home owners were assigned in Lisboa
2024_11_03_T13:05:00 -  All home owners were assigned in Lisboa
2024_11_03_T13:05:00 -  All home owners were assigned in Lisboa
2024_11_03_T13:05:00 -  All home owners were assigned in Lisboa
2024_11_03_T13:05:00 -  All home owners were assigned in Lisboa
2024_11_03_T13:05:00 -  All home owners were assigned in Lisboa
2024_11_03_T13:05:00 -  All home owners were assigned in Lisboa
2024_11_03_T13:05:00 -  All home owners were assigned in Lisboa
2024_11_03_T13:05:00 -  All home owners were assigned in Lisboa
2024_11_03_T13:05:00 -  All home owners were assigned in Lisboa
2024_11_03_T13:05:00 -  All home owners were assigned in Lisboa
2024_11_03_T13:05:00 -  All home owners were assigned in Lisboa
2024_11_03_T13:05:00 -  All home owners were assigned in Lisboa
2024_11_03_T13:05:00 -  All home owners were assigned in Lisboa
2024_11_03_T13:05:00 -  All home owners were assigned in Lisboa
2024_11_03_T13:05:00 -  All home owners were assigned in Lisboa
2024_11_03_T13:05:00 -  All home owners were assigned in Lisboa
2024_11_03_T13:05:00 -  All home owners were assigned in Lisboa
2024_11_03_T13:05:00 -  All home owners were assigned in Lisboa
2024_11_03_T13:05:00 -  All home owners were assigned in Lisboa
2024_11_03_T13:05:00 -  All home owners were assigned in Lisboa
2024_11_03_T13:05:00 -  All home owners were assigned in Lisboa
2024_11_03_T13:05:00 -  All home owners were assigned in Lisboa
2024_11_03_T13:05:00 -  All home owners were assigned in Lisboa
2024_11_03_T13:05:00 -  All home owners were assigned in Lisboa
2024_11_03_T13:05:00 -  All home owners were assigned in Lisboa
2024_11_03_T13:05:00 -  All home owners were assigned in Lisboa
2024_11_03_T13:05:00 -  All home owners were assigned in Lisboa
2024_11_03_T13:05:00 -  All home owners were assigned in Lisboa
2024_11_03_T13:05:00 -  All home owners were assigned in Lisboa
2024_11_03_T13:05:00 -  All home owners were assigned in Lisboa
2024_11_03_T13:05:00 -  All home owners were assigned in Lisboa
2024_11_03_T13:05:00 -  All home owners were assigned in Lisboa
2024_11_03_T13:05:00 -  All home owners were assigned in Lisboa
2024_11_03_T13:05:00 -  All home owners were assigned in Lisboa
2024_11_03_T13:05:00 -  All home owners were assigned in Lisboa
2024_11_03_T13:05:00 -  All home owners were assigned in Lisboa
2024_11_03_T13:05:00 -  All home owners were assigned in Lisboa
2024_11_03_T13:05:00 -  All home owners were assigned in Lisboa
2024_11_03_T13:05:00 -  All home owners were assigned in Lisboa
2024_11_03_T13:05:00 -  All home owners were assigned in Lisboa
2024_11_03_T13:05:00 -  All home owners were assigned in Lisboa
2024_11_03_T13:05:00 -  All home owners were assigned in Lisboa
2024_11_03_T13:05:00 -  All home owners were assigned in Lisboa
2024_11_03_T13:05:00 -  All home owners were assigned in Lisboa
2024_11_03_T13:05:00 -  All home owners were assigned in Lisboa
2024_11_03_T13:05:00 -  All home owners were assigned in Lisboa
2024_11_03_T13:05:00 -  All home owners were assigned in Lisboa
2024_11_03_T13:05:00 -  All home owners were assigned in Lisboa
2024_11_03_T13:05:00 -  All home owners were assigned in Lisboa
2024_11_03_T13:05:00 -  All home owners were assigned in Lisboa
2024_11_03_T13:05:00 -  All home owners were assigned in Lisboa
2024_11_03_T13:05:00 -  All home owners were assigned in Lisboa
2024_11_03_T13:05:00 -  All home owners were assigned in Lisboa
2024_11_03_T13:05:00 -  All home owners were assigned in Lisboa
2024_11_03_T13:05:00 -  All home owners were assigned in Lisboa
2024_11_03_T13:05:00 -  All home owners were assigned in Lisboa
2024_11_03_T13:05:00 -  All home owners were assigned in Lisboa
2024_11_03_T13:05:00 -  All home owners were assigned in Lisboa
2024_11_03_T13:05:00 -  All home owners were assigned in Lisboa
2024_11_03_T13:05:00 -  All home owners were assigned in Lisboa
2024_11_03_T13:05:00 -  All home owners were assigned in Lisboa
2024_11_03_T13:05:00 -  All home owners were assigned in Lisboa
2024_11_03_T13:05:00 -  All home owners were assigned in Lisboa
2024_11_03_T13:05:00 -  All home owners were assigned in Lisboa
2024_11_03_T13:05:00 -  All home owners were assigned in Lisboa
2024_11_03_T13:05:00 -  All home owners were assigned in Lisboa
2024_11_03_T13:05:00 -  All home owners were assigned in Lisboa
2024_11_03_T13:05:00 -  All home owners were assigned in Lisboa
2024_11_03_T13:05:00 -  All home owners were assigned in Lisboa
2024_11_03_T13:05:00 -  All home owners were assigned in Lisboa
2024_11_03_T13:05:00 -  All home owners were assigned in Lisboa
2024_11_03_T13:05:00 -  All home owners were assigned in Lisboa
2024_11_03_T13:05:00 -  All home owners were assigned in Lisboa
2024_11_03_T13:05:00 -  All home owners were assigned in Lisboa
2024_11_03_T13:05:00 -  All home owners were assigned in Lisboa
2024_11_03_T13:05:00 -  All home owners were assigned in Lisboa
2024_11_03_T13:05:00 -  All home owners were assigned in Lisboa
2024_11_03_T13:05:00 -  All home owners were assigned in Lisboa
2024_11_03_T13:05:00 -  All home owners were assigned in Lisboa
2024_11_03_T13:05:00 -  All home owners were assigned in Lisboa
2024_11_03_T13:05:00 -  All home owners were assigned in Lisboa
2024_11_03_T13:05:00 -  All home owners were assigned in Lisboa
2024_11_03_T13:05:00 -  All home owners were assigned in Lisboa
2024_11_03_T13:05:00 -  All home owners were assigned in Lisboa
2024_11_03_T13:05:00 -  All home owners were assigned in Lisboa
2024_11_03_T13:05:00 -  All home owners were assigned in Lisboa
2024_11_03_T13:05:00 -  All home owners were assigned in Lisboa
2024_11_03_T13:05:00 -  All home owners were assigned in Lisboa
2024_11_03_T13:05:00 -  All home owners were assigned in Lisboa
2024_11_03_T13:05:00 -  All home owners were assigned in Lisboa
2024_11_03_T13:05:00 -  All home owners were assigned in Lisboa
2024_11_03_T13:05:00 -  All home owners were assigned in Lisboa
2024_11_03_T13:05:00 -  All home owners were assigned in Lisboa
2024_11_03_T13:05:00 -  All home owners were assigned in Lisboa
2024_11_03_T13:05:00 -  All home owners were assigned in Lisboa
2024_11_03_T13:05:00 -  All home owners were assigned in Lisboa
2024_11_03_T13:05:00 -  All home owners were assigned in Lisboa
2024_11_03_T13:05:00 -  All home owners were assigned in Lisboa
2024_11_03_T13:05:00 -  All home owners were assigned in Lisboa
2024_11_03_T13:05:00 -  All home owners were assigned in Lisboa
2024_11_03_T13:05:00 -  All home owners were assigned in Lisboa
2024_11_03_T13:05:00 -  All home owners were assigned in Lisboa
2024_11_03_T13:05:00 -  All home owners were assigned in Lisboa
2024_11_03_T13:05:00 -  All home owners were assigned in Lisboa
2024_11_03_T13:05:00 -  All home owners were assigned in Lisboa
2024_11_03_T13:05:00 -  All home owners were assigned in Lisboa
2024_11_03_T13:05:00 -  All home owners were assigned in Lisboa
2024_11_03_T13:05:00 -  All home owners were assigned in Lisboa
2024_11_03_T13:05:00 -  All home owners were assigned in Lisboa
2024_11_03_T13:05:00 -  All home owners were assigned in Lisboa
2024_11_03_T13:05:00 -  All home owners were assigned in Lisboa
2024_11_03_T13:05:00 -  All home owners were assigned in Lisboa
2024_11_03_T13:05:00 -  All home owners were assigned in Lisboa
2024_11_03_T13:05:00 -  All home owners were assigned in Lisboa
2024_11_03_T13:05:00 -  All home owners were assigned in Lisboa
2024_11_03_T13:05:00 -  All home owners were assigned in Lisboa
2024_11_03_T13:05:00 -  All home owners were assigned in Lisboa
2024_11_03_T13:05:00 -  All home owners were assigned in Lisboa
2024_11_03_T13:05:00 -  All home owners were assigned in Lisboa
2024_11_03_T13:05:00 -  All home owners were assigned in Lisboa
2024_11_03_T13:05:00 -  All home owners were assigned in Lisboa
2024_11_03_T13:05:00 -  All home owners were assigned in Lisboa
2024_11_03_T13:05:00 -  All home owners were assigned in Lisboa
2024_11_03_T13:05:00 -  All home owners were assigned in Lisboa
2024_11_03_T13:05:00 -  All home owners were assigned in Lisboa
2024_11_03_T13:05:00 -  All home owners were assigned in Lisboa
2024_11_03_T13:05:00 -  All home owners were assigned in Lisboa
2024_11_03_T13:05:00 -  All home owners were assigned in Lisboa
2024_11_03_T13:05:00 -  All home owners were assigned in Lisboa
2024_11_03_T13:05:00 -  All home owners were assigned in Lisboa
2024_11_03_T13:05:00 -  All home owners were assigned in Lisboa
2024_11_03_T13:05:00 -  All home owners were assigned in Lisboa
2024_11_03_T13:05:00 -  All home owners were assigned in Lisboa
2024_11_03_T13:05:00 -  All home owners were assigned in Lisboa
2024_11_03_T13:05:00 -  All home owners were assigned in Lisboa
2024_11_03_T13:05:00 -  All home owners were assigned in Lisboa
2024_11_03_T13:05:00 -  All home owners were assigned in Lisboa
2024_11_03_T13:05:00 -  All home owners were assigned in Lisboa
2024_11_03_T13:05:00 -  All home owners were assigned in Lisboa
2024_11_03_T13:05:00 -  All home owners were assigned in Lisboa
2024_11_03_T13:05:00 -  All home owners were assigned in Lisboa
2024_11_03_T13:05:00 -  All home owners were assigned in Lisboa
2024_11_03_T13:05:00 -  All home owners were assigned in Lisboa
2024_11_03_T13:05:00 -  All home owners were assigned in Lisboa
2024_11_03_T13:05:00 -  All home owners were assigned in Lisboa
2024_11_03_T13:05:00 -  All home owners were assigned in Lisboa
2024_11_03_T13:05:00 -  All home owners were assigned in Lisboa
2024_11_03_T13:05:00 -  All home owners were assigned in Lisboa
2024_11_03_T13:05:00 -  All home owners were assigned in Lisboa
2024_11_03_T13:05:00 -  All home owners were assigned in Lisboa
2024_11_03_T13:05:00 -  All home owners were assigned in Lisboa
2024_11_03_T13:05:00 -  All home owners were assigned in Lisboa
2024_11_03_T13:05:00 -  All home owners were assigned in Lisboa
2024_11_03_T13:05:00 -  All home owners were assigned in Lisboa
2024_11_03_T13:05:00 -  All home owners were assigned in Lisboa
2024_11_03_T13:05:00 -  All home owners were assigned in Lisboa
2024_11_03_T13:05:00 -  All home owners were assigned in Lisboa
2024_11_03_T13:05:00 -  All home owners were assigned in Lisboa
2024_11_03_T13:05:00 -  All home owners were assigned in Lisboa
2024_11_03_T13:05:00 -  All home owners were assigned in Lisboa
2024_11_03_T13:05:00 -  All home owners were assigned in Lisboa
2024_11_03_T13:05:00 -  All home owners were assigned in Lisboa
2024_11_03_T13:05:00 -  All home owners were assigned in Lisboa
2024_11_03_T13:05:00 -  All home owners were assigned in Lisboa
2024_11_03_T13:05:00 -  All home owners were assigned in Lisboa
2024_11_03_T13:05:00 -  All home owners were assigned in Lisboa
2024_11_03_T13:05:00 -  All home owners were assigned in Lisboa
2024_11_03_T13:05:00 -  All home owners were assigned in Lisboa
2024_11_03_T13:05:00 -  All home owners were assigned in Lisboa
2024_11_03_T13:05:00 -  All home owners were assigned in Lisboa
2024_11_03_T13:05:00 -  All home owners were assigned in Lisboa
2024_11_03_T13:05:00 -  All home owners were assigned in Lisboa
2024_11_03_T13:05:00 -  All home owners were assigned in Lisboa
2024_11_03_T13:05:00 -  All home owners were assigned in Lisboa
2024_11_03_T13:05:00 -  All home owners were assigned in Lisboa
2024_11_03_T13:05:00 -  All home owners were assigned in Lisboa
2024_11_03_T13:05:00 -  All home owners were assigned in Lisboa
2024_11_03_T13:05:00 -  All home owners were assigned in Lisboa
2024_11_03_T13:05:00 -  All home owners were assigned in Lisboa
2024_11_03_T13:05:00 -  All home owners were assigned in Lisboa
2024_11_03_T13:05:00 -  All home owners were assigned in Lisboa
2024_11_03_T13:05:00 -  All home owners were assigned in Lisboa
2024_11_03_T13:05:00 -  All home owners were assigned in Lisboa
2024_11_03_T13:05:00 -  All home owners were assigned in Lisboa
2024_11_03_T13:05:00 -  All home owners were assigned in Lisboa
2024_11_03_T13:05:00 -  All home owners were assigned in Lisboa
2024_11_03_T13:05:00 -  All home owners were assigned in Lisboa
2024_11_03_T13:05:00 -  All home owners were assigned in Lisboa
2024_11_03_T13:05:00 -  All home owners were assigned in Lisboa
2024_11_03_T13:05:00 -  All home owners were assigned in Lisboa
2024_11_03_T13:05:00 -  All home owners were assigned in Lisboa
2024_11_03_T13:05:00 -  All home owners were assigned in Lisboa
2024_11_03_T13:05:00 -  All home owners were assigned in Lisboa
2024_11_03_T13:05:00 -  All home owners were assigned in Lisboa
2024_11_03_T13:05:00 -  All home owners were assigned in Lisboa
2024_11_03_T13:05:00 -  All home owners were assigned in Lisboa
2024_11_03_T13:05:00 -  All home owners were assigned in Lisboa
2024_11_03_T13:05:00 -  All home owners were assigned in Lisboa
2024_11_03_T13:05:00 -  All home owners were assigned in Lisboa
2024_11_03_T13:05:00 -  All home owners were assigned in Lisboa
2024_11_03_T13:05:00 -  All home owners were assigned in Lisboa
2024_11_03_T13:05:00 -  All home owners were assigned in Lisboa
2024_11_03_T13:05:00 -  All home owners were assigned in Lisboa
2024_11_03_T13:05:00 -  All home owners were assigned in Lisboa
2024_11_03_T13:05:00 -  All home owners were assigned in Lisboa
2024_11_03_T13:05:00 -  All home owners were assigned in Lisboa
2024_11_03_T13:05:00 -  All home owners were assigned in Lisboa
2024_11_03_T13:05:00 -  All home owners were assigned in Lisboa
2024_11_03_T13:05:00 -  All home owners were assigned in Lisboa
2024_11_03_T13:05:00 -  All home owners were assigned in Lisboa
2024_11_03_T13:05:00 -  All home owners were assigned in Lisboa
2024_11_03_T13:05:00 -  All home owners were assigned in Lisboa
2024_11_03_T13:05:00 -  All home owners were assigned in Lisboa
2024_11_03_T13:05:00 -  All home owners were assigned in Lisboa
2024_11_03_T13:05:00 -  All home owners were assigned in Lisboa
2024_11_03_T13:05:00 -  All home owners were assigned in Lisboa
2024_11_03_T13:05:00 -  All home owners were assigned in Lisboa
2024_11_03_T13:05:00 -  All home owners were assigned in Lisboa
2024_11_03_T13:05:00 -  All home owners were assigned in Lisboa
2024_11_03_T13:05:00 -  All home owners were assigned in Lisboa
2024_11_03_T13:05:00 -  All home owners were assigned in Lisboa
2024_11_03_T13:05:00 -  All home owners were assigned in Lisboa
2024_11_03_T13:05:00 -  All home owners were assigned in Lisboa
2024_11_03_T13:05:00 -  All home owners were assigned in Lisboa
2024_11_03_T13:05:00 -  All home owners were assigned in Lisboa
2024_11_03_T13:05:00 -  All home owners were assigned in Lisboa
2024_11_03_T13:05:00 -  All home owners were assigned in Lisboa
2024_11_03_T13:05:00 -  All home owners were assigned in Lisboa
2024_11_03_T13:05:00 -  All home owners were assigned in Lisboa
2024_11_03_T13:05:00 -  All home owners were assigned in Lisboa
2024_11_03_T13:05:00 -  All home owners were assigned in Lisboa
2024_11_03_T13:05:00 -  All home owners were assigned in Lisboa
2024_11_03_T13:05:00 -  All home owners were assigned in Lisboa
2024_11_03_T13:05:00 -  All home owners were assigned in Lisboa
2024_11_03_T13:05:00 -  All home owners were assigned in Lisboa
2024_11_03_T13:05:00 -  All home owners were assigned in Lisboa
2024_11_03_T13:05:00 -  All home owners were assigned in Lisboa
2024_11_03_T13:05:00 -  All home owners were assigned in Lisboa
2024_11_03_T13:05:00 -  All home owners were assigned in Lisboa
2024_11_03_T13:05:00 -  All home owners were assigned in Lisboa
2024_11_03_T13:05:00 -  All home owners were assigned in Lisboa
2024_11_03_T13:05:00 -  All home owners were assigned in Lisboa
2024_11_03_T13:05:00 -  All home owners were assigned in Lisboa
2024_11_03_T13:05:00 -  All home owners were assigned in Lisboa
2024_11_03_T13:05:00 -  All home owners were assigned in Lisboa
2024_11_03_T13:05:00 -  All home owners were assigned in Lisboa
2024_11_03_T13:05:00 -  All home owners were assigned in Lisboa
2024_11_03_T13:05:00 -  All home owners were assigned in Lisboa
2024_11_03_T13:05:00 -  All home owners were assigned in Lisboa
2024_11_03_T13:05:00 -  All home owners were assigned in Lisboa
2024_11_03_T13:05:00 -  All home owners were assigned in Lisboa
2024_11_03_T13:05:00 -  All home owners were assigned in Lisboa
2024_11_03_T13:05:00 -  All home owners were assigned in Lisboa
2024_11_03_T13:05:00 -  All home owners were assigned in Lisboa
2024_11_03_T13:05:00 -  All home owners were assigned in Lisboa
2024_11_03_T13:05:00 -  All home owners were assigned in Lisboa
2024_11_03_T13:05:00 -  All home owners were assigned in Lisboa
2024_11_03_T13:05:00 -  All home owners were assigned in Lisboa
2024_11_03_T13:05:00 -  All home owners were assigned in Lisboa
2024_11_03_T13:05:00 -  All home owners were assigned in Lisboa
2024_11_03_T13:05:00 -  All home owners were assigned in Lisboa
2024_11_03_T13:05:00 -  All home owners were assigned in Lisboa
2024_11_03_T13:05:00 -  All home owners were assigned in Lisboa
2024_11_03_T13:05:00 -  All home owners were assigned in Lisboa
2024_11_03_T13:05:00 -  All home owners were assigned in Lisboa
2024_11_03_T13:05:00 -  All home owners were assigned in Lisboa
2024_11_03_T13:05:00 -  All home owners were assigned in Lisboa
2024_11_03_T13:05:00 -  All home owners were assigned in Lisboa
2024_11_03_T13:05:00 -  All home owners were assigned in Lisboa
2024_11_03_T13:05:00 -  All home owners were assigned in Lisboa
2024_11_03_T13:05:00 -  All home owners were assigned in Lisboa
2024_11_03_T13:05:00 -  All home owners were assigned in Lisboa
2024_11_03_T13:05:00 -  All home owners were assigned in Lisboa
2024_11_03_T13:05:00 -  All home owners were assigned in Lisboa
2024_11_03_T13:05:00 -  All home owners were assigned in Lisboa
2024_11_03_T13:05:00 -  All home owners were assigned in Lisboa
2024_11_03_T13:05:00 -  All home owners were assigned in Lisboa
2024_11_03_T13:05:00 -  All home owners were assigned in Lisboa
2024_11_03_T13:05:00 -  All home owners were assigned in Lisboa
2024_11_03_T13:05:00 -  All home owners were assigned in Lisboa
2024_11_03_T13:05:00 -  All home owners were assigned in Lisboa
2024_11_03_T13:05:00 -  All home owners were assigned in Lisboa
2024_11_03_T13:05:00 -  All home owners were assigned in Lisboa
2024_11_03_T13:05:00 -  All home owners were assigned in Lisboa
2024_11_03_T13:05:00 -  All home owners were assigned in Lisboa
2024_11_03_T13:05:00 -  All home owners were assigned in Lisboa
2024_11_03_T13:05:00 -  All home owners were assigned in Lisboa
2024_11_03_T13:05:00 -  All home owners were assigned in Lisboa
2024_11_03_T13:05:00 -  All home owners were assigned in Lisboa
2024_11_03_T13:05:00 -  All home owners were assigned in Lisboa
2024_11_03_T13:05:00 -  All home owners were assigned in Lisboa
2024_11_03_T13:05:00 -  All home owners were assigned in Lisboa
2024_11_03_T13:05:00 -  All home owners were assigned in Lisboa
2024_11_03_T13:05:00 -  All home owners were assigned in Lisboa
2024_11_03_T13:05:00 -  All home owners were assigned in Lisboa
2024_11_03_T13:05:00 -  All home owners were assigned in Lisboa
2024_11_03_T13:05:00 -  All home owners were assigned in Lisboa
2024_11_03_T13:05:00 -  All home owners were assigned in Lisboa
2024_11_03_T13:05:00 -  All home owners were assigned in Lisboa
2024_11_03_T13:05:00 -  All home owners were assigned in Lisboa
2024_11_03_T13:05:00 -  All home owners were assigned in Lisboa
2024_11_03_T13:05:00 -  All home owners were assigned in Lisboa
2024_11_03_T13:05:00 -  All home owners were assigned in Lisboa
2024_11_03_T13:05:00 -  All home owners were assigned in Lisboa
2024_11_03_T13:05:00 -  All home owners were assigned in Lisboa
2024_11_03_T13:05:00 -  All home owners were assigned in Lisboa
2024_11_03_T13:05:00 -  All home owners were assigned in Lisboa
2024_11_03_T13:05:00 -  All home owners were assigned in Lisboa
2024_11_03_T13:05:00 -  All home owners were assigned in Lisboa
2024_11_03_T13:05:00 -  All home owners were assigned in Lisboa
2024_11_03_T13:05:00 -  All home owners were assigned in Lisboa
2024_11_03_T13:05:00 -  All home owners were assigned in Lisboa
2024_11_03_T13:05:00 -  All home owners were assigned in Lisboa
2024_11_03_T13:05:00 -  All home owners were assigned in Lisboa
2024_11_03_T13:05:00 -  All home owners were assigned in Lisboa
2024_11_03_T13:05:00 -  All home owners were assigned in Lisboa
2024_11_03_T13:05:00 -  All home owners were assigned in Lisboa
2024_11_03_T13:05:00 -  All home owners were assigned in Lisboa
2024_11_03_T13:05:00 -  All home owners were assigned in Lisboa
2024_11_03_T13:05:00 -  All home owners were assigned in Lisboa
2024_11_03_T13:05:00 -  finished assignHousesToHouseholds in 1.729830026626587 seconds
2024_11_03_T13:05:04 -  Metrics: sum_wealth took 9.5367431640625e-7
2024_11_03_T13:05:06 -  Metrics: wealth_distribution took 6.9141387939453125e-6
2024_11_03_T13:05:06 -  Metrics: money_distribution took 5.9604644775390625e-6
2024_11_03_T13:05:06 -  Metrics: size_distribution took 5.0067901611328125e-6
2024_11_03_T13:05:06 -  Metrics: age_distribution took 5.0067901611328125e-6
2024_11_03_T13:05:09 -  Metrics: sum_wealth took 4.00543212890625e-5
2024_11_03_T13:05:09 -  Metrics: wealth_distribution took 0.012015104293823242
2024_11_03_T13:05:09 -  Metrics: money_distribution took 0.0004811286926269531
2024_11_03_T13:05:09 -  Metrics: size_distribution took 0.010522842407226562
2024_11_03_T13:05:09 -  Metrics: age_distribution took 0.0004589557647705078
2024_11_03_T13:05:12 -  Model step started
2024_11_03_T13:05:12 -  clearHangingSupplies started
2024_11_03_T13:05:12 -  clearHangingSupplies took 0.006063938140869141
2024_11_03_T13:05:12 -  clearHangingRentalSupplies started
2024_11_03_T13:05:12 -  clearHangingRentalSupplies took 0.06288409233093262
2024_11_03_T13:05:12 -  clearHouseMarket started
2024_11_03_T13:05:13 -  clearHouseMarket - first block took 0.30991291999816895
2024_11_03_T13:05:13 -  clearHouseMarket - second block took 0.3415539264678955
2024_11_03_T13:05:13 -  clearHouseMarket - third block took 0.014273881912231445
2024_11_03_T13:05:13 -  clearRentalMarket started
2024_11_03_T13:05:13 -  clearRentalMarket - first block took 0.18407201766967773
2024_11_03_T13:05:13 -  clearRentalMarket - second block took 0.017135143280029297
2024_11_03_T13:05:13 -  Model step took 1.4877910614013672 seconds
2024_11_03_T13:05:13 -  Metrics: sum_wealth took 7.200241088867188e-5
2024_11_03_T13:05:13 -  Metrics: wealth_distribution took 0.0003559589385986328
2024_11_03_T13:05:13 -  Metrics: money_distribution took 0.0007491111755371094
2024_11_03_T13:05:13 -  Metrics: size_distribution took 0.0004630088806152344
2024_11_03_T13:05:13 -  Metrics: age_distribution took 0.00042700767517089844
2024_11_03_T13:05:16 -  Model step started
2024_11_03_T13:05:16 -  clearHangingSupplies started
2024_11_03_T13:05:16 -  clearHangingSupplies took 7.295608520507812e-5
2024_11_03_T13:05:16 -  clearHangingRentalSupplies started
2024_11_03_T13:05:16 -  clearHangingRentalSupplies took 2.7894973754882812e-5
2024_11_03_T13:05:16 -  clearHouseMarket started
2024_11_03_T13:05:16 -  clearHouseMarket - first block took 0.03086996078491211
2024_11_03_T13:05:16 -  clearHouseMarket - second block took 0.06840395927429199
2024_11_03_T13:05:16 -  clearHouseMarket - third block took 0.00022292137145996094
2024_11_03_T13:05:16 -  clearRentalMarket started
2024_11_03_T13:05:16 -  clearRentalMarket - first block took 0.005491018295288086
2024_11_03_T13:05:16 -  clearRentalMarket - second block took 0.00017499923706054688
2024_11_03_T13:05:16 -  Pushed house into housesBuiltPerRegion (location,size) = (Lisboa, LessThan50)
2024_11_03_T13:05:16 -  Model step took 0.19536614418029785 seconds
2024_11_03_T13:05:16 -  Metrics: sum_wealth took 6.008148193359375e-5
2024_11_03_T13:05:16 -  Metrics: wealth_distribution took 0.000492095947265625
2024_11_03_T13:05:16 -  Metrics: money_distribution took 0.0005888938903808594
2024_11_03_T13:05:16 -  Metrics: size_distribution took 0.000408172607421875
2024_11_03_T13:05:16 -  Metrics: age_distribution took 0.0005040168762207031
2024_11_03_T13:05:18 -  Model step started
2024_11_03_T13:05:18 -  clearHangingSupplies started
2024_11_03_T13:05:18 -  clearHangingSupplies took 8.20159912109375e-5
2024_11_03_T13:05:18 -  clearHangingRentalSupplies started
2024_11_03_T13:05:18 -  clearHangingRentalSupplies took 2.6941299438476562e-5
2024_11_03_T13:05:18 -  clearHouseMarket started
2024_11_03_T13:05:18 -  clearHouseMarket - first block took 0.033963918685913086
2024_11_03_T13:05:18 -  clearHouseMarket - second block took 0.0015959739685058594
2024_11_03_T13:05:18 -  clearHouseMarket - third block took 0.006039142608642578
2024_11_03_T13:05:18 -  clearRentalMarket started
2024_11_03_T13:05:18 -  clearRentalMarket - first block took 0.002877950668334961
2024_11_03_T13:05:18 -  clearRentalMarket - second block took 2.5987625122070312e-5
2024_11_03_T13:05:18 -  Model step took 0.06091594696044922 seconds
2024_11_03_T13:05:18 -  Metrics: sum_wealth took 4.9114227294921875e-5
2024_11_03_T13:05:18 -  Metrics: wealth_distribution took 0.00032401084899902344
2024_11_03_T13:05:18 -  Metrics: money_distribution took 0.0003540515899658203
2024_11_03_T13:05:18 -  Metrics: size_distribution took 0.0014700889587402344
2024_11_03_T13:05:18 -  Metrics: age_distribution took 0.0005440711975097656
2024_11_03_T13:05:21 -  Model step started
2024_11_03_T13:05:21 -  clearHangingSupplies started
2024_11_03_T13:05:21 -  clearHangingSupplies took 7.104873657226562e-5
2024_11_03_T13:05:21 -  clearHangingRentalSupplies started
2024_11_03_T13:05:21 -  clearHangingRentalSupplies took 2.7179718017578125e-5
2024_11_03_T13:05:21 -  clearHouseMarket started
2024_11_03_T13:05:21 -  clearHouseMarket - first block took 0.0382380485534668
2024_11_03_T13:05:21 -  clearHouseMarket - second block took 0.0018928050994873047
2024_11_03_T13:05:21 -  clearHouseMarket - third block took 0.00016498565673828125
2024_11_03_T13:05:21 -  clearRentalMarket started
2024_11_03_T13:05:21 -  clearRentalMarket - first block took 0.005570888519287109
2024_11_03_T13:05:21 -  clearRentalMarket - second block took 3.504753112792969e-5
2024_11_03_T13:05:21 -  Pushed house into housesBuiltPerRegion (location,size) = (Lisboa, LessThan125)
2024_11_03_T13:05:21 -  Model step took 0.05891895294189453 seconds
2024_11_03_T13:05:21 -  Metrics: sum_wealth took 6.29425048828125e-5
2024_11_03_T13:05:21 -  Metrics: wealth_distribution took 0.0003540515899658203
2024_11_03_T13:05:21 -  Metrics: money_distribution took 0.0003349781036376953
2024_11_03_T13:05:21 -  Metrics: size_distribution took 0.00026702880859375
2024_11_03_T13:05:21 -  Metrics: age_distribution took 0.0003540515899658203
2024_11_03_T13:05:23 -  Model step started
2024_11_03_T13:05:23 -  clearHangingSupplies started
2024_11_03_T13:05:23 -  clearHangingSupplies took 0.0002930164337158203
2024_11_03_T13:05:23 -  clearHangingRentalSupplies started
2024_11_03_T13:05:23 -  clearHangingRentalSupplies took 6.890296936035156e-5
2024_11_03_T13:05:23 -  clearHouseMarket started
2024_11_03_T13:05:23 -  clearHouseMarket - first block took 0.02986311912536621
2024_11_03_T13:05:23 -  clearHouseMarket - second block took 0.002254962921142578
2024_11_03_T13:05:23 -  clearHouseMarket - third block took 0.0005068778991699219
2024_11_03_T13:05:23 -  clearRentalMarket started
2024_11_03_T13:05:23 -  clearRentalMarket - first block took 0.003231048583984375
2024_11_03_T13:05:23 -  clearRentalMarket - second block took 5.1975250244140625e-5
2024_11_03_T13:05:23 -  Model step took 0.05011177062988281 seconds
2024_11_03_T13:05:23 -  Metrics: sum_wealth took 3.814697265625e-5
2024_11_03_T13:05:23 -  Metrics: wealth_distribution took 0.0003371238708496094
2024_11_03_T13:05:23 -  Metrics: money_distribution took 0.00035190582275390625
2024_11_03_T13:05:23 -  Metrics: size_distribution took 0.0003230571746826172
2024_11_03_T13:05:23 -  Metrics: age_distribution took 0.0003428459167480469
2024_11_03_T13:05:26 -  Model step started
2024_11_03_T13:05:26 -  clearHangingSupplies started
2024_11_03_T13:05:26 -  clearHangingSupplies took 5.984306335449219e-5
2024_11_03_T13:05:26 -  clearHangingRentalSupplies started
2024_11_03_T13:05:26 -  clearHangingRentalSupplies took 1.9073486328125e-5
2024_11_03_T13:05:26 -  clearHouseMarket started
2024_11_03_T13:05:26 -  clearHouseMarket - first block took 0.029829978942871094
2024_11_03_T13:05:26 -  clearHouseMarket - second block took 0.0012259483337402344
2024_11_03_T13:05:26 -  clearHouseMarket - third block took 0.00013303756713867188
2024_11_03_T13:05:26 -  clearRentalMarket started
2024_11_03_T13:05:26 -  clearRentalMarket - first block took 0.008203983306884766
2024_11_03_T13:05:26 -  clearRentalMarket - second block took 5.1021575927734375e-5
2024_11_03_T13:05:26 -  Model step took 0.05173802375793457 seconds
2024_11_03_T13:05:26 -  Metrics: sum_wealth took 4.00543212890625e-5
2024_11_03_T13:05:26 -  Metrics: wealth_distribution took 0.0003941059112548828
2024_11_03_T13:05:26 -  Metrics: money_distribution took 0.0004019737243652344
2024_11_03_T13:05:26 -  Metrics: size_distribution took 0.00035190582275390625
2024_11_03_T13:05:26 -  Metrics: age_distribution took 0.0004048347473144531
2024_11_03_T13:05:28 -  Model step started
2024_11_03_T13:05:28 -  clearHangingSupplies started
2024_11_03_T13:05:28 -  clearHangingSupplies took 0.00012421607971191406
2024_11_03_T13:05:28 -  clearHangingRentalSupplies started
2024_11_03_T13:05:28 -  clearHangingRentalSupplies took 2.002716064453125e-5
2024_11_03_T13:05:28 -  clearHouseMarket started
2024_11_03_T13:05:28 -  clearHouseMarket - first block took 0.025782108306884766
2024_11_03_T13:05:28 -  clearHouseMarket - second block took 0.0011899471282958984
2024_11_03_T13:05:28 -  clearHouseMarket - third block took 0.00014901161193847656
2024_11_03_T13:05:28 -  clearRentalMarket started
2024_11_03_T13:05:28 -  clearRentalMarket - first block took 0.004345893859863281
2024_11_03_T13:05:28 -  clearRentalMarket - second block took 7.104873657226562e-5
2024_11_03_T13:05:28 -  Model step took 0.045816898345947266 seconds
2024_11_03_T13:05:28 -  Metrics: sum_wealth took 3.1948089599609375e-5
2024_11_03_T13:05:28 -  Metrics: wealth_distribution took 0.00036597251892089844
2024_11_03_T13:05:28 -  Metrics: money_distribution took 0.00030303001403808594
2024_11_03_T13:05:28 -  Metrics: size_distribution took 0.00033211708068847656
2024_11_03_T13:05:28 -  Metrics: age_distribution took 0.00034809112548828125
2024_11_03_T13:05:31 -  Model step started
2024_11_03_T13:05:31 -  clearHangingSupplies started
2024_11_03_T13:05:31 -  clearHangingSupplies took 6.103515625e-5
2024_11_03_T13:05:31 -  clearHangingRentalSupplies started
2024_11_03_T13:05:31 -  clearHangingRentalSupplies took 1.8835067749023438e-5
2024_11_03_T13:05:31 -  clearHouseMarket started
2024_11_03_T13:05:31 -  clearHouseMarket - first block took 0.02851390838623047
2024_11_03_T13:05:31 -  clearHouseMarket - second block took 0.0012440681457519531
2024_11_03_T13:05:31 -  clearHouseMarket - third block took 0.00011301040649414062
2024_11_03_T13:05:31 -  clearRentalMarket started
2024_11_03_T13:05:31 -  clearRentalMarket - first block took 0.003651142120361328
2024_11_03_T13:05:31 -  clearRentalMarket - second block took 3.504753112792969e-5
2024_11_03_T13:05:31 -  Model step took 0.045342206954956055 seconds
2024_11_03_T13:05:31 -  Metrics: sum_wealth took 5.1975250244140625e-5
2024_11_03_T13:05:31 -  Metrics: wealth_distribution took 0.0003769397735595703
2024_11_03_T13:05:31 -  Metrics: money_distribution took 0.0003190040588378906
2024_11_03_T13:05:31 -  Metrics: size_distribution took 0.0003979206085205078
2024_11_03_T13:05:31 -  Metrics: age_distribution took 0.000347137451171875
2024_11_03_T13:05:33 -  Model step started
2024_11_03_T13:05:33 -  clearHangingSupplies started
2024_11_03_T13:05:33 -  clearHangingSupplies took 5.984306335449219e-5
2024_11_03_T13:05:33 -  clearHangingRentalSupplies started
2024_11_03_T13:05:33 -  clearHangingRentalSupplies took 1.6927719116210938e-5
2024_11_03_T13:05:33 -  clearHouseMarket started
2024_11_03_T13:05:33 -  clearHouseMarket - first block took 0.063507080078125
2024_11_03_T13:05:33 -  clearHouseMarket - second block took 0.001271963119506836
2024_11_03_T13:05:33 -  clearHouseMarket - third block took 0.00019598007202148438
2024_11_03_T13:05:33 -  clearRentalMarket started
2024_11_03_T13:05:33 -  clearRentalMarket - first block took 0.0031800270080566406
2024_11_03_T13:05:33 -  clearRentalMarket - second block took 7.200241088867188e-5
2024_11_03_T13:05:33 -  Model step took 0.08194899559020996 seconds
2024_11_03_T13:05:33 -  Metrics: sum_wealth took 5.0067901611328125e-5
2024_11_03_T13:05:33 -  Metrics: wealth_distribution took 0.00035190582275390625
2024_11_03_T13:05:33 -  Metrics: money_distribution took 0.00041794776916503906
2024_11_03_T13:05:33 -  Metrics: size_distribution took 0.000308990478515625
2024_11_03_T13:05:33 -  Metrics: age_distribution took 0.0003390312194824219
2024_11_03_T13:05:35 -  Model step started
2024_11_03_T13:05:35 -  clearHangingSupplies started
2024_11_03_T13:05:35 -  clearHangingSupplies took 6.794929504394531e-5
2024_11_03_T13:05:35 -  clearHangingRentalSupplies started
2024_11_03_T13:05:35 -  clearHangingRentalSupplies took 2.193450927734375e-5
2024_11_03_T13:05:35 -  clearHouseMarket started
2024_11_03_T13:05:35 -  clearHouseMarket - first block took 0.02725505828857422
2024_11_03_T13:05:35 -  clearHouseMarket - second block took 0.0028090476989746094
2024_11_03_T13:05:35 -  clearHouseMarket - third block took 0.0001819133758544922
2024_11_03_T13:05:35 -  clearRentalMarket started
2024_11_03_T13:05:35 -  clearRentalMarket - first block took 0.0033309459686279297
2024_11_03_T13:05:35 -  clearRentalMarket - second block took 5.412101745605469e-5
2024_11_03_T13:05:35 -  Model step took 0.04737401008605957 seconds
2024_11_03_T13:05:35 -  Metrics: sum_wealth took 3.910064697265625e-5
2024_11_03_T13:05:35 -  Metrics: wealth_distribution took 0.0004928112030029297
2024_11_03_T13:05:35 -  Metrics: money_distribution took 0.0004630088806152344
2024_11_03_T13:05:35 -  Metrics: size_distribution took 0.0003349781036376953
2024_11_03_T13:05:35 -  Metrics: age_distribution took 0.0003528594970703125
2024_11_03_T13:05:38 -  Model step started
2024_11_03_T13:05:38 -  clearHangingSupplies started
2024_11_03_T13:05:38 -  clearHangingSupplies took 7.319450378417969e-5
2024_11_03_T13:05:38 -  clearHangingRentalSupplies started
2024_11_03_T13:05:38 -  clearHangingRentalSupplies took 2.002716064453125e-5
2024_11_03_T13:05:38 -  clearHouseMarket started
2024_11_03_T13:05:38 -  clearHouseMarket - first block took 0.027857065200805664
2024_11_03_T13:05:38 -  clearHouseMarket - second block took 0.0019440650939941406
2024_11_03_T13:05:38 -  clearHouseMarket - third block took 0.0001499652862548828
2024_11_03_T13:05:38 -  clearRentalMarket started
2024_11_03_T13:05:38 -  clearRentalMarket - first block took 0.004982948303222656
2024_11_03_T13:05:38 -  clearRentalMarket - second block took 6.914138793945312e-5
2024_11_03_T13:05:38 -  Pushed house into housesBuiltPerRegion (location,size) = (Lisboa, LessThan50)
2024_11_03_T13:05:38 -  Pushed house into housesBuiltPerRegion (location,size) = (Lisboa, More)
2024_11_03_T13:05:38 -  Model step took 0.057839155197143555 seconds
2024_11_03_T13:05:38 -  Metrics: sum_wealth took 3.886222839355469e-5
2024_11_03_T13:05:38 -  Metrics: wealth_distribution took 0.00039505958557128906
2024_11_03_T13:05:38 -  Metrics: money_distribution took 0.00033402442932128906
2024_11_03_T13:05:38 -  Metrics: size_distribution took 0.0002560615539550781
2024_11_03_T13:05:38 -  Metrics: age_distribution took 0.0003209114074707031
2024_11_03_T13:05:40 -  Model step started
2024_11_03_T13:05:40 -  clearHangingSupplies started
2024_11_03_T13:05:40 -  clearHangingSupplies took 6.508827209472656e-5
2024_11_03_T13:05:40 -  clearHangingRentalSupplies started
2024_11_03_T13:05:40 -  clearHangingRentalSupplies took 1.9073486328125e-5
2024_11_03_T13:05:40 -  clearHouseMarket started
2024_11_03_T13:05:40 -  clearHouseMarket - first block took 0.028095006942749023
2024_11_03_T13:05:40 -  clearHouseMarket - second block took 0.0010089874267578125
2024_11_03_T13:05:40 -  clearHouseMarket - third block took 0.00017213821411132812
2024_11_03_T13:05:40 -  clearRentalMarket started
2024_11_03_T13:05:40 -  clearRentalMarket - first block took 0.0027418136596679688
2024_11_03_T13:05:40 -  clearRentalMarket - second block took 3.2901763916015625e-5
2024_11_03_T13:05:40 -  Model step took 0.1194920539855957 seconds
2024_11_03_T13:05:40 -  Metrics: sum_wealth took 4.696846008300781e-5
2024_11_03_T13:05:40 -  Metrics: wealth_distribution took 0.0003669261932373047
2024_11_03_T13:05:40 -  Metrics: money_distribution took 0.00032711029052734375
2024_11_03_T13:05:40 -  Metrics: size_distribution took 0.00031495094299316406
2024_11_03_T13:05:40 -  Metrics: age_distribution took 0.0003070831298828125
2024_11_03_T13:05:42 -  Model step started
2024_11_03_T13:05:42 -  clearHangingSupplies started
2024_11_03_T13:05:42 -  clearHangingSupplies took 0.0001761913299560547
2024_11_03_T13:05:42 -  clearHangingRentalSupplies started
2024_11_03_T13:05:42 -  clearHangingRentalSupplies took 2.5987625122070312e-5
2024_11_03_T13:05:42 -  clearHouseMarket started
2024_11_03_T13:05:42 -  clearHouseMarket - first block took 0.0329282283782959
2024_11_03_T13:05:42 -  clearHouseMarket - second block took 0.001416921615600586
2024_11_03_T13:05:42 -  clearHouseMarket - third block took 0.00017404556274414062
2024_11_03_T13:05:42 -  clearRentalMarket started
2024_11_03_T13:05:42 -  clearRentalMarket - first block took 0.002605915069580078
2024_11_03_T13:05:42 -  clearRentalMarket - second block took 2.4080276489257812e-5
2024_11_03_T13:05:42 -  Model step took 0.04808497428894043 seconds
2024_11_03_T13:05:42 -  Metrics: sum_wealth took 8.20159912109375e-5
2024_11_03_T13:05:42 -  Metrics: wealth_distribution took 0.00034499168395996094
2024_11_03_T13:05:42 -  Metrics: money_distribution took 0.0007479190826416016
2024_11_03_T13:05:42 -  Metrics: size_distribution took 0.0005438327789306641
2024_11_03_T13:05:42 -  Metrics: age_distribution took 0.0004630088806152344
2024_11_03_T13:05:45 -  Model step started
2024_11_03_T13:05:45 -  clearHangingSupplies started
2024_11_03_T13:05:45 -  clearHangingSupplies took 5.507469177246094e-5
2024_11_03_T13:05:45 -  clearHangingRentalSupplies started
2024_11_03_T13:05:45 -  clearHangingRentalSupplies took 1.6927719116210938e-5
2024_11_03_T13:05:45 -  clearHouseMarket started
2024_11_03_T13:05:45 -  clearHouseMarket - first block took 0.023761987686157227
2024_11_03_T13:05:45 -  clearHouseMarket - second block took 0.0010259151458740234
2024_11_03_T13:05:45 -  clearHouseMarket - third block took 0.00040984153747558594
2024_11_03_T13:05:45 -  clearRentalMarket started
2024_11_03_T13:05:45 -  clearRentalMarket - first block took 0.003083944320678711
2024_11_03_T13:05:45 -  clearRentalMarket - second block took 5.1021575927734375e-5
2024_11_03_T13:05:45 -  Model step took 0.04003095626831055 seconds
2024_11_03_T13:05:45 -  Metrics: sum_wealth took 9.489059448242188e-5
2024_11_03_T13:05:45 -  Metrics: wealth_distribution took 0.00033593177795410156
2024_11_03_T13:05:45 -  Metrics: money_distribution took 0.00037288665771484375
2024_11_03_T13:05:45 -  Metrics: size_distribution took 0.00030112266540527344
2024_11_03_T13:05:45 -  Metrics: age_distribution took 0.0003120899200439453
2024_11_03_T13:05:47 -  Model step started
2024_11_03_T13:05:47 -  clearHangingSupplies started
2024_11_03_T13:05:47 -  clearHangingSupplies took 8.106231689453125e-5
2024_11_03_T13:05:47 -  clearHangingRentalSupplies started
2024_11_03_T13:05:47 -  clearHangingRentalSupplies took 1.9073486328125e-5
2024_11_03_T13:05:47 -  clearHouseMarket started
2024_11_03_T13:05:47 -  clearHouseMarket - first block took 0.039537906646728516
2024_11_03_T13:05:47 -  clearHouseMarket - second block took 0.0021610260009765625
2024_11_03_T13:05:47 -  clearHouseMarket - third block took 0.0002219676971435547
2024_11_03_T13:05:47 -  clearRentalMarket started
2024_11_03_T13:05:47 -  clearRentalMarket - first block took 0.004286050796508789
2024_11_03_T13:05:47 -  clearRentalMarket - second block took 4.410743713378906e-5
2024_11_03_T13:05:47 -  Model step took 0.06123089790344238 seconds
2024_11_03_T13:05:47 -  Metrics: sum_wealth took 4.00543212890625e-5
2024_11_03_T13:05:47 -  Metrics: wealth_distribution took 0.00035119056701660156
2024_11_03_T13:05:47 -  Metrics: money_distribution took 0.0003349781036376953
2024_11_03_T13:05:47 -  Metrics: size_distribution took 0.00043201446533203125
2024_11_03_T13:05:47 -  Metrics: age_distribution took 0.0003669261932373047
2024_11_03_T13:05:49 -  Model step started
2024_11_03_T13:05:49 -  clearHangingSupplies started
2024_11_03_T13:05:49 -  clearHangingSupplies took 5.698204040527344e-5
2024_11_03_T13:05:49 -  clearHangingRentalSupplies started
2024_11_03_T13:05:49 -  clearHangingRentalSupplies took 1.5974044799804688e-5
2024_11_03_T13:05:49 -  clearHouseMarket started
2024_11_03_T13:05:49 -  clearHouseMarket - first block took 0.021850109100341797
2024_11_03_T13:05:49 -  clearHouseMarket - second block took 0.0019609928131103516
2024_11_03_T13:05:49 -  clearHouseMarket - third block took 0.00019598007202148438
2024_11_03_T13:05:49 -  clearRentalMarket started
2024_11_03_T13:05:49 -  clearRentalMarket - first block took 0.0025861263275146484
2024_11_03_T13:05:49 -  clearRentalMarket - second block took 5.316734313964844e-5
2024_11_03_T13:05:49 -  Model step took 0.0371098518371582 seconds
2024_11_03_T13:05:49 -  Metrics: sum_wealth took 5.2928924560546875e-5
2024_11_03_T13:05:49 -  Metrics: wealth_distribution took 0.0006721019744873047
2024_11_03_T13:05:49 -  Metrics: money_distribution took 0.0003750324249267578
2024_11_03_T13:05:49 -  Metrics: size_distribution took 0.0003070831298828125
2024_11_03_T13:05:49 -  Metrics: age_distribution took 0.00036406517028808594
2024_11_03_T13:05:52 -  Model step started
2024_11_03_T13:05:52 -  clearHangingSupplies started
2024_11_03_T13:05:52 -  clearHangingSupplies took 6.008148193359375e-5
2024_11_03_T13:05:52 -  clearHangingRentalSupplies started
2024_11_03_T13:05:52 -  clearHangingRentalSupplies took 1.71661376953125e-5
2024_11_03_T13:05:52 -  clearHouseMarket started
2024_11_03_T13:05:52 -  clearHouseMarket - first block took 0.028851032257080078
2024_11_03_T13:05:52 -  clearHouseMarket - second block took 0.0008950233459472656
2024_11_03_T13:05:52 -  clearHouseMarket - third block took 0.00011181831359863281
2024_11_03_T13:05:52 -  clearRentalMarket started
2024_11_03_T13:05:52 -  clearRentalMarket - first block took 0.0024781227111816406
2024_11_03_T13:05:52 -  clearRentalMarket - second block took 5.1021575927734375e-5
2024_11_03_T13:05:52 -  Pushed house into housesBuiltPerRegion (location,size) = (Lisboa, LessThan125)
2024_11_03_T13:05:52 -  Model step took 0.04397296905517578 seconds
2024_11_03_T13:05:52 -  Metrics: sum_wealth took 5.602836608886719e-5
2024_11_03_T13:05:52 -  Metrics: wealth_distribution took 0.0003750324249267578
2024_11_03_T13:05:52 -  Metrics: money_distribution took 0.00033092498779296875
2024_11_03_T13:05:52 -  Metrics: size_distribution took 0.00028705596923828125
2024_11_03_T13:05:52 -  Metrics: age_distribution took 0.0003368854522705078
2024_11_03_T13:05:54 -  Model step started
2024_11_03_T13:05:54 -  clearHangingSupplies started
2024_11_03_T13:05:54 -  clearHangingSupplies took 5.2928924560546875e-5
2024_11_03_T13:05:54 -  clearHangingRentalSupplies started
2024_11_03_T13:05:54 -  clearHangingRentalSupplies took 1.71661376953125e-5
2024_11_03_T13:05:54 -  clearHouseMarket started
2024_11_03_T13:05:54 -  clearHouseMarket - first block took 0.02184295654296875
2024_11_03_T13:05:54 -  clearHouseMarket - second block took 0.003003835678100586
2024_11_03_T13:05:54 -  clearHouseMarket - third block took 0.0002319812774658203
2024_11_03_T13:05:54 -  clearRentalMarket started
2024_11_03_T13:05:54 -  clearRentalMarket - first block took 0.002123117446899414
2024_11_03_T13:05:54 -  clearRentalMarket - second block took 2.9087066650390625e-5
2024_11_03_T13:05:54 -  Model step took 0.037925004959106445 seconds
2024_11_03_T13:05:54 -  Metrics: sum_wealth took 0.00013494491577148438
2024_11_03_T13:05:54 -  Metrics: wealth_distribution took 0.0004849433898925781
2024_11_03_T13:05:54 -  Metrics: money_distribution took 0.0003781318664550781
2024_11_03_T13:05:54 -  Metrics: size_distribution took 0.0003390312194824219
2024_11_03_T13:05:54 -  Metrics: age_distribution took 0.0003209114074707031
2024_11_03_T13:05:56 -  Model step started
2024_11_03_T13:05:56 -  clearHangingSupplies started
2024_11_03_T13:05:56 -  clearHangingSupplies took 4.792213439941406e-5
2024_11_03_T13:05:56 -  clearHangingRentalSupplies started
2024_11_03_T13:05:56 -  clearHangingRentalSupplies took 1.5020370483398438e-5
2024_11_03_T13:05:56 -  clearHouseMarket started
2024_11_03_T13:05:56 -  clearHouseMarket - first block took 0.02234792709350586
2024_11_03_T13:05:56 -  clearHouseMarket - second block took 0.0012869834899902344
2024_11_03_T13:05:56 -  clearHouseMarket - third block took 0.00019097328186035156
2024_11_03_T13:05:56 -  clearRentalMarket started
2024_11_03_T13:05:56 -  clearRentalMarket - first block took 0.002443075180053711
2024_11_03_T13:05:56 -  clearRentalMarket - second block took 1.9073486328125e-5
2024_11_03_T13:05:56 -  Model step took 0.03632998466491699 seconds
2024_11_03_T13:05:56 -  Metrics: sum_wealth took 6.222724914550781e-5
2024_11_03_T13:05:56 -  Metrics: wealth_distribution took 0.0004191398620605469
2024_11_03_T13:05:56 -  Metrics: money_distribution took 0.0004100799560546875
2024_11_03_T13:05:56 -  Metrics: size_distribution took 0.0003840923309326172
2024_11_03_T13:05:56 -  Metrics: age_distribution took 0.0006189346313476562
2024_11_03_T13:05:59 -  Model step started
2024_11_03_T13:05:59 -  clearHangingSupplies started
2024_11_03_T13:05:59 -  clearHangingSupplies took 5.1021575927734375e-5
2024_11_03_T13:05:59 -  clearHangingRentalSupplies started
2024_11_03_T13:05:59 -  clearHangingRentalSupplies took 1.6927719116210938e-5
2024_11_03_T13:05:59 -  clearHouseMarket started
2024_11_03_T13:05:59 -  clearHouseMarket - first block took 0.02025008201599121
2024_11_03_T13:05:59 -  clearHouseMarket - second block took 0.0012929439544677734
2024_11_03_T13:05:59 -  clearHouseMarket - third block took 0.00011610984802246094
2024_11_03_T13:05:59 -  clearRentalMarket started
2024_11_03_T13:05:59 -  clearRentalMarket - first block took 0.0029637813568115234
2024_11_03_T13:05:59 -  clearRentalMarket - second block took 5.698204040527344e-5
2024_11_03_T13:05:59 -  Model step took 0.03525805473327637 seconds
2024_11_03_T13:05:59 -  Metrics: sum_wealth took 3.4809112548828125e-5
2024_11_03_T13:05:59 -  Metrics: wealth_distribution took 0.0003001689910888672
2024_11_03_T13:05:59 -  Metrics: money_distribution took 0.0004069805145263672
2024_11_03_T13:05:59 -  Metrics: size_distribution took 0.0003249645233154297
2024_11_03_T13:05:59 -  Metrics: age_distribution took 0.0003409385681152344
2024_11_03_T13:06:01 -  Model step started
2024_11_03_T13:06:01 -  clearHangingSupplies started
2024_11_03_T13:06:01 -  clearHangingSupplies took 7.295608520507812e-5
2024_11_03_T13:06:01 -  clearHangingRentalSupplies started
2024_11_03_T13:06:01 -  clearHangingRentalSupplies took 2.002716064453125e-5
2024_11_03_T13:06:01 -  clearHouseMarket started
2024_11_03_T13:06:01 -  clearHouseMarket - first block took 0.03480696678161621
2024_11_03_T13:06:01 -  clearHouseMarket - second block took 0.0013089179992675781
2024_11_03_T13:06:01 -  clearHouseMarket - third block took 0.00018405914306640625
2024_11_03_T13:06:01 -  clearRentalMarket started
2024_11_03_T13:06:01 -  clearRentalMarket - first block took 0.0024771690368652344
2024_11_03_T13:06:01 -  clearRentalMarket - second block took 8.106231689453125e-5
2024_11_03_T13:06:01 -  Model step took 0.0552370548248291 seconds
2024_11_03_T13:06:01 -  Metrics: sum_wealth took 3.600120544433594e-5
2024_11_03_T13:06:01 -  Metrics: wealth_distribution took 0.0003821849822998047
2024_11_03_T13:06:01 -  Metrics: money_distribution took 0.0004520416259765625
2024_11_03_T13:06:01 -  Metrics: size_distribution took 0.0004329681396484375
2024_11_03_T13:06:01 -  Metrics: age_distribution took 0.0003829002380371094
2024_11_03_T13:06:04 -  Model step started
2024_11_03_T13:06:04 -  clearHangingSupplies started
2024_11_03_T13:06:04 -  clearHangingSupplies took 7.581710815429688e-5
2024_11_03_T13:06:04 -  clearHangingRentalSupplies started
2024_11_03_T13:06:04 -  clearHangingRentalSupplies took 1.9073486328125e-5
2024_11_03_T13:06:04 -  clearHouseMarket started
2024_11_03_T13:06:04 -  clearHouseMarket - first block took 0.02577519416809082
2024_11_03_T13:06:04 -  clearHouseMarket - second block took 0.0033321380615234375
2024_11_03_T13:06:04 -  clearHouseMarket - third block took 0.0001819133758544922
2024_11_03_T13:06:04 -  clearRentalMarket started
2024_11_03_T13:06:04 -  clearRentalMarket - first block took 0.0018329620361328125
2024_11_03_T13:06:04 -  clearRentalMarket - second block took 2.9087066650390625e-5
2024_11_03_T13:06:04 -  Model step took 0.04120922088623047 seconds
2024_11_03_T13:06:04 -  Metrics: sum_wealth took 3.981590270996094e-5
2024_11_03_T13:06:04 -  Metrics: wealth_distribution took 0.00034499168395996094
2024_11_03_T13:06:04 -  Metrics: money_distribution took 0.0003540515899658203
2024_11_03_T13:06:04 -  Metrics: size_distribution took 0.0002601146697998047
2024_11_03_T13:06:04 -  Metrics: age_distribution took 0.00032591819763183594
2024_11_03_T13:06:06 -  Model step started
2024_11_03_T13:06:06 -  clearHangingSupplies started
2024_11_03_T13:06:06 -  clearHangingSupplies took 5.2928924560546875e-5
2024_11_03_T13:06:06 -  clearHangingRentalSupplies started
2024_11_03_T13:06:06 -  clearHangingRentalSupplies took 1.5020370483398438e-5
2024_11_03_T13:06:06 -  clearHouseMarket started
2024_11_03_T13:06:06 -  clearHouseMarket - first block took 0.023253917694091797
2024_11_03_T13:06:06 -  clearHouseMarket - second block took 0.0011980533599853516
2024_11_03_T13:06:06 -  clearHouseMarket - third block took 0.0001938343048095703
2024_11_03_T13:06:06 -  clearRentalMarket started
2024_11_03_T13:06:06 -  clearRentalMarket - first block took 0.010246992111206055
2024_11_03_T13:06:06 -  clearRentalMarket - second block took 5.507469177246094e-5
2024_11_03_T13:06:06 -  Model step took 0.06192803382873535 seconds
2024_11_03_T13:06:06 -  Metrics: sum_wealth took 7.414817810058594e-5
2024_11_03_T13:06:06 -  Metrics: wealth_distribution took 0.00046896934509277344
2024_11_03_T13:06:06 -  Metrics: money_distribution took 0.0004611015319824219
2024_11_03_T13:06:06 -  Metrics: size_distribution took 0.0003790855407714844
2024_11_03_T13:06:06 -  Metrics: age_distribution took 0.00041294097900390625
2024_11_03_T13:06:10 -  Model step started
2024_11_03_T13:06:10 -  clearHangingSupplies started
2024_11_03_T13:06:10 -  clearHangingSupplies took 4.482269287109375e-5
2024_11_03_T13:06:10 -  clearHangingRentalSupplies started
2024_11_03_T13:06:10 -  clearHangingRentalSupplies took 1.3828277587890625e-5
2024_11_03_T13:06:10 -  clearHouseMarket started
2024_11_03_T13:06:10 -  clearHouseMarket - first block took 0.017473936080932617
2024_11_03_T13:06:10 -  clearHouseMarket - second block took 0.001383066177368164
2024_11_03_T13:06:10 -  clearHouseMarket - third block took 0.00013113021850585938
2024_11_03_T13:06:10 -  clearRentalMarket started
2024_11_03_T13:06:10 -  clearRentalMarket - first block took 0.0019991397857666016
2024_11_03_T13:06:10 -  clearRentalMarket - second block took 6.389617919921875e-5
2024_11_03_T13:06:10 -  Model step took 0.032167911529541016 seconds
2024_11_03_T13:06:10 -  Metrics: sum_wealth took 0.0001499652862548828
2024_11_03_T13:06:10 -  Metrics: wealth_distribution took 0.0003409385681152344
2024_11_03_T13:06:10 -  Metrics: money_distribution took 0.0003838539123535156
2024_11_03_T13:06:10 -  Metrics: size_distribution took 0.0003039836883544922
2024_11_03_T13:06:10 -  Metrics: age_distribution took 0.00033402442932128906
