2024_11_13_T17:20:45 -  finished initateHouses in 0.8823468685150146 seconds
2024_11_13_T17:20:45 -  finished initiateHouseholds in 1.1146488189697266 seconds
2024_11_13_T17:20:46 -  All houses for rental were assigned in Amadora
2024_11_13_T17:20:46 -  All houses for rental were assigned in Amadora
2024_11_13_T17:20:46 -  All houses for rental were assigned in Amadora
2024_11_13_T17:20:46 -  All houses for rental were assigned in Amadora
2024_11_13_T17:20:46 -  All houses for rental were assigned in Amadora
2024_11_13_T17:20:46 -  All houses for rental were assigned in Amadora
2024_11_13_T17:20:46 -  All houses for rental were assigned in Amadora
2024_11_13_T17:20:46 -  All houses for rental were assigned in Amadora
2024_11_13_T17:20:46 -  All houses for rental were assigned in Amadora
2024_11_13_T17:20:46 -  All houses for rental were assigned in Amadora
2024_11_13_T17:20:46 -  All houses for rental were assigned in Amadora
2024_11_13_T17:20:46 -  All houses for rental were assigned in Amadora
2024_11_13_T17:20:46 -  All houses for rental were assigned in Amadora
2024_11_13_T17:20:46 -  All houses for rental were assigned in Amadora
2024_11_13_T17:20:46 -  All houses for rental were assigned in Amadora
2024_11_13_T17:20:46 -  All houses for rental were assigned in Amadora
2024_11_13_T17:20:46 -  All houses for rental were assigned in Amadora
2024_11_13_T17:20:46 -  All houses for rental were assigned in Amadora
2024_11_13_T17:20:46 -  All houses for rental were assigned in Amadora
2024_11_13_T17:20:46 -  All houses for rental were assigned in Amadora
2024_11_13_T17:20:46 -  All houses for rental were assigned in Amadora
2024_11_13_T17:20:46 -  All houses for rental were assigned in Amadora
2024_11_13_T17:20:46 -  All houses for rental were assigned in Amadora
2024_11_13_T17:20:46 -  All houses for rental were assigned in Amadora
2024_11_13_T17:20:46 -  All houses for rental were assigned in Amadora
2024_11_13_T17:20:46 -  All houses for rental were assigned in Amadora
2024_11_13_T17:20:46 -  All houses for rental were assigned in Amadora
2024_11_13_T17:20:46 -  All houses for rental were assigned in Amadora
2024_11_13_T17:20:46 -  All houses for rental were assigned in Amadora
2024_11_13_T17:20:46 -  All houses for rental were assigned in Amadora
2024_11_13_T17:20:46 -  All houses for rental were assigned in Amadora
2024_11_13_T17:20:46 -  All houses for rental were assigned in Amadora
2024_11_13_T17:20:46 -  All houses for rental were assigned in Amadora
2024_11_13_T17:20:46 -  All houses for rental were assigned in Amadora
2024_11_13_T17:20:46 -  All houses for rental were assigned in Amadora
2024_11_13_T17:20:46 -  All houses for rental were assigned in Amadora
2024_11_13_T17:20:46 -  All houses for rental were assigned in Amadora
2024_11_13_T17:20:46 -  All houses for rental were assigned in Amadora
2024_11_13_T17:20:46 -  All houses for rental were assigned in Amadora
2024_11_13_T17:20:46 -  All houses for rental were assigned in Amadora
2024_11_13_T17:20:46 -  All houses for rental were assigned in Amadora
2024_11_13_T17:20:46 -  All houses for rental were assigned in Amadora
2024_11_13_T17:20:46 -  All houses for rental were assigned in Amadora
2024_11_13_T17:20:46 -  All houses for rental were assigned in Amadora
2024_11_13_T17:20:46 -  All houses for rental were assigned in Amadora
2024_11_13_T17:20:46 -  All houses for rental were assigned in Amadora
2024_11_13_T17:20:46 -  All houses for rental were assigned in Amadora
2024_11_13_T17:20:46 -  All houses for rental were assigned in Amadora
2024_11_13_T17:20:46 -  All houses for rental were assigned in Amadora
2024_11_13_T17:20:46 -  All houses for rental were assigned in Amadora
2024_11_13_T17:20:46 -  All houses for rental were assigned in Amadora
2024_11_13_T17:20:46 -  All houses for rental were assigned in Amadora
2024_11_13_T17:20:46 -  All houses for rental were assigned in Amadora
2024_11_13_T17:20:46 -  All houses for rental were assigned in Amadora
2024_11_13_T17:20:46 -  All houses for rental were assigned in Amadora
2024_11_13_T17:20:46 -  All houses for rental were assigned in Amadora
2024_11_13_T17:20:46 -  All houses for rental were assigned in Amadora
2024_11_13_T17:20:46 -  All houses for rental were assigned in Amadora
2024_11_13_T17:20:46 -  All houses for rental were assigned in Amadora
2024_11_13_T17:20:46 -  All houses for rental were assigned in Amadora
2024_11_13_T17:20:46 -  All houses for rental were assigned in Amadora
2024_11_13_T17:20:46 -  All houses for rental were assigned in Amadora
2024_11_13_T17:20:46 -  All houses for rental were assigned in Amadora
2024_11_13_T17:20:46 -  All houses for rental were assigned in Amadora
2024_11_13_T17:20:46 -  All houses for rental were assigned in Amadora
2024_11_13_T17:20:46 -  All houses for rental were assigned in Amadora
2024_11_13_T17:20:46 -  All houses for rental were assigned in Amadora
2024_11_13_T17:20:46 -  All houses for rental were assigned in Amadora
2024_11_13_T17:20:46 -  All houses for rental were assigned in Amadora
2024_11_13_T17:20:46 -  All houses for rental were assigned in Amadora
2024_11_13_T17:20:46 -  All houses for rental were assigned in Amadora
2024_11_13_T17:20:46 -  All houses for rental were assigned in Amadora
2024_11_13_T17:20:46 -  All houses for rental were assigned in Amadora
2024_11_13_T17:20:46 -  All houses for rental were assigned in Amadora
2024_11_13_T17:20:46 -  All houses for rental were assigned in Amadora
2024_11_13_T17:20:46 -  All houses for rental were assigned in Amadora
2024_11_13_T17:20:46 -  All houses for rental were assigned in Amadora
2024_11_13_T17:20:46 -  All houses for rental were assigned in Amadora
2024_11_13_T17:20:46 -  All houses for rental were assigned in Amadora
2024_11_13_T17:20:46 -  All houses for rental were assigned in Amadora
2024_11_13_T17:20:46 -  All houses for rental were assigned in Amadora
2024_11_13_T17:20:46 -  All houses for rental were assigned in Amadora
2024_11_13_T17:20:46 -  All houses for rental were assigned in Amadora
2024_11_13_T17:20:46 -  All houses for rental were assigned in Amadora
2024_11_13_T17:20:46 -  All houses for rental were assigned in Amadora
2024_11_13_T17:20:46 -  All houses for rental were assigned in Amadora
2024_11_13_T17:20:46 -  All houses for rental were assigned in Amadora
2024_11_13_T17:20:46 -  All houses for rental were assigned in Amadora
2024_11_13_T17:20:46 -  All houses for rental were assigned in Amadora
2024_11_13_T17:20:46 -  All houses for rental were assigned in Amadora
2024_11_13_T17:20:46 -  All houses for rental were assigned in Amadora
2024_11_13_T17:20:46 -  All houses for rental were assigned in Amadora
2024_11_13_T17:20:46 -  All houses for rental were assigned in Amadora
2024_11_13_T17:20:46 -  All houses for rental were assigned in Amadora
2024_11_13_T17:20:46 -  All houses for rental were assigned in Amadora
2024_11_13_T17:20:46 -  All houses for rental were assigned in Amadora
2024_11_13_T17:20:46 -  All houses for rental were assigned in Amadora
2024_11_13_T17:20:46 -  All houses for rental were assigned in Amadora
2024_11_13_T17:20:46 -  All houses for rental were assigned in Amadora
2024_11_13_T17:20:46 -  All houses for rental were assigned in Amadora
2024_11_13_T17:20:46 -  All houses for rental were assigned in Amadora
2024_11_13_T17:20:46 -  All houses for rental were assigned in Amadora
2024_11_13_T17:20:46 -  All houses for rental were assigned in Amadora
2024_11_13_T17:20:46 -  All houses for rental were assigned in Amadora
2024_11_13_T17:20:46 -  All houses for rental were assigned in Amadora
2024_11_13_T17:20:46 -  All houses for rental were assigned in Amadora
2024_11_13_T17:20:46 -  All houses for rental were assigned in Amadora
2024_11_13_T17:20:46 -  All houses for rental were assigned in Amadora
2024_11_13_T17:20:46 -  All houses for rental were assigned in Amadora
2024_11_13_T17:20:46 -  All houses for rental were assigned in Amadora
2024_11_13_T17:20:46 -  All houses for rental were assigned in Amadora
2024_11_13_T17:20:46 -  All houses for rental were assigned in Amadora
2024_11_13_T17:20:46 -  All houses for rental were assigned in Amadora
2024_11_13_T17:20:46 -  All houses for rental were assigned in Amadora
2024_11_13_T17:20:46 -  All houses for rental were assigned in Amadora
2024_11_13_T17:20:46 -  All houses for rental were assigned in Amadora
2024_11_13_T17:20:46 -  All houses for rental were assigned in Amadora
2024_11_13_T17:20:46 -  All houses for rental were assigned in Amadora
2024_11_13_T17:20:46 -  All houses for rental were assigned in Amadora
2024_11_13_T17:20:46 -  All houses for rental were assigned in Amadora
2024_11_13_T17:20:46 -  All houses for rental were assigned in Amadora
2024_11_13_T17:20:46 -  All houses for rental were assigned in Amadora
2024_11_13_T17:20:46 -  All houses for rental were assigned in Amadora
2024_11_13_T17:20:46 -  All houses for rental were assigned in Amadora
2024_11_13_T17:20:46 -  All houses for rental were assigned in Amadora
2024_11_13_T17:20:46 -  All houses for rental were assigned in Amadora
2024_11_13_T17:20:46 -  All houses for rental were assigned in Amadora
2024_11_13_T17:20:46 -  All houses for rental were assigned in Amadora
2024_11_13_T17:20:46 -  All houses for rental were assigned in Amadora
2024_11_13_T17:20:46 -  All houses for rental were assigned in Amadora
2024_11_13_T17:20:46 -  All houses for rental were assigned in Amadora
2024_11_13_T17:20:46 -  All houses for rental were assigned in Amadora
2024_11_13_T17:20:46 -  All houses for rental were assigned in Amadora
2024_11_13_T17:20:46 -  All houses for rental were assigned in Amadora
2024_11_13_T17:20:46 -  All houses for rental were assigned in Amadora
2024_11_13_T17:20:46 -  All houses for rental were assigned in Amadora
2024_11_13_T17:20:46 -  All houses for rental were assigned in Amadora
2024_11_13_T17:20:46 -  All home owners were assigned in Amadora
2024_11_13_T17:20:46 -  All home owners were assigned in Amadora
2024_11_13_T17:20:46 -  All home owners were assigned in Amadora
2024_11_13_T17:20:46 -  All home owners were assigned in Amadora
2024_11_13_T17:20:46 -  All home owners were assigned in Amadora
2024_11_13_T17:20:46 -  All home owners were assigned in Amadora
2024_11_13_T17:20:46 -  All home owners were assigned in Amadora
2024_11_13_T17:20:46 -  All home owners were assigned in Amadora
2024_11_13_T17:20:46 -  All home owners were assigned in Amadora
2024_11_13_T17:20:46 -  All home owners were assigned in Amadora
2024_11_13_T17:20:46 -  All home owners were assigned in Amadora
2024_11_13_T17:20:46 -  All home owners were assigned in Amadora
2024_11_13_T17:20:46 -  All home owners were assigned in Amadora
2024_11_13_T17:20:46 -  All home owners were assigned in Amadora
2024_11_13_T17:20:46 -  All home owners were assigned in Amadora
2024_11_13_T17:20:46 -  All home owners were assigned in Amadora
2024_11_13_T17:20:46 -  All home owners were assigned in Amadora
2024_11_13_T17:20:46 -  All home owners were assigned in Amadora
2024_11_13_T17:20:46 -  All home owners were assigned in Amadora
2024_11_13_T17:20:46 -  All home owners were assigned in Amadora
2024_11_13_T17:20:46 -  All home owners were assigned in Amadora
2024_11_13_T17:20:46 -  All home owners were assigned in Amadora
2024_11_13_T17:20:46 -  All home owners were assigned in Amadora
2024_11_13_T17:20:46 -  All home owners were assigned in Amadora
2024_11_13_T17:20:46 -  All home owners were assigned in Amadora
2024_11_13_T17:20:46 -  All home owners were assigned in Amadora
2024_11_13_T17:20:46 -  All home owners were assigned in Amadora
2024_11_13_T17:20:46 -  All home owners were assigned in Amadora
2024_11_13_T17:20:46 -  All home owners were assigned in Amadora
2024_11_13_T17:20:46 -  All home owners were assigned in Amadora
2024_11_13_T17:20:46 -  All home owners were assigned in Amadora
2024_11_13_T17:20:46 -  All home owners were assigned in Amadora
2024_11_13_T17:20:46 -  All home owners were assigned in Amadora
2024_11_13_T17:20:46 -  All home owners were assigned in Amadora
2024_11_13_T17:20:46 -  All home owners were assigned in Amadora
2024_11_13_T17:20:46 -  All home owners were assigned in Amadora
2024_11_13_T17:20:46 -  All home owners were assigned in Amadora
2024_11_13_T17:20:46 -  All home owners were assigned in Amadora
2024_11_13_T17:20:46 -  All home owners were assigned in Amadora
2024_11_13_T17:20:46 -  All home owners were assigned in Amadora
2024_11_13_T17:20:46 -  All home owners were assigned in Amadora
2024_11_13_T17:20:46 -  All home owners were assigned in Amadora
2024_11_13_T17:20:46 -  All home owners were assigned in Amadora
2024_11_13_T17:20:46 -  All home owners were assigned in Amadora
2024_11_13_T17:20:46 -  All home owners were assigned in Amadora
2024_11_13_T17:20:46 -  All home owners were assigned in Amadora
2024_11_13_T17:20:46 -  All home owners were assigned in Amadora
2024_11_13_T17:20:46 -  All home owners were assigned in Amadora
2024_11_13_T17:20:46 -  All home owners were assigned in Amadora
2024_11_13_T17:20:46 -  All home owners were assigned in Amadora
2024_11_13_T17:20:46 -  All home owners were assigned in Amadora
2024_11_13_T17:20:46 -  All home owners were assigned in Amadora
2024_11_13_T17:20:46 -  All home owners were assigned in Amadora
2024_11_13_T17:20:46 -  All home owners were assigned in Amadora
2024_11_13_T17:20:46 -  All home owners were assigned in Amadora
2024_11_13_T17:20:46 -  All home owners were assigned in Amadora
2024_11_13_T17:20:46 -  All home owners were assigned in Amadora
2024_11_13_T17:20:46 -  All home owners were assigned in Amadora
2024_11_13_T17:20:46 -  All home owners were assigned in Amadora
2024_11_13_T17:20:46 -  All home owners were assigned in Amadora
2024_11_13_T17:20:46 -  All home owners were assigned in Amadora
2024_11_13_T17:20:46 -  All home owners were assigned in Amadora
2024_11_13_T17:20:46 -  All home owners were assigned in Amadora
2024_11_13_T17:20:46 -  All home owners were assigned in Amadora
2024_11_13_T17:20:46 -  All home owners were assigned in Amadora
2024_11_13_T17:20:46 -  All home owners were assigned in Amadora
2024_11_13_T17:20:46 -  All home owners were assigned in Amadora
2024_11_13_T17:20:46 -  All home owners were assigned in Amadora
2024_11_13_T17:20:46 -  All home owners were assigned in Amadora
2024_11_13_T17:20:46 -  All home owners were assigned in Amadora
2024_11_13_T17:20:46 -  All home owners were assigned in Amadora
2024_11_13_T17:20:46 -  All home owners were assigned in Amadora
2024_11_13_T17:20:46 -  All home owners were assigned in Amadora
2024_11_13_T17:20:46 -  All home owners were assigned in Amadora
2024_11_13_T17:20:46 -  All home owners were assigned in Amadora
2024_11_13_T17:20:46 -  All home owners were assigned in Amadora
2024_11_13_T17:20:46 -  All home owners were assigned in Amadora
2024_11_13_T17:20:46 -  All home owners were assigned in Amadora
2024_11_13_T17:20:46 -  All home owners were assigned in Amadora
2024_11_13_T17:20:46 -  All home owners were assigned in Amadora
2024_11_13_T17:20:46 -  All home owners were assigned in Amadora
2024_11_13_T17:20:46 -  All home owners were assigned in Amadora
2024_11_13_T17:20:46 -  All home owners were assigned in Amadora
2024_11_13_T17:20:46 -  All home owners were assigned in Amadora
2024_11_13_T17:20:46 -  All home owners were assigned in Amadora
2024_11_13_T17:20:46 -  All home owners were assigned in Amadora
2024_11_13_T17:20:46 -  All home owners were assigned in Amadora
2024_11_13_T17:20:46 -  All home owners were assigned in Amadora
2024_11_13_T17:20:46 -  All home owners were assigned in Amadora
2024_11_13_T17:20:46 -  All home owners were assigned in Amadora
2024_11_13_T17:20:46 -  All home owners were assigned in Amadora
2024_11_13_T17:20:46 -  All home owners were assigned in Amadora
2024_11_13_T17:20:46 -  All home owners were assigned in Amadora
2024_11_13_T17:20:46 -  All home owners were assigned in Amadora
2024_11_13_T17:20:46 -  All home owners were assigned in Amadora
2024_11_13_T17:20:46 -  All home owners were assigned in Amadora
2024_11_13_T17:20:46 -  All home owners were assigned in Amadora
2024_11_13_T17:20:46 -  All home owners were assigned in Amadora
2024_11_13_T17:20:46 -  All home owners were assigned in Amadora
2024_11_13_T17:20:46 -  All home owners were assigned in Amadora
2024_11_13_T17:20:46 -  All home owners were assigned in Amadora
2024_11_13_T17:20:46 -  All home owners were assigned in Amadora
2024_11_13_T17:20:46 -  All home owners were assigned in Amadora
2024_11_13_T17:20:46 -  All home owners were assigned in Amadora
2024_11_13_T17:20:46 -  All home owners were assigned in Amadora
2024_11_13_T17:20:46 -  All home owners were assigned in Amadora
2024_11_13_T17:20:46 -  All home owners were assigned in Amadora
2024_11_13_T17:20:46 -  All home owners were assigned in Amadora
2024_11_13_T17:20:46 -  All home owners were assigned in Amadora
2024_11_13_T17:20:46 -  All home owners were assigned in Amadora
2024_11_13_T17:20:46 -  All home owners were assigned in Amadora
2024_11_13_T17:20:46 -  All home owners were assigned in Amadora
2024_11_13_T17:20:46 -  All home owners were assigned in Amadora
2024_11_13_T17:20:46 -  All home owners were assigned in Amadora
2024_11_13_T17:20:46 -  All home owners were assigned in Amadora
2024_11_13_T17:20:46 -  All home owners were assigned in Amadora
2024_11_13_T17:20:46 -  All home owners were assigned in Amadora
2024_11_13_T17:20:46 -  All home owners were assigned in Amadora
2024_11_13_T17:20:46 -  All home owners were assigned in Amadora
2024_11_13_T17:20:46 -  All home owners were assigned in Amadora
2024_11_13_T17:20:46 -  All home owners were assigned in Amadora
2024_11_13_T17:20:46 -  All home owners were assigned in Amadora
2024_11_13_T17:20:46 -  All home owners were assigned in Amadora
2024_11_13_T17:20:46 -  All home owners were assigned in Amadora
2024_11_13_T17:20:46 -  All home owners were assigned in Amadora
2024_11_13_T17:20:46 -  All home owners were assigned in Amadora
2024_11_13_T17:20:46 -  All home owners were assigned in Amadora
2024_11_13_T17:20:46 -  All home owners were assigned in Amadora
2024_11_13_T17:20:46 -  All home owners were assigned in Amadora
2024_11_13_T17:20:46 -  All home owners were assigned in Amadora
2024_11_13_T17:20:46 -  All home owners were assigned in Amadora
2024_11_13_T17:20:46 -  All home owners were assigned in Amadora
2024_11_13_T17:20:46 -  All home owners were assigned in Amadora
2024_11_13_T17:20:46 -  All home owners were assigned in Amadora
2024_11_13_T17:20:46 -  All home owners were assigned in Amadora
2024_11_13_T17:20:46 -  All houses for rental were assigned in Cascais
2024_11_13_T17:20:46 -  All houses for rental were assigned in Cascais
2024_11_13_T17:20:46 -  All houses for rental were assigned in Cascais
2024_11_13_T17:20:46 -  All houses for rental were assigned in Cascais
2024_11_13_T17:20:46 -  All houses for rental were assigned in Cascais
2024_11_13_T17:20:46 -  All houses for rental were assigned in Cascais
2024_11_13_T17:20:46 -  All houses for rental were assigned in Cascais
2024_11_13_T17:20:46 -  All houses for rental were assigned in Cascais
2024_11_13_T17:20:46 -  All houses for rental were assigned in Cascais
2024_11_13_T17:20:46 -  All houses for rental were assigned in Cascais
2024_11_13_T17:20:46 -  All houses for rental were assigned in Cascais
2024_11_13_T17:20:46 -  All houses for rental were assigned in Cascais
2024_11_13_T17:20:46 -  All houses for rental were assigned in Cascais
2024_11_13_T17:20:46 -  All houses for rental were assigned in Cascais
2024_11_13_T17:20:46 -  All houses for rental were assigned in Cascais
2024_11_13_T17:20:46 -  All houses for rental were assigned in Cascais
2024_11_13_T17:20:46 -  All houses for rental were assigned in Cascais
2024_11_13_T17:20:46 -  All houses for rental were assigned in Cascais
2024_11_13_T17:20:46 -  All houses for rental were assigned in Cascais
2024_11_13_T17:20:46 -  All houses for rental were assigned in Cascais
2024_11_13_T17:20:46 -  All houses for rental were assigned in Cascais
2024_11_13_T17:20:46 -  All houses for rental were assigned in Cascais
2024_11_13_T17:20:46 -  All houses for rental were assigned in Cascais
2024_11_13_T17:20:46 -  All houses for rental were assigned in Cascais
2024_11_13_T17:20:46 -  All houses for rental were assigned in Cascais
2024_11_13_T17:20:46 -  All houses for rental were assigned in Cascais
2024_11_13_T17:20:46 -  All houses for rental were assigned in Cascais
2024_11_13_T17:20:46 -  All houses for rental were assigned in Cascais
2024_11_13_T17:20:46 -  All houses for rental were assigned in Cascais
2024_11_13_T17:20:46 -  All houses for rental were assigned in Cascais
2024_11_13_T17:20:46 -  All houses for rental were assigned in Cascais
2024_11_13_T17:20:46 -  All houses for rental were assigned in Cascais
2024_11_13_T17:20:46 -  All houses for rental were assigned in Cascais
2024_11_13_T17:20:46 -  All houses for rental were assigned in Cascais
2024_11_13_T17:20:46 -  All houses for rental were assigned in Cascais
2024_11_13_T17:20:46 -  All houses for rental were assigned in Cascais
2024_11_13_T17:20:46 -  All houses for rental were assigned in Cascais
2024_11_13_T17:20:46 -  All houses for rental were assigned in Cascais
2024_11_13_T17:20:46 -  All houses for rental were assigned in Cascais
2024_11_13_T17:20:46 -  All houses for rental were assigned in Cascais
2024_11_13_T17:20:46 -  All houses for rental were assigned in Cascais
2024_11_13_T17:20:46 -  All houses for rental were assigned in Cascais
2024_11_13_T17:20:46 -  All houses for rental were assigned in Cascais
2024_11_13_T17:20:46 -  All houses for rental were assigned in Cascais
2024_11_13_T17:20:46 -  All houses for rental were assigned in Cascais
2024_11_13_T17:20:46 -  All houses for rental were assigned in Cascais
2024_11_13_T17:20:46 -  All houses for rental were assigned in Cascais
2024_11_13_T17:20:46 -  All houses for rental were assigned in Cascais
2024_11_13_T17:20:46 -  All houses for rental were assigned in Cascais
2024_11_13_T17:20:46 -  All houses for rental were assigned in Cascais
2024_11_13_T17:20:46 -  All houses for rental were assigned in Cascais
2024_11_13_T17:20:46 -  All houses for rental were assigned in Cascais
2024_11_13_T17:20:46 -  All houses for rental were assigned in Cascais
2024_11_13_T17:20:46 -  All houses for rental were assigned in Cascais
2024_11_13_T17:20:46 -  All houses for rental were assigned in Cascais
2024_11_13_T17:20:46 -  All houses for rental were assigned in Cascais
2024_11_13_T17:20:46 -  All houses for rental were assigned in Cascais
2024_11_13_T17:20:46 -  All houses for rental were assigned in Cascais
2024_11_13_T17:20:46 -  All houses for rental were assigned in Cascais
2024_11_13_T17:20:46 -  All houses for rental were assigned in Cascais
2024_11_13_T17:20:46 -  All houses for rental were assigned in Cascais
2024_11_13_T17:20:46 -  All houses for rental were assigned in Cascais
2024_11_13_T17:20:46 -  All houses for rental were assigned in Cascais
2024_11_13_T17:20:46 -  All houses for rental were assigned in Cascais
2024_11_13_T17:20:46 -  All houses for rental were assigned in Cascais
2024_11_13_T17:20:46 -  All houses for rental were assigned in Cascais
2024_11_13_T17:20:46 -  All houses for rental were assigned in Cascais
2024_11_13_T17:20:46 -  All houses for rental were assigned in Cascais
2024_11_13_T17:20:46 -  All houses for rental were assigned in Cascais
2024_11_13_T17:20:46 -  All houses for rental were assigned in Cascais
2024_11_13_T17:20:46 -  All houses for rental were assigned in Cascais
2024_11_13_T17:20:46 -  All houses for rental were assigned in Cascais
2024_11_13_T17:20:46 -  All houses for rental were assigned in Cascais
2024_11_13_T17:20:46 -  All houses for rental were assigned in Cascais
2024_11_13_T17:20:46 -  All houses for rental were assigned in Cascais
2024_11_13_T17:20:46 -  All houses for rental were assigned in Cascais
2024_11_13_T17:20:46 -  All houses for rental were assigned in Cascais
2024_11_13_T17:20:46 -  All houses for rental were assigned in Cascais
2024_11_13_T17:20:46 -  All houses for rental were assigned in Cascais
2024_11_13_T17:20:46 -  All houses for rental were assigned in Cascais
2024_11_13_T17:20:46 -  All houses for rental were assigned in Cascais
2024_11_13_T17:20:46 -  All houses for rental were assigned in Cascais
2024_11_13_T17:20:46 -  All houses for rental were assigned in Cascais
2024_11_13_T17:20:46 -  All houses for rental were assigned in Cascais
2024_11_13_T17:20:46 -  All houses for rental were assigned in Cascais
2024_11_13_T17:20:46 -  All houses for rental were assigned in Cascais
2024_11_13_T17:20:46 -  All houses for rental were assigned in Cascais
2024_11_13_T17:20:46 -  All houses for rental were assigned in Cascais
2024_11_13_T17:20:46 -  All houses for rental were assigned in Cascais
2024_11_13_T17:20:46 -  All houses for rental were assigned in Cascais
2024_11_13_T17:20:46 -  All houses for rental were assigned in Cascais
2024_11_13_T17:20:46 -  All houses for rental were assigned in Cascais
2024_11_13_T17:20:46 -  All houses for rental were assigned in Cascais
2024_11_13_T17:20:46 -  All houses for rental were assigned in Cascais
2024_11_13_T17:20:46 -  All houses for rental were assigned in Cascais
2024_11_13_T17:20:46 -  All houses for rental were assigned in Cascais
2024_11_13_T17:20:46 -  All houses for rental were assigned in Cascais
2024_11_13_T17:20:46 -  All houses for rental were assigned in Cascais
2024_11_13_T17:20:46 -  All houses for rental were assigned in Cascais
2024_11_13_T17:20:46 -  All houses for rental were assigned in Cascais
2024_11_13_T17:20:46 -  All houses for rental were assigned in Cascais
2024_11_13_T17:20:46 -  All houses for rental were assigned in Cascais
2024_11_13_T17:20:46 -  All houses for rental were assigned in Cascais
2024_11_13_T17:20:46 -  All houses for rental were assigned in Cascais
2024_11_13_T17:20:46 -  All houses for rental were assigned in Cascais
2024_11_13_T17:20:46 -  All houses for rental were assigned in Cascais
2024_11_13_T17:20:46 -  All houses for rental were assigned in Cascais
2024_11_13_T17:20:46 -  All houses for rental were assigned in Cascais
2024_11_13_T17:20:46 -  All houses for rental were assigned in Cascais
2024_11_13_T17:20:46 -  All houses for rental were assigned in Cascais
2024_11_13_T17:20:46 -  All houses for rental were assigned in Cascais
2024_11_13_T17:20:46 -  All houses for rental were assigned in Cascais
2024_11_13_T17:20:46 -  All houses for rental were assigned in Cascais
2024_11_13_T17:20:46 -  All houses for rental were assigned in Cascais
2024_11_13_T17:20:46 -  All houses for rental were assigned in Cascais
2024_11_13_T17:20:46 -  All houses for rental were assigned in Cascais
2024_11_13_T17:20:46 -  All houses for rental were assigned in Cascais
2024_11_13_T17:20:46 -  All houses for rental were assigned in Cascais
2024_11_13_T17:20:46 -  All houses for rental were assigned in Cascais
2024_11_13_T17:20:46 -  All houses for rental were assigned in Cascais
2024_11_13_T17:20:46 -  All houses for rental were assigned in Cascais
2024_11_13_T17:20:46 -  All houses for rental were assigned in Cascais
2024_11_13_T17:20:46 -  All houses for rental were assigned in Cascais
2024_11_13_T17:20:46 -  All houses for rental were assigned in Cascais
2024_11_13_T17:20:46 -  All houses for rental were assigned in Cascais
2024_11_13_T17:20:46 -  All houses for rental were assigned in Cascais
2024_11_13_T17:20:46 -  All houses for rental were assigned in Cascais
2024_11_13_T17:20:46 -  All houses for rental were assigned in Cascais
2024_11_13_T17:20:46 -  All houses for rental were assigned in Cascais
2024_11_13_T17:20:46 -  All houses for rental were assigned in Cascais
2024_11_13_T17:20:46 -  All houses for rental were assigned in Cascais
2024_11_13_T17:20:46 -  All houses for rental were assigned in Cascais
2024_11_13_T17:20:46 -  All houses for rental were assigned in Cascais
2024_11_13_T17:20:46 -  All houses for rental were assigned in Cascais
2024_11_13_T17:20:46 -  All houses for rental were assigned in Cascais
2024_11_13_T17:20:46 -  All houses for rental were assigned in Cascais
2024_11_13_T17:20:46 -  All houses for rental were assigned in Cascais
2024_11_13_T17:20:46 -  All houses for rental were assigned in Cascais
2024_11_13_T17:20:46 -  All houses for rental were assigned in Cascais
2024_11_13_T17:20:46 -  All houses for rental were assigned in Cascais
2024_11_13_T17:20:46 -  All houses for rental were assigned in Cascais
2024_11_13_T17:20:46 -  All houses for rental were assigned in Cascais
2024_11_13_T17:20:46 -  All houses for rental were assigned in Cascais
2024_11_13_T17:20:46 -  All houses for rental were assigned in Cascais
2024_11_13_T17:20:46 -  All houses for rental were assigned in Cascais
2024_11_13_T17:20:46 -  All houses for rental were assigned in Cascais
2024_11_13_T17:20:46 -  All houses for rental were assigned in Cascais
2024_11_13_T17:20:46 -  All houses for rental were assigned in Cascais
2024_11_13_T17:20:46 -  All houses for rental were assigned in Cascais
2024_11_13_T17:20:46 -  All houses for rental were assigned in Cascais
2024_11_13_T17:20:46 -  All houses for rental were assigned in Cascais
2024_11_13_T17:20:46 -  All houses for rental were assigned in Cascais
2024_11_13_T17:20:46 -  All houses for rental were assigned in Cascais
2024_11_13_T17:20:46 -  All houses for rental were assigned in Cascais
2024_11_13_T17:20:46 -  All houses for rental were assigned in Cascais
2024_11_13_T17:20:46 -  All houses for rental were assigned in Cascais
2024_11_13_T17:20:46 -  All houses for rental were assigned in Cascais
2024_11_13_T17:20:46 -  All houses for rental were assigned in Cascais
2024_11_13_T17:20:46 -  All houses for rental were assigned in Cascais
2024_11_13_T17:20:46 -  All houses for rental were assigned in Cascais
2024_11_13_T17:20:46 -  All houses for rental were assigned in Cascais
2024_11_13_T17:20:46 -  All houses for rental were assigned in Cascais
2024_11_13_T17:20:46 -  All houses for rental were assigned in Cascais
2024_11_13_T17:20:46 -  All houses for rental were assigned in Cascais
2024_11_13_T17:20:46 -  All houses for rental were assigned in Cascais
2024_11_13_T17:20:46 -  All houses for rental were assigned in Cascais
2024_11_13_T17:20:46 -  All houses for rental were assigned in Cascais
2024_11_13_T17:20:46 -  All houses for rental were assigned in Cascais
2024_11_13_T17:20:46 -  All houses for rental were assigned in Cascais
2024_11_13_T17:20:46 -  All houses for rental were assigned in Cascais
2024_11_13_T17:20:46 -  All houses for rental were assigned in Cascais
2024_11_13_T17:20:46 -  All houses for rental were assigned in Cascais
2024_11_13_T17:20:46 -  All houses for rental were assigned in Cascais
2024_11_13_T17:20:46 -  All houses for rental were assigned in Cascais
2024_11_13_T17:20:46 -  All houses for rental were assigned in Cascais
2024_11_13_T17:20:46 -  All houses for rental were assigned in Cascais
2024_11_13_T17:20:46 -  All houses for rental were assigned in Cascais
2024_11_13_T17:20:46 -  All houses for rental were assigned in Cascais
2024_11_13_T17:20:46 -  All houses for rental were assigned in Cascais
2024_11_13_T17:20:46 -  All houses for rental were assigned in Cascais
2024_11_13_T17:20:46 -  All houses for rental were assigned in Cascais
2024_11_13_T17:20:46 -  All houses for rental were assigned in Cascais
2024_11_13_T17:20:46 -  All houses for rental were assigned in Cascais
2024_11_13_T17:20:46 -  All houses for rental were assigned in Cascais
2024_11_13_T17:20:46 -  All houses for rental were assigned in Cascais
2024_11_13_T17:20:46 -  All houses for rental were assigned in Cascais
2024_11_13_T17:20:46 -  All houses for rental were assigned in Cascais
2024_11_13_T17:20:46 -  All houses for rental were assigned in Cascais
2024_11_13_T17:20:46 -  All houses for rental were assigned in Cascais
2024_11_13_T17:20:46 -  All houses for rental were assigned in Cascais
2024_11_13_T17:20:46 -  All houses for rental were assigned in Cascais
2024_11_13_T17:20:46 -  All houses for rental were assigned in Lisboa
2024_11_13_T17:20:46 -  All houses for rental were assigned in Lisboa
2024_11_13_T17:20:46 -  All houses for rental were assigned in Lisboa
2024_11_13_T17:20:46 -  All houses for rental were assigned in Lisboa
2024_11_13_T17:20:46 -  All houses for rental were assigned in Lisboa
2024_11_13_T17:20:46 -  All houses for rental were assigned in Lisboa
2024_11_13_T17:20:46 -  All houses for rental were assigned in Lisboa
2024_11_13_T17:20:46 -  All houses for rental were assigned in Lisboa
2024_11_13_T17:20:46 -  All houses for rental were assigned in Lisboa
2024_11_13_T17:20:46 -  All houses for rental were assigned in Lisboa
2024_11_13_T17:20:46 -  All houses for rental were assigned in Lisboa
2024_11_13_T17:20:46 -  All houses for rental were assigned in Lisboa
2024_11_13_T17:20:46 -  All houses for rental were assigned in Lisboa
2024_11_13_T17:20:46 -  All houses for rental were assigned in Lisboa
2024_11_13_T17:20:46 -  All houses for rental were assigned in Lisboa
2024_11_13_T17:20:46 -  All houses for rental were assigned in Lisboa
2024_11_13_T17:20:46 -  All houses for rental were assigned in Lisboa
2024_11_13_T17:20:46 -  All houses for rental were assigned in Lisboa
2024_11_13_T17:20:46 -  All houses for rental were assigned in Lisboa
2024_11_13_T17:20:46 -  All houses for rental were assigned in Lisboa
2024_11_13_T17:20:46 -  All houses for rental were assigned in Lisboa
2024_11_13_T17:20:46 -  All houses for rental were assigned in Lisboa
2024_11_13_T17:20:46 -  All houses for rental were assigned in Lisboa
2024_11_13_T17:20:46 -  All houses for rental were assigned in Lisboa
2024_11_13_T17:20:46 -  All houses for rental were assigned in Lisboa
2024_11_13_T17:20:46 -  All houses for rental were assigned in Lisboa
2024_11_13_T17:20:46 -  All houses for rental were assigned in Lisboa
2024_11_13_T17:20:46 -  All houses for rental were assigned in Lisboa
2024_11_13_T17:20:46 -  All houses for rental were assigned in Lisboa
2024_11_13_T17:20:46 -  All houses for rental were assigned in Lisboa
2024_11_13_T17:20:46 -  All houses for rental were assigned in Lisboa
2024_11_13_T17:20:46 -  All houses for rental were assigned in Lisboa
2024_11_13_T17:20:46 -  All houses for rental were assigned in Lisboa
2024_11_13_T17:20:46 -  All houses for rental were assigned in Lisboa
2024_11_13_T17:20:46 -  All houses for rental were assigned in Lisboa
2024_11_13_T17:20:46 -  All houses for rental were assigned in Lisboa
2024_11_13_T17:20:46 -  All houses for rental were assigned in Lisboa
2024_11_13_T17:20:46 -  All houses for rental were assigned in Lisboa
2024_11_13_T17:20:46 -  All houses for rental were assigned in Lisboa
2024_11_13_T17:20:46 -  All houses for rental were assigned in Lisboa
2024_11_13_T17:20:46 -  All houses for rental were assigned in Lisboa
2024_11_13_T17:20:46 -  All houses for rental were assigned in Lisboa
2024_11_13_T17:20:46 -  All houses for rental were assigned in Lisboa
2024_11_13_T17:20:46 -  All houses for rental were assigned in Lisboa
2024_11_13_T17:20:46 -  All houses for rental were assigned in Lisboa
2024_11_13_T17:20:46 -  All houses for rental were assigned in Lisboa
2024_11_13_T17:20:46 -  All houses for rental were assigned in Lisboa
2024_11_13_T17:20:46 -  All houses for rental were assigned in Lisboa
2024_11_13_T17:20:46 -  All houses for rental were assigned in Lisboa
2024_11_13_T17:20:46 -  All houses for rental were assigned in Lisboa
2024_11_13_T17:20:46 -  All houses for rental were assigned in Lisboa
2024_11_13_T17:20:46 -  All houses for rental were assigned in Lisboa
2024_11_13_T17:20:46 -  All houses for rental were assigned in Lisboa
2024_11_13_T17:20:46 -  All houses for rental were assigned in Lisboa
2024_11_13_T17:20:46 -  All houses for rental were assigned in Lisboa
2024_11_13_T17:20:46 -  All houses for rental were assigned in Lisboa
2024_11_13_T17:20:46 -  All houses for rental were assigned in Lisboa
2024_11_13_T17:20:46 -  All houses for rental were assigned in Lisboa
2024_11_13_T17:20:46 -  All houses for rental were assigned in Lisboa
2024_11_13_T17:20:46 -  All houses for rental were assigned in Lisboa
2024_11_13_T17:20:46 -  All houses for rental were assigned in Lisboa
2024_11_13_T17:20:46 -  All houses for rental were assigned in Lisboa
2024_11_13_T17:20:46 -  All houses for rental were assigned in Lisboa
2024_11_13_T17:20:46 -  All houses for rental were assigned in Lisboa
2024_11_13_T17:20:46 -  All houses for rental were assigned in Lisboa
2024_11_13_T17:20:46 -  All houses for rental were assigned in Lisboa
2024_11_13_T17:20:46 -  finished assignHousesToHouseholds in 1.5588388442993164 seconds
2024_11_13_T17:20:50 -  Metrics: sum_wealth took 2.86102294921875e-6
2024_11_13_T17:20:51 -  Metrics: wealth_distribution took 6.9141387939453125e-6
2024_11_13_T17:20:51 -  Metrics: money_distribution took 6.9141387939453125e-6
2024_11_13_T17:20:51 -  Metrics: size_distribution took 5.9604644775390625e-6
2024_11_13_T17:20:51 -  Metrics: age_distribution took 6.9141387939453125e-6
2024_11_13_T17:20:53 -  Metrics: sum_wealth took 3.1948089599609375e-5
2024_11_13_T17:20:54 -  Metrics: wealth_distribution took 0.010794878005981445
2024_11_13_T17:20:54 -  Metrics: money_distribution took 0.0004589557647705078
2024_11_13_T17:20:54 -  Metrics: size_distribution took 0.007333040237426758
2024_11_13_T17:20:54 -  Metrics: age_distribution took 0.0004000663757324219
2024_11_13_T17:20:56 -  Model step started
2024_11_13_T17:20:56 -  clearHangingSupplies started
2024_11_13_T17:20:56 -  clearHangingSupplies took 0.005087852478027344
2024_11_13_T17:20:56 -  clearHangingRentalSupplies started
2024_11_13_T17:20:56 -  clearHangingRentalSupplies took 0.012667179107666016
2024_11_13_T17:20:56 -  clearHouseMarket started
2024_11_13_T17:20:57 -  clearHouseMarket - first block took 0.3577229976654053
2024_11_13_T17:20:57 -  clearHouseMarket - second block took 0.2980530261993408
2024_11_13_T17:20:57 -  clearHouseMarket - third block took 0.01689600944519043
2024_11_13_T17:20:57 -  clearRentalMarket started
2024_11_13_T17:20:57 -  clearRentalMarket - first block took 0.16546988487243652
2024_11_13_T17:20:57 -  clearRentalMarket - second block took 0.07164406776428223
2024_11_13_T17:20:57 -  Pushed house into housesBuiltPerRegion (location,size) = (Odivelas, LessThan75)
2024_11_13_T17:20:58 -  Pushed house into housesBuiltPerRegion (location,size) = (Sintra, LessThan50)
2024_11_13_T17:20:58 -  Pushed house into housesBuiltPerRegion (location,size) = (Sintra, LessThan75)
2024_11_13_T17:20:58 -  Pushed house into housesBuiltPerRegion (location,size) = (Sesimbra, More)
2024_11_13_T17:20:58 -  Model step took 1.4942920207977295 seconds
2024_11_13_T17:20:58 -  Metrics: sum_wealth took 3.0994415283203125e-5
2024_11_13_T17:20:58 -  Metrics: wealth_distribution took 0.0004489421844482422
2024_11_13_T17:20:58 -  Metrics: money_distribution took 0.0004470348358154297
2024_11_13_T17:20:58 -  Metrics: size_distribution took 0.0003390312194824219
2024_11_13_T17:20:58 -  Metrics: age_distribution took 0.0004138946533203125
2024_11_13_T17:20:59 -  Model step started
2024_11_13_T17:20:59 -  clearHangingSupplies started
2024_11_13_T17:20:59 -  clearHangingSupplies took 0.0001239776611328125
2024_11_13_T17:20:59 -  clearHangingRentalSupplies started
2024_11_13_T17:20:59 -  clearHangingRentalSupplies took 0.0001380443572998047
2024_11_13_T17:20:59 -  clearHouseMarket started
2024_11_13_T17:20:59 -  clearHouseMarket - first block took 0.016741037368774414
2024_11_13_T17:20:59 -  clearHouseMarket - second block took 0.05390119552612305
2024_11_13_T17:20:59 -  clearHouseMarket - third block took 0.00017404556274414062
2024_11_13_T17:20:59 -  clearRentalMarket started
2024_11_13_T17:20:59 -  clearRentalMarket - first block took 0.02234196662902832
2024_11_13_T17:20:59 -  clearRentalMarket - second block took 0.0001621246337890625
2024_11_13_T17:20:59 -  Pushed house into housesBuiltPerRegion (location,size) = (Cascais, LessThan50)
2024_11_13_T17:20:59 -  Pushed house into housesBuiltPerRegion (location,size) = (Setubal, LessThan50)
2024_11_13_T17:20:59 -  Pushed house into housesBuiltPerRegion (location,size) = (Setubal, LessThan75)
2024_11_13_T17:20:59 -  Model step took 0.11006903648376465 seconds
2024_11_13_T17:20:59 -  Metrics: sum_wealth took 4.506111145019531e-5
2024_11_13_T17:20:59 -  Metrics: wealth_distribution took 0.0006480216979980469
2024_11_13_T17:20:59 -  Metrics: money_distribution took 0.0005168914794921875
2024_11_13_T17:20:59 -  Metrics: size_distribution took 0.0004150867462158203
2024_11_13_T17:20:59 -  Metrics: age_distribution took 0.0004131793975830078
2024_11_13_T17:21:01 -  Model step started
2024_11_13_T17:21:01 -  clearHangingSupplies started
2024_11_13_T17:21:01 -  clearHangingSupplies took 0.00011396408081054688
2024_11_13_T17:21:01 -  clearHangingRentalSupplies started
2024_11_13_T17:21:01 -  clearHangingRentalSupplies took 9.799003601074219e-5
2024_11_13_T17:21:01 -  clearHouseMarket started
2024_11_13_T17:21:01 -  clearHouseMarket - first block took 0.04656195640563965
2024_11_13_T17:21:01 -  clearHouseMarket - second block took 0.007415056228637695
2024_11_13_T17:21:01 -  clearHouseMarket - third block took 0.00012493133544921875
2024_11_13_T17:21:01 -  clearRentalMarket started
2024_11_13_T17:21:01 -  clearRentalMarket - first block took 0.010479927062988281
2024_11_13_T17:21:01 -  clearRentalMarket - second block took 0.00011014938354492188
2024_11_13_T17:21:01 -  Pushed house into housesBuiltPerRegion (location,size) = (Lisboa, LessThan75)
2024_11_13_T17:21:01 -  Pushed house into housesBuiltPerRegion (location,size) = (Seixal, LessThan75)
2024_11_13_T17:21:01 -  Model step took 0.09450411796569824 seconds
2024_11_13_T17:21:01 -  Metrics: sum_wealth took 4.00543212890625e-5
2024_11_13_T17:21:01 -  Metrics: wealth_distribution took 0.0006058216094970703
2024_11_13_T17:21:01 -  Metrics: money_distribution took 0.0005860328674316406
2024_11_13_T17:21:01 -  Metrics: size_distribution took 0.0005571842193603516
2024_11_13_T17:21:01 -  Metrics: age_distribution took 0.0005300045013427734
2024_11_13_T17:21:03 -  Model step started
2024_11_13_T17:21:03 -  clearHangingSupplies started
2024_11_13_T17:21:03 -  clearHangingSupplies took 0.00013899803161621094
2024_11_13_T17:21:03 -  clearHangingRentalSupplies started
2024_11_13_T17:21:03 -  clearHangingRentalSupplies took 0.00012612342834472656
2024_11_13_T17:21:03 -  clearHouseMarket started
2024_11_13_T17:21:03 -  clearHouseMarket - first block took 0.018887042999267578
2024_11_13_T17:21:03 -  clearHouseMarket - second block took 0.0013980865478515625
2024_11_13_T17:21:03 -  clearHouseMarket - third block took 7.796287536621094e-5
2024_11_13_T17:21:03 -  clearRentalMarket started
2024_11_13_T17:21:03 -  clearRentalMarket - first block took 0.00950312614440918
2024_11_13_T17:21:03 -  clearRentalMarket - second block took 8.797645568847656e-5
2024_11_13_T17:21:03 -  Pushed house into housesBuiltPerRegion (location,size) = (Amadora, LessThan125)
2024_11_13_T17:21:03 -  Pushed house into housesBuiltPerRegion (location,size) = (Seixal, LessThan125)
2024_11_13_T17:21:03 -  Pushed house into housesBuiltPerRegion (location,size) = (Setubal, LessThan125)
2024_11_13_T17:21:03 -  Model step took 0.052729129791259766 seconds
2024_11_13_T17:21:03 -  Metrics: sum_wealth took 3.0040740966796875e-5
2024_11_13_T17:21:03 -  Metrics: wealth_distribution took 0.0005049705505371094
2024_11_13_T17:21:03 -  Metrics: money_distribution took 0.000453948974609375
2024_11_13_T17:21:03 -  Metrics: size_distribution took 0.0003750324249267578
2024_11_13_T17:21:03 -  Metrics: age_distribution took 0.0004360675811767578
2024_11_13_T17:21:05 -  Model step started
2024_11_13_T17:21:05 -  clearHangingSupplies started
2024_11_13_T17:21:05 -  clearHangingSupplies took 0.0003159046173095703
2024_11_13_T17:21:05 -  clearHangingRentalSupplies started
2024_11_13_T17:21:05 -  clearHangingRentalSupplies took 0.0001239776611328125
2024_11_13_T17:21:05 -  clearHouseMarket started
2024_11_13_T17:21:05 -  clearHouseMarket - first block took 0.021081924438476562
2024_11_13_T17:21:05 -  clearHouseMarket - second block took 0.0006940364837646484
2024_11_13_T17:21:05 -  clearHouseMarket - third block took 7.915496826171875e-5
2024_11_13_T17:21:05 -  clearRentalMarket started
2024_11_13_T17:21:05 -  clearRentalMarket - first block took 0.014362812042236328
2024_11_13_T17:21:05 -  clearRentalMarket - second block took 0.00011086463928222656
2024_11_13_T17:21:05 -  Pushed house into housesBuiltPerRegion (location,size) = (Lisboa, LessThan75)
2024_11_13_T17:21:05 -  Pushed house into housesBuiltPerRegion (location,size) = (VilaFrancaDeXira, LessThan50)
2024_11_13_T17:21:05 -  Pushed house into housesBuiltPerRegion (location,size) = (Alcochete, More)
2024_11_13_T17:21:05 -  Pushed house into housesBuiltPerRegion (location,size) = (Almada, LessThan50)
2024_11_13_T17:21:05 -  Pushed house into housesBuiltPerRegion (location,size) = (Palmela, More)
2024_11_13_T17:21:05 -  Pushed house into housesBuiltPerRegion (location,size) = (Seixal, LessThan75)
2024_11_13_T17:21:05 -  Pushed house into housesBuiltPerRegion (location,size) = (Seixal, LessThan125)
2024_11_13_T17:21:05 -  Model step took 0.05582094192504883 seconds
2024_11_13_T17:21:05 -  Metrics: sum_wealth took 5.793571472167969e-5
2024_11_13_T17:21:05 -  Metrics: wealth_distribution took 0.0004990100860595703
2024_11_13_T17:21:05 -  Metrics: money_distribution took 0.00042700767517089844
2024_11_13_T17:21:05 -  Metrics: size_distribution took 0.0004608631134033203
2024_11_13_T17:21:05 -  Metrics: age_distribution took 0.0004189014434814453
2024_11_13_T17:21:07 -  Model step started
2024_11_13_T17:21:07 -  clearHangingSupplies started
2024_11_13_T17:21:07 -  clearHangingSupplies took 0.0001971721649169922
2024_11_13_T17:21:07 -  clearHangingRentalSupplies started
2024_11_13_T17:21:07 -  clearHangingRentalSupplies took 0.0001308917999267578
2024_11_13_T17:21:07 -  clearHouseMarket started
2024_11_13_T17:21:07 -  clearHouseMarket - first block took 0.042021989822387695
2024_11_13_T17:21:07 -  clearHouseMarket - second block took 0.0014111995697021484
2024_11_13_T17:21:07 -  clearHouseMarket - third block took 0.000125885009765625
2024_11_13_T17:21:07 -  clearRentalMarket started
2024_11_13_T17:21:07 -  clearRentalMarket - first block took 0.010764122009277344
2024_11_13_T17:21:07 -  clearRentalMarket - second block took 0.00010085105895996094
2024_11_13_T17:21:07 -  Pushed house into housesBuiltPerRegion (location,size) = (Lisboa, LessThan50)
2024_11_13_T17:21:07 -  Model step took 0.07273697853088379 seconds
2024_11_13_T17:21:07 -  Metrics: sum_wealth took 2.7894973754882812e-5
2024_11_13_T17:21:07 -  Metrics: wealth_distribution took 0.00049591064453125
2024_11_13_T17:21:07 -  Metrics: money_distribution took 0.0004360675811767578
2024_11_13_T17:21:07 -  Metrics: size_distribution took 0.00034999847412109375
2024_11_13_T17:21:07 -  Metrics: age_distribution took 0.00044918060302734375
2024_11_13_T17:21:08 -  Model step started
2024_11_13_T17:21:08 -  clearHangingSupplies started
2024_11_13_T17:21:08 -  clearHangingSupplies took 0.00010895729064941406
2024_11_13_T17:21:08 -  clearHangingRentalSupplies started
2024_11_13_T17:21:08 -  clearHangingRentalSupplies took 7.295608520507812e-5
2024_11_13_T17:21:08 -  clearHouseMarket started
2024_11_13_T17:21:08 -  clearHouseMarket - first block took 0.02313709259033203
2024_11_13_T17:21:08 -  clearHouseMarket - second block took 0.001116037368774414
2024_11_13_T17:21:08 -  clearHouseMarket - third block took 0.00011897087097167969
2024_11_13_T17:21:08 -  clearRentalMarket started
2024_11_13_T17:21:09 -  clearRentalMarket - first block took 0.012989997863769531
2024_11_13_T17:21:09 -  clearRentalMarket - second block took 9.202957153320312e-5
2024_11_13_T17:21:09 -  Pushed house into housesBuiltPerRegion (location,size) = (Mafra, More)
2024_11_13_T17:21:09 -  Pushed house into housesBuiltPerRegion (location,size) = (Oeiras, More)
2024_11_13_T17:21:09 -  Pushed house into housesBuiltPerRegion (location,size) = (Alcochete, LessThan50)
2024_11_13_T17:21:09 -  Pushed house into housesBuiltPerRegion (location,size) = (Montijo, LessThan50)
2024_11_13_T17:21:09 -  Model step took 0.05409502983093262 seconds
2024_11_13_T17:21:09 -  Metrics: sum_wealth took 2.8848648071289062e-5
2024_11_13_T17:21:09 -  Metrics: wealth_distribution took 0.0005290508270263672
2024_11_13_T17:21:09 -  Metrics: money_distribution took 0.0005588531494140625
2024_11_13_T17:21:09 -  Metrics: size_distribution took 0.0003650188446044922
2024_11_13_T17:21:09 -  Metrics: age_distribution took 0.0005481243133544922
2024_11_13_T17:21:11 -  Model step started
2024_11_13_T17:21:11 -  clearHangingSupplies started
2024_11_13_T17:21:11 -  clearHangingSupplies took 9.584426879882812e-5
2024_11_13_T17:21:11 -  clearHangingRentalSupplies started
2024_11_13_T17:21:11 -  clearHangingRentalSupplies took 6.198883056640625e-5
2024_11_13_T17:21:11 -  clearHouseMarket started
2024_11_13_T17:21:11 -  clearHouseMarket - first block took 0.021816015243530273
2024_11_13_T17:21:11 -  clearHouseMarket - second block took 0.0008051395416259766
2024_11_13_T17:21:11 -  clearHouseMarket - third block took 0.00016999244689941406
2024_11_13_T17:21:11 -  clearRentalMarket started
2024_11_13_T17:21:11 -  clearRentalMarket - first block took 0.010964155197143555
2024_11_13_T17:21:11 -  clearRentalMarket - second block took 0.00012493133544921875
2024_11_13_T17:21:11 -  Pushed house into housesBuiltPerRegion (location,size) = (Lisboa, LessThan125)
2024_11_13_T17:21:11 -  Pushed house into housesBuiltPerRegion (location,size) = (Mafra, LessThan125)
2024_11_13_T17:21:11 -  Pushed house into housesBuiltPerRegion (location,size) = (Sintra, More)
2024_11_13_T17:21:11 -  Pushed house into housesBuiltPerRegion (location,size) = (Seixal, More)
2024_11_13_T17:21:11 -  Model step took 0.05118894577026367 seconds
2024_11_13_T17:21:11 -  Metrics: sum_wealth took 3.0040740966796875e-5
2024_11_13_T17:21:11 -  Metrics: wealth_distribution took 0.0005319118499755859
2024_11_13_T17:21:11 -  Metrics: money_distribution took 0.0005199909210205078
2024_11_13_T17:21:11 -  Metrics: size_distribution took 0.00036406517028808594
2024_11_13_T17:21:11 -  Metrics: age_distribution took 0.0004088878631591797
2024_11_13_T17:21:13 -  Model step started
2024_11_13_T17:21:13 -  clearHangingSupplies started
2024_11_13_T17:21:13 -  clearHangingSupplies took 9.989738464355469e-5
2024_11_13_T17:21:13 -  clearHangingRentalSupplies started
2024_11_13_T17:21:13 -  clearHangingRentalSupplies took 6.318092346191406e-5
2024_11_13_T17:21:13 -  clearHouseMarket started
2024_11_13_T17:21:13 -  clearHouseMarket - first block took 0.021577835083007812
2024_11_13_T17:21:13 -  clearHouseMarket - second block took 0.0009980201721191406
2024_11_13_T17:21:13 -  clearHouseMarket - third block took 8.702278137207031e-5
2024_11_13_T17:21:13 -  clearRentalMarket started
2024_11_13_T17:21:13 -  clearRentalMarket - first block took 0.011950969696044922
2024_11_13_T17:21:13 -  clearRentalMarket - second block took 0.00010085105895996094
2024_11_13_T17:21:13 -  Pushed house into housesBuiltPerRegion (location,size) = (Odivelas, LessThan125)
2024_11_13_T17:21:13 -  Model step took 0.04993700981140137 seconds
2024_11_13_T17:21:13 -  Metrics: sum_wealth took 3.0040740966796875e-5
2024_11_13_T17:21:13 -  Metrics: wealth_distribution took 0.00047707557678222656
2024_11_13_T17:21:13 -  Metrics: money_distribution took 0.0005130767822265625
2024_11_13_T17:21:13 -  Metrics: size_distribution took 0.0003781318664550781
2024_11_13_T17:21:13 -  Metrics: age_distribution took 0.00049591064453125
2024_11_13_T17:21:15 -  Model step started
2024_11_13_T17:21:15 -  clearHangingSupplies started
2024_11_13_T17:21:15 -  clearHangingSupplies took 9.679794311523438e-5
2024_11_13_T17:21:15 -  clearHangingRentalSupplies started
2024_11_13_T17:21:15 -  clearHangingRentalSupplies took 6.508827209472656e-5
2024_11_13_T17:21:15 -  clearHouseMarket started
2024_11_13_T17:21:15 -  clearHouseMarket - first block took 0.027582883834838867
2024_11_13_T17:21:15 -  clearHouseMarket - second block took 0.0007710456848144531
2024_11_13_T17:21:15 -  clearHouseMarket - third block took 0.0001361370086669922
2024_11_13_T17:21:15 -  clearRentalMarket started
2024_11_13_T17:21:15 -  clearRentalMarket - first block took 0.010967016220092773
2024_11_13_T17:21:15 -  clearRentalMarket - second block took 0.000102996826171875
2024_11_13_T17:21:15 -  Model step took 0.055470943450927734 seconds
2024_11_13_T17:21:15 -  Metrics: sum_wealth took 3.2901763916015625e-5
2024_11_13_T17:21:15 -  Metrics: wealth_distribution took 0.0005650520324707031
2024_11_13_T17:21:15 -  Metrics: money_distribution took 0.0005171298980712891
2024_11_13_T17:21:15 -  Metrics: size_distribution took 0.0003790855407714844
2024_11_13_T17:21:15 -  Metrics: age_distribution took 0.00044083595275878906
2024_11_13_T17:21:17 -  Model step started
2024_11_13_T17:21:17 -  clearHangingSupplies started
2024_11_13_T17:21:17 -  clearHangingSupplies took 0.014829874038696289
2024_11_13_T17:21:17 -  clearHangingRentalSupplies started
2024_11_13_T17:21:17 -  clearHangingRentalSupplies took 0.00026297569274902344
2024_11_13_T17:21:17 -  clearHouseMarket started
2024_11_13_T17:21:17 -  clearHouseMarket - first block took 0.04596090316772461
2024_11_13_T17:21:17 -  clearHouseMarket - second block took 0.0014929771423339844
2024_11_13_T17:21:17 -  clearHouseMarket - third block took 0.00019311904907226562
2024_11_13_T17:21:17 -  clearRentalMarket started
2024_11_13_T17:21:17 -  clearRentalMarket - first block took 0.011214971542358398
2024_11_13_T17:21:17 -  clearRentalMarket - second block took 8.511543273925781e-5
2024_11_13_T17:21:17 -  Pushed house into housesBuiltPerRegion (location,size) = (Amadora, LessThan50)
2024_11_13_T17:21:17 -  Pushed house into housesBuiltPerRegion (location,size) = (Cascais, More)
2024_11_13_T17:21:17 -  Pushed house into housesBuiltPerRegion (location,size) = (Lisboa, More)
2024_11_13_T17:21:17 -  Pushed house into housesBuiltPerRegion (location,size) = (Seixal, LessThan75)
2024_11_13_T17:21:17 -  Model step took 0.09055900573730469 seconds
2024_11_13_T17:21:17 -  Metrics: sum_wealth took 3.123283386230469e-5
2024_11_13_T17:21:17 -  Metrics: wealth_distribution took 0.0005238056182861328
2024_11_13_T17:21:17 -  Metrics: money_distribution took 0.00047016143798828125
2024_11_13_T17:21:17 -  Metrics: size_distribution took 0.0003879070281982422
2024_11_13_T17:21:17 -  Metrics: age_distribution took 0.00042819976806640625
2024_11_13_T17:21:19 -  Model step started
2024_11_13_T17:21:19 -  clearHangingSupplies started
2024_11_13_T17:21:19 -  clearHangingSupplies took 0.00016498565673828125
2024_11_13_T17:21:19 -  clearHangingRentalSupplies started
2024_11_13_T17:21:19 -  clearHangingRentalSupplies took 5.793571472167969e-5
2024_11_13_T17:21:19 -  clearHouseMarket started
2024_11_13_T17:21:19 -  clearHouseMarket - first block took 0.02983999252319336
2024_11_13_T17:21:19 -  clearHouseMarket - second block took 0.015273094177246094
2024_11_13_T17:21:19 -  clearHouseMarket - third block took 0.0001361370086669922
2024_11_13_T17:21:19 -  clearRentalMarket started
2024_11_13_T17:21:19 -  clearRentalMarket - first block took 0.0116729736328125
2024_11_13_T17:21:19 -  clearRentalMarket - second block took 0.00011205673217773438
