2024_10_30_T19:50:26 -  finished initateHouses in 0.744819164276123 seconds
2024_10_30_T19:50:26 -  finished initiateHouseholds in 0.9386069774627686 seconds
2024_10_30_T19:50:26 -  finished assignHousesToHouseholds in 1.285094976425171 seconds
2024_10_30_T19:50:31 -  Metrics: sum_wealth took 9.5367431640625e-7
2024_10_30_T19:50:32 -  Metrics: wealth_distribution took 5.0067901611328125e-6
2024_10_30_T19:50:32 -  Metrics: money_distribution took 3.814697265625e-6
2024_10_30_T19:50:32 -  Metrics: size_distribution took 4.0531158447265625e-6
2024_10_30_T19:50:32 -  Metrics: age_distribution took 5.0067901611328125e-6
2024_10_30_T19:50:34 -  Metrics: sum_wealth took 4.100799560546875e-5
2024_10_30_T19:50:34 -  Metrics: wealth_distribution took 0.012035131454467773
2024_10_30_T19:50:34 -  Metrics: money_distribution took 0.0004680156707763672
2024_10_30_T19:50:34 -  Metrics: size_distribution took 0.007761955261230469
2024_10_30_T19:50:34 -  Metrics: age_distribution took 0.0005209445953369141
2024_10_30_T19:50:37 -  Model step started
2024_10_30_T19:50:37 -  clearHangingSupplies started
2024_10_30_T19:50:37 -  clearHangingSupplies took 0.004664897918701172
2024_10_30_T19:50:37 -  clearHangingRentalSupplies started
2024_10_30_T19:50:37 -  clearHangingRentalSupplies took 0.003866910934448242
2024_10_30_T19:50:37 -  clearHouseMarket started
2024_10_30_T19:50:38 -  clearHouseMarket - first block took 0.27484703063964844
2024_10_30_T19:50:38 -  clearHouseMarket - second block took 0.17987298965454102
2024_10_30_T19:50:38 -  clearHouseMarket - third block took 0.010777950286865234
2024_10_30_T19:50:38 -  clearRentalMarket started
2024_10_30_T19:50:38 -  clearRentalMarket - first block took 0.07329988479614258
2024_10_30_T19:50:38 -  clearRentalMarket - second block took 2.6941299438476562e-5
2024_10_30_T19:50:38 -  Pushed house into housesBuiltPerRegion (location,size) = (Lisboa, LessThan125)
2024_10_30_T19:50:38 -  Model step took 1.0248231887817383 seconds
2024_10_30_T19:50:38 -  Metrics: sum_wealth took 4.696846008300781e-5
2024_10_30_T19:50:38 -  Metrics: wealth_distribution took 0.0006110668182373047
2024_10_30_T19:50:38 -  Metrics: money_distribution took 0.0005068778991699219
2024_10_30_T19:50:38 -  Metrics: size_distribution took 0.0005497932434082031
2024_10_30_T19:50:38 -  Metrics: age_distribution took 0.00044989585876464844
2024_10_30_T19:50:40 -  Model step started
2024_10_30_T19:50:40 -  clearHangingSupplies started
2024_10_30_T19:50:40 -  clearHangingSupplies took 0.00011396408081054688
2024_10_30_T19:50:40 -  clearHangingRentalSupplies started
2024_10_30_T19:50:40 -  clearHangingRentalSupplies took 5.9604644775390625e-6
2024_10_30_T19:50:40 -  clearHouseMarket started
2024_10_30_T19:50:40 -  clearHouseMarket - first block took 0.07949995994567871
2024_10_30_T19:50:40 -  clearHouseMarket - second block took 0.00011992454528808594
2024_10_30_T19:50:40 -  clearHouseMarket - third block took 0.00013208389282226562
2024_10_30_T19:50:40 -  clearRentalMarket started
2024_10_30_T19:50:40 -  clearRentalMarket - first block took 3.0994415283203125e-5
2024_10_30_T19:50:40 -  clearRentalMarket - second block took 2.1457672119140625e-6
2024_10_30_T19:50:40 -  Model step took 0.09296298027038574 seconds
2024_10_30_T19:50:40 -  Metrics: sum_wealth took 5.412101745605469e-5
2024_10_30_T19:50:40 -  Metrics: wealth_distribution took 0.0004801750183105469
2024_10_30_T19:50:40 -  Metrics: money_distribution took 0.0004611015319824219
2024_10_30_T19:50:40 -  Metrics: size_distribution took 0.00035500526428222656
2024_10_30_T19:50:40 -  Metrics: age_distribution took 0.0004620552062988281
2024_10_30_T19:50:42 -  Model step started
2024_10_30_T19:50:42 -  clearHangingSupplies started
2024_10_30_T19:50:42 -  clearHangingSupplies took 0.011462926864624023
2024_10_30_T19:50:42 -  clearHangingRentalSupplies started
2024_10_30_T19:50:42 -  clearHangingRentalSupplies took 7.152557373046875e-6
2024_10_30_T19:50:42 -  clearHouseMarket started
2024_10_30_T19:50:43 -  clearHouseMarket - first block took 0.10339212417602539
2024_10_30_T19:50:43 -  clearHouseMarket - second block took 0.03129005432128906
2024_10_30_T19:50:43 -  clearHouseMarket - third block took 0.00018787384033203125
2024_10_30_T19:50:43 -  clearRentalMarket started
2024_10_30_T19:50:43 -  clearRentalMarket - first block took 2.5987625122070312e-5
2024_10_30_T19:50:43 -  clearRentalMarket - second block took 3.0994415283203125e-6
2024_10_30_T19:50:43 -  Pushed house into housesBuiltPerRegion (location,size) = (Lisboa, LessThan50)
2024_10_30_T19:50:43 -  Model step took 0.16432905197143555 seconds
2024_10_30_T19:50:43 -  Metrics: sum_wealth took 5.1021575927734375e-5
2024_10_30_T19:50:43 -  Metrics: wealth_distribution took 0.00047898292541503906
2024_10_30_T19:50:43 -  Metrics: money_distribution took 0.00045013427734375
2024_10_30_T19:50:43 -  Metrics: size_distribution took 0.0003380775451660156
2024_10_30_T19:50:43 -  Metrics: age_distribution took 0.0004000663757324219
2024_10_30_T19:50:45 -  Model step started
2024_10_30_T19:50:45 -  clearHangingSupplies started
2024_10_30_T19:50:45 -  clearHangingSupplies took 0.00010013580322265625
2024_10_30_T19:50:45 -  clearHangingRentalSupplies started
2024_10_30_T19:50:45 -  clearHangingRentalSupplies took 1.6927719116210938e-5
2024_10_30_T19:50:45 -  clearHouseMarket started
2024_10_30_T19:50:45 -  clearHouseMarket - first block took 0.0711970329284668
2024_10_30_T19:50:45 -  clearHouseMarket - second block took 8.821487426757812e-5
2024_10_30_T19:50:45 -  clearHouseMarket - third block took 0.00013113021850585938
2024_10_30_T19:50:45 -  clearRentalMarket started
2024_10_30_T19:50:45 -  clearRentalMarket - first block took 1.6927719116210938e-5
2024_10_30_T19:50:45 -  clearRentalMarket - second block took 1.9073486328125e-6
2024_10_30_T19:50:45 -  Model step took 0.08681988716125488 seconds
2024_10_30_T19:50:45 -  Metrics: sum_wealth took 5.984306335449219e-5
2024_10_30_T19:50:45 -  Metrics: wealth_distribution took 0.0006248950958251953
2024_10_30_T19:50:45 -  Metrics: money_distribution took 0.0005240440368652344
2024_10_30_T19:50:45 -  Metrics: size_distribution took 0.00037407875061035156
2024_10_30_T19:50:45 -  Metrics: age_distribution took 0.00041794776916503906
2024_10_30_T19:50:47 -  Model step started
2024_10_30_T19:50:47 -  clearHangingSupplies started
2024_10_30_T19:50:47 -  clearHangingSupplies took 0.0001010894775390625
2024_10_30_T19:50:47 -  clearHangingRentalSupplies started
2024_10_30_T19:50:47 -  clearHangingRentalSupplies took 2.86102294921875e-6
2024_10_30_T19:50:47 -  clearHouseMarket started
2024_10_30_T19:50:47 -  clearHouseMarket - first block took 0.07460212707519531
2024_10_30_T19:50:47 -  clearHouseMarket - second block took 0.0007669925689697266
2024_10_30_T19:50:47 -  clearHouseMarket - third block took 0.0055789947509765625
2024_10_30_T19:50:47 -  clearRentalMarket started
2024_10_30_T19:50:47 -  clearRentalMarket - first block took 2.8848648071289062e-5
2024_10_30_T19:50:47 -  clearRentalMarket - second block took 7.867813110351562e-6
2024_10_30_T19:50:47 -  Model step took 0.09563302993774414 seconds
2024_10_30_T19:50:47 -  Metrics: sum_wealth took 7.605552673339844e-5
2024_10_30_T19:50:47 -  Metrics: wealth_distribution took 0.0004830360412597656
2024_10_30_T19:50:47 -  Metrics: money_distribution took 0.0004029273986816406
2024_10_30_T19:50:47 -  Metrics: size_distribution took 0.0003581047058105469
2024_10_30_T19:50:47 -  Metrics: age_distribution took 0.0003459453582763672
2024_10_30_T19:50:49 -  Model step started
2024_10_30_T19:50:49 -  clearHangingSupplies started
2024_10_30_T19:50:49 -  clearHangingSupplies took 0.0001480579376220703
2024_10_30_T19:50:49 -  clearHangingRentalSupplies started
2024_10_30_T19:50:49 -  clearHangingRentalSupplies took 2.1457672119140625e-6
2024_10_30_T19:50:49 -  clearHouseMarket started
2024_10_30_T19:50:49 -  clearHouseMarket - first block took 0.07366299629211426
2024_10_30_T19:50:49 -  clearHouseMarket - second block took 0.0013248920440673828
2024_10_30_T19:50:49 -  clearHouseMarket - third block took 0.0006871223449707031
2024_10_30_T19:50:49 -  clearRentalMarket started
2024_10_30_T19:50:49 -  clearRentalMarket - first block took 4.00543212890625e-5
2024_10_30_T19:50:49 -  clearRentalMarket - second block took 5.0067901611328125e-6
2024_10_30_T19:50:49 -  Model step took 0.09119987487792969 seconds
2024_10_30_T19:50:49 -  Metrics: sum_wealth took 5.698204040527344e-5
2024_10_30_T19:50:49 -  Metrics: wealth_distribution took 0.0004930496215820312
2024_10_30_T19:50:49 -  Metrics: money_distribution took 0.0005128383636474609
2024_10_30_T19:50:49 -  Metrics: size_distribution took 0.00033283233642578125
2024_10_30_T19:50:49 -  Metrics: age_distribution took 0.0004899501800537109
2024_10_30_T19:50:51 -  Model step started
2024_10_30_T19:50:51 -  clearHangingSupplies started
2024_10_30_T19:50:51 -  clearHangingSupplies took 0.00022101402282714844
2024_10_30_T19:50:51 -  clearHangingRentalSupplies started
2024_10_30_T19:50:51 -  clearHangingRentalSupplies took 3.0994415283203125e-6
2024_10_30_T19:50:51 -  clearHouseMarket started
2024_10_30_T19:50:51 -  clearHouseMarket - first block took 0.06866908073425293
2024_10_30_T19:50:51 -  clearHouseMarket - second block took 0.0008020401000976562
2024_10_30_T19:50:51 -  clearHouseMarket - third block took 0.0002529621124267578
2024_10_30_T19:50:51 -  clearRentalMarket started
2024_10_30_T19:50:51 -  clearRentalMarket - first block took 1.811981201171875e-5
2024_10_30_T19:50:51 -  clearRentalMarket - second block took 9.5367431640625e-7
2024_10_30_T19:50:51 -  Model step took 0.08588290214538574 seconds
2024_10_30_T19:50:51 -  Metrics: sum_wealth took 8.392333984375e-5
2024_10_30_T19:50:51 -  Metrics: wealth_distribution took 0.00046706199645996094
2024_10_30_T19:50:51 -  Metrics: money_distribution took 0.0005049705505371094
2024_10_30_T19:50:51 -  Metrics: size_distribution took 0.0003440380096435547
2024_10_30_T19:50:51 -  Metrics: age_distribution took 0.00041604042053222656
2024_10_30_T19:50:53 -  Model step started
2024_10_30_T19:50:53 -  clearHangingSupplies started
2024_10_30_T19:50:53 -  clearHangingSupplies took 9.083747863769531e-5
2024_10_30_T19:50:53 -  clearHangingRentalSupplies started
2024_10_30_T19:50:53 -  clearHangingRentalSupplies took 5.9604644775390625e-6
2024_10_30_T19:50:53 -  clearHouseMarket started
2024_10_30_T19:50:54 -  clearHouseMarket - first block took 0.06623196601867676
2024_10_30_T19:50:54 -  clearHouseMarket - second block took 0.000904083251953125
2024_10_30_T19:50:54 -  clearHouseMarket - third block took 0.0001289844512939453
2024_10_30_T19:50:54 -  clearRentalMarket started
2024_10_30_T19:50:54 -  clearRentalMarket - first block took 2.5033950805664062e-5
2024_10_30_T19:50:54 -  clearRentalMarket - second block took 9.5367431640625e-7
2024_10_30_T19:50:54 -  Pushed house into housesBuiltPerRegion (location,size) = (Lisboa, LessThan75)
2024_10_30_T19:50:54 -  Model step took 0.08885908126831055 seconds
2024_10_30_T19:50:54 -  Metrics: sum_wealth took 4.696846008300781e-5
2024_10_30_T19:50:54 -  Metrics: wealth_distribution took 0.0005199909210205078
2024_10_30_T19:50:54 -  Metrics: money_distribution took 0.0005009174346923828
2024_10_30_T19:50:54 -  Metrics: size_distribution took 0.0003578662872314453
2024_10_30_T19:50:54 -  Metrics: age_distribution took 0.0003809928894042969
2024_10_30_T19:50:56 -  Model step started
2024_10_30_T19:50:56 -  clearHangingSupplies started
2024_10_30_T19:50:56 -  clearHangingSupplies took 0.0001289844512939453
2024_10_30_T19:50:56 -  clearHangingRentalSupplies started
2024_10_30_T19:50:56 -  clearHangingRentalSupplies took 2.86102294921875e-6
2024_10_30_T19:50:56 -  clearHouseMarket started
2024_10_30_T19:50:56 -  clearHouseMarket - first block took 0.06847691535949707
2024_10_30_T19:50:56 -  clearHouseMarket - second block took 0.0010249614715576172
2024_10_30_T19:50:56 -  clearHouseMarket - third block took 0.00016999244689941406
2024_10_30_T19:50:56 -  clearRentalMarket started
2024_10_30_T19:50:56 -  clearRentalMarket - first block took 1.5974044799804688e-5
2024_10_30_T19:50:56 -  clearRentalMarket - second block took 9.5367431640625e-7
2024_10_30_T19:50:56 -  Model step took 0.08487796783447266 seconds
2024_10_30_T19:50:56 -  Metrics: sum_wealth took 0.00010204315185546875
2024_10_30_T19:50:56 -  Metrics: wealth_distribution took 0.00045299530029296875
2024_10_30_T19:50:56 -  Metrics: money_distribution took 0.0006039142608642578
2024_10_30_T19:50:56 -  Metrics: size_distribution took 0.00034809112548828125
2024_10_30_T19:50:56 -  Metrics: age_distribution took 0.00039196014404296875
2024_10_30_T19:50:58 -  Model step started
2024_10_30_T19:50:58 -  clearHangingSupplies started
2024_10_30_T19:50:58 -  clearHangingSupplies took 0.0001220703125
2024_10_30_T19:50:58 -  clearHangingRentalSupplies started
2024_10_30_T19:50:58 -  clearHangingRentalSupplies took 3.814697265625e-6
2024_10_30_T19:50:58 -  clearHouseMarket started
2024_10_30_T19:50:58 -  clearHouseMarket - first block took 0.0646359920501709
2024_10_30_T19:50:58 -  clearHouseMarket - second block took 0.0005359649658203125
2024_10_30_T19:50:58 -  clearHouseMarket - third block took 0.00020599365234375
2024_10_30_T19:50:58 -  clearRentalMarket started
2024_10_30_T19:50:58 -  clearRentalMarket - first block took 2.002716064453125e-5
2024_10_30_T19:50:58 -  clearRentalMarket - second block took 9.5367431640625e-7
2024_10_30_T19:50:58 -  Model step took 0.08200693130493164 seconds
2024_10_30_T19:50:58 -  Metrics: sum_wealth took 6.985664367675781e-5
2024_10_30_T19:50:58 -  Metrics: wealth_distribution took 0.0004749298095703125
2024_10_30_T19:50:58 -  Metrics: money_distribution took 0.0005030632019042969
2024_10_30_T19:50:58 -  Metrics: size_distribution took 0.00035309791564941406
2024_10_30_T19:50:58 -  Metrics: age_distribution took 0.0004730224609375
2024_10_30_T19:51:00 -  Model step started
2024_10_30_T19:51:00 -  clearHangingSupplies started
2024_10_30_T19:51:00 -  clearHangingSupplies took 0.00010514259338378906
2024_10_30_T19:51:00 -  clearHangingRentalSupplies started
2024_10_30_T19:51:00 -  clearHangingRentalSupplies took 1.9073486328125e-6
2024_10_30_T19:51:00 -  clearHouseMarket started
2024_10_30_T19:51:00 -  clearHouseMarket - first block took 0.06300520896911621
2024_10_30_T19:51:00 -  clearHouseMarket - second block took 0.0011899471282958984
2024_10_30_T19:51:00 -  clearHouseMarket - third block took 0.00015282630920410156
2024_10_30_T19:51:00 -  clearRentalMarket started
2024_10_30_T19:51:00 -  clearRentalMarket - first block took 1.5974044799804688e-5
2024_10_30_T19:51:00 -  clearRentalMarket - second block took 9.5367431640625e-7
2024_10_30_T19:51:00 -  Model step took 0.08071398735046387 seconds
2024_10_30_T19:51:00 -  Metrics: sum_wealth took 6.794929504394531e-5
2024_10_30_T19:51:00 -  Metrics: wealth_distribution took 0.0006601810455322266
2024_10_30_T19:51:00 -  Metrics: money_distribution took 0.0006670951843261719
2024_10_30_T19:51:00 -  Metrics: size_distribution took 0.0004639625549316406
2024_10_30_T19:51:00 -  Metrics: age_distribution took 0.0005548000335693359
2024_10_30_T19:51:02 -  Model step started
2024_10_30_T19:51:02 -  clearHangingSupplies started
2024_10_30_T19:51:02 -  clearHangingSupplies took 0.00010085105895996094
2024_10_30_T19:51:02 -  clearHangingRentalSupplies started
2024_10_30_T19:51:02 -  clearHangingRentalSupplies took 1.9073486328125e-6
2024_10_30_T19:51:02 -  clearHouseMarket started
2024_10_30_T19:51:02 -  clearHouseMarket - first block took 0.058602094650268555
2024_10_30_T19:51:02 -  clearHouseMarket - second block took 0.0012159347534179688
2024_10_30_T19:51:02 -  clearHouseMarket - third block took 0.00017690658569335938
2024_10_30_T19:51:02 -  clearRentalMarket started
2024_10_30_T19:51:02 -  clearRentalMarket - first block took 1.9073486328125e-5
2024_10_30_T19:51:02 -  clearRentalMarket - second block took 9.5367431640625e-7
2024_10_30_T19:51:02 -  Pushed house into housesBuiltPerRegion (location,size) = (Lisboa, LessThan75)
2024_10_30_T19:51:02 -  Pushed house into housesBuiltPerRegion (location,size) = (Lisboa, LessThan125)
2024_10_30_T19:51:02 -  Model step took 0.07450294494628906 seconds
2024_10_30_T19:51:02 -  Metrics: sum_wealth took 6.890296936035156e-5
2024_10_30_T19:51:02 -  Metrics: wealth_distribution took 0.00045299530029296875
2024_10_30_T19:51:02 -  Metrics: money_distribution took 0.0005278587341308594
2024_10_30_T19:51:02 -  Metrics: size_distribution took 0.000453948974609375
2024_10_30_T19:51:02 -  Metrics: age_distribution took 0.0005381107330322266
