2024_12_12_T17:24:38 -  finished initateHouses in 0.050184011459350586 seconds
2024_12_12_T17:24:38 -  finished initiateHouseholds in 0.2856619358062744 seconds
2024_12_12_T17:24:39 -  All houses for rental were assigned in Oeiras
2024_12_12_T17:24:39 -  All houses for rental were assigned in Oeiras
2024_12_12_T17:24:39 -  All houses for rental were assigned in Oeiras
2024_12_12_T17:24:39 -  All houses for rental were assigned in Oeiras
2024_12_12_T17:24:39 -  All houses for rental were assigned in Oeiras
2024_12_12_T17:24:39 -  All houses for rental were assigned in Oeiras
2024_12_12_T17:24:39 -  All houses for rental were assigned in Oeiras
2024_12_12_T17:24:39 -  All houses for rental were assigned in Oeiras
2024_12_12_T17:24:39 -  All houses for rental were assigned in Oeiras
2024_12_12_T17:24:39 -  All houses for rental were assigned in Oeiras
2024_12_12_T17:24:39 -  All houses for rental were assigned in Oeiras
2024_12_12_T17:24:39 -  All houses for rental were assigned in Oeiras
2024_12_12_T17:24:39 -  All houses for rental were assigned in Oeiras
2024_12_12_T17:24:39 -  All houses for rental were assigned in Oeiras
2024_12_12_T17:24:39 -  All houses for rental were assigned in Oeiras
2024_12_12_T17:24:39 -  All houses for rental were assigned in Oeiras
2024_12_12_T17:24:39 -  All houses for rental were assigned in Oeiras
2024_12_12_T17:24:39 -  All houses for rental were assigned in Oeiras
2024_12_12_T17:24:39 -  All houses for rental were assigned in Oeiras
2024_12_12_T17:24:39 -  All houses for rental were assigned in Oeiras
2024_12_12_T17:24:39 -  All houses for rental were assigned in Oeiras
2024_12_12_T17:24:39 -  All houses for rental were assigned in Oeiras
2024_12_12_T17:24:39 -  All houses for rental were assigned in Oeiras
2024_12_12_T17:24:39 -  All houses for rental were assigned in Oeiras
2024_12_12_T17:24:39 -  All houses for rental were assigned in Oeiras
2024_12_12_T17:24:39 -  All houses for rental were assigned in Oeiras
2024_12_12_T17:24:39 -  All houses for rental were assigned in Oeiras
2024_12_12_T17:24:39 -  All houses for rental were assigned in Oeiras
2024_12_12_T17:24:39 -  All houses for rental were assigned in Oeiras
2024_12_12_T17:24:39 -  All houses for rental were assigned in Oeiras
2024_12_12_T17:24:39 -  All houses for rental were assigned in Oeiras
2024_12_12_T17:24:39 -  All houses for rental were assigned in Oeiras
2024_12_12_T17:24:39 -  All houses for rental were assigned in Oeiras
2024_12_12_T17:24:39 -  All houses for rental were assigned in Oeiras
2024_12_12_T17:24:39 -  All houses for rental were assigned in Oeiras
2024_12_12_T17:24:39 -  All houses for rental were assigned in Oeiras
2024_12_12_T17:24:39 -  All houses for rental were assigned in Oeiras
2024_12_12_T17:24:39 -  All houses for rental were assigned in Oeiras
2024_12_12_T17:24:39 -  All houses for rental were assigned in Oeiras
2024_12_12_T17:24:39 -  All houses for rental were assigned in Oeiras
2024_12_12_T17:24:39 -  All houses for rental were assigned in Oeiras
2024_12_12_T17:24:39 -  All houses for rental were assigned in Oeiras
2024_12_12_T17:24:39 -  All houses for rental were assigned in Oeiras
2024_12_12_T17:24:39 -  All houses for rental were assigned in Oeiras
2024_12_12_T17:24:39 -  All houses for rental were assigned in Oeiras
2024_12_12_T17:24:39 -  All houses for rental were assigned in Oeiras
2024_12_12_T17:24:39 -  All houses for rental were assigned in Oeiras
2024_12_12_T17:24:39 -  All houses for rental were assigned in Oeiras
2024_12_12_T17:24:39 -  All houses for rental were assigned in Oeiras
2024_12_12_T17:24:39 -  All houses for rental were assigned in Oeiras
2024_12_12_T17:24:39 -  All houses for rental were assigned in Oeiras
2024_12_12_T17:24:39 -  All houses for rental were assigned in Oeiras
2024_12_12_T17:24:39 -  All houses for rental were assigned in Oeiras
2024_12_12_T17:24:39 -  All houses for rental were assigned in Oeiras
2024_12_12_T17:24:39 -  All houses for rental were assigned in Oeiras
2024_12_12_T17:24:39 -  All houses for rental were assigned in Oeiras
2024_12_12_T17:24:39 -  All houses for rental were assigned in Oeiras
2024_12_12_T17:24:39 -  All houses for rental were assigned in Oeiras
2024_12_12_T17:24:39 -  All houses for rental were assigned in Oeiras
2024_12_12_T17:24:39 -  All houses for rental were assigned in Oeiras
2024_12_12_T17:24:39 -  All houses for rental were assigned in Oeiras
2024_12_12_T17:24:39 -  All houses for rental were assigned in Oeiras
2024_12_12_T17:24:39 -  All houses for rental were assigned in Oeiras
2024_12_12_T17:24:39 -  All houses for rental were assigned in Oeiras
2024_12_12_T17:24:39 -  All houses for rental were assigned in Oeiras
2024_12_12_T17:24:39 -  All houses for rental were assigned in Oeiras
2024_12_12_T17:24:39 -  All houses for rental were assigned in Oeiras
2024_12_12_T17:24:39 -  All houses for rental were assigned in Oeiras
2024_12_12_T17:24:39 -  All houses for rental were assigned in Oeiras
2024_12_12_T17:24:39 -  All houses for rental were assigned in Oeiras
2024_12_12_T17:24:39 -  All houses for rental were assigned in Oeiras
2024_12_12_T17:24:39 -  All houses for rental were assigned in Oeiras
2024_12_12_T17:24:39 -  All houses for rental were assigned in Oeiras
2024_12_12_T17:24:39 -  All houses for rental were assigned in Oeiras
2024_12_12_T17:24:39 -  All houses for rental were assigned in Oeiras
2024_12_12_T17:24:39 -  All houses for rental were assigned in Oeiras
2024_12_12_T17:24:39 -  All houses for rental were assigned in Oeiras
2024_12_12_T17:24:39 -  All houses for rental were assigned in Oeiras
2024_12_12_T17:24:39 -  All houses for rental were assigned in Oeiras
2024_12_12_T17:24:39 -  All houses for rental were assigned in Oeiras
2024_12_12_T17:24:39 -  All houses for rental were assigned in Oeiras
2024_12_12_T17:24:39 -  All houses for rental were assigned in Oeiras
2024_12_12_T17:24:39 -  All houses for rental were assigned in Oeiras
2024_12_12_T17:24:39 -  All houses for rental were assigned in Oeiras
2024_12_12_T17:24:39 -  All houses for rental were assigned in Oeiras
2024_12_12_T17:24:39 -  All houses for rental were assigned in Oeiras
2024_12_12_T17:24:39 -  All houses for rental were assigned in Oeiras
2024_12_12_T17:24:39 -  All houses for rental were assigned in Oeiras
2024_12_12_T17:24:39 -  All houses for rental were assigned in Oeiras
2024_12_12_T17:24:39 -  All houses for rental were assigned in Oeiras
2024_12_12_T17:24:39 -  All houses for rental were assigned in Oeiras
2024_12_12_T17:24:39 -  All houses for rental were assigned in Oeiras
2024_12_12_T17:24:39 -  All houses for rental were assigned in Oeiras
2024_12_12_T17:24:39 -  All houses for rental were assigned in Oeiras
2024_12_12_T17:24:39 -  All houses for rental were assigned in Oeiras
2024_12_12_T17:24:39 -  All houses for rental were assigned in Oeiras
2024_12_12_T17:24:39 -  All houses for rental were assigned in Oeiras
2024_12_12_T17:24:39 -  All houses for rental were assigned in Oeiras
2024_12_12_T17:24:39 -  All houses for rental were assigned in Oeiras
2024_12_12_T17:24:39 -  All houses for rental were assigned in Oeiras
2024_12_12_T17:24:39 -  All houses for rental were assigned in Oeiras
2024_12_12_T17:24:39 -  All houses for rental were assigned in Oeiras
2024_12_12_T17:24:39 -  All houses for rental were assigned in Oeiras
2024_12_12_T17:24:39 -  All houses for rental were assigned in Oeiras
2024_12_12_T17:24:39 -  All houses for rental were assigned in Oeiras
2024_12_12_T17:24:39 -  All houses for rental were assigned in Oeiras
2024_12_12_T17:24:39 -  All houses for rental were assigned in Oeiras
2024_12_12_T17:24:39 -  All houses for rental were assigned in Oeiras
2024_12_12_T17:24:39 -  All houses for rental were assigned in Oeiras
2024_12_12_T17:24:39 -  All houses for rental were assigned in Oeiras
2024_12_12_T17:24:39 -  All houses for rental were assigned in Oeiras
2024_12_12_T17:24:39 -  All houses for rental were assigned in Oeiras
2024_12_12_T17:24:39 -  All houses for rental were assigned in Oeiras
2024_12_12_T17:24:39 -  All houses for rental were assigned in Oeiras
2024_12_12_T17:24:39 -  All houses for rental were assigned in Oeiras
2024_12_12_T17:24:39 -  All houses for rental were assigned in Oeiras
2024_12_12_T17:24:39 -  All houses for rental were assigned in Oeiras
2024_12_12_T17:24:39 -  All houses for rental were assigned in Oeiras
2024_12_12_T17:24:39 -  All houses for rental were assigned in Oeiras
2024_12_12_T17:24:39 -  All houses for rental were assigned in Oeiras
2024_12_12_T17:24:39 -  All houses for rental were assigned in Oeiras
2024_12_12_T17:24:39 -  All houses for rental were assigned in Oeiras
2024_12_12_T17:24:39 -  All houses for rental were assigned in Oeiras
2024_12_12_T17:24:39 -  All houses for rental were assigned in Oeiras
2024_12_12_T17:24:39 -  All houses for rental were assigned in Oeiras
2024_12_12_T17:24:39 -  All houses for rental were assigned in Oeiras
2024_12_12_T17:24:39 -  All houses for rental were assigned in Oeiras
2024_12_12_T17:24:39 -  All houses for rental were assigned in Oeiras
2024_12_12_T17:24:39 -  All houses for rental were assigned in Oeiras
2024_12_12_T17:24:39 -  All houses for rental were assigned in Oeiras
2024_12_12_T17:24:39 -  All houses for rental were assigned in Oeiras
2024_12_12_T17:24:39 -  All houses for rental were assigned in Oeiras
2024_12_12_T17:24:39 -  All houses for rental were assigned in Oeiras
2024_12_12_T17:24:39 -  All houses for rental were assigned in Oeiras
2024_12_12_T17:24:39 -  All houses for rental were assigned in Oeiras
2024_12_12_T17:24:39 -  All houses for rental were assigned in Oeiras
2024_12_12_T17:24:39 -  All houses for rental were assigned in Oeiras
2024_12_12_T17:24:39 -  All houses for rental were assigned in Oeiras
2024_12_12_T17:24:39 -  All houses for rental were assigned in Oeiras
2024_12_12_T17:24:39 -  All houses for rental were assigned in Oeiras
2024_12_12_T17:24:39 -  All houses for rental were assigned in Oeiras
2024_12_12_T17:24:39 -  All houses for rental were assigned in Oeiras
2024_12_12_T17:24:39 -  All houses for rental were assigned in Oeiras
2024_12_12_T17:24:39 -  All houses for rental were assigned in Oeiras
2024_12_12_T17:24:39 -  All houses for rental were assigned in Oeiras
2024_12_12_T17:24:39 -  All houses for rental were assigned in Oeiras
2024_12_12_T17:24:39 -  All houses for rental were assigned in Oeiras
2024_12_12_T17:24:39 -  All houses for rental were assigned in Oeiras
2024_12_12_T17:24:39 -  All houses for rental were assigned in Oeiras
2024_12_12_T17:24:39 -  All houses for rental were assigned in Oeiras
2024_12_12_T17:24:39 -  All houses for rental were assigned in Oeiras
2024_12_12_T17:24:39 -  All houses for rental were assigned in Oeiras
2024_12_12_T17:24:39 -  All houses for rental were assigned in Oeiras
2024_12_12_T17:24:39 -  All houses for rental were assigned in Oeiras
2024_12_12_T17:24:39 -  All houses for rental were assigned in Oeiras
2024_12_12_T17:24:39 -  All houses for rental were assigned in Oeiras
2024_12_12_T17:24:39 -  All houses for rental were assigned in Oeiras
2024_12_12_T17:24:39 -  All houses for rental were assigned in Oeiras
2024_12_12_T17:24:39 -  All houses for rental were assigned in Oeiras
2024_12_12_T17:24:39 -  All houses for rental were assigned in Oeiras
2024_12_12_T17:24:39 -  All houses for rental were assigned in Oeiras
2024_12_12_T17:24:39 -  All houses for rental were assigned in Oeiras
2024_12_12_T17:24:39 -  All houses for rental were assigned in Oeiras
2024_12_12_T17:24:39 -  All houses for rental were assigned in Oeiras
2024_12_12_T17:24:39 -  All houses for rental were assigned in Oeiras
2024_12_12_T17:24:39 -  All houses for rental were assigned in Oeiras
2024_12_12_T17:24:39 -  All houses for rental were assigned in Oeiras
2024_12_12_T17:24:39 -  All houses for rental were assigned in Oeiras
2024_12_12_T17:24:39 -  All houses for rental were assigned in Oeiras
2024_12_12_T17:24:39 -  All houses for rental were assigned in Oeiras
2024_12_12_T17:24:39 -  All houses for rental were assigned in Oeiras
2024_12_12_T17:24:39 -  All houses for rental were assigned in Oeiras
2024_12_12_T17:24:39 -  All houses for rental were assigned in Oeiras
2024_12_12_T17:24:39 -  All houses for rental were assigned in Oeiras
2024_12_12_T17:24:39 -  All houses for rental were assigned in Oeiras
2024_12_12_T17:24:39 -  All houses for rental were assigned in Oeiras
2024_12_12_T17:24:39 -  All houses for rental were assigned in Oeiras
2024_12_12_T17:24:39 -  All houses for rental were assigned in Oeiras
2024_12_12_T17:24:39 -  All houses for rental were assigned in Oeiras
2024_12_12_T17:24:39 -  All houses for rental were assigned in Oeiras
2024_12_12_T17:24:39 -  All houses for rental were assigned in Oeiras
2024_12_12_T17:24:39 -  All houses for rental were assigned in Oeiras
2024_12_12_T17:24:39 -  All houses for rental were assigned in Oeiras
2024_12_12_T17:24:39 -  All houses for rental were assigned in Oeiras
2024_12_12_T17:24:39 -  All houses for rental were assigned in Oeiras
2024_12_12_T17:24:39 -  All houses for rental were assigned in Oeiras
2024_12_12_T17:24:39 -  All houses for rental were assigned in Oeiras
2024_12_12_T17:24:39 -  All houses for rental were assigned in Oeiras
2024_12_12_T17:24:39 -  All houses for rental were assigned in Oeiras
2024_12_12_T17:24:39 -  All houses for rental were assigned in Oeiras
2024_12_12_T17:24:39 -  All houses for rental were assigned in Oeiras
2024_12_12_T17:24:39 -  All houses for rental were assigned in Oeiras
2024_12_12_T17:24:39 -  All houses for rental were assigned in Oeiras
2024_12_12_T17:24:39 -  All houses for rental were assigned in Oeiras
2024_12_12_T17:24:39 -  All houses for rental were assigned in Oeiras
2024_12_12_T17:24:39 -  All houses for rental were assigned in Oeiras
2024_12_12_T17:24:39 -  All houses for rental were assigned in Oeiras
2024_12_12_T17:24:39 -  All houses for rental were assigned in Oeiras
2024_12_12_T17:24:39 -  All houses for rental were assigned in Oeiras
2024_12_12_T17:24:39 -  All houses for rental were assigned in Oeiras
2024_12_12_T17:24:39 -  All home owners were assigned in Oeiras
2024_12_12_T17:24:39 -  All home owners were assigned in Oeiras
2024_12_12_T17:24:39 -  All home owners were assigned in Oeiras
2024_12_12_T17:24:39 -  All home owners were assigned in Oeiras
2024_12_12_T17:24:39 -  All home owners were assigned in Oeiras
2024_12_12_T17:24:39 -  All home owners were assigned in Oeiras
2024_12_12_T17:24:39 -  All home owners were assigned in Oeiras
2024_12_12_T17:24:39 -  All home owners were assigned in Oeiras
2024_12_12_T17:24:39 -  All home owners were assigned in Oeiras
2024_12_12_T17:24:39 -  All home owners were assigned in Oeiras
2024_12_12_T17:24:39 -  All home owners were assigned in Oeiras
2024_12_12_T17:24:39 -  All home owners were assigned in Oeiras
2024_12_12_T17:24:39 -  All home owners were assigned in Oeiras
2024_12_12_T17:24:39 -  All home owners were assigned in Oeiras
2024_12_12_T17:24:39 -  All home owners were assigned in Oeiras
2024_12_12_T17:24:39 -  All home owners were assigned in Oeiras
2024_12_12_T17:24:39 -  All home owners were assigned in Oeiras
2024_12_12_T17:24:39 -  All home owners were assigned in Oeiras
2024_12_12_T17:24:39 -  All home owners were assigned in Oeiras
2024_12_12_T17:24:39 -  All home owners were assigned in Oeiras
2024_12_12_T17:24:39 -  All home owners were assigned in Oeiras
2024_12_12_T17:24:39 -  All home owners were assigned in Oeiras
2024_12_12_T17:24:39 -  All home owners were assigned in Oeiras
2024_12_12_T17:24:39 -  All home owners were assigned in Oeiras
2024_12_12_T17:24:39 -  All home owners were assigned in Oeiras
2024_12_12_T17:24:39 -  All home owners were assigned in Oeiras
2024_12_12_T17:24:39 -  All home owners were assigned in Oeiras
2024_12_12_T17:24:39 -  All home owners were assigned in Oeiras
2024_12_12_T17:24:39 -  All home owners were assigned in Oeiras
2024_12_12_T17:24:39 -  All home owners were assigned in Oeiras
2024_12_12_T17:24:39 -  All home owners were assigned in Oeiras
2024_12_12_T17:24:39 -  All home owners were assigned in Oeiras
2024_12_12_T17:24:39 -  All home owners were assigned in Oeiras
2024_12_12_T17:24:39 -  All home owners were assigned in Oeiras
2024_12_12_T17:24:39 -  All home owners were assigned in Oeiras
2024_12_12_T17:24:39 -  All home owners were assigned in Oeiras
2024_12_12_T17:24:39 -  All home owners were assigned in Oeiras
2024_12_12_T17:24:39 -  All home owners were assigned in Oeiras
2024_12_12_T17:24:39 -  All home owners were assigned in Oeiras
2024_12_12_T17:24:39 -  All home owners were assigned in Oeiras
2024_12_12_T17:24:39 -  All home owners were assigned in Oeiras
2024_12_12_T17:24:39 -  All home owners were assigned in Oeiras
2024_12_12_T17:24:39 -  All home owners were assigned in Oeiras
2024_12_12_T17:24:39 -  All home owners were assigned in Oeiras
2024_12_12_T17:24:39 -  All home owners were assigned in Oeiras
2024_12_12_T17:24:39 -  All home owners were assigned in Oeiras
2024_12_12_T17:24:39 -  All home owners were assigned in Oeiras
2024_12_12_T17:24:39 -  All home owners were assigned in Oeiras
2024_12_12_T17:24:39 -  All home owners were assigned in Oeiras
2024_12_12_T17:24:39 -  All home owners were assigned in Oeiras
2024_12_12_T17:24:39 -  All home owners were assigned in Oeiras
2024_12_12_T17:24:39 -  All home owners were assigned in Oeiras
2024_12_12_T17:24:39 -  All home owners were assigned in Oeiras
2024_12_12_T17:24:39 -  All home owners were assigned in Oeiras
2024_12_12_T17:24:39 -  All home owners were assigned in Oeiras
2024_12_12_T17:24:39 -  All home owners were assigned in Oeiras
2024_12_12_T17:24:39 -  All home owners were assigned in Oeiras
2024_12_12_T17:24:39 -  All home owners were assigned in Oeiras
2024_12_12_T17:24:39 -  All home owners were assigned in Oeiras
2024_12_12_T17:24:39 -  All home owners were assigned in Oeiras
2024_12_12_T17:24:39 -  All home owners were assigned in Oeiras
2024_12_12_T17:24:39 -  All home owners were assigned in Oeiras
2024_12_12_T17:24:39 -  All home owners were assigned in Oeiras
2024_12_12_T17:24:39 -  All home owners were assigned in Oeiras
2024_12_12_T17:24:39 -  All home owners were assigned in Oeiras
2024_12_12_T17:24:39 -  All home owners were assigned in Oeiras
2024_12_12_T17:24:39 -  All home owners were assigned in Oeiras
2024_12_12_T17:24:39 -  All home owners were assigned in Oeiras
2024_12_12_T17:24:39 -  All home owners were assigned in Oeiras
2024_12_12_T17:24:39 -  All home owners were assigned in Oeiras
2024_12_12_T17:24:39 -  All home owners were assigned in Oeiras
2024_12_12_T17:24:39 -  All home owners were assigned in Oeiras
2024_12_12_T17:24:39 -  All home owners were assigned in Oeiras
2024_12_12_T17:24:39 -  All home owners were assigned in Oeiras
2024_12_12_T17:24:39 -  All home owners were assigned in Oeiras
2024_12_12_T17:24:39 -  All home owners were assigned in Oeiras
2024_12_12_T17:24:39 -  All home owners were assigned in Oeiras
2024_12_12_T17:24:39 -  All home owners were assigned in Oeiras
2024_12_12_T17:24:39 -  All home owners were assigned in Oeiras
2024_12_12_T17:24:39 -  All home owners were assigned in Oeiras
2024_12_12_T17:24:39 -  All home owners were assigned in Oeiras
2024_12_12_T17:24:39 -  All home owners were assigned in Oeiras
2024_12_12_T17:24:39 -  All home owners were assigned in Oeiras
2024_12_12_T17:24:39 -  All home owners were assigned in Oeiras
2024_12_12_T17:24:39 -  All home owners were assigned in Oeiras
2024_12_12_T17:24:39 -  All home owners were assigned in Oeiras
2024_12_12_T17:24:39 -  All home owners were assigned in Oeiras
2024_12_12_T17:24:39 -  All home owners were assigned in Oeiras
2024_12_12_T17:24:39 -  All home owners were assigned in Oeiras
2024_12_12_T17:24:39 -  All home owners were assigned in Oeiras
2024_12_12_T17:24:39 -  All home owners were assigned in Oeiras
2024_12_12_T17:24:39 -  All home owners were assigned in Oeiras
2024_12_12_T17:24:39 -  All home owners were assigned in Oeiras
2024_12_12_T17:24:39 -  All home owners were assigned in Oeiras
2024_12_12_T17:24:39 -  All home owners were assigned in Oeiras
2024_12_12_T17:24:39 -  All home owners were assigned in Oeiras
2024_12_12_T17:24:39 -  All home owners were assigned in Oeiras
2024_12_12_T17:24:39 -  All home owners were assigned in Oeiras
2024_12_12_T17:24:39 -  All home owners were assigned in Oeiras
2024_12_12_T17:24:39 -  All home owners were assigned in Oeiras
2024_12_12_T17:24:39 -  All home owners were assigned in Oeiras
2024_12_12_T17:24:39 -  All home owners were assigned in Oeiras
2024_12_12_T17:24:39 -  All home owners were assigned in Oeiras
2024_12_12_T17:24:39 -  All home owners were assigned in Oeiras
2024_12_12_T17:24:39 -  All home owners were assigned in Oeiras
2024_12_12_T17:24:39 -  All home owners were assigned in Oeiras
2024_12_12_T17:24:39 -  All home owners were assigned in Oeiras
2024_12_12_T17:24:39 -  All home owners were assigned in Oeiras
2024_12_12_T17:24:39 -  All home owners were assigned in Oeiras
2024_12_12_T17:24:39 -  All home owners were assigned in Oeiras
2024_12_12_T17:24:39 -  All home owners were assigned in Oeiras
2024_12_12_T17:24:39 -  All home owners were assigned in Oeiras
2024_12_12_T17:24:39 -  All home owners were assigned in Oeiras
2024_12_12_T17:24:39 -  All home owners were assigned in Oeiras
2024_12_12_T17:24:39 -  All home owners were assigned in Oeiras
2024_12_12_T17:24:39 -  All home owners were assigned in Oeiras
2024_12_12_T17:24:39 -  All home owners were assigned in Oeiras
2024_12_12_T17:24:39 -  All home owners were assigned in Oeiras
2024_12_12_T17:24:39 -  All home owners were assigned in Oeiras
2024_12_12_T17:24:39 -  All home owners were assigned in Oeiras
2024_12_12_T17:24:39 -  All home owners were assigned in Oeiras
2024_12_12_T17:24:39 -  All home owners were assigned in Oeiras
2024_12_12_T17:24:39 -  All home owners were assigned in Oeiras
2024_12_12_T17:24:39 -  All home owners were assigned in Oeiras
2024_12_12_T17:24:39 -  All home owners were assigned in Oeiras
2024_12_12_T17:24:39 -  All home owners were assigned in Oeiras
2024_12_12_T17:24:39 -  All home owners were assigned in Oeiras
2024_12_12_T17:24:39 -  All home owners were assigned in Oeiras
2024_12_12_T17:24:39 -  All home owners were assigned in Oeiras
2024_12_12_T17:24:39 -  All home owners were assigned in Oeiras
2024_12_12_T17:24:39 -  All home owners were assigned in Oeiras
2024_12_12_T17:24:39 -  All home owners were assigned in Oeiras
2024_12_12_T17:24:39 -  All home owners were assigned in Oeiras
2024_12_12_T17:24:39 -  All home owners were assigned in Oeiras
2024_12_12_T17:24:39 -  All home owners were assigned in Oeiras
2024_12_12_T17:24:39 -  All home owners were assigned in Oeiras
2024_12_12_T17:24:39 -  All home owners were assigned in Oeiras
2024_12_12_T17:24:39 -  All home owners were assigned in Oeiras
2024_12_12_T17:24:39 -  All home owners were assigned in Oeiras
2024_12_12_T17:24:39 -  All home owners were assigned in Oeiras
2024_12_12_T17:24:39 -  All home owners were assigned in Oeiras
2024_12_12_T17:24:39 -  All home owners were assigned in Oeiras
2024_12_12_T17:24:39 -  All home owners were assigned in Oeiras
2024_12_12_T17:24:39 -  All home owners were assigned in Oeiras
2024_12_12_T17:24:39 -  All home owners were assigned in Oeiras
2024_12_12_T17:24:39 -  All home owners were assigned in Oeiras
2024_12_12_T17:24:39 -  All home owners were assigned in Oeiras
2024_12_12_T17:24:39 -  All home owners were assigned in Oeiras
2024_12_12_T17:24:39 -  All home owners were assigned in Oeiras
2024_12_12_T17:24:39 -  All home owners were assigned in Oeiras
2024_12_12_T17:24:39 -  All home owners were assigned in Oeiras
2024_12_12_T17:24:39 -  All home owners were assigned in Oeiras
2024_12_12_T17:24:39 -  All home owners were assigned in Oeiras
2024_12_12_T17:24:39 -  All home owners were assigned in Oeiras
2024_12_12_T17:24:39 -  All home owners were assigned in Oeiras
2024_12_12_T17:24:39 -  All home owners were assigned in Oeiras
2024_12_12_T17:24:39 -  All home owners were assigned in Oeiras
2024_12_12_T17:24:39 -  All home owners were assigned in Oeiras
2024_12_12_T17:24:39 -  All home owners were assigned in Oeiras
2024_12_12_T17:24:39 -  All home owners were assigned in Oeiras
2024_12_12_T17:24:39 -  All home owners were assigned in Oeiras
2024_12_12_T17:24:39 -  All home owners were assigned in Oeiras
2024_12_12_T17:24:39 -  All home owners were assigned in Oeiras
2024_12_12_T17:24:39 -  All home owners were assigned in Oeiras
2024_12_12_T17:24:39 -  All home owners were assigned in Oeiras
2024_12_12_T17:24:39 -  All home owners were assigned in Oeiras
2024_12_12_T17:24:39 -  All home owners were assigned in Oeiras
2024_12_12_T17:24:39 -  All home owners were assigned in Oeiras
2024_12_12_T17:24:39 -  All home owners were assigned in Oeiras
2024_12_12_T17:24:39 -  All home owners were assigned in Oeiras
2024_12_12_T17:24:39 -  All home owners were assigned in Oeiras
2024_12_12_T17:24:39 -  All home owners were assigned in Oeiras
2024_12_12_T17:24:39 -  All home owners were assigned in Oeiras
2024_12_12_T17:24:39 -  All home owners were assigned in Oeiras
2024_12_12_T17:24:39 -  All home owners were assigned in Oeiras
2024_12_12_T17:24:39 -  All home owners were assigned in Oeiras
2024_12_12_T17:24:39 -  All home owners were assigned in Oeiras
2024_12_12_T17:24:39 -  All home owners were assigned in Oeiras
2024_12_12_T17:24:39 -  All home owners were assigned in Oeiras
2024_12_12_T17:24:39 -  All home owners were assigned in Oeiras
2024_12_12_T17:24:39 -  All home owners were assigned in Oeiras
2024_12_12_T17:24:39 -  All home owners were assigned in Oeiras
2024_12_12_T17:24:39 -  All home owners were assigned in Oeiras
2024_12_12_T17:24:39 -  All home owners were assigned in Oeiras
2024_12_12_T17:24:39 -  All home owners were assigned in Oeiras
2024_12_12_T17:24:39 -  All home owners were assigned in Oeiras
2024_12_12_T17:24:39 -  All home owners were assigned in Oeiras
2024_12_12_T17:24:39 -  All home owners were assigned in Oeiras
2024_12_12_T17:24:39 -  All home owners were assigned in Oeiras
2024_12_12_T17:24:39 -  All home owners were assigned in Oeiras
2024_12_12_T17:24:39 -  All home owners were assigned in Oeiras
2024_12_12_T17:24:39 -  All home owners were assigned in Oeiras
2024_12_12_T17:24:39 -  All home owners were assigned in Oeiras
2024_12_12_T17:24:39 -  All home owners were assigned in Oeiras
2024_12_12_T17:24:39 -  All home owners were assigned in Oeiras
2024_12_12_T17:24:39 -  All home owners were assigned in Oeiras
2024_12_12_T17:24:39 -  All home owners were assigned in Oeiras
2024_12_12_T17:24:39 -  All home owners were assigned in Oeiras
2024_12_12_T17:24:39 -  All home owners were assigned in Oeiras
2024_12_12_T17:24:39 -  All home owners were assigned in Oeiras
2024_12_12_T17:24:39 -  All home owners were assigned in Oeiras
2024_12_12_T17:24:39 -  All home owners were assigned in Oeiras
2024_12_12_T17:24:39 -  All home owners were assigned in Oeiras
2024_12_12_T17:24:39 -  All home owners were assigned in Oeiras
2024_12_12_T17:24:39 -  All home owners were assigned in Oeiras
2024_12_12_T17:24:39 -  All home owners were assigned in Oeiras
2024_12_12_T17:24:39 -  All home owners were assigned in Oeiras
2024_12_12_T17:24:39 -  All home owners were assigned in Oeiras
2024_12_12_T17:24:39 -  All home owners were assigned in Oeiras
2024_12_12_T17:24:39 -  All home owners were assigned in Oeiras
2024_12_12_T17:24:39 -  All home owners were assigned in Oeiras
2024_12_12_T17:24:39 -  All home owners were assigned in Oeiras
2024_12_12_T17:24:39 -  All home owners were assigned in Oeiras
2024_12_12_T17:24:39 -  All home owners were assigned in Oeiras
2024_12_12_T17:24:39 -  All home owners were assigned in Oeiras
2024_12_12_T17:24:39 -  All home owners were assigned in Oeiras
2024_12_12_T17:24:39 -  All home owners were assigned in Oeiras
2024_12_12_T17:24:39 -  All home owners were assigned in Oeiras
2024_12_12_T17:24:39 -  All home owners were assigned in Oeiras
2024_12_12_T17:24:39 -  All home owners were assigned in Oeiras
2024_12_12_T17:24:39 -  All home owners were assigned in Oeiras
2024_12_12_T17:24:39 -  All home owners were assigned in Oeiras
2024_12_12_T17:24:39 -  All home owners were assigned in Oeiras
2024_12_12_T17:24:39 -  All home owners were assigned in Oeiras
2024_12_12_T17:24:39 -  All home owners were assigned in Oeiras
2024_12_12_T17:24:39 -  All home owners were assigned in Oeiras
2024_12_12_T17:24:39 -  All home owners were assigned in Oeiras
2024_12_12_T17:24:39 -  All home owners were assigned in Oeiras
2024_12_12_T17:24:39 -  All home owners were assigned in Oeiras
2024_12_12_T17:24:39 -  All home owners were assigned in Oeiras
2024_12_12_T17:24:39 -  All home owners were assigned in Oeiras
2024_12_12_T17:24:39 -  All home owners were assigned in Oeiras
2024_12_12_T17:24:39 -  All home owners were assigned in Oeiras
2024_12_12_T17:24:39 -  All home owners were assigned in Oeiras
2024_12_12_T17:24:39 -  All home owners were assigned in Oeiras
2024_12_12_T17:24:39 -  All home owners were assigned in Oeiras
2024_12_12_T17:24:39 -  All home owners were assigned in Oeiras
2024_12_12_T17:24:39 -  All home owners were assigned in Oeiras
2024_12_12_T17:24:39 -  All home owners were assigned in Oeiras
2024_12_12_T17:24:39 -  All home owners were assigned in Oeiras
2024_12_12_T17:24:39 -  All home owners were assigned in Oeiras
2024_12_12_T17:24:39 -  All home owners were assigned in Oeiras
2024_12_12_T17:24:39 -  All home owners were assigned in Oeiras
2024_12_12_T17:24:39 -  All home owners were assigned in Oeiras
2024_12_12_T17:24:39 -  All home owners were assigned in Oeiras
2024_12_12_T17:24:39 -  All home owners were assigned in Oeiras
2024_12_12_T17:24:39 -  All home owners were assigned in Oeiras
2024_12_12_T17:24:39 -  All home owners were assigned in Oeiras
2024_12_12_T17:24:39 -  All home owners were assigned in Oeiras
2024_12_12_T17:24:39 -  All home owners were assigned in Oeiras
2024_12_12_T17:24:39 -  All home owners were assigned in Oeiras
2024_12_12_T17:24:39 -  All home owners were assigned in Oeiras
2024_12_12_T17:24:39 -  All home owners were assigned in Oeiras
2024_12_12_T17:24:39 -  All home owners were assigned in Oeiras
2024_12_12_T17:24:39 -  All home owners were assigned in Oeiras
2024_12_12_T17:24:39 -  All home owners were assigned in Oeiras
2024_12_12_T17:24:39 -  All home owners were assigned in Oeiras
2024_12_12_T17:24:39 -  All home owners were assigned in Oeiras
2024_12_12_T17:24:39 -  All home owners were assigned in Oeiras
2024_12_12_T17:24:39 -  All home owners were assigned in Oeiras
2024_12_12_T17:24:39 -  All home owners were assigned in Oeiras
2024_12_12_T17:24:39 -  All home owners were assigned in Oeiras
2024_12_12_T17:24:39 -  All home owners were assigned in Oeiras
2024_12_12_T17:24:39 -  All home owners were assigned in Oeiras
2024_12_12_T17:24:39 -  All home owners were assigned in Oeiras
2024_12_12_T17:24:39 -  All home owners were assigned in Oeiras
2024_12_12_T17:24:39 -  All home owners were assigned in Oeiras
2024_12_12_T17:24:39 -  All home owners were assigned in Oeiras
2024_12_12_T17:24:39 -  All home owners were assigned in Oeiras
2024_12_12_T17:24:39 -  All home owners were assigned in Oeiras
2024_12_12_T17:24:39 -  All home owners were assigned in Oeiras
2024_12_12_T17:24:39 -  All home owners were assigned in Oeiras
2024_12_12_T17:24:39 -  All home owners were assigned in Oeiras
2024_12_12_T17:24:39 -  All home owners were assigned in Oeiras
2024_12_12_T17:24:39 -  All home owners were assigned in Oeiras
2024_12_12_T17:24:39 -  All home owners were assigned in Oeiras
2024_12_12_T17:24:39 -  All home owners were assigned in Oeiras
2024_12_12_T17:24:39 -  All home owners were assigned in Oeiras
2024_12_12_T17:24:39 -  All home owners were assigned in Oeiras
2024_12_12_T17:24:39 -  All home owners were assigned in Oeiras
2024_12_12_T17:24:39 -  All home owners were assigned in Oeiras
2024_12_12_T17:24:39 -  All home owners were assigned in Oeiras
2024_12_12_T17:24:39 -  All home owners were assigned in Oeiras
2024_12_12_T17:24:39 -  All home owners were assigned in Oeiras
2024_12_12_T17:24:39 -  All home owners were assigned in Oeiras
2024_12_12_T17:24:39 -  All home owners were assigned in Oeiras
2024_12_12_T17:24:39 -  All home owners were assigned in Oeiras
2024_12_12_T17:24:39 -  All home owners were assigned in Oeiras
2024_12_12_T17:24:39 -  All home owners were assigned in Oeiras
2024_12_12_T17:24:39 -  All home owners were assigned in Oeiras
2024_12_12_T17:24:39 -  All home owners were assigned in Oeiras
2024_12_12_T17:24:39 -  All home owners were assigned in Oeiras
2024_12_12_T17:24:39 -  All home owners were assigned in Oeiras
2024_12_12_T17:24:39 -  All home owners were assigned in Oeiras
2024_12_12_T17:24:39 -  All home owners were assigned in Oeiras
2024_12_12_T17:24:39 -  All home owners were assigned in Oeiras
2024_12_12_T17:24:39 -  All home owners were assigned in Oeiras
2024_12_12_T17:24:39 -  All home owners were assigned in Oeiras
2024_12_12_T17:24:39 -  All home owners were assigned in Oeiras
2024_12_12_T17:24:39 -  All home owners were assigned in Oeiras
2024_12_12_T17:24:39 -  All home owners were assigned in Oeiras
2024_12_12_T17:24:39 -  All home owners were assigned in Oeiras
2024_12_12_T17:24:39 -  All home owners were assigned in Oeiras
2024_12_12_T17:24:39 -  All home owners were assigned in Oeiras
2024_12_12_T17:24:39 -  All home owners were assigned in Oeiras
2024_12_12_T17:24:39 -  All home owners were assigned in Oeiras
2024_12_12_T17:24:39 -  All home owners were assigned in Oeiras
2024_12_12_T17:24:39 -  All home owners were assigned in Oeiras
2024_12_12_T17:24:39 -  All home owners were assigned in Oeiras
2024_12_12_T17:24:39 -  All home owners were assigned in Oeiras
2024_12_12_T17:24:39 -  All home owners were assigned in Oeiras
2024_12_12_T17:24:39 -  All home owners were assigned in Oeiras
2024_12_12_T17:24:39 -  All home owners were assigned in Oeiras
2024_12_12_T17:24:39 -  All home owners were assigned in Oeiras
2024_12_12_T17:24:39 -  All home owners were assigned in Oeiras
2024_12_12_T17:24:39 -  All home owners were assigned in Oeiras
2024_12_12_T17:24:39 -  All home owners were assigned in Oeiras
2024_12_12_T17:24:39 -  All home owners were assigned in Oeiras
2024_12_12_T17:24:39 -  All home owners were assigned in Oeiras
2024_12_12_T17:24:39 -  All home owners were assigned in Oeiras
2024_12_12_T17:24:39 -  All home owners were assigned in Oeiras
2024_12_12_T17:24:39 -  All home owners were assigned in Oeiras
2024_12_12_T17:24:39 -  All home owners were assigned in Oeiras
2024_12_12_T17:24:39 -  All home owners were assigned in Oeiras
2024_12_12_T17:24:39 -  All home owners were assigned in Oeiras
2024_12_12_T17:24:39 -  All home owners were assigned in Oeiras
2024_12_12_T17:24:39 -  All home owners were assigned in Oeiras
2024_12_12_T17:24:39 -  All home owners were assigned in Oeiras
2024_12_12_T17:24:39 -  All home owners were assigned in Oeiras
2024_12_12_T17:24:39 -  All home owners were assigned in Oeiras
2024_12_12_T17:24:39 -  All home owners were assigned in Oeiras
2024_12_12_T17:24:39 -  All home owners were assigned in Oeiras
2024_12_12_T17:24:39 -  All home owners were assigned in Oeiras
2024_12_12_T17:24:39 -  All home owners were assigned in Oeiras
2024_12_12_T17:24:39 -  All home owners were assigned in Oeiras
2024_12_12_T17:24:39 -  All home owners were assigned in Oeiras
2024_12_12_T17:24:39 -  All home owners were assigned in Oeiras
2024_12_12_T17:24:39 -  All home owners were assigned in Oeiras
2024_12_12_T17:24:39 -  All home owners were assigned in Oeiras
2024_12_12_T17:24:39 -  All home owners were assigned in Oeiras
2024_12_12_T17:24:39 -  All home owners were assigned in Oeiras
2024_12_12_T17:24:39 -  All home owners were assigned in Oeiras
2024_12_12_T17:24:39 -  All home owners were assigned in Oeiras
2024_12_12_T17:24:39 -  All home owners were assigned in Oeiras
2024_12_12_T17:24:39 -  All home owners were assigned in Oeiras
2024_12_12_T17:24:39 -  All home owners were assigned in Oeiras
2024_12_12_T17:24:39 -  All home owners were assigned in Oeiras
2024_12_12_T17:24:39 -  All home owners were assigned in Oeiras
2024_12_12_T17:24:39 -  All home owners were assigned in Oeiras
2024_12_12_T17:24:39 -  All home owners were assigned in Oeiras
2024_12_12_T17:24:39 -  All home owners were assigned in Oeiras
2024_12_12_T17:24:39 -  All home owners were assigned in Oeiras
2024_12_12_T17:24:39 -  All home owners were assigned in Oeiras
2024_12_12_T17:24:39 -  All home owners were assigned in Oeiras
2024_12_12_T17:24:39 -  All home owners were assigned in Oeiras
2024_12_12_T17:24:39 -  All home owners were assigned in Oeiras
2024_12_12_T17:24:39 -  All home owners were assigned in Oeiras
2024_12_12_T17:24:39 -  All home owners were assigned in Oeiras
2024_12_12_T17:24:39 -  All home owners were assigned in Oeiras
2024_12_12_T17:24:39 -  All home owners were assigned in Oeiras
2024_12_12_T17:24:39 -  All home owners were assigned in Oeiras
2024_12_12_T17:24:39 -  All home owners were assigned in Oeiras
2024_12_12_T17:24:39 -  All home owners were assigned in Oeiras
2024_12_12_T17:24:39 -  All home owners were assigned in Oeiras
2024_12_12_T17:24:39 -  All home owners were assigned in Oeiras
2024_12_12_T17:24:39 -  All home owners were assigned in Oeiras
2024_12_12_T17:24:39 -  All home owners were assigned in Oeiras
2024_12_12_T17:24:39 -  All home owners were assigned in Oeiras
2024_12_12_T17:24:39 -  All home owners were assigned in Oeiras
2024_12_12_T17:24:39 -  All home owners were assigned in Oeiras
2024_12_12_T17:24:39 -  All home owners were assigned in Oeiras
2024_12_12_T17:24:39 -  All home owners were assigned in Oeiras
2024_12_12_T17:24:39 -  All home owners were assigned in Oeiras
2024_12_12_T17:24:39 -  All home owners were assigned in Oeiras
2024_12_12_T17:24:39 -  All home owners were assigned in Oeiras
2024_12_12_T17:24:39 -  All home owners were assigned in Oeiras
2024_12_12_T17:24:39 -  All home owners were assigned in Oeiras
2024_12_12_T17:24:39 -  All home owners were assigned in Oeiras
2024_12_12_T17:24:39 -  All home owners were assigned in Oeiras
2024_12_12_T17:24:39 -  All home owners were assigned in Oeiras
2024_12_12_T17:24:39 -  All home owners were assigned in Oeiras
2024_12_12_T17:24:39 -  All home owners were assigned in Oeiras
2024_12_12_T17:24:39 -  All home owners were assigned in Oeiras
2024_12_12_T17:24:39 -  All home owners were assigned in Oeiras
2024_12_12_T17:24:39 -  Total Number of houses_for_rental = 286
2024_12_12_T17:24:39 -  Household 77 wasn't assigned a house for rental
2024_12_12_T17:24:39 -  Household 258 wasn't assigned a house for rental
2024_12_12_T17:24:39 -  Household 433 wasn't assigned a house for rental
2024_12_12_T17:24:39 -  Household 560 wasn't assigned a house for rental
2024_12_12_T17:24:39 -  Household 734 wasn't assigned a house for rental
2024_12_12_T17:24:39 -  Household 877 wasn't assigned a house for rental
2024_12_12_T17:24:39 -  Household 910 wasn't assigned a house for rental
2024_12_12_T17:24:39 -  Household 958 wasn't assigned a house for rental
2024_12_12_T17:24:39 -  Household 986 wasn't assigned a house for rental
2024_12_12_T17:24:39 -  Household 1001 wasn't assigned a house for rental
2024_12_12_T17:24:39 -  Household 1020 wasn't assigned a house for rental
2024_12_12_T17:24:39 -  Household 1028 wasn't assigned a house for rental
2024_12_12_T17:24:39 -  Household 1047 wasn't assigned a house for rental
2024_12_12_T17:24:39 -  Household 1057 wasn't assigned a house for rental
2024_12_12_T17:24:39 -  Household 1058 wasn't assigned a house for rental
2024_12_12_T17:24:39 -  Household 1063 wasn't assigned a house for rental
2024_12_12_T17:24:39 -  Household 1065 wasn't assigned a house for rental
2024_12_12_T17:24:39 -  Household 1074 wasn't assigned a house for rental
2024_12_12_T17:24:39 -  Household 1078 wasn't assigned a house for rental
2024_12_12_T17:24:39 -  Household 1079 wasn't assigned a house for rental
2024_12_12_T17:24:39 -  Household 1084 wasn't assigned a house for rental
2024_12_12_T17:24:39 -  Household 1093 wasn't assigned a house for rental
2024_12_12_T17:24:39 -  Household 1094 wasn't assigned a house for rental
2024_12_12_T17:24:39 -  Household 1098 wasn't assigned a house for rental
2024_12_12_T17:24:39 -  Household 1106 wasn't assigned a house for rental
2024_12_12_T17:24:39 -  Household 1107 wasn't assigned a house for rental
2024_12_12_T17:24:39 -  Household 1108 wasn't assigned a house for rental
2024_12_12_T17:24:39 -  Household 1109 wasn't assigned a house for rental
2024_12_12_T17:24:39 -  Household 1110 wasn't assigned a house for rental
2024_12_12_T17:24:39 -  Household 1112 wasn't assigned a house for rental
2024_12_12_T17:24:39 -  Household 1113 wasn't assigned a house for rental
2024_12_12_T17:24:39 -  Household 1114 wasn't assigned a house for rental
2024_12_12_T17:24:39 -  Household 1115 wasn't assigned a house for rental
2024_12_12_T17:24:39 -  Household 1116 wasn't assigned a house for rental
2024_12_12_T17:24:39 -  Household 1121 wasn't assigned a house for rental
2024_12_12_T17:24:39 -  Household 1122 wasn't assigned a house for rental
2024_12_12_T17:24:39 -  Household 1123 wasn't assigned a house for rental
2024_12_12_T17:24:39 -  Household 1124 wasn't assigned a house for rental
2024_12_12_T17:24:39 -  Household 1125 wasn't assigned a house for rental
2024_12_12_T17:24:39 -  Household 1126 wasn't assigned a house for rental
2024_12_12_T17:24:39 -  Household 1127 wasn't assigned a house for rental
2024_12_12_T17:24:39 -  Household 1128 wasn't assigned a house for rental
2024_12_12_T17:24:39 -  Household 1130 wasn't assigned a house for rental
2024_12_12_T17:24:39 -  Household 1132 wasn't assigned a house for rental
2024_12_12_T17:24:39 -  Household 1133 wasn't assigned a house for rental
2024_12_12_T17:24:39 -  Household 1134 wasn't assigned a house for rental
2024_12_12_T17:24:39 -  Household 1136 wasn't assigned a house for rental
2024_12_12_T17:24:39 -  Household 1137 wasn't assigned a house for rental
2024_12_12_T17:24:39 -  Household 1138 wasn't assigned a house for rental
2024_12_12_T17:24:39 -  Household 1139 wasn't assigned a house for rental
2024_12_12_T17:24:39 -  Household 1140 wasn't assigned a house for rental
2024_12_12_T17:24:39 -  Household 1141 wasn't assigned a house for rental
2024_12_12_T17:24:39 -  Household 1142 wasn't assigned a house for rental
2024_12_12_T17:24:39 -  Household 1143 wasn't assigned a house for rental
2024_12_12_T17:24:39 -  Household 1144 wasn't assigned a house for rental
2024_12_12_T17:24:39 -  Household 1145 wasn't assigned a house for rental
2024_12_12_T17:24:39 -  Household 1146 wasn't assigned a house for rental
2024_12_12_T17:24:39 -  Household 1147 wasn't assigned a house for rental
2024_12_12_T17:24:39 -  Household 1149 wasn't assigned a house for rental
2024_12_12_T17:24:39 -  Household 1150 wasn't assigned a house for rental
2024_12_12_T17:24:39 -  Household 1151 wasn't assigned a house for rental
2024_12_12_T17:24:39 -  Household 1152 wasn't assigned a house for rental
2024_12_12_T17:24:39 -  Household 1153 wasn't assigned a house for rental
2024_12_12_T17:24:39 -  Household 1154 wasn't assigned a house for rental
2024_12_12_T17:24:39 -  Household 1155 wasn't assigned a house for rental
2024_12_12_T17:24:39 -  Household 1156 wasn't assigned a house for rental
2024_12_12_T17:24:39 -  Household 1157 wasn't assigned a house for rental
2024_12_12_T17:24:39 -  Household 1158 wasn't assigned a house for rental
2024_12_12_T17:24:39 -  Household 1159 wasn't assigned a house for rental
2024_12_12_T17:24:39 -  Household 1160 wasn't assigned a house for rental
2024_12_12_T17:24:39 -  Household 1161 wasn't assigned a house for rental
2024_12_12_T17:24:39 -  Household 1162 wasn't assigned a house for rental
2024_12_12_T17:24:39 -  Household 1163 wasn't assigned a house for rental
2024_12_12_T17:24:39 -  Household 1164 wasn't assigned a house for rental
2024_12_12_T17:24:39 -  Household 1165 wasn't assigned a house for rental
2024_12_12_T17:24:39 -  Household 1166 wasn't assigned a house for rental
2024_12_12_T17:24:39 -  Household 1167 wasn't assigned a house for rental
2024_12_12_T17:24:39 -  Household 1168 wasn't assigned a house for rental
2024_12_12_T17:24:39 -  Household 1169 wasn't assigned a house for rental
2024_12_12_T17:24:39 -  Household 1170 wasn't assigned a house for rental
2024_12_12_T17:24:39 -  Household 1171 wasn't assigned a house for rental
2024_12_12_T17:24:39 -  Household 1172 wasn't assigned a house for rental
2024_12_12_T17:24:39 -  Household 1173 wasn't assigned a house for rental
2024_12_12_T17:24:39 -  Household 1174 wasn't assigned a house for rental
2024_12_12_T17:24:39 -  Household 1175 wasn't assigned a house for rental
2024_12_12_T17:24:39 -  Household 1176 wasn't assigned a house for rental
2024_12_12_T17:24:39 -  Household 1177 wasn't assigned a house for rental
2024_12_12_T17:24:39 -  Household 1178 wasn't assigned a house for rental
2024_12_12_T17:24:39 -  Household 1179 wasn't assigned a house for rental
2024_12_12_T17:24:39 -  Household 1180 wasn't assigned a house for rental
2024_12_12_T17:24:39 -  Household 1182 wasn't assigned a house for rental
2024_12_12_T17:24:39 -  Household 1183 wasn't assigned a house for rental
2024_12_12_T17:24:39 -  Household 1184 wasn't assigned a house for rental
2024_12_12_T17:24:39 -  Household 1185 wasn't assigned a house for rental
2024_12_12_T17:24:39 -  Household 1186 wasn't assigned a house for rental
2024_12_12_T17:24:39 -  Household 1187 wasn't assigned a house for rental
2024_12_12_T17:24:39 -  Household 1188 wasn't assigned a house for rental
2024_12_12_T17:24:39 -  Household 1189 wasn't assigned a house for rental
2024_12_12_T17:24:39 -  Household 1190 wasn't assigned a house for rental
2024_12_12_T17:24:39 -  Household 1191 wasn't assigned a house for rental
2024_12_12_T17:24:39 -  Household 1192 wasn't assigned a house for rental
2024_12_12_T17:24:39 -  Household 1193 wasn't assigned a house for rental
2024_12_12_T17:24:39 -  Household 1194 wasn't assigned a house for rental
2024_12_12_T17:24:39 -  Household 1195 wasn't assigned a house for rental
2024_12_12_T17:24:39 -  Household 1196 wasn't assigned a house for rental
2024_12_12_T17:24:39 -  Household 1197 wasn't assigned a house for rental
2024_12_12_T17:24:39 -  Household 1198 wasn't assigned a house for rental
2024_12_12_T17:24:39 -  Household 1200 wasn't assigned a house for rental
2024_12_12_T17:24:39 -  Number of houses_for_rental that weren't assigned = 2
2024_12_12_T17:24:39 -  finished assignHousesToHouseholds in 1.0075879096984863 seconds
2024_12_12_T17:24:43 -  Metrics: sum_wealth took 9.5367431640625e-7
2024_12_12_T17:24:44 -  Metrics: wealth_distribution took 5.0067901611328125e-6
2024_12_12_T17:24:44 -  Metrics: money_distribution took 4.0531158447265625e-6
2024_12_12_T17:24:44 -  Metrics: size_distribution took 9.059906005859375e-6
2024_12_12_T17:24:44 -  Metrics: age_distribution took 5.9604644775390625e-6
2024_12_12_T17:24:46 -  Metrics: sum_wealth took 3.1948089599609375e-5
2024_12_12_T17:24:47 -  Metrics: wealth_distribution took 0.03546500205993652
2024_12_12_T17:24:47 -  Metrics: money_distribution took 0.00038313865661621094
2024_12_12_T17:24:47 -  Metrics: size_distribution took 0.006781816482543945
2024_12_12_T17:24:47 -  Metrics: age_distribution took 0.0007359981536865234
2024_12_12_T17:24:49 -  Model step 1 started
2024_12_12_T17:24:49 -  clearHangingSupplies started
2024_12_12_T17:24:49 -  clearHangingSupplies took 0.0048351287841796875
2024_12_12_T17:24:49 -  clearHangingRentalSupplies started
2024_12_12_T17:24:49 -  clearHangingRentalSupplies took 0.009829998016357422
2024_12_12_T17:24:49 -  clearHouseMarket started
2024_12_12_T17:24:50 -  clearHouseMarket - first block took 0.2563920021057129
2024_12_12_T17:24:50 -  clearHouseMarket - second block took 0.48821401596069336
2024_12_12_T17:24:50 -  clearHouseMarket - third block took 0.01282501220703125
2024_12_12_T17:24:50 -  clearRentalMarket started
2024_12_12_T17:24:50 -  clearRentalMarket - first block took 0.12833690643310547
2024_12_12_T17:24:50 -  clearRentalMarket - second block took 0.19242501258850098
2024_12_12_T17:24:51 -  Model step 1 took 1.5864920616149902 seconds
2024_12_12_T17:24:51 -  Metrics: sum_wealth took 0.0001239776611328125
2024_12_12_T17:24:51 -  Metrics: wealth_distribution took 0.0004088878631591797
2024_12_12_T17:24:51 -  Metrics: money_distribution took 0.00039005279541015625
2024_12_12_T17:24:51 -  Metrics: size_distribution took 0.00030803680419921875
2024_12_12_T17:24:51 -  Metrics: age_distribution took 0.0003399848937988281
2024_12_12_T17:24:53 -  Model step 2 started
2024_12_12_T17:24:53 -  clearHangingSupplies started
2024_12_12_T17:24:53 -  clearHangingSupplies took 3.0040740966796875e-5
2024_12_12_T17:24:53 -  clearHangingRentalSupplies started
2024_12_12_T17:24:53 -  clearHangingRentalSupplies took 1.5020370483398438e-5
2024_12_12_T17:24:53 -  clearHouseMarket started
2024_12_12_T17:24:53 -  clearHouseMarket - first block took 0.0019750595092773438
2024_12_12_T17:24:53 -  clearHouseMarket - second block took 0.007544994354248047
2024_12_12_T17:24:53 -  clearHouseMarket - third block took 0.004525899887084961
2024_12_12_T17:24:53 -  clearRentalMarket started
2024_12_12_T17:24:53 -  clearRentalMarket - first block took 0.00036597251892089844
2024_12_12_T17:24:53 -  clearRentalMarket - second block took 0.014531135559082031
2024_12_12_T17:24:53 -  Model step 2 took 0.03414106369018555 seconds
2024_12_12_T17:24:53 -  Metrics: sum_wealth took 6.4849853515625e-5
2024_12_12_T17:24:53 -  Metrics: wealth_distribution took 0.0003979206085205078
2024_12_12_T17:24:53 -  Metrics: money_distribution took 0.0004379749298095703
2024_12_12_T17:24:53 -  Metrics: size_distribution took 0.0002899169921875
2024_12_12_T17:24:53 -  Metrics: age_distribution took 0.0003540515899658203
2024_12_12_T17:24:55 -  Model step 3 started
2024_12_12_T17:24:55 -  clearHangingSupplies started
2024_12_12_T17:24:55 -  clearHangingSupplies took 5.1975250244140625e-5
2024_12_12_T17:24:55 -  clearHangingRentalSupplies started
2024_12_12_T17:24:55 -  clearHangingRentalSupplies took 1.4066696166992188e-5
2024_12_12_T17:24:55 -  clearHouseMarket started
2024_12_12_T17:24:55 -  clearHouseMarket - first block took 0.001956939697265625
2024_12_12_T17:24:55 -  clearHouseMarket - second block took 0.01861095428466797
2024_12_12_T17:24:55 -  clearHouseMarket - third block took 8.487701416015625e-5
2024_12_12_T17:24:55 -  clearRentalMarket started
2024_12_12_T17:24:55 -  clearRentalMarket - first block took 0.0001659393310546875
2024_12_12_T17:24:55 -  clearRentalMarket - second block took 0.00012087821960449219
2024_12_12_T17:24:55 -  Model step 3 took 0.05289602279663086 seconds
2024_12_12_T17:24:55 -  Metrics: sum_wealth took 5.0067901611328125e-5
2024_12_12_T17:24:55 -  Metrics: wealth_distribution took 0.0004429817199707031
2024_12_12_T17:24:55 -  Metrics: money_distribution took 0.0003650188446044922
2024_12_12_T17:24:55 -  Metrics: size_distribution took 0.0003249645233154297
2024_12_12_T17:24:55 -  Metrics: age_distribution took 0.00034689903259277344
2024_12_12_T17:24:57 -  Model step 4 started
2024_12_12_T17:24:57 -  clearHangingSupplies started
2024_12_12_T17:24:57 -  clearHangingSupplies took 2.4080276489257812e-5
2024_12_12_T17:24:57 -  clearHangingRentalSupplies started
2024_12_12_T17:24:57 -  clearHangingRentalSupplies took 5.9604644775390625e-6
2024_12_12_T17:24:57 -  clearHouseMarket started
2024_12_12_T17:24:57 -  clearHouseMarket - first block took 0.0022101402282714844
2024_12_12_T17:24:57 -  clearHouseMarket - second block took 0.0016319751739501953
2024_12_12_T17:24:57 -  clearHouseMarket - third block took 6.699562072753906e-5
2024_12_12_T17:24:57 -  clearRentalMarket started
2024_12_12_T17:24:57 -  clearRentalMarket - first block took 0.00018906593322753906
2024_12_12_T17:24:57 -  clearRentalMarket - second block took 0.00020503997802734375
2024_12_12_T17:24:57 -  Model step 4 took 0.009222030639648438 seconds
2024_12_12_T17:24:57 -  Metrics: sum_wealth took 4.482269287109375e-5
2024_12_12_T17:24:57 -  Metrics: wealth_distribution took 0.0005249977111816406
2024_12_12_T17:24:57 -  Metrics: money_distribution took 0.0005929470062255859
2024_12_12_T17:24:57 -  Metrics: size_distribution took 0.00029397010803222656
2024_12_12_T17:24:57 -  Metrics: age_distribution took 0.0003638267517089844
2024_12_12_T17:24:58 -  Model step 5 started
2024_12_12_T17:24:58 -  clearHangingSupplies started
2024_12_12_T17:24:58 -  clearHangingSupplies took 2.09808349609375e-5
2024_12_12_T17:24:58 -  clearHangingRentalSupplies started
2024_12_12_T17:24:58 -  clearHangingRentalSupplies took 9.059906005859375e-6
2024_12_12_T17:24:58 -  clearHouseMarket started
2024_12_12_T17:24:58 -  clearHouseMarket - first block took 0.0017130374908447266
2024_12_12_T17:24:58 -  clearHouseMarket - second block took 0.0004949569702148438
2024_12_12_T17:24:58 -  clearHouseMarket - third block took 7.915496826171875e-5
2024_12_12_T17:24:58 -  clearRentalMarket started
2024_12_12_T17:24:58 -  clearRentalMarket - first block took 0.00014710426330566406
2024_12_12_T17:24:58 -  clearRentalMarket - second block took 8.702278137207031e-5
2024_12_12_T17:24:58 -  Model step 5 took 0.0071299076080322266 seconds
2024_12_12_T17:24:58 -  Metrics: sum_wealth took 5.1021575927734375e-5
2024_12_12_T17:24:58 -  Metrics: wealth_distribution took 0.0003559589385986328
2024_12_12_T17:24:58 -  Metrics: money_distribution took 0.00036406517028808594
2024_12_12_T17:24:58 -  Metrics: size_distribution took 0.0002918243408203125
2024_12_12_T17:24:58 -  Metrics: age_distribution took 0.0003101825714111328
2024_12_12_T17:25:00 -  Model step 6 started
2024_12_12_T17:25:00 -  clearHangingSupplies started
2024_12_12_T17:25:00 -  clearHangingSupplies took 2.9087066650390625e-5
2024_12_12_T17:25:00 -  clearHangingRentalSupplies started
2024_12_12_T17:25:00 -  clearHangingRentalSupplies took 1.1920928955078125e-5
2024_12_12_T17:25:00 -  clearHouseMarket started
2024_12_12_T17:25:00 -  clearHouseMarket - first block took 0.0020990371704101562
2024_12_12_T17:25:00 -  clearHouseMarket - second block took 0.00020599365234375
2024_12_12_T17:25:00 -  clearHouseMarket - third block took 4.696846008300781e-5
2024_12_12_T17:25:00 -  clearRentalMarket started
2024_12_12_T17:25:00 -  clearRentalMarket - first block took 5.507469177246094e-5
2024_12_12_T17:25:00 -  clearRentalMarket - second block took 6.4849853515625e-5
2024_12_12_T17:25:00 -  Model step 6 took 0.006906032562255859 seconds
2024_12_12_T17:25:00 -  Metrics: sum_wealth took 3.790855407714844e-5
2024_12_12_T17:25:00 -  Metrics: wealth_distribution took 0.0004611015319824219
2024_12_12_T17:25:00 -  Metrics: money_distribution took 0.0004420280456542969
2024_12_12_T17:25:00 -  Metrics: size_distribution took 0.0003159046173095703
2024_12_12_T17:25:00 -  Metrics: age_distribution took 0.00034880638122558594
2024_12_12_T17:25:02 -  Model step 7 started
2024_12_12_T17:25:02 -  clearHangingSupplies started
2024_12_12_T17:25:02 -  clearHangingSupplies took 1.6927719116210938e-5
2024_12_12_T17:25:02 -  clearHangingRentalSupplies started
2024_12_12_T17:25:02 -  clearHangingRentalSupplies took 5.9604644775390625e-6
2024_12_12_T17:25:02 -  clearHouseMarket started
2024_12_12_T17:25:02 -  clearHouseMarket - first block took 0.0022821426391601562
2024_12_12_T17:25:02 -  clearHouseMarket - second block took 0.00026297569274902344
2024_12_12_T17:25:02 -  clearHouseMarket - third block took 4.8160552978515625e-5
2024_12_12_T17:25:02 -  clearRentalMarket started
2024_12_12_T17:25:02 -  clearRentalMarket - first block took 4.506111145019531e-5
2024_12_12_T17:25:02 -  clearRentalMarket - second block took 6.604194641113281e-5
2024_12_12_T17:25:02 -  Model step 7 took 0.006918907165527344 seconds
2024_12_12_T17:25:02 -  Metrics: sum_wealth took 5.1975250244140625e-5
2024_12_12_T17:25:02 -  Metrics: wealth_distribution took 0.0003840923309326172
2024_12_12_T17:25:02 -  Metrics: money_distribution took 0.0003859996795654297
2024_12_12_T17:25:02 -  Metrics: size_distribution took 0.0003261566162109375
2024_12_12_T17:25:02 -  Metrics: age_distribution took 0.00034499168395996094
2024_12_12_T17:25:03 -  Model step 8 started
2024_12_12_T17:25:03 -  clearHangingSupplies started
2024_12_12_T17:25:03 -  clearHangingSupplies took 2.09808349609375e-5
2024_12_12_T17:25:03 -  clearHangingRentalSupplies started
2024_12_12_T17:25:03 -  clearHangingRentalSupplies took 1.9073486328125e-6
2024_12_12_T17:25:03 -  clearHouseMarket started
2024_12_12_T17:25:03 -  clearHouseMarket - first block took 0.02292799949645996
2024_12_12_T17:25:03 -  clearHouseMarket - second block took 0.0003070831298828125
2024_12_12_T17:25:03 -  clearHouseMarket - third block took 5.698204040527344e-5
2024_12_12_T17:25:03 -  clearRentalMarket started
2024_12_12_T17:25:03 -  clearRentalMarket - first block took 1.2874603271484375e-5
2024_12_12_T17:25:03 -  clearRentalMarket - second block took 1.9073486328125e-6
2024_12_12_T17:25:03 -  Model step 8 took 0.030131101608276367 seconds
2024_12_12_T17:25:03 -  Metrics: sum_wealth took 9.584426879882812e-5
2024_12_12_T17:25:03 -  Metrics: wealth_distribution took 0.0004189014434814453
2024_12_12_T17:25:04 -  Metrics: money_distribution took 0.00045680999755859375
2024_12_12_T17:25:04 -  Metrics: size_distribution took 0.00033402442932128906
2024_12_12_T17:25:04 -  Metrics: age_distribution took 0.0004220008850097656
2024_12_12_T17:25:05 -  Model step 9 started
2024_12_12_T17:25:05 -  clearHangingSupplies started
2024_12_12_T17:25:05 -  clearHangingSupplies took 2.002716064453125e-5
2024_12_12_T17:25:05 -  clearHangingRentalSupplies started
2024_12_12_T17:25:05 -  clearHangingRentalSupplies took 1.9073486328125e-6
2024_12_12_T17:25:05 -  clearHouseMarket started
2024_12_12_T17:25:05 -  clearHouseMarket - first block took 0.0023169517517089844
2024_12_12_T17:25:05 -  clearHouseMarket - second block took 0.0006079673767089844
2024_12_12_T17:25:05 -  clearHouseMarket - third block took 0.0001518726348876953
2024_12_12_T17:25:05 -  clearRentalMarket started
2024_12_12_T17:25:05 -  clearRentalMarket - first block took 1.2159347534179688e-5
2024_12_12_T17:25:05 -  clearRentalMarket - second block took 2.1457672119140625e-6
2024_12_12_T17:25:05 -  Model step 9 took 0.007296085357666016 seconds
2024_12_12_T17:25:05 -  Metrics: sum_wealth took 5.984306335449219e-5
2024_12_12_T17:25:05 -  Metrics: wealth_distribution took 0.00046515464782714844
2024_12_12_T17:25:05 -  Metrics: money_distribution took 0.0004341602325439453
2024_12_12_T17:25:05 -  Metrics: size_distribution took 0.0002970695495605469
2024_12_12_T17:25:05 -  Metrics: age_distribution took 0.0003371238708496094
2024_12_12_T17:25:07 -  Model step 10 started
2024_12_12_T17:25:07 -  clearHangingSupplies started
2024_12_12_T17:25:07 -  clearHangingSupplies took 1.811981201171875e-5
2024_12_12_T17:25:07 -  clearHangingRentalSupplies started
2024_12_12_T17:25:07 -  clearHangingRentalSupplies took 5.0067901611328125e-6
2024_12_12_T17:25:07 -  clearHouseMarket started
2024_12_12_T17:25:07 -  clearHouseMarket - first block took 0.005095005035400391
2024_12_12_T17:25:07 -  clearHouseMarket - second block took 0.00044918060302734375
2024_12_12_T17:25:07 -  clearHouseMarket - third block took 5.602836608886719e-5
2024_12_12_T17:25:07 -  clearRentalMarket started
2024_12_12_T17:25:07 -  clearRentalMarket - first block took 6.604194641113281e-5
2024_12_12_T17:25:07 -  clearRentalMarket - second block took 5.9604644775390625e-6
2024_12_12_T17:25:07 -  Model step 10 took 0.010491132736206055 seconds
2024_12_12_T17:25:07 -  Metrics: sum_wealth took 5.507469177246094e-5
2024_12_12_T17:25:07 -  Metrics: wealth_distribution took 0.0003781318664550781
2024_12_12_T17:25:07 -  Metrics: money_distribution took 0.0004851818084716797
2024_12_12_T17:25:07 -  Metrics: size_distribution took 0.00028586387634277344
2024_12_12_T17:25:07 -  Metrics: age_distribution took 0.0003230571746826172
2024_12_12_T17:25:09 -  Model step 11 started
2024_12_12_T17:25:09 -  clearHangingSupplies started
2024_12_12_T17:25:09 -  clearHangingSupplies took 4.410743713378906e-5
2024_12_12_T17:25:09 -  clearHangingRentalSupplies started
2024_12_12_T17:25:09 -  clearHangingRentalSupplies took 9.059906005859375e-6
2024_12_12_T17:25:09 -  clearHouseMarket started
2024_12_12_T17:25:09 -  clearHouseMarket - first block took 0.002042055130004883
2024_12_12_T17:25:09 -  clearHouseMarket - second block took 0.0013010501861572266
2024_12_12_T17:25:09 -  clearHouseMarket - third block took 6.198883056640625e-5
2024_12_12_T17:25:09 -  clearRentalMarket started
2024_12_12_T17:25:09 -  clearRentalMarket - first block took 0.00013589859008789062
2024_12_12_T17:25:09 -  clearRentalMarket - second block took 0.0001220703125
2024_12_12_T17:25:09 -  Pushed house into housesBuiltPerRegion (location,size) = (Oeiras, LessThan125)
2024_12_12_T17:25:09 -  Model step 11 took 0.0787191390991211 seconds
2024_12_12_T17:25:09 -  Metrics: sum_wealth took 7.796287536621094e-5
2024_12_12_T17:25:09 -  Metrics: wealth_distribution took 0.0004489421844482422
2024_12_12_T17:25:09 -  Metrics: money_distribution took 0.0003440380096435547
2024_12_12_T17:25:09 -  Metrics: size_distribution took 0.0002779960632324219
2024_12_12_T17:25:09 -  Metrics: age_distribution took 0.0003399848937988281
2024_12_12_T17:25:10 -  Model step 12 started
2024_12_12_T17:25:10 -  clearHangingSupplies started
2024_12_12_T17:25:10 -  clearHangingSupplies took 1.5974044799804688e-5
2024_12_12_T17:25:10 -  clearHangingRentalSupplies started
2024_12_12_T17:25:10 -  clearHangingRentalSupplies took 3.814697265625e-6
2024_12_12_T17:25:10 -  clearHouseMarket started
2024_12_12_T17:25:10 -  clearHouseMarket - first block took 0.0023179054260253906
2024_12_12_T17:25:10 -  clearHouseMarket - second block took 0.0006549358367919922
2024_12_12_T17:25:10 -  clearHouseMarket - third block took 6.103515625e-5
2024_12_12_T17:25:10 -  clearRentalMarket started
2024_12_12_T17:25:10 -  clearRentalMarket - first block took 7.581710815429688e-5
2024_12_12_T17:25:10 -  clearRentalMarket - second block took 5.817413330078125e-5
2024_12_12_T17:25:11 -  Model step 12 took 0.07053518295288086 seconds
2024_12_12_T17:25:11 -  Metrics: sum_wealth took 8.320808410644531e-5
2024_12_12_T17:25:11 -  Metrics: wealth_distribution took 0.0005571842193603516
2024_12_12_T17:25:11 -  Metrics: money_distribution took 0.00043892860412597656
2024_12_12_T17:25:11 -  Metrics: size_distribution took 0.00030493736267089844
2024_12_12_T17:25:11 -  Metrics: age_distribution took 0.0003368854522705078
