2024_10_29_T19:13:21 -  finished initateHouses in 1.4635841846466064 seconds
2024_10_29_T19:13:21 -  finished initiateHouseholds in 1.755208969116211 seconds
2024_10_29_T19:13:21 -  finished assignHousesToHouseholds in 2.2610909938812256 seconds
2024_10_29_T19:13:26 -  Metrics: sum_wealth took 9.5367431640625e-7
2024_10_29_T19:13:27 -  Metrics: wealth_distribution took 4.0531158447265625e-6
2024_10_29_T19:13:27 -  Metrics: money_distribution took 5.9604644775390625e-6
2024_10_29_T19:13:27 -  Metrics: size_distribution took 4.0531158447265625e-6
2024_10_29_T19:13:28 -  Metrics: age_distribution took 1.0013580322265625e-5
2024_10_29_T19:13:31 -  Metrics: sum_wealth took 4.506111145019531e-5
2024_10_29_T19:13:32 -  Metrics: wealth_distribution took 0.019804000854492188
2024_10_29_T19:13:32 -  Metrics: money_distribution took 0.0005309581756591797
2024_10_29_T19:13:32 -  Metrics: size_distribution took 0.0442349910736084
2024_10_29_T19:13:32 -  Metrics: age_distribution took 0.0008051395416259766
2024_10_29_T19:13:46 -  Model step started
2024_10_29_T19:13:46 -  clearHangingSupplies started
2024_10_29_T19:13:46 -  clearHangingSupplies took 0.009799957275390625
2024_10_29_T19:13:46 -  clearHangingRentalSupplies started
2024_10_29_T19:13:46 -  clearHangingRentalSupplies took 0.007277011871337891
2024_10_29_T19:13:47 -  clearHouseMarket started
2024_10_29_T19:13:47 -  clearHouseMarket - first block took 0.5893340110778809
2024_10_29_T19:13:48 -  clearHouseMarket - second block took 0.32572293281555176
2024_10_29_T19:13:48 -  clearHouseMarket - third block took 0.023013830184936523
2024_10_29_T19:13:48 -  clearRentalMarket started
2024_10_29_T19:13:48 -  clearRentalMarket - first block took 0.13663196563720703
2024_10_29_T19:13:48 -  clearRentalMarket - second block took 1.5974044799804688e-5
2024_10_29_T19:13:48 -  Pushed house into housesBuiltPerRegion (location,size) = (Lisboa, LessThan125)
2024_10_29_T19:13:48 -  Model step took 2.100001096725464 seconds
2024_10_29_T19:13:48 -  Metrics: sum_wealth took 6.103515625e-5
2024_10_29_T19:13:48 -  Metrics: wealth_distribution took 0.0005118846893310547
2024_10_29_T19:13:48 -  Metrics: money_distribution took 0.0004668235778808594
2024_10_29_T19:13:48 -  Metrics: size_distribution took 0.00042319297790527344
2024_10_29_T19:13:48 -  Metrics: age_distribution took 0.0004200935363769531
2024_10_29_T19:13:51 -  Model step started
2024_10_29_T19:13:51 -  clearHangingSupplies started
2024_10_29_T19:13:51 -  clearHangingSupplies took 0.0001270771026611328
2024_10_29_T19:13:51 -  clearHangingRentalSupplies started
2024_10_29_T19:13:51 -  clearHangingRentalSupplies took 5.0067901611328125e-6
2024_10_29_T19:13:51 -  clearHouseMarket started
2024_10_29_T19:13:51 -  clearHouseMarket - first block took 0.0995168685913086
2024_10_29_T19:13:51 -  clearHouseMarket - second block took 0.00017309188842773438
2024_10_29_T19:13:52 -  clearHouseMarket - third block took 0.00021505355834960938
2024_10_29_T19:13:52 -  clearRentalMarket started
2024_10_29_T19:13:52 -  clearRentalMarket - first block took 4.601478576660156e-5
2024_10_29_T19:13:52 -  clearRentalMarket - second block took 5.0067901611328125e-6
2024_10_29_T19:13:52 -  Model step took 0.17716598510742188 seconds
2024_10_29_T19:13:52 -  Metrics: sum_wealth took 7.104873657226562e-5
2024_10_29_T19:13:52 -  Metrics: wealth_distribution took 0.0005619525909423828
2024_10_29_T19:13:52 -  Metrics: money_distribution took 0.0004930496215820312
2024_10_29_T19:13:52 -  Metrics: size_distribution took 0.0004279613494873047
2024_10_29_T19:13:52 -  Metrics: age_distribution took 0.0004260540008544922
2024_10_29_T19:13:54 -  Model step started
2024_10_29_T19:13:54 -  clearHangingSupplies started
2024_10_29_T19:13:54 -  clearHangingSupplies took 9.799003601074219e-5
2024_10_29_T19:13:54 -  clearHangingRentalSupplies started
2024_10_29_T19:13:54 -  clearHangingRentalSupplies took 5.0067901611328125e-6
2024_10_29_T19:13:54 -  clearHouseMarket started
2024_10_29_T19:13:54 -  clearHouseMarket - first block took 0.14549803733825684
2024_10_29_T19:13:54 -  clearHouseMarket - second block took 8.702278137207031e-5
2024_10_29_T19:13:54 -  clearHouseMarket - third block took 0.00012302398681640625
2024_10_29_T19:13:54 -  clearRentalMarket started
2024_10_29_T19:13:54 -  clearRentalMarket - first block took 1.6927719116210938e-5
2024_10_29_T19:13:54 -  clearRentalMarket - second block took 4.0531158447265625e-6
2024_10_29_T19:13:54 -  Pushed house into housesBuiltPerRegion (location,size) = (Lisboa, LessThan50)
2024_10_29_T19:13:54 -  Model step took 0.16015291213989258 seconds
2024_10_29_T19:13:54 -  Metrics: sum_wealth took 0.0001399517059326172
2024_10_29_T19:13:54 -  Metrics: wealth_distribution took 0.0004658699035644531
2024_10_29_T19:13:54 -  Metrics: money_distribution took 0.0005099773406982422
2024_10_29_T19:13:54 -  Metrics: size_distribution took 0.0004620552062988281
2024_10_29_T19:13:54 -  Metrics: age_distribution took 0.0005280971527099609
2024_10_29_T19:13:57 -  Model step started
2024_10_29_T19:13:57 -  clearHangingSupplies started
2024_10_29_T19:13:57 -  clearHangingSupplies took 0.0001049041748046875
2024_10_29_T19:13:57 -  clearHangingRentalSupplies started
2024_10_29_T19:13:57 -  clearHangingRentalSupplies took 4.0531158447265625e-6
2024_10_29_T19:13:57 -  clearHouseMarket started
2024_10_29_T19:13:57 -  clearHouseMarket - first block took 0.1143338680267334
2024_10_29_T19:13:57 -  clearHouseMarket - second block took 0.03320908546447754
2024_10_29_T19:13:57 -  clearHouseMarket - third block took 0.00020194053649902344
2024_10_29_T19:13:57 -  clearRentalMarket started
2024_10_29_T19:13:57 -  clearRentalMarket - first block took 3.2901763916015625e-5
2024_10_29_T19:13:57 -  clearRentalMarket - second block took 3.0994415283203125e-6
2024_10_29_T19:13:57 -  Model step took 0.16753077507019043 seconds
2024_10_29_T19:13:57 -  Metrics: sum_wealth took 8.797645568847656e-5
2024_10_29_T19:13:57 -  Metrics: wealth_distribution took 0.0005230903625488281
2024_10_29_T19:13:57 -  Metrics: money_distribution took 0.0005669593811035156
2024_10_29_T19:13:57 -  Metrics: size_distribution took 0.0005018711090087891
2024_10_29_T19:13:57 -  Metrics: age_distribution took 0.0004169940948486328
2024_10_29_T19:14:00 -  Model step started
2024_10_29_T19:14:00 -  clearHangingSupplies started
2024_10_29_T19:14:00 -  clearHangingSupplies took 0.00010085105895996094
2024_10_29_T19:14:00 -  clearHangingRentalSupplies started
2024_10_29_T19:14:00 -  clearHangingRentalSupplies took 9.5367431640625e-7
2024_10_29_T19:14:00 -  clearHouseMarket started
2024_10_29_T19:14:00 -  clearHouseMarket - first block took 0.10162091255187988
2024_10_29_T19:14:00 -  clearHouseMarket - second block took 0.0004661083221435547
2024_10_29_T19:14:00 -  clearHouseMarket - third block took 0.006232023239135742
2024_10_29_T19:14:00 -  clearRentalMarket started
2024_10_29_T19:14:00 -  clearRentalMarket - first block took 2.5033950805664062e-5
2024_10_29_T19:14:00 -  clearRentalMarket - second block took 3.814697265625e-6
2024_10_29_T19:14:00 -  Model step took 0.12756085395812988 seconds
2024_10_29_T19:14:00 -  Metrics: sum_wealth took 7.009506225585938e-5
2024_10_29_T19:14:00 -  Metrics: wealth_distribution took 0.0006489753723144531
2024_10_29_T19:14:00 -  Metrics: money_distribution took 0.0004980564117431641
2024_10_29_T19:14:00 -  Metrics: size_distribution took 0.00039196014404296875
2024_10_29_T19:14:00 -  Metrics: age_distribution took 0.0005857944488525391
2024_10_29_T19:14:03 -  Model step started
2024_10_29_T19:14:03 -  clearHangingSupplies started
2024_10_29_T19:14:03 -  clearHangingSupplies took 0.00015306472778320312
2024_10_29_T19:14:03 -  clearHangingRentalSupplies started
2024_10_29_T19:14:03 -  clearHangingRentalSupplies took 9.5367431640625e-7
2024_10_29_T19:14:03 -  clearHouseMarket started
2024_10_29_T19:14:03 -  clearHouseMarket - first block took 0.10989594459533691
2024_10_29_T19:14:03 -  clearHouseMarket - second block took 0.0004410743713378906
2024_10_29_T19:14:03 -  clearHouseMarket - third block took 0.00025200843811035156
2024_10_29_T19:14:03 -  clearRentalMarket started
2024_10_29_T19:14:03 -  clearRentalMarket - first block took 2.6941299438476562e-5
2024_10_29_T19:14:03 -  clearRentalMarket - second block took 9.5367431640625e-7
2024_10_29_T19:14:03 -  Model step took 0.13112616539001465 seconds
2024_10_29_T19:14:03 -  Metrics: sum_wealth took 5.507469177246094e-5
2024_10_29_T19:14:03 -  Metrics: wealth_distribution took 0.0004241466522216797
2024_10_29_T19:14:03 -  Metrics: money_distribution took 0.000453948974609375
2024_10_29_T19:14:03 -  Metrics: size_distribution took 0.0003898143768310547
2024_10_29_T19:14:03 -  Metrics: age_distribution took 0.0004930496215820312
2024_10_29_T19:14:05 -  Model step started
2024_10_29_T19:14:05 -  clearHangingSupplies started
2024_10_29_T19:14:05 -  clearHangingSupplies took 0.012359857559204102
2024_10_29_T19:14:05 -  clearHangingRentalSupplies started
2024_10_29_T19:14:05 -  clearHangingRentalSupplies took 3.0994415283203125e-6
2024_10_29_T19:14:05 -  clearHouseMarket started
2024_10_29_T19:14:05 -  clearHouseMarket - first block took 0.09376811981201172
2024_10_29_T19:14:05 -  clearHouseMarket - second block took 8.893013000488281e-5
2024_10_29_T19:14:05 -  clearHouseMarket - third block took 0.0001277923583984375
2024_10_29_T19:14:05 -  clearRentalMarket started
2024_10_29_T19:14:05 -  clearRentalMarket - first block took 1.4066696166992188e-5
2024_10_29_T19:14:05 -  clearRentalMarket - second block took 0.0
2024_10_29_T19:14:05 -  Model step took 0.1224820613861084 seconds
2024_10_29_T19:14:05 -  Metrics: sum_wealth took 0.00023889541625976562
2024_10_29_T19:14:05 -  Metrics: wealth_distribution took 0.0004298686981201172
2024_10_29_T19:14:05 -  Metrics: money_distribution took 0.00047206878662109375
2024_10_29_T19:14:05 -  Metrics: size_distribution took 0.0004169940948486328
2024_10_29_T19:14:05 -  Metrics: age_distribution took 0.00045800209045410156
2024_10_29_T19:14:08 -  Model step started
2024_10_29_T19:14:08 -  clearHangingSupplies started
2024_10_29_T19:14:08 -  clearHangingSupplies took 0.00011897087097167969
2024_10_29_T19:14:08 -  clearHangingRentalSupplies started
2024_10_29_T19:14:08 -  clearHangingRentalSupplies took 2.1457672119140625e-6
2024_10_29_T19:14:08 -  clearHouseMarket started
2024_10_29_T19:14:08 -  clearHouseMarket - first block took 0.0845339298248291
2024_10_29_T19:14:08 -  clearHouseMarket - second block took 0.0018968582153320312
2024_10_29_T19:14:08 -  clearHouseMarket - third block took 0.0007560253143310547
2024_10_29_T19:14:08 -  clearRentalMarket started
2024_10_29_T19:14:08 -  clearRentalMarket - first block took 2.3126602172851562e-5
2024_10_29_T19:14:08 -  clearRentalMarket - second block took 9.5367431640625e-7
2024_10_29_T19:14:08 -  Pushed house into housesBuiltPerRegion (location,size) = (Lisboa, LessThan75)
2024_10_29_T19:14:08 -  Model step took 0.10399484634399414 seconds
2024_10_29_T19:14:08 -  Metrics: sum_wealth took 0.00030612945556640625
2024_10_29_T19:14:08 -  Metrics: wealth_distribution took 0.0005931854248046875
2024_10_29_T19:14:08 -  Metrics: money_distribution took 0.0006308555603027344
2024_10_29_T19:14:08 -  Metrics: size_distribution took 0.0004909038543701172
2024_10_29_T19:14:08 -  Metrics: age_distribution took 0.00041604042053222656
2024_10_29_T19:14:10 -  Model step started
2024_10_29_T19:14:10 -  clearHangingSupplies started
2024_10_29_T19:14:10 -  clearHangingSupplies took 9.799003601074219e-5
2024_10_29_T19:14:10 -  clearHangingRentalSupplies started
2024_10_29_T19:14:10 -  clearHangingRentalSupplies took 2.86102294921875e-6
2024_10_29_T19:14:10 -  clearHouseMarket started
2024_10_29_T19:14:10 -  clearHouseMarket - first block took 0.07734394073486328
2024_10_29_T19:14:10 -  clearHouseMarket - second block took 0.00173187255859375
2024_10_29_T19:14:10 -  clearHouseMarket - third block took 0.00017499923706054688
2024_10_29_T19:14:10 -  clearRentalMarket started
2024_10_29_T19:14:10 -  clearRentalMarket - first block took 1.5974044799804688e-5
2024_10_29_T19:14:10 -  clearRentalMarket - second block took 9.5367431640625e-7
2024_10_29_T19:14:10 -  Model step took 0.09525394439697266 seconds
2024_10_29_T19:14:10 -  Metrics: sum_wealth took 5.602836608886719e-5
2024_10_29_T19:14:10 -  Metrics: wealth_distribution took 0.00045609474182128906
2024_10_29_T19:14:10 -  Metrics: money_distribution took 0.0005159378051757812
2024_10_29_T19:14:10 -  Metrics: size_distribution took 0.0004131793975830078
2024_10_29_T19:14:10 -  Metrics: age_distribution took 0.00043487548828125
2024_10_29_T19:14:13 -  Model step started
2024_10_29_T19:14:13 -  clearHangingSupplies started
2024_10_29_T19:14:13 -  clearHangingSupplies took 0.00016188621520996094
2024_10_29_T19:14:13 -  clearHangingRentalSupplies started
2024_10_29_T19:14:13 -  clearHangingRentalSupplies took 3.0994415283203125e-6
2024_10_29_T19:14:13 -  clearHouseMarket started
2024_10_29_T19:14:13 -  clearHouseMarket - first block took 0.07931900024414062
2024_10_29_T19:14:13 -  clearHouseMarket - second block took 0.0007069110870361328
2024_10_29_T19:14:13 -  clearHouseMarket - third block took 0.00023794174194335938
2024_10_29_T19:14:13 -  clearRentalMarket started
2024_10_29_T19:14:13 -  clearRentalMarket - first block took 1.8835067749023438e-5
2024_10_29_T19:14:13 -  clearRentalMarket - second block took 9.5367431640625e-7
2024_10_29_T19:14:13 -  Model step took 0.10475516319274902 seconds
2024_10_29_T19:14:13 -  Metrics: sum_wealth took 6.794929504394531e-5
2024_10_29_T19:14:13 -  Metrics: wealth_distribution took 0.0005261898040771484
2024_10_29_T19:14:13 -  Metrics: money_distribution took 0.0005068778991699219
2024_10_29_T19:14:13 -  Metrics: size_distribution took 0.0004630088806152344
2024_10_29_T19:14:13 -  Metrics: age_distribution took 0.0004329681396484375
2024_10_29_T19:14:15 -  Model step started
2024_10_29_T19:14:15 -  clearHangingSupplies started
2024_10_29_T19:14:15 -  clearHangingSupplies took 0.0001289844512939453
2024_10_29_T19:14:15 -  clearHangingRentalSupplies started
2024_10_29_T19:14:15 -  clearHangingRentalSupplies took 2.1457672119140625e-6
2024_10_29_T19:14:15 -  clearHouseMarket started
2024_10_29_T19:14:16 -  clearHouseMarket - first block took 0.14485788345336914
2024_10_29_T19:14:16 -  clearHouseMarket - second block took 0.0010449886322021484
2024_10_29_T19:14:16 -  clearHouseMarket - third block took 0.000164031982421875
2024_10_29_T19:14:16 -  clearRentalMarket started
2024_10_29_T19:14:16 -  clearRentalMarket - first block took 0.07347917556762695
2024_10_29_T19:14:16 -  clearRentalMarket - second block took 0.01202392578125
2024_10_29_T19:14:16 -  Model step took 0.25473690032958984 seconds
2024_10_29_T19:14:16 -  Metrics: sum_wealth took 6.818771362304688e-5
2024_10_29_T19:14:16 -  Metrics: wealth_distribution took 0.0004839897155761719
2024_10_29_T19:14:16 -  Metrics: money_distribution took 0.0004341602325439453
2024_10_29_T19:14:16 -  Metrics: size_distribution took 0.0003972053527832031
2024_10_29_T19:14:16 -  Metrics: age_distribution took 0.00045490264892578125
2024_10_29_T19:14:18 -  Model step started
2024_10_29_T19:14:18 -  clearHangingSupplies started
2024_10_29_T19:14:18 -  clearHangingSupplies took 0.00010395050048828125
2024_10_29_T19:14:18 -  clearHangingRentalSupplies started
2024_10_29_T19:14:18 -  clearHangingRentalSupplies took 3.0994415283203125e-6
2024_10_29_T19:14:18 -  clearHouseMarket started
2024_10_29_T19:14:18 -  clearHouseMarket - first block took 0.0919959545135498
2024_10_29_T19:14:18 -  clearHouseMarket - second block took 0.0016360282897949219
2024_10_29_T19:14:18 -  clearHouseMarket - third block took 0.0002899169921875
2024_10_29_T19:14:18 -  clearRentalMarket started
2024_10_29_T19:14:18 -  clearRentalMarket - first block took 2.193450927734375e-5
2024_10_29_T19:14:18 -  clearRentalMarket - second block took 9.5367431640625e-7
2024_10_29_T19:14:18 -  Pushed house into housesBuiltPerRegion (location,size) = (Lisboa, LessThan75)
2024_10_29_T19:14:18 -  Pushed house into housesBuiltPerRegion (location,size) = (Lisboa, LessThan125)
2024_10_29_T19:14:18 -  Model step took 0.11714982986450195 seconds
2024_10_29_T19:14:18 -  Metrics: sum_wealth took 0.0001220703125
2024_10_29_T19:14:18 -  Metrics: wealth_distribution took 0.00048089027404785156
2024_10_29_T19:14:18 -  Metrics: money_distribution took 0.0008769035339355469
2024_10_29_T19:14:18 -  Metrics: size_distribution took 0.0008192062377929688
2024_10_29_T19:14:18 -  Metrics: age_distribution took 0.0007481575012207031
