2024_11_03_T13:15:30 -  finished initateHouses in 0.9652690887451172 seconds
2024_11_03_T13:15:30 -  finished initiateHouseholds in 1.3138861656188965 seconds
2024_11_03_T13:15:31 -  All houses for rental were assigned in Lisboa
2024_11_03_T13:15:31 -  All houses for rental were assigned in Lisboa
2024_11_03_T13:15:31 -  All houses for rental were assigned in Lisboa
2024_11_03_T13:15:31 -  All houses for rental were assigned in Lisboa
2024_11_03_T13:15:31 -  All houses for rental were assigned in Lisboa
2024_11_03_T13:15:31 -  All houses for rental were assigned in Lisboa
2024_11_03_T13:15:31 -  All houses for rental were assigned in Lisboa
2024_11_03_T13:15:31 -  All houses for rental were assigned in Lisboa
2024_11_03_T13:15:31 -  All houses for rental were assigned in Lisboa
2024_11_03_T13:15:31 -  All houses for rental were assigned in Lisboa
2024_11_03_T13:15:31 -  All houses for rental were assigned in Lisboa
2024_11_03_T13:15:31 -  All houses for rental were assigned in Lisboa
2024_11_03_T13:15:31 -  All houses for rental were assigned in Lisboa
2024_11_03_T13:15:31 -  All houses for rental were assigned in Lisboa
2024_11_03_T13:15:31 -  All houses for rental were assigned in Lisboa
2024_11_03_T13:15:31 -  All houses for rental were assigned in Lisboa
2024_11_03_T13:15:31 -  All houses for rental were assigned in Lisboa
2024_11_03_T13:15:31 -  All houses for rental were assigned in Lisboa
2024_11_03_T13:15:31 -  All houses for rental were assigned in Lisboa
2024_11_03_T13:15:31 -  All houses for rental were assigned in Lisboa
2024_11_03_T13:15:31 -  All houses for rental were assigned in Lisboa
2024_11_03_T13:15:31 -  All houses for rental were assigned in Lisboa
2024_11_03_T13:15:31 -  All houses for rental were assigned in Lisboa
2024_11_03_T13:15:31 -  All houses for rental were assigned in Lisboa
2024_11_03_T13:15:31 -  All houses for rental were assigned in Lisboa
2024_11_03_T13:15:31 -  All houses for rental were assigned in Lisboa
2024_11_03_T13:15:31 -  All houses for rental were assigned in Lisboa
2024_11_03_T13:15:31 -  All houses for rental were assigned in Lisboa
2024_11_03_T13:15:31 -  All houses for rental were assigned in Lisboa
2024_11_03_T13:15:31 -  All houses for rental were assigned in Lisboa
2024_11_03_T13:15:31 -  All houses for rental were assigned in Lisboa
2024_11_03_T13:15:31 -  All houses for rental were assigned in Lisboa
2024_11_03_T13:15:31 -  All houses for rental were assigned in Lisboa
2024_11_03_T13:15:31 -  All houses for rental were assigned in Lisboa
2024_11_03_T13:15:31 -  All houses for rental were assigned in Lisboa
2024_11_03_T13:15:31 -  All houses for rental were assigned in Lisboa
2024_11_03_T13:15:31 -  All houses for rental were assigned in Lisboa
2024_11_03_T13:15:31 -  All houses for rental were assigned in Lisboa
2024_11_03_T13:15:31 -  All houses for rental were assigned in Lisboa
2024_11_03_T13:15:31 -  All houses for rental were assigned in Lisboa
2024_11_03_T13:15:31 -  All houses for rental were assigned in Lisboa
2024_11_03_T13:15:31 -  All houses for rental were assigned in Lisboa
2024_11_03_T13:15:31 -  All houses for rental were assigned in Lisboa
2024_11_03_T13:15:31 -  All houses for rental were assigned in Lisboa
2024_11_03_T13:15:31 -  All houses for rental were assigned in Lisboa
2024_11_03_T13:15:31 -  All houses for rental were assigned in Lisboa
2024_11_03_T13:15:31 -  All houses for rental were assigned in Lisboa
2024_11_03_T13:15:31 -  All houses for rental were assigned in Lisboa
2024_11_03_T13:15:31 -  All houses for rental were assigned in Lisboa
2024_11_03_T13:15:31 -  All houses for rental were assigned in Lisboa
2024_11_03_T13:15:31 -  All houses for rental were assigned in Lisboa
2024_11_03_T13:15:31 -  All houses for rental were assigned in Lisboa
2024_11_03_T13:15:31 -  All houses for rental were assigned in Lisboa
2024_11_03_T13:15:31 -  All houses for rental were assigned in Lisboa
2024_11_03_T13:15:31 -  All houses for rental were assigned in Lisboa
2024_11_03_T13:15:31 -  All houses for rental were assigned in Lisboa
2024_11_03_T13:15:31 -  All houses for rental were assigned in Lisboa
2024_11_03_T13:15:31 -  All houses for rental were assigned in Lisboa
2024_11_03_T13:15:31 -  All houses for rental were assigned in Lisboa
2024_11_03_T13:15:31 -  All houses for rental were assigned in Lisboa
2024_11_03_T13:15:31 -  All houses for rental were assigned in Lisboa
2024_11_03_T13:15:31 -  All houses for rental were assigned in Lisboa
2024_11_03_T13:15:31 -  All houses for rental were assigned in Lisboa
2024_11_03_T13:15:31 -  All houses for rental were assigned in Lisboa
2024_11_03_T13:15:31 -  All houses for rental were assigned in Lisboa
2024_11_03_T13:15:31 -  All houses for rental were assigned in Lisboa
2024_11_03_T13:15:31 -  All houses for rental were assigned in Lisboa
2024_11_03_T13:15:31 -  All houses for rental were assigned in Lisboa
2024_11_03_T13:15:31 -  All houses for rental were assigned in Lisboa
2024_11_03_T13:15:31 -  All houses for rental were assigned in Lisboa
2024_11_03_T13:15:31 -  All houses for rental were assigned in Lisboa
2024_11_03_T13:15:31 -  All houses for rental were assigned in Lisboa
2024_11_03_T13:15:31 -  All houses for rental were assigned in Lisboa
2024_11_03_T13:15:31 -  All houses for rental were assigned in Lisboa
2024_11_03_T13:15:31 -  All houses for rental were assigned in Lisboa
2024_11_03_T13:15:31 -  All houses for rental were assigned in Lisboa
2024_11_03_T13:15:31 -  All houses for rental were assigned in Lisboa
2024_11_03_T13:15:31 -  All houses for rental were assigned in Lisboa
2024_11_03_T13:15:31 -  All houses for rental were assigned in Lisboa
2024_11_03_T13:15:31 -  All houses for rental were assigned in Lisboa
2024_11_03_T13:15:31 -  All houses for rental were assigned in Lisboa
2024_11_03_T13:15:31 -  All houses for rental were assigned in Lisboa
2024_11_03_T13:15:31 -  All houses for rental were assigned in Lisboa
2024_11_03_T13:15:31 -  All houses for rental were assigned in Lisboa
2024_11_03_T13:15:31 -  All houses for rental were assigned in Lisboa
2024_11_03_T13:15:31 -  All houses for rental were assigned in Lisboa
2024_11_03_T13:15:31 -  All houses for rental were assigned in Lisboa
2024_11_03_T13:15:31 -  All houses for rental were assigned in Lisboa
2024_11_03_T13:15:31 -  All houses for rental were assigned in Lisboa
2024_11_03_T13:15:31 -  All houses for rental were assigned in Lisboa
2024_11_03_T13:15:31 -  All houses for rental were assigned in Lisboa
2024_11_03_T13:15:31 -  All houses for rental were assigned in Lisboa
2024_11_03_T13:15:31 -  All houses for rental were assigned in Lisboa
2024_11_03_T13:15:31 -  All houses for rental were assigned in Lisboa
2024_11_03_T13:15:31 -  All houses for rental were assigned in Lisboa
2024_11_03_T13:15:31 -  All houses for rental were assigned in Lisboa
2024_11_03_T13:15:31 -  All houses for rental were assigned in Lisboa
2024_11_03_T13:15:31 -  All houses for rental were assigned in Lisboa
2024_11_03_T13:15:31 -  All houses for rental were assigned in Lisboa
2024_11_03_T13:15:31 -  All houses for rental were assigned in Lisboa
2024_11_03_T13:15:31 -  All houses for rental were assigned in Lisboa
2024_11_03_T13:15:31 -  All houses for rental were assigned in Lisboa
2024_11_03_T13:15:31 -  All houses for rental were assigned in Lisboa
2024_11_03_T13:15:31 -  All houses for rental were assigned in Lisboa
2024_11_03_T13:15:31 -  All houses for rental were assigned in Lisboa
2024_11_03_T13:15:31 -  All houses for rental were assigned in Lisboa
2024_11_03_T13:15:31 -  All houses for rental were assigned in Lisboa
2024_11_03_T13:15:31 -  All houses for rental were assigned in Lisboa
2024_11_03_T13:15:31 -  All houses for rental were assigned in Lisboa
2024_11_03_T13:15:31 -  All houses for rental were assigned in Lisboa
2024_11_03_T13:15:31 -  All houses for rental were assigned in Lisboa
2024_11_03_T13:15:31 -  All houses for rental were assigned in Lisboa
2024_11_03_T13:15:31 -  All houses for rental were assigned in Lisboa
2024_11_03_T13:15:31 -  All houses for rental were assigned in Lisboa
2024_11_03_T13:15:31 -  All houses for rental were assigned in Lisboa
2024_11_03_T13:15:31 -  All houses for rental were assigned in Lisboa
2024_11_03_T13:15:31 -  All houses for rental were assigned in Lisboa
2024_11_03_T13:15:31 -  All houses for rental were assigned in Lisboa
2024_11_03_T13:15:31 -  All houses for rental were assigned in Lisboa
2024_11_03_T13:15:31 -  All houses for rental were assigned in Lisboa
2024_11_03_T13:15:31 -  All houses for rental were assigned in Lisboa
2024_11_03_T13:15:31 -  All houses for rental were assigned in Lisboa
2024_11_03_T13:15:31 -  All houses for rental were assigned in Lisboa
2024_11_03_T13:15:31 -  All houses for rental were assigned in Lisboa
2024_11_03_T13:15:31 -  All houses for rental were assigned in Lisboa
2024_11_03_T13:15:31 -  All houses for rental were assigned in Lisboa
2024_11_03_T13:15:31 -  All houses for rental were assigned in Lisboa
2024_11_03_T13:15:31 -  All houses for rental were assigned in Lisboa
2024_11_03_T13:15:31 -  All houses for rental were assigned in Lisboa
2024_11_03_T13:15:31 -  All houses for rental were assigned in Lisboa
2024_11_03_T13:15:31 -  All houses for rental were assigned in Lisboa
2024_11_03_T13:15:31 -  All houses for rental were assigned in Lisboa
2024_11_03_T13:15:31 -  All houses for rental were assigned in Lisboa
2024_11_03_T13:15:31 -  All houses for rental were assigned in Lisboa
2024_11_03_T13:15:31 -  All houses for rental were assigned in Lisboa
2024_11_03_T13:15:31 -  All houses for rental were assigned in Lisboa
2024_11_03_T13:15:31 -  All houses for rental were assigned in Lisboa
2024_11_03_T13:15:31 -  All houses for rental were assigned in Lisboa
2024_11_03_T13:15:31 -  All houses for rental were assigned in Lisboa
2024_11_03_T13:15:31 -  All houses for rental were assigned in Lisboa
2024_11_03_T13:15:31 -  All houses for rental were assigned in Lisboa
2024_11_03_T13:15:31 -  All houses for rental were assigned in Lisboa
2024_11_03_T13:15:31 -  All houses for rental were assigned in Lisboa
2024_11_03_T13:15:31 -  All houses for rental were assigned in Lisboa
2024_11_03_T13:15:31 -  All houses for rental were assigned in Lisboa
2024_11_03_T13:15:31 -  All houses for rental were assigned in Lisboa
2024_11_03_T13:15:31 -  All houses for rental were assigned in Lisboa
2024_11_03_T13:15:31 -  All houses for rental were assigned in Lisboa
2024_11_03_T13:15:31 -  All houses for rental were assigned in Lisboa
2024_11_03_T13:15:31 -  All houses for rental were assigned in Lisboa
2024_11_03_T13:15:31 -  All houses for rental were assigned in Lisboa
2024_11_03_T13:15:31 -  All houses for rental were assigned in Lisboa
2024_11_03_T13:15:31 -  All houses for rental were assigned in Lisboa
2024_11_03_T13:15:31 -  All houses for rental were assigned in Lisboa
2024_11_03_T13:15:31 -  All houses for rental were assigned in Lisboa
2024_11_03_T13:15:31 -  All houses for rental were assigned in Lisboa
2024_11_03_T13:15:31 -  All houses for rental were assigned in Lisboa
2024_11_03_T13:15:31 -  All houses for rental were assigned in Lisboa
2024_11_03_T13:15:31 -  All houses for rental were assigned in Lisboa
2024_11_03_T13:15:31 -  All houses for rental were assigned in Lisboa
2024_11_03_T13:15:31 -  All houses for rental were assigned in Lisboa
2024_11_03_T13:15:31 -  All houses for rental were assigned in Lisboa
2024_11_03_T13:15:31 -  All houses for rental were assigned in Lisboa
2024_11_03_T13:15:31 -  All houses for rental were assigned in Lisboa
2024_11_03_T13:15:31 -  All houses for rental were assigned in Lisboa
2024_11_03_T13:15:31 -  All houses for rental were assigned in Lisboa
2024_11_03_T13:15:31 -  All houses for rental were assigned in Lisboa
2024_11_03_T13:15:31 -  All houses for rental were assigned in Lisboa
2024_11_03_T13:15:31 -  All houses for rental were assigned in Lisboa
2024_11_03_T13:15:31 -  All houses for rental were assigned in Lisboa
2024_11_03_T13:15:31 -  All houses for rental were assigned in Lisboa
2024_11_03_T13:15:31 -  All houses for rental were assigned in Lisboa
2024_11_03_T13:15:31 -  All houses for rental were assigned in Lisboa
2024_11_03_T13:15:31 -  All houses for rental were assigned in Lisboa
2024_11_03_T13:15:31 -  All houses for rental were assigned in Lisboa
2024_11_03_T13:15:31 -  All houses for rental were assigned in Lisboa
2024_11_03_T13:15:31 -  All houses for rental were assigned in Lisboa
2024_11_03_T13:15:31 -  All houses for rental were assigned in Lisboa
2024_11_03_T13:15:31 -  All houses for rental were assigned in Lisboa
2024_11_03_T13:15:31 -  All houses for rental were assigned in Lisboa
2024_11_03_T13:15:31 -  All houses for rental were assigned in Lisboa
2024_11_03_T13:15:31 -  All houses for rental were assigned in Lisboa
2024_11_03_T13:15:31 -  All houses for rental were assigned in Lisboa
2024_11_03_T13:15:31 -  All houses for rental were assigned in Lisboa
2024_11_03_T13:15:31 -  All houses for rental were assigned in Lisboa
2024_11_03_T13:15:31 -  All houses for rental were assigned in Lisboa
2024_11_03_T13:15:31 -  All houses for rental were assigned in Lisboa
2024_11_03_T13:15:31 -  All houses for rental were assigned in Lisboa
2024_11_03_T13:15:31 -  All houses for rental were assigned in Lisboa
2024_11_03_T13:15:31 -  All houses for rental were assigned in Lisboa
2024_11_03_T13:15:31 -  All houses for rental were assigned in Lisboa
2024_11_03_T13:15:31 -  All houses for rental were assigned in Lisboa
2024_11_03_T13:15:31 -  All houses for rental were assigned in Lisboa
2024_11_03_T13:15:31 -  All houses for rental were assigned in Lisboa
2024_11_03_T13:15:31 -  All houses for rental were assigned in Lisboa
2024_11_03_T13:15:31 -  All houses for rental were assigned in Lisboa
2024_11_03_T13:15:31 -  All houses for rental were assigned in Lisboa
2024_11_03_T13:15:31 -  All houses for rental were assigned in Lisboa
2024_11_03_T13:15:31 -  All houses for rental were assigned in Lisboa
2024_11_03_T13:15:31 -  All houses for rental were assigned in Lisboa
2024_11_03_T13:15:31 -  All houses for rental were assigned in Lisboa
2024_11_03_T13:15:31 -  All houses for rental were assigned in Lisboa
2024_11_03_T13:15:31 -  All houses for rental were assigned in Lisboa
2024_11_03_T13:15:31 -  All houses for rental were assigned in Lisboa
2024_11_03_T13:15:31 -  All houses for rental were assigned in Lisboa
2024_11_03_T13:15:31 -  All houses for rental were assigned in Lisboa
2024_11_03_T13:15:31 -  All houses for rental were assigned in Lisboa
2024_11_03_T13:15:31 -  All houses for rental were assigned in Lisboa
2024_11_03_T13:15:31 -  All houses for rental were assigned in Lisboa
2024_11_03_T13:15:31 -  All houses for rental were assigned in Lisboa
2024_11_03_T13:15:31 -  All houses for rental were assigned in Lisboa
2024_11_03_T13:15:31 -  All houses for rental were assigned in Lisboa
2024_11_03_T13:15:31 -  All houses for rental were assigned in Lisboa
2024_11_03_T13:15:31 -  All houses for rental were assigned in Lisboa
2024_11_03_T13:15:31 -  All houses for rental were assigned in Lisboa
2024_11_03_T13:15:31 -  All houses for rental were assigned in Lisboa
2024_11_03_T13:15:31 -  All houses for rental were assigned in Lisboa
2024_11_03_T13:15:31 -  All houses for rental were assigned in Lisboa
2024_11_03_T13:15:31 -  All houses for rental were assigned in Lisboa
2024_11_03_T13:15:31 -  All houses for rental were assigned in Lisboa
2024_11_03_T13:15:31 -  All houses for rental were assigned in Lisboa
2024_11_03_T13:15:31 -  All houses for rental were assigned in Lisboa
2024_11_03_T13:15:31 -  All houses for rental were assigned in Lisboa
2024_11_03_T13:15:31 -  All houses for rental were assigned in Lisboa
2024_11_03_T13:15:31 -  All houses for rental were assigned in Lisboa
2024_11_03_T13:15:31 -  All houses for rental were assigned in Lisboa
2024_11_03_T13:15:31 -  All houses for rental were assigned in Lisboa
2024_11_03_T13:15:31 -  All houses for rental were assigned in Lisboa
2024_11_03_T13:15:31 -  All houses for rental were assigned in Lisboa
2024_11_03_T13:15:31 -  All houses for rental were assigned in Lisboa
2024_11_03_T13:15:31 -  All houses for rental were assigned in Lisboa
2024_11_03_T13:15:31 -  All houses for rental were assigned in Lisboa
2024_11_03_T13:15:31 -  All houses for rental were assigned in Lisboa
2024_11_03_T13:15:31 -  All houses for rental were assigned in Lisboa
2024_11_03_T13:15:31 -  All houses for rental were assigned in Lisboa
2024_11_03_T13:15:31 -  All houses for rental were assigned in Lisboa
2024_11_03_T13:15:31 -  All houses for rental were assigned in Lisboa
2024_11_03_T13:15:31 -  All houses for rental were assigned in Lisboa
2024_11_03_T13:15:31 -  All houses for rental were assigned in Lisboa
2024_11_03_T13:15:31 -  All houses for rental were assigned in Lisboa
2024_11_03_T13:15:31 -  All houses for rental were assigned in Lisboa
2024_11_03_T13:15:31 -  All houses for rental were assigned in Lisboa
2024_11_03_T13:15:31 -  All houses for rental were assigned in Lisboa
2024_11_03_T13:15:31 -  All houses for rental were assigned in Lisboa
2024_11_03_T13:15:31 -  All houses for rental were assigned in Lisboa
2024_11_03_T13:15:31 -  All houses for rental were assigned in Lisboa
2024_11_03_T13:15:31 -  All houses for rental were assigned in Lisboa
2024_11_03_T13:15:31 -  All houses for rental were assigned in Lisboa
2024_11_03_T13:15:31 -  All houses for rental were assigned in Lisboa
2024_11_03_T13:15:31 -  All houses for rental were assigned in Lisboa
2024_11_03_T13:15:31 -  All houses for rental were assigned in Lisboa
2024_11_03_T13:15:31 -  All houses for rental were assigned in Lisboa
2024_11_03_T13:15:31 -  All houses for rental were assigned in Lisboa
2024_11_03_T13:15:31 -  All houses for rental were assigned in Lisboa
2024_11_03_T13:15:31 -  All houses for rental were assigned in Lisboa
2024_11_03_T13:15:31 -  All houses for rental were assigned in Lisboa
2024_11_03_T13:15:31 -  All houses for rental were assigned in Lisboa
2024_11_03_T13:15:31 -  All houses for rental were assigned in Lisboa
2024_11_03_T13:15:31 -  All houses for rental were assigned in Lisboa
2024_11_03_T13:15:31 -  All houses for rental were assigned in Lisboa
2024_11_03_T13:15:31 -  All houses for rental were assigned in Lisboa
2024_11_03_T13:15:31 -  All houses for rental were assigned in Lisboa
2024_11_03_T13:15:31 -  All houses for rental were assigned in Lisboa
2024_11_03_T13:15:31 -  All houses for rental were assigned in Lisboa
2024_11_03_T13:15:31 -  All houses for rental were assigned in Lisboa
2024_11_03_T13:15:31 -  All houses for rental were assigned in Lisboa
2024_11_03_T13:15:31 -  All houses for rental were assigned in Lisboa
2024_11_03_T13:15:31 -  All houses for rental were assigned in Lisboa
2024_11_03_T13:15:31 -  All houses for rental were assigned in Lisboa
2024_11_03_T13:15:31 -  All houses for rental were assigned in Lisboa
2024_11_03_T13:15:31 -  All houses for rental were assigned in Lisboa
2024_11_03_T13:15:31 -  All houses for rental were assigned in Lisboa
2024_11_03_T13:15:31 -  All houses for rental were assigned in Lisboa
2024_11_03_T13:15:31 -  All houses for rental were assigned in Lisboa
2024_11_03_T13:15:31 -  All houses for rental were assigned in Lisboa
2024_11_03_T13:15:31 -  All houses for rental were assigned in Lisboa
2024_11_03_T13:15:31 -  All houses for rental were assigned in Lisboa
2024_11_03_T13:15:31 -  All houses for rental were assigned in Lisboa
2024_11_03_T13:15:31 -  All houses for rental were assigned in Lisboa
2024_11_03_T13:15:31 -  All home owners were assigned in Lisboa
2024_11_03_T13:15:31 -  All home owners were assigned in Lisboa
2024_11_03_T13:15:31 -  All home owners were assigned in Lisboa
2024_11_03_T13:15:31 -  All home owners were assigned in Lisboa
2024_11_03_T13:15:31 -  All home owners were assigned in Lisboa
2024_11_03_T13:15:31 -  All home owners were assigned in Lisboa
2024_11_03_T13:15:31 -  All home owners were assigned in Lisboa
2024_11_03_T13:15:31 -  All home owners were assigned in Lisboa
2024_11_03_T13:15:31 -  All home owners were assigned in Lisboa
2024_11_03_T13:15:31 -  All home owners were assigned in Lisboa
2024_11_03_T13:15:31 -  All home owners were assigned in Lisboa
2024_11_03_T13:15:31 -  All home owners were assigned in Lisboa
2024_11_03_T13:15:31 -  All home owners were assigned in Lisboa
2024_11_03_T13:15:31 -  All home owners were assigned in Lisboa
2024_11_03_T13:15:31 -  All home owners were assigned in Lisboa
2024_11_03_T13:15:31 -  All home owners were assigned in Lisboa
2024_11_03_T13:15:31 -  All home owners were assigned in Lisboa
2024_11_03_T13:15:31 -  All home owners were assigned in Lisboa
2024_11_03_T13:15:31 -  All home owners were assigned in Lisboa
2024_11_03_T13:15:31 -  All home owners were assigned in Lisboa
2024_11_03_T13:15:31 -  All home owners were assigned in Lisboa
2024_11_03_T13:15:31 -  All home owners were assigned in Lisboa
2024_11_03_T13:15:31 -  All home owners were assigned in Lisboa
2024_11_03_T13:15:31 -  All home owners were assigned in Lisboa
2024_11_03_T13:15:31 -  All home owners were assigned in Lisboa
2024_11_03_T13:15:31 -  All home owners were assigned in Lisboa
2024_11_03_T13:15:31 -  All home owners were assigned in Lisboa
2024_11_03_T13:15:31 -  All home owners were assigned in Lisboa
2024_11_03_T13:15:31 -  All home owners were assigned in Lisboa
2024_11_03_T13:15:31 -  All home owners were assigned in Lisboa
2024_11_03_T13:15:31 -  All home owners were assigned in Lisboa
2024_11_03_T13:15:31 -  All home owners were assigned in Lisboa
2024_11_03_T13:15:31 -  All home owners were assigned in Lisboa
2024_11_03_T13:15:31 -  All home owners were assigned in Lisboa
2024_11_03_T13:15:31 -  All home owners were assigned in Lisboa
2024_11_03_T13:15:31 -  All home owners were assigned in Lisboa
2024_11_03_T13:15:31 -  All home owners were assigned in Lisboa
2024_11_03_T13:15:31 -  All home owners were assigned in Lisboa
2024_11_03_T13:15:31 -  All home owners were assigned in Lisboa
2024_11_03_T13:15:31 -  All home owners were assigned in Lisboa
2024_11_03_T13:15:31 -  All home owners were assigned in Lisboa
2024_11_03_T13:15:31 -  All home owners were assigned in Lisboa
2024_11_03_T13:15:31 -  All home owners were assigned in Lisboa
2024_11_03_T13:15:31 -  All home owners were assigned in Lisboa
2024_11_03_T13:15:31 -  All home owners were assigned in Lisboa
2024_11_03_T13:15:31 -  All home owners were assigned in Lisboa
2024_11_03_T13:15:31 -  All home owners were assigned in Lisboa
2024_11_03_T13:15:31 -  All home owners were assigned in Lisboa
2024_11_03_T13:15:31 -  All home owners were assigned in Lisboa
2024_11_03_T13:15:31 -  All home owners were assigned in Lisboa
2024_11_03_T13:15:31 -  All home owners were assigned in Lisboa
2024_11_03_T13:15:31 -  All home owners were assigned in Lisboa
2024_11_03_T13:15:31 -  All home owners were assigned in Lisboa
2024_11_03_T13:15:31 -  All home owners were assigned in Lisboa
2024_11_03_T13:15:31 -  All home owners were assigned in Lisboa
2024_11_03_T13:15:31 -  All home owners were assigned in Lisboa
2024_11_03_T13:15:31 -  All home owners were assigned in Lisboa
2024_11_03_T13:15:31 -  All home owners were assigned in Lisboa
2024_11_03_T13:15:31 -  All home owners were assigned in Lisboa
2024_11_03_T13:15:31 -  All home owners were assigned in Lisboa
2024_11_03_T13:15:31 -  All home owners were assigned in Lisboa
2024_11_03_T13:15:31 -  All home owners were assigned in Lisboa
2024_11_03_T13:15:31 -  All home owners were assigned in Lisboa
2024_11_03_T13:15:31 -  All home owners were assigned in Lisboa
2024_11_03_T13:15:31 -  All home owners were assigned in Lisboa
2024_11_03_T13:15:31 -  All home owners were assigned in Lisboa
2024_11_03_T13:15:31 -  All home owners were assigned in Lisboa
2024_11_03_T13:15:31 -  All home owners were assigned in Lisboa
2024_11_03_T13:15:31 -  All home owners were assigned in Lisboa
2024_11_03_T13:15:31 -  All home owners were assigned in Lisboa
2024_11_03_T13:15:31 -  All home owners were assigned in Lisboa
2024_11_03_T13:15:31 -  All home owners were assigned in Lisboa
2024_11_03_T13:15:31 -  All home owners were assigned in Lisboa
2024_11_03_T13:15:31 -  All home owners were assigned in Lisboa
2024_11_03_T13:15:31 -  All home owners were assigned in Lisboa
2024_11_03_T13:15:31 -  All home owners were assigned in Lisboa
2024_11_03_T13:15:31 -  All home owners were assigned in Lisboa
2024_11_03_T13:15:31 -  All home owners were assigned in Lisboa
2024_11_03_T13:15:31 -  All home owners were assigned in Lisboa
2024_11_03_T13:15:31 -  All home owners were assigned in Lisboa
2024_11_03_T13:15:31 -  All home owners were assigned in Lisboa
2024_11_03_T13:15:31 -  All home owners were assigned in Lisboa
2024_11_03_T13:15:31 -  All home owners were assigned in Lisboa
2024_11_03_T13:15:31 -  All home owners were assigned in Lisboa
2024_11_03_T13:15:31 -  All home owners were assigned in Lisboa
2024_11_03_T13:15:31 -  All home owners were assigned in Lisboa
2024_11_03_T13:15:31 -  All home owners were assigned in Lisboa
2024_11_03_T13:15:31 -  All home owners were assigned in Lisboa
2024_11_03_T13:15:31 -  All home owners were assigned in Lisboa
2024_11_03_T13:15:31 -  All home owners were assigned in Lisboa
2024_11_03_T13:15:31 -  All home owners were assigned in Lisboa
2024_11_03_T13:15:31 -  All home owners were assigned in Lisboa
2024_11_03_T13:15:31 -  All home owners were assigned in Lisboa
2024_11_03_T13:15:31 -  All home owners were assigned in Lisboa
2024_11_03_T13:15:31 -  All home owners were assigned in Lisboa
2024_11_03_T13:15:31 -  All home owners were assigned in Lisboa
2024_11_03_T13:15:31 -  All home owners were assigned in Lisboa
2024_11_03_T13:15:31 -  All home owners were assigned in Lisboa
2024_11_03_T13:15:31 -  All home owners were assigned in Lisboa
2024_11_03_T13:15:31 -  All home owners were assigned in Lisboa
2024_11_03_T13:15:31 -  All home owners were assigned in Lisboa
2024_11_03_T13:15:31 -  All home owners were assigned in Lisboa
2024_11_03_T13:15:31 -  All home owners were assigned in Lisboa
2024_11_03_T13:15:31 -  All home owners were assigned in Lisboa
2024_11_03_T13:15:31 -  All home owners were assigned in Lisboa
2024_11_03_T13:15:31 -  All home owners were assigned in Lisboa
2024_11_03_T13:15:31 -  All home owners were assigned in Lisboa
2024_11_03_T13:15:31 -  All home owners were assigned in Lisboa
2024_11_03_T13:15:31 -  All home owners were assigned in Lisboa
2024_11_03_T13:15:31 -  All home owners were assigned in Lisboa
2024_11_03_T13:15:31 -  All home owners were assigned in Lisboa
2024_11_03_T13:15:31 -  All home owners were assigned in Lisboa
2024_11_03_T13:15:31 -  All home owners were assigned in Lisboa
2024_11_03_T13:15:31 -  All home owners were assigned in Lisboa
2024_11_03_T13:15:31 -  All home owners were assigned in Lisboa
2024_11_03_T13:15:31 -  All home owners were assigned in Lisboa
2024_11_03_T13:15:31 -  All home owners were assigned in Lisboa
2024_11_03_T13:15:31 -  All home owners were assigned in Lisboa
2024_11_03_T13:15:31 -  All home owners were assigned in Lisboa
2024_11_03_T13:15:31 -  All home owners were assigned in Lisboa
2024_11_03_T13:15:31 -  All home owners were assigned in Lisboa
2024_11_03_T13:15:31 -  All home owners were assigned in Lisboa
2024_11_03_T13:15:31 -  All home owners were assigned in Lisboa
2024_11_03_T13:15:31 -  All home owners were assigned in Lisboa
2024_11_03_T13:15:31 -  All home owners were assigned in Lisboa
2024_11_03_T13:15:31 -  All home owners were assigned in Lisboa
2024_11_03_T13:15:31 -  All home owners were assigned in Lisboa
2024_11_03_T13:15:31 -  All home owners were assigned in Lisboa
2024_11_03_T13:15:31 -  All home owners were assigned in Lisboa
2024_11_03_T13:15:31 -  All home owners were assigned in Lisboa
2024_11_03_T13:15:31 -  All home owners were assigned in Lisboa
2024_11_03_T13:15:31 -  All home owners were assigned in Lisboa
2024_11_03_T13:15:31 -  All home owners were assigned in Lisboa
2024_11_03_T13:15:31 -  All home owners were assigned in Lisboa
2024_11_03_T13:15:31 -  All home owners were assigned in Lisboa
2024_11_03_T13:15:31 -  All home owners were assigned in Lisboa
2024_11_03_T13:15:31 -  All home owners were assigned in Lisboa
2024_11_03_T13:15:31 -  All home owners were assigned in Lisboa
2024_11_03_T13:15:31 -  All home owners were assigned in Lisboa
2024_11_03_T13:15:31 -  All home owners were assigned in Lisboa
2024_11_03_T13:15:31 -  All home owners were assigned in Lisboa
2024_11_03_T13:15:31 -  All home owners were assigned in Lisboa
2024_11_03_T13:15:31 -  All home owners were assigned in Lisboa
2024_11_03_T13:15:31 -  All home owners were assigned in Lisboa
2024_11_03_T13:15:31 -  All home owners were assigned in Lisboa
2024_11_03_T13:15:31 -  All home owners were assigned in Lisboa
2024_11_03_T13:15:31 -  All home owners were assigned in Lisboa
2024_11_03_T13:15:31 -  All home owners were assigned in Lisboa
2024_11_03_T13:15:31 -  All home owners were assigned in Lisboa
2024_11_03_T13:15:31 -  All home owners were assigned in Lisboa
2024_11_03_T13:15:31 -  All home owners were assigned in Lisboa
2024_11_03_T13:15:31 -  All home owners were assigned in Lisboa
2024_11_03_T13:15:31 -  All home owners were assigned in Lisboa
2024_11_03_T13:15:31 -  All home owners were assigned in Lisboa
2024_11_03_T13:15:31 -  All home owners were assigned in Lisboa
2024_11_03_T13:15:31 -  All home owners were assigned in Lisboa
2024_11_03_T13:15:31 -  All home owners were assigned in Lisboa
2024_11_03_T13:15:31 -  All home owners were assigned in Lisboa
2024_11_03_T13:15:31 -  All home owners were assigned in Lisboa
2024_11_03_T13:15:31 -  All home owners were assigned in Lisboa
2024_11_03_T13:15:31 -  All home owners were assigned in Lisboa
2024_11_03_T13:15:31 -  All home owners were assigned in Lisboa
2024_11_03_T13:15:31 -  All home owners were assigned in Lisboa
2024_11_03_T13:15:31 -  All home owners were assigned in Lisboa
2024_11_03_T13:15:31 -  All home owners were assigned in Lisboa
2024_11_03_T13:15:31 -  All home owners were assigned in Lisboa
2024_11_03_T13:15:31 -  All home owners were assigned in Lisboa
2024_11_03_T13:15:31 -  All home owners were assigned in Lisboa
2024_11_03_T13:15:31 -  All home owners were assigned in Lisboa
2024_11_03_T13:15:31 -  All home owners were assigned in Lisboa
2024_11_03_T13:15:31 -  All home owners were assigned in Lisboa
2024_11_03_T13:15:31 -  All home owners were assigned in Lisboa
2024_11_03_T13:15:31 -  All home owners were assigned in Lisboa
2024_11_03_T13:15:31 -  All home owners were assigned in Lisboa
2024_11_03_T13:15:31 -  All home owners were assigned in Lisboa
2024_11_03_T13:15:31 -  All home owners were assigned in Lisboa
2024_11_03_T13:15:31 -  All home owners were assigned in Lisboa
2024_11_03_T13:15:31 -  All home owners were assigned in Lisboa
2024_11_03_T13:15:31 -  All home owners were assigned in Lisboa
2024_11_03_T13:15:31 -  All home owners were assigned in Lisboa
2024_11_03_T13:15:31 -  All home owners were assigned in Lisboa
2024_11_03_T13:15:31 -  All home owners were assigned in Lisboa
2024_11_03_T13:15:31 -  All home owners were assigned in Lisboa
2024_11_03_T13:15:31 -  All home owners were assigned in Lisboa
2024_11_03_T13:15:31 -  All home owners were assigned in Lisboa
2024_11_03_T13:15:31 -  All home owners were assigned in Lisboa
2024_11_03_T13:15:31 -  All home owners were assigned in Lisboa
2024_11_03_T13:15:31 -  All home owners were assigned in Lisboa
2024_11_03_T13:15:31 -  All home owners were assigned in Lisboa
2024_11_03_T13:15:31 -  All home owners were assigned in Lisboa
2024_11_03_T13:15:31 -  All home owners were assigned in Lisboa
2024_11_03_T13:15:31 -  All home owners were assigned in Lisboa
2024_11_03_T13:15:31 -  All home owners were assigned in Lisboa
2024_11_03_T13:15:31 -  All home owners were assigned in Lisboa
2024_11_03_T13:15:31 -  All home owners were assigned in Lisboa
2024_11_03_T13:15:31 -  All home owners were assigned in Lisboa
2024_11_03_T13:15:31 -  All home owners were assigned in Lisboa
2024_11_03_T13:15:31 -  All home owners were assigned in Lisboa
2024_11_03_T13:15:31 -  All home owners were assigned in Lisboa
2024_11_03_T13:15:31 -  All home owners were assigned in Lisboa
2024_11_03_T13:15:31 -  All home owners were assigned in Lisboa
2024_11_03_T13:15:31 -  All home owners were assigned in Lisboa
2024_11_03_T13:15:31 -  All home owners were assigned in Lisboa
2024_11_03_T13:15:31 -  All home owners were assigned in Lisboa
2024_11_03_T13:15:31 -  All home owners were assigned in Lisboa
2024_11_03_T13:15:31 -  All home owners were assigned in Lisboa
2024_11_03_T13:15:31 -  All home owners were assigned in Lisboa
2024_11_03_T13:15:31 -  All home owners were assigned in Lisboa
2024_11_03_T13:15:31 -  All home owners were assigned in Lisboa
2024_11_03_T13:15:31 -  All home owners were assigned in Lisboa
2024_11_03_T13:15:31 -  All home owners were assigned in Lisboa
2024_11_03_T13:15:31 -  All home owners were assigned in Lisboa
2024_11_03_T13:15:31 -  All home owners were assigned in Lisboa
2024_11_03_T13:15:31 -  All home owners were assigned in Lisboa
2024_11_03_T13:15:31 -  All home owners were assigned in Lisboa
2024_11_03_T13:15:31 -  All home owners were assigned in Lisboa
2024_11_03_T13:15:31 -  All home owners were assigned in Lisboa
2024_11_03_T13:15:31 -  All home owners were assigned in Lisboa
2024_11_03_T13:15:31 -  All home owners were assigned in Lisboa
2024_11_03_T13:15:31 -  All home owners were assigned in Lisboa
2024_11_03_T13:15:31 -  All home owners were assigned in Lisboa
2024_11_03_T13:15:31 -  All home owners were assigned in Lisboa
2024_11_03_T13:15:31 -  All home owners were assigned in Lisboa
2024_11_03_T13:15:31 -  All home owners were assigned in Lisboa
2024_11_03_T13:15:31 -  All home owners were assigned in Lisboa
2024_11_03_T13:15:31 -  All home owners were assigned in Lisboa
2024_11_03_T13:15:31 -  All home owners were assigned in Lisboa
2024_11_03_T13:15:31 -  All home owners were assigned in Lisboa
2024_11_03_T13:15:31 -  All home owners were assigned in Lisboa
2024_11_03_T13:15:31 -  All home owners were assigned in Lisboa
2024_11_03_T13:15:31 -  All home owners were assigned in Lisboa
2024_11_03_T13:15:31 -  All home owners were assigned in Lisboa
2024_11_03_T13:15:31 -  All home owners were assigned in Lisboa
2024_11_03_T13:15:31 -  All home owners were assigned in Lisboa
2024_11_03_T13:15:31 -  All home owners were assigned in Lisboa
2024_11_03_T13:15:31 -  All home owners were assigned in Lisboa
2024_11_03_T13:15:31 -  All home owners were assigned in Lisboa
2024_11_03_T13:15:31 -  All home owners were assigned in Lisboa
2024_11_03_T13:15:31 -  All home owners were assigned in Lisboa
2024_11_03_T13:15:31 -  All home owners were assigned in Lisboa
2024_11_03_T13:15:31 -  All home owners were assigned in Lisboa
2024_11_03_T13:15:31 -  All home owners were assigned in Lisboa
2024_11_03_T13:15:31 -  All home owners were assigned in Lisboa
2024_11_03_T13:15:31 -  All home owners were assigned in Lisboa
2024_11_03_T13:15:31 -  All home owners were assigned in Lisboa
2024_11_03_T13:15:31 -  All home owners were assigned in Lisboa
2024_11_03_T13:15:31 -  All home owners were assigned in Lisboa
2024_11_03_T13:15:31 -  All home owners were assigned in Lisboa
2024_11_03_T13:15:31 -  All home owners were assigned in Lisboa
2024_11_03_T13:15:31 -  All home owners were assigned in Lisboa
2024_11_03_T13:15:31 -  All home owners were assigned in Lisboa
2024_11_03_T13:15:31 -  All home owners were assigned in Lisboa
2024_11_03_T13:15:31 -  All home owners were assigned in Lisboa
2024_11_03_T13:15:31 -  All home owners were assigned in Lisboa
2024_11_03_T13:15:31 -  All home owners were assigned in Lisboa
2024_11_03_T13:15:31 -  All home owners were assigned in Lisboa
2024_11_03_T13:15:31 -  All home owners were assigned in Lisboa
2024_11_03_T13:15:31 -  All home owners were assigned in Lisboa
2024_11_03_T13:15:31 -  All home owners were assigned in Lisboa
2024_11_03_T13:15:31 -  All home owners were assigned in Lisboa
2024_11_03_T13:15:31 -  All home owners were assigned in Lisboa
2024_11_03_T13:15:31 -  All home owners were assigned in Lisboa
2024_11_03_T13:15:31 -  All home owners were assigned in Lisboa
2024_11_03_T13:15:31 -  All home owners were assigned in Lisboa
2024_11_03_T13:15:31 -  All home owners were assigned in Lisboa
2024_11_03_T13:15:31 -  All home owners were assigned in Lisboa
2024_11_03_T13:15:31 -  All home owners were assigned in Lisboa
2024_11_03_T13:15:31 -  All home owners were assigned in Lisboa
2024_11_03_T13:15:31 -  All home owners were assigned in Lisboa
2024_11_03_T13:15:31 -  All home owners were assigned in Lisboa
2024_11_03_T13:15:31 -  All home owners were assigned in Lisboa
2024_11_03_T13:15:31 -  All home owners were assigned in Lisboa
2024_11_03_T13:15:31 -  All home owners were assigned in Lisboa
2024_11_03_T13:15:31 -  All home owners were assigned in Lisboa
2024_11_03_T13:15:31 -  All home owners were assigned in Lisboa
2024_11_03_T13:15:31 -  All home owners were assigned in Lisboa
2024_11_03_T13:15:31 -  All home owners were assigned in Lisboa
2024_11_03_T13:15:31 -  All home owners were assigned in Lisboa
2024_11_03_T13:15:31 -  All home owners were assigned in Lisboa
2024_11_03_T13:15:31 -  All home owners were assigned in Lisboa
2024_11_03_T13:15:31 -  All home owners were assigned in Lisboa
2024_11_03_T13:15:31 -  All home owners were assigned in Lisboa
2024_11_03_T13:15:31 -  All home owners were assigned in Lisboa
2024_11_03_T13:15:31 -  All home owners were assigned in Lisboa
2024_11_03_T13:15:31 -  All home owners were assigned in Lisboa
2024_11_03_T13:15:31 -  All home owners were assigned in Lisboa
2024_11_03_T13:15:31 -  All home owners were assigned in Lisboa
2024_11_03_T13:15:31 -  All home owners were assigned in Lisboa
2024_11_03_T13:15:31 -  All home owners were assigned in Lisboa
2024_11_03_T13:15:31 -  All home owners were assigned in Lisboa
2024_11_03_T13:15:31 -  All home owners were assigned in Lisboa
2024_11_03_T13:15:31 -  All home owners were assigned in Lisboa
2024_11_03_T13:15:31 -  All home owners were assigned in Lisboa
2024_11_03_T13:15:31 -  All home owners were assigned in Lisboa
2024_11_03_T13:15:31 -  All home owners were assigned in Lisboa
2024_11_03_T13:15:31 -  All home owners were assigned in Lisboa
2024_11_03_T13:15:31 -  All home owners were assigned in Lisboa
2024_11_03_T13:15:31 -  All home owners were assigned in Lisboa
2024_11_03_T13:15:31 -  All home owners were assigned in Lisboa
2024_11_03_T13:15:31 -  All home owners were assigned in Lisboa
2024_11_03_T13:15:31 -  All home owners were assigned in Lisboa
2024_11_03_T13:15:31 -  All home owners were assigned in Lisboa
2024_11_03_T13:15:31 -  All home owners were assigned in Lisboa
2024_11_03_T13:15:31 -  All home owners were assigned in Lisboa
2024_11_03_T13:15:31 -  All home owners were assigned in Lisboa
2024_11_03_T13:15:31 -  All home owners were assigned in Lisboa
2024_11_03_T13:15:31 -  All home owners were assigned in Lisboa
2024_11_03_T13:15:31 -  All home owners were assigned in Lisboa
2024_11_03_T13:15:31 -  All home owners were assigned in Lisboa
2024_11_03_T13:15:31 -  All home owners were assigned in Lisboa
2024_11_03_T13:15:31 -  All home owners were assigned in Lisboa
2024_11_03_T13:15:31 -  All home owners were assigned in Lisboa
2024_11_03_T13:15:31 -  All home owners were assigned in Lisboa
2024_11_03_T13:15:31 -  All home owners were assigned in Lisboa
2024_11_03_T13:15:31 -  All home owners were assigned in Lisboa
2024_11_03_T13:15:31 -  All home owners were assigned in Lisboa
2024_11_03_T13:15:31 -  All home owners were assigned in Lisboa
2024_11_03_T13:15:31 -  All home owners were assigned in Lisboa
2024_11_03_T13:15:31 -  All home owners were assigned in Lisboa
2024_11_03_T13:15:31 -  All home owners were assigned in Lisboa
2024_11_03_T13:15:31 -  All home owners were assigned in Lisboa
2024_11_03_T13:15:31 -  All home owners were assigned in Lisboa
2024_11_03_T13:15:31 -  All home owners were assigned in Lisboa
2024_11_03_T13:15:31 -  All home owners were assigned in Lisboa
2024_11_03_T13:15:31 -  All home owners were assigned in Lisboa
2024_11_03_T13:15:31 -  All home owners were assigned in Lisboa
2024_11_03_T13:15:31 -  All home owners were assigned in Lisboa
2024_11_03_T13:15:31 -  All home owners were assigned in Lisboa
2024_11_03_T13:15:31 -  All home owners were assigned in Lisboa
2024_11_03_T13:15:31 -  All home owners were assigned in Lisboa
2024_11_03_T13:15:31 -  All home owners were assigned in Lisboa
2024_11_03_T13:15:31 -  All home owners were assigned in Lisboa
2024_11_03_T13:15:31 -  All home owners were assigned in Lisboa
2024_11_03_T13:15:31 -  All home owners were assigned in Lisboa
2024_11_03_T13:15:31 -  All home owners were assigned in Lisboa
2024_11_03_T13:15:31 -  All home owners were assigned in Lisboa
2024_11_03_T13:15:31 -  All home owners were assigned in Lisboa
2024_11_03_T13:15:31 -  All home owners were assigned in Lisboa
2024_11_03_T13:15:31 -  All home owners were assigned in Lisboa
2024_11_03_T13:15:31 -  All home owners were assigned in Lisboa
2024_11_03_T13:15:31 -  All home owners were assigned in Lisboa
2024_11_03_T13:15:31 -  All home owners were assigned in Lisboa
2024_11_03_T13:15:31 -  All home owners were assigned in Lisboa
2024_11_03_T13:15:31 -  All home owners were assigned in Lisboa
2024_11_03_T13:15:31 -  All home owners were assigned in Lisboa
2024_11_03_T13:15:31 -  All home owners were assigned in Lisboa
2024_11_03_T13:15:31 -  All home owners were assigned in Lisboa
2024_11_03_T13:15:31 -  All home owners were assigned in Lisboa
2024_11_03_T13:15:31 -  All home owners were assigned in Lisboa
2024_11_03_T13:15:31 -  All home owners were assigned in Lisboa
2024_11_03_T13:15:31 -  All home owners were assigned in Lisboa
2024_11_03_T13:15:31 -  All home owners were assigned in Lisboa
2024_11_03_T13:15:31 -  All home owners were assigned in Lisboa
2024_11_03_T13:15:31 -  All home owners were assigned in Lisboa
2024_11_03_T13:15:31 -  All home owners were assigned in Lisboa
2024_11_03_T13:15:31 -  All home owners were assigned in Lisboa
2024_11_03_T13:15:31 -  All home owners were assigned in Lisboa
2024_11_03_T13:15:31 -  All home owners were assigned in Lisboa
2024_11_03_T13:15:31 -  All home owners were assigned in Lisboa
2024_11_03_T13:15:31 -  All home owners were assigned in Lisboa
2024_11_03_T13:15:31 -  All home owners were assigned in Lisboa
2024_11_03_T13:15:31 -  All home owners were assigned in Lisboa
2024_11_03_T13:15:31 -  All home owners were assigned in Lisboa
2024_11_03_T13:15:31 -  All home owners were assigned in Lisboa
2024_11_03_T13:15:31 -  All home owners were assigned in Lisboa
2024_11_03_T13:15:31 -  All home owners were assigned in Lisboa
2024_11_03_T13:15:31 -  All home owners were assigned in Lisboa
2024_11_03_T13:15:31 -  All home owners were assigned in Lisboa
2024_11_03_T13:15:31 -  All home owners were assigned in Lisboa
2024_11_03_T13:15:31 -  All home owners were assigned in Lisboa
2024_11_03_T13:15:31 -  All home owners were assigned in Lisboa
2024_11_03_T13:15:31 -  All home owners were assigned in Lisboa
2024_11_03_T13:15:31 -  All home owners were assigned in Lisboa
2024_11_03_T13:15:31 -  All home owners were assigned in Lisboa
2024_11_03_T13:15:31 -  All home owners were assigned in Lisboa
2024_11_03_T13:15:31 -  All home owners were assigned in Lisboa
2024_11_03_T13:15:31 -  All home owners were assigned in Lisboa
2024_11_03_T13:15:31 -  All home owners were assigned in Lisboa
2024_11_03_T13:15:31 -  All home owners were assigned in Lisboa
2024_11_03_T13:15:31 -  All home owners were assigned in Lisboa
2024_11_03_T13:15:31 -  All home owners were assigned in Lisboa
2024_11_03_T13:15:31 -  All home owners were assigned in Lisboa
2024_11_03_T13:15:31 -  All home owners were assigned in Lisboa
2024_11_03_T13:15:31 -  All home owners were assigned in Lisboa
2024_11_03_T13:15:31 -  All home owners were assigned in Lisboa
2024_11_03_T13:15:31 -  All home owners were assigned in Lisboa
2024_11_03_T13:15:31 -  All home owners were assigned in Lisboa
2024_11_03_T13:15:31 -  All home owners were assigned in Lisboa
2024_11_03_T13:15:31 -  All home owners were assigned in Lisboa
2024_11_03_T13:15:31 -  All home owners were assigned in Lisboa
2024_11_03_T13:15:31 -  All home owners were assigned in Lisboa
2024_11_03_T13:15:31 -  All home owners were assigned in Lisboa
2024_11_03_T13:15:31 -  All home owners were assigned in Lisboa
2024_11_03_T13:15:31 -  All home owners were assigned in Lisboa
2024_11_03_T13:15:31 -  All home owners were assigned in Lisboa
2024_11_03_T13:15:31 -  All home owners were assigned in Lisboa
2024_11_03_T13:15:31 -  All home owners were assigned in Lisboa
2024_11_03_T13:15:31 -  All home owners were assigned in Lisboa
2024_11_03_T13:15:31 -  All home owners were assigned in Lisboa
2024_11_03_T13:15:31 -  All home owners were assigned in Lisboa
2024_11_03_T13:15:31 -  All home owners were assigned in Lisboa
2024_11_03_T13:15:31 -  All home owners were assigned in Lisboa
2024_11_03_T13:15:31 -  All home owners were assigned in Lisboa
2024_11_03_T13:15:31 -  All home owners were assigned in Lisboa
2024_11_03_T13:15:31 -  All home owners were assigned in Lisboa
2024_11_03_T13:15:31 -  All home owners were assigned in Lisboa
2024_11_03_T13:15:31 -  All home owners were assigned in Lisboa
2024_11_03_T13:15:31 -  All home owners were assigned in Lisboa
2024_11_03_T13:15:31 -  All home owners were assigned in Lisboa
2024_11_03_T13:15:31 -  All home owners were assigned in Lisboa
2024_11_03_T13:15:31 -  All home owners were assigned in Lisboa
2024_11_03_T13:15:31 -  All home owners were assigned in Lisboa
2024_11_03_T13:15:31 -  All home owners were assigned in Lisboa
2024_11_03_T13:15:31 -  All home owners were assigned in Lisboa
2024_11_03_T13:15:31 -  All home owners were assigned in Lisboa
2024_11_03_T13:15:31 -  All home owners were assigned in Lisboa
2024_11_03_T13:15:31 -  All home owners were assigned in Lisboa
2024_11_03_T13:15:31 -  All home owners were assigned in Lisboa
2024_11_03_T13:15:31 -  All home owners were assigned in Lisboa
2024_11_03_T13:15:31 -  All home owners were assigned in Lisboa
2024_11_03_T13:15:31 -  All home owners were assigned in Lisboa
2024_11_03_T13:15:31 -  All home owners were assigned in Lisboa
2024_11_03_T13:15:31 -  All home owners were assigned in Lisboa
2024_11_03_T13:15:31 -  All home owners were assigned in Lisboa
2024_11_03_T13:15:31 -  All home owners were assigned in Lisboa
2024_11_03_T13:15:31 -  All home owners were assigned in Lisboa
2024_11_03_T13:15:31 -  All home owners were assigned in Lisboa
2024_11_03_T13:15:31 -  All home owners were assigned in Lisboa
2024_11_03_T13:15:31 -  All home owners were assigned in Lisboa
2024_11_03_T13:15:31 -  All home owners were assigned in Lisboa
2024_11_03_T13:15:31 -  All home owners were assigned in Lisboa
2024_11_03_T13:15:31 -  All home owners were assigned in Lisboa
2024_11_03_T13:15:31 -  All home owners were assigned in Lisboa
2024_11_03_T13:15:31 -  All home owners were assigned in Lisboa
2024_11_03_T13:15:31 -  All home owners were assigned in Lisboa
2024_11_03_T13:15:31 -  All home owners were assigned in Lisboa
2024_11_03_T13:15:31 -  All home owners were assigned in Lisboa
2024_11_03_T13:15:31 -  All home owners were assigned in Lisboa
2024_11_03_T13:15:31 -  All home owners were assigned in Lisboa
2024_11_03_T13:15:31 -  All home owners were assigned in Lisboa
2024_11_03_T13:15:31 -  All home owners were assigned in Lisboa
2024_11_03_T13:15:31 -  All home owners were assigned in Lisboa
2024_11_03_T13:15:31 -  All home owners were assigned in Lisboa
2024_11_03_T13:15:31 -  All home owners were assigned in Lisboa
2024_11_03_T13:15:31 -  All home owners were assigned in Lisboa
2024_11_03_T13:15:31 -  All home owners were assigned in Lisboa
2024_11_03_T13:15:31 -  All home owners were assigned in Lisboa
2024_11_03_T13:15:31 -  All home owners were assigned in Lisboa
2024_11_03_T13:15:31 -  All home owners were assigned in Lisboa
2024_11_03_T13:15:31 -  All home owners were assigned in Lisboa
2024_11_03_T13:15:31 -  All home owners were assigned in Lisboa
2024_11_03_T13:15:31 -  All home owners were assigned in Lisboa
2024_11_03_T13:15:31 -  All home owners were assigned in Lisboa
2024_11_03_T13:15:31 -  All home owners were assigned in Lisboa
2024_11_03_T13:15:31 -  All home owners were assigned in Lisboa
2024_11_03_T13:15:31 -  All home owners were assigned in Lisboa
2024_11_03_T13:15:31 -  All home owners were assigned in Lisboa
2024_11_03_T13:15:31 -  All home owners were assigned in Lisboa
2024_11_03_T13:15:31 -  All home owners were assigned in Lisboa
2024_11_03_T13:15:31 -  All home owners were assigned in Lisboa
2024_11_03_T13:15:31 -  All home owners were assigned in Lisboa
2024_11_03_T13:15:31 -  All home owners were assigned in Lisboa
2024_11_03_T13:15:31 -  All home owners were assigned in Lisboa
2024_11_03_T13:15:31 -  All home owners were assigned in Lisboa
2024_11_03_T13:15:31 -  All home owners were assigned in Lisboa
2024_11_03_T13:15:31 -  All home owners were assigned in Lisboa
2024_11_03_T13:15:31 -  All home owners were assigned in Lisboa
2024_11_03_T13:15:31 -  All home owners were assigned in Lisboa
2024_11_03_T13:15:31 -  All home owners were assigned in Lisboa
2024_11_03_T13:15:31 -  All home owners were assigned in Lisboa
2024_11_03_T13:15:31 -  All home owners were assigned in Lisboa
2024_11_03_T13:15:31 -  All home owners were assigned in Lisboa
2024_11_03_T13:15:31 -  All home owners were assigned in Lisboa
2024_11_03_T13:15:31 -  All home owners were assigned in Lisboa
2024_11_03_T13:15:31 -  All home owners were assigned in Lisboa
2024_11_03_T13:15:31 -  All home owners were assigned in Lisboa
2024_11_03_T13:15:31 -  All home owners were assigned in Lisboa
2024_11_03_T13:15:31 -  All home owners were assigned in Lisboa
2024_11_03_T13:15:31 -  All home owners were assigned in Lisboa
2024_11_03_T13:15:31 -  All home owners were assigned in Lisboa
2024_11_03_T13:15:31 -  All home owners were assigned in Lisboa
2024_11_03_T13:15:31 -  All home owners were assigned in Lisboa
2024_11_03_T13:15:31 -  All home owners were assigned in Lisboa
2024_11_03_T13:15:31 -  All home owners were assigned in Lisboa
2024_11_03_T13:15:31 -  All home owners were assigned in Lisboa
2024_11_03_T13:15:31 -  All home owners were assigned in Lisboa
2024_11_03_T13:15:31 -  All home owners were assigned in Lisboa
2024_11_03_T13:15:31 -  All home owners were assigned in Lisboa
2024_11_03_T13:15:31 -  All home owners were assigned in Lisboa
2024_11_03_T13:15:31 -  All home owners were assigned in Lisboa
2024_11_03_T13:15:31 -  All home owners were assigned in Lisboa
2024_11_03_T13:15:31 -  All home owners were assigned in Lisboa
2024_11_03_T13:15:31 -  All home owners were assigned in Lisboa
2024_11_03_T13:15:31 -  All home owners were assigned in Lisboa
2024_11_03_T13:15:31 -  All home owners were assigned in Lisboa
2024_11_03_T13:15:31 -  All home owners were assigned in Lisboa
2024_11_03_T13:15:31 -  All home owners were assigned in Lisboa
2024_11_03_T13:15:31 -  All home owners were assigned in Lisboa
2024_11_03_T13:15:31 -  All home owners were assigned in Lisboa
2024_11_03_T13:15:31 -  All home owners were assigned in Lisboa
2024_11_03_T13:15:31 -  All home owners were assigned in Lisboa
2024_11_03_T13:15:31 -  All home owners were assigned in Lisboa
2024_11_03_T13:15:31 -  All home owners were assigned in Lisboa
2024_11_03_T13:15:31 -  All home owners were assigned in Lisboa
2024_11_03_T13:15:31 -  All home owners were assigned in Lisboa
2024_11_03_T13:15:31 -  All home owners were assigned in Lisboa
2024_11_03_T13:15:31 -  All home owners were assigned in Lisboa
2024_11_03_T13:15:31 -  All home owners were assigned in Lisboa
2024_11_03_T13:15:31 -  All home owners were assigned in Lisboa
2024_11_03_T13:15:31 -  All home owners were assigned in Lisboa
2024_11_03_T13:15:31 -  All home owners were assigned in Lisboa
2024_11_03_T13:15:31 -  All home owners were assigned in Lisboa
2024_11_03_T13:15:31 -  All home owners were assigned in Lisboa
2024_11_03_T13:15:31 -  All home owners were assigned in Lisboa
2024_11_03_T13:15:31 -  All home owners were assigned in Lisboa
2024_11_03_T13:15:31 -  All home owners were assigned in Lisboa
2024_11_03_T13:15:31 -  All home owners were assigned in Lisboa
2024_11_03_T13:15:31 -  All home owners were assigned in Lisboa
2024_11_03_T13:15:31 -  All home owners were assigned in Lisboa
2024_11_03_T13:15:31 -  All home owners were assigned in Lisboa
2024_11_03_T13:15:31 -  All home owners were assigned in Lisboa
2024_11_03_T13:15:31 -  All home owners were assigned in Lisboa
2024_11_03_T13:15:31 -  All home owners were assigned in Lisboa
2024_11_03_T13:15:31 -  All home owners were assigned in Lisboa
2024_11_03_T13:15:31 -  All home owners were assigned in Lisboa
2024_11_03_T13:15:31 -  All home owners were assigned in Lisboa
2024_11_03_T13:15:31 -  All home owners were assigned in Lisboa
2024_11_03_T13:15:31 -  All home owners were assigned in Lisboa
2024_11_03_T13:15:31 -  All home owners were assigned in Lisboa
2024_11_03_T13:15:31 -  All home owners were assigned in Lisboa
2024_11_03_T13:15:31 -  All home owners were assigned in Lisboa
2024_11_03_T13:15:31 -  All home owners were assigned in Lisboa
2024_11_03_T13:15:31 -  All home owners were assigned in Lisboa
2024_11_03_T13:15:31 -  All home owners were assigned in Lisboa
2024_11_03_T13:15:31 -  All home owners were assigned in Lisboa
2024_11_03_T13:15:31 -  All home owners were assigned in Lisboa
2024_11_03_T13:15:31 -  All home owners were assigned in Lisboa
2024_11_03_T13:15:31 -  All home owners were assigned in Lisboa
2024_11_03_T13:15:31 -  All home owners were assigned in Lisboa
2024_11_03_T13:15:31 -  All home owners were assigned in Lisboa
2024_11_03_T13:15:31 -  All home owners were assigned in Lisboa
2024_11_03_T13:15:31 -  All home owners were assigned in Lisboa
2024_11_03_T13:15:31 -  All home owners were assigned in Lisboa
2024_11_03_T13:15:31 -  All home owners were assigned in Lisboa
2024_11_03_T13:15:31 -  All home owners were assigned in Lisboa
2024_11_03_T13:15:31 -  All home owners were assigned in Lisboa
2024_11_03_T13:15:31 -  All home owners were assigned in Lisboa
2024_11_03_T13:15:31 -  All home owners were assigned in Lisboa
2024_11_03_T13:15:31 -  All home owners were assigned in Lisboa
2024_11_03_T13:15:31 -  All home owners were assigned in Lisboa
2024_11_03_T13:15:31 -  All home owners were assigned in Lisboa
2024_11_03_T13:15:31 -  All home owners were assigned in Lisboa
2024_11_03_T13:15:31 -  All home owners were assigned in Lisboa
2024_11_03_T13:15:31 -  All home owners were assigned in Lisboa
2024_11_03_T13:15:31 -  All home owners were assigned in Lisboa
2024_11_03_T13:15:31 -  All home owners were assigned in Lisboa
2024_11_03_T13:15:31 -  All home owners were assigned in Lisboa
2024_11_03_T13:15:31 -  All home owners were assigned in Lisboa
2024_11_03_T13:15:31 -  All home owners were assigned in Lisboa
2024_11_03_T13:15:31 -  All home owners were assigned in Lisboa
2024_11_03_T13:15:31 -  All home owners were assigned in Lisboa
2024_11_03_T13:15:31 -  All home owners were assigned in Lisboa
2024_11_03_T13:15:31 -  All home owners were assigned in Lisboa
2024_11_03_T13:15:31 -  All home owners were assigned in Lisboa
2024_11_03_T13:15:31 -  All home owners were assigned in Lisboa
2024_11_03_T13:15:31 -  All home owners were assigned in Lisboa
2024_11_03_T13:15:31 -  All home owners were assigned in Lisboa
2024_11_03_T13:15:31 -  All home owners were assigned in Lisboa
2024_11_03_T13:15:31 -  All home owners were assigned in Lisboa
2024_11_03_T13:15:31 -  All home owners were assigned in Lisboa
2024_11_03_T13:15:31 -  All home owners were assigned in Lisboa
2024_11_03_T13:15:31 -  All home owners were assigned in Lisboa
2024_11_03_T13:15:31 -  All home owners were assigned in Lisboa
2024_11_03_T13:15:31 -  All home owners were assigned in Lisboa
2024_11_03_T13:15:31 -  All home owners were assigned in Lisboa
2024_11_03_T13:15:31 -  All home owners were assigned in Lisboa
2024_11_03_T13:15:31 -  All home owners were assigned in Lisboa
2024_11_03_T13:15:31 -  All home owners were assigned in Lisboa
2024_11_03_T13:15:31 -  All home owners were assigned in Lisboa
2024_11_03_T13:15:31 -  All home owners were assigned in Lisboa
2024_11_03_T13:15:31 -  All home owners were assigned in Lisboa
2024_11_03_T13:15:31 -  All home owners were assigned in Lisboa
2024_11_03_T13:15:31 -  All home owners were assigned in Lisboa
2024_11_03_T13:15:31 -  All home owners were assigned in Lisboa
2024_11_03_T13:15:31 -  All home owners were assigned in Lisboa
2024_11_03_T13:15:31 -  All home owners were assigned in Lisboa
2024_11_03_T13:15:31 -  finished assignHousesToHouseholds in 1.8964869976043701 seconds
2024_11_03_T13:15:35 -  Metrics: sum_wealth took 9.5367431640625e-7
2024_11_03_T13:15:36 -  Metrics: wealth_distribution took 5.0067901611328125e-6
2024_11_03_T13:15:36 -  Metrics: money_distribution took 5.0067901611328125e-6
2024_11_03_T13:15:36 -  Metrics: size_distribution took 5.0067901611328125e-6
2024_11_03_T13:15:36 -  Metrics: age_distribution took 5.0067901611328125e-6
2024_11_03_T13:15:38 -  Metrics: sum_wealth took 4.482269287109375e-5
2024_11_03_T13:15:39 -  Metrics: wealth_distribution took 0.010551929473876953
2024_11_03_T13:15:39 -  Metrics: money_distribution took 0.0003428459167480469
2024_11_03_T13:15:39 -  Metrics: size_distribution took 0.007097005844116211
2024_11_03_T13:15:39 -  Metrics: age_distribution took 0.0003249645233154297
2024_11_03_T13:15:41 -  Model step started
2024_11_03_T13:15:41 -  clearHangingSupplies started
2024_11_03_T13:15:41 -  clearHangingSupplies took 0.006639003753662109
2024_11_03_T13:15:41 -  clearHangingRentalSupplies started
2024_11_03_T13:15:41 -  clearHangingRentalSupplies took 0.07209205627441406
2024_11_03_T13:15:41 -  clearHouseMarket started
2024_11_03_T13:15:41 -  clearHouseMarket - first block took 0.22635197639465332
2024_11_03_T13:15:42 -  clearHouseMarket - second block took 0.25393009185791016
2024_11_03_T13:15:42 -  clearHouseMarket - third block took 0.01265096664428711
2024_11_03_T13:15:42 -  clearRentalMarket started
2024_11_03_T13:15:42 -  clearRentalMarket - first block took 0.16381597518920898
2024_11_03_T13:15:42 -  clearRentalMarket - second block took 0.013457059860229492
2024_11_03_T13:15:42 -  Model step took 1.2267930507659912 seconds
2024_11_03_T13:15:42 -  Metrics: sum_wealth took 4.601478576660156e-5
2024_11_03_T13:15:42 -  Metrics: wealth_distribution took 0.00041103363037109375
2024_11_03_T13:15:42 -  Metrics: money_distribution took 0.00036597251892089844
2024_11_03_T13:15:42 -  Metrics: size_distribution took 0.0003311634063720703
2024_11_03_T13:15:42 -  Metrics: age_distribution took 0.0003349781036376953
2024_11_03_T13:15:44 -  Model step started
2024_11_03_T13:15:44 -  clearHangingSupplies started
2024_11_03_T13:15:44 -  clearHangingSupplies took 7.915496826171875e-5
2024_11_03_T13:15:44 -  clearHangingRentalSupplies started
2024_11_03_T13:15:44 -  clearHangingRentalSupplies took 2.6941299438476562e-5
2024_11_03_T13:15:44 -  clearHouseMarket started
2024_11_03_T13:15:44 -  clearHouseMarket - first block took 0.026421070098876953
2024_11_03_T13:15:44 -  clearHouseMarket - second block took 0.0526280403137207
2024_11_03_T13:15:44 -  clearHouseMarket - third block took 0.0002288818359375
2024_11_03_T13:15:44 -  clearRentalMarket started
2024_11_03_T13:15:44 -  clearRentalMarket - first block took 0.0039331912994384766
2024_11_03_T13:15:44 -  clearRentalMarket - second block took 7.486343383789062e-5
2024_11_03_T13:15:44 -  Pushed house into housesBuiltPerRegion (location,size) = (Lisboa, LessThan50)
2024_11_03_T13:15:44 -  Model step took 0.1567089557647705 seconds
2024_11_03_T13:15:44 -  Metrics: sum_wealth took 7.200241088867188e-5
2024_11_03_T13:15:44 -  Metrics: wealth_distribution took 0.0003631114959716797
2024_11_03_T13:15:44 -  Metrics: money_distribution took 0.0003829002380371094
2024_11_03_T13:15:44 -  Metrics: size_distribution took 0.0002980232238769531
2024_11_03_T13:15:44 -  Metrics: age_distribution took 0.0003180503845214844
2024_11_03_T13:15:46 -  Model step started
2024_11_03_T13:15:46 -  clearHangingSupplies started
2024_11_03_T13:15:46 -  clearHangingSupplies took 6.103515625e-5
2024_11_03_T13:15:46 -  clearHangingRentalSupplies started
2024_11_03_T13:15:46 -  clearHangingRentalSupplies took 2.2172927856445312e-5
2024_11_03_T13:15:46 -  clearHouseMarket started
2024_11_03_T13:15:46 -  clearHouseMarket - first block took 0.027518033981323242
2024_11_03_T13:15:46 -  clearHouseMarket - second block took 0.0033168792724609375
2024_11_03_T13:15:46 -  clearHouseMarket - third block took 0.003961801528930664
2024_11_03_T13:15:46 -  clearRentalMarket started
2024_11_03_T13:15:46 -  clearRentalMarket - first block took 0.0030069351196289062
2024_11_03_T13:15:46 -  clearRentalMarket - second block took 2.9087066650390625e-5
2024_11_03_T13:15:46 -  Model step took 0.04797196388244629 seconds
2024_11_03_T13:15:46 -  Metrics: sum_wealth took 3.0994415283203125e-5
2024_11_03_T13:15:46 -  Metrics: wealth_distribution took 0.00033783912658691406
2024_11_03_T13:15:46 -  Metrics: money_distribution took 0.00032711029052734375
2024_11_03_T13:15:46 -  Metrics: size_distribution took 0.0002999305725097656
2024_11_03_T13:15:46 -  Metrics: age_distribution took 0.000286102294921875
2024_11_03_T13:15:47 -  Model step started
2024_11_03_T13:15:47 -  clearHangingSupplies started
2024_11_03_T13:15:47 -  clearHangingSupplies took 6.103515625e-5
2024_11_03_T13:15:47 -  clearHangingRentalSupplies started
2024_11_03_T13:15:47 -  clearHangingRentalSupplies took 1.9073486328125e-5
2024_11_03_T13:15:47 -  clearHouseMarket started
2024_11_03_T13:15:47 -  clearHouseMarket - first block took 0.024674177169799805
2024_11_03_T13:15:47 -  clearHouseMarket - second block took 0.002538919448852539
2024_11_03_T13:15:47 -  clearHouseMarket - third block took 0.00019121170043945312
2024_11_03_T13:15:47 -  clearRentalMarket started
2024_11_03_T13:15:47 -  clearRentalMarket - first block took 0.003131866455078125
2024_11_03_T13:15:47 -  clearRentalMarket - second block took 2.193450927734375e-5
2024_11_03_T13:15:47 -  Pushed house into housesBuiltPerRegion (location,size) = (Lisboa, LessThan125)
2024_11_03_T13:15:47 -  Model step took 0.04098916053771973 seconds
2024_11_03_T13:15:47 -  Metrics: sum_wealth took 4.506111145019531e-5
2024_11_03_T13:15:47 -  Metrics: wealth_distribution took 0.00033402442932128906
2024_11_03_T13:15:47 -  Metrics: money_distribution took 0.0003151893615722656
2024_11_03_T13:15:47 -  Metrics: size_distribution took 0.0002429485321044922
2024_11_03_T13:15:47 -  Metrics: age_distribution took 0.0003218650817871094
2024_11_03_T13:15:49 -  Model step started
2024_11_03_T13:15:49 -  clearHangingSupplies started
2024_11_03_T13:15:49 -  clearHangingSupplies took 0.0003840923309326172
2024_11_03_T13:15:49 -  clearHangingRentalSupplies started
2024_11_03_T13:15:49 -  clearHangingRentalSupplies took 6.890296936035156e-5
2024_11_03_T13:15:49 -  clearHouseMarket started
2024_11_03_T13:15:49 -  clearHouseMarket - first block took 0.024873971939086914
2024_11_03_T13:15:49 -  clearHouseMarket - second block took 0.0018360614776611328
2024_11_03_T13:15:49 -  clearHouseMarket - third block took 0.00015401840209960938
2024_11_03_T13:15:49 -  clearRentalMarket started
2024_11_03_T13:15:49 -  clearRentalMarket - first block took 0.0031108856201171875
2024_11_03_T13:15:49 -  clearRentalMarket - second block took 4.410743713378906e-5
2024_11_03_T13:15:49 -  Model step took 0.04041314125061035 seconds
2024_11_03_T13:15:49 -  Metrics: sum_wealth took 4.601478576660156e-5
2024_11_03_T13:15:49 -  Metrics: wealth_distribution took 0.0003161430358886719
2024_11_03_T13:15:49 -  Metrics: money_distribution took 0.0003190040588378906
2024_11_03_T13:15:49 -  Metrics: size_distribution took 0.00035691261291503906
2024_11_03_T13:15:49 -  Metrics: age_distribution took 0.0004680156707763672
2024_11_03_T13:15:51 -  Model step started
2024_11_03_T13:15:51 -  clearHangingSupplies started
2024_11_03_T13:15:51 -  clearHangingSupplies took 6.008148193359375e-5
2024_11_03_T13:15:51 -  clearHangingRentalSupplies started
2024_11_03_T13:15:51 -  clearHangingRentalSupplies took 2.288818359375e-5
2024_11_03_T13:15:51 -  clearHouseMarket started
2024_11_03_T13:15:51 -  clearHouseMarket - first block took 0.027742862701416016
2024_11_03_T13:15:51 -  clearHouseMarket - second block took 0.001959085464477539
2024_11_03_T13:15:51 -  clearHouseMarket - third block took 0.00015282630920410156
2024_11_03_T13:15:51 -  clearRentalMarket started
2024_11_03_T13:15:51 -  clearRentalMarket - first block took 0.00315093994140625
2024_11_03_T13:15:51 -  clearRentalMarket - second block took 4.315376281738281e-5
2024_11_03_T13:15:51 -  Model step took 0.04313492774963379 seconds
2024_11_03_T13:15:51 -  Metrics: sum_wealth took 5.507469177246094e-5
2024_11_03_T13:15:51 -  Metrics: wealth_distribution took 0.00034999847412109375
2024_11_03_T13:15:51 -  Metrics: money_distribution took 0.0003559589385986328
2024_11_03_T13:15:51 -  Metrics: size_distribution took 0.00036406517028808594
2024_11_03_T13:15:51 -  Metrics: age_distribution took 0.00036787986755371094
2024_11_03_T13:15:53 -  Model step started
2024_11_03_T13:15:53 -  clearHangingSupplies started
2024_11_03_T13:15:53 -  clearHangingSupplies took 5.316734313964844e-5
2024_11_03_T13:15:53 -  clearHangingRentalSupplies started
2024_11_03_T13:15:53 -  clearHangingRentalSupplies took 1.9073486328125e-5
2024_11_03_T13:15:53 -  clearHouseMarket started
2024_11_03_T13:15:53 -  clearHouseMarket - first block took 0.02135300636291504
2024_11_03_T13:15:53 -  clearHouseMarket - second block took 0.0012691020965576172
2024_11_03_T13:15:53 -  clearHouseMarket - third block took 0.0001430511474609375
2024_11_03_T13:15:53 -  clearRentalMarket started
2024_11_03_T13:15:53 -  clearRentalMarket - first block took 0.0027849674224853516
2024_11_03_T13:15:53 -  clearRentalMarket - second block took 1.9073486328125e-5
2024_11_03_T13:15:53 -  Model step took 0.035173892974853516 seconds
2024_11_03_T13:15:53 -  Metrics: sum_wealth took 7.796287536621094e-5
2024_11_03_T13:15:53 -  Metrics: wealth_distribution took 0.00036406517028808594
2024_11_03_T13:15:53 -  Metrics: money_distribution took 0.00032806396484375
2024_11_03_T13:15:53 -  Metrics: size_distribution took 0.0003070831298828125
2024_11_03_T13:15:53 -  Metrics: age_distribution took 0.000370025634765625
2024_11_03_T13:15:54 -  Model step started
2024_11_03_T13:15:54 -  clearHangingSupplies started
2024_11_03_T13:15:54 -  clearHangingSupplies took 6.699562072753906e-5
2024_11_03_T13:15:54 -  clearHangingRentalSupplies started
2024_11_03_T13:15:54 -  clearHangingRentalSupplies took 2.002716064453125e-5
2024_11_03_T13:15:54 -  clearHouseMarket started
2024_11_03_T13:15:54 -  clearHouseMarket - first block took 0.02821183204650879
2024_11_03_T13:15:54 -  clearHouseMarket - second block took 0.0017580986022949219
2024_11_03_T13:15:54 -  clearHouseMarket - third block took 0.00016808509826660156
2024_11_03_T13:15:54 -  clearRentalMarket started
2024_11_03_T13:15:54 -  clearRentalMarket - first block took 0.00315093994140625
2024_11_03_T13:15:54 -  clearRentalMarket - second block took 3.218650817871094e-5
2024_11_03_T13:15:54 -  Model step took 0.04540896415710449 seconds
2024_11_03_T13:15:54 -  Metrics: sum_wealth took 9.512901306152344e-5
2024_11_03_T13:15:54 -  Metrics: wealth_distribution took 0.001361846923828125
2024_11_03_T13:15:54 -  Metrics: money_distribution took 0.0004649162292480469
2024_11_03_T13:15:54 -  Metrics: size_distribution took 0.0003108978271484375
2024_11_03_T13:15:54 -  Metrics: age_distribution took 0.0003120899200439453
2024_11_03_T13:15:56 -  Model step started
2024_11_03_T13:15:56 -  clearHangingSupplies started
2024_11_03_T13:15:56 -  clearHangingSupplies took 0.00011682510375976562
2024_11_03_T13:15:56 -  clearHangingRentalSupplies started
2024_11_03_T13:15:56 -  clearHangingRentalSupplies took 3.218650817871094e-5
2024_11_03_T13:15:56 -  clearHouseMarket started
2024_11_03_T13:15:56 -  clearHouseMarket - first block took 0.05067706108093262
2024_11_03_T13:15:56 -  clearHouseMarket - second block took 0.004011869430541992
2024_11_03_T13:15:56 -  clearHouseMarket - third block took 0.00017213821411132812
2024_11_03_T13:15:56 -  clearRentalMarket started
2024_11_03_T13:15:56 -  clearRentalMarket - first block took 0.0031490325927734375
2024_11_03_T13:15:56 -  clearRentalMarket - second block took 4.696846008300781e-5
2024_11_03_T13:15:56 -  Model step took 0.0692751407623291 seconds
2024_11_03_T13:15:56 -  Metrics: sum_wealth took 3.814697265625e-5
2024_11_03_T13:15:56 -  Metrics: wealth_distribution took 0.00034689903259277344
2024_11_03_T13:15:56 -  Metrics: money_distribution took 0.0004677772521972656
2024_11_03_T13:15:56 -  Metrics: size_distribution took 0.00028395652770996094
2024_11_03_T13:15:56 -  Metrics: age_distribution took 0.00030303001403808594
2024_11_03_T13:15:58 -  Model step started
2024_11_03_T13:15:58 -  clearHangingSupplies started
2024_11_03_T13:15:58 -  clearHangingSupplies took 5.888938903808594e-5
2024_11_03_T13:15:58 -  clearHangingRentalSupplies started
2024_11_03_T13:15:58 -  clearHangingRentalSupplies took 1.8835067749023438e-5
2024_11_03_T13:15:58 -  clearHouseMarket started
2024_11_03_T13:15:58 -  clearHouseMarket - first block took 0.030762195587158203
2024_11_03_T13:15:58 -  clearHouseMarket - second block took 0.0011110305786132812
2024_11_03_T13:15:58 -  clearHouseMarket - third block took 0.00019097328186035156
2024_11_03_T13:15:58 -  clearRentalMarket started
2024_11_03_T13:15:58 -  clearRentalMarket - first block took 0.0032958984375
2024_11_03_T13:15:58 -  clearRentalMarket - second block took 5.91278076171875e-5
2024_11_03_T13:15:58 -  Model step took 0.048043012619018555 seconds
2024_11_03_T13:15:58 -  Metrics: sum_wealth took 6.103515625e-5
2024_11_03_T13:15:58 -  Metrics: wealth_distribution took 0.0003490447998046875
2024_11_03_T13:15:58 -  Metrics: money_distribution took 0.0003440380096435547
2024_11_03_T13:15:58 -  Metrics: size_distribution took 0.00031304359436035156
2024_11_03_T13:15:58 -  Metrics: age_distribution took 0.0003991127014160156
2024_11_03_T13:16:00 -  Model step started
2024_11_03_T13:16:00 -  clearHangingSupplies started
2024_11_03_T13:16:00 -  clearHangingSupplies took 8.797645568847656e-5
2024_11_03_T13:16:00 -  clearHangingRentalSupplies started
2024_11_03_T13:16:00 -  clearHangingRentalSupplies took 2.288818359375e-5
2024_11_03_T13:16:00 -  clearHouseMarket started
2024_11_03_T13:16:00 -  clearHouseMarket - first block took 0.022101879119873047
2024_11_03_T13:16:00 -  clearHouseMarket - second block took 0.0015490055084228516
2024_11_03_T13:16:00 -  clearHouseMarket - third block took 0.0001418590545654297
2024_11_03_T13:16:00 -  clearRentalMarket started
2024_11_03_T13:16:00 -  clearRentalMarket - first block took 0.0032029151916503906
2024_11_03_T13:16:00 -  clearRentalMarket - second block took 4.506111145019531e-5
2024_11_03_T13:16:00 -  Pushed house into housesBuiltPerRegion (location,size) = (Lisboa, LessThan50)
2024_11_03_T13:16:00 -  Pushed house into housesBuiltPerRegion (location,size) = (Lisboa, More)
2024_11_03_T13:16:00 -  Model step took 0.042788028717041016 seconds
2024_11_03_T13:16:00 -  Metrics: sum_wealth took 5.1975250244140625e-5
2024_11_03_T13:16:00 -  Metrics: wealth_distribution took 0.0003571510314941406
2024_11_03_T13:16:00 -  Metrics: money_distribution took 0.000308990478515625
2024_11_03_T13:16:00 -  Metrics: size_distribution took 0.00024890899658203125
2024_11_03_T13:16:00 -  Metrics: age_distribution took 0.0002961158752441406
2024_11_03_T13:16:01 -  Model step started
2024_11_03_T13:16:01 -  clearHangingSupplies started
2024_11_03_T13:16:01 -  clearHangingSupplies took 6.508827209472656e-5
2024_11_03_T13:16:01 -  clearHangingRentalSupplies started
2024_11_03_T13:16:01 -  clearHangingRentalSupplies took 2.3126602172851562e-5
2024_11_03_T13:16:01 -  clearHouseMarket started
2024_11_03_T13:16:01 -  clearHouseMarket - first block took 0.023263931274414062
2024_11_03_T13:16:01 -  clearHouseMarket - second block took 0.0010211467742919922
2024_11_03_T13:16:01 -  clearHouseMarket - third block took 0.00012803077697753906
2024_11_03_T13:16:01 -  clearRentalMarket started
2024_11_03_T13:16:01 -  clearRentalMarket - first block took 0.0024979114532470703
2024_11_03_T13:16:01 -  clearRentalMarket - second block took 1.7881393432617188e-5
2024_11_03_T13:16:02 -  Model step took 0.10467195510864258 seconds
2024_11_03_T13:16:02 -  Metrics: sum_wealth took 5.221366882324219e-5
2024_11_03_T13:16:02 -  Metrics: wealth_distribution took 0.0004210472106933594
2024_11_03_T13:16:02 -  Metrics: money_distribution took 0.0003859996795654297
2024_11_03_T13:16:02 -  Metrics: size_distribution took 0.0003409385681152344
2024_11_03_T13:16:02 -  Metrics: age_distribution took 0.0003211498260498047
2024_11_03_T13:16:03 -  Model step started
2024_11_03_T13:16:03 -  clearHangingSupplies started
2024_11_03_T13:16:03 -  clearHangingSupplies took 0.00015616416931152344
2024_11_03_T13:16:03 -  clearHangingRentalSupplies started
2024_11_03_T13:16:03 -  clearHangingRentalSupplies took 1.8835067749023438e-5
2024_11_03_T13:16:03 -  clearHouseMarket started
2024_11_03_T13:16:03 -  clearHouseMarket - first block took 0.023395061492919922
2024_11_03_T13:16:03 -  clearHouseMarket - second block took 0.004709959030151367
2024_11_03_T13:16:03 -  clearHouseMarket - third block took 0.00017404556274414062
2024_11_03_T13:16:03 -  clearRentalMarket started
2024_11_03_T13:16:03 -  clearRentalMarket - first block took 0.0028090476989746094
2024_11_03_T13:16:03 -  clearRentalMarket - second block took 2.002716064453125e-5
2024_11_03_T13:16:03 -  Model step took 0.04109978675842285 seconds
2024_11_03_T13:16:03 -  Metrics: sum_wealth took 7.700920104980469e-5
2024_11_03_T13:16:03 -  Metrics: wealth_distribution took 0.0003559589385986328
2024_11_03_T13:16:03 -  Metrics: money_distribution took 0.00031495094299316406
2024_11_03_T13:16:03 -  Metrics: size_distribution took 0.0002918243408203125
2024_11_03_T13:16:03 -  Metrics: age_distribution took 0.0003120899200439453
2024_11_03_T13:16:05 -  Model step started
2024_11_03_T13:16:05 -  clearHangingSupplies started
2024_11_03_T13:16:05 -  clearHangingSupplies took 5.602836608886719e-5
2024_11_03_T13:16:05 -  clearHangingRentalSupplies started
2024_11_03_T13:16:05 -  clearHangingRentalSupplies took 1.71661376953125e-5
2024_11_03_T13:16:05 -  clearHouseMarket started
2024_11_03_T13:16:05 -  clearHouseMarket - first block took 0.021327972412109375
2024_11_03_T13:16:05 -  clearHouseMarket - second block took 0.0010380744934082031
2024_11_03_T13:16:05 -  clearHouseMarket - third block took 0.00013303756713867188
2024_11_03_T13:16:05 -  clearRentalMarket started
2024_11_03_T13:16:05 -  clearRentalMarket - first block took 0.0026731491088867188
2024_11_03_T13:16:05 -  clearRentalMarket - second block took 3.600120544433594e-5
2024_11_03_T13:16:05 -  Model step took 0.034811973571777344 seconds
2024_11_03_T13:16:05 -  Metrics: sum_wealth took 6.318092346191406e-5
2024_11_03_T13:16:05 -  Metrics: wealth_distribution took 0.0003077983856201172
2024_11_03_T13:16:05 -  Metrics: money_distribution took 0.0003159046173095703
2024_11_03_T13:16:05 -  Metrics: size_distribution took 0.00030112266540527344
2024_11_03_T13:16:05 -  Metrics: age_distribution took 0.00032901763916015625
2024_11_03_T13:16:07 -  Model step started
2024_11_03_T13:16:07 -  clearHangingSupplies started
2024_11_03_T13:16:07 -  clearHangingSupplies took 7.581710815429688e-5
2024_11_03_T13:16:07 -  clearHangingRentalSupplies started
2024_11_03_T13:16:07 -  clearHangingRentalSupplies took 1.9073486328125e-5
2024_11_03_T13:16:07 -  clearHouseMarket started
2024_11_03_T13:16:07 -  clearHouseMarket - first block took 0.018149137496948242
2024_11_03_T13:16:07 -  clearHouseMarket - second block took 0.0010840892791748047
2024_11_03_T13:16:07 -  clearHouseMarket - third block took 0.00015211105346679688
2024_11_03_T13:16:07 -  clearRentalMarket started
2024_11_03_T13:16:07 -  clearRentalMarket - first block took 0.0022399425506591797
2024_11_03_T13:16:07 -  clearRentalMarket - second block took 1.6927719116210938e-5
2024_11_03_T13:16:07 -  Model step took 0.03426098823547363 seconds
2024_11_03_T13:16:07 -  Metrics: sum_wealth took 6.985664367675781e-5
2024_11_03_T13:16:07 -  Metrics: wealth_distribution took 0.0003459453582763672
2024_11_03_T13:16:07 -  Metrics: money_distribution took 0.00030612945556640625
2024_11_03_T13:16:07 -  Metrics: size_distribution took 0.0002961158752441406
2024_11_03_T13:16:07 -  Metrics: age_distribution took 0.00028586387634277344
2024_11_03_T13:16:09 -  Model step started
2024_11_03_T13:16:09 -  clearHangingSupplies started
2024_11_03_T13:16:09 -  clearHangingSupplies took 7.987022399902344e-5
2024_11_03_T13:16:09 -  clearHangingRentalSupplies started
2024_11_03_T13:16:09 -  clearHangingRentalSupplies took 2.002716064453125e-5
2024_11_03_T13:16:09 -  clearHouseMarket started
2024_11_03_T13:16:09 -  clearHouseMarket - first block took 0.020349979400634766
2024_11_03_T13:16:09 -  clearHouseMarket - second block took 0.0005419254302978516
2024_11_03_T13:16:09 -  clearHouseMarket - third block took 0.0001609325408935547
2024_11_03_T13:16:09 -  clearRentalMarket started
2024_11_03_T13:16:09 -  clearRentalMarket - first block took 0.002390146255493164
2024_11_03_T13:16:09 -  clearRentalMarket - second block took 2.8133392333984375e-5
2024_11_03_T13:16:09 -  Model step took 0.03610515594482422 seconds
2024_11_03_T13:16:09 -  Metrics: sum_wealth took 4.220008850097656e-5
2024_11_03_T13:16:09 -  Metrics: wealth_distribution took 0.00032019615173339844
2024_11_03_T13:16:09 -  Metrics: money_distribution took 0.0003368854522705078
2024_11_03_T13:16:09 -  Metrics: size_distribution took 0.00037097930908203125
2024_11_03_T13:16:09 -  Metrics: age_distribution took 0.00037407875061035156
2024_11_03_T13:16:10 -  Model step started
2024_11_03_T13:16:10 -  clearHangingSupplies started
2024_11_03_T13:16:10 -  clearHangingSupplies took 5.316734313964844e-5
2024_11_03_T13:16:10 -  clearHangingRentalSupplies started
2024_11_03_T13:16:10 -  clearHangingRentalSupplies took 1.6927719116210938e-5
2024_11_03_T13:16:10 -  clearHouseMarket started
2024_11_03_T13:16:10 -  clearHouseMarket - first block took 0.019257068634033203
2024_11_03_T13:16:10 -  clearHouseMarket - second block took 0.0008699893951416016
2024_11_03_T13:16:10 -  clearHouseMarket - third block took 0.00015997886657714844
2024_11_03_T13:16:10 -  clearRentalMarket started
2024_11_03_T13:16:10 -  clearRentalMarket - first block took 0.0031599998474121094
2024_11_03_T13:16:10 -  clearRentalMarket - second block took 0.0003237724304199219
2024_11_03_T13:16:10 -  Pushed house into housesBuiltPerRegion (location,size) = (Lisboa, LessThan125)
2024_11_03_T13:16:10 -  Model step took 0.03474712371826172 seconds
2024_11_03_T13:16:10 -  Metrics: sum_wealth took 3.5762786865234375e-5
2024_11_03_T13:16:10 -  Metrics: wealth_distribution took 0.00037598609924316406
2024_11_03_T13:16:10 -  Metrics: money_distribution took 0.00040602684020996094
2024_11_03_T13:16:10 -  Metrics: size_distribution took 0.00038909912109375
2024_11_03_T13:16:10 -  Metrics: age_distribution took 0.00033402442932128906
2024_11_03_T13:16:12 -  Model step started
2024_11_03_T13:16:12 -  clearHangingSupplies started
2024_11_03_T13:16:12 -  clearHangingSupplies took 9.393692016601562e-5
2024_11_03_T13:16:12 -  clearHangingRentalSupplies started
2024_11_03_T13:16:12 -  clearHangingRentalSupplies took 1.7881393432617188e-5
2024_11_03_T13:16:12 -  clearHouseMarket started
2024_11_03_T13:16:12 -  clearHouseMarket - first block took 0.025760173797607422
2024_11_03_T13:16:12 -  clearHouseMarket - second block took 0.002758026123046875
2024_11_03_T13:16:12 -  clearHouseMarket - third block took 0.0002849102020263672
2024_11_03_T13:16:12 -  clearRentalMarket started
2024_11_03_T13:16:12 -  clearRentalMarket - first block took 0.0027420520782470703
2024_11_03_T13:16:12 -  clearRentalMarket - second block took 4.00543212890625e-5
2024_11_03_T13:16:12 -  Model step took 0.04264402389526367 seconds
2024_11_03_T13:16:12 -  Metrics: sum_wealth took 6.29425048828125e-5
2024_11_03_T13:16:12 -  Metrics: wealth_distribution took 0.0003769397735595703
2024_11_03_T13:16:12 -  Metrics: money_distribution took 0.0003540515899658203
2024_11_03_T13:16:12 -  Metrics: size_distribution took 0.00034880638122558594
2024_11_03_T13:16:12 -  Metrics: age_distribution took 0.0003559589385986328
2024_11_03_T13:16:14 -  Model step started
2024_11_03_T13:16:14 -  clearHangingSupplies started
2024_11_03_T13:16:14 -  clearHangingSupplies took 5.316734313964844e-5
2024_11_03_T13:16:14 -  clearHangingRentalSupplies started
2024_11_03_T13:16:14 -  clearHangingRentalSupplies took 1.5974044799804688e-5
2024_11_03_T13:16:14 -  clearHouseMarket started
2024_11_03_T13:16:14 -  clearHouseMarket - first block took 0.017976999282836914
2024_11_03_T13:16:14 -  clearHouseMarket - second block took 0.0011420249938964844
2024_11_03_T13:16:14 -  clearHouseMarket - third block took 0.00013017654418945312
2024_11_03_T13:16:14 -  clearRentalMarket started
2024_11_03_T13:16:14 -  clearRentalMarket - first block took 0.002775907516479492
2024_11_03_T13:16:14 -  clearRentalMarket - second block took 4.696846008300781e-5
2024_11_03_T13:16:14 -  Model step took 0.031516075134277344 seconds
2024_11_03_T13:16:14 -  Metrics: sum_wealth took 9.584426879882812e-5
2024_11_03_T13:16:14 -  Metrics: wealth_distribution took 0.00032401084899902344
2024_11_03_T13:16:14 -  Metrics: money_distribution took 0.0003228187561035156
2024_11_03_T13:16:14 -  Metrics: size_distribution took 0.00033211708068847656
2024_11_03_T13:16:14 -  Metrics: age_distribution took 0.0003390312194824219
2024_11_03_T13:16:16 -  Model step started
2024_11_03_T13:16:16 -  clearHangingSupplies started
2024_11_03_T13:16:16 -  clearHangingSupplies took 5.316734313964844e-5
2024_11_03_T13:16:16 -  clearHangingRentalSupplies started
2024_11_03_T13:16:16 -  clearHangingRentalSupplies took 1.4066696166992188e-5
2024_11_03_T13:16:16 -  clearHouseMarket started
2024_11_03_T13:16:16 -  clearHouseMarket - first block took 0.015676021575927734
2024_11_03_T13:16:16 -  clearHouseMarket - second block took 0.0010251998901367188
2024_11_03_T13:16:16 -  clearHouseMarket - third block took 0.0001499652862548828
2024_11_03_T13:16:16 -  clearRentalMarket started
2024_11_03_T13:16:16 -  clearRentalMarket - first block took 0.0022330284118652344
2024_11_03_T13:16:16 -  clearRentalMarket - second block took 0.0001399517059326172
2024_11_03_T13:16:16 -  Model step took 0.02893996238708496 seconds
2024_11_03_T13:16:16 -  Metrics: sum_wealth took 3.504753112792969e-5
2024_11_03_T13:16:16 -  Metrics: wealth_distribution took 0.0003440380096435547
2024_11_03_T13:16:16 -  Metrics: money_distribution took 0.00043201446533203125
2024_11_03_T13:16:16 -  Metrics: size_distribution took 0.0002601146697998047
2024_11_03_T13:16:16 -  Metrics: age_distribution took 0.0003428459167480469
2024_11_03_T13:16:17 -  Model step started
2024_11_03_T13:16:17 -  clearHangingSupplies started
2024_11_03_T13:16:17 -  clearHangingSupplies took 0.00013303756713867188
2024_11_03_T13:16:17 -  clearHangingRentalSupplies started
2024_11_03_T13:16:17 -  clearHangingRentalSupplies took 1.4066696166992188e-5
2024_11_03_T13:16:17 -  clearHouseMarket started
2024_11_03_T13:16:17 -  clearHouseMarket - first block took 0.016427040100097656
2024_11_03_T13:16:17 -  clearHouseMarket - second block took 0.002115011215209961
2024_11_03_T13:16:17 -  clearHouseMarket - third block took 0.0001900196075439453
2024_11_03_T13:16:17 -  clearRentalMarket started
2024_11_03_T13:16:17 -  clearRentalMarket - first block took 0.001928091049194336
2024_11_03_T13:16:17 -  clearRentalMarket - second block took 4.9114227294921875e-5
2024_11_03_T13:16:17 -  Model step took 0.03017711639404297 seconds
2024_11_03_T13:16:17 -  Metrics: sum_wealth took 3.504753112792969e-5
2024_11_03_T13:16:17 -  Metrics: wealth_distribution took 0.0003249645233154297
2024_11_03_T13:16:17 -  Metrics: money_distribution took 0.0004029273986816406
2024_11_03_T13:16:17 -  Metrics: size_distribution took 0.0003070831298828125
2024_11_03_T13:16:17 -  Metrics: age_distribution took 0.0003790855407714844
2024_11_03_T13:16:19 -  Model step started
2024_11_03_T13:16:19 -  clearHangingSupplies started
2024_11_03_T13:16:19 -  clearHangingSupplies took 6.29425048828125e-5
2024_11_03_T13:16:19 -  clearHangingRentalSupplies started
2024_11_03_T13:16:19 -  clearHangingRentalSupplies took 1.5974044799804688e-5
2024_11_03_T13:16:19 -  clearHouseMarket started
2024_11_03_T13:16:19 -  clearHouseMarket - first block took 0.018413066864013672
2024_11_03_T13:16:19 -  clearHouseMarket - second block took 0.0014879703521728516
2024_11_03_T13:16:19 -  clearHouseMarket - third block took 0.0001418590545654297
2024_11_03_T13:16:19 -  clearRentalMarket started
2024_11_03_T13:16:19 -  clearRentalMarket - first block took 0.0019800662994384766
2024_11_03_T13:16:19 -  clearRentalMarket - second block took 2.7179718017578125e-5
2024_11_03_T13:16:19 -  Model step took 0.03139686584472656 seconds
2024_11_03_T13:16:19 -  Metrics: sum_wealth took 6.008148193359375e-5
2024_11_03_T13:16:19 -  Metrics: wealth_distribution took 0.0003809928894042969
2024_11_03_T13:16:19 -  Metrics: money_distribution took 0.0003170967102050781
2024_11_03_T13:16:19 -  Metrics: size_distribution took 0.0003249645233154297
2024_11_03_T13:16:19 -  Metrics: age_distribution took 0.00037598609924316406
2024_11_03_T13:16:21 -  Model step started
2024_11_03_T13:16:21 -  clearHangingSupplies started
2024_11_03_T13:16:21 -  clearHangingSupplies took 7.295608520507812e-5
2024_11_03_T13:16:21 -  clearHangingRentalSupplies started
2024_11_03_T13:16:21 -  clearHangingRentalSupplies took 1.5974044799804688e-5
2024_11_03_T13:16:21 -  clearHouseMarket started
2024_11_03_T13:16:21 -  clearHouseMarket - first block took 0.024560928344726562
2024_11_03_T13:16:21 -  clearHouseMarket - second block took 0.0010211467742919922
2024_11_03_T13:16:21 -  clearHouseMarket - third block took 0.00012683868408203125
2024_11_03_T13:16:21 -  clearRentalMarket started
2024_11_03_T13:16:21 -  clearRentalMarket - first block took 0.0019330978393554688
2024_11_03_T13:16:21 -  clearRentalMarket - second block took 3.600120544433594e-5
2024_11_03_T13:16:21 -  Model step took 0.04172110557556152 seconds
2024_11_03_T13:16:21 -  Metrics: sum_wealth took 4.8160552978515625e-5
2024_11_03_T13:16:21 -  Metrics: wealth_distribution took 0.0004189014434814453
2024_11_03_T13:16:21 -  Metrics: money_distribution took 0.0004260540008544922
2024_11_03_T13:16:21 -  Metrics: size_distribution took 0.00030803680419921875
2024_11_03_T13:16:21 -  Metrics: age_distribution took 0.0003418922424316406
2024_11_03_T13:16:23 -  Model step started
2024_11_03_T13:16:23 -  clearHangingSupplies started
2024_11_03_T13:16:23 -  clearHangingSupplies took 4.982948303222656e-5
2024_11_03_T13:16:23 -  clearHangingRentalSupplies started
2024_11_03_T13:16:23 -  clearHangingRentalSupplies took 1.3113021850585938e-5
2024_11_03_T13:16:23 -  clearHouseMarket started
2024_11_03_T13:16:23 -  clearHouseMarket - first block took 0.016826868057250977
2024_11_03_T13:16:23 -  clearHouseMarket - second block took 0.0019140243530273438
2024_11_03_T13:16:23 -  clearHouseMarket - third block took 0.00036716461181640625
2024_11_03_T13:16:23 -  clearRentalMarket started
2024_11_03_T13:16:23 -  clearRentalMarket - first block took 0.0016121864318847656
2024_11_03_T13:16:23 -  clearRentalMarket - second block took 2.6941299438476562e-5
2024_11_03_T13:16:23 -  Model step took 0.030668973922729492 seconds
2024_11_03_T13:16:23 -  Metrics: sum_wealth took 5.0067901611328125e-5
2024_11_03_T13:16:23 -  Metrics: wealth_distribution took 0.0003349781036376953
2024_11_03_T13:16:23 -  Metrics: money_distribution took 0.00033593177795410156
2024_11_03_T13:16:23 -  Metrics: size_distribution took 0.00028705596923828125
2024_11_03_T13:16:23 -  Metrics: age_distribution took 0.00035190582275390625
