2024_10_27_T12:01:59 -  finished initateHouses in 0.958064079284668 seconds
2024_10_27_T12:01:59 -  finished initiateHouseholds in 1.1686370372772217 seconds
2024_10_27_T12:01:59 -  finished assignHousesToHouseholds in 1.5572381019592285 seconds
2024_10_27_T12:02:04 -  Metrics: sum_wealth took 9.5367431640625e-7
2024_10_27_T12:02:05 -  Metrics: wealth_distribution took 5.9604644775390625e-6
2024_10_27_T12:02:05 -  Metrics: money_distribution took 5.9604644775390625e-6
2024_10_27_T12:02:05 -  Metrics: size_distribution took 5.9604644775390625e-6
2024_10_27_T12:02:05 -  Metrics: age_distribution took 5.0067901611328125e-6
2024_10_27_T12:02:07 -  Metrics: sum_wealth took 3.600120544433594e-5
2024_10_27_T12:02:07 -  Metrics: wealth_distribution took 0.012223958969116211
2024_10_27_T12:02:07 -  Metrics: money_distribution took 0.0003509521484375
2024_10_27_T12:02:07 -  Metrics: size_distribution took 0.00769495964050293
2024_10_27_T12:02:07 -  Metrics: age_distribution took 0.0003349781036376953
2024_10_27_T12:02:10 -  Model step started
2024_10_27_T12:02:10 -  clearHangingSupplies started
2024_10_27_T12:02:10 -  clearHangingSupplies took 0.0061299800872802734
2024_10_27_T12:02:10 -  clearHangingRentalSupplies started
2024_10_27_T12:02:10 -  clearHangingRentalSupplies took 0.0032041072845458984
2024_10_27_T12:02:10 -  clearHouseMarket started
2024_10_27_T12:02:11 -  clearHouseMarket - first block took 0.5657708644866943
2024_10_27_T12:02:11 -  clearHouseMarket - second block took 0.17026686668395996
2024_10_27_T12:02:11 -  clearHouseMarket - third block took 0.011866092681884766
2024_10_27_T12:02:11 -  clearRentalMarket started
2024_10_27_T12:02:11 -  clearRentalMarket - first block took 0.14076685905456543
2024_10_27_T12:02:11 -  clearRentalMarket - second block took 1.3113021850585938e-5
2024_10_27_T12:02:11 -  So far maxMortgageValue has spent 0.0 seconds
2024_10_27_T12:02:11 -  Model step took 1.1529688835144043 seconds
2024_10_27_T12:02:11 -  Metrics: sum_wealth took 7.200241088867188e-5
2024_10_27_T12:02:11 -  Metrics: wealth_distribution took 0.0003991127014160156
2024_10_27_T12:02:11 -  Metrics: money_distribution took 0.0003428459167480469
2024_10_27_T12:02:11 -  Metrics: size_distribution took 0.0002739429473876953
2024_10_27_T12:02:11 -  Metrics: age_distribution took 0.00035190582275390625
2024_10_27_T12:02:13 -  Model step started
2024_10_27_T12:02:13 -  clearHangingSupplies started
2024_10_27_T12:02:13 -  clearHangingSupplies took 0.0001010894775390625
2024_10_27_T12:02:13 -  clearHangingRentalSupplies started
2024_10_27_T12:02:13 -  clearHangingRentalSupplies took 5.9604644775390625e-6
2024_10_27_T12:02:13 -  clearHouseMarket started
2024_10_27_T12:02:13 -  clearHouseMarket - first block took 0.02309393882751465
2024_10_27_T12:02:13 -  clearHouseMarket - second block took 0.00013899803161621094
2024_10_27_T12:02:13 -  clearHouseMarket - third block took 0.00019502639770507812
2024_10_27_T12:02:13 -  clearRentalMarket started
2024_10_27_T12:02:13 -  clearRentalMarket - first block took 0.0019178390502929688
2024_10_27_T12:02:13 -  clearRentalMarket - second block took 5.9604644775390625e-6
2024_10_27_T12:02:13 -  Pushed house into housesBuiltPerRegion (location,size) = (Lisboa, LessThan50)
2024_10_27_T12:02:13 -  So far maxMortgageValue has spent 0.0 seconds
2024_10_27_T12:02:13 -  Model step took 0.11273002624511719 seconds
2024_10_27_T12:02:13 -  Metrics: sum_wealth took 7.796287536621094e-5
2024_10_27_T12:02:13 -  Metrics: wealth_distribution took 0.0010499954223632812
2024_10_27_T12:02:13 -  Metrics: money_distribution took 0.00035691261291503906
2024_10_27_T12:02:13 -  Metrics: size_distribution took 0.00031685829162597656
2024_10_27_T12:02:13 -  Metrics: age_distribution took 0.0003731250762939453
2024_10_27_T12:02:15 -  Model step started
2024_10_27_T12:02:15 -  clearHangingSupplies started
2024_10_27_T12:02:15 -  clearHangingSupplies took 8.797645568847656e-5
2024_10_27_T12:02:15 -  clearHangingRentalSupplies started
2024_10_27_T12:02:15 -  clearHangingRentalSupplies took 5.0067901611328125e-6
2024_10_27_T12:02:15 -  clearHouseMarket started
2024_10_27_T12:02:15 -  clearHouseMarket - first block took 0.015674829483032227
2024_10_27_T12:02:15 -  clearHouseMarket - second block took 7.009506225585938e-5
2024_10_27_T12:02:15 -  clearHouseMarket - third block took 9.679794311523438e-5
2024_10_27_T12:02:15 -  clearRentalMarket started
2024_10_27_T12:02:15 -  clearRentalMarket - first block took 9.298324584960938e-5
2024_10_27_T12:02:15 -  clearRentalMarket - second block took 5.0067901611328125e-6
2024_10_27_T12:02:15 -  So far maxMortgageValue has spent 0.0 seconds
2024_10_27_T12:02:15 -  Model step took 0.033514976501464844 seconds
2024_10_27_T12:02:15 -  Metrics: sum_wealth took 7.510185241699219e-5
2024_10_27_T12:02:15 -  Metrics: wealth_distribution took 0.000331878662109375
2024_10_27_T12:02:15 -  Metrics: money_distribution took 0.00034999847412109375
2024_10_27_T12:02:15 -  Metrics: size_distribution took 0.0002701282501220703
2024_10_27_T12:02:15 -  Metrics: age_distribution took 0.00030493736267089844
2024_10_27_T12:02:17 -  Model step started
2024_10_27_T12:02:17 -  clearHangingSupplies started
2024_10_27_T12:02:17 -  clearHangingSupplies took 8.20159912109375e-5
2024_10_27_T12:02:17 -  clearHangingRentalSupplies started
2024_10_27_T12:02:17 -  clearHangingRentalSupplies took 3.0994415283203125e-6
2024_10_27_T12:02:17 -  clearHouseMarket started
2024_10_27_T12:02:17 -  clearHouseMarket - first block took 0.018810033798217773
2024_10_27_T12:02:17 -  clearHouseMarket - second block took 7.104873657226562e-5
2024_10_27_T12:02:17 -  clearHouseMarket - third block took 0.00011491775512695312
2024_10_27_T12:02:17 -  clearRentalMarket started
2024_10_27_T12:02:17 -  clearRentalMarket - first block took 0.0010771751403808594
2024_10_27_T12:02:17 -  clearRentalMarket - second block took 5.0067901611328125e-6
2024_10_27_T12:02:17 -  Pushed house into housesBuiltPerRegion (location,size) = (Lisboa, LessThan125)
2024_10_27_T12:02:17 -  So far maxMortgageValue has spent 0.0 seconds
2024_10_27_T12:02:17 -  Model step took 0.030955076217651367 seconds
2024_10_27_T12:02:17 -  Metrics: sum_wealth took 5.1975250244140625e-5
2024_10_27_T12:02:17 -  Metrics: wealth_distribution took 0.0003268718719482422
2024_10_27_T12:02:17 -  Metrics: money_distribution took 0.0003399848937988281
2024_10_27_T12:02:17 -  Metrics: size_distribution took 0.0003571510314941406
2024_10_27_T12:02:17 -  Metrics: age_distribution took 0.0003600120544433594
2024_10_27_T12:02:20 -  Model step started
2024_10_27_T12:02:20 -  clearHangingSupplies started
2024_10_27_T12:02:20 -  clearHangingSupplies took 8.511543273925781e-5
2024_10_27_T12:02:20 -  clearHangingRentalSupplies started
2024_10_27_T12:02:20 -  clearHangingRentalSupplies took 5.9604644775390625e-6
2024_10_27_T12:02:20 -  clearHouseMarket started
2024_10_27_T12:02:20 -  clearHouseMarket - first block took 0.028719186782836914
2024_10_27_T12:02:20 -  clearHouseMarket - second block took 0.0659480094909668
2024_10_27_T12:02:20 -  clearHouseMarket - third block took 0.00015401840209960938
2024_10_27_T12:02:20 -  clearRentalMarket started
2024_10_27_T12:02:20 -  clearRentalMarket - first block took 0.0011429786682128906
2024_10_27_T12:02:20 -  clearRentalMarket - second block took 1.5974044799804688e-5
2024_10_27_T12:02:20 -  So far maxMortgageValue has spent 0.0 seconds
2024_10_27_T12:02:20 -  Model step took 0.11332297325134277 seconds
2024_10_27_T12:02:20 -  Metrics: sum_wealth took 4.601478576660156e-5
2024_10_27_T12:02:20 -  Metrics: wealth_distribution took 0.0004150867462158203
2024_10_27_T12:02:20 -  Metrics: money_distribution took 0.00038886070251464844
2024_10_27_T12:02:20 -  Metrics: size_distribution took 0.0004029273986816406
2024_10_27_T12:02:20 -  Metrics: age_distribution took 0.0003170967102050781
2024_10_27_T12:02:22 -  Model step started
2024_10_27_T12:02:22 -  clearHangingSupplies started
2024_10_27_T12:02:22 -  clearHangingSupplies took 0.00013899803161621094
2024_10_27_T12:02:22 -  clearHangingRentalSupplies started
2024_10_27_T12:02:22 -  clearHangingRentalSupplies took 2.86102294921875e-6
2024_10_27_T12:02:22 -  clearHouseMarket started
2024_10_27_T12:02:22 -  clearHouseMarket - first block took 0.021127939224243164
2024_10_27_T12:02:22 -  clearHouseMarket - second block took 0.0005321502685546875
2024_10_27_T12:02:22 -  clearHouseMarket - third block took 9.489059448242188e-5
2024_10_27_T12:02:22 -  clearRentalMarket started
2024_10_27_T12:02:22 -  clearRentalMarket - first block took 8.296966552734375e-5
2024_10_27_T12:02:22 -  clearRentalMarket - second block took 9.5367431640625e-7
2024_10_27_T12:02:22 -  So far maxMortgageValue has spent 0.0 seconds
2024_10_27_T12:02:22 -  Model step took 0.033102989196777344 seconds
2024_10_27_T12:02:22 -  Metrics: sum_wealth took 4.792213439941406e-5
2024_10_27_T12:02:22 -  Metrics: wealth_distribution took 0.000659942626953125
2024_10_27_T12:02:22 -  Metrics: money_distribution took 0.0004239082336425781
2024_10_27_T12:02:22 -  Metrics: size_distribution took 0.0003769397735595703
2024_10_27_T12:02:22 -  Metrics: age_distribution took 0.00045490264892578125
2024_10_27_T12:02:24 -  Model step started
2024_10_27_T12:02:24 -  clearHangingSupplies started
2024_10_27_T12:02:24 -  clearHangingSupplies took 0.00016498565673828125
2024_10_27_T12:02:24 -  clearHangingRentalSupplies started
2024_10_27_T12:02:24 -  clearHangingRentalSupplies took 2.1457672119140625e-6
2024_10_27_T12:02:24 -  clearHouseMarket started
2024_10_27_T12:02:24 -  clearHouseMarket - first block took 0.021486997604370117
2024_10_27_T12:02:24 -  clearHouseMarket - second block took 0.00037407875061035156
2024_10_27_T12:02:24 -  clearHouseMarket - third block took 0.004244089126586914
2024_10_27_T12:02:24 -  clearRentalMarket started
2024_10_27_T12:02:24 -  clearRentalMarket - first block took 0.0019769668579101562
2024_10_27_T12:02:24 -  clearRentalMarket - second block took 5.0067901611328125e-6
2024_10_27_T12:02:24 -  So far maxMortgageValue has spent 0.0 seconds
2024_10_27_T12:02:24 -  Model step took 0.03978705406188965 seconds
2024_10_27_T12:02:24 -  Metrics: sum_wealth took 4.1961669921875e-5
2024_10_27_T12:02:24 -  Metrics: wealth_distribution took 0.0003101825714111328
2024_10_27_T12:02:24 -  Metrics: money_distribution took 0.000331878662109375
2024_10_27_T12:02:24 -  Metrics: size_distribution took 0.00029206275939941406
2024_10_27_T12:02:24 -  Metrics: age_distribution took 0.000308990478515625
2024_10_27_T12:02:26 -  Model step started
2024_10_27_T12:02:26 -  clearHangingSupplies started
2024_10_27_T12:02:26 -  clearHangingSupplies took 8.797645568847656e-5
2024_10_27_T12:02:26 -  clearHangingRentalSupplies started
2024_10_27_T12:02:26 -  clearHangingRentalSupplies took 4.0531158447265625e-6
2024_10_27_T12:02:26 -  clearHouseMarket started
2024_10_27_T12:02:26 -  clearHouseMarket - first block took 0.028015851974487305
2024_10_27_T12:02:26 -  clearHouseMarket - second block took 0.00033092498779296875
2024_10_27_T12:02:26 -  clearHouseMarket - third block took 0.00014090538024902344
2024_10_27_T12:02:26 -  clearRentalMarket started
2024_10_27_T12:02:26 -  clearRentalMarket - first block took 0.000965118408203125
2024_10_27_T12:02:26 -  clearRentalMarket - second block took 1.9073486328125e-6
2024_10_27_T12:02:26 -  So far maxMortgageValue has spent 0.0 seconds
2024_10_27_T12:02:26 -  Model step took 0.04464888572692871 seconds
2024_10_27_T12:02:26 -  Metrics: sum_wealth took 4.9114227294921875e-5
2024_10_27_T12:02:26 -  Metrics: wealth_distribution took 0.0003559589385986328
2024_10_27_T12:02:26 -  Metrics: money_distribution took 0.00035500526428222656
2024_10_27_T12:02:26 -  Metrics: size_distribution took 0.00030684471130371094
2024_10_27_T12:02:26 -  Metrics: age_distribution took 0.0003800392150878906
2024_10_27_T12:02:28 -  Model step started
2024_10_27_T12:02:28 -  clearHangingSupplies started
2024_10_27_T12:02:28 -  clearHangingSupplies took 7.891654968261719e-5
2024_10_27_T12:02:28 -  clearHangingRentalSupplies started
2024_10_27_T12:02:28 -  clearHangingRentalSupplies took 1.9073486328125e-6
2024_10_27_T12:02:28 -  clearHouseMarket started
2024_10_27_T12:02:28 -  clearHouseMarket - first block took 0.018965959548950195
2024_10_27_T12:02:28 -  clearHouseMarket - second block took 0.0008461475372314453
2024_10_27_T12:02:28 -  clearHouseMarket - third block took 0.0001537799835205078
2024_10_27_T12:02:28 -  clearRentalMarket started
2024_10_27_T12:02:28 -  clearRentalMarket - first block took 0.001110076904296875
2024_10_27_T12:02:28 -  clearRentalMarket - second block took 3.0994415283203125e-6
2024_10_27_T12:02:28 -  So far maxMortgageValue has spent 0.0 seconds
2024_10_27_T12:02:28 -  Model step took 0.03435707092285156 seconds
2024_10_27_T12:02:28 -  Metrics: sum_wealth took 4.291534423828125e-5
2024_10_27_T12:02:28 -  Metrics: wealth_distribution took 0.00031495094299316406
2024_10_27_T12:02:28 -  Metrics: money_distribution took 0.0004019737243652344
2024_10_27_T12:02:28 -  Metrics: size_distribution took 0.00034499168395996094
2024_10_27_T12:02:28 -  Metrics: age_distribution took 0.00041294097900390625
2024_10_27_T12:02:30 -  Model step started
2024_10_27_T12:02:30 -  clearHangingSupplies started
2024_10_27_T12:02:30 -  clearHangingSupplies took 0.01147603988647461
2024_10_27_T12:02:30 -  clearHangingRentalSupplies started
2024_10_27_T12:02:30 -  clearHangingRentalSupplies took 4.0531158447265625e-6
2024_10_27_T12:02:30 -  clearHouseMarket started
2024_10_27_T12:02:30 -  clearHouseMarket - first block took 0.02087712287902832
2024_10_27_T12:02:30 -  clearHouseMarket - second block took 0.00028586387634277344
2024_10_27_T12:02:30 -  clearHouseMarket - third block took 0.00013208389282226562
2024_10_27_T12:02:30 -  clearRentalMarket started
2024_10_27_T12:02:30 -  clearRentalMarket - first block took 0.0013480186462402344
2024_10_27_T12:02:30 -  clearRentalMarket - second block took 9.5367431640625e-7
2024_10_27_T12:02:30 -  So far maxMortgageValue has spent 0.0 seconds
2024_10_27_T12:02:30 -  Model step took 0.04675698280334473 seconds
2024_10_27_T12:02:30 -  Metrics: sum_wealth took 8.20159912109375e-5
2024_10_27_T12:02:30 -  Metrics: wealth_distribution took 0.0003399848937988281
2024_10_27_T12:02:30 -  Metrics: money_distribution took 0.0003409385681152344
2024_10_27_T12:02:30 -  Metrics: size_distribution took 0.0003139972686767578
2024_10_27_T12:02:30 -  Metrics: age_distribution took 0.00032401084899902344
2024_10_27_T12:02:32 -  Model step started
2024_10_27_T12:02:32 -  clearHangingSupplies started
2024_10_27_T12:02:32 -  clearHangingSupplies took 9.202957153320312e-5
2024_10_27_T12:02:32 -  clearHangingRentalSupplies started
2024_10_27_T12:02:32 -  clearHangingRentalSupplies took 4.0531158447265625e-6
2024_10_27_T12:02:32 -  clearHouseMarket started
2024_10_27_T12:02:32 -  clearHouseMarket - first block took 0.04195117950439453
2024_10_27_T12:02:32 -  clearHouseMarket - second block took 0.0008029937744140625
2024_10_27_T12:02:32 -  clearHouseMarket - third block took 0.00025200843811035156
2024_10_27_T12:02:32 -  clearRentalMarket started
2024_10_27_T12:02:32 -  clearRentalMarket - first block took 7.104873657226562e-5
2024_10_27_T12:02:32 -  clearRentalMarket - second block took 2.1457672119140625e-6
2024_10_27_T12:02:33 -  Pushed house into housesBuiltPerRegion (location,size) = (Lisboa, More)
2024_10_27_T12:02:33 -  Pushed house into housesBuiltPerRegion (location,size) = (Lisboa, LessThan50)
2024_10_27_T12:02:33 -  So far maxMortgageValue has spent 0.0 seconds
2024_10_27_T12:02:33 -  Model step took 0.06662297248840332 seconds
2024_10_27_T12:02:33 -  Metrics: sum_wealth took 4.696846008300781e-5
2024_10_27_T12:02:33 -  Metrics: wealth_distribution took 0.0003409385681152344
2024_10_27_T12:02:33 -  Metrics: money_distribution took 0.0003330707550048828
2024_10_27_T12:02:33 -  Metrics: size_distribution took 0.0002911090850830078
2024_10_27_T12:02:33 -  Metrics: age_distribution took 0.0003521442413330078
2024_10_27_T12:02:35 -  Model step started
2024_10_27_T12:02:35 -  clearHangingSupplies started
2024_10_27_T12:02:35 -  clearHangingSupplies took 8.106231689453125e-5
2024_10_27_T12:02:35 -  clearHangingRentalSupplies started
2024_10_27_T12:02:35 -  clearHangingRentalSupplies took 3.0994415283203125e-6
2024_10_27_T12:02:35 -  clearHouseMarket started
2024_10_27_T12:02:35 -  clearHouseMarket - first block took 0.021548986434936523
2024_10_27_T12:02:35 -  clearHouseMarket - second block took 0.0012509822845458984
2024_10_27_T12:02:35 -  clearHouseMarket - third block took 0.0002579689025878906
2024_10_27_T12:02:35 -  clearRentalMarket started
2024_10_27_T12:02:35 -  clearRentalMarket - first block took 0.00018596649169921875
2024_10_27_T12:02:35 -  clearRentalMarket - second block took 3.0994415283203125e-6
2024_10_27_T12:02:35 -  So far maxMortgageValue has spent 0.0 seconds
2024_10_27_T12:02:35 -  Model step took 0.03542494773864746 seconds
2024_10_27_T12:02:35 -  Metrics: sum_wealth took 4.315376281738281e-5
2024_10_27_T12:02:35 -  Metrics: wealth_distribution took 0.0003540515899658203
2024_10_27_T12:02:35 -  Metrics: money_distribution took 0.0004220008850097656
2024_10_27_T12:02:35 -  Metrics: size_distribution took 0.0003771781921386719
2024_10_27_T12:02:35 -  Metrics: age_distribution took 0.00036215782165527344
