2024_11_14_T12:58:28 -  finished initateHouses in 0.7521390914916992 seconds
2024_11_14_T12:58:28 -  finished initiateHouseholds in 0.9707551002502441 seconds
2024_11_14_T12:58:29 -  All houses for rental were assigned in Lisboa
2024_11_14_T12:58:29 -  All houses for rental were assigned in Lisboa
2024_11_14_T12:58:29 -  All houses for rental were assigned in Lisboa
2024_11_14_T12:58:29 -  All houses for rental were assigned in Lisboa
2024_11_14_T12:58:29 -  All houses for rental were assigned in Lisboa
2024_11_14_T12:58:29 -  All houses for rental were assigned in Lisboa
2024_11_14_T12:58:29 -  All houses for rental were assigned in Lisboa
2024_11_14_T12:58:29 -  All houses for rental were assigned in Lisboa
2024_11_14_T12:58:29 -  All houses for rental were assigned in Lisboa
2024_11_14_T12:58:29 -  All houses for rental were assigned in Lisboa
2024_11_14_T12:58:29 -  All houses for rental were assigned in Lisboa
2024_11_14_T12:58:29 -  All houses for rental were assigned in Lisboa
2024_11_14_T12:58:29 -  All houses for rental were assigned in Lisboa
2024_11_14_T12:58:29 -  All houses for rental were assigned in Lisboa
2024_11_14_T12:58:29 -  All houses for rental were assigned in Lisboa
2024_11_14_T12:58:29 -  All houses for rental were assigned in Lisboa
2024_11_14_T12:58:29 -  All houses for rental were assigned in Lisboa
2024_11_14_T12:58:29 -  All houses for rental were assigned in Lisboa
2024_11_14_T12:58:29 -  All houses for rental were assigned in Lisboa
2024_11_14_T12:58:29 -  All houses for rental were assigned in Lisboa
2024_11_14_T12:58:29 -  All houses for rental were assigned in Lisboa
2024_11_14_T12:58:29 -  All houses for rental were assigned in Lisboa
2024_11_14_T12:58:29 -  All houses for rental were assigned in Lisboa
2024_11_14_T12:58:29 -  All houses for rental were assigned in Lisboa
2024_11_14_T12:58:29 -  All houses for rental were assigned in Lisboa
2024_11_14_T12:58:29 -  All houses for rental were assigned in Lisboa
2024_11_14_T12:58:29 -  All houses for rental were assigned in Lisboa
2024_11_14_T12:58:29 -  All houses for rental were assigned in Lisboa
2024_11_14_T12:58:29 -  All houses for rental were assigned in Lisboa
2024_11_14_T12:58:29 -  All houses for rental were assigned in Lisboa
2024_11_14_T12:58:29 -  All houses for rental were assigned in Lisboa
2024_11_14_T12:58:29 -  All houses for rental were assigned in Lisboa
2024_11_14_T12:58:29 -  All houses for rental were assigned in Lisboa
2024_11_14_T12:58:29 -  All houses for rental were assigned in Lisboa
2024_11_14_T12:58:29 -  All houses for rental were assigned in Lisboa
2024_11_14_T12:58:29 -  All houses for rental were assigned in Lisboa
2024_11_14_T12:58:29 -  All houses for rental were assigned in Lisboa
2024_11_14_T12:58:29 -  All houses for rental were assigned in Lisboa
2024_11_14_T12:58:29 -  All houses for rental were assigned in Lisboa
2024_11_14_T12:58:29 -  All houses for rental were assigned in Lisboa
2024_11_14_T12:58:29 -  All houses for rental were assigned in Lisboa
2024_11_14_T12:58:29 -  All houses for rental were assigned in Lisboa
2024_11_14_T12:58:29 -  All houses for rental were assigned in Lisboa
2024_11_14_T12:58:29 -  All houses for rental were assigned in Lisboa
2024_11_14_T12:58:29 -  All houses for rental were assigned in Lisboa
2024_11_14_T12:58:29 -  All houses for rental were assigned in Lisboa
2024_11_14_T12:58:29 -  All houses for rental were assigned in Lisboa
2024_11_14_T12:58:29 -  All houses for rental were assigned in Lisboa
2024_11_14_T12:58:29 -  All houses for rental were assigned in Lisboa
2024_11_14_T12:58:29 -  All houses for rental were assigned in Lisboa
2024_11_14_T12:58:29 -  All houses for rental were assigned in Lisboa
2024_11_14_T12:58:29 -  All houses for rental were assigned in Lisboa
2024_11_14_T12:58:29 -  All houses for rental were assigned in Lisboa
2024_11_14_T12:58:29 -  All houses for rental were assigned in Lisboa
2024_11_14_T12:58:29 -  All houses for rental were assigned in Lisboa
2024_11_14_T12:58:29 -  All houses for rental were assigned in Lisboa
2024_11_14_T12:58:29 -  All houses for rental were assigned in Lisboa
2024_11_14_T12:58:29 -  All houses for rental were assigned in Lisboa
2024_11_14_T12:58:29 -  All houses for rental were assigned in Lisboa
2024_11_14_T12:58:29 -  All houses for rental were assigned in Lisboa
2024_11_14_T12:58:29 -  All houses for rental were assigned in Lisboa
2024_11_14_T12:58:29 -  All houses for rental were assigned in Lisboa
2024_11_14_T12:58:29 -  All houses for rental were assigned in Lisboa
2024_11_14_T12:58:29 -  All houses for rental were assigned in Lisboa
2024_11_14_T12:58:29 -  All houses for rental were assigned in Lisboa
2024_11_14_T12:58:29 -  All houses for rental were assigned in Lisboa
2024_11_14_T12:58:29 -  All houses for rental were assigned in Lisboa
2024_11_14_T12:58:29 -  All houses for rental were assigned in Lisboa
2024_11_14_T12:58:29 -  All houses for rental were assigned in Lisboa
2024_11_14_T12:58:29 -  All houses for rental were assigned in Lisboa
2024_11_14_T12:58:29 -  All houses for rental were assigned in Lisboa
2024_11_14_T12:58:29 -  All houses for rental were assigned in Lisboa
2024_11_14_T12:58:29 -  All houses for rental were assigned in Lisboa
2024_11_14_T12:58:29 -  All houses for rental were assigned in Lisboa
2024_11_14_T12:58:29 -  All houses for rental were assigned in Lisboa
2024_11_14_T12:58:29 -  All houses for rental were assigned in Lisboa
2024_11_14_T12:58:29 -  All houses for rental were assigned in Lisboa
2024_11_14_T12:58:29 -  All houses for rental were assigned in Lisboa
2024_11_14_T12:58:29 -  All houses for rental were assigned in Lisboa
2024_11_14_T12:58:29 -  All houses for rental were assigned in Lisboa
2024_11_14_T12:58:29 -  All houses for rental were assigned in Lisboa
2024_11_14_T12:58:29 -  All houses for rental were assigned in Lisboa
2024_11_14_T12:58:29 -  All houses for rental were assigned in Lisboa
2024_11_14_T12:58:29 -  All houses for rental were assigned in Lisboa
2024_11_14_T12:58:29 -  All houses for rental were assigned in Lisboa
2024_11_14_T12:58:29 -  All houses for rental were assigned in Lisboa
2024_11_14_T12:58:29 -  All houses for rental were assigned in Lisboa
2024_11_14_T12:58:29 -  All houses for rental were assigned in Lisboa
2024_11_14_T12:58:29 -  All houses for rental were assigned in Lisboa
2024_11_14_T12:58:29 -  All houses for rental were assigned in Lisboa
2024_11_14_T12:58:29 -  All houses for rental were assigned in Lisboa
2024_11_14_T12:58:29 -  All houses for rental were assigned in Lisboa
2024_11_14_T12:58:29 -  All houses for rental were assigned in Lisboa
2024_11_14_T12:58:29 -  All houses for rental were assigned in Lisboa
2024_11_14_T12:58:29 -  All houses for rental were assigned in Lisboa
2024_11_14_T12:58:29 -  All houses for rental were assigned in Lisboa
2024_11_14_T12:58:29 -  All houses for rental were assigned in Lisboa
2024_11_14_T12:58:29 -  All houses for rental were assigned in Lisboa
2024_11_14_T12:58:29 -  All houses for rental were assigned in Lisboa
2024_11_14_T12:58:29 -  All houses for rental were assigned in Lisboa
2024_11_14_T12:58:29 -  All houses for rental were assigned in Lisboa
2024_11_14_T12:58:29 -  All houses for rental were assigned in Lisboa
2024_11_14_T12:58:29 -  All houses for rental were assigned in Lisboa
2024_11_14_T12:58:29 -  All houses for rental were assigned in Lisboa
2024_11_14_T12:58:29 -  All houses for rental were assigned in Lisboa
2024_11_14_T12:58:29 -  All houses for rental were assigned in Lisboa
2024_11_14_T12:58:29 -  All houses for rental were assigned in Lisboa
2024_11_14_T12:58:29 -  All houses for rental were assigned in Lisboa
2024_11_14_T12:58:29 -  All houses for rental were assigned in Lisboa
2024_11_14_T12:58:29 -  All houses for rental were assigned in Lisboa
2024_11_14_T12:58:29 -  All houses for rental were assigned in Lisboa
2024_11_14_T12:58:29 -  All houses for rental were assigned in Lisboa
2024_11_14_T12:58:29 -  All houses for rental were assigned in Lisboa
2024_11_14_T12:58:29 -  All houses for rental were assigned in Lisboa
2024_11_14_T12:58:29 -  All houses for rental were assigned in Lisboa
2024_11_14_T12:58:29 -  All houses for rental were assigned in Lisboa
2024_11_14_T12:58:29 -  All houses for rental were assigned in Lisboa
2024_11_14_T12:58:29 -  All houses for rental were assigned in Lisboa
2024_11_14_T12:58:29 -  All houses for rental were assigned in Lisboa
2024_11_14_T12:58:29 -  All houses for rental were assigned in Lisboa
2024_11_14_T12:58:29 -  All houses for rental were assigned in Lisboa
2024_11_14_T12:58:29 -  All houses for rental were assigned in Lisboa
2024_11_14_T12:58:29 -  All houses for rental were assigned in Lisboa
2024_11_14_T12:58:29 -  All houses for rental were assigned in Lisboa
2024_11_14_T12:58:29 -  All houses for rental were assigned in Lisboa
2024_11_14_T12:58:29 -  All houses for rental were assigned in Lisboa
2024_11_14_T12:58:29 -  All houses for rental were assigned in Lisboa
2024_11_14_T12:58:29 -  All houses for rental were assigned in Lisboa
2024_11_14_T12:58:29 -  All houses for rental were assigned in Lisboa
2024_11_14_T12:58:29 -  All houses for rental were assigned in Lisboa
2024_11_14_T12:58:29 -  All houses for rental were assigned in Lisboa
2024_11_14_T12:58:29 -  All houses for rental were assigned in Lisboa
2024_11_14_T12:58:29 -  All houses for rental were assigned in Lisboa
2024_11_14_T12:58:29 -  All houses for rental were assigned in Lisboa
2024_11_14_T12:58:29 -  All houses for rental were assigned in Lisboa
2024_11_14_T12:58:29 -  All houses for rental were assigned in Lisboa
2024_11_14_T12:58:29 -  All houses for rental were assigned in Lisboa
2024_11_14_T12:58:29 -  All houses for rental were assigned in Lisboa
2024_11_14_T12:58:29 -  All houses for rental were assigned in Lisboa
2024_11_14_T12:58:29 -  All houses for rental were assigned in Lisboa
2024_11_14_T12:58:29 -  All houses for rental were assigned in Lisboa
2024_11_14_T12:58:29 -  All houses for rental were assigned in Lisboa
2024_11_14_T12:58:29 -  All houses for rental were assigned in Lisboa
2024_11_14_T12:58:29 -  All houses for rental were assigned in Lisboa
2024_11_14_T12:58:29 -  All houses for rental were assigned in Lisboa
2024_11_14_T12:58:29 -  All houses for rental were assigned in Lisboa
2024_11_14_T12:58:29 -  All houses for rental were assigned in Lisboa
2024_11_14_T12:58:29 -  All houses for rental were assigned in Lisboa
2024_11_14_T12:58:29 -  All houses for rental were assigned in Lisboa
2024_11_14_T12:58:29 -  All houses for rental were assigned in Lisboa
2024_11_14_T12:58:29 -  All houses for rental were assigned in Lisboa
2024_11_14_T12:58:29 -  All houses for rental were assigned in Lisboa
2024_11_14_T12:58:29 -  All houses for rental were assigned in Lisboa
2024_11_14_T12:58:29 -  All houses for rental were assigned in Lisboa
2024_11_14_T12:58:29 -  All houses for rental were assigned in Lisboa
2024_11_14_T12:58:29 -  All houses for rental were assigned in Lisboa
2024_11_14_T12:58:29 -  All houses for rental were assigned in Lisboa
2024_11_14_T12:58:29 -  All houses for rental were assigned in Lisboa
2024_11_14_T12:58:29 -  All houses for rental were assigned in Lisboa
2024_11_14_T12:58:29 -  All houses for rental were assigned in Lisboa
2024_11_14_T12:58:29 -  All houses for rental were assigned in Lisboa
2024_11_14_T12:58:29 -  All houses for rental were assigned in Lisboa
2024_11_14_T12:58:29 -  All houses for rental were assigned in Lisboa
2024_11_14_T12:58:29 -  All houses for rental were assigned in Lisboa
2024_11_14_T12:58:29 -  All houses for rental were assigned in Lisboa
2024_11_14_T12:58:29 -  All houses for rental were assigned in Lisboa
2024_11_14_T12:58:29 -  All houses for rental were assigned in Lisboa
2024_11_14_T12:58:29 -  All houses for rental were assigned in Lisboa
2024_11_14_T12:58:29 -  All houses for rental were assigned in Lisboa
2024_11_14_T12:58:29 -  All houses for rental were assigned in Lisboa
2024_11_14_T12:58:29 -  All houses for rental were assigned in Lisboa
2024_11_14_T12:58:29 -  All houses for rental were assigned in Lisboa
2024_11_14_T12:58:29 -  All houses for rental were assigned in Lisboa
2024_11_14_T12:58:29 -  All houses for rental were assigned in Lisboa
2024_11_14_T12:58:29 -  All houses for rental were assigned in Lisboa
2024_11_14_T12:58:29 -  All houses for rental were assigned in Lisboa
2024_11_14_T12:58:29 -  All houses for rental were assigned in Lisboa
2024_11_14_T12:58:29 -  All houses for rental were assigned in Lisboa
2024_11_14_T12:58:29 -  All houses for rental were assigned in Lisboa
2024_11_14_T12:58:29 -  All houses for rental were assigned in Lisboa
2024_11_14_T12:58:29 -  All houses for rental were assigned in Lisboa
2024_11_14_T12:58:29 -  All houses for rental were assigned in Lisboa
2024_11_14_T12:58:29 -  All houses for rental were assigned in Lisboa
2024_11_14_T12:58:29 -  All houses for rental were assigned in Lisboa
2024_11_14_T12:58:29 -  All houses for rental were assigned in Lisboa
2024_11_14_T12:58:29 -  All houses for rental were assigned in Lisboa
2024_11_14_T12:58:29 -  All houses for rental were assigned in Lisboa
2024_11_14_T12:58:29 -  All houses for rental were assigned in Lisboa
2024_11_14_T12:58:29 -  All houses for rental were assigned in Lisboa
2024_11_14_T12:58:29 -  All houses for rental were assigned in Lisboa
2024_11_14_T12:58:29 -  All houses for rental were assigned in Lisboa
2024_11_14_T12:58:29 -  All houses for rental were assigned in Lisboa
2024_11_14_T12:58:29 -  All houses for rental were assigned in Lisboa
2024_11_14_T12:58:29 -  All houses for rental were assigned in Lisboa
2024_11_14_T12:58:29 -  All houses for rental were assigned in Lisboa
2024_11_14_T12:58:29 -  All houses for rental were assigned in Lisboa
2024_11_14_T12:58:29 -  All houses for rental were assigned in Lisboa
2024_11_14_T12:58:29 -  All houses for rental were assigned in Lisboa
2024_11_14_T12:58:29 -  All houses for rental were assigned in Lisboa
2024_11_14_T12:58:29 -  All houses for rental were assigned in Lisboa
2024_11_14_T12:58:29 -  All houses for rental were assigned in Lisboa
2024_11_14_T12:58:29 -  All houses for rental were assigned in Lisboa
2024_11_14_T12:58:29 -  All houses for rental were assigned in Lisboa
2024_11_14_T12:58:29 -  All houses for rental were assigned in Lisboa
2024_11_14_T12:58:29 -  All houses for rental were assigned in Lisboa
2024_11_14_T12:58:29 -  All houses for rental were assigned in Lisboa
2024_11_14_T12:58:29 -  All houses for rental were assigned in Lisboa
2024_11_14_T12:58:29 -  All houses for rental were assigned in Lisboa
2024_11_14_T12:58:29 -  All houses for rental were assigned in Lisboa
2024_11_14_T12:58:29 -  All houses for rental were assigned in Lisboa
2024_11_14_T12:58:29 -  All houses for rental were assigned in Lisboa
2024_11_14_T12:58:29 -  All houses for rental were assigned in Lisboa
2024_11_14_T12:58:29 -  All houses for rental were assigned in Lisboa
2024_11_14_T12:58:29 -  All houses for rental were assigned in Lisboa
2024_11_14_T12:58:29 -  All houses for rental were assigned in Lisboa
2024_11_14_T12:58:29 -  All houses for rental were assigned in Lisboa
2024_11_14_T12:58:29 -  All houses for rental were assigned in Lisboa
2024_11_14_T12:58:29 -  All houses for rental were assigned in Lisboa
2024_11_14_T12:58:29 -  All houses for rental were assigned in Lisboa
2024_11_14_T12:58:29 -  All houses for rental were assigned in Lisboa
2024_11_14_T12:58:29 -  All houses for rental were assigned in Lisboa
2024_11_14_T12:58:29 -  All houses for rental were assigned in Lisboa
2024_11_14_T12:58:29 -  All houses for rental were assigned in Lisboa
2024_11_14_T12:58:29 -  All houses for rental were assigned in Lisboa
2024_11_14_T12:58:29 -  All houses for rental were assigned in Lisboa
2024_11_14_T12:58:29 -  All houses for rental were assigned in Lisboa
2024_11_14_T12:58:29 -  All houses for rental were assigned in Lisboa
2024_11_14_T12:58:29 -  All houses for rental were assigned in Lisboa
2024_11_14_T12:58:29 -  All houses for rental were assigned in Lisboa
2024_11_14_T12:58:29 -  All houses for rental were assigned in Lisboa
2024_11_14_T12:58:29 -  All houses for rental were assigned in Lisboa
2024_11_14_T12:58:29 -  All houses for rental were assigned in Lisboa
2024_11_14_T12:58:29 -  All houses for rental were assigned in Lisboa
2024_11_14_T12:58:29 -  All houses for rental were assigned in Lisboa
2024_11_14_T12:58:29 -  All houses for rental were assigned in Lisboa
2024_11_14_T12:58:29 -  All houses for rental were assigned in Lisboa
2024_11_14_T12:58:29 -  All houses for rental were assigned in Lisboa
2024_11_14_T12:58:29 -  All houses for rental were assigned in Lisboa
2024_11_14_T12:58:29 -  All houses for rental were assigned in Lisboa
2024_11_14_T12:58:29 -  All houses for rental were assigned in Lisboa
2024_11_14_T12:58:29 -  All houses for rental were assigned in Lisboa
2024_11_14_T12:58:29 -  All houses for rental were assigned in Lisboa
2024_11_14_T12:58:29 -  All houses for rental were assigned in Lisboa
2024_11_14_T12:58:29 -  All houses for rental were assigned in Lisboa
2024_11_14_T12:58:29 -  All houses for rental were assigned in Lisboa
2024_11_14_T12:58:29 -  All houses for rental were assigned in Lisboa
2024_11_14_T12:58:29 -  All houses for rental were assigned in Lisboa
2024_11_14_T12:58:29 -  All houses for rental were assigned in Lisboa
2024_11_14_T12:58:29 -  All houses for rental were assigned in Lisboa
2024_11_14_T12:58:29 -  All houses for rental were assigned in Lisboa
2024_11_14_T12:58:29 -  All houses for rental were assigned in Lisboa
2024_11_14_T12:58:29 -  All houses for rental were assigned in Lisboa
2024_11_14_T12:58:29 -  All houses for rental were assigned in Lisboa
2024_11_14_T12:58:29 -  All houses for rental were assigned in Lisboa
2024_11_14_T12:58:29 -  All houses for rental were assigned in Lisboa
2024_11_14_T12:58:29 -  All houses for rental were assigned in Lisboa
2024_11_14_T12:58:29 -  All houses for rental were assigned in Lisboa
2024_11_14_T12:58:29 -  All houses for rental were assigned in Lisboa
2024_11_14_T12:58:29 -  All houses for rental were assigned in Lisboa
2024_11_14_T12:58:29 -  All houses for rental were assigned in Lisboa
2024_11_14_T12:58:29 -  All houses for rental were assigned in Lisboa
2024_11_14_T12:58:29 -  All houses for rental were assigned in Lisboa
2024_11_14_T12:58:29 -  All houses for rental were assigned in Lisboa
2024_11_14_T12:58:29 -  All houses for rental were assigned in Lisboa
2024_11_14_T12:58:29 -  All houses for rental were assigned in Lisboa
2024_11_14_T12:58:29 -  All houses for rental were assigned in Lisboa
2024_11_14_T12:58:29 -  All houses for rental were assigned in Lisboa
2024_11_14_T12:58:29 -  All houses for rental were assigned in Lisboa
2024_11_14_T12:58:29 -  All houses for rental were assigned in Lisboa
2024_11_14_T12:58:29 -  All houses for rental were assigned in Lisboa
2024_11_14_T12:58:29 -  All houses for rental were assigned in Lisboa
2024_11_14_T12:58:29 -  All houses for rental were assigned in Lisboa
2024_11_14_T12:58:29 -  All houses for rental were assigned in Lisboa
2024_11_14_T12:58:29 -  All houses for rental were assigned in Lisboa
2024_11_14_T12:58:29 -  All houses for rental were assigned in Lisboa
2024_11_14_T12:58:29 -  All houses for rental were assigned in Lisboa
2024_11_14_T12:58:29 -  All houses for rental were assigned in Lisboa
2024_11_14_T12:58:29 -  All houses for rental were assigned in Lisboa
2024_11_14_T12:58:29 -  All houses for rental were assigned in Lisboa
2024_11_14_T12:58:29 -  All houses for rental were assigned in Lisboa
2024_11_14_T12:58:29 -  All houses for rental were assigned in Lisboa
2024_11_14_T12:58:29 -  All houses for rental were assigned in Lisboa
2024_11_14_T12:58:29 -  All houses for rental were assigned in Lisboa
2024_11_14_T12:58:29 -  All houses for rental were assigned in Lisboa
2024_11_14_T12:58:29 -  All houses for rental were assigned in Lisboa
2024_11_14_T12:58:29 -  All houses for rental were assigned in Lisboa
2024_11_14_T12:58:29 -  All houses for rental were assigned in Lisboa
2024_11_14_T12:58:29 -  All houses for rental were assigned in Lisboa
2024_11_14_T12:58:29 -  All houses for rental were assigned in Lisboa
2024_11_14_T12:58:29 -  All houses for rental were assigned in Lisboa
2024_11_14_T12:58:29 -  All houses for rental were assigned in Lisboa
2024_11_14_T12:58:29 -  All houses for rental were assigned in Lisboa
2024_11_14_T12:58:29 -  All houses for rental were assigned in Lisboa
2024_11_14_T12:58:29 -  All houses for rental were assigned in Lisboa
2024_11_14_T12:58:29 -  All houses for rental were assigned in Lisboa
2024_11_14_T12:58:29 -  All houses for rental were assigned in Lisboa
2024_11_14_T12:58:29 -  All houses for rental were assigned in Lisboa
2024_11_14_T12:58:29 -  All houses for rental were assigned in Lisboa
2024_11_14_T12:58:29 -  All houses for rental were assigned in Lisboa
2024_11_14_T12:58:29 -  All houses for rental were assigned in Lisboa
2024_11_14_T12:58:29 -  All houses for rental were assigned in Lisboa
2024_11_14_T12:58:29 -  All houses for rental were assigned in Lisboa
2024_11_14_T12:58:29 -  All houses for rental were assigned in Lisboa
2024_11_14_T12:58:29 -  All houses for rental were assigned in Lisboa
2024_11_14_T12:58:29 -  All houses for rental were assigned in Lisboa
2024_11_14_T12:58:29 -  All houses for rental were assigned in Lisboa
2024_11_14_T12:58:29 -  All houses for rental were assigned in Lisboa
2024_11_14_T12:58:29 -  All houses for rental were assigned in Lisboa
2024_11_14_T12:58:29 -  All houses for rental were assigned in Lisboa
2024_11_14_T12:58:29 -  All houses for rental were assigned in Lisboa
2024_11_14_T12:58:29 -  All houses for rental were assigned in Lisboa
2024_11_14_T12:58:29 -  All houses for rental were assigned in Lisboa
2024_11_14_T12:58:29 -  All houses for rental were assigned in Lisboa
2024_11_14_T12:58:29 -  All houses for rental were assigned in Lisboa
2024_11_14_T12:58:29 -  All houses for rental were assigned in Lisboa
2024_11_14_T12:58:29 -  All houses for rental were assigned in Lisboa
2024_11_14_T12:58:29 -  All houses for rental were assigned in Lisboa
2024_11_14_T12:58:29 -  All houses for rental were assigned in Lisboa
2024_11_14_T12:58:29 -  All houses for rental were assigned in Lisboa
2024_11_14_T12:58:29 -  All houses for rental were assigned in Lisboa
2024_11_14_T12:58:29 -  All houses for rental were assigned in Lisboa
2024_11_14_T12:58:29 -  All houses for rental were assigned in Lisboa
2024_11_14_T12:58:29 -  All houses for rental were assigned in Lisboa
2024_11_14_T12:58:29 -  All houses for rental were assigned in Lisboa
2024_11_14_T12:58:29 -  All houses for rental were assigned in Lisboa
2024_11_14_T12:58:29 -  All houses for rental were assigned in Lisboa
2024_11_14_T12:58:29 -  All houses for rental were assigned in Lisboa
2024_11_14_T12:58:29 -  All houses for rental were assigned in Lisboa
2024_11_14_T12:58:29 -  All houses for rental were assigned in Lisboa
2024_11_14_T12:58:29 -  All houses for rental were assigned in Lisboa
2024_11_14_T12:58:29 -  All houses for rental were assigned in Lisboa
2024_11_14_T12:58:29 -  All houses for rental were assigned in Lisboa
2024_11_14_T12:58:29 -  All houses for rental were assigned in Lisboa
2024_11_14_T12:58:29 -  All houses for rental were assigned in Lisboa
2024_11_14_T12:58:29 -  All houses for rental were assigned in Lisboa
2024_11_14_T12:58:29 -  All houses for rental were assigned in Lisboa
2024_11_14_T12:58:29 -  All houses for rental were assigned in Lisboa
2024_11_14_T12:58:29 -  All houses for rental were assigned in Lisboa
2024_11_14_T12:58:29 -  All houses for rental were assigned in Lisboa
2024_11_14_T12:58:29 -  All houses for rental were assigned in Lisboa
2024_11_14_T12:58:29 -  All houses for rental were assigned in Lisboa
2024_11_14_T12:58:29 -  All houses for rental were assigned in Lisboa
2024_11_14_T12:58:29 -  All houses for rental were assigned in Lisboa
2024_11_14_T12:58:29 -  All houses for rental were assigned in Lisboa
2024_11_14_T12:58:29 -  All houses for rental were assigned in Lisboa
2024_11_14_T12:58:29 -  All houses for rental were assigned in Lisboa
2024_11_14_T12:58:29 -  All houses for rental were assigned in Lisboa
2024_11_14_T12:58:29 -  All houses for rental were assigned in Lisboa
2024_11_14_T12:58:29 -  All houses for rental were assigned in Lisboa
2024_11_14_T12:58:29 -  All houses for rental were assigned in Lisboa
2024_11_14_T12:58:29 -  All houses for rental were assigned in Lisboa
2024_11_14_T12:58:29 -  All houses for rental were assigned in Lisboa
2024_11_14_T12:58:29 -  All houses for rental were assigned in Lisboa
2024_11_14_T12:58:29 -  All houses for rental were assigned in Lisboa
2024_11_14_T12:58:29 -  All houses for rental were assigned in Lisboa
2024_11_14_T12:58:29 -  All houses for rental were assigned in Lisboa
2024_11_14_T12:58:29 -  All houses for rental were assigned in Lisboa
2024_11_14_T12:58:29 -  All houses for rental were assigned in Lisboa
2024_11_14_T12:58:29 -  All houses for rental were assigned in Lisboa
2024_11_14_T12:58:29 -  All houses for rental were assigned in Lisboa
2024_11_14_T12:58:29 -  All houses for rental were assigned in Lisboa
2024_11_14_T12:58:29 -  All houses for rental were assigned in Lisboa
2024_11_14_T12:58:29 -  All houses for rental were assigned in Lisboa
2024_11_14_T12:58:29 -  All houses for rental were assigned in Lisboa
2024_11_14_T12:58:29 -  All houses for rental were assigned in Lisboa
2024_11_14_T12:58:29 -  All houses for rental were assigned in Lisboa
2024_11_14_T12:58:29 -  All houses for rental were assigned in Lisboa
2024_11_14_T12:58:29 -  All houses for rental were assigned in Lisboa
2024_11_14_T12:58:29 -  All houses for rental were assigned in Lisboa
2024_11_14_T12:58:29 -  All houses for rental were assigned in Lisboa
2024_11_14_T12:58:29 -  All houses for rental were assigned in Lisboa
2024_11_14_T12:58:29 -  All houses for rental were assigned in Lisboa
2024_11_14_T12:58:29 -  All houses for rental were assigned in Lisboa
2024_11_14_T12:58:29 -  All houses for rental were assigned in Lisboa
2024_11_14_T12:58:29 -  All houses for rental were assigned in Lisboa
2024_11_14_T12:58:29 -  All houses for rental were assigned in Lisboa
2024_11_14_T12:58:29 -  All houses for rental were assigned in Lisboa
2024_11_14_T12:58:29 -  All houses for rental were assigned in Lisboa
2024_11_14_T12:58:29 -  All houses for rental were assigned in Lisboa
2024_11_14_T12:58:29 -  All houses for rental were assigned in Lisboa
2024_11_14_T12:58:29 -  All houses for rental were assigned in Lisboa
2024_11_14_T12:58:29 -  All houses for rental were assigned in Lisboa
2024_11_14_T12:58:29 -  All houses for rental were assigned in Lisboa
2024_11_14_T12:58:29 -  All houses for rental were assigned in Lisboa
2024_11_14_T12:58:29 -  All houses for rental were assigned in Lisboa
2024_11_14_T12:58:29 -  All houses for rental were assigned in Lisboa
2024_11_14_T12:58:29 -  All houses for rental were assigned in Lisboa
2024_11_14_T12:58:29 -  All houses for rental were assigned in Lisboa
2024_11_14_T12:58:29 -  All houses for rental were assigned in Lisboa
2024_11_14_T12:58:29 -  All houses for rental were assigned in Lisboa
2024_11_14_T12:58:29 -  All houses for rental were assigned in Lisboa
2024_11_14_T12:58:29 -  All houses for rental were assigned in Lisboa
2024_11_14_T12:58:29 -  All houses for rental were assigned in Lisboa
2024_11_14_T12:58:29 -  All houses for rental were assigned in Lisboa
2024_11_14_T12:58:29 -  All houses for rental were assigned in Lisboa
2024_11_14_T12:58:29 -  All houses for rental were assigned in Lisboa
2024_11_14_T12:58:29 -  All houses for rental were assigned in Lisboa
2024_11_14_T12:58:29 -  All houses for rental were assigned in Lisboa
2024_11_14_T12:58:29 -  All houses for rental were assigned in Lisboa
2024_11_14_T12:58:29 -  All houses for rental were assigned in Lisboa
2024_11_14_T12:58:29 -  All houses for rental were assigned in Lisboa
2024_11_14_T12:58:29 -  All houses for rental were assigned in Lisboa
2024_11_14_T12:58:29 -  All houses for rental were assigned in Lisboa
2024_11_14_T12:58:29 -  All houses for rental were assigned in Lisboa
2024_11_14_T12:58:29 -  All houses for rental were assigned in Lisboa
2024_11_14_T12:58:29 -  All houses for rental were assigned in Lisboa
2024_11_14_T12:58:29 -  All houses for rental were assigned in Lisboa
2024_11_14_T12:58:29 -  All houses for rental were assigned in Lisboa
2024_11_14_T12:58:29 -  All houses for rental were assigned in Lisboa
2024_11_14_T12:58:29 -  All houses for rental were assigned in Lisboa
2024_11_14_T12:58:29 -  All houses for rental were assigned in Lisboa
2024_11_14_T12:58:29 -  All houses for rental were assigned in Lisboa
2024_11_14_T12:58:29 -  All houses for rental were assigned in Lisboa
2024_11_14_T12:58:29 -  All houses for rental were assigned in Lisboa
2024_11_14_T12:58:29 -  All houses for rental were assigned in Lisboa
2024_11_14_T12:58:29 -  All houses for rental were assigned in Lisboa
2024_11_14_T12:58:29 -  All houses for rental were assigned in Lisboa
2024_11_14_T12:58:29 -  All houses for rental were assigned in Lisboa
2024_11_14_T12:58:29 -  All houses for rental were assigned in Lisboa
2024_11_14_T12:58:29 -  All houses for rental were assigned in Lisboa
2024_11_14_T12:58:29 -  All houses for rental were assigned in Lisboa
2024_11_14_T12:58:29 -  All houses for rental were assigned in Lisboa
2024_11_14_T12:58:29 -  All houses for rental were assigned in Lisboa
2024_11_14_T12:58:29 -  All houses for rental were assigned in Lisboa
2024_11_14_T12:58:29 -  All houses for rental were assigned in Lisboa
2024_11_14_T12:58:29 -  All houses for rental were assigned in Lisboa
2024_11_14_T12:58:29 -  All houses for rental were assigned in Lisboa
2024_11_14_T12:58:29 -  All houses for rental were assigned in Lisboa
2024_11_14_T12:58:29 -  All houses for rental were assigned in Lisboa
2024_11_14_T12:58:29 -  All houses for rental were assigned in Lisboa
2024_11_14_T12:58:29 -  All houses for rental were assigned in Lisboa
2024_11_14_T12:58:29 -  All houses for rental were assigned in Lisboa
2024_11_14_T12:58:29 -  All houses for rental were assigned in Lisboa
2024_11_14_T12:58:29 -  All houses for rental were assigned in Lisboa
2024_11_14_T12:58:29 -  All houses for rental were assigned in Lisboa
2024_11_14_T12:58:29 -  All houses for rental were assigned in Lisboa
2024_11_14_T12:58:29 -  All houses for rental were assigned in Lisboa
2024_11_14_T12:58:29 -  All houses for rental were assigned in Lisboa
2024_11_14_T12:58:29 -  All houses for rental were assigned in Lisboa
2024_11_14_T12:58:29 -  All houses for rental were assigned in Lisboa
2024_11_14_T12:58:29 -  All houses for rental were assigned in Lisboa
2024_11_14_T12:58:29 -  All houses for rental were assigned in Lisboa
2024_11_14_T12:58:29 -  All houses for rental were assigned in Lisboa
2024_11_14_T12:58:29 -  All houses for rental were assigned in Lisboa
2024_11_14_T12:58:29 -  All houses for rental were assigned in Lisboa
2024_11_14_T12:58:29 -  All houses for rental were assigned in Lisboa
2024_11_14_T12:58:29 -  All houses for rental were assigned in Lisboa
2024_11_14_T12:58:29 -  All houses for rental were assigned in Lisboa
2024_11_14_T12:58:29 -  All houses for rental were assigned in Lisboa
2024_11_14_T12:58:29 -  All houses for rental were assigned in Lisboa
2024_11_14_T12:58:29 -  All houses for rental were assigned in Lisboa
2024_11_14_T12:58:29 -  All houses for rental were assigned in Lisboa
2024_11_14_T12:58:29 -  All houses for rental were assigned in Lisboa
2024_11_14_T12:58:29 -  All houses for rental were assigned in Lisboa
2024_11_14_T12:58:29 -  All houses for rental were assigned in Lisboa
2024_11_14_T12:58:29 -  All houses for rental were assigned in Lisboa
2024_11_14_T12:58:29 -  All houses for rental were assigned in Lisboa
2024_11_14_T12:58:29 -  All houses for rental were assigned in Lisboa
2024_11_14_T12:58:29 -  All houses for rental were assigned in Lisboa
2024_11_14_T12:58:29 -  All houses for rental were assigned in Lisboa
2024_11_14_T12:58:29 -  All houses for rental were assigned in Lisboa
2024_11_14_T12:58:29 -  All houses for rental were assigned in Lisboa
2024_11_14_T12:58:29 -  All houses for rental were assigned in Lisboa
2024_11_14_T12:58:29 -  All houses for rental were assigned in Lisboa
2024_11_14_T12:58:29 -  All houses for rental were assigned in Lisboa
2024_11_14_T12:58:29 -  All houses for rental were assigned in Lisboa
2024_11_14_T12:58:29 -  All houses for rental were assigned in Lisboa
2024_11_14_T12:58:29 -  All houses for rental were assigned in Lisboa
2024_11_14_T12:58:29 -  All houses for rental were assigned in Lisboa
2024_11_14_T12:58:29 -  All houses for rental were assigned in Lisboa
2024_11_14_T12:58:29 -  All houses for rental were assigned in Lisboa
2024_11_14_T12:58:29 -  All houses for rental were assigned in Lisboa
2024_11_14_T12:58:29 -  All houses for rental were assigned in Lisboa
2024_11_14_T12:58:29 -  All houses for rental were assigned in Lisboa
2024_11_14_T12:58:29 -  All houses for rental were assigned in Lisboa
2024_11_14_T12:58:29 -  All houses for rental were assigned in Lisboa
2024_11_14_T12:58:29 -  All houses for rental were assigned in Lisboa
2024_11_14_T12:58:29 -  All houses for rental were assigned in Lisboa
2024_11_14_T12:58:29 -  All houses for rental were assigned in Lisboa
2024_11_14_T12:58:29 -  finished assignHousesToHouseholds in 1.3841121196746826 seconds
2024_11_14_T12:58:33 -  Metrics: sum_wealth took 1.9073486328125e-6
2024_11_14_T12:58:34 -  Metrics: wealth_distribution took 5.0067901611328125e-6
2024_11_14_T12:58:34 -  Metrics: money_distribution took 5.0067901611328125e-6
2024_11_14_T12:58:34 -  Metrics: size_distribution took 5.0067901611328125e-6
2024_11_14_T12:58:34 -  Metrics: age_distribution took 5.0067901611328125e-6
2024_11_14_T12:58:37 -  Metrics: sum_wealth took 0.00017189979553222656
2024_11_14_T12:58:37 -  Metrics: wealth_distribution took 0.013512134552001953
2024_11_14_T12:58:37 -  Metrics: money_distribution took 0.001110076904296875
2024_11_14_T12:58:37 -  Metrics: size_distribution took 0.009202003479003906
2024_11_14_T12:58:37 -  Metrics: age_distribution took 0.0009560585021972656
2024_11_14_T12:58:43 -  Model step started
2024_11_14_T12:58:43 -  clearHangingSupplies started
2024_11_14_T12:58:43 -  clearHangingSupplies took 0.004651069641113281
2024_11_14_T12:58:43 -  clearHangingRentalSupplies started
2024_11_14_T12:58:43 -  clearHangingRentalSupplies took 0.055201053619384766
2024_11_14_T12:58:43 -  clearHouseMarket started
2024_11_14_T12:58:44 -  clearHouseMarket - first block took 0.5491280555725098
