2024_09_26_T19:59:21 -  finished initateHouses in 0.7354757785797119 seconds
2024_09_26_T19:59:21 -  finished initiateHouseholds in 1.0019469261169434 seconds
2024_09_26_T19:59:22 -  finished assignHousesToHouseholds in 1.2033028602600098 seconds
2024_09_26_T19:59:31 -  Model step started
2024_09_26_T19:59:31 -  Model step took 0.8536908626556396 seconds
2024_09_26_T19:59:34 -  Model step started
2024_09_26_T19:59:34 -  Model step took 0.1127169132232666 seconds
2024_09_26_T19:59:36 -  Model step started
2024_09_26_T19:59:36 -  Model step took 0.11409187316894531 seconds
2024_09_26_T19:59:38 -  Model step started
2024_09_26_T19:59:38 -  Model step took 0.11508297920227051 seconds
2024_09_26_T19:59:40 -  Model step started
2024_09_26_T19:59:40 -  Model step took 0.08441591262817383 seconds
2024_09_26_T19:59:42 -  Model step started
2024_09_26_T19:59:42 -  Model step took 0.1698319911956787 seconds
2024_09_26_T19:59:44 -  Model step started
2024_09_26_T19:59:44 -  Model step took 0.06859707832336426 seconds
2024_09_26_T19:59:47 -  Model step started
2024_09_26_T19:59:47 -  Model step took 0.08198189735412598 seconds
2024_09_26_T19:59:50 -  Model step started
2024_09_26_T19:59:50 -  Model step took 0.08864092826843262 seconds
2024_09_26_T19:59:53 -  Model step started
2024_09_26_T19:59:53 -  Model step took 0.058248043060302734 seconds
2024_09_26_T19:59:56 -  Model step started
2024_09_26_T19:59:56 -  Model step took 0.07589316368103027 seconds
2024_09_26_T19:59:59 -  Model step started
2024_09_26_T19:59:59 -  Model step took 0.06113386154174805 seconds
2024_09_26_T20:00:02 -  Model step started
2024_09_26_T20:00:02 -  Model step took 0.1081078052520752 seconds
2024_09_26_T20:00:04 -  Model step started
2024_09_26_T20:00:04 -  Model step took 0.05999279022216797 seconds
2024_09_26_T20:00:06 -  Model step started
2024_09_26_T20:00:06 -  Model step took 0.05306506156921387 seconds
2024_09_26_T20:00:08 -  Model step started
2024_09_26_T20:00:08 -  Model step took 0.04734182357788086 seconds
2024_09_26_T20:00:10 -  Model step started
2024_09_26_T20:00:10 -  Model step took 0.05719494819641113 seconds
2024_09_26_T20:00:12 -  Model step started
2024_09_26_T20:00:12 -  Model step took 0.05785989761352539 seconds
2024_09_26_T20:00:15 -  Model step started
2024_09_26_T20:00:15 -  Model step took 0.052165985107421875 seconds
2024_09_26_T20:00:17 -  Model step started
2024_09_26_T20:00:17 -  Model step took 0.11935114860534668 seconds
2024_09_26_T20:00:19 -  Model step started
2024_09_26_T20:00:19 -  Model step took 0.05028700828552246 seconds
2024_09_26_T20:00:21 -  Model step started
2024_09_26_T20:00:21 -  Model step took 0.05401015281677246 seconds
2024_09_26_T20:00:23 -  Model step started
2024_09_26_T20:00:23 -  Model step took 0.053344011306762695 seconds
2024_09_26_T20:00:25 -  Model step started
2024_09_26_T20:00:25 -  Model step took 0.06706690788269043 seconds
2024_09_26_T20:00:27 -  Model step started
2024_09_26_T20:00:28 -  Model step took 0.10158896446228027 seconds
2024_09_26_T20:00:30 -  Model step started
2024_09_26_T20:00:30 -  Model step took 0.04053997993469238 seconds
2024_09_26_T20:00:32 -  Model step started
2024_09_26_T20:00:32 -  Model step took 0.04139995574951172 seconds
2024_09_26_T20:00:35 -  Model step started
2024_09_26_T20:00:35 -  Model step took 0.044447898864746094 seconds
2024_09_26_T20:00:37 -  Model step started
2024_09_26_T20:00:37 -  Model step took 0.04105401039123535 seconds
2024_09_26_T20:00:39 -  Model step started
2024_09_26_T20:00:39 -  Model step took 0.041641950607299805 seconds
2024_09_26_T20:00:41 -  Model step started
2024_09_26_T20:00:41 -  Model step took 0.04496288299560547 seconds
2024_09_26_T20:00:43 -  Model step started
2024_09_26_T20:00:43 -  Model step took 0.03694009780883789 seconds
2024_09_26_T20:00:46 -  Model step started
2024_09_26_T20:00:46 -  Model step took 0.04190993309020996 seconds
2024_09_26_T20:00:48 -  Model step started
2024_09_26_T20:00:48 -  Model step took 0.04211997985839844 seconds
2024_09_26_T20:00:50 -  Model step started
2024_09_26_T20:00:50 -  Model step took 0.03870511054992676 seconds
2024_09_26_T20:00:52 -  Model step started
2024_09_26_T20:00:52 -  Model step took 0.039054155349731445 seconds
2024_09_26_T20:00:55 -  Model step started
2024_09_26_T20:00:55 -  Model step took 0.06631183624267578 seconds
2024_09_26_T20:00:57 -  Model step started
2024_09_26_T20:00:57 -  Model step took 0.03387904167175293 seconds
2024_09_26_T20:00:59 -  Model step started
2024_09_26_T20:00:59 -  Model step took 0.0315251350402832 seconds
2024_09_26_T20:01:02 -  Model step started
2024_09_26_T20:01:02 -  Model step took 0.03415489196777344 seconds
2024_09_26_T20:01:04 -  Model step started
2024_09_26_T20:01:04 -  Model step took 0.04056906700134277 seconds
2024_09_26_T20:01:06 -  Model step started
2024_09_26_T20:01:06 -  Model step took 0.047065019607543945 seconds
2024_09_26_T20:01:09 -  Model step started
2024_09_26_T20:01:09 -  Model step took 0.03668093681335449 seconds
2024_09_26_T20:01:11 -  Model step started
2024_09_26_T20:01:11 -  Model step took 0.045001983642578125 seconds
2024_09_26_T20:01:13 -  Model step started
2024_09_26_T20:01:13 -  Model step took 0.03926801681518555 seconds
2024_09_26_T20:01:16 -  Model step started
2024_09_26_T20:01:16 -  Model step took 0.03552389144897461 seconds
2024_09_26_T20:01:18 -  Model step started
2024_09_26_T20:01:18 -  Model step took 0.03578615188598633 seconds
2024_09_26_T20:01:20 -  Model step started
2024_09_26_T20:01:21 -  Model step took 0.033885955810546875 seconds
2024_09_26_T20:01:23 -  Model step started
2024_09_26_T20:01:23 -  Model step took 0.05607199668884277 seconds
2024_09_26_T20:01:25 -  Model step started
2024_09_26_T20:01:25 -  Model step took 0.030178070068359375 seconds
2024_09_26_T20:01:28 -  Model step started
2024_09_26_T20:01:28 -  Model step took 0.027778148651123047 seconds
2024_09_26_T20:01:30 -  Model step started
2024_09_26_T20:01:30 -  Model step took 0.028510093688964844 seconds
2024_09_26_T20:01:33 -  Model step started
2024_09_26_T20:01:33 -  Model step took 0.03805088996887207 seconds
2024_09_26_T20:01:35 -  Model step started
2024_09_26_T20:01:35 -  Model step took 0.04490995407104492 seconds
2024_09_26_T20:01:38 -  Model step started
2024_09_26_T20:01:38 -  Model step took 0.035017967224121094 seconds
2024_09_26_T20:01:40 -  Model step started
2024_09_26_T20:01:40 -  Model step took 0.038040876388549805 seconds
2024_09_26_T20:01:43 -  Model step started
2024_09_26_T20:01:43 -  Model step took 0.0364689826965332 seconds
2024_09_26_T20:01:45 -  Model step started
2024_09_26_T20:01:45 -  Model step took 0.038285017013549805 seconds
2024_09_26_T20:01:48 -  Model step started
2024_09_26_T20:01:48 -  Model step took 0.03494000434875488 seconds
2024_09_26_T20:01:50 -  Model step started
2024_09_26_T20:01:50 -  Model step took 0.03673815727233887 seconds
2024_09_26_T20:01:52 -  Model step started
2024_09_26_T20:01:53 -  Model step took 0.06058502197265625 seconds
2024_09_26_T20:01:55 -  Model step started
2024_09_26_T20:01:55 -  Model step took 0.0316319465637207 seconds
2024_09_26_T20:01:58 -  Model step started
2024_09_26_T20:01:58 -  Model step took 0.028966903686523438 seconds
2024_09_26_T20:02:00 -  Model step started
2024_09_26_T20:02:00 -  Model step took 0.030931949615478516 seconds
2024_09_26_T20:02:03 -  Model step started
2024_09_26_T20:02:03 -  Model step took 0.03664207458496094 seconds
2024_09_26_T20:02:05 -  Model step started
2024_09_26_T20:02:05 -  Model step took 0.03451704978942871 seconds
2024_09_26_T20:02:08 -  Model step started
2024_09_26_T20:02:08 -  Model step took 0.03846311569213867 seconds
2024_09_26_T20:02:11 -  Model step started
2024_09_26_T20:02:11 -  Model step took 0.03077220916748047 seconds
2024_09_26_T20:02:13 -  Model step started
2024_09_26_T20:02:13 -  Model step took 0.03041386604309082 seconds
2024_09_26_T20:02:16 -  Model step started
2024_09_26_T20:02:16 -  Model step took 0.0874929428100586 seconds
2024_09_26_T20:02:19 -  Model step started
2024_09_26_T20:02:19 -  Model step took 0.024181842803955078 seconds
2024_09_26_T20:02:21 -  Model step started
2024_09_26_T20:02:21 -  Model step took 0.02949810028076172 seconds
2024_09_26_T20:02:24 -  Model step started
2024_09_26_T20:02:24 -  Model step took 0.05857086181640625 seconds
2024_09_26_T20:02:27 -  Model step started
2024_09_26_T20:02:27 -  Model step took 0.030803203582763672 seconds
2024_09_26_T20:02:29 -  Model step started
2024_09_26_T20:02:29 -  Model step took 0.021428823471069336 seconds
2024_09_26_T20:02:32 -  Model step started
2024_09_26_T20:02:32 -  Model step took 0.017532825469970703 seconds
2024_09_26_T20:02:35 -  Model step started
2024_09_26_T20:02:35 -  Model step took 0.03712201118469238 seconds
2024_09_26_T20:02:37 -  Model step started
2024_09_26_T20:02:37 -  Model step took 0.03496813774108887 seconds
2024_09_26_T20:02:40 -  Model step started
2024_09_26_T20:02:40 -  Model step took 0.03896903991699219 seconds
2024_09_26_T20:02:43 -  Model step started
2024_09_26_T20:02:43 -  Model step took 0.03329586982727051 seconds
2024_09_26_T20:02:46 -  Model step started
2024_09_26_T20:02:46 -  Model step took 0.03223299980163574 seconds
2024_09_26_T20:02:48 -  Model step started
2024_09_26_T20:02:48 -  Model step took 0.03530097007751465 seconds
2024_09_26_T20:02:51 -  Model step started
2024_09_26_T20:02:51 -  Model step took 0.03001999855041504 seconds
2024_09_26_T20:02:54 -  Model step started
2024_09_26_T20:02:54 -  Model step took 0.03240203857421875 seconds
2024_09_26_T20:02:56 -  Model step started
2024_09_26_T20:02:57 -  Model step took 0.06190800666809082 seconds
2024_09_26_T20:02:59 -  Model step started
2024_09_26_T20:02:59 -  Model step took 0.030049800872802734 seconds
2024_09_26_T20:03:02 -  Model step started
2024_09_26_T20:03:02 -  Model step took 0.026915788650512695 seconds
2024_09_26_T20:03:05 -  Model step started
2024_09_26_T20:03:05 -  Model step took 0.02599787712097168 seconds
2024_09_26_T20:03:07 -  Model step started
2024_09_26_T20:03:08 -  Model step took 0.04595208168029785 seconds
2024_09_26_T20:03:10 -  Model step started
2024_09_26_T20:03:10 -  Model step took 0.04802513122558594 seconds
2024_09_26_T20:03:13 -  Model step started
2024_09_26_T20:03:13 -  Model step took 0.05580496788024902 seconds
2024_09_26_T20:03:16 -  Model step started
2024_09_26_T20:03:16 -  Model step took 0.052171945571899414 seconds
2024_09_26_T20:03:19 -  Model step started
2024_09_26_T20:03:19 -  Model step took 0.05736804008483887 seconds
2024_09_26_T20:03:22 -  Model step started
2024_09_26_T20:03:22 -  Model step took 0.05253791809082031 seconds
2024_09_26_T20:03:25 -  Model step started
2024_09_26_T20:03:25 -  Model step took 0.05572199821472168 seconds
2024_09_26_T20:03:28 -  Model step started
2024_09_26_T20:03:28 -  Model step took 0.04703807830810547 seconds
2024_09_26_T20:03:31 -  Model step started
2024_09_26_T20:03:31 -  Model step took 0.07234001159667969 seconds
2024_09_26_T20:03:33 -  Model step started
2024_09_26_T20:03:33 -  Model step took 0.06231999397277832 seconds
2024_09_26_T20:03:36 -  Model step started
2024_09_26_T20:03:36 -  Model step took 0.0427858829498291 seconds
2024_09_26_T20:03:39 -  Model step started
2024_09_26_T20:03:39 -  Model step took 0.0385129451751709 seconds
