2024_09_15_T12:14:44 -  finished initateHouses in 0.5481119155883789 seconds
2024_09_15_T12:14:45 -  finished initiateHouseholds in 0.7837338447570801 seconds
2024_09_15_T12:14:45 -  finished assignHousesToHouseholds in 0.9448869228363037 seconds
2024_09_15_T12:14:55 -  Model step started
2024_09_15_T12:14:56 -  Model step took 1.1733338832855225 seconds
2024_09_15_T12:15:01 -  Model step started
2024_09_15_T12:15:01 -  Model step took 0.10104703903198242 seconds
2024_09_15_T12:15:04 -  Model step started
2024_09_15_T12:15:04 -  Model step took 0.047530174255371094 seconds
2024_09_15_T12:15:07 -  Model step started
2024_09_15_T12:15:07 -  Model step took 0.025587081909179688 seconds
2024_09_15_T12:15:10 -  Model step started
2024_09_15_T12:15:10 -  Model step took 0.026905059814453125 seconds
2024_09_15_T12:15:12 -  Model step started
2024_09_15_T12:15:12 -  Model step took 0.03984498977661133 seconds
2024_09_15_T12:15:15 -  Model step started
2024_09_15_T12:15:15 -  Model step took 0.025765180587768555 seconds
2024_09_15_T12:15:18 -  Model step started
2024_09_15_T12:15:18 -  Model step took 0.025458097457885742 seconds
2024_09_15_T12:15:21 -  Model step started
2024_09_15_T12:15:21 -  Model step took 0.025352001190185547 seconds
2024_09_15_T12:15:23 -  Model step started
2024_09_15_T12:15:23 -  Model step took 0.0257871150970459 seconds
2024_09_15_T12:15:25 -  Model step started
2024_09_15_T12:15:25 -  Model step took 0.025693178176879883 seconds
2024_09_15_T12:15:28 -  Model step started
2024_09_15_T12:15:28 -  Model step took 0.024590015411376953 seconds
2024_09_15_T12:15:30 -  Model step started
2024_09_15_T12:15:30 -  Model step took 0.029243946075439453 seconds
2024_09_15_T12:15:33 -  Model step started
2024_09_15_T12:15:33 -  Model step took 0.022396087646484375 seconds
2024_09_15_T12:15:35 -  Model step started
2024_09_15_T12:15:35 -  Model step took 0.02162909507751465 seconds
2024_09_15_T12:15:37 -  Model step started
2024_09_15_T12:15:37 -  Model step took 0.020600080490112305 seconds
2024_09_15_T12:15:39 -  Model step started
2024_09_15_T12:15:39 -  Model step took 0.07194209098815918 seconds
2024_09_15_T12:15:41 -  Model step started
2024_09_15_T12:15:41 -  Model step took 0.06786990165710449 seconds
2024_09_15_T12:15:44 -  Model step started
2024_09_15_T12:15:44 -  Model step took 0.08342599868774414 seconds
2024_09_15_T12:15:46 -  Model step started
2024_09_15_T12:15:46 -  Model step took 0.08838486671447754 seconds
2024_09_15_T12:15:48 -  Model step started
2024_09_15_T12:15:48 -  Model step took 0.11056399345397949 seconds
2024_09_15_T12:15:50 -  Model step started
2024_09_15_T12:15:50 -  Model step took 0.07268309593200684 seconds
2024_09_15_T12:15:53 -  Model step started
2024_09_15_T12:15:53 -  Model step took 0.07284903526306152 seconds
2024_09_15_T12:15:55 -  Model step started
2024_09_15_T12:15:55 -  Model step took 0.10422086715698242 seconds
2024_09_15_T12:15:57 -  Model step started
2024_09_15_T12:15:57 -  Model step took 0.056883811950683594 seconds
2024_09_15_T12:16:00 -  Model step started
2024_09_15_T12:16:00 -  Model step took 0.06391000747680664 seconds
2024_09_15_T12:16:02 -  Model step started
2024_09_15_T12:16:02 -  Model step took 0.04771709442138672 seconds
2024_09_15_T12:16:04 -  Model step started
2024_09_15_T12:16:04 -  Model step took 0.04888916015625 seconds
2024_09_15_T12:16:07 -  Model step started
2024_09_15_T12:16:07 -  Model step took 0.06082606315612793 seconds
2024_09_15_T12:16:09 -  Model step started
2024_09_15_T12:16:09 -  Model step took 0.0201570987701416 seconds
2024_09_15_T12:16:11 -  Model step started
2024_09_15_T12:16:11 -  Model step took 0.0183260440826416 seconds
2024_09_15_T12:16:13 -  Model step started
2024_09_15_T12:16:13 -  Model step took 0.023147106170654297 seconds
2024_09_15_T12:16:15 -  Model step started
2024_09_15_T12:16:15 -  Model step took 0.01323390007019043 seconds
2024_09_15_T12:16:18 -  Model step started
2024_09_15_T12:16:18 -  Model step took 0.012192964553833008 seconds
2024_09_15_T12:16:20 -  Model step started
2024_09_15_T12:16:20 -  Model step took 0.014442920684814453 seconds
2024_09_15_T12:16:22 -  Model step started
2024_09_15_T12:16:22 -  Model step took 0.014898061752319336 seconds
2024_09_15_T12:16:24 -  Model step started
2024_09_15_T12:16:24 -  Model step took 0.014286994934082031 seconds
2024_09_15_T12:16:26 -  Model step started
2024_09_15_T12:16:26 -  Model step took 0.020682096481323242 seconds
2024_09_15_T12:16:29 -  Model step started
2024_09_15_T12:16:29 -  Model step took 0.016642093658447266 seconds
2024_09_15_T12:16:31 -  Model step started
2024_09_15_T12:16:31 -  Model step took 0.013187885284423828 seconds
2024_09_15_T12:16:33 -  Model step started
2024_09_15_T12:16:33 -  Model step took 0.015964031219482422 seconds
2024_09_15_T12:16:35 -  Model step started
2024_09_15_T12:16:35 -  Model step took 0.013894081115722656 seconds
2024_09_15_T12:16:38 -  Model step started
2024_09_15_T12:16:38 -  Model step took 0.013674020767211914 seconds
2024_09_15_T12:16:40 -  Model step started
2024_09_15_T12:16:40 -  Model step took 0.014119863510131836 seconds
2024_09_15_T12:16:42 -  Model step started
2024_09_15_T12:16:42 -  Model step took 0.014406919479370117 seconds
2024_09_15_T12:16:44 -  Model step started
2024_09_15_T12:16:44 -  Model step took 0.01488184928894043 seconds
2024_09_15_T12:16:46 -  Model step started
2024_09_15_T12:16:46 -  Model step took 0.015432119369506836 seconds
2024_09_15_T12:16:48 -  Model step started
2024_09_15_T12:16:48 -  Model step took 0.015136003494262695 seconds
2024_09_15_T12:16:51 -  Model step started
2024_09_15_T12:16:51 -  Model step took 0.014189958572387695 seconds
2024_09_15_T12:16:53 -  Model step started
2024_09_15_T12:16:53 -  Model step took 0.014181852340698242 seconds
2024_09_15_T12:16:55 -  Model step started
2024_09_15_T12:16:55 -  Model step took 0.014786958694458008 seconds
2024_09_15_T12:16:57 -  Model step started
2024_09_15_T12:16:57 -  Model step took 0.014010906219482422 seconds
2024_09_15_T12:16:59 -  Model step started
2024_09_15_T12:16:59 -  Model step took 0.020610809326171875 seconds
2024_09_15_T12:17:02 -  Model step started
2024_09_15_T12:17:02 -  Model step took 0.01953887939453125 seconds
2024_09_15_T12:17:04 -  Model step started
2024_09_15_T12:17:04 -  Model step took 0.015295028686523438 seconds
2024_09_15_T12:17:06 -  Model step started
2024_09_15_T12:17:06 -  Model step took 0.015199899673461914 seconds
2024_09_15_T12:17:08 -  Model step started
2024_09_15_T12:17:08 -  Model step took 0.015547037124633789 seconds
2024_09_15_T12:17:11 -  Model step started
2024_09_15_T12:17:11 -  Model step took 0.016563892364501953 seconds
2024_09_15_T12:17:13 -  Model step started
2024_09_15_T12:17:13 -  Model step took 0.016772031784057617 seconds
2024_09_15_T12:17:15 -  Model step started
2024_09_15_T12:17:15 -  Model step took 0.017580032348632812 seconds
2024_09_15_T12:17:17 -  Model step started
2024_09_15_T12:17:17 -  Model step took 0.021255970001220703 seconds
2024_09_15_T12:17:19 -  Model step started
2024_09_15_T12:17:19 -  Model step took 0.020036935806274414 seconds
2024_09_15_T12:17:21 -  Model step started
2024_09_15_T12:17:21 -  Model step took 0.02036595344543457 seconds
2024_09_15_T12:17:24 -  Model step started
2024_09_15_T12:17:24 -  Model step took 0.019160032272338867 seconds
2024_09_15_T12:17:26 -  Model step started
2024_09_15_T12:17:26 -  Model step took 0.016971826553344727 seconds
2024_09_15_T12:17:28 -  Model step started
2024_09_15_T12:17:28 -  Model step took 0.01729416847229004 seconds
2024_09_15_T12:17:30 -  Model step started
2024_09_15_T12:17:30 -  Model step took 0.021548032760620117 seconds
2024_09_15_T12:17:32 -  Model step started
2024_09_15_T12:17:32 -  Model step took 0.01701188087463379 seconds
2024_09_15_T12:17:35 -  Model step started
2024_09_15_T12:17:35 -  Model step took 0.02094101905822754 seconds
2024_09_15_T12:17:37 -  Model step started
2024_09_15_T12:17:37 -  Model step took 0.06452012062072754 seconds
2024_09_15_T12:17:39 -  Model step started
2024_09_15_T12:17:39 -  Model step took 0.017889022827148438 seconds
2024_09_15_T12:17:42 -  Model step started
2024_09_15_T12:17:42 -  Model step took 0.019659996032714844 seconds
2024_09_15_T12:17:44 -  Model step started
2024_09_15_T12:17:44 -  Model step took 0.018400192260742188 seconds
2024_09_15_T12:17:46 -  Model step started
2024_09_15_T12:17:46 -  Model step took 0.01872396469116211 seconds
2024_09_15_T12:17:48 -  Model step started
2024_09_15_T12:17:48 -  Model step took 0.01928400993347168 seconds
2024_09_15_T12:17:50 -  Model step started
2024_09_15_T12:17:50 -  Model step took 0.01778411865234375 seconds
2024_09_15_T12:17:53 -  Model step started
2024_09_15_T12:17:53 -  Model step took 0.016846895217895508 seconds
2024_09_15_T12:17:55 -  Model step started
2024_09_15_T12:17:55 -  Model step took 0.01624894142150879 seconds
2024_09_15_T12:17:57 -  Model step started
2024_09_15_T12:17:57 -  Model step took 0.01764392852783203 seconds
2024_09_15_T12:17:59 -  Model step started
2024_09_15_T12:17:59 -  Model step took 0.019329071044921875 seconds
2024_09_15_T12:18:01 -  Model step started
2024_09_15_T12:18:01 -  Model step took 0.021162033081054688 seconds
2024_09_15_T12:18:04 -  Model step started
2024_09_15_T12:18:04 -  Model step took 0.021703004837036133 seconds
2024_09_15_T12:18:06 -  Model step started
2024_09_15_T12:18:06 -  Model step took 0.02118206024169922 seconds
2024_09_15_T12:18:08 -  Model step started
2024_09_15_T12:18:08 -  Model step took 0.02379298210144043 seconds
2024_09_15_T12:18:10 -  Model step started
2024_09_15_T12:18:10 -  Model step took 0.019884824752807617 seconds
2024_09_15_T12:18:13 -  Model step started
2024_09_15_T12:18:13 -  Model step took 0.01583695411682129 seconds
2024_09_15_T12:18:15 -  Model step started
2024_09_15_T12:18:15 -  Model step took 0.02101302146911621 seconds
2024_09_15_T12:18:17 -  Model step started
2024_09_15_T12:18:17 -  Model step took 0.025992870330810547 seconds
2024_09_15_T12:18:19 -  Model step started
2024_09_15_T12:18:20 -  Model step took 0.016128063201904297 seconds
2024_09_15_T12:18:22 -  Model step started
2024_09_15_T12:18:22 -  Model step took 0.020760059356689453 seconds
2024_09_15_T12:18:24 -  Model step started
2024_09_15_T12:18:24 -  Model step took 0.018318891525268555 seconds
2024_09_15_T12:18:26 -  Model step started
2024_09_15_T12:18:26 -  Model step took 0.02049088478088379 seconds
2024_09_15_T12:18:28 -  Model step started
2024_09_15_T12:18:28 -  Model step took 0.01906108856201172 seconds
2024_09_15_T12:18:30 -  Model step started
2024_09_15_T12:18:30 -  Model step took 0.023121118545532227 seconds
2024_09_15_T12:18:33 -  Model step started
2024_09_15_T12:18:33 -  Model step took 0.017995834350585938 seconds
2024_09_15_T12:18:35 -  Model step started
2024_09_15_T12:18:35 -  Model step took 0.020953893661499023 seconds
2024_09_15_T12:18:37 -  Model step started
2024_09_15_T12:18:37 -  Model step took 0.017879962921142578 seconds
2024_09_15_T12:18:39 -  Model step started
2024_09_15_T12:18:40 -  Model step took 0.01925516128540039 seconds
2024_09_15_T12:18:42 -  Model step started
2024_09_15_T12:18:42 -  Model step took 0.020875930786132812 seconds
2024_09_15_T12:18:44 -  Model step started
2024_09_15_T12:18:44 -  Model step took 0.01851511001586914 seconds
