2024_10_06_T14:51:04 -  finished initateHouses in 1.1580860614776611 seconds
2024_10_06_T14:51:04 -  finished initiateHouseholds in 1.546130895614624 seconds
2024_10_06_T14:51:05 -  finished assignHousesToHouseholds in 2.0816738605499268 seconds
2024_10_06_T14:51:10 -  Metrics: sum_wealth took 9.5367431640625e-7
2024_10_06_T14:51:11 -  Metrics: wealth_distribution took 7.152557373046875e-6
2024_10_06_T14:51:11 -  Metrics: money_distribution took 6.9141387939453125e-6
2024_10_06_T14:51:11 -  Metrics: size_distribution took 5.0067901611328125e-6
2024_10_06_T14:51:11 -  Metrics: age_distribution took 4.0531158447265625e-6
2024_10_06_T14:51:12 -  Metrics: sum_wealth took 0.00019502639770507812
2024_10_06_T14:51:13 -  Metrics: wealth_distribution took 0.014339923858642578
2024_10_06_T14:51:13 -  Metrics: money_distribution took 0.002649068832397461
2024_10_06_T14:51:13 -  Metrics: size_distribution took 0.011204004287719727
2024_10_06_T14:51:13 -  Metrics: age_distribution took 0.0038781166076660156
2024_10_06_T14:51:31 -  Model step started
2024_10_06_T14:51:31 -  clearHangingSupplies started
2024_10_06_T14:51:31 -  clearHangingSupplies took 0.005234956741333008
2024_10_06_T14:51:31 -  clearHangingRentalSupplies started
2024_10_06_T14:51:31 -  clearHangingRentalSupplies took 0.012442827224731445
2024_10_06_T14:51:31 -  clearHouseMarket started
2024_10_06_T14:51:36 -  clearHouseMarket - first block took 4.756271839141846
2024_10_06_T14:51:36 -  clearHouseMarket - second block took 0.2774040699005127
2024_10_06_T14:51:36 -  clearHouseMarket - third block took 0.028335094451904297
2024_10_06_T14:51:36 -  clearRentalMarket started
2024_10_06_T14:51:37 -  clearRentalMarket - first block took 1.458204984664917
2024_10_06_T14:51:37 -  clearRentalMarket - second block took 0.07543206214904785
2024_10_06_T14:51:38 -  Model step took 6.9720940589904785 seconds
2024_10_06_T14:51:38 -  Metrics: sum_wealth took 0.0006928443908691406
2024_10_06_T14:51:38 -  Metrics: wealth_distribution took 0.0026140213012695312
2024_10_06_T14:51:38 -  Metrics: money_distribution took 0.002574920654296875
2024_10_06_T14:51:38 -  Metrics: size_distribution took 0.002480030059814453
2024_10_06_T14:51:38 -  Metrics: age_distribution took 0.0026140213012695312
2024_10_06_T14:51:54 -  Model step started
2024_10_06_T14:51:54 -  clearHangingSupplies started
2024_10_06_T14:51:54 -  clearHangingSupplies took 0.022774934768676758
2024_10_06_T14:51:54 -  clearHangingRentalSupplies started
2024_10_06_T14:51:54 -  clearHangingRentalSupplies took 0.00015807151794433594
2024_10_06_T14:51:54 -  clearHouseMarket started
2024_10_06_T14:52:03 -  clearHouseMarket - first block took 8.5430588722229
2024_10_06_T14:52:03 -  clearHouseMarket - second block took 0.03266716003417969
2024_10_06_T14:52:03 -  clearHouseMarket - third block took 0.0010440349578857422
2024_10_06_T14:52:03 -  clearRentalMarket started
2024_10_06_T14:52:03 -  clearRentalMarket - first block took 0.358579158782959
2024_10_06_T14:52:03 -  clearRentalMarket - second block took 0.0022759437561035156
2024_10_06_T14:52:03 -  Model step took 9.192470073699951 seconds
2024_10_06_T14:52:03 -  Metrics: sum_wealth took 0.0005338191986083984
2024_10_06_T14:52:03 -  Metrics: wealth_distribution took 0.0031659603118896484
2024_10_06_T14:52:03 -  Metrics: money_distribution took 0.003386974334716797
2024_10_06_T14:52:03 -  Metrics: size_distribution took 0.0063779354095458984
2024_10_06_T14:52:03 -  Metrics: age_distribution took 0.00397801399230957
2024_10_06_T14:52:29 -  Model step started
2024_10_06_T14:52:29 -  clearHangingSupplies started
2024_10_06_T14:52:29 -  clearHangingSupplies took 0.0009629726409912109
2024_10_06_T14:52:29 -  clearHangingRentalSupplies started
2024_10_06_T14:52:29 -  clearHangingRentalSupplies took 0.0001239776611328125
2024_10_06_T14:52:29 -  clearHouseMarket started
2024_10_06_T14:52:35 -  clearHouseMarket - first block took 5.612729072570801
2024_10_06_T14:52:35 -  clearHouseMarket - second block took 0.02752208709716797
2024_10_06_T14:52:35 -  clearHouseMarket - third block took 0.0009319782257080078
2024_10_06_T14:52:35 -  clearRentalMarket started
2024_10_06_T14:52:35 -  clearRentalMarket - first block took 0.548137903213501
2024_10_06_T14:52:35 -  clearRentalMarket - second block took 0.007055044174194336
2024_10_06_T14:52:35 -  Model step took 6.311338186264038 seconds
2024_10_06_T14:52:35 -  Metrics: sum_wealth took 0.0004661083221435547
2024_10_06_T14:52:35 -  Metrics: wealth_distribution took 0.0036191940307617188
2024_10_06_T14:52:35 -  Metrics: money_distribution took 0.003036022186279297
2024_10_06_T14:52:35 -  Metrics: size_distribution took 0.003942012786865234
2024_10_06_T14:52:35 -  Metrics: age_distribution took 0.002772092819213867
2024_10_06_T14:52:48 -  Model step started
2024_10_06_T14:52:48 -  clearHangingSupplies started
2024_10_06_T14:52:48 -  clearHangingSupplies took 0.0006289482116699219
2024_10_06_T14:52:48 -  clearHangingRentalSupplies started
2024_10_06_T14:52:48 -  clearHangingRentalSupplies took 0.0001690387725830078
2024_10_06_T14:52:48 -  clearHouseMarket started
2024_10_06_T14:52:52 -  clearHouseMarket - first block took 4.380638122558594
2024_10_06_T14:52:52 -  clearHouseMarket - second block took 0.012042999267578125
2024_10_06_T14:52:52 -  clearHouseMarket - third block took 0.0011229515075683594
2024_10_06_T14:52:52 -  clearRentalMarket started
2024_10_06_T14:52:52 -  clearRentalMarket - first block took 0.28706789016723633
2024_10_06_T14:52:52 -  clearRentalMarket - second block took 0.0023970603942871094
2024_10_06_T14:52:52 -  Model step took 4.748418092727661 seconds
2024_10_06_T14:52:52 -  Metrics: sum_wealth took 0.0004470348358154297
2024_10_06_T14:52:52 -  Metrics: wealth_distribution took 0.002747058868408203
2024_10_06_T14:52:52 -  Metrics: money_distribution took 0.002907991409301758
2024_10_06_T14:52:52 -  Metrics: size_distribution took 0.002362966537475586
2024_10_06_T14:52:52 -  Metrics: age_distribution took 0.0025599002838134766
2024_10_06_T14:53:06 -  Model step started
2024_10_06_T14:53:06 -  clearHangingSupplies started
2024_10_06_T14:53:06 -  clearHangingSupplies took 0.0006439685821533203
2024_10_06_T14:53:06 -  clearHangingRentalSupplies started
2024_10_06_T14:53:06 -  clearHangingRentalSupplies took 0.00021004676818847656
2024_10_06_T14:53:06 -  clearHouseMarket started
2024_10_06_T14:53:10 -  clearHouseMarket - first block took 3.853961944580078
2024_10_06_T14:53:10 -  clearHouseMarket - second block took 0.008419990539550781
2024_10_06_T14:53:10 -  clearHouseMarket - third block took 0.0012929439544677734
2024_10_06_T14:53:10 -  clearRentalMarket started
2024_10_06_T14:53:10 -  clearRentalMarket - first block took 0.28432703018188477
2024_10_06_T14:53:10 -  clearRentalMarket - second block took 0.0013990402221679688
2024_10_06_T14:53:10 -  Model step took 4.22037410736084 seconds
2024_10_06_T14:53:10 -  Metrics: sum_wealth took 0.0005440711975097656
2024_10_06_T14:53:10 -  Metrics: wealth_distribution took 0.0025742053985595703
2024_10_06_T14:53:10 -  Metrics: money_distribution took 0.002986907958984375
2024_10_06_T14:53:10 -  Metrics: size_distribution took 0.002351045608520508
2024_10_06_T14:53:10 -  Metrics: age_distribution took 0.0022439956665039062
2024_10_06_T14:53:23 -  Model step started
2024_10_06_T14:53:23 -  clearHangingSupplies started
2024_10_06_T14:53:23 -  clearHangingSupplies took 0.0005590915679931641
2024_10_06_T14:53:23 -  clearHangingRentalSupplies started
2024_10_06_T14:53:23 -  clearHangingRentalSupplies took 0.00019812583923339844
2024_10_06_T14:53:23 -  clearHouseMarket started
2024_10_06_T14:53:27 -  clearHouseMarket - first block took 3.692732095718384
2024_10_06_T14:53:27 -  clearHouseMarket - second block took 0.00853586196899414
2024_10_06_T14:53:27 -  clearHouseMarket - third block took 0.0008740425109863281
2024_10_06_T14:53:27 -  clearRentalMarket started
2024_10_06_T14:53:27 -  clearRentalMarket - first block took 0.2933931350708008
2024_10_06_T14:53:27 -  clearRentalMarket - second block took 0.0009529590606689453
2024_10_06_T14:53:27 -  Model step took 4.064749002456665 seconds
2024_10_06_T14:53:27 -  Metrics: sum_wealth took 0.00036597251892089844
2024_10_06_T14:53:27 -  Metrics: wealth_distribution took 0.003813028335571289
2024_10_06_T14:53:27 -  Metrics: money_distribution took 0.0031158924102783203
2024_10_06_T14:53:27 -  Metrics: size_distribution took 0.0024449825286865234
2024_10_06_T14:53:27 -  Metrics: age_distribution took 0.0027399063110351562
2024_10_06_T14:53:40 -  Model step started
2024_10_06_T14:53:40 -  clearHangingSupplies started
2024_10_06_T14:53:40 -  clearHangingSupplies took 0.0005481243133544922
2024_10_06_T14:53:40 -  clearHangingRentalSupplies started
2024_10_06_T14:53:40 -  clearHangingRentalSupplies took 0.0002579689025878906
2024_10_06_T14:53:40 -  clearHouseMarket started
2024_10_06_T14:53:43 -  clearHouseMarket - first block took 3.3958938121795654
2024_10_06_T14:53:43 -  clearHouseMarket - second block took 0.007170200347900391
2024_10_06_T14:53:43 -  clearHouseMarket - third block took 0.00084686279296875
2024_10_06_T14:53:43 -  clearRentalMarket started
2024_10_06_T14:53:43 -  clearRentalMarket - first block took 0.29215502738952637
2024_10_06_T14:53:43 -  clearRentalMarket - second block took 0.000988006591796875
2024_10_06_T14:53:43 -  Model step took 3.765907049179077 seconds
2024_10_06_T14:53:43 -  Metrics: sum_wealth took 0.0005271434783935547
2024_10_06_T14:53:43 -  Metrics: wealth_distribution took 0.002767801284790039
2024_10_06_T14:53:43 -  Metrics: money_distribution took 0.002981901168823242
2024_10_06_T14:53:43 -  Metrics: size_distribution took 0.0024170875549316406
2024_10_06_T14:53:43 -  Metrics: age_distribution took 0.002370119094848633
2024_10_06_T14:53:56 -  Model step started
2024_10_06_T14:53:56 -  clearHangingSupplies started
2024_10_06_T14:53:56 -  clearHangingSupplies took 0.0006129741668701172
2024_10_06_T14:53:56 -  clearHangingRentalSupplies started
2024_10_06_T14:53:56 -  clearHangingRentalSupplies took 0.00028896331787109375
2024_10_06_T14:53:56 -  clearHouseMarket started
2024_10_06_T14:53:59 -  clearHouseMarket - first block took 3.3334991931915283
2024_10_06_T14:53:59 -  clearHouseMarket - second block took 0.005364894866943359
2024_10_06_T14:53:59 -  clearHouseMarket - third block took 0.0009188652038574219
2024_10_06_T14:53:59 -  clearRentalMarket started
2024_10_06_T14:54:00 -  clearRentalMarket - first block took 0.3914029598236084
2024_10_06_T14:54:00 -  clearRentalMarket - second block took 0.0010080337524414062
2024_10_06_T14:54:00 -  Model step took 3.8051202297210693 seconds
2024_10_06_T14:54:00 -  Metrics: sum_wealth took 0.00028395652770996094
2024_10_06_T14:54:00 -  Metrics: wealth_distribution took 0.0028960704803466797
2024_10_06_T14:54:00 -  Metrics: money_distribution took 0.0037031173706054688
2024_10_06_T14:54:00 -  Metrics: size_distribution took 0.002418994903564453
2024_10_06_T14:54:00 -  Metrics: age_distribution took 0.0028650760650634766
2024_10_06_T14:54:13 -  Model step started
2024_10_06_T14:54:13 -  clearHangingSupplies started
2024_10_06_T14:54:13 -  clearHangingSupplies took 0.0005311965942382812
2024_10_06_T14:54:13 -  clearHangingRentalSupplies started
2024_10_06_T14:54:13 -  clearHangingRentalSupplies took 0.0003380775451660156
2024_10_06_T14:54:13 -  clearHouseMarket started
2024_10_06_T14:54:17 -  clearHouseMarket - first block took 3.1431169509887695
2024_10_06_T14:54:17 -  clearHouseMarket - second block took 0.005302906036376953
2024_10_06_T14:54:17 -  clearHouseMarket - third block took 0.0008301734924316406
2024_10_06_T14:54:17 -  clearRentalMarket started
2024_10_06_T14:54:17 -  clearRentalMarket - first block took 0.423907995223999
2024_10_06_T14:54:17 -  clearRentalMarket - second block took 0.0015370845794677734
2024_10_06_T14:54:17 -  Model step took 3.6462719440460205 seconds
2024_10_06_T14:54:17 -  Metrics: sum_wealth took 0.0003769397735595703
2024_10_06_T14:54:17 -  Metrics: wealth_distribution took 0.0035331249237060547
2024_10_06_T14:54:17 -  Metrics: money_distribution took 0.004724025726318359
2024_10_06_T14:54:17 -  Metrics: size_distribution took 0.0025320053100585938
2024_10_06_T14:54:17 -  Metrics: age_distribution took 0.002410888671875
2024_10_06_T14:54:30 -  Model step started
2024_10_06_T14:54:30 -  clearHangingSupplies started
2024_10_06_T14:54:30 -  clearHangingSupplies took 0.0004889965057373047
2024_10_06_T14:54:30 -  clearHangingRentalSupplies started
2024_10_06_T14:54:30 -  clearHangingRentalSupplies took 0.0010540485382080078
2024_10_06_T14:54:30 -  clearHouseMarket started
2024_10_06_T14:54:32 -  clearHouseMarket - first block took 2.974759101867676
2024_10_06_T14:54:32 -  clearHouseMarket - second block took 0.004231929779052734
2024_10_06_T14:54:32 -  clearHouseMarket - third block took 0.0011179447174072266
2024_10_06_T14:54:32 -  clearRentalMarket started
2024_10_06_T14:54:33 -  clearRentalMarket - first block took 0.4144752025604248
2024_10_06_T14:54:33 -  clearRentalMarket - second block took 0.0007541179656982422
2024_10_06_T14:54:33 -  Model step took 3.4626030921936035 seconds
2024_10_06_T14:54:33 -  Metrics: sum_wealth took 0.00036597251892089844
2024_10_06_T14:54:33 -  Metrics: wealth_distribution took 0.0027751922607421875
2024_10_06_T14:54:33 -  Metrics: money_distribution took 0.0027360916137695312
2024_10_06_T14:54:33 -  Metrics: size_distribution took 0.0025920867919921875
2024_10_06_T14:54:33 -  Metrics: age_distribution took 0.002444028854370117
2024_10_06_T14:54:47 -  Model step started
2024_10_06_T14:54:47 -  clearHangingSupplies started
2024_10_06_T14:54:47 -  clearHangingSupplies took 0.0005848407745361328
2024_10_06_T14:54:47 -  clearHangingRentalSupplies started
2024_10_06_T14:54:47 -  clearHangingRentalSupplies took 0.0003561973571777344
2024_10_06_T14:54:47 -  clearHouseMarket started
2024_10_06_T14:54:50 -  clearHouseMarket - first block took 2.8528740406036377
2024_10_06_T14:54:50 -  clearHouseMarket - second block took 0.004182100296020508
2024_10_06_T14:54:50 -  clearHouseMarket - third block took 0.0009729862213134766
2024_10_06_T14:54:50 -  clearRentalMarket started
2024_10_06_T14:54:50 -  clearRentalMarket - first block took 0.4711310863494873
2024_10_06_T14:54:50 -  clearRentalMarket - second block took 0.001844167709350586
2024_10_06_T14:54:50 -  Model step took 3.417699098587036 seconds
2024_10_06_T14:54:50 -  Metrics: sum_wealth took 0.00029206275939941406
2024_10_06_T14:54:50 -  Metrics: wealth_distribution took 0.002956867218017578
2024_10_06_T14:54:50 -  Metrics: money_distribution took 0.0030639171600341797
2024_10_06_T14:54:50 -  Metrics: size_distribution took 0.003854036331176758
2024_10_06_T14:54:50 -  Metrics: age_distribution took 0.0027191638946533203
2024_10_06_T14:55:03 -  Model step started
2024_10_06_T14:55:03 -  clearHangingSupplies started
2024_10_06_T14:55:03 -  clearHangingSupplies took 0.0004470348358154297
2024_10_06_T14:55:03 -  clearHangingRentalSupplies started
2024_10_06_T14:55:03 -  clearHangingRentalSupplies took 0.0005528926849365234
2024_10_06_T14:55:03 -  clearHouseMarket started
2024_10_06_T14:55:05 -  clearHouseMarket - first block took 2.7869420051574707
2024_10_06_T14:55:05 -  clearHouseMarket - second block took 0.00977015495300293
2024_10_06_T14:55:05 -  clearHouseMarket - third block took 0.0009801387786865234
2024_10_06_T14:55:05 -  clearRentalMarket started
2024_10_06_T14:55:06 -  clearRentalMarket - first block took 0.47987985610961914
2024_10_06_T14:55:06 -  clearRentalMarket - second block took 0.0007390975952148438
2024_10_06_T14:55:06 -  Model step took 3.3490850925445557 seconds
2024_10_06_T14:55:06 -  Metrics: sum_wealth took 0.0003800392150878906
2024_10_06_T14:55:06 -  Metrics: wealth_distribution took 0.0028657913208007812
2024_10_06_T14:55:06 -  Metrics: money_distribution took 0.003239154815673828
2024_10_06_T14:55:06 -  Metrics: size_distribution took 0.002624988555908203
2024_10_06_T14:55:06 -  Metrics: age_distribution took 0.0025038719177246094
