2024_09_15_T17:09:07 -  finished initateHouses in 0.5735399723052979 seconds
2024_09_15_T17:09:08 -  finished initiateHouseholds in 0.8392939567565918 seconds
2024_09_15_T17:09:08 -  finished assignHousesToHouseholds in 1.0454790592193604 seconds
2024_09_15_T17:09:26 -  Model step started
2024_09_15_T17:09:28 -  Model step took 2.7308449745178223 seconds
2024_09_15_T17:09:40 -  Model step started
2024_09_15_T17:09:40 -  Model step took 0.71492600440979 seconds
2024_09_15_T17:09:52 -  Model step started
2024_09_15_T17:09:53 -  Model step took 0.7468249797821045 seconds
2024_09_15_T17:10:04 -  Model step started
2024_09_15_T17:10:05 -  Model step took 0.6297328472137451 seconds
2024_09_15_T17:10:16 -  Model step started
2024_09_15_T17:10:17 -  Model step took 0.5472261905670166 seconds
2024_09_15_T17:10:29 -  Model step started
2024_09_15_T17:10:29 -  Model step took 0.5448520183563232 seconds
2024_09_15_T17:10:41 -  Model step started
2024_09_15_T17:10:41 -  Model step took 0.4645271301269531 seconds
2024_09_15_T17:10:53 -  Model step started
2024_09_15_T17:10:53 -  Model step took 0.41042113304138184 seconds
2024_09_15_T17:11:05 -  Model step started
2024_09_15_T17:11:05 -  Model step took 0.36591291427612305 seconds
2024_09_15_T17:11:17 -  Model step started
2024_09_15_T17:11:17 -  Model step took 0.3150029182434082 seconds
2024_09_15_T17:11:29 -  Model step started
2024_09_15_T17:11:30 -  Model step took 0.3039429187774658 seconds
2024_09_15_T17:11:41 -  Model step started
2024_09_15_T17:11:42 -  Model step took 0.30287599563598633 seconds
2024_09_15_T17:11:53 -  Model step started
2024_09_15_T17:11:54 -  Model step took 0.30908203125 seconds
2024_09_15_T17:12:05 -  Model step started
2024_09_15_T17:12:06 -  Model step took 0.3159220218658447 seconds
2024_09_15_T17:12:17 -  Model step started
2024_09_15_T17:12:18 -  Model step took 0.3043529987335205 seconds
2024_09_15_T17:12:30 -  Model step started
2024_09_15_T17:12:30 -  Model step took 0.30082011222839355 seconds
2024_09_15_T17:12:43 -  Model step started
2024_09_15_T17:12:43 -  Model step took 0.8508760929107666 seconds
2024_09_15_T17:12:55 -  Model step started
2024_09_15_T17:12:56 -  Model step took 0.8671197891235352 seconds
2024_09_15_T17:13:08 -  Model step started
2024_09_15_T17:13:09 -  Model step took 0.8943440914154053 seconds
2024_09_15_T17:13:21 -  Model step started
2024_09_15_T17:13:22 -  Model step took 0.816612958908081 seconds
2024_09_15_T17:13:34 -  Model step started
2024_09_15_T17:13:35 -  Model step took 0.896014928817749 seconds
2024_09_15_T17:13:47 -  Model step started
2024_09_15_T17:13:48 -  Model step took 1.056074857711792 seconds
2024_09_15_T17:14:00 -  Model step started
2024_09_15_T17:14:02 -  Model step took 2.654015064239502 seconds
2024_09_15_T17:14:14 -  Model step started
2024_09_15_T17:14:16 -  Model step took 1.607300043106079 seconds
2024_09_15_T17:14:28 -  Model step started
2024_09_15_T17:14:30 -  Model step took 1.6044809818267822 seconds
2024_09_15_T17:14:42 -  Model step started
2024_09_15_T17:14:44 -  Model step took 1.553044080734253 seconds
2024_09_15_T17:14:56 -  Model step started
2024_09_15_T17:14:57 -  Model step took 1.272904872894287 seconds
2024_09_15_T17:15:10 -  Model step started
2024_09_15_T17:15:11 -  Model step took 0.9989309310913086 seconds
2024_09_15_T17:15:24 -  Model step started
2024_09_15_T17:15:24 -  Model step took 0.6233508586883545 seconds
2024_09_15_T17:15:37 -  Model step started
2024_09_15_T17:15:37 -  Model step took 0.1992330551147461 seconds
2024_09_15_T17:15:49 -  Model step started
2024_09_15_T17:15:49 -  Model step took 0.04215502738952637 seconds
2024_09_15_T17:16:01 -  Model step started
2024_09_15_T17:16:01 -  Model step took 0.03872990608215332 seconds
2024_09_15_T17:16:14 -  Model step started
2024_09_15_T17:16:14 -  Model step took 0.05077719688415527 seconds
2024_09_15_T17:16:26 -  Model step started
2024_09_15_T17:16:26 -  Model step took 0.04142308235168457 seconds
2024_09_15_T17:16:38 -  Model step started
2024_09_15_T17:16:38 -  Model step took 0.04407191276550293 seconds
2024_09_15_T17:16:50 -  Model step started
2024_09_15_T17:16:50 -  Model step took 0.04552912712097168 seconds
2024_09_15_T17:17:03 -  Model step started
2024_09_15_T17:17:03 -  Model step took 0.04459214210510254 seconds
2024_09_15_T17:17:15 -  Model step started
2024_09_15_T17:17:15 -  Model step took 0.06160688400268555 seconds
2024_09_15_T17:17:27 -  Model step started
2024_09_15_T17:17:27 -  Model step took 0.045526981353759766 seconds
2024_09_15_T17:17:40 -  Model step started
2024_09_15_T17:17:40 -  Model step took 0.05127692222595215 seconds
2024_09_15_T17:17:52 -  Model step started
2024_09_15_T17:17:52 -  Model step took 0.060508012771606445 seconds
2024_09_15_T17:18:04 -  Model step started
2024_09_15_T17:18:04 -  Model step took 0.07715702056884766 seconds
2024_09_15_T17:18:17 -  Model step started
2024_09_15_T17:18:17 -  Model step took 0.06685400009155273 seconds
2024_09_15_T17:18:29 -  Model step started
2024_09_15_T17:18:29 -  Model step took 0.09887218475341797 seconds
2024_09_15_T17:18:42 -  Model step started
2024_09_15_T17:18:42 -  Model step took 0.07667279243469238 seconds
2024_09_15_T17:18:55 -  Model step started
2024_09_15_T17:18:55 -  Model step took 0.08410286903381348 seconds
2024_09_15_T17:19:07 -  Model step started
2024_09_15_T17:19:08 -  Model step took 0.07701516151428223 seconds
2024_09_15_T17:19:20 -  Model step started
2024_09_15_T17:19:20 -  Model step took 0.07366681098937988 seconds
2024_09_15_T17:19:32 -  Model step started
2024_09_15_T17:19:32 -  Model step took 0.0882108211517334 seconds
2024_09_15_T17:19:44 -  Model step started
2024_09_15_T17:19:44 -  Model step took 0.08091187477111816 seconds
2024_09_15_T17:19:56 -  Model step started
2024_09_15_T17:19:56 -  Model step took 0.12445402145385742 seconds
2024_09_15_T17:20:08 -  Model step started
2024_09_15_T17:20:08 -  Model step took 0.07727217674255371 seconds
2024_09_15_T17:20:20 -  Model step started
2024_09_15_T17:20:20 -  Model step took 0.07224297523498535 seconds
2024_09_15_T17:20:32 -  Model step started
2024_09_15_T17:20:32 -  Model step took 0.0802769660949707 seconds
2024_09_15_T17:20:44 -  Model step started
2024_09_15_T17:20:44 -  Model step took 0.06767106056213379 seconds
2024_09_15_T17:20:57 -  Model step started
2024_09_15_T17:20:57 -  Model step took 0.0639030933380127 seconds
2024_09_15_T17:21:09 -  Model step started
2024_09_15_T17:21:09 -  Model step took 0.06348896026611328 seconds
2024_09_15_T17:21:21 -  Model step started
2024_09_15_T17:21:21 -  Model step took 0.057745933532714844 seconds
2024_09_15_T17:21:33 -  Model step started
2024_09_15_T17:21:33 -  Model step took 0.05511903762817383 seconds
2024_09_15_T17:21:45 -  Model step started
2024_09_15_T17:21:45 -  Model step took 0.07256507873535156 seconds
2024_09_15_T17:21:57 -  Model step started
2024_09_15_T17:21:57 -  Model step took 0.05696582794189453 seconds
2024_09_15_T17:22:09 -  Model step started
2024_09_15_T17:22:10 -  Model step took 0.06466293334960938 seconds
2024_09_15_T17:22:22 -  Model step started
2024_09_15_T17:22:22 -  Model step took 0.05663299560546875 seconds
2024_09_15_T17:22:34 -  Model step started
2024_09_15_T17:22:34 -  Model step took 0.06627082824707031 seconds
2024_09_15_T17:22:46 -  Model step started
2024_09_15_T17:22:46 -  Model step took 0.06572389602661133 seconds
2024_09_15_T17:22:58 -  Model step started
2024_09_15_T17:22:58 -  Model step took 0.054038047790527344 seconds
2024_09_15_T17:23:10 -  Model step started
2024_09_15_T17:23:10 -  Model step took 0.04176807403564453 seconds
2024_09_15_T17:23:22 -  Model step started
2024_09_15_T17:23:22 -  Model step took 0.03686094284057617 seconds
2024_09_15_T17:23:34 -  Model step started
2024_09_15_T17:23:34 -  Model step took 0.0366368293762207 seconds
2024_09_15_T17:23:46 -  Model step started
2024_09_15_T17:23:46 -  Model step took 0.03717613220214844 seconds
2024_09_15_T17:23:58 -  Model step started
2024_09_15_T17:23:58 -  Model step took 0.03607010841369629 seconds
2024_09_15_T17:24:10 -  Model step started
2024_09_15_T17:24:10 -  Model step took 0.030061006546020508 seconds
2024_09_15_T17:24:22 -  Model step started
2024_09_15_T17:24:22 -  Model step took 0.03134799003601074 seconds
2024_09_15_T17:24:35 -  Model step started
2024_09_15_T17:24:35 -  Model step took 0.0321500301361084 seconds
2024_09_15_T17:24:47 -  Model step started
2024_09_15_T17:24:47 -  Model step took 0.04113292694091797 seconds
2024_09_15_T17:24:59 -  Model step started
2024_09_15_T17:24:59 -  Model step took 0.031040191650390625 seconds
2024_09_15_T17:25:11 -  Model step started
2024_09_15_T17:25:11 -  Model step took 0.029035091400146484 seconds
2024_09_15_T17:25:22 -  Model step started
2024_09_15_T17:25:23 -  Model step took 0.04054880142211914 seconds
2024_09_15_T17:25:35 -  Model step started
2024_09_15_T17:25:35 -  Model step took 0.033377885818481445 seconds
2024_09_15_T17:25:47 -  Model step started
2024_09_15_T17:25:47 -  Model step took 0.035613059997558594 seconds
2024_09_15_T17:25:59 -  Model step started
2024_09_15_T17:25:59 -  Model step took 0.03586697578430176 seconds
2024_09_15_T17:26:10 -  Model step started
2024_09_15_T17:26:11 -  Model step took 0.0292360782623291 seconds
2024_09_15_T17:26:23 -  Model step started
2024_09_15_T17:26:23 -  Model step took 0.028132200241088867 seconds
2024_09_15_T17:26:35 -  Model step started
2024_09_15_T17:26:35 -  Model step took 0.033371925354003906 seconds
2024_09_15_T17:26:46 -  Model step started
2024_09_15_T17:26:46 -  Model step took 0.025708913803100586 seconds
2024_09_15_T17:26:58 -  Model step started
2024_09_15_T17:26:58 -  Model step took 0.02622699737548828 seconds
2024_09_15_T17:27:10 -  Model step started
2024_09_15_T17:27:10 -  Model step took 0.028326034545898438 seconds
2024_09_15_T17:27:22 -  Model step started
2024_09_15_T17:27:22 -  Model step took 0.02422308921813965 seconds
2024_09_15_T17:27:34 -  Model step started
2024_09_15_T17:27:34 -  Model step took 0.021911144256591797 seconds
2024_09_15_T17:27:46 -  Model step started
2024_09_15_T17:27:46 -  Model step took 0.020509004592895508 seconds
2024_09_15_T17:27:57 -  Model step started
2024_09_15_T17:27:57 -  Model step took 0.020956993103027344 seconds
2024_09_15_T17:28:09 -  Model step started
2024_09_15_T17:28:09 -  Model step took 0.036074161529541016 seconds
2024_09_15_T17:28:21 -  Model step started
2024_09_15_T17:28:21 -  Model step took 0.019346952438354492 seconds
2024_09_15_T17:28:33 -  Model step started
2024_09_15_T17:28:33 -  Model step took 0.024077892303466797 seconds
2024_09_15_T17:28:44 -  Model step started
2024_09_15_T17:28:44 -  Model step took 0.019655942916870117 seconds
2024_09_15_T17:28:56 -  Model step started
2024_09_15_T17:28:56 -  Model step took 0.018232107162475586 seconds
2024_09_15_T17:29:08 -  Model step started
2024_09_15_T17:29:08 -  Model step took 0.01733708381652832 seconds
2024_09_15_T17:29:20 -  Model step started
2024_09_15_T17:29:20 -  Model step took 0.014661073684692383 seconds
2024_09_15_T17:29:31 -  Model step started
2024_09_15_T17:29:31 -  Model step took 0.015655994415283203 seconds
2024_09_15_T17:29:43 -  Model step started
2024_09_15_T17:29:43 -  Model step took 0.015022039413452148 seconds
2024_09_15_T17:29:55 -  Model step started
2024_09_15_T17:29:55 -  Model step took 0.013784170150756836 seconds
2024_09_15_T17:30:07 -  Model step started
2024_09_15_T17:30:07 -  Model step took 0.01821589469909668 seconds
2024_09_15_T17:30:18 -  Model step started
2024_09_15_T17:30:18 -  Model step took 0.0117340087890625 seconds
2024_09_15_T17:30:30 -  Model step started
2024_09_15_T17:30:30 -  Model step took 0.013084173202514648 seconds
2024_09_15_T17:30:42 -  Model step started
2024_09_15_T17:30:42 -  Model step took 0.012430906295776367 seconds
2024_09_15_T17:30:53 -  Model step started
2024_09_15_T17:30:53 -  Model step took 0.012853145599365234 seconds
2024_09_15_T17:31:05 -  Model step started
2024_09_15_T17:31:05 -  Model step took 0.011693954467773438 seconds
2024_09_15_T17:31:16 -  Model step started
2024_09_15_T17:31:16 -  Model step took 0.012501001358032227 seconds
2024_09_15_T17:31:28 -  Model step started
2024_09_15_T17:31:28 -  Model step took 0.00929117202758789 seconds
2024_09_15_T17:31:39 -  Model step started
2024_09_15_T17:31:39 -  Model step took 0.011033058166503906 seconds
2024_09_15_T17:31:51 -  Model step started
2024_09_15_T17:31:51 -  Model step took 0.008874893188476562 seconds
2024_09_15_T17:32:02 -  Model step started
2024_09_15_T17:32:02 -  Model step took 0.00996088981628418 seconds
2024_09_15_T17:32:14 -  Model step started
2024_09_15_T17:32:14 -  Model step took 0.009956121444702148 seconds
2024_09_15_T17:32:25 -  Model step started
2024_09_15_T17:32:25 -  Model step took 0.009186029434204102 seconds
2024_09_15_T17:32:37 -  Model step started
2024_09_15_T17:32:37 -  Model step took 0.007946968078613281 seconds
2024_09_15_T17:32:48 -  Model step started
2024_09_15_T17:32:48 -  Model step took 0.008121967315673828 seconds
2024_09_15_T17:32:59 -  Model step started
2024_09_15_T17:32:59 -  Model step took 0.008452892303466797 seconds
2024_09_15_T17:33:11 -  Model step started
2024_09_15_T17:33:11 -  Model step took 0.009265899658203125 seconds
2024_09_15_T17:33:22 -  Model step started
2024_09_15_T17:33:22 -  Model step took 0.007721900939941406 seconds
2024_09_15_T17:33:33 -  Model step started
2024_09_15_T17:33:33 -  Model step took 0.008481025695800781 seconds
2024_09_15_T17:33:45 -  Model step started
2024_09_15_T17:33:45 -  Model step took 0.01195216178894043 seconds
2024_09_15_T17:33:56 -  Model step started
2024_09_15_T17:33:56 -  Model step took 0.006598949432373047 seconds
2024_09_15_T17:34:07 -  Model step started
2024_09_15_T17:34:07 -  Model step took 0.006785154342651367 seconds
2024_09_15_T17:34:19 -  Model step started
2024_09_15_T17:34:19 -  Model step took 0.007292032241821289 seconds
2024_09_15_T17:34:30 -  Model step started
2024_09_15_T17:34:30 -  Model step took 0.006745100021362305 seconds
2024_09_15_T17:34:41 -  Model step started
2024_09_15_T17:34:41 -  Model step took 0.005774021148681641 seconds
2024_09_15_T17:34:52 -  Model step started
2024_09_15_T17:34:52 -  Model step took 0.0065538883209228516 seconds
2024_09_15_T17:35:04 -  Model step started
2024_09_15_T17:35:04 -  Model step took 0.005384922027587891 seconds
2024_09_15_T17:35:15 -  Model step started
2024_09_15_T17:35:15 -  Model step took 0.007011890411376953 seconds
2024_09_15_T17:35:26 -  Model step started
2024_09_15_T17:35:26 -  Model step took 0.006433963775634766 seconds
2024_09_15_T17:35:37 -  Model step started
2024_09_15_T17:35:37 -  Model step took 0.006948947906494141 seconds
2024_09_15_T17:35:48 -  Model step started
2024_09_15_T17:35:48 -  Model step took 0.006741046905517578 seconds
2024_09_15_T17:36:00 -  Model step started
2024_09_15_T17:36:00 -  Model step took 0.008024930953979492 seconds
2024_09_15_T17:36:11 -  Model step started
2024_09_15_T17:36:11 -  Model step took 0.006284952163696289 seconds
2024_09_15_T17:36:22 -  Model step started
2024_09_15_T17:36:22 -  Model step took 0.005291938781738281 seconds
2024_09_15_T17:36:33 -  Model step started
2024_09_15_T17:36:33 -  Model step took 0.006184101104736328 seconds
2024_09_15_T17:36:44 -  Model step started
2024_09_15_T17:36:44 -  Model step took 0.008620023727416992 seconds
2024_09_15_T17:36:55 -  Model step started
2024_09_15_T17:36:55 -  Model step took 0.010557889938354492 seconds
2024_09_15_T17:37:06 -  Model step started
2024_09_15_T17:37:06 -  Model step took 0.006927967071533203 seconds
2024_09_15_T17:37:17 -  Model step started
2024_09_15_T17:37:17 -  Model step took 0.006494998931884766 seconds
2024_09_15_T17:37:28 -  Model step started
2024_09_15_T17:37:28 -  Model step took 0.006139993667602539 seconds
2024_09_15_T17:37:39 -  Model step started
2024_09_15_T17:37:39 -  Model step took 0.00704503059387207 seconds
2024_09_15_T17:37:50 -  Model step started
2024_09_15_T17:37:50 -  Model step took 0.008211135864257812 seconds
2024_09_15_T17:38:01 -  Model step started
2024_09_15_T17:38:01 -  Model step took 0.007857799530029297 seconds
2024_09_15_T17:38:13 -  Model step started
2024_09_15_T17:38:13 -  Model step took 0.007360935211181641 seconds
2024_09_15_T17:38:24 -  Model step started
2024_09_15_T17:38:24 -  Model step took 0.006799936294555664 seconds
2024_09_15_T17:38:36 -  Model step started
2024_09_15_T17:38:36 -  Model step took 0.0065250396728515625 seconds
2024_09_15_T17:38:47 -  Model step started
2024_09_15_T17:38:47 -  Model step took 0.0059511661529541016 seconds
2024_09_15_T17:38:58 -  Model step started
2024_09_15_T17:38:58 -  Model step took 0.007848978042602539 seconds
2024_09_15_T17:39:09 -  Model step started
2024_09_15_T17:39:09 -  Model step took 0.0056459903717041016 seconds
2024_09_15_T17:39:19 -  Model step started
2024_09_15_T17:39:19 -  Model step took 0.00832819938659668 seconds
2024_09_15_T17:39:30 -  Model step started
2024_09_15_T17:39:30 -  Model step took 0.00828695297241211 seconds
2024_09_15_T17:39:41 -  Model step started
2024_09_15_T17:39:41 -  Model step took 0.008398056030273438 seconds
2024_09_15_T17:39:52 -  Model step started
2024_09_15_T17:39:52 -  Model step took 0.008037090301513672 seconds
2024_09_15_T17:40:03 -  Model step started
2024_09_15_T17:40:03 -  Model step took 0.010673046112060547 seconds
2024_09_15_T17:40:13 -  Model step started
2024_09_15_T17:40:14 -  Model step took 0.006804943084716797 seconds
2024_09_15_T17:40:24 -  Model step started
2024_09_15_T17:40:24 -  Model step took 0.006773948669433594 seconds
2024_09_15_T17:40:35 -  Model step started
2024_09_15_T17:40:35 -  Model step took 0.006636142730712891 seconds
2024_09_15_T17:40:46 -  Model step started
2024_09_15_T17:40:46 -  Model step took 0.012151002883911133 seconds
2024_09_15_T17:40:56 -  Model step started
2024_09_15_T17:40:56 -  Model step took 0.0077669620513916016 seconds
2024_09_15_T17:41:07 -  Model step started
2024_09_15_T17:41:07 -  Model step took 0.009881019592285156 seconds
2024_09_15_T17:41:18 -  Model step started
2024_09_15_T17:41:18 -  Model step took 0.008344888687133789 seconds
2024_09_15_T17:41:28 -  Model step started
2024_09_15_T17:41:28 -  Model step took 0.007349967956542969 seconds
2024_09_15_T17:41:39 -  Model step started
2024_09_15_T17:41:39 -  Model step took 0.007481813430786133 seconds
2024_09_15_T17:41:49 -  Model step started
2024_09_15_T17:41:49 -  Model step took 0.0100250244140625 seconds
2024_09_15_T17:42:00 -  Model step started
2024_09_15_T17:42:00 -  Model step took 0.007686138153076172 seconds
2024_09_15_T17:42:10 -  Model step started
2024_09_15_T17:42:10 -  Model step took 0.011981964111328125 seconds
2024_09_15_T17:42:21 -  Model step started
2024_09_15_T17:42:21 -  Model step took 0.007318973541259766 seconds
2024_09_15_T17:42:31 -  Model step started
2024_09_15_T17:42:31 -  Model step took 0.006556987762451172 seconds
2024_09_15_T17:42:42 -  Model step started
2024_09_15_T17:42:42 -  Model step took 0.009877204895019531 seconds
2024_09_15_T17:42:52 -  Model step started
2024_09_15_T17:42:52 -  Model step took 0.006968021392822266 seconds
2024_09_15_T17:43:03 -  Model step started
2024_09_15_T17:43:03 -  Model step took 0.00925898551940918 seconds
2024_09_15_T17:43:13 -  Model step started
2024_09_15_T17:43:13 -  Model step took 0.006859779357910156 seconds
2024_09_15_T17:43:23 -  Model step started
2024_09_15_T17:43:23 -  Model step took 0.009713888168334961 seconds
2024_09_15_T17:43:34 -  Model step started
2024_09_15_T17:43:34 -  Model step took 0.0069081783294677734 seconds
2024_09_15_T17:43:44 -  Model step started
2024_09_15_T17:43:44 -  Model step took 0.008725881576538086 seconds
2024_09_15_T17:43:54 -  Model step started
2024_09_15_T17:43:54 -  Model step took 0.008475065231323242 seconds
2024_09_15_T17:44:04 -  Model step started
2024_09_15_T17:44:04 -  Model step took 0.010164976119995117 seconds
2024_09_15_T17:44:15 -  Model step started
2024_09_15_T17:44:15 -  Model step took 0.008206844329833984 seconds
2024_09_15_T17:44:25 -  Model step started
2024_09_15_T17:44:25 -  Model step took 0.011157989501953125 seconds
2024_09_15_T17:44:35 -  Model step started
2024_09_15_T17:44:35 -  Model step took 0.008272171020507812 seconds
2024_09_15_T17:44:45 -  Model step started
2024_09_15_T17:44:45 -  Model step took 0.013544082641601562 seconds
2024_09_15_T17:44:55 -  Model step started
2024_09_15_T17:44:55 -  Model step took 0.008175134658813477 seconds
2024_09_15_T17:45:05 -  Model step started
2024_09_15_T17:45:05 -  Model step took 0.00896000862121582 seconds
2024_09_15_T17:45:16 -  Model step started
2024_09_15_T17:45:16 -  Model step took 0.00740504264831543 seconds
2024_09_15_T17:45:26 -  Model step started
2024_09_15_T17:45:26 -  Model step took 0.008022069931030273 seconds
2024_09_15_T17:45:37 -  Model step started
2024_09_15_T17:45:37 -  Model step took 0.008254051208496094 seconds
2024_09_15_T17:45:48 -  Model step started
2024_09_15_T17:45:48 -  Model step took 0.01137399673461914 seconds
2024_09_15_T17:45:58 -  Model step started
2024_09_15_T17:45:58 -  Model step took 0.00896000862121582 seconds
2024_09_15_T17:46:08 -  Model step started
2024_09_15_T17:46:08 -  Model step took 0.00636601448059082 seconds
2024_09_15_T17:46:18 -  Model step started
2024_09_15_T17:46:18 -  Model step took 0.007462978363037109 seconds
2024_09_15_T17:46:29 -  Model step started
2024_09_15_T17:46:29 -  Model step took 0.01128697395324707 seconds
2024_09_15_T17:46:39 -  Model step started
2024_09_15_T17:46:39 -  Model step took 0.006561994552612305 seconds
2024_09_15_T17:46:49 -  Model step started
2024_09_15_T17:46:49 -  Model step took 0.009441137313842773 seconds
2024_09_15_T17:46:59 -  Model step started
2024_09_15_T17:46:59 -  Model step took 0.00713801383972168 seconds
2024_09_15_T17:47:10 -  Model step started
2024_09_15_T17:47:10 -  Model step took 0.006734132766723633 seconds
2024_09_15_T17:47:20 -  Model step started
2024_09_15_T17:47:20 -  Model step took 0.013546943664550781 seconds
2024_09_15_T17:47:30 -  Model step started
2024_09_15_T17:47:30 -  Model step took 0.014689922332763672 seconds
2024_09_15_T17:47:40 -  Model step started
2024_09_15_T17:47:40 -  Model step took 0.010576963424682617 seconds
2024_09_15_T17:47:50 -  Model step started
2024_09_15_T17:47:50 -  Model step took 0.0090179443359375 seconds
