2024_09_15_T12:42:10 -  finished initateHouses in 0.6241650581359863 seconds
2024_09_15_T12:42:10 -  finished initiateHouseholds in 1.0083000659942627 seconds
2024_09_15_T12:42:10 -  finished assignHousesToHouseholds in 1.233665943145752 seconds
2024_09_15_T12:42:20 -  Model step started
2024_09_15_T12:42:21 -  Model step took 0.7648398876190186 seconds
2024_09_15_T12:42:23 -  Model step started
2024_09_15_T12:42:23 -  Model step took 0.02941107749938965 seconds
2024_09_15_T12:42:24 -  Model step started
2024_09_15_T12:42:24 -  Model step took 0.01003885269165039 seconds
2024_09_15_T12:42:26 -  Model step started
2024_09_15_T12:42:26 -  Model step took 0.007227897644042969 seconds
2024_09_15_T12:42:30 -  Model step started
2024_09_15_T12:42:30 -  Model step took 0.005513906478881836 seconds
2024_09_15_T12:42:33 -  Model step started
2024_09_15_T12:42:33 -  Model step took 0.00568699836730957 seconds
2024_09_15_T12:42:35 -  Model step started
2024_09_15_T12:42:35 -  Model step took 0.006139039993286133 seconds
2024_09_15_T12:42:36 -  Model step started
2024_09_15_T12:42:36 -  Model step took 0.004600048065185547 seconds
2024_09_15_T12:42:38 -  Model step started
2024_09_15_T12:42:38 -  Model step took 0.004284858703613281 seconds
2024_09_15_T12:42:41 -  Model step started
2024_09_15_T12:42:41 -  Model step took 0.005381107330322266 seconds
2024_09_15_T12:42:43 -  Model step started
2024_09_15_T12:42:43 -  Model step took 0.005074977874755859 seconds
2024_09_15_T12:42:46 -  Model step started
2024_09_15_T12:42:46 -  Model step took 0.01007699966430664 seconds
2024_09_15_T12:42:49 -  Model step started
2024_09_15_T12:42:49 -  Model step took 0.008757829666137695 seconds
2024_09_15_T12:42:52 -  Model step started
2024_09_15_T12:42:52 -  Model step took 0.005326986312866211 seconds
2024_09_15_T12:42:54 -  Model step started
2024_09_15_T12:42:54 -  Model step took 0.003364086151123047 seconds
2024_09_15_T12:42:56 -  Model step started
2024_09_15_T12:42:56 -  Model step took 0.0037860870361328125 seconds
2024_09_15_T12:42:58 -  Model step started
2024_09_15_T12:42:58 -  Model step took 0.09113597869873047 seconds
2024_09_15_T12:43:00 -  Model step started
2024_09_15_T12:43:00 -  Model step took 0.09314513206481934 seconds
2024_09_15_T12:43:02 -  Model step started
2024_09_15_T12:43:02 -  Model step took 0.10464787483215332 seconds
2024_09_15_T12:43:04 -  Model step started
2024_09_15_T12:43:04 -  Model step took 0.1547539234161377 seconds
2024_09_15_T12:43:08 -  Model step started
2024_09_15_T12:43:09 -  Model step took 0.35445404052734375 seconds
2024_09_15_T12:43:18 -  Model step started
2024_09_15_T12:43:18 -  Model step took 0.43182897567749023 seconds
2024_09_15_T12:43:28 -  Model step started
2024_09_15_T12:43:28 -  Model step took 0.417133092880249 seconds
2024_09_15_T12:43:33 -  Model step started
2024_09_15_T12:43:34 -  Model step took 0.11153888702392578 seconds
2024_09_15_T12:43:36 -  Model step started
2024_09_15_T12:43:36 -  Model step took 0.11230087280273438 seconds
2024_09_15_T12:43:39 -  Model step started
2024_09_15_T12:43:39 -  Model step took 0.10821795463562012 seconds
2024_09_15_T12:43:43 -  Model step started
2024_09_15_T12:43:43 -  Model step took 0.14382386207580566 seconds
2024_09_15_T12:43:47 -  Model step started
2024_09_15_T12:43:47 -  Model step took 0.21602296829223633 seconds
2024_09_15_T12:43:54 -  Model step started
2024_09_15_T12:43:54 -  Model step took 0.07051610946655273 seconds
2024_09_15_T12:43:58 -  Model step started
2024_09_15_T12:43:59 -  Model step took 0.01565098762512207 seconds
2024_09_15_T12:44:06 -  Model step started
2024_09_15_T12:44:06 -  Model step took 0.014397144317626953 seconds
2024_09_15_T12:44:14 -  Model step started
2024_09_15_T12:44:14 -  Model step took 0.010173797607421875 seconds
2024_09_15_T12:44:16 -  Model step started
2024_09_15_T12:44:16 -  Model step took 0.003206014633178711 seconds
2024_09_15_T12:44:19 -  Model step started
2024_09_15_T12:44:19 -  Model step took 0.011935949325561523 seconds
2024_09_15_T12:44:22 -  Model step started
2024_09_15_T12:44:22 -  Model step took 0.0042209625244140625 seconds
2024_09_15_T12:44:26 -  Model step started
2024_09_15_T12:44:26 -  Model step took 0.0038890838623046875 seconds
2024_09_15_T12:44:29 -  Model step started
2024_09_15_T12:44:29 -  Model step took 0.0031890869140625 seconds
2024_09_15_T12:44:34 -  Model step started
2024_09_15_T12:44:34 -  Model step took 0.014168977737426758 seconds
2024_09_15_T12:44:37 -  Model step started
2024_09_15_T12:44:37 -  Model step took 0.0032019615173339844 seconds
2024_09_15_T12:44:40 -  Model step started
2024_09_15_T12:44:40 -  Model step took 0.0041751861572265625 seconds
2024_09_15_T12:44:42 -  Model step started
2024_09_15_T12:44:42 -  Model step took 0.005904197692871094 seconds
2024_09_15_T12:44:45 -  Model step started
2024_09_15_T12:44:45 -  Model step took 0.004670858383178711 seconds
2024_09_15_T12:44:48 -  Model step started
2024_09_15_T12:44:48 -  Model step took 0.009911060333251953 seconds
2024_09_15_T12:44:51 -  Model step started
2024_09_15_T12:44:51 -  Model step took 0.005624055862426758 seconds
2024_09_15_T12:44:54 -  Model step started
2024_09_15_T12:44:54 -  Model step took 0.00799417495727539 seconds
2024_09_15_T12:44:58 -  Model step started
2024_09_15_T12:44:58 -  Model step took 0.007263898849487305 seconds
2024_09_15_T12:45:00 -  Model step started
2024_09_15_T12:45:00 -  Model step took 0.0041010379791259766 seconds
2024_09_15_T12:45:03 -  Model step started
2024_09_15_T12:45:03 -  Model step took 0.006353139877319336 seconds
2024_09_15_T12:45:06 -  Model step started
2024_09_15_T12:45:06 -  Model step took 0.006860971450805664 seconds
2024_09_15_T12:45:08 -  Model step started
2024_09_15_T12:45:08 -  Model step took 0.005393028259277344 seconds
2024_09_15_T12:45:11 -  Model step started
2024_09_15_T12:45:11 -  Model step took 0.005968809127807617 seconds
2024_09_15_T12:45:13 -  Model step started
2024_09_15_T12:45:13 -  Model step took 0.008862972259521484 seconds
2024_09_15_T12:45:16 -  Model step started
2024_09_15_T12:45:16 -  Model step took 0.005861043930053711 seconds
2024_09_15_T12:45:19 -  Model step started
2024_09_15_T12:45:19 -  Model step took 0.008125782012939453 seconds
2024_09_15_T12:45:25 -  Model step started
2024_09_15_T12:45:25 -  Model step took 0.017834901809692383 seconds
2024_09_15_T12:45:32 -  Model step started
2024_09_15_T12:45:32 -  Model step took 0.014302968978881836 seconds
2024_09_15_T12:45:38 -  Model step started
2024_09_15_T12:45:38 -  Model step took 0.01401209831237793 seconds
2024_09_15_T12:45:45 -  Model step started
2024_09_15_T12:45:45 -  Model step took 0.014683008193969727 seconds
2024_09_15_T12:45:52 -  Model step started
2024_09_15_T12:45:52 -  Model step took 0.015412092208862305 seconds
2024_09_15_T12:45:59 -  Model step started
2024_09_15_T12:45:59 -  Model step took 0.010864973068237305 seconds
2024_09_15_T12:46:05 -  Model step started
2024_09_15_T12:46:05 -  Model step took 0.016268014907836914 seconds
2024_09_15_T12:46:11 -  Model step started
2024_09_15_T12:46:11 -  Model step took 0.01575613021850586 seconds
2024_09_15_T12:46:17 -  Model step started
2024_09_15_T12:46:18 -  Model step took 0.007089138031005859 seconds
2024_09_15_T12:46:24 -  Model step started
2024_09_15_T12:46:24 -  Model step took 0.005501985549926758 seconds
2024_09_15_T12:46:29 -  Model step started
2024_09_15_T12:46:29 -  Model step took 0.009669065475463867 seconds
2024_09_15_T12:46:34 -  Model step started
2024_09_15_T12:46:34 -  Model step took 0.011760950088500977 seconds
2024_09_15_T12:46:40 -  Model step started
2024_09_15_T12:46:40 -  Model step took 0.011378049850463867 seconds
2024_09_15_T12:46:46 -  Model step started
2024_09_15_T12:46:46 -  Model step took 0.007905960083007812 seconds
2024_09_15_T12:46:52 -  Model step started
2024_09_15_T12:46:52 -  Model step took 0.005142927169799805 seconds
2024_09_15_T12:47:00 -  Model step started
2024_09_15_T12:47:00 -  Model step took 0.013345956802368164 seconds
2024_09_15_T12:47:06 -  Model step started
2024_09_15_T12:47:06 -  Model step took 0.012473106384277344 seconds
2024_09_15_T12:47:12 -  Model step started
2024_09_15_T12:47:13 -  Model step took 0.014739990234375 seconds
2024_09_15_T12:47:20 -  Model step started
2024_09_15_T12:47:20 -  Model step took 0.004363059997558594 seconds
2024_09_15_T12:47:26 -  Model step started
2024_09_15_T12:47:26 -  Model step took 0.0044710636138916016 seconds
2024_09_15_T12:47:34 -  Model step started
2024_09_15_T12:47:34 -  Model step took 0.00662994384765625 seconds
2024_09_15_T12:47:40 -  Model step started
2024_09_15_T12:47:40 -  Model step took 0.00974583625793457 seconds
2024_09_15_T12:47:46 -  Model step started
2024_09_15_T12:47:46 -  Model step took 0.0037140846252441406 seconds
2024_09_15_T12:47:53 -  Model step started
2024_09_15_T12:47:53 -  Model step took 0.0035910606384277344 seconds
2024_09_15_T12:48:00 -  Model step started
2024_09_15_T12:48:00 -  Model step took 0.005110025405883789 seconds
2024_09_15_T12:48:07 -  Model step started
2024_09_15_T12:48:07 -  Model step took 0.0041768550872802734 seconds
2024_09_15_T12:48:14 -  Model step started
2024_09_15_T12:48:14 -  Model step took 0.011347055435180664 seconds
2024_09_15_T12:48:21 -  Model step started
2024_09_15_T12:48:21 -  Model step took 0.004982948303222656 seconds
2024_09_15_T12:48:28 -  Model step started
2024_09_15_T12:48:28 -  Model step took 0.012212038040161133 seconds
2024_09_15_T12:48:34 -  Model step started
2024_09_15_T12:48:34 -  Model step took 0.004422187805175781 seconds
2024_09_15_T12:48:39 -  Model step started
2024_09_15_T12:48:39 -  Model step took 0.0046880245208740234 seconds
2024_09_15_T12:48:45 -  Model step started
2024_09_15_T12:48:45 -  Model step took 0.0023169517517089844 seconds
2024_09_15_T12:48:49 -  Model step started
2024_09_15_T12:48:49 -  Model step took 0.004212141036987305 seconds
2024_09_15_T12:48:54 -  Model step started
2024_09_15_T12:48:54 -  Model step took 0.013527870178222656 seconds
2024_09_15_T12:49:00 -  Model step started
2024_09_15_T12:49:00 -  Model step took 0.00597381591796875 seconds
2024_09_15_T12:49:04 -  Model step started
2024_09_15_T12:49:04 -  Model step took 0.008792877197265625 seconds
2024_09_15_T12:49:09 -  Model step started
2024_09_15_T12:49:09 -  Model step took 0.0035490989685058594 seconds
2024_09_15_T12:49:15 -  Model step started
2024_09_15_T12:49:15 -  Model step took 0.006710052490234375 seconds
2024_09_15_T12:49:20 -  Model step started
2024_09_15_T12:49:20 -  Model step took 0.003487110137939453 seconds
2024_09_15_T12:49:24 -  Model step started
2024_09_15_T12:49:24 -  Model step took 0.007497072219848633 seconds
2024_09_15_T12:49:29 -  Model step started
2024_09_15_T12:49:29 -  Model step took 0.0058748722076416016 seconds
2024_09_15_T12:49:33 -  Model step started
2024_09_15_T12:49:33 -  Model step took 0.005191802978515625 seconds
2024_09_15_T12:49:38 -  Model step started
2024_09_15_T12:49:38 -  Model step took 0.0033271312713623047 seconds
2024_09_15_T12:49:43 -  Model step started
2024_09_15_T12:49:43 -  Model step took 0.0031859874725341797 seconds
2024_09_15_T12:49:48 -  Model step started
2024_09_15_T12:49:48 -  Model step took 0.003454923629760742 seconds
2024_09_15_T12:49:53 -  Model step started
2024_09_15_T12:49:53 -  Model step took 0.002544879913330078 seconds
