2024_09_14_T22:27:01 -  finished initateHouses in 0.34755396842956543 seconds
2024_09_14_T22:27:01 -  finished initiateHouseholds in 0.6020669937133789 seconds
2024_09_14_T22:27:01 -  finished assignHousesToHouseholds in 0.8628518581390381 seconds
2024_09_14_T22:28:04 -  Model step started
2024_09_14_T22:28:36 -  Model step took 32.43965482711792 seconds
2024_09_14_T22:29:36 -  Model step started
2024_09_14_T22:30:10 -  Model step took 33.22142696380615 seconds
2024_09_14_T22:31:11 -  Model step started
2024_09_14_T22:31:43 -  Model step took 32.090895891189575 seconds
2024_09_14_T22:32:44 -  Model step started
2024_09_14_T22:33:12 -  Model step took 28.073834896087646 seconds
2024_09_14_T22:34:13 -  Model step started
2024_09_14_T22:34:39 -  Model step took 26.839528799057007 seconds
2024_09_14_T22:35:40 -  Model step started
2024_09_14_T22:36:05 -  Model step took 25.047533988952637 seconds
2024_09_14_T22:37:05 -  Model step started
2024_09_14_T22:37:29 -  Model step took 24.495968103408813 seconds
2024_09_14_T22:38:29 -  Model step started
2024_09_14_T22:38:53 -  Model step took 24.343630075454712 seconds
2024_09_14_T22:39:53 -  Model step started
2024_09_14_T22:40:17 -  Model step took 24.270435094833374 seconds
2024_09_14_T22:41:17 -  Model step started
2024_09_14_T22:41:41 -  Model step took 23.8698890209198 seconds
2024_09_14_T22:42:42 -  Model step started
2024_09_14_T22:43:06 -  Model step took 23.84982991218567 seconds
2024_09_14_T22:44:06 -  Model step started
2024_09_14_T22:44:29 -  Model step took 23.71036195755005 seconds
2024_09_14_T22:45:29 -  Model step started
2024_09_14_T22:45:53 -  Model step took 23.530960083007812 seconds
2024_09_14_T22:46:53 -  Model step started
2024_09_14_T22:47:17 -  Model step took 23.39220905303955 seconds
2024_09_14_T22:48:17 -  Model step started
2024_09_14_T22:48:40 -  Model step took 22.644089937210083 seconds
