2024_09_15_T17:00:52 -  finished initateHouses in 0.5112559795379639 seconds
2024_09_15_T17:00:53 -  finished initiateHouseholds in 0.7770440578460693 seconds
2024_09_15_T17:00:53 -  finished assignHousesToHouseholds in 0.9406728744506836 seconds
2024_09_15_T17:01:01 -  Model step started
2024_09_15_T17:01:02 -  Model step took 0.8508360385894775 seconds
2024_09_15_T17:01:04 -  Model step started
2024_09_15_T17:01:04 -  Model step took 0.0353388786315918 seconds
2024_09_15_T17:01:05 -  Model step started
2024_09_15_T17:01:05 -  Model step took 0.010393142700195312 seconds
2024_09_15_T17:01:07 -  Model step started
2024_09_15_T17:01:07 -  Model step took 0.0059010982513427734 seconds
2024_09_15_T17:01:09 -  Model step started
2024_09_15_T17:01:09 -  Model step took 0.005421161651611328 seconds
2024_09_15_T17:01:11 -  Model step started
2024_09_15_T17:01:11 -  Model step took 0.005496978759765625 seconds
2024_09_15_T17:01:13 -  Model step started
2024_09_15_T17:01:13 -  Model step took 0.004270076751708984 seconds
2024_09_15_T17:01:14 -  Model step started
2024_09_15_T17:01:14 -  Model step took 0.004814863204956055 seconds
2024_09_15_T17:01:16 -  Model step started
2024_09_15_T17:01:16 -  Model step took 0.0047168731689453125 seconds
2024_09_15_T17:01:18 -  Model step started
2024_09_15_T17:01:18 -  Model step took 0.005362987518310547 seconds
2024_09_15_T17:01:20 -  Model step started
2024_09_15_T17:01:20 -  Model step took 0.0045778751373291016 seconds
2024_09_15_T17:01:21 -  Model step started
2024_09_15_T17:01:21 -  Model step took 0.004976987838745117 seconds
2024_09_15_T17:01:23 -  Model step started
2024_09_15_T17:01:23 -  Model step took 0.00648808479309082 seconds
2024_09_15_T17:01:25 -  Model step started
2024_09_15_T17:01:25 -  Model step took 0.0044062137603759766 seconds
2024_09_15_T17:01:27 -  Model step started
2024_09_15_T17:01:27 -  Model step took 0.003213167190551758 seconds
2024_09_15_T17:01:29 -  Model step started
2024_09_15_T17:01:29 -  Model step took 0.004551887512207031 seconds
2024_09_15_T17:01:31 -  Model step started
2024_09_15_T17:01:31 -  Model step took 0.09027218818664551 seconds
2024_09_15_T17:01:33 -  Model step started
2024_09_15_T17:01:33 -  Model step took 0.09221696853637695 seconds
2024_09_15_T17:01:34 -  Model step started
2024_09_15_T17:01:35 -  Model step took 0.0903480052947998 seconds
2024_09_15_T17:01:36 -  Model step started
2024_09_15_T17:01:37 -  Model step took 0.1146540641784668 seconds
2024_09_15_T17:01:38 -  Model step started
2024_09_15_T17:01:38 -  Model step took 0.13030004501342773 seconds
2024_09_15_T17:01:40 -  Model step started
2024_09_15_T17:01:40 -  Model step took 0.10964393615722656 seconds
2024_09_15_T17:01:42 -  Model step started
2024_09_15_T17:01:42 -  Model step took 0.12370419502258301 seconds
2024_09_15_T17:01:44 -  Model step started
2024_09_15_T17:01:44 -  Model step took 0.10947704315185547 seconds
2024_09_15_T17:01:46 -  Model step started
2024_09_15_T17:01:46 -  Model step took 0.11004519462585449 seconds
2024_09_15_T17:01:48 -  Model step started
2024_09_15_T17:01:48 -  Model step took 0.08096718788146973 seconds
2024_09_15_T17:01:50 -  Model step started
2024_09_15_T17:01:50 -  Model step took 0.06145310401916504 seconds
2024_09_15_T17:01:52 -  Model step started
2024_09_15_T17:01:52 -  Model step took 0.04770994186401367 seconds
2024_09_15_T17:01:54 -  Model step started
2024_09_15_T17:01:54 -  Model step took 0.030096054077148438 seconds
2024_09_15_T17:01:56 -  Model step started
2024_09_15_T17:01:56 -  Model step took 0.00639796257019043 seconds
2024_09_15_T17:01:57 -  Model step started
2024_09_15_T17:01:57 -  Model step took 0.0025959014892578125 seconds
2024_09_15_T17:01:59 -  Model step started
2024_09_15_T17:01:59 -  Model step took 0.0028350353240966797 seconds
2024_09_15_T17:02:01 -  Model step started
2024_09_15_T17:02:01 -  Model step took 0.0026938915252685547 seconds
2024_09_15_T17:02:03 -  Model step started
2024_09_15_T17:02:03 -  Model step took 0.0037050247192382812 seconds
2024_09_15_T17:02:05 -  Model step started
2024_09_15_T17:02:05 -  Model step took 0.003720998764038086 seconds
2024_09_15_T17:02:07 -  Model step started
2024_09_15_T17:02:07 -  Model step took 0.004148960113525391 seconds
2024_09_15_T17:02:09 -  Model step started
2024_09_15_T17:02:09 -  Model step took 0.003200054168701172 seconds
2024_09_15_T17:02:11 -  Model step started
2024_09_15_T17:02:11 -  Model step took 0.0031309127807617188 seconds
2024_09_15_T17:02:12 -  Model step started
2024_09_15_T17:02:12 -  Model step took 0.003303050994873047 seconds
2024_09_15_T17:02:14 -  Model step started
2024_09_15_T17:02:14 -  Model step took 0.010628938674926758 seconds
2024_09_15_T17:02:16 -  Model step started
2024_09_15_T17:02:16 -  Model step took 0.0061571598052978516 seconds
2024_09_15_T17:02:18 -  Model step started
2024_09_15_T17:02:18 -  Model step took 0.006331920623779297 seconds
2024_09_15_T17:02:20 -  Model step started
2024_09_15_T17:02:20 -  Model step took 0.004540920257568359 seconds
2024_09_15_T17:02:22 -  Model step started
2024_09_15_T17:02:22 -  Model step took 0.00549006462097168 seconds
2024_09_15_T17:02:24 -  Model step started
2024_09_15_T17:02:24 -  Model step took 0.004587888717651367 seconds
2024_09_15_T17:02:26 -  Model step started
2024_09_15_T17:02:26 -  Model step took 0.007836103439331055 seconds
2024_09_15_T17:02:28 -  Model step started
2024_09_15_T17:02:28 -  Model step took 0.006314992904663086 seconds
2024_09_15_T17:02:29 -  Model step started
2024_09_15_T17:02:29 -  Model step took 0.006757974624633789 seconds
2024_09_15_T17:02:31 -  Model step started
2024_09_15_T17:02:31 -  Model step took 0.01761603355407715 seconds
2024_09_15_T17:02:33 -  Model step started
2024_09_15_T17:02:33 -  Model step took 0.005218029022216797 seconds
2024_09_15_T17:02:35 -  Model step started
2024_09_15_T17:02:35 -  Model step took 0.006062984466552734 seconds
2024_09_15_T17:02:37 -  Model step started
2024_09_15_T17:02:37 -  Model step took 0.004099130630493164 seconds
2024_09_15_T17:02:39 -  Model step started
2024_09_15_T17:02:39 -  Model step took 0.00600886344909668 seconds
2024_09_15_T17:02:41 -  Model step started
2024_09_15_T17:02:41 -  Model step took 0.007915019989013672 seconds
2024_09_15_T17:02:43 -  Model step started
2024_09_15_T17:02:43 -  Model step took 0.006043195724487305 seconds
2024_09_15_T17:02:45 -  Model step started
2024_09_15_T17:02:45 -  Model step took 0.00672602653503418 seconds
2024_09_15_T17:02:47 -  Model step started
2024_09_15_T17:02:47 -  Model step took 0.006030082702636719 seconds
2024_09_15_T17:02:48 -  Model step started
2024_09_15_T17:02:48 -  Model step took 0.006957054138183594 seconds
2024_09_15_T17:02:50 -  Model step started
2024_09_15_T17:02:50 -  Model step took 0.0065310001373291016 seconds
2024_09_15_T17:02:52 -  Model step started
2024_09_15_T17:02:52 -  Model step took 0.007874011993408203 seconds
2024_09_15_T17:02:54 -  Model step started
2024_09_15_T17:02:54 -  Model step took 0.00525212287902832 seconds
2024_09_15_T17:02:56 -  Model step started
2024_09_15_T17:02:56 -  Model step took 0.004652976989746094 seconds
2024_09_15_T17:02:58 -  Model step started
2024_09_15_T17:02:58 -  Model step took 0.006268024444580078 seconds
2024_09_15_T17:03:00 -  Model step started
2024_09_15_T17:03:00 -  Model step took 0.006227016448974609 seconds
2024_09_15_T17:03:02 -  Model step started
2024_09_15_T17:03:02 -  Model step took 0.007148027420043945 seconds
2024_09_15_T17:03:04 -  Model step started
2024_09_15_T17:03:04 -  Model step took 0.009428024291992188 seconds
2024_09_15_T17:03:06 -  Model step started
2024_09_15_T17:03:06 -  Model step took 0.005964994430541992 seconds
2024_09_15_T17:03:08 -  Model step started
2024_09_15_T17:03:08 -  Model step took 0.006467103958129883 seconds
2024_09_15_T17:03:09 -  Model step started
2024_09_15_T17:03:09 -  Model step took 0.006897926330566406 seconds
2024_09_15_T17:03:11 -  Model step started
2024_09_15_T17:03:11 -  Model step took 0.005411863327026367 seconds
2024_09_15_T17:03:13 -  Model step started
2024_09_15_T17:03:13 -  Model step took 0.0041811466217041016 seconds
2024_09_15_T17:03:15 -  Model step started
2024_09_15_T17:03:15 -  Model step took 0.003859996795654297 seconds
2024_09_15_T17:03:17 -  Model step started
2024_09_15_T17:03:17 -  Model step took 0.003940105438232422 seconds
2024_09_15_T17:03:19 -  Model step started
2024_09_15_T17:03:19 -  Model step took 0.0023169517517089844 seconds
2024_09_15_T17:03:21 -  Model step started
2024_09_15_T17:03:21 -  Model step took 0.002995014190673828 seconds
2024_09_15_T17:03:23 -  Model step started
2024_09_15_T17:03:23 -  Model step took 0.002682209014892578 seconds
2024_09_15_T17:03:25 -  Model step started
2024_09_15_T17:03:25 -  Model step took 0.0019769668579101562 seconds
2024_09_15_T17:03:26 -  Model step started
2024_09_15_T17:03:26 -  Model step took 0.0033729076385498047 seconds
2024_09_15_T17:03:28 -  Model step started
2024_09_15_T17:03:28 -  Model step took 0.00263214111328125 seconds
2024_09_15_T17:03:30 -  Model step started
2024_09_15_T17:03:30 -  Model step took 0.0028591156005859375 seconds
2024_09_15_T17:03:32 -  Model step started
2024_09_15_T17:03:32 -  Model step took 0.0026350021362304688 seconds
2024_09_15_T17:03:34 -  Model step started
2024_09_15_T17:03:34 -  Model step took 0.0028748512268066406 seconds
2024_09_15_T17:03:36 -  Model step started
2024_09_15_T17:03:36 -  Model step took 0.0017969608306884766 seconds
2024_09_15_T17:03:38 -  Model step started
2024_09_15_T17:03:38 -  Model step took 0.0031499862670898438 seconds
2024_09_15_T17:03:40 -  Model step started
2024_09_15_T17:03:40 -  Model step took 0.003859996795654297 seconds
2024_09_15_T17:03:42 -  Model step started
2024_09_15_T17:03:42 -  Model step took 0.0035920143127441406 seconds
2024_09_15_T17:03:43 -  Model step started
2024_09_15_T17:03:43 -  Model step took 0.0026068687438964844 seconds
2024_09_15_T17:03:45 -  Model step started
2024_09_15_T17:03:45 -  Model step took 0.003217935562133789 seconds
2024_09_15_T17:03:47 -  Model step started
2024_09_15_T17:03:47 -  Model step took 0.002585887908935547 seconds
2024_09_15_T17:03:49 -  Model step started
2024_09_15_T17:03:49 -  Model step took 0.003484964370727539 seconds
2024_09_15_T17:03:51 -  Model step started
2024_09_15_T17:03:51 -  Model step took 0.0029480457305908203 seconds
2024_09_15_T17:03:53 -  Model step started
2024_09_15_T17:03:53 -  Model step took 0.0032689571380615234 seconds
2024_09_15_T17:03:55 -  Model step started
2024_09_15_T17:03:55 -  Model step took 0.0028150081634521484 seconds
2024_09_15_T17:03:56 -  Model step started
2024_09_15_T17:03:56 -  Model step took 0.0023140907287597656 seconds
2024_09_15_T17:03:58 -  Model step started
2024_09_15_T17:03:58 -  Model step took 0.0017659664154052734 seconds
2024_09_15_T17:04:00 -  Model step started
2024_09_15_T17:04:00 -  Model step took 0.003576993942260742 seconds
2024_09_15_T17:04:02 -  Model step started
2024_09_15_T17:04:02 -  Model step took 0.0025489330291748047 seconds
2024_09_15_T17:04:04 -  Model step started
2024_09_15_T17:04:04 -  Model step took 0.0018610954284667969 seconds
2024_09_15_T17:04:06 -  Model step started
2024_09_15_T17:04:06 -  Model step took 0.0033121109008789062 seconds
2024_09_15_T17:04:08 -  Model step started
2024_09_15_T17:04:08 -  Model step took 0.0022881031036376953 seconds
2024_09_15_T17:04:10 -  Model step started
2024_09_15_T17:04:10 -  Model step took 0.004246950149536133 seconds
2024_09_15_T17:04:11 -  Model step started
2024_09_15_T17:04:11 -  Model step took 0.0015530586242675781 seconds
2024_09_15_T17:04:13 -  Model step started
2024_09_15_T17:04:13 -  Model step took 0.002123117446899414 seconds
2024_09_15_T17:04:15 -  Model step started
2024_09_15_T17:04:15 -  Model step took 0.003838062286376953 seconds
2024_09_15_T17:04:17 -  Model step started
2024_09_15_T17:04:17 -  Model step took 0.002095937728881836 seconds
2024_09_15_T17:04:19 -  Model step started
2024_09_15_T17:04:19 -  Model step took 0.0024950504302978516 seconds
2024_09_15_T17:04:21 -  Model step started
2024_09_15_T17:04:21 -  Model step took 0.0013539791107177734 seconds
2024_09_15_T17:04:22 -  Model step started
2024_09_15_T17:04:22 -  Model step took 0.0041539669036865234 seconds
2024_09_15_T17:04:24 -  Model step started
2024_09_15_T17:04:24 -  Model step took 0.0018489360809326172 seconds
2024_09_15_T17:04:26 -  Model step started
2024_09_15_T17:04:26 -  Model step took 0.0028600692749023438 seconds
2024_09_15_T17:04:28 -  Model step started
2024_09_15_T17:04:28 -  Model step took 0.0013980865478515625 seconds
2024_09_15_T17:04:30 -  Model step started
2024_09_15_T17:04:30 -  Model step took 0.0032820701599121094 seconds
2024_09_15_T17:04:32 -  Model step started
2024_09_15_T17:04:32 -  Model step took 0.0025229454040527344 seconds
2024_09_15_T17:04:34 -  Model step started
2024_09_15_T17:04:34 -  Model step took 0.0012309551239013672 seconds
2024_09_15_T17:04:35 -  Model step started
2024_09_15_T17:04:35 -  Model step took 0.002663135528564453 seconds
2024_09_15_T17:04:37 -  Model step started
2024_09_15_T17:04:37 -  Model step took 0.0016210079193115234 seconds
2024_09_15_T17:04:39 -  Model step started
2024_09_15_T17:04:39 -  Model step took 0.0032491683959960938 seconds
2024_09_15_T17:04:41 -  Model step started
2024_09_15_T17:04:41 -  Model step took 0.002552032470703125 seconds
2024_09_15_T17:04:43 -  Model step started
2024_09_15_T17:04:43 -  Model step took 0.0024170875549316406 seconds
2024_09_15_T17:04:45 -  Model step started
2024_09_15_T17:04:45 -  Model step took 0.0031461715698242188 seconds
2024_09_15_T17:04:46 -  Model step started
2024_09_15_T17:04:46 -  Model step took 0.0017349720001220703 seconds
2024_09_15_T17:04:48 -  Model step started
2024_09_15_T17:04:48 -  Model step took 0.002538919448852539 seconds
2024_09_15_T17:04:50 -  Model step started
2024_09_15_T17:04:50 -  Model step took 0.0018041133880615234 seconds
2024_09_15_T17:04:52 -  Model step started
2024_09_15_T17:04:52 -  Model step took 0.001898050308227539 seconds
2024_09_15_T17:04:53 -  Model step started
2024_09_15_T17:04:53 -  Model step took 0.0013408660888671875 seconds
2024_09_15_T17:04:55 -  Model step started
2024_09_15_T17:04:55 -  Model step took 0.0018529891967773438 seconds
2024_09_15_T17:04:57 -  Model step started
2024_09_15_T17:04:57 -  Model step took 0.003671884536743164 seconds
2024_09_15_T17:04:59 -  Model step started
2024_09_15_T17:04:59 -  Model step took 0.002154827117919922 seconds
2024_09_15_T17:05:01 -  Model step started
2024_09_15_T17:05:01 -  Model step took 0.0020678043365478516 seconds
2024_09_15_T17:05:02 -  Model step started
2024_09_15_T17:05:02 -  Model step took 0.0038650035858154297 seconds
2024_09_15_T17:05:04 -  Model step started
2024_09_15_T17:05:04 -  Model step took 0.002376079559326172 seconds
2024_09_15_T17:05:06 -  Model step started
2024_09_15_T17:05:06 -  Model step took 0.0025620460510253906 seconds
2024_09_15_T17:05:08 -  Model step started
2024_09_15_T17:05:08 -  Model step took 0.0024399757385253906 seconds
2024_09_15_T17:05:09 -  Model step started
2024_09_15_T17:05:09 -  Model step took 0.002140045166015625 seconds
2024_09_15_T17:05:11 -  Model step started
2024_09_15_T17:05:11 -  Model step took 0.005575895309448242 seconds
2024_09_15_T17:05:13 -  Model step started
2024_09_15_T17:05:13 -  Model step took 0.0013170242309570312 seconds
2024_09_15_T17:05:15 -  Model step started
2024_09_15_T17:05:15 -  Model step took 0.0017719268798828125 seconds
2024_09_15_T17:05:17 -  Model step started
2024_09_15_T17:05:17 -  Model step took 0.0024499893188476562 seconds
2024_09_15_T17:05:19 -  Model step started
2024_09_15_T17:05:19 -  Model step took 0.0013921260833740234 seconds
2024_09_15_T17:05:20 -  Model step started
2024_09_15_T17:05:20 -  Model step took 0.002252817153930664 seconds
2024_09_15_T17:05:22 -  Model step started
2024_09_15_T17:05:22 -  Model step took 0.0015609264373779297 seconds
2024_09_15_T17:05:24 -  Model step started
2024_09_15_T17:05:24 -  Model step took 0.0019099712371826172 seconds
2024_09_15_T17:05:25 -  Model step started
2024_09_15_T17:05:25 -  Model step took 0.0029959678649902344 seconds
2024_09_15_T17:05:27 -  Model step started
2024_09_15_T17:05:27 -  Model step took 0.0029921531677246094 seconds
2024_09_15_T17:05:29 -  Model step started
2024_09_15_T17:05:29 -  Model step took 0.0023980140686035156 seconds
2024_09_15_T17:05:31 -  Model step started
2024_09_15_T17:05:31 -  Model step took 0.002688884735107422 seconds
2024_09_15_T17:05:33 -  Model step started
2024_09_15_T17:05:33 -  Model step took 0.002566099166870117 seconds
2024_09_15_T17:05:34 -  Model step started
2024_09_15_T17:05:34 -  Model step took 0.001847982406616211 seconds
2024_09_15_T17:05:36 -  Model step started
2024_09_15_T17:05:36 -  Model step took 0.0016319751739501953 seconds
2024_09_15_T17:05:38 -  Model step started
2024_09_15_T17:05:38 -  Model step took 0.002454996109008789 seconds
2024_09_15_T17:05:40 -  Model step started
2024_09_15_T17:05:40 -  Model step took 0.0028069019317626953 seconds
2024_09_15_T17:05:41 -  Model step started
2024_09_15_T17:05:41 -  Model step took 0.0021979808807373047 seconds
2024_09_15_T17:05:43 -  Model step started
2024_09_15_T17:05:43 -  Model step took 0.0018970966339111328 seconds
2024_09_15_T17:05:45 -  Model step started
2024_09_15_T17:05:45 -  Model step took 0.0018341541290283203 seconds
2024_09_15_T17:05:46 -  Model step started
2024_09_15_T17:05:46 -  Model step took 0.0015020370483398438 seconds
2024_09_15_T17:05:48 -  Model step started
2024_09_15_T17:05:48 -  Model step took 0.003896951675415039 seconds
2024_09_15_T17:05:50 -  Model step started
2024_09_15_T17:05:50 -  Model step took 0.0025839805603027344 seconds
2024_09_15_T17:05:52 -  Model step started
2024_09_15_T17:05:52 -  Model step took 0.0019080638885498047 seconds
2024_09_15_T17:05:53 -  Model step started
2024_09_15_T17:05:53 -  Model step took 0.0036721229553222656 seconds
2024_09_15_T17:05:55 -  Model step started
2024_09_15_T17:05:55 -  Model step took 0.003922939300537109 seconds
2024_09_15_T17:05:57 -  Model step started
2024_09_15_T17:05:57 -  Model step took 0.003950834274291992 seconds
2024_09_15_T17:05:58 -  Model step started
2024_09_15_T17:05:58 -  Model step took 0.0018160343170166016 seconds
2024_09_15_T17:06:00 -  Model step started
2024_09_15_T17:06:00 -  Model step took 0.0022988319396972656 seconds
2024_09_15_T17:06:02 -  Model step started
2024_09_15_T17:06:02 -  Model step took 0.0031211376190185547 seconds
2024_09_15_T17:06:03 -  Model step started
2024_09_15_T17:06:03 -  Model step took 0.0027000904083251953 seconds
2024_09_15_T17:06:05 -  Model step started
2024_09_15_T17:06:05 -  Model step took 0.003136157989501953 seconds
2024_09_15_T17:06:07 -  Model step started
2024_09_15_T17:06:07 -  Model step took 0.0020291805267333984 seconds
2024_09_15_T17:06:08 -  Model step started
2024_09_15_T17:06:08 -  Model step took 0.0042951107025146484 seconds
2024_09_15_T17:06:10 -  Model step started
2024_09_15_T17:06:10 -  Model step took 0.0027959346771240234 seconds
2024_09_15_T17:06:12 -  Model step started
2024_09_15_T17:06:12 -  Model step took 0.0023009777069091797 seconds
2024_09_15_T17:06:14 -  Model step started
2024_09_15_T17:06:14 -  Model step took 0.002290010452270508 seconds
2024_09_15_T17:06:15 -  Model step started
2024_09_15_T17:06:15 -  Model step took 0.004103183746337891 seconds
2024_09_15_T17:06:17 -  Model step started
2024_09_15_T17:06:17 -  Model step took 0.0021600723266601562 seconds
2024_09_15_T17:06:18 -  Model step started
2024_09_15_T17:06:18 -  Model step took 0.004190921783447266 seconds
2024_09_15_T17:06:20 -  Model step started
2024_09_15_T17:06:20 -  Model step took 0.002295970916748047 seconds
2024_09_15_T17:06:22 -  Model step started
2024_09_15_T17:06:22 -  Model step took 0.0029418468475341797 seconds
2024_09_15_T17:06:23 -  Model step started
2024_09_15_T17:06:23 -  Model step took 0.0028100013732910156 seconds
2024_09_15_T17:06:25 -  Model step started
2024_09_15_T17:06:25 -  Model step took 0.0028078556060791016 seconds
2024_09_15_T17:06:27 -  Model step started
2024_09_15_T17:06:27 -  Model step took 0.0022399425506591797 seconds
2024_09_15_T17:06:28 -  Model step started
2024_09_15_T17:06:28 -  Model step took 0.003793954849243164 seconds
2024_09_15_T17:06:30 -  Model step started
2024_09_15_T17:06:30 -  Model step took 0.0020618438720703125 seconds
2024_09_15_T17:06:32 -  Model step started
2024_09_15_T17:06:32 -  Model step took 0.0027899742126464844 seconds
2024_09_15_T17:06:33 -  Model step started
2024_09_15_T17:06:33 -  Model step took 0.0021839141845703125 seconds
2024_09_15_T17:06:35 -  Model step started
2024_09_15_T17:06:35 -  Model step took 0.0021750926971435547 seconds
2024_09_15_T17:06:36 -  Model step started
2024_09_15_T17:06:36 -  Model step took 0.002496957778930664 seconds
2024_09_15_T17:06:38 -  Model step started
2024_09_15_T17:06:38 -  Model step took 0.0022890567779541016 seconds
2024_09_15_T17:06:40 -  Model step started
2024_09_15_T17:06:40 -  Model step took 0.0023140907287597656 seconds
2024_09_15_T17:06:41 -  Model step started
2024_09_15_T17:06:41 -  Model step took 0.0032329559326171875 seconds
2024_09_15_T17:06:43 -  Model step started
2024_09_15_T17:06:43 -  Model step took 0.0026209354400634766 seconds
2024_09_15_T17:06:44 -  Model step started
2024_09_15_T17:06:44 -  Model step took 0.0033419132232666016 seconds
2024_09_15_T17:06:46 -  Model step started
2024_09_15_T17:06:46 -  Model step took 0.003131866455078125 seconds
2024_09_15_T17:06:48 -  Model step started
2024_09_15_T17:06:48 -  Model step took 0.003145933151245117 seconds
2024_09_15_T17:06:49 -  Model step started
2024_09_15_T17:06:49 -  Model step took 0.002877950668334961 seconds
2024_09_15_T17:06:51 -  Model step started
2024_09_15_T17:06:51 -  Model step took 0.0025768280029296875 seconds
2024_09_15_T17:06:52 -  Model step started
2024_09_15_T17:06:52 -  Model step took 0.003158092498779297 seconds
2024_09_15_T17:06:54 -  Model step started
2024_09_15_T17:06:54 -  Model step took 0.0025658607482910156 seconds
2024_09_15_T17:06:55 -  Model step started
2024_09_15_T17:06:55 -  Model step took 0.002846956253051758 seconds
2024_09_15_T17:06:57 -  Model step started
2024_09_15_T17:06:57 -  Model step took 0.0025720596313476562 seconds
2024_09_15_T17:06:59 -  Model step started
2024_09_15_T17:06:59 -  Model step took 0.0025870800018310547 seconds
2024_09_15_T17:07:00 -  Model step started
2024_09_15_T17:07:00 -  Model step took 0.003490924835205078 seconds
