2024_09_17_T21:19:41 -  finished initateHouses in 0.5840048789978027 seconds
2024_09_17_T21:19:41 -  finished initiateHouseholds in 0.9196288585662842 seconds
2024_09_17_T21:19:41 -  finished assignHousesToHouseholds in 1.1358609199523926 seconds
2024_09_17_T21:19:50 -  Model step started
2024_09_17_T21:19:51 -  Model step took 0.8897669315338135 seconds
2024_09_17_T21:19:53 -  Model step started
2024_09_17_T21:19:53 -  Model step took 0.04689598083496094 seconds
2024_09_17_T21:19:55 -  Model step started
2024_09_17_T21:19:55 -  Model step took 0.012495994567871094 seconds
2024_09_17_T21:19:57 -  Model step started
2024_09_17_T21:19:57 -  Model step took 0.00964808464050293 seconds
2024_09_17_T21:19:59 -  Model step started
2024_09_17_T21:19:59 -  Model step took 0.008543014526367188 seconds
2024_09_17_T21:20:01 -  Model step started
2024_09_17_T21:20:01 -  Model step took 0.00729680061340332 seconds
2024_09_17_T21:20:03 -  Model step started
2024_09_17_T21:20:03 -  Model step took 0.0064470767974853516 seconds
2024_09_17_T21:20:05 -  Model step started
2024_09_17_T21:20:05 -  Model step took 0.005553007125854492 seconds
2024_09_17_T21:20:07 -  Model step started
2024_09_17_T21:20:07 -  Model step took 0.007907867431640625 seconds
2024_09_17_T21:20:09 -  Model step started
2024_09_17_T21:20:09 -  Model step took 0.007464885711669922 seconds
2024_09_17_T21:20:11 -  Model step started
2024_09_17_T21:20:11 -  Model step took 0.0051839351654052734 seconds
2024_09_17_T21:20:13 -  Model step started
2024_09_17_T21:20:13 -  Model step took 0.005507946014404297 seconds
2024_09_17_T21:20:15 -  Model step started
2024_09_17_T21:20:15 -  Model step took 0.00560307502746582 seconds
2024_09_17_T21:20:17 -  Model step started
2024_09_17_T21:20:17 -  Model step took 0.004705190658569336 seconds
2024_09_17_T21:20:19 -  Model step started
2024_09_17_T21:20:19 -  Model step took 0.006228208541870117 seconds
