2024_09_18_T22:31:36 -  finished initateHouses in 0.3454599380493164 seconds
2024_09_18_T22:31:36 -  finished initiateHouseholds in 0.5844709873199463 seconds
2024_09_18_T22:31:37 -  finished assignHousesToHouseholds in 0.7373840808868408 seconds
2024_09_18_T22:32:38 -  Model step started
2024_09_18_T22:33:39 -  Model step took 61.20050001144409 seconds
2024_09_18_T22:34:39 -  Model step started
2024_09_18_T22:34:56 -  Model step took 16.85876703262329 seconds
2024_09_18_T22:35:55 -  Model step started
2024_09_18_T22:35:59 -  Model step took 3.5202219486236572 seconds
2024_09_18_T22:36:57 -  Model step started
2024_09_18_T22:37:00 -  Model step took 3.028546094894409 seconds
2024_09_18_T22:37:58 -  Model step started
2024_09_18_T22:38:00 -  Model step took 2.5877349376678467 seconds
2024_09_18_T22:38:59 -  Model step started
2024_09_18_T22:39:01 -  Model step took 2.3029730319976807 seconds
2024_09_18_T22:39:59 -  Model step started
2024_09_18_T22:40:01 -  Model step took 2.055666923522949 seconds
2024_09_18_T22:41:00 -  Model step started
2024_09_18_T22:41:02 -  Model step took 1.7571690082550049 seconds
2024_09_18_T22:42:00 -  Model step started
2024_09_18_T22:42:02 -  Model step took 1.6327221393585205 seconds
2024_09_18_T22:43:00 -  Model step started
2024_09_18_T22:43:02 -  Model step took 1.455970048904419 seconds
2024_09_18_T22:44:00 -  Model step started
2024_09_18_T22:44:01 -  Model step took 1.3914809226989746 seconds
2024_09_18_T22:45:00 -  Model step started
2024_09_18_T22:45:01 -  Model step took 1.442694902420044 seconds
