2024_09_15_T18:47:02 -  finished initateHouses in 0.3428678512573242 seconds
2024_09_15_T18:47:02 -  finished initiateHouseholds in 0.4909248352050781 seconds
2024_09_15_T18:47:02 -  finished assignHousesToHouseholds in 0.5855789184570312 seconds
2024_09_15_T18:47:12 -  Model step started
2024_09_15_T18:47:13 -  Model step took 1.053267002105713 seconds
2024_09_15_T18:47:19 -  Model step started
2024_09_15_T18:47:19 -  Model step took 0.17374396324157715 seconds
2024_09_15_T18:47:25 -  Model step started
2024_09_15_T18:47:25 -  Model step took 0.1298360824584961 seconds
2024_09_15_T18:47:31 -  Model step started
2024_09_15_T18:47:31 -  Model step took 0.13530898094177246 seconds
2024_09_15_T18:47:37 -  Model step started
2024_09_15_T18:47:37 -  Model step took 0.1210639476776123 seconds
2024_09_15_T18:47:43 -  Model step started
2024_09_15_T18:47:43 -  Model step took 0.12374615669250488 seconds
2024_09_15_T18:47:49 -  Model step started
2024_09_15_T18:47:49 -  Model step took 0.13434600830078125 seconds
2024_09_15_T18:47:55 -  Model step started
2024_09_15_T18:47:55 -  Model step took 0.09866189956665039 seconds
2024_09_15_T18:48:02 -  Model step started
2024_09_15_T18:48:02 -  Model step took 0.08937191963195801 seconds
2024_09_15_T18:48:08 -  Model step started
2024_09_15_T18:48:08 -  Model step took 0.08704400062561035 seconds
2024_09_15_T18:48:14 -  Model step started
2024_09_15_T18:48:14 -  Model step took 0.0629129409790039 seconds
2024_09_15_T18:48:20 -  Model step started
2024_09_15_T18:48:20 -  Model step took 0.07067298889160156 seconds
2024_09_15_T18:48:26 -  Model step started
2024_09_15_T18:48:26 -  Model step took 0.0558779239654541 seconds
2024_09_15_T18:48:32 -  Model step started
2024_09_15_T18:48:32 -  Model step took 0.06577491760253906 seconds
2024_09_15_T18:48:38 -  Model step started
2024_09_15_T18:48:38 -  Model step took 0.05127692222595215 seconds
2024_09_15_T18:48:45 -  Model step started
2024_09_15_T18:48:45 -  Model step took 0.049939870834350586 seconds
2024_09_15_T18:48:51 -  Model step started
2024_09_15_T18:48:51 -  Model step took 0.35758399963378906 seconds
2024_09_15_T18:48:57 -  Model step started
2024_09_15_T18:48:57 -  Model step took 0.35851097106933594 seconds
2024_09_15_T18:49:04 -  Model step started
2024_09_15_T18:49:04 -  Model step took 0.3574810028076172 seconds
2024_09_15_T18:49:10 -  Model step started
2024_09_15_T18:49:10 -  Model step took 0.35151100158691406 seconds
2024_09_15_T18:49:17 -  Model step started
2024_09_15_T18:49:17 -  Model step took 0.3984651565551758 seconds
2024_09_15_T18:49:23 -  Model step started
2024_09_15_T18:49:24 -  Model step took 0.4341099262237549 seconds
2024_09_15_T18:49:30 -  Model step started
2024_09_15_T18:49:30 -  Model step took 0.6647801399230957 seconds
2024_09_15_T18:49:37 -  Model step started
2024_09_15_T18:49:37 -  Model step took 0.5647978782653809 seconds
2024_09_15_T18:49:44 -  Model step started
2024_09_15_T18:49:44 -  Model step took 0.5364658832550049 seconds
2024_09_15_T18:49:51 -  Model step started
2024_09_15_T18:49:51 -  Model step took 0.4806680679321289 seconds
2024_09_15_T18:49:57 -  Model step started
2024_09_15_T18:49:58 -  Model step took 0.36823105812072754 seconds
2024_09_15_T18:50:04 -  Model step started
2024_09_15_T18:50:04 -  Model step took 0.3329298496246338 seconds
2024_09_15_T18:50:11 -  Model step started
2024_09_15_T18:50:11 -  Model step took 0.21274781227111816 seconds
2024_09_15_T18:50:17 -  Model step started
2024_09_15_T18:50:17 -  Model step took 0.0838160514831543 seconds
2024_09_15_T18:50:24 -  Model step started
2024_09_15_T18:50:24 -  Model step took 0.02400994300842285 seconds
2024_09_15_T18:50:30 -  Model step started
2024_09_15_T18:50:30 -  Model step took 0.013329029083251953 seconds
2024_09_15_T18:50:37 -  Model step started
2024_09_15_T18:50:37 -  Model step took 0.014935970306396484 seconds
2024_09_15_T18:50:43 -  Model step started
2024_09_15_T18:50:43 -  Model step took 0.014266014099121094 seconds
2024_09_15_T18:50:49 -  Model step started
2024_09_15_T18:50:50 -  Model step took 0.021044015884399414 seconds
2024_09_15_T18:50:56 -  Model step started
2024_09_15_T18:50:56 -  Model step took 0.016489028930664062 seconds
2024_09_15_T18:51:03 -  Model step started
2024_09_15_T18:51:03 -  Model step took 0.017023801803588867 seconds
2024_09_15_T18:51:09 -  Model step started
2024_09_15_T18:51:09 -  Model step took 0.022921085357666016 seconds
2024_09_15_T18:51:15 -  Model step started
2024_09_15_T18:51:15 -  Model step took 0.019939899444580078 seconds
2024_09_15_T18:51:22 -  Model step started
2024_09_15_T18:51:22 -  Model step took 0.024026870727539062 seconds
2024_09_15_T18:51:28 -  Model step started
2024_09_15_T18:51:28 -  Model step took 0.030248165130615234 seconds
2024_09_15_T18:51:35 -  Model step started
2024_09_15_T18:51:35 -  Model step took 0.024364948272705078 seconds
2024_09_15_T18:51:41 -  Model step started
2024_09_15_T18:51:41 -  Model step took 0.030009031295776367 seconds
2024_09_15_T18:51:47 -  Model step started
2024_09_15_T18:51:47 -  Model step took 0.037490129470825195 seconds
2024_09_15_T18:51:54 -  Model step started
2024_09_15_T18:51:54 -  Model step took 0.03144097328186035 seconds
2024_09_15_T18:52:00 -  Model step started
2024_09_15_T18:52:00 -  Model step took 0.03956794738769531 seconds
2024_09_15_T18:52:07 -  Model step started
2024_09_15_T18:52:07 -  Model step took 0.03315305709838867 seconds
2024_09_15_T18:52:13 -  Model step started
2024_09_15_T18:52:14 -  Model step took 0.04189610481262207 seconds
2024_09_15_T18:52:20 -  Model step started
2024_09_15_T18:52:20 -  Model step took 0.04612302780151367 seconds
2024_09_15_T18:52:27 -  Model step started
2024_09_15_T18:52:27 -  Model step took 0.038017988204956055 seconds
2024_09_15_T18:52:33 -  Model step started
2024_09_15_T18:52:33 -  Model step took 0.03774213790893555 seconds
2024_09_15_T18:52:39 -  Model step started
2024_09_15_T18:52:40 -  Model step took 0.03892207145690918 seconds
2024_09_15_T18:52:46 -  Model step started
2024_09_15_T18:52:46 -  Model step took 0.04754805564880371 seconds
2024_09_15_T18:52:53 -  Model step started
2024_09_15_T18:52:53 -  Model step took 0.03877687454223633 seconds
2024_09_15_T18:52:59 -  Model step started
2024_09_15_T18:52:59 -  Model step took 0.03539609909057617 seconds
2024_09_15_T18:53:06 -  Model step started
2024_09_15_T18:53:06 -  Model step took 0.037467002868652344 seconds
2024_09_15_T18:53:12 -  Model step started
2024_09_15_T18:53:12 -  Model step took 0.03440690040588379 seconds
2024_09_15_T18:53:19 -  Model step started
2024_09_15_T18:53:19 -  Model step took 0.03988385200500488 seconds
2024_09_15_T18:53:26 -  Model step started
2024_09_15_T18:53:26 -  Model step took 0.03503012657165527 seconds
2024_09_15_T18:53:33 -  Model step started
2024_09_15_T18:53:33 -  Model step took 0.03269481658935547 seconds
2024_09_15_T18:53:40 -  Model step started
2024_09_15_T18:53:40 -  Model step took 0.030920028686523438 seconds
2024_09_15_T18:53:46 -  Model step started
2024_09_15_T18:53:46 -  Model step took 0.02603292465209961 seconds
2024_09_15_T18:53:53 -  Model step started
2024_09_15_T18:53:53 -  Model step took 0.030555009841918945 seconds
2024_09_15_T18:54:00 -  Model step started
2024_09_15_T18:54:00 -  Model step took 0.029051780700683594 seconds
2024_09_15_T18:54:06 -  Model step started
2024_09_15_T18:54:06 -  Model step took 0.025855064392089844 seconds
2024_09_15_T18:54:13 -  Model step started
2024_09_15_T18:54:13 -  Model step took 0.028959989547729492 seconds
2024_09_15_T18:54:20 -  Model step started
2024_09_15_T18:54:20 -  Model step took 0.02754497528076172 seconds
2024_09_15_T18:54:26 -  Model step started
2024_09_15_T18:54:26 -  Model step took 0.026727914810180664 seconds
2024_09_15_T18:54:33 -  Model step started
2024_09_15_T18:54:33 -  Model step took 0.02731800079345703 seconds
2024_09_15_T18:54:40 -  Model step started
2024_09_15_T18:54:40 -  Model step took 0.02838420867919922 seconds
2024_09_15_T18:54:47 -  Model step started
2024_09_15_T18:54:47 -  Model step took 0.026021957397460938 seconds
2024_09_15_T18:54:54 -  Model step started
2024_09_15_T18:54:54 -  Model step took 0.023452043533325195 seconds
2024_09_15_T18:55:00 -  Model step started
2024_09_15_T18:55:00 -  Model step took 0.024351119995117188 seconds
2024_09_15_T18:55:07 -  Model step started
2024_09_15_T18:55:07 -  Model step took 0.02265191078186035 seconds
2024_09_15_T18:55:14 -  Model step started
2024_09_15_T18:55:14 -  Model step took 0.02175283432006836 seconds
2024_09_15_T18:55:21 -  Model step started
2024_09_15_T18:55:21 -  Model step took 0.02233409881591797 seconds
2024_09_15_T18:55:28 -  Model step started
2024_09_15_T18:55:28 -  Model step took 0.0286099910736084 seconds
2024_09_15_T18:55:34 -  Model step started
2024_09_15_T18:55:34 -  Model step took 0.02156805992126465 seconds
2024_09_15_T18:55:41 -  Model step started
2024_09_15_T18:55:41 -  Model step took 0.021311044692993164 seconds
2024_09_15_T18:55:48 -  Model step started
2024_09_15_T18:55:48 -  Model step took 0.019394874572753906 seconds
2024_09_15_T18:55:55 -  Model step started
2024_09_15_T18:55:55 -  Model step took 0.02045893669128418 seconds
2024_09_15_T18:56:01 -  Model step started
2024_09_15_T18:56:01 -  Model step took 0.018481969833374023 seconds
2024_09_15_T18:56:08 -  Model step started
2024_09_15_T18:56:08 -  Model step took 0.01795196533203125 seconds
2024_09_15_T18:56:15 -  Model step started
2024_09_15_T18:56:15 -  Model step took 0.018887996673583984 seconds
2024_09_15_T18:56:21 -  Model step started
2024_09_15_T18:56:21 -  Model step took 0.024371862411499023 seconds
2024_09_15_T18:56:28 -  Model step started
2024_09_15_T18:56:28 -  Model step took 0.016326189041137695 seconds
2024_09_15_T18:56:35 -  Model step started
2024_09_15_T18:56:35 -  Model step took 0.01691603660583496 seconds
2024_09_15_T18:56:42 -  Model step started
2024_09_15_T18:56:42 -  Model step took 0.016861915588378906 seconds
2024_09_15_T18:56:48 -  Model step started
2024_09_15_T18:56:48 -  Model step took 0.0226898193359375 seconds
2024_09_15_T18:56:55 -  Model step started
2024_09_15_T18:56:55 -  Model step took 0.018310070037841797 seconds
2024_09_15_T18:57:02 -  Model step started
2024_09_15_T18:57:02 -  Model step took 0.015813112258911133 seconds
2024_09_15_T18:57:09 -  Model step started
2024_09_15_T18:57:09 -  Model step took 0.017719030380249023 seconds
2024_09_15_T18:57:16 -  Model step started
2024_09_15_T18:57:16 -  Model step took 0.01631903648376465 seconds
2024_09_15_T18:57:22 -  Model step started
2024_09_15_T18:57:22 -  Model step took 0.014577865600585938 seconds
2024_09_15_T18:57:29 -  Model step started
2024_09_15_T18:57:29 -  Model step took 0.016038894653320312 seconds
2024_09_15_T18:57:36 -  Model step started
2024_09_15_T18:57:36 -  Model step took 0.015295028686523438 seconds
2024_09_15_T18:57:43 -  Model step started
2024_09_15_T18:57:43 -  Model step took 0.016847848892211914 seconds
2024_09_15_T18:57:50 -  Model step started
2024_09_15_T18:57:50 -  Model step took 0.01380610466003418 seconds
2024_09_15_T18:57:57 -  Model step started
2024_09_15_T18:57:57 -  Model step took 0.016078948974609375 seconds
2024_09_15_T18:58:04 -  Model step started
2024_09_15_T18:58:04 -  Model step took 0.012476921081542969 seconds
2024_09_15_T18:58:10 -  Model step started
2024_09_15_T18:58:10 -  Model step took 0.013295888900756836 seconds
2024_09_15_T18:58:17 -  Model step started
2024_09_15_T18:58:17 -  Model step took 0.01118779182434082 seconds
2024_09_15_T18:58:24 -  Model step started
2024_09_15_T18:58:24 -  Model step took 0.009612083435058594 seconds
2024_09_15_T18:58:31 -  Model step started
2024_09_15_T18:58:31 -  Model step took 0.009916067123413086 seconds
2024_09_15_T18:58:38 -  Model step started
2024_09_15_T18:58:38 -  Model step took 0.011934041976928711 seconds
2024_09_15_T18:58:44 -  Model step started
2024_09_15_T18:58:44 -  Model step took 0.012450933456420898 seconds
2024_09_15_T18:58:51 -  Model step started
2024_09_15_T18:58:51 -  Model step took 0.01251983642578125 seconds
2024_09_15_T18:58:58 -  Model step started
2024_09_15_T18:58:58 -  Model step took 0.009841203689575195 seconds
2024_09_15_T18:59:05 -  Model step started
2024_09_15_T18:59:05 -  Model step took 0.01397395133972168 seconds
2024_09_15_T18:59:11 -  Model step started
2024_09_15_T18:59:11 -  Model step took 0.010104179382324219 seconds
2024_09_15_T18:59:18 -  Model step started
2024_09_15_T18:59:18 -  Model step took 0.010125875473022461 seconds
2024_09_15_T18:59:25 -  Model step started
2024_09_15_T18:59:25 -  Model step took 0.01096200942993164 seconds
2024_09_15_T18:59:31 -  Model step started
2024_09_15_T18:59:31 -  Model step took 0.011980056762695312 seconds
2024_09_15_T18:59:38 -  Model step started
2024_09_15_T18:59:38 -  Model step took 0.014629840850830078 seconds
2024_09_15_T18:59:45 -  Model step started
2024_09_15_T18:59:45 -  Model step took 0.010859012603759766 seconds
2024_09_15_T18:59:52 -  Model step started
2024_09_15_T18:59:52 -  Model step took 0.010329961776733398 seconds
2024_09_15_T18:59:58 -  Model step started
2024_09_15_T18:59:58 -  Model step took 0.010879039764404297 seconds
2024_09_15_T19:00:05 -  Model step started
2024_09_15_T19:00:05 -  Model step took 0.011847972869873047 seconds
2024_09_15_T19:00:12 -  Model step started
2024_09_15_T19:00:12 -  Model step took 0.010493040084838867 seconds
2024_09_15_T19:00:19 -  Model step started
2024_09_15_T19:00:19 -  Model step took 0.00980997085571289 seconds
2024_09_15_T19:00:26 -  Model step started
2024_09_15_T19:00:26 -  Model step took 0.008836984634399414 seconds
2024_09_15_T19:00:33 -  Model step started
2024_09_15_T19:00:33 -  Model step took 0.009315967559814453 seconds
2024_09_15_T19:00:39 -  Model step started
2024_09_15_T19:00:39 -  Model step took 0.0089111328125 seconds
2024_09_15_T19:00:46 -  Model step started
2024_09_15_T19:00:46 -  Model step took 0.009045124053955078 seconds
2024_09_15_T19:00:53 -  Model step started
2024_09_15_T19:00:53 -  Model step took 0.01105499267578125 seconds
2024_09_15_T19:00:59 -  Model step started
2024_09_15_T19:00:59 -  Model step took 0.0077359676361083984 seconds
2024_09_15_T19:01:06 -  Model step started
2024_09_15_T19:01:06 -  Model step took 0.009289979934692383 seconds
2024_09_15_T19:01:13 -  Model step started
2024_09_15_T19:01:13 -  Model step took 0.008910894393920898 seconds
2024_09_15_T19:01:20 -  Model step started
2024_09_15_T19:01:20 -  Model step took 0.008517026901245117 seconds
2024_09_15_T19:01:26 -  Model step started
2024_09_15_T19:01:26 -  Model step took 0.008465051651000977 seconds
2024_09_15_T19:01:33 -  Model step started
2024_09_15_T19:01:33 -  Model step took 0.00766301155090332 seconds
2024_09_15_T19:01:40 -  Model step started
2024_09_15_T19:01:40 -  Model step took 0.007451057434082031 seconds
2024_09_15_T19:01:46 -  Model step started
2024_09_15_T19:01:46 -  Model step took 0.006475925445556641 seconds
2024_09_15_T19:01:53 -  Model step started
2024_09_15_T19:01:53 -  Model step took 0.009585857391357422 seconds
2024_09_15_T19:02:00 -  Model step started
2024_09_15_T19:02:00 -  Model step took 0.004971027374267578 seconds
2024_09_15_T19:02:06 -  Model step started
2024_09_15_T19:02:06 -  Model step took 0.004651069641113281 seconds
2024_09_15_T19:02:13 -  Model step started
2024_09_15_T19:02:13 -  Model step took 0.004045963287353516 seconds
2024_09_15_T19:02:20 -  Model step started
2024_09_15_T19:02:20 -  Model step took 0.004018068313598633 seconds
2024_09_15_T19:02:26 -  Model step started
2024_09_15_T19:02:26 -  Model step took 0.008789777755737305 seconds
2024_09_15_T19:02:33 -  Model step started
2024_09_15_T19:02:33 -  Model step took 0.0045871734619140625 seconds
2024_09_15_T19:02:40 -  Model step started
2024_09_15_T19:02:40 -  Model step took 0.004259824752807617 seconds
2024_09_15_T19:02:46 -  Model step started
2024_09_15_T19:02:46 -  Model step took 0.004984140396118164 seconds
2024_09_15_T19:02:53 -  Model step started
2024_09_15_T19:02:53 -  Model step took 0.005102872848510742 seconds
2024_09_15_T19:03:00 -  Model step started
2024_09_15_T19:03:00 -  Model step took 0.006059169769287109 seconds
2024_09_15_T19:03:07 -  Model step started
2024_09_15_T19:03:07 -  Model step took 0.0041730403900146484 seconds
2024_09_15_T19:03:14 -  Model step started
2024_09_15_T19:03:14 -  Model step took 0.0038988590240478516 seconds
2024_09_15_T19:03:20 -  Model step started
2024_09_15_T19:03:20 -  Model step took 0.0035851001739501953 seconds
2024_09_15_T19:03:27 -  Model step started
2024_09_15_T19:03:27 -  Model step took 0.004805088043212891 seconds
2024_09_15_T19:03:33 -  Model step started
2024_09_15_T19:03:33 -  Model step took 0.004590034484863281 seconds
2024_09_15_T19:03:40 -  Model step started
2024_09_15_T19:03:40 -  Model step took 0.0052030086517333984 seconds
2024_09_15_T19:03:47 -  Model step started
2024_09_15_T19:03:47 -  Model step took 0.005913972854614258 seconds
2024_09_15_T19:03:53 -  Model step started
2024_09_15_T19:03:53 -  Model step took 0.0048182010650634766 seconds
2024_09_15_T19:04:00 -  Model step started
2024_09_15_T19:04:00 -  Model step took 0.0036640167236328125 seconds
2024_09_15_T19:04:07 -  Model step started
2024_09_15_T19:04:07 -  Model step took 0.003113985061645508 seconds
2024_09_15_T19:04:14 -  Model step started
2024_09_15_T19:04:14 -  Model step took 0.003477811813354492 seconds
2024_09_15_T19:04:20 -  Model step started
2024_09_15_T19:04:20 -  Model step took 0.004251003265380859 seconds
2024_09_15_T19:04:27 -  Model step started
2024_09_15_T19:04:27 -  Model step took 0.0042569637298583984 seconds
2024_09_15_T19:04:34 -  Model step started
2024_09_15_T19:04:34 -  Model step took 0.0035600662231445312 seconds
2024_09_15_T19:04:40 -  Model step started
2024_09_15_T19:04:40 -  Model step took 0.003361940383911133 seconds
2024_09_15_T19:04:47 -  Model step started
2024_09_15_T19:04:47 -  Model step took 0.00485682487487793 seconds
2024_09_15_T19:04:54 -  Model step started
2024_09_15_T19:04:54 -  Model step took 0.0045201778411865234 seconds
2024_09_15_T19:05:00 -  Model step started
2024_09_15_T19:05:00 -  Model step took 0.0028340816497802734 seconds
2024_09_15_T19:05:07 -  Model step started
2024_09_15_T19:05:07 -  Model step took 0.009195804595947266 seconds
2024_09_15_T19:05:14 -  Model step started
2024_09_15_T19:05:14 -  Model step took 0.002329111099243164 seconds
2024_09_15_T19:05:20 -  Model step started
2024_09_15_T19:05:20 -  Model step took 0.005552053451538086 seconds
2024_09_15_T19:05:27 -  Model step started
2024_09_15_T19:05:27 -  Model step took 0.0036580562591552734 seconds
2024_09_15_T19:05:34 -  Model step started
2024_09_15_T19:05:34 -  Model step took 0.002577066421508789 seconds
2024_09_15_T19:05:40 -  Model step started
2024_09_15_T19:05:40 -  Model step took 0.0033540725708007812 seconds
2024_09_15_T19:05:47 -  Model step started
2024_09_15_T19:05:47 -  Model step took 0.0034570693969726562 seconds
2024_09_15_T19:05:54 -  Model step started
2024_09_15_T19:05:54 -  Model step took 0.0024309158325195312 seconds
2024_09_15_T19:06:00 -  Model step started
2024_09_15_T19:06:00 -  Model step took 0.0027379989624023438 seconds
2024_09_15_T19:06:07 -  Model step started
2024_09_15_T19:06:07 -  Model step took 0.002680063247680664 seconds
2024_09_15_T19:06:13 -  Model step started
2024_09_15_T19:06:13 -  Model step took 0.004405021667480469 seconds
2024_09_15_T19:06:20 -  Model step started
2024_09_15_T19:06:20 -  Model step took 0.004454135894775391 seconds
2024_09_15_T19:06:26 -  Model step started
2024_09_15_T19:06:26 -  Model step took 0.003741025924682617 seconds
2024_09_15_T19:06:33 -  Model step started
2024_09_15_T19:06:33 -  Model step took 0.0022110939025878906 seconds
2024_09_15_T19:06:39 -  Model step started
2024_09_15_T19:06:39 -  Model step took 0.0023169517517089844 seconds
2024_09_15_T19:06:46 -  Model step started
2024_09_15_T19:06:46 -  Model step took 0.0020608901977539062 seconds
2024_09_15_T19:06:52 -  Model step started
2024_09_15_T19:06:52 -  Model step took 0.005010128021240234 seconds
2024_09_15_T19:06:59 -  Model step started
2024_09_15_T19:06:59 -  Model step took 0.0021669864654541016 seconds
2024_09_15_T19:07:06 -  Model step started
2024_09_15_T19:07:06 -  Model step took 0.002012968063354492 seconds
2024_09_15_T19:07:12 -  Model step started
2024_09_15_T19:07:12 -  Model step took 0.0014090538024902344 seconds
2024_09_15_T19:07:19 -  Model step started
2024_09_15_T19:07:19 -  Model step took 0.002794027328491211 seconds
2024_09_15_T19:07:25 -  Model step started
2024_09_15_T19:07:25 -  Model step took 0.002028942108154297 seconds
2024_09_15_T19:07:32 -  Model step started
2024_09_15_T19:07:32 -  Model step took 0.00415492057800293 seconds
2024_09_15_T19:07:39 -  Model step started
2024_09_15_T19:07:39 -  Model step took 0.004394054412841797 seconds
2024_09_15_T19:07:45 -  Model step started
2024_09_15_T19:07:45 -  Model step took 0.0026140213012695312 seconds
2024_09_15_T19:07:52 -  Model step started
2024_09_15_T19:07:52 -  Model step took 0.0016949176788330078 seconds
2024_09_15_T19:07:58 -  Model step started
2024_09_15_T19:07:58 -  Model step took 0.002604961395263672 seconds
2024_09_15_T19:08:04 -  Model step started
2024_09_15_T19:08:04 -  Model step took 0.002527952194213867 seconds
2024_09_15_T19:08:11 -  Model step started
2024_09_15_T19:08:11 -  Model step took 0.001734018325805664 seconds
2024_09_15_T19:08:17 -  Model step started
2024_09_15_T19:08:17 -  Model step took 0.0015931129455566406 seconds
2024_09_15_T19:08:24 -  Model step started
2024_09_15_T19:08:24 -  Model step took 0.004443168640136719 seconds
2024_09_15_T19:08:30 -  Model step started
2024_09_15_T19:08:30 -  Model step took 0.002538919448852539 seconds
2024_09_15_T19:08:36 -  Model step started
2024_09_15_T19:08:36 -  Model step took 0.0035719871520996094 seconds
2024_09_15_T19:08:43 -  Model step started
2024_09_15_T19:08:43 -  Model step took 0.0028820037841796875 seconds
2024_09_15_T19:08:49 -  Model step started
2024_09_15_T19:08:49 -  Model step took 0.0038650035858154297 seconds
2024_09_15_T19:08:55 -  Model step started
2024_09_15_T19:08:55 -  Model step took 0.0045049190521240234 seconds
2024_09_15_T19:09:02 -  Model step started
2024_09_15_T19:09:02 -  Model step took 0.0037360191345214844 seconds
2024_09_15_T19:09:08 -  Model step started
2024_09_15_T19:09:08 -  Model step took 0.0021219253540039062 seconds
