2024_10_20_T01:07:55 -  finished initateHouses in 0.9123630523681641 seconds
2024_10_20_T01:07:55 -  finished initiateHouseholds in 1.1788389682769775 seconds
2024_10_20_T01:07:55 -  finished assignHousesToHouseholds in 1.3777170181274414 seconds
2024_10_20_T01:08:01 -  Metrics: sum_wealth took 9.5367431640625e-7
2024_10_20_T01:08:02 -  Metrics: wealth_distribution took 5.0067901611328125e-6
2024_10_20_T01:08:03 -  Metrics: money_distribution took 5.0067901611328125e-6
2024_10_20_T01:08:03 -  Metrics: size_distribution took 5.9604644775390625e-6
2024_10_20_T01:08:03 -  Metrics: age_distribution took 4.0531158447265625e-6
2024_10_20_T01:08:06 -  Metrics: sum_wealth took 5.91278076171875e-5
2024_10_20_T01:08:07 -  Metrics: wealth_distribution took 0.045304059982299805
2024_10_20_T01:08:07 -  Metrics: money_distribution took 0.00040793418884277344
2024_10_20_T01:08:08 -  Metrics: size_distribution took 0.031683921813964844
2024_10_20_T01:08:08 -  Metrics: age_distribution took 0.0003578662872314453
2024_10_20_T01:08:13 -  Model step started
2024_10_20_T01:08:13 -  clearHangingSupplies started
2024_10_20_T01:08:13 -  clearHangingSupplies took 0.007825136184692383
2024_10_20_T01:08:13 -  clearHangingRentalSupplies started
2024_10_20_T01:08:13 -  clearHangingRentalSupplies took 0.01645803451538086
2024_10_20_T01:08:14 -  clearHouseMarket started
2024_10_20_T01:08:14 -  clearHouseMarket - first block took 0.5687649250030518
2024_10_20_T01:08:15 -  clearHouseMarket - second block took 0.38022303581237793
2024_10_20_T01:08:15 -  clearHouseMarket - third block took 0.0248410701751709
2024_10_20_T01:08:15 -  clearRentalMarket started
2024_10_20_T01:08:15 -  clearRentalMarket - first block took 0.0972900390625
2024_10_20_T01:08:15 -  clearRentalMarket - second block took 1.8835067749023438e-5
2024_10_20_T01:08:15 -  Pushed house into housesBuiltPerRegion (location,size) = (Odivelas, LessThan75)
2024_10_20_T01:08:16 -  Pushed house into housesBuiltPerRegion (location,size) = (Sintra, LessThan75)
2024_10_20_T01:08:16 -  Pushed house into housesBuiltPerRegion (location,size) = (Sintra, LessThan50)
2024_10_20_T01:08:16 -  Pushed house into housesBuiltPerRegion (location,size) = (Sesimbra, More)
2024_10_20_T01:08:16 -  Model step took 2.533905029296875 seconds
2024_10_20_T01:08:16 -  Metrics: sum_wealth took 5.4836273193359375e-5
2024_10_20_T01:08:16 -  Metrics: wealth_distribution took 0.00034809112548828125
2024_10_20_T01:08:16 -  Metrics: money_distribution took 0.0005669593811035156
2024_10_20_T01:08:16 -  Metrics: size_distribution took 0.0003261566162109375
2024_10_20_T01:08:16 -  Metrics: age_distribution took 0.0004558563232421875
2024_10_20_T01:08:19 -  Model step started
2024_10_20_T01:08:19 -  clearHangingSupplies started
2024_10_20_T01:08:19 -  clearHangingSupplies took 0.0001590251922607422
2024_10_20_T01:08:19 -  clearHangingRentalSupplies started
2024_10_20_T01:08:19 -  clearHangingRentalSupplies took 5.0067901611328125e-6
2024_10_20_T01:08:19 -  clearHouseMarket started
2024_10_20_T01:08:20 -  clearHouseMarket - first block took 0.26037001609802246
2024_10_20_T01:08:20 -  clearHouseMarket - second block took 0.0012950897216796875
2024_10_20_T01:08:20 -  clearHouseMarket - third block took 0.00035190582275390625
2024_10_20_T01:08:20 -  clearRentalMarket started
2024_10_20_T01:08:20 -  clearRentalMarket - first block took 3.0040740966796875e-5
2024_10_20_T01:08:20 -  clearRentalMarket - second block took 5.9604644775390625e-6
2024_10_20_T01:08:20 -  Pushed house into housesBuiltPerRegion (location,size) = (Cascais, LessThan50)
2024_10_20_T01:08:20 -  Pushed house into housesBuiltPerRegion (location,size) = (Setubal, LessThan75)
2024_10_20_T01:08:20 -  Pushed house into housesBuiltPerRegion (location,size) = (Setubal, LessThan50)
2024_10_20_T01:08:20 -  Model step took 0.2990758419036865 seconds
2024_10_20_T01:08:20 -  Metrics: sum_wealth took 5.0067901611328125e-5
2024_10_20_T01:08:20 -  Metrics: wealth_distribution took 0.0005428791046142578
2024_10_20_T01:08:20 -  Metrics: money_distribution took 0.0004591941833496094
2024_10_20_T01:08:20 -  Metrics: size_distribution took 0.00038814544677734375
2024_10_20_T01:08:20 -  Metrics: age_distribution took 0.0003859996795654297
2024_10_20_T01:08:22 -  Model step started
2024_10_20_T01:08:22 -  clearHangingSupplies started
2024_10_20_T01:08:22 -  clearHangingSupplies took 0.00019502639770507812
2024_10_20_T01:08:22 -  clearHangingRentalSupplies started
2024_10_20_T01:08:22 -  clearHangingRentalSupplies took 4.0531158447265625e-6
2024_10_20_T01:08:22 -  clearHouseMarket started
2024_10_20_T01:08:23 -  clearHouseMarket - first block took 0.3172190189361572
2024_10_20_T01:08:23 -  clearHouseMarket - second block took 0.0007829666137695312
2024_10_20_T01:08:23 -  clearHouseMarket - third block took 0.00020885467529296875
2024_10_20_T01:08:23 -  clearRentalMarket started
2024_10_20_T01:08:23 -  clearRentalMarket - first block took 2.4080276489257812e-5
2024_10_20_T01:08:23 -  clearRentalMarket - second block took 4.0531158447265625e-6
2024_10_20_T01:08:23 -  Pushed house into housesBuiltPerRegion (location,size) = (Lisboa, LessThan75)
2024_10_20_T01:08:23 -  Pushed house into housesBuiltPerRegion (location,size) = (Seixal, LessThan75)
2024_10_20_T01:08:23 -  Model step took 0.3424530029296875 seconds
2024_10_20_T01:08:23 -  Metrics: sum_wealth took 4.00543212890625e-5
2024_10_20_T01:08:23 -  Metrics: wealth_distribution took 0.0003609657287597656
2024_10_20_T01:08:23 -  Metrics: money_distribution took 0.00045800209045410156
2024_10_20_T01:08:23 -  Metrics: size_distribution took 0.0008101463317871094
2024_10_20_T01:08:23 -  Metrics: age_distribution took 0.00036597251892089844
2024_10_20_T01:08:25 -  Model step started
2024_10_20_T01:08:25 -  clearHangingSupplies started
2024_10_20_T01:08:25 -  clearHangingSupplies took 0.0002808570861816406
2024_10_20_T01:08:25 -  clearHangingRentalSupplies started
2024_10_20_T01:08:25 -  clearHangingRentalSupplies took 6.9141387939453125e-6
2024_10_20_T01:08:25 -  clearHouseMarket started
2024_10_20_T01:08:25 -  clearHouseMarket - first block took 0.29148387908935547
2024_10_20_T01:08:25 -  clearHouseMarket - second block took 0.04767417907714844
2024_10_20_T01:08:25 -  clearHouseMarket - third block took 0.00022101402282714844
2024_10_20_T01:08:25 -  clearRentalMarket started
2024_10_20_T01:08:25 -  clearRentalMarket - first block took 0.05061793327331543
2024_10_20_T01:08:25 -  clearRentalMarket - second block took 0.02863287925720215
2024_10_20_T01:08:25 -  Pushed house into housesBuiltPerRegion (location,size) = (Amadora, LessThan125)
2024_10_20_T01:08:26 -  Pushed house into housesBuiltPerRegion (location,size) = (Seixal, LessThan125)
2024_10_20_T01:08:26 -  Pushed house into housesBuiltPerRegion (location,size) = (Setubal, LessThan125)
2024_10_20_T01:08:26 -  Model step took 0.4557521343231201 seconds
2024_10_20_T01:08:26 -  Metrics: sum_wealth took 3.886222839355469e-5
2024_10_20_T01:08:26 -  Metrics: wealth_distribution took 0.00040411949157714844
2024_10_20_T01:08:26 -  Metrics: money_distribution took 0.0005710124969482422
2024_10_20_T01:08:26 -  Metrics: size_distribution took 0.0002830028533935547
2024_10_20_T01:08:26 -  Metrics: age_distribution took 0.000331878662109375
2024_10_20_T01:08:28 -  Model step started
2024_10_20_T01:08:28 -  clearHangingSupplies started
2024_10_20_T01:08:28 -  clearHangingSupplies took 0.011443853378295898
2024_10_20_T01:08:28 -  clearHangingRentalSupplies started
2024_10_20_T01:08:28 -  clearHangingRentalSupplies took 3.0994415283203125e-6
2024_10_20_T01:08:28 -  clearHouseMarket started
2024_10_20_T01:08:28 -  clearHouseMarket - first block took 0.2946650981903076
2024_10_20_T01:08:28 -  clearHouseMarket - second block took 0.001216888427734375
2024_10_20_T01:08:28 -  clearHouseMarket - third block took 0.00030112266540527344
2024_10_20_T01:08:28 -  clearRentalMarket started
2024_10_20_T01:08:28 -  clearRentalMarket - first block took 0.0012450218200683594
2024_10_20_T01:08:28 -  clearRentalMarket - second block took 0.0075359344482421875
2024_10_20_T01:08:28 -  Pushed house into housesBuiltPerRegion (location,size) = (Lisboa, LessThan75)
2024_10_20_T01:08:28 -  Pushed house into housesBuiltPerRegion (location,size) = (VilaFrancaDeXira, LessThan50)
2024_10_20_T01:08:28 -  Pushed house into housesBuiltPerRegion (location,size) = (Alcochete, More)
2024_10_20_T01:08:28 -  Pushed house into housesBuiltPerRegion (location,size) = (Almada, LessThan50)
2024_10_20_T01:08:28 -  Pushed house into housesBuiltPerRegion (location,size) = (Palmela, More)
2024_10_20_T01:08:28 -  Pushed house into housesBuiltPerRegion (location,size) = (Seixal, LessThan75)
2024_10_20_T01:08:28 -  Pushed house into housesBuiltPerRegion (location,size) = (Seixal, LessThan125)
2024_10_20_T01:08:28 -  Model step took 0.34232187271118164 seconds
2024_10_20_T01:08:28 -  Metrics: sum_wealth took 5.602836608886719e-5
2024_10_20_T01:08:28 -  Metrics: wealth_distribution took 0.0006029605865478516
2024_10_20_T01:08:28 -  Metrics: money_distribution took 0.0003800392150878906
2024_10_20_T01:08:28 -  Metrics: size_distribution took 0.0003211498260498047
2024_10_20_T01:08:28 -  Metrics: age_distribution took 0.0004830360412597656
2024_10_20_T01:08:31 -  Model step started
2024_10_20_T01:08:31 -  clearHangingSupplies started
2024_10_20_T01:08:31 -  clearHangingSupplies took 0.00019979476928710938
2024_10_20_T01:08:31 -  clearHangingRentalSupplies started
2024_10_20_T01:08:31 -  clearHangingRentalSupplies took 1.9073486328125e-6
2024_10_20_T01:08:31 -  clearHouseMarket started
2024_10_20_T01:08:31 -  clearHouseMarket - first block took 0.2619199752807617
2024_10_20_T01:08:31 -  clearHouseMarket - second block took 0.0008668899536132812
2024_10_20_T01:08:31 -  clearHouseMarket - third block took 0.0001590251922607422
2024_10_20_T01:08:31 -  clearRentalMarket started
2024_10_20_T01:08:31 -  clearRentalMarket - first block took 0.0013430118560791016
2024_10_20_T01:08:31 -  clearRentalMarket - second block took 5.412101745605469e-5
2024_10_20_T01:08:31 -  Pushed house into housesBuiltPerRegion (location,size) = (Lisboa, LessThan50)
2024_10_20_T01:08:31 -  Model step took 0.28438496589660645 seconds
2024_10_20_T01:08:31 -  Metrics: sum_wealth took 4.792213439941406e-5
2024_10_20_T01:08:31 -  Metrics: wealth_distribution took 0.0003399848937988281
2024_10_20_T01:08:31 -  Metrics: money_distribution took 0.0003840923309326172
2024_10_20_T01:08:31 -  Metrics: size_distribution took 0.00032806396484375
2024_10_20_T01:08:31 -  Metrics: age_distribution took 0.0003631114959716797
2024_10_20_T01:08:34 -  Model step started
2024_10_20_T01:08:34 -  clearHangingSupplies started
2024_10_20_T01:08:34 -  clearHangingSupplies took 0.00014090538024902344
2024_10_20_T01:08:34 -  clearHangingRentalSupplies started
2024_10_20_T01:08:34 -  clearHangingRentalSupplies took 2.86102294921875e-6
2024_10_20_T01:08:34 -  clearHouseMarket started
2024_10_20_T01:08:34 -  clearHouseMarket - first block took 0.27051591873168945
2024_10_20_T01:08:34 -  clearHouseMarket - second block took 0.001007080078125
2024_10_20_T01:08:34 -  clearHouseMarket - third block took 0.00016808509826660156
2024_10_20_T01:08:34 -  clearRentalMarket started
2024_10_20_T01:08:34 -  clearRentalMarket - first block took 0.002808094024658203
2024_10_20_T01:08:34 -  clearRentalMarket - second block took 0.00011801719665527344
2024_10_20_T01:08:34 -  Pushed house into housesBuiltPerRegion (location,size) = (Mafra, More)
2024_10_20_T01:08:34 -  Pushed house into housesBuiltPerRegion (location,size) = (Oeiras, More)
2024_10_20_T01:08:34 -  Pushed house into housesBuiltPerRegion (location,size) = (Alcochete, LessThan50)
2024_10_20_T01:08:34 -  Pushed house into housesBuiltPerRegion (location,size) = (Montijo, LessThan50)
2024_10_20_T01:08:34 -  Model step took 0.3095238208770752 seconds
2024_10_20_T01:08:34 -  Metrics: sum_wealth took 9.298324584960938e-5
2024_10_20_T01:08:34 -  Metrics: wealth_distribution took 0.0004119873046875
2024_10_20_T01:08:34 -  Metrics: money_distribution took 0.0003998279571533203
2024_10_20_T01:08:34 -  Metrics: size_distribution took 0.0003509521484375
2024_10_20_T01:08:34 -  Metrics: age_distribution took 0.0003910064697265625
2024_10_20_T01:08:37 -  Model step started
2024_10_20_T01:08:37 -  clearHangingSupplies started
2024_10_20_T01:08:37 -  clearHangingSupplies took 0.0001621246337890625
2024_10_20_T01:08:37 -  clearHangingRentalSupplies started
2024_10_20_T01:08:37 -  clearHangingRentalSupplies took 4.0531158447265625e-6
2024_10_20_T01:08:37 -  clearHouseMarket started
2024_10_20_T01:08:37 -  clearHouseMarket - first block took 0.29221606254577637
2024_10_20_T01:08:37 -  clearHouseMarket - second block took 0.0016739368438720703
2024_10_20_T01:08:37 -  clearHouseMarket - third block took 0.00018405914306640625
2024_10_20_T01:08:37 -  clearRentalMarket started
2024_10_20_T01:08:37 -  clearRentalMarket - first block took 0.0015339851379394531
2024_10_20_T01:08:37 -  clearRentalMarket - second block took 0.00012302398681640625
2024_10_20_T01:08:37 -  Pushed house into housesBuiltPerRegion (location,size) = (Lisboa, LessThan125)
2024_10_20_T01:08:37 -  Pushed house into housesBuiltPerRegion (location,size) = (Mafra, LessThan125)
2024_10_20_T01:08:37 -  Pushed house into housesBuiltPerRegion (location,size) = (Sintra, More)
2024_10_20_T01:08:37 -  Pushed house into housesBuiltPerRegion (location,size) = (Seixal, More)
2024_10_20_T01:08:37 -  Model step took 0.3225090503692627 seconds
2024_10_20_T01:08:37 -  Metrics: sum_wealth took 7.295608520507812e-5
2024_10_20_T01:08:37 -  Metrics: wealth_distribution took 0.0003151893615722656
2024_10_20_T01:08:37 -  Metrics: money_distribution took 0.0003571510314941406
2024_10_20_T01:08:37 -  Metrics: size_distribution took 0.00033402442932128906
2024_10_20_T01:08:37 -  Metrics: age_distribution took 0.00030303001403808594
2024_10_20_T01:08:40 -  Model step started
2024_10_20_T01:08:40 -  clearHangingSupplies started
2024_10_20_T01:08:40 -  clearHangingSupplies took 0.00016880035400390625
2024_10_20_T01:08:40 -  clearHangingRentalSupplies started
2024_10_20_T01:08:40 -  clearHangingRentalSupplies took 6.198883056640625e-6
2024_10_20_T01:08:40 -  clearHouseMarket started
2024_10_20_T01:08:40 -  clearHouseMarket - first block took 0.5192699432373047
2024_10_20_T01:08:40 -  clearHouseMarket - second block took 0.0006301403045654297
2024_10_20_T01:08:40 -  clearHouseMarket - third block took 0.00017309188842773438
2024_10_20_T01:08:40 -  clearRentalMarket started
2024_10_20_T01:08:40 -  clearRentalMarket - first block took 1.71661376953125e-5
2024_10_20_T01:08:40 -  clearRentalMarket - second block took 0.0
2024_10_20_T01:08:40 -  Pushed house into housesBuiltPerRegion (location,size) = (Odivelas, LessThan125)
2024_10_20_T01:08:40 -  Model step took 0.5423069000244141 seconds
2024_10_20_T01:08:40 -  Metrics: sum_wealth took 3.695487976074219e-5
2024_10_20_T01:08:40 -  Metrics: wealth_distribution took 0.0004298686981201172
2024_10_20_T01:08:40 -  Metrics: money_distribution took 0.00032210350036621094
2024_10_20_T01:08:40 -  Metrics: size_distribution took 0.0003669261932373047
2024_10_20_T01:08:40 -  Metrics: age_distribution took 0.0003452301025390625
2024_10_20_T01:08:43 -  Model step started
2024_10_20_T01:08:43 -  clearHangingSupplies started
2024_10_20_T01:08:43 -  clearHangingSupplies took 0.00021505355834960938
2024_10_20_T01:08:43 -  clearHangingRentalSupplies started
2024_10_20_T01:08:43 -  clearHangingRentalSupplies took 5.0067901611328125e-6
2024_10_20_T01:08:43 -  clearHouseMarket started
2024_10_20_T01:08:43 -  clearHouseMarket - first block took 0.2914848327636719
2024_10_20_T01:08:43 -  clearHouseMarket - second block took 0.0029799938201904297
2024_10_20_T01:08:43 -  clearHouseMarket - third block took 0.0008089542388916016
2024_10_20_T01:08:43 -  clearRentalMarket started
2024_10_20_T01:08:43 -  clearRentalMarket - first block took 0.0006868839263916016
2024_10_20_T01:08:43 -  clearRentalMarket - second block took 3.4809112548828125e-5
2024_10_20_T01:08:43 -  Model step took 0.31554293632507324 seconds
2024_10_20_T01:08:43 -  Metrics: sum_wealth took 4.8160552978515625e-5
2024_10_20_T01:08:43 -  Metrics: wealth_distribution took 0.00033783912658691406
2024_10_20_T01:08:43 -  Metrics: money_distribution took 0.000308990478515625
2024_10_20_T01:08:43 -  Metrics: size_distribution took 0.0002739429473876953
2024_10_20_T01:08:43 -  Metrics: age_distribution took 0.0002918243408203125
2024_10_20_T01:08:46 -  Model step started
2024_10_20_T01:08:46 -  clearHangingSupplies started
2024_10_20_T01:08:46 -  clearHangingSupplies took 0.0001518726348876953
2024_10_20_T01:08:46 -  clearHangingRentalSupplies started
2024_10_20_T01:08:46 -  clearHangingRentalSupplies took 4.0531158447265625e-6
2024_10_20_T01:08:46 -  clearHouseMarket started
2024_10_20_T01:08:46 -  clearHouseMarket - first block took 0.3444709777832031
2024_10_20_T01:08:46 -  clearHouseMarket - second block took 0.0229799747467041
2024_10_20_T01:08:46 -  clearHouseMarket - third block took 0.00020813941955566406
2024_10_20_T01:08:46 -  clearRentalMarket started
2024_10_20_T01:08:46 -  clearRentalMarket - first block took 0.0015819072723388672
2024_10_20_T01:08:46 -  clearRentalMarket - second block took 2.4080276489257812e-5
2024_10_20_T01:08:46 -  Pushed house into housesBuiltPerRegion (location,size) = (Amadora, LessThan50)
2024_10_20_T01:08:46 -  Pushed house into housesBuiltPerRegion (location,size) = (Cascais, More)
2024_10_20_T01:08:46 -  Pushed house into housesBuiltPerRegion (location,size) = (Lisboa, More)
2024_10_20_T01:08:46 -  Pushed house into housesBuiltPerRegion (location,size) = (Seixal, LessThan75)
2024_10_20_T01:08:46 -  Model step took 0.39810800552368164 seconds
2024_10_20_T01:08:46 -  Metrics: sum_wealth took 6.103515625e-5
2024_10_20_T01:08:46 -  Metrics: wealth_distribution took 0.0003719329833984375
2024_10_20_T01:08:46 -  Metrics: money_distribution took 0.0004138946533203125
2024_10_20_T01:08:46 -  Metrics: size_distribution took 0.0003390312194824219
2024_10_20_T01:08:46 -  Metrics: age_distribution took 0.00042510032653808594
2024_10_20_T01:08:49 -  Model step started
2024_10_20_T01:08:49 -  clearHangingSupplies started
2024_10_20_T01:08:49 -  clearHangingSupplies took 0.0001571178436279297
2024_10_20_T01:08:49 -  clearHangingRentalSupplies started
2024_10_20_T01:08:49 -  clearHangingRentalSupplies took 3.0994415283203125e-6
2024_10_20_T01:08:49 -  clearHouseMarket started
2024_10_20_T01:08:49 -  clearHouseMarket - first block took 0.2908918857574463
2024_10_20_T01:08:49 -  clearHouseMarket - second block took 0.001299142837524414
2024_10_20_T01:08:49 -  clearHouseMarket - third block took 0.00017404556274414062
2024_10_20_T01:08:49 -  clearRentalMarket started
2024_10_20_T01:08:49 -  clearRentalMarket - first block took 0.002434968948364258
2024_10_20_T01:08:49 -  clearRentalMarket - second block took 6.508827209472656e-5
2024_10_20_T01:08:49 -  Pushed house into housesBuiltPerRegion (location,size) = (Lisboa, More)
2024_10_20_T01:08:49 -  Model step took 0.31351685523986816 seconds
2024_10_20_T01:08:49 -  Metrics: sum_wealth took 5.5789947509765625e-5
2024_10_20_T01:08:49 -  Metrics: wealth_distribution took 0.0003101825714111328
2024_10_20_T01:08:49 -  Metrics: money_distribution took 0.00034999847412109375
2024_10_20_T01:08:49 -  Metrics: size_distribution took 0.0003039836883544922
2024_10_20_T01:08:49 -  Metrics: age_distribution took 0.0002999305725097656
2024_10_20_T01:08:52 -  Model step started
2024_10_20_T01:08:52 -  clearHangingSupplies started
2024_10_20_T01:08:52 -  clearHangingSupplies took 0.0003211498260498047
2024_10_20_T01:08:52 -  clearHangingRentalSupplies started
2024_10_20_T01:08:52 -  clearHangingRentalSupplies took 1.1920928955078125e-5
2024_10_20_T01:08:52 -  clearHouseMarket started
2024_10_20_T01:08:52 -  clearHouseMarket - first block took 0.2725498676300049
2024_10_20_T01:08:52 -  clearHouseMarket - second block took 0.0008358955383300781
2024_10_20_T01:08:52 -  clearHouseMarket - third block took 0.00013303756713867188
2024_10_20_T01:08:52 -  clearRentalMarket started
2024_10_20_T01:08:52 -  clearRentalMarket - first block took 0.0014638900756835938
2024_10_20_T01:08:52 -  clearRentalMarket - second block took 3.409385681152344e-5
2024_10_20_T01:08:52 -  Pushed house into housesBuiltPerRegion (location,size) = (Lisboa, LessThan75)
2024_10_20_T01:08:52 -  Pushed house into housesBuiltPerRegion (location,size) = (Moita, LessThan75)
2024_10_20_T01:08:52 -  Pushed house into housesBuiltPerRegion (location,size) = (Seixal, LessThan125)
2024_10_20_T01:08:52 -  Model step took 0.29459619522094727 seconds
2024_10_20_T01:08:52 -  Metrics: sum_wealth took 5.1021575927734375e-5
2024_10_20_T01:08:52 -  Metrics: wealth_distribution took 0.00033283233642578125
2024_10_20_T01:08:52 -  Metrics: money_distribution took 0.00037288665771484375
2024_10_20_T01:08:52 -  Metrics: size_distribution took 0.0003237724304199219
2024_10_20_T01:08:52 -  Metrics: age_distribution took 0.00031495094299316406
2024_10_20_T01:08:55 -  Model step started
2024_10_20_T01:08:55 -  clearHangingSupplies started
2024_10_20_T01:08:55 -  clearHangingSupplies took 0.00011491775512695312
2024_10_20_T01:08:55 -  clearHangingRentalSupplies started
2024_10_20_T01:08:55 -  clearHangingRentalSupplies took 1.4066696166992188e-5
2024_10_20_T01:08:55 -  clearHouseMarket started
2024_10_20_T01:08:55 -  clearHouseMarket - first block took 0.2873189449310303
2024_10_20_T01:08:55 -  clearHouseMarket - second block took 0.0015621185302734375
2024_10_20_T01:08:55 -  clearHouseMarket - third block took 0.00026488304138183594
2024_10_20_T01:08:55 -  clearRentalMarket started
2024_10_20_T01:08:55 -  clearRentalMarket - first block took 0.0012781620025634766
2024_10_20_T01:08:55 -  clearRentalMarket - second block took 3.600120544433594e-5
2024_10_20_T01:08:55 -  Model step took 0.32712507247924805 seconds
2024_10_20_T01:08:55 -  Metrics: sum_wealth took 4.982948303222656e-5
2024_10_20_T01:08:55 -  Metrics: wealth_distribution took 0.0004570484161376953
2024_10_20_T01:08:55 -  Metrics: money_distribution took 0.00032782554626464844
2024_10_20_T01:08:55 -  Metrics: size_distribution took 0.0002951622009277344
2024_10_20_T01:08:55 -  Metrics: age_distribution took 0.0003180503845214844
2024_10_20_T01:09:00 -  Model step started
2024_10_20_T01:09:00 -  clearHangingSupplies started
2024_10_20_T01:09:00 -  clearHangingSupplies took 0.00015997886657714844
2024_10_20_T01:09:00 -  clearHangingRentalSupplies started
2024_10_20_T01:09:00 -  clearHangingRentalSupplies took 4.0531158447265625e-6
2024_10_20_T01:09:00 -  clearHouseMarket started
2024_10_20_T01:09:01 -  clearHouseMarket - first block took 0.4411940574645996
2024_10_20_T01:09:01 -  clearHouseMarket - second block took 0.00022411346435546875
2024_10_20_T01:09:01 -  clearHouseMarket - third block took 0.00017905235290527344
2024_10_20_T01:09:01 -  clearRentalMarket started
2024_10_20_T01:09:01 -  clearRentalMarket - first block took 2.384185791015625e-5
2024_10_20_T01:09:01 -  clearRentalMarket - second block took 1.9073486328125e-6
2024_10_20_T01:09:01 -  Pushed house into housesBuiltPerRegion (location,size) = (Lisboa, LessThan75)
2024_10_20_T01:09:01 -  Pushed house into housesBuiltPerRegion (location,size) = (Mafra, LessThan125)
2024_10_20_T01:09:01 -  Model step took 0.473721981048584 seconds
2024_10_20_T01:09:01 -  Metrics: sum_wealth took 4.315376281738281e-5
2024_10_20_T01:09:01 -  Metrics: wealth_distribution took 0.0003590583801269531
2024_10_20_T01:09:01 -  Metrics: money_distribution took 0.000308990478515625
2024_10_20_T01:09:01 -  Metrics: size_distribution took 0.0003390312194824219
2024_10_20_T01:09:01 -  Metrics: age_distribution took 0.0003650188446044922
2024_10_20_T01:09:04 -  Model step started
2024_10_20_T01:09:04 -  clearHangingSupplies started
2024_10_20_T01:09:04 -  clearHangingSupplies took 0.0001399517059326172
2024_10_20_T01:09:04 -  clearHangingRentalSupplies started
2024_10_20_T01:09:04 -  clearHangingRentalSupplies took 3.814697265625e-6
2024_10_20_T01:09:04 -  clearHouseMarket started
2024_10_20_T01:09:05 -  clearHouseMarket - first block took 0.40953898429870605
2024_10_20_T01:09:05 -  clearHouseMarket - second block took 0.00047516822814941406
2024_10_20_T01:09:05 -  clearHouseMarket - third block took 0.00023412704467773438
2024_10_20_T01:09:05 -  clearRentalMarket started
2024_10_20_T01:09:05 -  clearRentalMarket - first block took 3.2901763916015625e-5
2024_10_20_T01:09:05 -  clearRentalMarket - second block took 1.9073486328125e-6
2024_10_20_T01:09:05 -  Pushed house into housesBuiltPerRegion (location,size) = (Cascais, More)
2024_10_20_T01:09:05 -  Pushed house into housesBuiltPerRegion (location,size) = (Sintra, LessThan75)
2024_10_20_T01:09:05 -  Model step took 0.4369080066680908 seconds
2024_10_20_T01:09:05 -  Metrics: sum_wealth took 5.507469177246094e-5
2024_10_20_T01:09:05 -  Metrics: wealth_distribution took 0.0004220008850097656
2024_10_20_T01:09:05 -  Metrics: money_distribution took 0.0004031658172607422
2024_10_20_T01:09:05 -  Metrics: size_distribution took 0.00031304359436035156
2024_10_20_T01:09:05 -  Metrics: age_distribution took 0.0003540515899658203
2024_10_20_T01:09:07 -  Model step started
2024_10_20_T01:09:07 -  clearHangingSupplies started
2024_10_20_T01:09:07 -  clearHangingSupplies took 0.00015997886657714844
2024_10_20_T01:09:07 -  clearHangingRentalSupplies started
2024_10_20_T01:09:07 -  clearHangingRentalSupplies took 3.0994415283203125e-6
2024_10_20_T01:09:07 -  clearHouseMarket started
2024_10_20_T01:09:08 -  clearHouseMarket - first block took 0.2807800769805908
2024_10_20_T01:09:08 -  clearHouseMarket - second block took 0.00011181831359863281
2024_10_20_T01:09:08 -  clearHouseMarket - third block took 0.00014591217041015625
2024_10_20_T01:09:08 -  clearRentalMarket started
2024_10_20_T01:09:08 -  clearRentalMarket - first block took 1.4066696166992188e-5
2024_10_20_T01:09:08 -  clearRentalMarket - second block took 9.5367431640625e-7
2024_10_20_T01:09:08 -  Pushed house into housesBuiltPerRegion (location,size) = (Cascais, LessThan125)
2024_10_20_T01:09:08 -  Pushed house into housesBuiltPerRegion (location,size) = (Seixal, LessThan75)
2024_10_20_T01:09:08 -  Pushed house into housesBuiltPerRegion (location,size) = (Sesimbra, LessThan75)
2024_10_20_T01:09:08 -  Model step took 0.3004000186920166 seconds
2024_10_20_T01:09:08 -  Metrics: sum_wealth took 5.1975250244140625e-5
2024_10_20_T01:09:08 -  Metrics: wealth_distribution took 0.0004367828369140625
2024_10_20_T01:09:08 -  Metrics: money_distribution took 0.0004069805145263672
2024_10_20_T01:09:08 -  Metrics: size_distribution took 0.0005018711090087891
2024_10_20_T01:09:08 -  Metrics: age_distribution took 0.00036406517028808594
2024_10_20_T01:09:10 -  Model step started
2024_10_20_T01:09:10 -  clearHangingSupplies started
2024_10_20_T01:09:10 -  clearHangingSupplies took 0.0001499652862548828
2024_10_20_T01:09:10 -  clearHangingRentalSupplies started
2024_10_20_T01:09:10 -  clearHangingRentalSupplies took 2.86102294921875e-6
2024_10_20_T01:09:10 -  clearHouseMarket started
2024_10_20_T01:09:10 -  clearHouseMarket - first block took 0.3320591449737549
2024_10_20_T01:09:10 -  clearHouseMarket - second block took 0.0012090206146240234
2024_10_20_T01:09:10 -  clearHouseMarket - third block took 0.00016999244689941406
2024_10_20_T01:09:10 -  clearRentalMarket started
2024_10_20_T01:09:10 -  clearRentalMarket - first block took 0.007756948471069336
2024_10_20_T01:09:10 -  clearRentalMarket - second block took 3.1948089599609375e-5
2024_10_20_T01:09:10 -  Pushed house into housesBuiltPerRegion (location,size) = (Odivelas, LessThan125)
2024_10_20_T01:09:10 -  Pushed house into housesBuiltPerRegion (location,size) = (Seixal, LessThan50)
2024_10_20_T01:09:10 -  Model step took 0.365617036819458 seconds
2024_10_20_T01:09:10 -  Metrics: sum_wealth took 0.0007379055023193359
2024_10_20_T01:09:10 -  Metrics: wealth_distribution took 0.0004220008850097656
2024_10_20_T01:09:10 -  Metrics: money_distribution took 0.0003371238708496094
2024_10_20_T01:09:10 -  Metrics: size_distribution took 0.0003039836883544922
2024_10_20_T01:09:10 -  Metrics: age_distribution took 0.0003371238708496094
2024_10_20_T01:09:12 -  Model step started
2024_10_20_T01:09:12 -  clearHangingSupplies started
2024_10_20_T01:09:12 -  clearHangingSupplies took 0.00017905235290527344
2024_10_20_T01:09:12 -  clearHangingRentalSupplies started
2024_10_20_T01:09:12 -  clearHangingRentalSupplies took 4.0531158447265625e-6
2024_10_20_T01:09:12 -  clearHouseMarket started
2024_10_20_T01:09:13 -  clearHouseMarket - first block took 0.34702205657958984
2024_10_20_T01:09:13 -  clearHouseMarket - second block took 0.005182981491088867
2024_10_20_T01:09:13 -  clearHouseMarket - third block took 0.0002760887145996094
2024_10_20_T01:09:13 -  clearRentalMarket started
2024_10_20_T01:09:13 -  clearRentalMarket - first block took 0.0023348331451416016
2024_10_20_T01:09:13 -  clearRentalMarket - second block took 7.390975952148438e-5
2024_10_20_T01:09:13 -  Pushed house into housesBuiltPerRegion (location,size) = (Alcochete, More)
2024_10_20_T01:09:13 -  Pushed house into housesBuiltPerRegion (location,size) = (Montijo, More)
2024_10_20_T01:09:13 -  Model step took 0.3858470916748047 seconds
2024_10_20_T01:09:13 -  Metrics: sum_wealth took 8.702278137207031e-5
2024_10_20_T01:09:13 -  Metrics: wealth_distribution took 0.0003631114959716797
2024_10_20_T01:09:13 -  Metrics: money_distribution took 0.00034117698669433594
2024_10_20_T01:09:13 -  Metrics: size_distribution took 0.00028014183044433594
2024_10_20_T01:09:13 -  Metrics: age_distribution took 0.0019218921661376953
2024_10_20_T01:09:16 -  Model step started
2024_10_20_T01:09:16 -  clearHangingSupplies started
2024_10_20_T01:09:16 -  clearHangingSupplies took 0.0001590251922607422
2024_10_20_T01:09:16 -  clearHangingRentalSupplies started
2024_10_20_T01:09:16 -  clearHangingRentalSupplies took 5.0067901611328125e-6
2024_10_20_T01:09:16 -  clearHouseMarket started
2024_10_20_T01:09:17 -  clearHouseMarket - first block took 0.31644296646118164
2024_10_20_T01:09:17 -  clearHouseMarket - second block took 0.00037407875061035156
2024_10_20_T01:09:17 -  clearHouseMarket - third block took 0.0001919269561767578
2024_10_20_T01:09:17 -  clearRentalMarket started
2024_10_20_T01:09:17 -  clearRentalMarket - first block took 0.0005600452423095703
2024_10_20_T01:09:17 -  clearRentalMarket - second block took 3.0994415283203125e-5
2024_10_20_T01:09:17 -  Model step took 0.3512101173400879 seconds
2024_10_20_T01:09:17 -  Metrics: sum_wealth took 5.698204040527344e-5
2024_10_20_T01:09:17 -  Metrics: wealth_distribution took 0.00036406517028808594
2024_10_20_T01:09:17 -  Metrics: money_distribution took 0.00041103363037109375
2024_10_20_T01:09:17 -  Metrics: size_distribution took 0.0003027915954589844
2024_10_20_T01:09:17 -  Metrics: age_distribution took 0.00036787986755371094
2024_10_20_T01:09:20 -  Model step started
2024_10_20_T01:09:20 -  clearHangingSupplies started
2024_10_20_T01:09:20 -  clearHangingSupplies took 0.00013208389282226562
2024_10_20_T01:09:20 -  clearHangingRentalSupplies started
2024_10_20_T01:09:20 -  clearHangingRentalSupplies took 2.86102294921875e-6
2024_10_20_T01:09:20 -  clearHouseMarket started
2024_10_20_T01:09:20 -  clearHouseMarket - first block took 0.38284802436828613
2024_10_20_T01:09:20 -  clearHouseMarket - second block took 0.0006089210510253906
2024_10_20_T01:09:20 -  clearHouseMarket - third block took 0.000247955322265625
2024_10_20_T01:09:20 -  clearRentalMarket started
2024_10_20_T01:09:20 -  clearRentalMarket - first block took 2.384185791015625e-5
2024_10_20_T01:09:20 -  clearRentalMarket - second block took 1.9073486328125e-6
2024_10_20_T01:09:20 -  Pushed house into housesBuiltPerRegion (location,size) = (Odivelas, More)
2024_10_20_T01:09:20 -  Pushed house into housesBuiltPerRegion (location,size) = (Odivelas, LessThan50)
2024_10_20_T01:09:20 -  Model step took 0.41977810859680176 seconds
2024_10_20_T01:09:20 -  Metrics: sum_wealth took 8.916854858398438e-5
2024_10_20_T01:09:20 -  Metrics: wealth_distribution took 0.0003910064697265625
2024_10_20_T01:09:20 -  Metrics: money_distribution took 0.0004229545593261719
2024_10_20_T01:09:20 -  Metrics: size_distribution took 0.00037598609924316406
2024_10_20_T01:09:20 -  Metrics: age_distribution took 0.00043201446533203125
2024_10_20_T01:09:23 -  Model step started
2024_10_20_T01:09:23 -  clearHangingSupplies started
2024_10_20_T01:09:23 -  clearHangingSupplies took 0.00017189979553222656
2024_10_20_T01:09:23 -  clearHangingRentalSupplies started
2024_10_20_T01:09:23 -  clearHangingRentalSupplies took 2.86102294921875e-6
2024_10_20_T01:09:23 -  clearHouseMarket started
2024_10_20_T01:09:24 -  clearHouseMarket - first block took 0.2682170867919922
2024_10_20_T01:09:24 -  clearHouseMarket - second block took 0.001458883285522461
2024_10_20_T01:09:24 -  clearHouseMarket - third block took 0.00018286705017089844
2024_10_20_T01:09:24 -  clearRentalMarket started
2024_10_20_T01:09:24 -  clearRentalMarket - first block took 0.0008680820465087891
2024_10_20_T01:09:24 -  clearRentalMarket - second block took 3.910064697265625e-5
2024_10_20_T01:09:24 -  Pushed house into housesBuiltPerRegion (location,size) = (Loures, LessThan50)
2024_10_20_T01:09:24 -  Pushed house into housesBuiltPerRegion (location,size) = (Oeiras, LessThan125)
2024_10_20_T01:09:24 -  Pushed house into housesBuiltPerRegion (location,size) = (Palmela, LessThan50)
2024_10_20_T01:09:24 -  Model step took 0.2916450500488281 seconds
2024_10_20_T01:09:24 -  Metrics: sum_wealth took 5.698204040527344e-5
2024_10_20_T01:09:24 -  Metrics: wealth_distribution took 0.007953882217407227
2024_10_20_T01:09:24 -  Metrics: money_distribution took 0.0003829002380371094
2024_10_20_T01:09:24 -  Metrics: size_distribution took 0.0003190040588378906
2024_10_20_T01:09:24 -  Metrics: age_distribution took 0.0003268718719482422
2024_10_20_T01:09:26 -  Model step started
2024_10_20_T01:09:26 -  clearHangingSupplies started
2024_10_20_T01:09:26 -  clearHangingSupplies took 0.00014591217041015625
2024_10_20_T01:09:26 -  clearHangingRentalSupplies started
2024_10_20_T01:09:26 -  clearHangingRentalSupplies took 3.0994415283203125e-6
2024_10_20_T01:09:26 -  clearHouseMarket started
2024_10_20_T01:09:26 -  clearHouseMarket - first block took 0.25523805618286133
2024_10_20_T01:09:26 -  clearHouseMarket - second block took 0.0004239082336425781
2024_10_20_T01:09:26 -  clearHouseMarket - third block took 0.0001571178436279297
2024_10_20_T01:09:26 -  clearRentalMarket started
2024_10_20_T01:09:26 -  clearRentalMarket - first block took 1.6927719116210938e-5
2024_10_20_T01:09:26 -  clearRentalMarket - second block took 0.0
2024_10_20_T01:09:26 -  Pushed house into housesBuiltPerRegion (location,size) = (Lisboa, LessThan75)
2024_10_20_T01:09:26 -  Model step took 0.27557897567749023 seconds
2024_10_20_T01:09:26 -  Metrics: sum_wealth took 5.507469177246094e-5
2024_10_20_T01:09:26 -  Metrics: wealth_distribution took 0.0004429817199707031
2024_10_20_T01:09:26 -  Metrics: money_distribution took 0.0004000663757324219
2024_10_20_T01:09:26 -  Metrics: size_distribution took 0.0002951622009277344
2024_10_20_T01:09:26 -  Metrics: age_distribution took 0.0003108978271484375
2024_10_20_T01:09:28 -  Model step started
2024_10_20_T01:09:28 -  clearHangingSupplies started
2024_10_20_T01:09:28 -  clearHangingSupplies took 0.000141143798828125
2024_10_20_T01:09:28 -  clearHangingRentalSupplies started
2024_10_20_T01:09:28 -  clearHangingRentalSupplies took 3.0994415283203125e-6
2024_10_20_T01:09:28 -  clearHouseMarket started
2024_10_20_T01:09:28 -  clearHouseMarket - first block took 0.2817671298980713
2024_10_20_T01:09:28 -  clearHouseMarket - second block took 0.0008530616760253906
2024_10_20_T01:09:28 -  clearHouseMarket - third block took 0.00017714500427246094
2024_10_20_T01:09:28 -  clearRentalMarket started
2024_10_20_T01:09:28 -  clearRentalMarket - first block took 0.004971027374267578
2024_10_20_T01:09:28 -  clearRentalMarket - second block took 0.0002620220184326172
2024_10_20_T01:09:28 -  Model step took 0.3702731132507324 seconds
2024_10_20_T01:09:28 -  Metrics: sum_wealth took 6.604194641113281e-5
2024_10_20_T01:09:28 -  Metrics: wealth_distribution took 0.00036406517028808594
2024_10_20_T01:09:28 -  Metrics: money_distribution took 0.00037980079650878906
2024_10_20_T01:09:28 -  Metrics: size_distribution took 0.00026416778564453125
2024_10_20_T01:09:28 -  Metrics: age_distribution took 0.00032210350036621094
