2024_09_08_T21:33:50 -  finished initateHouses in 0.31970787048339844 seconds
2024_09_08_T21:33:50 -  finished initiateHouseholds in 0.5599489212036133 seconds
2024_09_08_T21:33:51 -  finished assignHousesToHouseholds in 0.842127799987793 seconds
2024_09_08_T21:34:53 -  Model step started
2024_09_08_T21:35:36 -  Model step took 42.882527112960815 seconds
2024_09_08_T21:36:34 -  Model step started
2024_09_08_T21:37:35 -  Model step took 61.29299592971802 seconds
2024_09_08_T21:38:34 -  Model step started
2024_09_08_T21:39:41 -  Model step took 66.95478320121765 seconds
2024_09_08_T21:40:40 -  Model step started
2024_09_08_T21:41:43 -  Model step took 62.284406900405884 seconds
2024_09_08_T21:42:42 -  Model step started
2024_09_08_T21:43:41 -  Model step took 59.0815908908844 seconds
2024_09_08_T21:44:42 -  Model step started
2024_09_08_T21:45:40 -  Model step took 57.86618995666504 seconds
2024_09_08_T21:46:40 -  Model step started
2024_09_08_T21:47:36 -  Model step took 56.009279012680054 seconds
2024_09_08_T21:48:37 -  Model step started
2024_09_08_T21:49:32 -  Model step took 55.124757051467896 seconds
2024_09_08_T21:50:33 -  Model step started
2024_09_08_T21:51:24 -  Model step took 51.77789902687073 seconds
2024_09_08_T21:52:25 -  Model step started
2024_09_08_T21:53:16 -  Model step took 50.94141101837158 seconds
2024_09_08_T21:54:17 -  Model step started
2024_09_08_T21:55:08 -  Model step took 51.069929122924805 seconds
2024_09_08_T21:56:09 -  Model step started
2024_09_08_T21:56:59 -  Model step took 50.52047395706177 seconds
2024_09_08_T21:57:59 -  Model step started
2024_09_08_T21:58:49 -  Model step took 49.943033933639526 seconds
2024_09_08_T21:59:49 -  Model step started
2024_09_08_T22:00:36 -  Model step took 47.567359924316406 seconds
2024_09_08_T22:01:36 -  Model step started
2024_09_08_T22:02:24 -  Model step took 48.382426023483276 seconds
