2024_10_02_T21:13:17 -  finished initateHouses in 0.4137258529663086 seconds
2024_10_02_T21:13:18 -  finished initiateHouseholds in 0.5631320476531982 seconds
2024_10_02_T21:13:18 -  finished assignHousesToHouseholds in 0.6970388889312744 seconds
2024_10_02_T21:13:27 -  Model step started
2024_10_02_T21:13:29 -  Model step took 1.502120018005371 seconds
2024_10_02_T21:13:35 -  Model step started
2024_10_02_T21:13:36 -  Model step took 0.8830430507659912 seconds
2024_10_02_T21:13:42 -  Model step started
2024_10_02_T21:13:43 -  Model step took 0.9831359386444092 seconds
2024_10_02_T21:13:49 -  Model step started
2024_10_02_T21:13:50 -  Model step took 0.8558709621429443 seconds
2024_10_02_T21:13:56 -  Model step started
2024_10_02_T21:13:56 -  Model step took 0.7898461818695068 seconds
2024_10_02_T21:14:02 -  Model step started
2024_10_02_T21:14:03 -  Model step took 0.7793450355529785 seconds
2024_10_02_T21:14:09 -  Model step started
2024_10_02_T21:14:10 -  Model step took 0.7295248508453369 seconds
2024_10_02_T21:14:16 -  Model step started
2024_10_02_T21:14:16 -  Model step took 0.6504421234130859 seconds
2024_10_02_T21:14:22 -  Model step started
2024_10_02_T21:14:23 -  Model step took 0.6630511283874512 seconds
2024_10_02_T21:14:29 -  Model step started
2024_10_02_T21:14:30 -  Model step took 0.6454288959503174 seconds
2024_10_02_T21:14:36 -  Model step started
2024_10_02_T21:14:37 -  Model step took 0.8390190601348877 seconds
2024_10_02_T21:14:43 -  Model step started
2024_10_02_T21:14:43 -  Model step took 0.5572919845581055 seconds
2024_10_02_T21:14:50 -  Model step started
2024_10_02_T21:14:50 -  Model step took 0.5354750156402588 seconds
2024_10_02_T21:14:56 -  Model step started
2024_10_02_T21:14:57 -  Model step took 0.5150330066680908 seconds
2024_10_02_T21:15:03 -  Model step started
2024_10_02_T21:15:04 -  Model step took 0.47498106956481934 seconds
2024_10_02_T21:15:10 -  Model step started
2024_10_02_T21:15:10 -  Model step took 0.46601295471191406 seconds
2024_10_02_T21:15:17 -  Model step started
2024_10_02_T21:15:17 -  Model step took 0.4540519714355469 seconds
2024_10_02_T21:15:24 -  Model step started
2024_10_02_T21:15:24 -  Model step took 0.4422800540924072 seconds
2024_10_02_T21:15:31 -  Model step started
2024_10_02_T21:15:31 -  Model step took 0.4343249797821045 seconds
2024_10_02_T21:15:37 -  Model step started
2024_10_02_T21:15:38 -  Model step took 0.3999810218811035 seconds
2024_10_02_T21:15:44 -  Model step started
2024_10_02_T21:15:45 -  Model step took 0.38425302505493164 seconds
2024_10_02_T21:15:51 -  Model step started
2024_10_02_T21:15:52 -  Model step took 0.3678171634674072 seconds
2024_10_02_T21:15:58 -  Model step started
2024_10_02_T21:15:58 -  Model step took 0.36394405364990234 seconds
2024_10_02_T21:16:05 -  Model step started
2024_10_02_T21:16:05 -  Model step took 0.31900691986083984 seconds
2024_10_02_T21:16:12 -  Model step started
2024_10_02_T21:16:12 -  Model step took 0.32558703422546387 seconds
2024_10_02_T21:16:19 -  Model step started
2024_10_02_T21:16:19 -  Model step took 0.30506181716918945 seconds
2024_10_02_T21:16:26 -  Model step started
2024_10_02_T21:16:26 -  Model step took 0.3037381172180176 seconds
2024_10_02_T21:16:33 -  Model step started
2024_10_02_T21:16:33 -  Model step took 0.28662109375 seconds
2024_10_02_T21:16:40 -  Model step started
2024_10_02_T21:16:40 -  Model step took 0.4210500717163086 seconds
2024_10_02_T21:16:47 -  Model step started
2024_10_02_T21:16:48 -  Model step took 0.2290351390838623 seconds
2024_10_02_T21:16:54 -  Model step started
2024_10_02_T21:16:55 -  Model step took 0.22829198837280273 seconds
2024_10_02_T21:17:01 -  Model step started
2024_10_02_T21:17:02 -  Model step took 0.22656607627868652 seconds
2024_10_02_T21:17:08 -  Model step started
2024_10_02_T21:17:09 -  Model step took 0.20925498008728027 seconds
2024_10_02_T21:17:16 -  Model step started
2024_10_02_T21:17:16 -  Model step took 0.19895601272583008 seconds
2024_10_02_T21:17:23 -  Model step started
2024_10_02_T21:17:23 -  Model step took 0.2220458984375 seconds
2024_10_02_T21:17:30 -  Model step started
2024_10_02_T21:17:30 -  Model step took 0.21811223030090332 seconds
2024_10_02_T21:17:37 -  Model step started
2024_10_02_T21:17:37 -  Model step took 0.22793316841125488 seconds
2024_10_02_T21:17:44 -  Model step started
2024_10_02_T21:17:44 -  Model step took 0.21517419815063477 seconds
2024_10_02_T21:17:51 -  Model step started
2024_10_02_T21:17:51 -  Model step took 0.19923186302185059 seconds
2024_10_02_T21:17:58 -  Model step started
2024_10_02_T21:17:59 -  Model step took 0.18566298484802246 seconds
2024_10_02_T21:18:06 -  Model step started
2024_10_02_T21:18:06 -  Model step took 0.1911940574645996 seconds
2024_10_02_T21:18:13 -  Model step started
2024_10_02_T21:18:13 -  Model step took 0.19187307357788086 seconds
2024_10_02_T21:18:20 -  Model step started
2024_10_02_T21:18:21 -  Model step took 0.18959593772888184 seconds
2024_10_02_T21:18:28 -  Model step started
2024_10_02_T21:18:28 -  Model step took 0.1673119068145752 seconds
2024_10_02_T21:18:35 -  Model step started
2024_10_02_T21:18:35 -  Model step took 0.1889629364013672 seconds
2024_10_02_T21:18:43 -  Model step started
2024_10_02_T21:18:43 -  Model step took 0.17329907417297363 seconds
2024_10_02_T21:18:50 -  Model step started
2024_10_02_T21:18:50 -  Model step took 0.19153404235839844 seconds
2024_10_02_T21:18:58 -  Model step started
2024_10_02_T21:18:58 -  Model step took 0.17672014236450195 seconds
2024_10_02_T21:19:05 -  Model step started
2024_10_02_T21:19:05 -  Model step took 0.16593694686889648 seconds
2024_10_02_T21:19:13 -  Model step started
2024_10_02_T21:19:13 -  Model step took 0.16770005226135254 seconds
2024_10_02_T21:19:20 -  Model step started
2024_10_02_T21:19:20 -  Model step took 0.16852402687072754 seconds
2024_10_02_T21:19:28 -  Model step started
2024_10_02_T21:19:28 -  Model step took 0.15563201904296875 seconds
2024_10_02_T21:19:36 -  Model step started
2024_10_02_T21:19:36 -  Model step took 0.14743494987487793 seconds
2024_10_02_T21:19:43 -  Model step started
2024_10_02_T21:19:43 -  Model step took 0.16785001754760742 seconds
2024_10_02_T21:19:51 -  Model step started
2024_10_02_T21:19:51 -  Model step took 0.17405390739440918 seconds
2024_10_02_T21:19:59 -  Model step started
2024_10_02_T21:19:59 -  Model step took 0.1632859706878662 seconds
2024_10_02_T21:20:06 -  Model step started
2024_10_02_T21:20:07 -  Model step took 0.17773890495300293 seconds
2024_10_02_T21:20:14 -  Model step started
2024_10_02_T21:20:14 -  Model step took 0.16583609580993652 seconds
2024_10_02_T21:20:22 -  Model step started
2024_10_02_T21:20:22 -  Model step took 0.16725587844848633 seconds
2024_10_02_T21:20:30 -  Model step started
2024_10_02_T21:20:30 -  Model step took 0.1766519546508789 seconds
2024_10_02_T21:20:38 -  Model step started
2024_10_02_T21:20:38 -  Model step took 0.18077492713928223 seconds
2024_10_02_T21:20:46 -  Model step started
2024_10_02_T21:20:46 -  Model step took 0.1692969799041748 seconds
2024_10_02_T21:20:54 -  Model step started
2024_10_02_T21:20:54 -  Model step took 0.16931414604187012 seconds
2024_10_02_T21:21:02 -  Model step started
2024_10_02_T21:21:02 -  Model step took 0.19989418983459473 seconds
2024_10_02_T21:21:10 -  Model step started
2024_10_02_T21:21:10 -  Model step took 0.19724297523498535 seconds
2024_10_02_T21:21:18 -  Model step started
2024_10_02_T21:21:18 -  Model step took 0.20114398002624512 seconds
2024_10_02_T21:21:26 -  Model step started
2024_10_02_T21:21:26 -  Model step took 0.20759296417236328 seconds
2024_10_02_T21:21:34 -  Model step started
2024_10_02_T21:21:34 -  Model step took 0.2291269302368164 seconds
2024_10_02_T21:21:42 -  Model step started
2024_10_02_T21:21:42 -  Model step took 0.2339339256286621 seconds
2024_10_02_T21:21:50 -  Model step started
2024_10_02_T21:21:50 -  Model step took 0.21178698539733887 seconds
2024_10_02_T21:21:58 -  Model step started
2024_10_02_T21:21:58 -  Model step took 0.22490406036376953 seconds
2024_10_02_T21:22:06 -  Model step started
2024_10_02_T21:22:06 -  Model step took 0.2473909854888916 seconds
2024_10_02_T21:22:14 -  Model step started
2024_10_02_T21:22:14 -  Model step took 0.24119997024536133 seconds
2024_10_02_T21:22:22 -  Model step started
2024_10_02_T21:22:22 -  Model step took 0.1949291229248047 seconds
2024_10_02_T21:22:31 -  Model step started
2024_10_02_T21:22:31 -  Model step took 0.23162221908569336 seconds
2024_10_02_T21:22:39 -  Model step started
2024_10_02_T21:22:39 -  Model step took 0.2507951259613037 seconds
2024_10_02_T21:22:48 -  Model step started
2024_10_02_T21:22:48 -  Model step took 0.23826098442077637 seconds
2024_10_02_T21:22:56 -  Model step started
2024_10_02_T21:22:56 -  Model step took 0.22917795181274414 seconds
2024_10_02_T21:23:04 -  Model step started
2024_10_02_T21:23:05 -  Model step took 0.24659085273742676 seconds
2024_10_02_T21:23:13 -  Model step started
2024_10_02_T21:23:13 -  Model step took 0.2518758773803711 seconds
2024_10_02_T21:23:21 -  Model step started
2024_10_02_T21:23:21 -  Model step took 0.23519682884216309 seconds
2024_10_02_T21:23:29 -  Model step started
2024_10_02_T21:23:30 -  Model step took 0.2584190368652344 seconds
2024_10_02_T21:23:38 -  Model step started
2024_10_02_T21:23:38 -  Model step took 0.2634119987487793 seconds
2024_10_02_T21:23:46 -  Model step started
2024_10_02_T21:23:47 -  Model step took 0.25700998306274414 seconds
2024_10_02_T21:23:55 -  Model step started
2024_10_02_T21:23:55 -  Model step took 0.2966039180755615 seconds
2024_10_02_T21:24:03 -  Model step started
2024_10_02_T21:24:04 -  Model step took 0.2842750549316406 seconds
2024_10_02_T21:24:12 -  Model step started
2024_10_02_T21:24:12 -  Model step took 0.2866249084472656 seconds
2024_10_02_T21:24:21 -  Model step started
2024_10_02_T21:24:21 -  Model step took 0.26769495010375977 seconds
2024_10_02_T21:24:29 -  Model step started
2024_10_02_T21:24:30 -  Model step took 0.317446231842041 seconds
2024_10_02_T21:24:38 -  Model step started
2024_10_02_T21:24:38 -  Model step took 0.2894620895385742 seconds
2024_10_02_T21:24:47 -  Model step started
2024_10_02_T21:24:47 -  Model step took 0.2789421081542969 seconds
2024_10_02_T21:24:56 -  Model step started
2024_10_02_T21:24:56 -  Model step took 0.31421899795532227 seconds
2024_10_02_T21:25:04 -  Model step started
2024_10_02_T21:25:05 -  Model step took 0.32782411575317383 seconds
2024_10_02_T21:25:13 -  Model step started
2024_10_02_T21:25:14 -  Model step took 0.2956399917602539 seconds
2024_10_02_T21:25:22 -  Model step started
2024_10_02_T21:25:22 -  Model step took 0.29288411140441895 seconds
2024_10_02_T21:25:31 -  Model step started
2024_10_02_T21:25:31 -  Model step took 0.3219940662384033 seconds
2024_10_02_T21:25:40 -  Model step started
2024_10_02_T21:25:40 -  Model step took 0.3448519706726074 seconds
2024_10_02_T21:25:49 -  Model step started
2024_10_02_T21:25:49 -  Model step took 0.33418989181518555 seconds
2024_10_02_T21:25:58 -  Model step started
2024_10_02_T21:25:58 -  Model step took 0.3532860279083252 seconds
2024_10_02_T21:26:07 -  Model step started
2024_10_02_T21:26:07 -  Model step took 0.3392510414123535 seconds
2024_10_02_T21:26:16 -  Model step started
2024_10_02_T21:26:16 -  Model step took 0.3838789463043213 seconds
2024_10_02_T21:26:25 -  Model step started
2024_10_02_T21:26:25 -  Model step took 0.39070796966552734 seconds
2024_10_02_T21:26:34 -  Model step started
2024_10_02_T21:26:34 -  Model step took 0.36388492584228516 seconds
2024_10_02_T21:26:43 -  Model step started
2024_10_02_T21:26:44 -  Model step took 0.3908240795135498 seconds
2024_10_02_T21:26:52 -  Model step started
2024_10_02_T21:26:53 -  Model step took 0.39665818214416504 seconds
2024_10_02_T21:27:02 -  Model step started
2024_10_02_T21:27:02 -  Model step took 0.3813169002532959 seconds
2024_10_02_T21:27:11 -  Model step started
2024_10_02_T21:27:11 -  Model step took 0.42433595657348633 seconds
2024_10_02_T21:27:20 -  Model step started
2024_10_02_T21:27:21 -  Model step took 0.400515079498291 seconds
2024_10_02_T21:27:29 -  Model step started
2024_10_02_T21:27:30 -  Model step took 0.33756494522094727 seconds
2024_10_02_T21:27:39 -  Model step started
2024_10_02_T21:27:39 -  Model step took 0.49413204193115234 seconds
2024_10_02_T21:27:48 -  Model step started
2024_10_02_T21:27:49 -  Model step took 0.43294787406921387 seconds
2024_10_02_T21:27:58 -  Model step started
2024_10_02_T21:27:58 -  Model step took 0.45992302894592285 seconds
2024_10_02_T21:28:07 -  Model step started
2024_10_02_T21:28:08 -  Model step took 0.46193504333496094 seconds
2024_10_02_T21:28:17 -  Model step started
2024_10_02_T21:28:18 -  Model step took 0.4825439453125 seconds
2024_10_02_T21:28:27 -  Model step started
2024_10_02_T21:28:27 -  Model step took 0.5252881050109863 seconds
2024_10_02_T21:28:36 -  Model step started
2024_10_02_T21:28:37 -  Model step took 0.5127930641174316 seconds
2024_10_02_T21:28:46 -  Model step started
2024_10_02_T21:28:47 -  Model step took 0.5018370151519775 seconds
2024_10_02_T21:28:56 -  Model step started
2024_10_02_T21:28:56 -  Model step took 0.5727291107177734 seconds
2024_10_02_T21:29:06 -  Model step started
2024_10_02_T21:29:06 -  Model step took 0.5523428916931152 seconds
2024_10_02_T21:29:15 -  Model step started
2024_10_02_T21:29:16 -  Model step took 0.6137781143188477 seconds
2024_10_02_T21:29:25 -  Model step started
2024_10_02_T21:29:26 -  Model step took 0.5845308303833008 seconds
2024_10_02_T21:29:35 -  Model step started
2024_10_02_T21:29:36 -  Model step took 0.5965640544891357 seconds
2024_10_02_T21:29:45 -  Model step started
2024_10_02_T21:29:46 -  Model step took 0.6178109645843506 seconds
2024_10_02_T21:29:55 -  Model step started
2024_10_02_T21:29:56 -  Model step took 0.644428014755249 seconds
2024_10_02_T21:30:05 -  Model step started
2024_10_02_T21:30:06 -  Model step took 0.6771440505981445 seconds
2024_10_02_T21:30:16 -  Model step started
2024_10_02_T21:30:16 -  Model step took 0.6690099239349365 seconds
2024_10_02_T21:30:26 -  Model step started
2024_10_02_T21:30:26 -  Model step took 0.7015471458435059 seconds
2024_10_02_T21:30:36 -  Model step started
2024_10_02_T21:30:37 -  Model step took 0.7829740047454834 seconds
2024_10_02_T21:30:46 -  Model step started
2024_10_02_T21:30:47 -  Model step took 0.8004040718078613 seconds
2024_10_02_T21:30:57 -  Model step started
2024_10_02_T21:30:57 -  Model step took 0.8111410140991211 seconds
2024_10_02_T21:31:07 -  Model step started
2024_10_02_T21:31:08 -  Model step took 0.7637429237365723 seconds
2024_10_02_T21:31:17 -  Model step started
2024_10_02_T21:31:18 -  Model step took 0.8563950061798096 seconds
2024_10_02_T21:31:28 -  Model step started
2024_10_02_T21:31:29 -  Model step took 0.7944478988647461 seconds
2024_10_02_T21:31:38 -  Model step started
2024_10_02_T21:31:39 -  Model step took 0.8574481010437012 seconds
2024_10_02_T21:31:49 -  Model step started
2024_10_02_T21:31:50 -  Model step took 0.8908159732818604 seconds
2024_10_02_T21:32:00 -  Model step started
2024_10_02_T21:32:01 -  Model step took 0.908336877822876 seconds
2024_10_02_T21:32:10 -  Model step started
2024_10_02_T21:32:11 -  Model step took 0.9914441108703613 seconds
2024_10_02_T21:32:21 -  Model step started
2024_10_02_T21:32:22 -  Model step took 0.9628350734710693 seconds
2024_10_02_T21:32:32 -  Model step started
2024_10_02_T21:32:33 -  Model step took 1.0069198608398438 seconds
2024_10_02_T21:32:43 -  Model step started
2024_10_02_T21:32:44 -  Model step took 0.9512269496917725 seconds
2024_10_02_T21:32:54 -  Model step started
2024_10_02_T21:32:55 -  Model step took 1.0239970684051514 seconds
2024_10_02_T21:33:05 -  Model step started
2024_10_02_T21:33:06 -  Model step took 1.0428638458251953 seconds
2024_10_02_T21:33:16 -  Model step started
2024_10_02_T21:33:18 -  Model step took 1.1615209579467773 seconds
2024_10_02_T21:33:28 -  Model step started
2024_10_02_T21:33:29 -  Model step took 1.3946001529693604 seconds
2024_10_02_T21:33:39 -  Model step started
2024_10_02_T21:33:40 -  Model step took 1.1551330089569092 seconds
2024_10_02_T21:33:50 -  Model step started
2024_10_02_T21:33:52 -  Model step took 1.2482900619506836 seconds
2024_10_02_T21:34:02 -  Model step started
2024_10_02_T21:34:03 -  Model step took 1.1619930267333984 seconds
2024_10_02_T21:34:13 -  Model step started
2024_10_02_T21:34:14 -  Model step took 1.153095006942749 seconds
2024_10_02_T21:34:25 -  Model step started
2024_10_02_T21:34:26 -  Model step took 1.2975201606750488 seconds
2024_10_02_T21:34:36 -  Model step started
2024_10_02_T21:34:38 -  Model step took 1.3043088912963867 seconds
2024_10_02_T21:34:48 -  Model step started
2024_10_02_T21:34:49 -  Model step took 1.3398158550262451 seconds
2024_10_02_T21:35:00 -  Model step started
2024_10_02_T21:35:01 -  Model step took 1.297835111618042 seconds
2024_10_02_T21:35:11 -  Model step started
2024_10_02_T21:35:13 -  Model step took 1.315999984741211 seconds
2024_10_02_T21:35:23 -  Model step started
2024_10_02_T21:35:24 -  Model step took 1.3975660800933838 seconds
2024_10_02_T21:35:35 -  Model step started
2024_10_02_T21:35:36 -  Model step took 1.4530189037322998 seconds
2024_10_02_T21:35:46 -  Model step started
2024_10_02_T21:35:48 -  Model step took 1.558305025100708 seconds
2024_10_02_T21:35:58 -  Model step started
2024_10_02_T21:36:00 -  Model step took 1.4888360500335693 seconds
2024_10_02_T21:36:10 -  Model step started
2024_10_02_T21:36:12 -  Model step took 1.4644410610198975 seconds
2024_10_02_T21:36:22 -  Model step started
2024_10_02_T21:36:23 -  Model step took 1.4884109497070312 seconds
2024_10_02_T21:36:34 -  Model step started
2024_10_02_T21:36:35 -  Model step took 1.4610669612884521 seconds
2024_10_02_T21:36:46 -  Model step started
2024_10_02_T21:36:47 -  Model step took 1.5463910102844238 seconds
2024_10_02_T21:36:58 -  Model step started
2024_10_02_T21:36:59 -  Model step took 1.589994192123413 seconds
2024_10_02_T21:37:10 -  Model step started
2024_10_02_T21:37:12 -  Model step took 1.6371121406555176 seconds
2024_10_02_T21:37:22 -  Model step started
2024_10_02_T21:37:24 -  Model step took 1.691681146621704 seconds
2024_10_02_T21:37:34 -  Model step started
2024_10_02_T21:37:36 -  Model step took 1.659553050994873 seconds
2024_10_02_T21:37:46 -  Model step started
2024_10_02_T21:37:48 -  Model step took 1.7404100894927979 seconds
2024_10_02_T21:37:59 -  Model step started
2024_10_02_T21:38:01 -  Model step took 1.8720312118530273 seconds
2024_10_02_T21:38:11 -  Model step started
2024_10_02_T21:38:13 -  Model step took 1.7677178382873535 seconds
2024_10_02_T21:38:24 -  Model step started
2024_10_02_T21:38:26 -  Model step took 1.7231380939483643 seconds
2024_10_02_T21:38:37 -  Model step started
2024_10_02_T21:38:39 -  Model step took 1.8004190921783447 seconds
2024_10_02_T21:38:49 -  Model step started
2024_10_02_T21:38:51 -  Model step took 1.8466441631317139 seconds
2024_10_02_T21:39:02 -  Model step started
2024_10_02_T21:39:04 -  Model step took 1.9707059860229492 seconds
2024_10_02_T21:39:15 -  Model step started
2024_10_02_T21:39:17 -  Model step took 1.942060947418213 seconds
2024_10_02_T21:39:28 -  Model step started
2024_10_02_T21:39:30 -  Model step took 1.9506909847259521 seconds
2024_10_02_T21:39:40 -  Model step started
2024_10_02_T21:39:42 -  Model step took 1.9029428958892822 seconds
2024_10_02_T21:39:53 -  Model step started
2024_10_02_T21:39:55 -  Model step took 2.0358569622039795 seconds
2024_10_02_T21:40:06 -  Model step started
2024_10_02_T21:40:09 -  Model step took 2.1626851558685303 seconds
2024_10_02_T21:40:19 -  Model step started
2024_10_02_T21:40:22 -  Model step took 2.1068320274353027 seconds
2024_10_02_T21:40:33 -  Model step started
2024_10_02_T21:40:35 -  Model step took 2.3078949451446533 seconds
2024_10_02_T21:40:46 -  Model step started
2024_10_02_T21:40:48 -  Model step took 2.1672091484069824 seconds
2024_10_02_T21:40:59 -  Model step started
2024_10_02_T21:41:02 -  Model step took 2.3423819541931152 seconds
2024_10_02_T21:41:13 -  Model step started
2024_10_02_T21:41:15 -  Model step took 2.3885691165924072 seconds
2024_10_02_T21:41:26 -  Model step started
2024_10_02_T21:41:28 -  Model step took 2.3826961517333984 seconds
2024_10_02_T21:41:40 -  Model step started
2024_10_02_T21:41:42 -  Model step took 2.3913941383361816 seconds
2024_10_02_T21:41:53 -  Model step started
2024_10_02_T21:41:56 -  Model step took 2.553135871887207 seconds
2024_10_02_T21:42:07 -  Model step started
2024_10_02_T21:42:10 -  Model step took 2.763425827026367 seconds
2024_10_02_T21:42:21 -  Model step started
2024_10_02_T21:42:24 -  Model step took 2.602476119995117 seconds
2024_10_02_T21:42:35 -  Model step started
2024_10_02_T21:42:38 -  Model step took 2.687690019607544 seconds
2024_10_02_T21:42:49 -  Model step started
2024_10_02_T21:42:52 -  Model step took 2.739487886428833 seconds
2024_10_02_T21:43:03 -  Model step started
2024_10_02_T21:43:06 -  Model step took 2.8955280780792236 seconds
2024_10_02_T21:43:18 -  Model step started
2024_10_02_T21:43:20 -  Model step took 2.7407639026641846 seconds
2024_10_02_T21:43:32 -  Model step started
2024_10_02_T21:43:34 -  Model step took 2.8772149085998535 seconds
2024_10_02_T21:43:46 -  Model step started
2024_10_02_T21:43:49 -  Model step took 2.7295711040496826 seconds
2024_10_02_T21:44:00 -  Model step started
2024_10_02_T21:44:03 -  Model step took 2.870713949203491 seconds
2024_10_02_T21:44:14 -  Model step started
2024_10_02_T21:44:17 -  Model step took 2.9685778617858887 seconds
2024_10_02_T21:44:28 -  Model step started
2024_10_02_T21:44:31 -  Model step took 3.0191361904144287 seconds
2024_10_02_T21:44:43 -  Model step started
2024_10_02_T21:44:46 -  Model step took 3.040699005126953 seconds
2024_10_02_T21:44:57 -  Model step started
2024_10_02_T21:45:00 -  Model step took 3.129789113998413 seconds
2024_10_02_T21:45:12 -  Model step started
2024_10_02_T21:45:15 -  Model step took 3.151707887649536 seconds
2024_10_02_T21:45:27 -  Model step started
2024_10_02_T21:45:30 -  Model step took 3.3290109634399414 seconds
2024_10_02_T21:45:42 -  Model step started
2024_10_02_T21:45:45 -  Model step took 3.1668128967285156 seconds
2024_10_02_T21:45:57 -  Model step started
2024_10_02_T21:46:00 -  Model step took 3.3286728858947754 seconds
2024_10_02_T21:46:12 -  Model step started
2024_10_02_T21:46:15 -  Model step took 3.362781047821045 seconds
2024_10_02_T21:46:27 -  Model step started
2024_10_02_T21:46:30 -  Model step took 3.5353260040283203 seconds
2024_10_02_T21:46:42 -  Model step started
2024_10_02_T21:46:46 -  Model step took 3.5462849140167236 seconds
2024_10_02_T21:46:57 -  Model step started
2024_10_02_T21:47:01 -  Model step took 3.7183218002319336 seconds
2024_10_02_T21:47:13 -  Model step started
2024_10_02_T21:47:17 -  Model step took 3.7207319736480713 seconds
2024_10_02_T21:47:29 -  Model step started
2024_10_02_T21:47:32 -  Model step took 3.794424057006836 seconds
2024_10_02_T21:47:44 -  Model step started
2024_10_02_T21:47:48 -  Model step took 3.8642799854278564 seconds
2024_10_02_T21:48:00 -  Model step started
2024_10_02_T21:48:05 -  Model step took 4.15105414390564 seconds
2024_10_02_T21:48:16 -  Model step started
2024_10_02_T21:48:20 -  Model step took 4.0538649559021 seconds
2024_10_02_T21:48:32 -  Model step started
2024_10_02_T21:48:36 -  Model step took 3.9966771602630615 seconds
2024_10_02_T21:48:48 -  Model step started
2024_10_02_T21:48:52 -  Model step took 3.9973089694976807 seconds
2024_10_02_T21:49:04 -  Model step started
2024_10_02_T21:49:08 -  Model step took 3.9683868885040283 seconds
2024_10_02_T21:49:20 -  Model step started
2024_10_02_T21:49:24 -  Model step took 4.0427141189575195 seconds
2024_10_02_T21:49:36 -  Model step started
2024_10_02_T21:49:41 -  Model step took 4.1667351722717285 seconds
2024_10_02_T21:49:53 -  Model step started
2024_10_02_T21:49:57 -  Model step took 4.1565330028533936 seconds
2024_10_02_T21:50:09 -  Model step started
2024_10_02_T21:50:13 -  Model step took 4.267292022705078 seconds
2024_10_02_T21:50:25 -  Model step started
2024_10_02_T21:50:30 -  Model step took 4.576648950576782 seconds
2024_10_02_T21:50:42 -  Model step started
2024_10_02_T21:50:47 -  Model step took 4.368579864501953 seconds
2024_10_02_T21:50:59 -  Model step started
2024_10_02_T21:51:03 -  Model step took 4.440907001495361 seconds
2024_10_02_T21:51:16 -  Model step started
2024_10_02_T21:51:20 -  Model step took 4.500630140304565 seconds
2024_10_02_T21:51:32 -  Model step started
2024_10_02_T21:51:37 -  Model step took 4.708816051483154 seconds
2024_10_02_T21:51:49 -  Model step started
2024_10_02_T21:51:54 -  Model step took 4.623403072357178 seconds
2024_10_02_T21:52:07 -  Model step started
2024_10_02_T21:52:11 -  Model step took 4.935696125030518 seconds
2024_10_02_T21:52:24 -  Model step started
2024_10_02_T21:52:29 -  Model step took 5.011262893676758 seconds
2024_10_02_T21:52:41 -  Model step started
2024_10_02_T21:52:46 -  Model step took 5.359636068344116 seconds
2024_10_02_T21:52:59 -  Model step started
2024_10_02_T21:53:04 -  Model step took 4.619626998901367 seconds
2024_10_02_T21:53:16 -  Model step started
2024_10_02_T21:53:21 -  Model step took 4.679996967315674 seconds
2024_10_02_T21:53:33 -  Model step started
2024_10_02_T21:53:38 -  Model step took 4.836977005004883 seconds
2024_10_02_T21:53:51 -  Model step started
2024_10_02_T21:53:56 -  Model step took 4.9633469581604 seconds
2024_10_02_T21:54:08 -  Model step started
2024_10_02_T21:54:14 -  Model step took 5.118118047714233 seconds
2024_10_02_T21:54:26 -  Model step started
2024_10_02_T21:54:31 -  Model step took 5.156232118606567 seconds
2024_10_02_T21:54:44 -  Model step started
2024_10_02_T21:54:49 -  Model step took 5.316051959991455 seconds
2024_10_02_T21:55:02 -  Model step started
2024_10_02_T21:55:07 -  Model step took 5.2925121784210205 seconds
2024_10_02_T21:55:20 -  Model step started
2024_10_02_T21:55:25 -  Model step took 5.324224948883057 seconds
2024_10_02_T21:55:38 -  Model step started
2024_10_02_T21:55:43 -  Model step took 5.551576852798462 seconds
2024_10_02_T21:55:56 -  Model step started
2024_10_02_T21:56:01 -  Model step took 5.543928861618042 seconds
2024_10_02_T21:56:14 -  Model step started
2024_10_02_T21:56:20 -  Model step took 5.586313009262085 seconds
2024_10_02_T21:56:33 -  Model step started
2024_10_02_T21:56:39 -  Model step took 5.925636053085327 seconds
2024_10_02_T21:56:51 -  Model step started
2024_10_02_T21:56:57 -  Model step took 5.959777116775513 seconds
2024_10_02_T21:57:10 -  Model step started
2024_10_02_T21:57:16 -  Model step took 5.9846031665802 seconds
2024_10_02_T21:57:29 -  Model step started
2024_10_02_T21:57:35 -  Model step took 6.345954895019531 seconds
2024_10_02_T21:57:48 -  Model step started
2024_10_02_T21:57:54 -  Model step took 6.034257888793945 seconds
2024_10_02_T21:58:08 -  Model step started
2024_10_02_T21:58:14 -  Model step took 5.989383935928345 seconds
2024_10_02_T21:58:27 -  Model step started
2024_10_02_T21:58:33 -  Model step took 6.144116163253784 seconds
2024_10_02_T21:58:46 -  Model step started
2024_10_02_T21:58:52 -  Model step took 6.286239147186279 seconds
2024_10_02_T21:59:06 -  Model step started
2024_10_02_T21:59:12 -  Model step took 6.550444841384888 seconds
2024_10_02_T21:59:26 -  Model step started
2024_10_02_T21:59:32 -  Model step took 6.634260177612305 seconds
2024_10_02_T21:59:45 -  Model step started
2024_10_02_T21:59:52 -  Model step took 6.540349006652832 seconds
2024_10_02_T22:00:05 -  Model step started
2024_10_02_T22:00:12 -  Model step took 6.8224101066589355 seconds
2024_10_02_T22:00:25 -  Model step started
2024_10_02_T22:00:32 -  Model step took 6.98422908782959 seconds
2024_10_02_T22:00:45 -  Model step started
2024_10_02_T22:00:52 -  Model step took 7.1158130168914795 seconds
2024_10_02_T22:01:05 -  Model step started
2024_10_02_T22:01:13 -  Model step took 7.097178936004639 seconds
2024_10_02_T22:01:26 -  Model step started
2024_10_02_T22:01:33 -  Model step took 7.034487962722778 seconds
2024_10_02_T22:01:46 -  Model step started
2024_10_02_T22:01:54 -  Model step took 7.381563901901245 seconds
2024_10_02_T22:02:07 -  Model step started
2024_10_02_T22:02:14 -  Model step took 7.316252946853638 seconds
2024_10_02_T22:02:28 -  Model step started
2024_10_02_T22:02:35 -  Model step took 7.9136011600494385 seconds
2024_10_02_T22:02:49 -  Model step started
2024_10_02_T22:02:56 -  Model step took 7.354290008544922 seconds
2024_10_02_T22:03:09 -  Model step started
2024_10_02_T22:03:17 -  Model step took 7.455532789230347 seconds
2024_10_02_T22:03:30 -  Model step started
2024_10_02_T22:03:37 -  Model step took 7.4038450717926025 seconds
2024_10_02_T22:03:51 -  Model step started
2024_10_02_T22:03:58 -  Model step took 7.894747018814087 seconds
2024_10_02_T22:04:12 -  Model step started
2024_10_02_T22:04:20 -  Model step took 7.745151996612549 seconds
2024_10_02_T22:04:33 -  Model step started
2024_10_02_T22:04:41 -  Model step took 8.08095908164978 seconds
2024_10_02_T22:04:54 -  Model step started
2024_10_02_T22:05:03 -  Model step took 8.205063819885254 seconds
2024_10_02_T22:05:16 -  Model step started
2024_10_02_T22:05:25 -  Model step took 8.450971126556396 seconds
2024_10_02_T22:05:38 -  Model step started
2024_10_02_T22:05:46 -  Model step took 8.519377946853638 seconds
2024_10_02_T22:06:00 -  Model step started
2024_10_02_T22:06:09 -  Model step took 8.510648012161255 seconds
2024_10_02_T22:06:22 -  Model step started
2024_10_02_T22:06:31 -  Model step took 8.692293167114258 seconds
2024_10_02_T22:06:44 -  Model step started
2024_10_02_T22:06:53 -  Model step took 8.871484994888306 seconds
2024_10_02_T22:07:07 -  Model step started
2024_10_02_T22:07:16 -  Model step took 8.851165056228638 seconds
2024_10_02_T22:07:30 -  Model step started
2024_10_02_T22:07:38 -  Model step took 8.82906699180603 seconds
2024_10_02_T22:07:52 -  Model step started
2024_10_02_T22:08:01 -  Model step took 8.776146173477173 seconds
2024_10_02_T22:08:14 -  Model step started
2024_10_02_T22:08:23 -  Model step took 9.116310119628906 seconds
2024_10_02_T22:08:37 -  Model step started
2024_10_02_T22:08:46 -  Model step took 9.132083177566528 seconds
2024_10_02_T22:09:00 -  Model step started
2024_10_02_T22:09:09 -  Model step took 9.383181810379028 seconds
2024_10_02_T22:09:23 -  Model step started
2024_10_02_T22:09:32 -  Model step took 9.40335202217102 seconds
2024_10_02_T22:09:46 -  Model step started
2024_10_02_T22:09:59 -  Model step took 13.194890975952148 seconds
2024_10_02_T22:10:13 -  Model step started
2024_10_02_T22:10:24 -  Model step took 10.42290711402893 seconds
2024_10_02_T22:10:38 -  Model step started
2024_10_02_T22:10:48 -  Model step took 10.395157814025879 seconds
2024_10_02_T22:11:02 -  Model step started
2024_10_02_T22:11:12 -  Model step took 10.280792951583862 seconds
2024_10_02_T22:11:26 -  Model step started
2024_10_02_T22:11:37 -  Model step took 10.194729089736938 seconds
2024_10_02_T22:11:51 -  Model step started
2024_10_02_T22:12:01 -  Model step took 10.465198040008545 seconds
2024_10_02_T22:12:15 -  Model step started
2024_10_02_T22:12:26 -  Model step took 10.603673934936523 seconds
2024_10_02_T22:12:40 -  Model step started
2024_10_02_T22:12:51 -  Model step took 10.903234004974365 seconds
2024_10_02_T22:13:05 -  Model step started
2024_10_02_T22:13:16 -  Model step took 10.915248155593872 seconds
2024_10_02_T22:13:30 -  Model step started
2024_10_02_T22:13:42 -  Model step took 11.353178024291992 seconds
2024_10_02_T22:13:56 -  Model step started
2024_10_02_T22:14:07 -  Model step took 11.309631109237671 seconds
2024_10_02_T22:14:22 -  Model step started
2024_10_02_T22:14:33 -  Model step took 11.741086959838867 seconds
2024_10_02_T22:14:47 -  Model step started
2024_10_02_T22:14:59 -  Model step took 11.823332071304321 seconds
2024_10_02_T22:15:13 -  Model step started
2024_10_02_T22:15:26 -  Model step took 12.31639313697815 seconds
2024_10_02_T22:15:40 -  Model step started
2024_10_02_T22:15:53 -  Model step took 12.782731056213379 seconds
2024_10_02_T22:16:07 -  Model step started
2024_10_02_T22:16:19 -  Model step took 11.860090017318726 seconds
2024_10_02_T22:16:33 -  Model step started
2024_10_02_T22:16:45 -  Model step took 12.213343858718872 seconds
2024_10_02_T22:17:00 -  Model step started
2024_10_02_T22:17:12 -  Model step took 12.219252824783325 seconds
2024_10_02_T22:17:26 -  Model step started
2024_10_02_T22:17:40 -  Model step took 13.343576908111572 seconds
2024_10_02_T22:17:54 -  Model step started
2024_10_02_T22:18:07 -  Model step took 13.481435060501099 seconds
2024_10_02_T22:18:24 -  Model step started
2024_10_02_T22:18:38 -  Model step took 13.973489046096802 seconds
2024_10_02_T22:18:52 -  Model step started
2024_10_02_T22:19:06 -  Model step took 13.47398591041565 seconds
2024_10_02_T22:19:21 -  Model step started
