2024_09_22_T15:02:00 -  finished initateHouses in 0.840095043182373 seconds
2024_09_22_T15:02:00 -  finished initiateHouseholds in 1.1153759956359863 seconds
2024_09_22_T15:02:00 -  finished assignHousesToHouseholds in 1.3663690090179443 seconds
2024_09_22_T15:02:17 -  Model step started
2024_09_22_T15:02:19 -  Model step took 2.343233823776245 seconds
2024_09_22_T15:02:28 -  Model step started
2024_09_22_T15:02:29 -  Model step took 1.045802116394043 seconds
2024_09_22_T15:02:37 -  Model step started
2024_09_22_T15:02:38 -  Model step took 0.8697171211242676 seconds
2024_09_22_T15:02:47 -  Model step started
2024_09_22_T15:02:48 -  Model step took 0.7196180820465088 seconds
2024_09_22_T15:02:58 -  Model step started
2024_09_22_T15:02:58 -  Model step took 0.5506820678710938 seconds
2024_09_22_T15:03:09 -  Model step started
2024_09_22_T15:03:10 -  Model step took 0.6867258548736572 seconds
2024_09_22_T15:03:21 -  Model step started
2024_09_22_T15:03:21 -  Model step took 0.6155910491943359 seconds
2024_09_22_T15:03:31 -  Model step started
2024_09_22_T15:03:31 -  Model step took 0.46277594566345215 seconds
2024_09_22_T15:03:43 -  Model step started
2024_09_22_T15:03:44 -  Model step took 0.4156920909881592 seconds
2024_09_22_T15:03:53 -  Model step started
2024_09_22_T15:03:54 -  Model step took 0.40186309814453125 seconds
2024_09_22_T15:04:03 -  Model step started
2024_09_22_T15:04:04 -  Model step took 0.3852729797363281 seconds
2024_09_22_T15:04:24 -  Model step started
2024_09_22_T15:04:25 -  Model step took 0.8392977714538574 seconds
2024_09_22_T15:04:57 -  Model step started
2024_09_22_T15:04:58 -  Model step took 0.5094139575958252 seconds
2024_09_22_T15:05:10 -  Model step started
2024_09_22_T15:05:10 -  Model step took 0.35527801513671875 seconds
2024_09_22_T15:05:23 -  Model step started
2024_09_22_T15:05:24 -  Model step took 0.3392829895019531 seconds
2024_09_22_T15:05:36 -  Model step started
2024_09_22_T15:05:36 -  Model step took 0.2874770164489746 seconds
2024_09_22_T15:05:48 -  Model step started
2024_09_22_T15:05:49 -  Model step took 0.3795621395111084 seconds
2024_09_22_T15:06:03 -  Model step started
2024_09_22_T15:06:03 -  Model step took 0.3589780330657959 seconds
2024_09_22_T15:06:34 -  Model step started
2024_09_22_T15:06:34 -  Model step took 0.7117969989776611 seconds
2024_09_22_T15:07:17 -  Model step started
2024_09_22_T15:07:17 -  Model step took 0.6451430320739746 seconds
2024_09_22_T15:08:02 -  Model step started
2024_09_22_T15:08:02 -  Model step took 0.5587589740753174 seconds
2024_09_22_T15:08:43 -  Model step started
2024_09_22_T15:08:44 -  Model step took 0.5843319892883301 seconds
2024_09_22_T15:09:31 -  Model step started
2024_09_22_T15:09:32 -  Model step took 0.872520923614502 seconds
2024_09_22_T15:10:25 -  Model step started
2024_09_22_T15:10:26 -  Model step took 0.8369369506835938 seconds
