2024_09_03_T22:27:27 -  finished initateHouses in 0.4940371513366699 seconds
2024_09_03_T22:27:27 -  finished initiateHouseholds in 0.74344801902771 seconds
2024_09_03_T22:27:27 -  finished assignHousesToHouseholds in 1.0066590309143066 seconds
2024_09_03_T22:27:38 -  Model step started
2024_09_03_T22:27:39 -  Model step took 0.8997929096221924 seconds
2024_09_03_T22:27:40 -  Model step started
2024_09_03_T22:27:40 -  Model step took 0.014440059661865234 seconds
2024_09_03_T22:27:42 -  Model step started
2024_09_03_T22:27:42 -  Model step took 0.021151065826416016 seconds
2024_09_03_T22:27:43 -  Model step started
2024_09_03_T22:27:43 -  Model step took 0.03193807601928711 seconds
2024_09_03_T22:27:44 -  Model step started
2024_09_03_T22:27:44 -  Model step took 0.019613027572631836 seconds
2024_09_03_T22:27:46 -  Model step started
2024_09_03_T22:27:46 -  Model step took 0.014779090881347656 seconds
2024_09_03_T22:27:47 -  Model step started
2024_09_03_T22:27:47 -  Model step took 0.01966094970703125 seconds
2024_09_03_T22:27:48 -  Model step started
2024_09_03_T22:27:48 -  Model step took 0.019016027450561523 seconds
2024_09_03_T22:27:49 -  Model step started
2024_09_03_T22:27:49 -  Model step took 0.01902008056640625 seconds
2024_09_03_T22:27:50 -  Model step started
2024_09_03_T22:27:50 -  Model step took 0.028647899627685547 seconds
2024_09_03_T22:27:51 -  Model step started
2024_09_03_T22:27:51 -  Model step took 0.019340038299560547 seconds
2024_09_03_T22:27:53 -  Model step started
2024_09_03_T22:27:53 -  Model step took 0.015355825424194336 seconds
2024_09_03_T22:27:54 -  Model step started
2024_09_03_T22:27:54 -  Model step took 0.015427112579345703 seconds
2024_09_03_T22:27:55 -  Model step started
2024_09_03_T22:27:55 -  Model step took 0.01573801040649414 seconds
2024_09_03_T22:27:56 -  Model step started
2024_09_03_T22:27:56 -  Model step took 0.015758037567138672 seconds
2024_09_03_T22:27:57 -  Model step started
2024_09_03_T22:27:57 -  Model step took 0.013911008834838867 seconds
