2024_08_31_T19:28:45 -  finished initateHouses in 0.26415014266967773 seconds
2024_08_31_T19:28:45 -  finished initiateHouseholds in 0.40178704261779785 seconds
2024_08_31_T19:28:45 -  finished assignHousesToHouseholds in 0.5600299835205078 seconds
2024_08_31_T19:29:04 -  Model step started
2024_08_31_T19:29:14 -  Model step took 9.67389702796936 seconds
2024_08_31_T19:29:29 -  Model step started
2024_08_31_T19:29:34 -  Model step took 5.428883790969849 seconds
2024_08_31_T19:29:49 -  Model step started
2024_08_31_T19:29:55 -  Model step took 5.698041915893555 seconds
2024_08_31_T19:30:10 -  Model step started
2024_08_31_T19:30:16 -  Model step took 5.9361960887908936 seconds
2024_08_31_T19:30:31 -  Model step started
2024_08_31_T19:30:37 -  Model step took 6.133898019790649 seconds
2024_08_31_T19:30:53 -  Model step started
2024_08_31_T19:30:59 -  Model step took 6.295795917510986 seconds
2024_08_31_T19:31:15 -  Model step started
2024_08_31_T19:31:21 -  Model step took 6.385902166366577 seconds
2024_08_31_T19:31:37 -  Model step started
2024_08_31_T19:31:43 -  Model step took 6.23310399055481 seconds
2024_08_31_T19:31:58 -  Model step started
2024_08_31_T19:32:05 -  Model step took 6.223494052886963 seconds
2024_08_31_T19:32:20 -  Model step started
2024_08_31_T19:32:26 -  Model step took 6.100879907608032 seconds
2024_08_31_T19:32:42 -  Model step started
2024_08_31_T19:32:48 -  Model step took 6.2410829067230225 seconds
2024_08_31_T19:33:04 -  Model step started
2024_08_31_T19:33:10 -  Model step took 6.349889039993286 seconds
2024_08_31_T19:33:26 -  Model step started
2024_08_31_T19:33:32 -  Model step took 6.423990964889526 seconds
2024_08_31_T19:33:48 -  Model step started
2024_08_31_T19:33:55 -  Model step took 6.62628698348999 seconds
2024_08_31_T19:34:11 -  Model step started
2024_08_31_T19:34:17 -  Model step took 6.495352029800415 seconds
2024_08_31_T19:34:34 -  Model step started
2024_08_31_T19:34:40 -  Model step took 6.542325019836426 seconds
2024_08_31_T19:34:56 -  Model step started
2024_08_31_T19:35:03 -  Model step took 6.687144994735718 seconds
2024_08_31_T19:35:19 -  Model step started
2024_08_31_T19:35:25 -  Model step took 6.691602945327759 seconds
2024_08_31_T19:35:41 -  Model step started
2024_08_31_T19:35:47 -  Model step took 6.60841703414917 seconds
2024_08_31_T19:36:03 -  Model step started
2024_08_31_T19:36:10 -  Model step took 6.808839797973633 seconds
2024_08_31_T19:36:25 -  Model step started
2024_08_31_T19:36:32 -  Model step took 6.39466404914856 seconds
2024_08_31_T19:36:47 -  Model step started
2024_08_31_T19:36:53 -  Model step took 6.150861024856567 seconds
2024_08_31_T19:37:09 -  Model step started
2024_08_31_T19:37:15 -  Model step took 6.024324893951416 seconds
2024_08_31_T19:37:31 -  Model step started
2024_08_31_T19:37:36 -  Model step took 5.929173946380615 seconds
