2024_09_26_T18:35:17 -  finished initateHouses in 1.5741899013519287 seconds
2024_09_26_T18:35:17 -  finished initiateHouseholds in 1.9512391090393066 seconds
2024_09_26_T18:35:18 -  finished assignHousesToHouseholds in 2.5519230365753174 seconds
2024_09_26_T18:35:35 -  Model step started
2024_09_26_T18:35:36 -  Model step took 1.0257759094238281 seconds
2024_09_26_T18:35:39 -  Model step started
2024_09_26_T18:35:39 -  Model step took 0.12354207038879395 seconds
2024_09_26_T18:35:41 -  Model step started
2024_09_26_T18:35:41 -  Model step took 0.12331795692443848 seconds
2024_09_26_T18:35:44 -  Model step started
2024_09_26_T18:35:44 -  Model step took 0.15131783485412598 seconds
2024_09_26_T18:35:46 -  Model step started
2024_09_26_T18:35:46 -  Model step took 0.10630607604980469 seconds
2024_09_26_T18:35:51 -  Model step started
2024_09_26_T18:35:51 -  Model step took 0.2548179626464844 seconds
2024_09_26_T18:35:55 -  Model step started
2024_09_26_T18:35:55 -  Model step took 0.09663009643554688 seconds
2024_09_26_T18:35:58 -  Model step started
2024_09_26_T18:35:58 -  Model step took 0.21517491340637207 seconds
2024_09_26_T18:36:07 -  Model step started
2024_09_26_T18:36:07 -  Model step took 0.22269177436828613 seconds
2024_09_26_T18:36:16 -  Model step started
2024_09_26_T18:36:16 -  Model step took 0.17451095581054688 seconds
2024_09_26_T18:36:22 -  Model step started
2024_09_26_T18:36:22 -  Model step took 0.05678701400756836 seconds
2024_09_26_T18:36:25 -  Model step started
2024_09_26_T18:36:25 -  Model step took 0.06726598739624023 seconds
2024_09_26_T18:36:28 -  Model step started
2024_09_26_T18:36:28 -  Model step took 0.07105207443237305 seconds
2024_09_26_T18:36:30 -  Model step started
2024_09_26_T18:36:30 -  Model step took 0.05606698989868164 seconds
2024_09_26_T18:36:33 -  Model step started
2024_09_26_T18:36:33 -  Model step took 0.07326483726501465 seconds
2024_09_26_T18:36:36 -  Model step started
2024_09_26_T18:36:36 -  Model step took 0.05574512481689453 seconds
2024_09_26_T18:36:39 -  Model step started
2024_09_26_T18:36:39 -  Model step took 0.07168102264404297 seconds
2024_09_26_T18:36:42 -  Model step started
2024_09_26_T18:36:42 -  Model step took 0.10186219215393066 seconds
2024_09_26_T18:36:45 -  Model step started
2024_09_26_T18:36:45 -  Model step took 0.0695650577545166 seconds
2024_09_26_T18:36:48 -  Model step started
2024_09_26_T18:36:48 -  Model step took 0.09102606773376465 seconds
2024_09_26_T18:36:52 -  Model step started
2024_09_26_T18:36:52 -  Model step took 0.17926812171936035 seconds
2024_09_26_T18:36:55 -  Model step started
2024_09_26_T18:36:55 -  Model step took 0.07285213470458984 seconds
2024_09_26_T18:36:58 -  Model step started
2024_09_26_T18:36:58 -  Model step took 0.06454896926879883 seconds
2024_09_26_T18:37:01 -  Model step started
2024_09_26_T18:37:01 -  Model step took 0.06926298141479492 seconds
2024_09_26_T18:37:06 -  Model step started
2024_09_26_T18:37:06 -  Model step took 0.14850592613220215 seconds
2024_09_26_T18:37:13 -  Model step started
2024_09_26_T18:37:13 -  Model step took 0.1989128589630127 seconds
2024_09_26_T18:37:30 -  Model step started
2024_09_26_T18:37:30 -  Model step took 0.20716500282287598 seconds
2024_09_26_T18:37:42 -  Model step started
2024_09_26_T18:37:42 -  Model step took 0.07016396522521973 seconds
2024_09_26_T18:37:45 -  Model step started
2024_09_26_T18:37:46 -  Model step took 0.05636191368103027 seconds
2024_09_26_T18:37:49 -  Model step started
2024_09_26_T18:37:49 -  Model step took 0.05307793617248535 seconds
2024_09_26_T18:37:52 -  Model step started
2024_09_26_T18:37:52 -  Model step took 0.04895901679992676 seconds
2024_09_26_T18:37:55 -  Model step started
2024_09_26_T18:37:55 -  Model step took 0.0563960075378418 seconds
2024_09_26_T18:37:59 -  Model step started
2024_09_26_T18:37:59 -  Model step took 0.05119800567626953 seconds
2024_09_26_T18:38:02 -  Model step started
2024_09_26_T18:38:02 -  Model step took 0.040862083435058594 seconds
2024_09_26_T18:38:06 -  Model step started
2024_09_26_T18:38:06 -  Model step took 0.045432090759277344 seconds
2024_09_26_T18:38:09 -  Model step started
2024_09_26_T18:38:09 -  Model step took 0.05137896537780762 seconds
2024_09_26_T18:38:13 -  Model step started
2024_09_26_T18:38:13 -  Model step took 0.0659630298614502 seconds
2024_09_26_T18:38:16 -  Model step started
2024_09_26_T18:38:16 -  Model step took 0.04278898239135742 seconds
2024_09_26_T18:38:20 -  Model step started
2024_09_26_T18:38:20 -  Model step took 0.04062700271606445 seconds
2024_09_26_T18:38:23 -  Model step started
2024_09_26_T18:38:23 -  Model step took 0.035668134689331055 seconds
2024_09_26_T18:38:27 -  Model step started
2024_09_26_T18:38:27 -  Model step took 0.03728985786437988 seconds
2024_09_26_T18:38:30 -  Model step started
2024_09_26_T18:38:30 -  Model step took 0.05151987075805664 seconds
2024_09_26_T18:38:34 -  Model step started
2024_09_26_T18:38:34 -  Model step took 0.04170989990234375 seconds
2024_09_26_T18:38:37 -  Model step started
2024_09_26_T18:38:37 -  Model step took 0.0392608642578125 seconds
2024_09_26_T18:38:41 -  Model step started
2024_09_26_T18:38:41 -  Model step took 0.07922697067260742 seconds
2024_09_26_T18:38:45 -  Model step started
2024_09_26_T18:38:45 -  Model step took 0.046057939529418945 seconds
2024_09_26_T18:38:48 -  Model step started
2024_09_26_T18:38:48 -  Model step took 0.05978107452392578 seconds
2024_09_26_T18:38:51 -  Model step started
2024_09_26_T18:38:51 -  Model step took 0.041600942611694336 seconds
2024_09_26_T18:38:55 -  Model step started
2024_09_26_T18:38:55 -  Model step took 0.11074495315551758 seconds
2024_09_26_T18:38:58 -  Model step started
2024_09_26_T18:38:58 -  Model step took 0.026983022689819336 seconds
