2024_09_19_T22:58:34 -  finished initateHouses in 0.8622629642486572 seconds
2024_09_19_T22:58:34 -  finished initiateHouseholds in 1.2964599132537842 seconds
2024_09_19_T22:58:35 -  finished assignHousesToHouseholds in 1.6218488216400146 seconds
2024_09_19_T22:59:07 -  Model step started
2024_09_19_T22:59:11 -  Model step took 3.7725329399108887 seconds
2024_09_19_T22:59:37 -  Model step started
2024_09_19_T22:59:38 -  Model step took 1.4999198913574219 seconds
2024_09_19_T22:59:55 -  Model step started
2024_09_19_T22:59:57 -  Model step took 1.2270681858062744 seconds
2024_09_19_T23:00:13 -  Model step started
2024_09_19_T23:00:14 -  Model step took 1.0220680236816406 seconds
2024_09_19_T23:00:32 -  Model step started
2024_09_19_T23:00:33 -  Model step took 1.0924978256225586 seconds
2024_09_19_T23:00:49 -  Model step started
2024_09_19_T23:00:50 -  Model step took 0.8062028884887695 seconds
2024_09_19_T23:01:06 -  Model step started
2024_09_19_T23:01:07 -  Model step took 0.6889610290527344 seconds
2024_09_19_T23:01:22 -  Model step started
2024_09_19_T23:01:23 -  Model step took 0.606529951095581 seconds
2024_09_19_T23:01:40 -  Model step started
2024_09_19_T23:01:40 -  Model step took 0.5893630981445312 seconds
2024_09_19_T23:01:56 -  Model step started
2024_09_19_T23:01:57 -  Model step took 0.5762009620666504 seconds
2024_09_19_T23:02:15 -  Model step started
2024_09_19_T23:02:15 -  Model step took 0.49442291259765625 seconds
2024_09_19_T23:02:31 -  Model step started
2024_09_19_T23:02:32 -  Model step took 0.5150959491729736 seconds
2024_09_19_T23:02:49 -  Model step started
2024_09_19_T23:02:49 -  Model step took 0.40319013595581055 seconds
2024_09_19_T23:03:06 -  Model step started
2024_09_19_T23:03:06 -  Model step took 0.43740200996398926 seconds
2024_09_19_T23:03:22 -  Model step started
2024_09_19_T23:03:22 -  Model step took 0.44049906730651855 seconds
2024_09_19_T23:03:39 -  Model step started
2024_09_19_T23:03:39 -  Model step took 0.36310410499572754 seconds
2024_09_19_T23:03:56 -  Model step started
2024_09_19_T23:03:57 -  Model step took 1.11210298538208 seconds
2024_09_19_T23:04:14 -  Model step started
2024_09_19_T23:04:15 -  Model step took 1.0079269409179688 seconds
2024_09_19_T23:04:32 -  Model step started
2024_09_19_T23:04:34 -  Model step took 1.0589690208435059 seconds
2024_09_19_T23:04:50 -  Model step started
2024_09_19_T23:04:51 -  Model step took 1.673421859741211 seconds
2024_09_19_T23:05:07 -  Model step started
2024_09_19_T23:05:09 -  Model step took 1.8608200550079346 seconds
2024_09_19_T23:05:26 -  Model step started
2024_09_19_T23:05:27 -  Model step took 1.427375078201294 seconds
2024_09_19_T23:05:44 -  Model step started
2024_09_19_T23:05:45 -  Model step took 1.4440639019012451 seconds
2024_09_19_T23:06:02 -  Model step started
2024_09_19_T23:06:03 -  Model step took 1.735503911972046 seconds
2024_09_19_T23:06:19 -  Model step started
2024_09_19_T23:06:20 -  Model step took 1.4535391330718994 seconds
2024_09_19_T23:06:37 -  Model step started
2024_09_19_T23:06:38 -  Model step took 1.5122270584106445 seconds
2024_09_19_T23:06:55 -  Model step started
2024_09_19_T23:06:56 -  Model step took 1.2220029830932617 seconds
2024_09_19_T23:07:13 -  Model step started
2024_09_19_T23:07:14 -  Model step took 1.500303030014038 seconds
2024_09_19_T23:07:30 -  Model step started
2024_09_19_T23:07:32 -  Model step took 1.304224967956543 seconds
2024_09_19_T23:07:49 -  Model step started
2024_09_19_T23:07:50 -  Model step took 1.5203988552093506 seconds
