2024_09_06_T00:26:50 -  finished initateHouses in 0.27936577796936035 seconds
2024_09_06_T00:26:50 -  finished initiateHouseholds in 0.49363088607788086 seconds
2024_09_06_T00:26:50 -  finished assignHousesToHouseholds in 0.7828447818756104 seconds
2024_09_06_T00:27:52 -  Model step started
2024_09_06_T00:32:18 -  Model step took 266.07203006744385 seconds
2024_09_06_T00:33:16 -  Model step started
2024_09_06_T00:34:08 -  Model step took 51.961647033691406 seconds
2024_09_06_T00:35:07 -  Model step started
2024_09_06_T00:35:59 -  Model step took 52.890536069869995 seconds
2024_09_06_T00:36:58 -  Model step started
2024_09_06_T00:37:51 -  Model step took 52.58755111694336 seconds
2024_09_06_T00:38:50 -  Model step started
2024_09_06_T00:39:43 -  Model step took 53.72561502456665 seconds
2024_09_06_T00:40:42 -  Model step started
2024_09_06_T00:41:37 -  Model step took 54.520806074142456 seconds
2024_09_06_T00:42:36 -  Model step started
2024_09_06_T00:43:32 -  Model step took 56.14811110496521 seconds
2024_09_06_T00:44:32 -  Model step started
2024_09_06_T00:45:29 -  Model step took 57.098971128463745 seconds
2024_09_06_T00:46:29 -  Model step started
2024_09_06_T00:47:28 -  Model step took 59.38569903373718 seconds
2024_09_06_T00:48:28 -  Model step started
2024_09_06_T00:49:28 -  Model step took 59.456034898757935 seconds
2024_09_06_T00:50:28 -  Model step started
2024_09_06_T00:51:28 -  Model step took 60.235787868499756 seconds
2024_09_06_T00:52:29 -  Model step started
2024_09_06_T00:53:31 -  Model step took 61.86296796798706 seconds
2024_09_06_T00:54:31 -  Model step started
2024_09_06_T00:55:34 -  Model step took 62.93630313873291 seconds
2024_09_06_T00:56:35 -  Model step started
2024_09_06_T00:57:39 -  Model step took 63.96727514266968 seconds
2024_09_06_T00:58:40 -  Model step started
2024_09_06_T00:59:45 -  Model step took 65.50617289543152 seconds
