2024_09_06_T08:57:31 -  finished initateHouses in 0.29572010040283203 seconds
2024_09_06_T08:57:31 -  finished initiateHouseholds in 0.5088250637054443 seconds
2024_09_06_T08:57:32 -  finished assignHousesToHouseholds in 0.8133351802825928 seconds
2024_09_06_T08:58:37 -  Model step started
2024_09_06_T09:03:01 -  Model step took 264.4525020122528 seconds
2024_09_06_T09:04:03 -  Model step started
2024_09_06_T09:04:45 -  Model step took 41.68377494812012 seconds
2024_09_06_T09:05:47 -  Model step started
2024_09_06_T09:06:30 -  Model step took 42.63085103034973 seconds
2024_09_06_T09:07:32 -  Model step started
2024_09_06_T09:08:16 -  Model step took 43.33927893638611 seconds
2024_09_06_T09:09:18 -  Model step started
2024_09_06_T09:10:04 -  Model step took 45.30091595649719 seconds
2024_09_06_T09:11:07 -  Model step started
2024_09_06_T09:11:53 -  Model step took 46.229543924331665 seconds
2024_09_06_T09:12:57 -  Model step started
2024_09_06_T09:13:46 -  Model step took 49.0039541721344 seconds
2024_09_06_T09:14:48 -  Model step started
2024_09_06_T09:15:38 -  Model step took 49.89067101478577 seconds
2024_09_06_T09:16:41 -  Model step started
2024_09_06_T09:17:33 -  Model step took 52.15764904022217 seconds
2024_09_06_T09:18:38 -  Model step started
2024_09_06_T09:19:33 -  Model step took 54.88319206237793 seconds
2024_09_06_T09:20:37 -  Model step started
2024_09_06_T09:21:33 -  Model step took 55.914069175720215 seconds
2024_09_06_T09:22:36 -  Model step started
2024_09_06_T09:23:32 -  Model step took 56.0619421005249 seconds
2024_09_06_T09:24:36 -  Model step started
2024_09_06_T09:25:33 -  Model step took 56.750524044036865 seconds
2024_09_06_T09:26:35 -  Model step started
2024_09_06_T09:27:25 -  Model step took 49.61877703666687 seconds
2024_09_06_T09:28:28 -  Model step started
2024_09_06_T09:29:19 -  Model step took 50.341634035110474 seconds
