2024_09_18_T22:52:27 -  finished initateHouses in 0.34173011779785156 seconds
2024_09_18_T22:52:28 -  finished initiateHouseholds in 0.5466301441192627 seconds
2024_09_18_T22:52:28 -  finished assignHousesToHouseholds in 0.7210161685943604 seconds
2024_09_18_T22:53:29 -  Model step started
2024_09_18_T22:54:17 -  Model step took 47.84494209289551 seconds
2024_09_18_T22:55:17 -  Model step started
2024_09_18_T22:55:32 -  Model step took 14.432214975357056 seconds
2024_09_18_T22:56:31 -  Model step started
2024_09_18_T22:56:43 -  Model step took 12.755931854248047 seconds
2024_09_18_T22:57:42 -  Model step started
2024_09_18_T22:57:54 -  Model step took 11.529554843902588 seconds
2024_09_18_T22:58:53 -  Model step started
2024_09_18_T22:59:02 -  Model step took 9.780375003814697 seconds
2024_09_18_T23:00:01 -  Model step started
2024_09_18_T23:00:10 -  Model step took 9.047086000442505 seconds
2024_09_18_T23:01:10 -  Model step started
2024_09_18_T23:01:18 -  Model step took 8.16483187675476 seconds
2024_09_18_T23:02:17 -  Model step started
2024_09_18_T23:02:24 -  Model step took 7.546746015548706 seconds
2024_09_18_T23:03:23 -  Model step started
2024_09_18_T23:03:29 -  Model step took 6.725874900817871 seconds
2024_09_18_T23:04:28 -  Model step started
2024_09_18_T23:04:34 -  Model step took 6.196510076522827 seconds
2024_09_18_T23:05:32 -  Model step started
2024_09_18_T23:05:38 -  Model step took 5.664499998092651 seconds
2024_09_18_T23:06:37 -  Model step started
2024_09_18_T23:06:42 -  Model step took 4.615260124206543 seconds
