2024_09_08_T15:58:27 -  finished initateHouses in 1.1850988864898682 seconds
2024_09_08_T15:58:27 -  finished initiateHouseholds in 1.77335786819458 seconds
2024_09_08_T15:58:28 -  finished assignHousesToHouseholds in 2.259039878845215 seconds
2024_09_08_T15:59:24 -  Model step started
2024_09_08_T15:59:39 -  Model step took 15.47479796409607 seconds
2024_09_08_T16:00:16 -  Model step started
2024_09_08_T16:00:19 -  Model step took 3.73317289352417 seconds
2024_09_08_T16:00:52 -  Model step started
2024_09_08_T16:00:55 -  Model step took 3.212183952331543 seconds
2024_09_08_T16:01:25 -  Model step started
2024_09_08_T16:01:28 -  Model step took 2.8539981842041016 seconds
2024_09_08_T16:02:00 -  Model step started
2024_09_08_T16:02:04 -  Model step took 3.5624449253082275 seconds
2024_09_08_T16:02:41 -  Model step started
2024_09_08_T16:02:45 -  Model step took 4.142060041427612 seconds
2024_09_08_T16:03:19 -  Model step started
2024_09_08_T16:03:23 -  Model step took 3.9851930141448975 seconds
2024_09_08_T16:03:56 -  Model step started
2024_09_08_T16:03:59 -  Model step took 2.9099690914154053 seconds
2024_09_08_T16:04:31 -  Model step started
2024_09_08_T16:04:36 -  Model step took 4.092895030975342 seconds
2024_09_08_T16:05:12 -  Model step started
2024_09_08_T16:05:16 -  Model step took 3.6884801387786865 seconds
2024_09_08_T16:06:00 -  Model step started
2024_09_08_T16:06:03 -  Model step took 3.8315389156341553 seconds
2024_09_08_T16:06:26 -  Model step started
2024_09_08_T16:06:29 -  Model step took 2.3180880546569824 seconds
2024_09_08_T16:06:52 -  Model step started
2024_09_08_T16:06:54 -  Model step took 2.5853049755096436 seconds
2024_09_08_T16:07:13 -  Model step started
2024_09_08_T16:07:15 -  Model step took 2.421013832092285 seconds
2024_09_08_T16:07:36 -  Model step started
2024_09_08_T16:07:38 -  Model step took 1.9670779705047607 seconds
