2024_09_04_T21:11:01 -  finished initateHouses in 0.24811506271362305 seconds
2024_09_04_T21:11:02 -  finished initiateHouseholds in 0.41227221488952637 seconds
2024_09_04_T21:11:02 -  finished assignHousesToHouseholds in 0.6415941715240479 seconds
2024_09_04_T21:11:45 -  Model step started
2024_09_04_T21:12:50 -  Model step took 64.94452905654907 seconds
2024_09_04_T21:13:28 -  Model step started
2024_09_04_T21:14:10 -  Model step took 41.215461015701294 seconds
2024_09_04_T21:14:48 -  Model step started
2024_09_04_T21:15:31 -  Model step took 42.62883400917053 seconds
2024_09_04_T21:16:10 -  Model step started
2024_09_04_T21:16:54 -  Model step took 43.439905881881714 seconds
2024_09_04_T21:17:33 -  Model step started
2024_09_04_T21:18:18 -  Model step took 44.74652290344238 seconds
2024_09_04_T21:18:58 -  Model step started
2024_09_04_T21:19:43 -  Model step took 45.393856048583984 seconds
2024_09_04_T21:20:22 -  Model step started
2024_09_04_T21:21:09 -  Model step took 46.949252128601074 seconds
2024_09_04_T21:21:48 -  Model step started
2024_09_04_T21:22:33 -  Model step took 44.452285051345825 seconds
2024_09_04_T21:23:12 -  Model step started
2024_09_04_T21:23:58 -  Model step took 45.952744007110596 seconds
2024_09_04_T21:24:37 -  Model step started
2024_09_04_T21:25:24 -  Model step took 46.89326214790344 seconds
2024_09_04_T21:26:03 -  Model step started
2024_09_04_T21:26:51 -  Model step took 47.754595041275024 seconds
2024_09_04_T21:27:30 -  Model step started
2024_09_04_T21:28:19 -  Model step took 48.85478711128235 seconds
2024_09_04_T21:28:57 -  Model step started
2024_09_04_T21:29:48 -  Model step took 50.936249017715454 seconds
2024_09_04_T21:30:28 -  Model step started
2024_09_04_T21:31:20 -  Model step took 52.244385957717896 seconds
2024_09_04_T21:31:59 -  Model step started
2024_09_04_T21:32:53 -  Model step took 53.514642000198364 seconds
2024_09_04_T21:33:32 -  Model step started
2024_09_04_T21:34:24 -  Model step took 51.90045404434204 seconds
2024_09_04_T21:35:03 -  Model step started
2024_09_04_T21:35:56 -  Model step took 52.774173974990845 seconds
2024_09_04_T21:36:35 -  Model step started
2024_09_04_T21:37:28 -  Model step took 53.143280029296875 seconds
2024_09_04_T21:38:08 -  Model step started
2024_09_04_T21:39:03 -  Model step took 55.397587060928345 seconds
2024_09_04_T21:39:43 -  Model step started
2024_09_04_T21:40:37 -  Model step took 54.144888162612915 seconds
2024_09_04_T21:41:16 -  Model step started
2024_09_04_T21:42:10 -  Model step took 54.06498908996582 seconds
2024_09_04_T21:42:49 -  Model step started
2024_09_04_T21:43:44 -  Model step took 54.429682970047 seconds
2024_09_04_T21:44:24 -  Model step started
2024_09_04_T21:45:19 -  Model step took 55.01005721092224 seconds
2024_09_04_T21:45:58 -  Model step started
2024_09_04_T21:46:49 -  Model step took 50.74674701690674 seconds
