2024_09_19_T21:44:25 -  finished initateHouses in 0.6438980102539062 seconds
2024_09_19_T21:44:26 -  finished initiateHouseholds in 0.9037549495697021 seconds
2024_09_19_T21:44:26 -  finished assignHousesToHouseholds in 1.1088390350341797 seconds
2024_09_19_T21:44:41 -  Model step started
2024_09_19_T21:44:43 -  Model step took 2.070678949356079 seconds
2024_09_19_T21:44:51 -  Model step started
2024_09_19_T21:44:52 -  Model step took 0.10100293159484863 seconds
2024_09_19_T21:44:59 -  Model step started
2024_09_19_T21:44:59 -  Model step took 0.01124119758605957 seconds
2024_09_19_T21:45:07 -  Model step started
2024_09_19_T21:45:07 -  Model step took 0.012487173080444336 seconds
2024_09_19_T21:45:15 -  Model step started
2024_09_19_T21:45:15 -  Model step took 0.01530003547668457 seconds
2024_09_19_T21:45:23 -  Model step started
2024_09_19_T21:45:23 -  Model step took 0.007498025894165039 seconds
2024_09_19_T21:45:30 -  Model step started
2024_09_19_T21:45:30 -  Model step took 0.01583409309387207 seconds
2024_09_19_T21:45:38 -  Model step started
2024_09_19_T21:45:38 -  Model step took 0.008975028991699219 seconds
2024_09_19_T21:45:46 -  Model step started
2024_09_19_T21:45:46 -  Model step took 0.013204097747802734 seconds
2024_09_19_T21:45:54 -  Model step started
2024_09_19_T21:45:54 -  Model step took 0.009256124496459961 seconds
2024_09_19_T21:46:02 -  Model step started
2024_09_19_T21:46:02 -  Model step took 0.009271860122680664 seconds
2024_09_19_T21:46:09 -  Model step started
2024_09_19_T21:46:09 -  Model step took 0.027792930603027344 seconds
2024_09_19_T21:46:17 -  Model step started
2024_09_19_T21:46:17 -  Model step took 0.014078140258789062 seconds
2024_09_19_T21:46:25 -  Model step started
2024_09_19_T21:46:25 -  Model step took 0.008314132690429688 seconds
2024_09_19_T21:46:32 -  Model step started
2024_09_19_T21:46:32 -  Model step took 0.0117950439453125 seconds
2024_09_19_T21:46:40 -  Model step started
2024_09_19_T21:46:40 -  Model step took 0.013248920440673828 seconds
2024_09_19_T21:46:48 -  Model step started
2024_09_19_T21:46:49 -  Model step took 0.7882280349731445 seconds
2024_09_19_T21:46:57 -  Model step started
2024_09_19_T21:46:58 -  Model step took 0.8809099197387695 seconds
2024_09_19_T21:47:06 -  Model step started
2024_09_19_T21:47:06 -  Model step took 0.7778570652008057 seconds
2024_09_19_T21:47:14 -  Model step started
2024_09_19_T21:47:15 -  Model step took 0.7284350395202637 seconds
2024_09_19_T21:47:23 -  Model step started
2024_09_19_T21:47:23 -  Model step took 0.8859021663665771 seconds
2024_09_19_T21:47:31 -  Model step started
2024_09_19_T21:47:32 -  Model step took 1.220134973526001 seconds
2024_09_19_T21:47:41 -  Model step started
2024_09_19_T21:47:45 -  Model step took 3.9470558166503906 seconds
2024_09_19_T21:47:53 -  Model step started
2024_09_19_T21:47:55 -  Model step took 2.5984458923339844 seconds
2024_09_19_T21:48:04 -  Model step started
2024_09_19_T21:48:06 -  Model step took 2.4398419857025146 seconds
2024_09_19_T21:48:15 -  Model step started
2024_09_19_T21:48:18 -  Model step took 2.276979923248291 seconds
2024_09_19_T21:48:26 -  Model step started
2024_09_19_T21:48:27 -  Model step took 1.8376379013061523 seconds
2024_09_19_T21:48:35 -  Model step started
2024_09_19_T21:48:37 -  Model step took 1.5283129215240479 seconds
2024_09_19_T21:48:46 -  Model step started
2024_09_19_T21:48:47 -  Model step took 0.7013769149780273 seconds
2024_09_19_T21:48:55 -  Model step started
2024_09_19_T21:48:55 -  Model step took 0.1846458911895752 seconds
