2024_08_31_T18:28:19 -  finished initateHouses in 0.47277307510375977 seconds
2024_08_31_T18:28:19 -  finished initiateHouseholds in 0.700253963470459 seconds
2024_08_31_T18:28:20 -  finished assignHousesToHouseholds in 1.028630018234253 seconds
2024_08_31_T18:29:05 -  Model step started
2024_08_31_T18:29:32 -  Model step took 26.517627954483032 seconds
2024_08_31_T18:30:21 -  Model step started
2024_08_31_T18:30:53 -  Model step took 32.22195506095886 seconds
2024_08_31_T18:31:58 -  Model step started
2024_08_31_T18:32:21 -  Model step took 22.144280910491943 seconds
2024_08_31_T18:33:17 -  Model step started
2024_08_31_T18:33:57 -  Model step took 39.67571806907654 seconds
2024_08_31_T18:35:02 -  Model step started
2024_08_31_T18:35:25 -  Model step took 22.952236890792847 seconds
2024_08_31_T18:36:14 -  Model step started
2024_08_31_T18:36:43 -  Model step took 28.446983098983765 seconds
2024_08_31_T18:37:22 -  Model step started
2024_08_31_T18:37:42 -  Model step took 20.03313708305359 seconds
2024_08_31_T18:38:25 -  Model step started
2024_08_31_T18:38:53 -  Model step took 28.22149395942688 seconds
2024_08_31_T18:39:40 -  Model step started
2024_08_31_T18:40:04 -  Model step took 23.44199800491333 seconds
2024_08_31_T18:40:39 -  Model step started
2024_08_31_T18:40:57 -  Model step took 18.47122883796692 seconds
2024_08_31_T18:41:34 -  Model step started
2024_08_31_T18:41:54 -  Model step took 20.324936866760254 seconds
2024_08_31_T18:42:34 -  Model step started
2024_08_31_T18:42:57 -  Model step took 23.458585023880005 seconds
2024_08_31_T18:43:35 -  Model step started
2024_08_31_T18:43:55 -  Model step took 20.102065086364746 seconds
2024_08_31_T18:44:30 -  Model step started
2024_08_31_T18:44:50 -  Model step took 20.545832872390747 seconds
2024_08_31_T18:45:39 -  Model step started
2024_08_31_T18:46:24 -  Model step took 44.917726039886475 seconds
2024_08_31_T18:47:44 -  Model step started
2024_08_31_T18:48:39 -  Model step took 55.42216396331787 seconds
2024_08_31_T18:50:30 -  Model step started
2024_08_31_T18:51:14 -  Model step took 43.53992199897766 seconds
2024_08_31_T18:52:37 -  Model step started
2024_08_31_T18:53:17 -  Model step took 40.3590087890625 seconds
2024_08_31_T18:55:19 -  Model step started
2024_08_31_T18:56:33 -  Model step took 73.61718392372131 seconds
2024_08_31_T18:57:32 -  Model step started
2024_08_31_T18:58:04 -  Model step took 32.28039789199829 seconds
2024_08_31_T18:59:38 -  Model step started
2024_08_31_T19:00:18 -  Model step took 39.886662006378174 seconds
2024_08_31_T19:02:00 -  Model step started
2024_08_31_T19:02:30 -  Model step took 29.508174180984497 seconds
2024_08_31_T19:03:41 -  Model step started
2024_08_31_T19:04:16 -  Model step took 35.10117697715759 seconds
2024_08_31_T19:05:33 -  Model step started
2024_08_31_T19:06:01 -  Model step took 27.932987928390503 seconds
