2024_10_05_T12:08:39 -  finished initateHouses in 0.6344850063323975 seconds
2024_10_05_T12:08:39 -  finished initiateHouseholds in 0.837792158126831 seconds
2024_10_05_T12:08:40 -  finished assignHousesToHouseholds in 1.0172650814056396 seconds
2024_10_05_T12:08:51 -  Model step started
2024_10_05_T12:08:51 -  clearHangingSupplies started
2024_10_05_T12:08:51 -  clearHangingSupplies took 0.0046138763427734375
2024_10_05_T12:08:51 -  clearHangingRentalSupplies started
2024_10_05_T12:08:51 -  clearHangingRentalSupplies took 0.011270999908447266
2024_10_05_T12:08:51 -  clearHouseMarket started
2024_10_05_T12:08:52 -  clearHouseMarket - first block took 0.806420087814331
2024_10_05_T12:08:53 -  clearHouseMarket - second block took 0.26554393768310547
2024_10_05_T12:08:53 -  clearHouseMarket - third block took 0.012192010879516602
2024_10_05_T12:08:53 -  clearRentalMarket started
2024_10_05_T12:08:53 -  clearRentalMarket - first block took 0.311892032623291
2024_10_05_T12:08:53 -  clearRentalMarket - second block took 0.033364057540893555
2024_10_05_T12:08:53 -  Model step took 1.8243861198425293 seconds
2024_10_05_T12:08:58 -  Model step started
2024_10_05_T12:08:58 -  clearHangingSupplies started
2024_10_05_T12:08:58 -  clearHangingSupplies took 0.010704994201660156
2024_10_05_T12:08:58 -  clearHangingRentalSupplies started
2024_10_05_T12:08:58 -  clearHangingRentalSupplies took 5.1975250244140625e-5
2024_10_05_T12:08:58 -  clearHouseMarket started
2024_10_05_T12:08:59 -  clearHouseMarket - first block took 0.8566679954528809
2024_10_05_T12:08:59 -  clearHouseMarket - second block took 0.007711887359619141
2024_10_05_T12:08:59 -  clearHouseMarket - third block took 0.0005040168762207031
2024_10_05_T12:08:59 -  clearRentalMarket started
2024_10_05_T12:08:59 -  clearRentalMarket - first block took 0.03956890106201172
2024_10_05_T12:08:59 -  clearRentalMarket - second block took 0.00046706199645996094
2024_10_05_T12:08:59 -  Model step took 1.0781540870666504 seconds
2024_10_05_T12:09:05 -  Model step started
2024_10_05_T12:09:05 -  clearHangingSupplies started
2024_10_05_T12:09:05 -  clearHangingSupplies took 0.0005290508270263672
2024_10_05_T12:09:05 -  clearHangingRentalSupplies started
2024_10_05_T12:09:05 -  clearHangingRentalSupplies took 5.0067901611328125e-5
2024_10_05_T12:09:05 -  clearHouseMarket started
2024_10_05_T12:09:05 -  clearHouseMarket - first block took 0.9049079418182373
2024_10_05_T12:09:05 -  clearHouseMarket - second block took 0.007742881774902344
2024_10_05_T12:09:05 -  clearHouseMarket - third block took 0.0005559921264648438
2024_10_05_T12:09:05 -  clearRentalMarket started
2024_10_05_T12:09:06 -  clearRentalMarket - first block took 0.06254887580871582
2024_10_05_T12:09:06 -  clearRentalMarket - second block took 0.0007889270782470703
2024_10_05_T12:09:06 -  Model step took 1.099656105041504 seconds
2024_10_05_T12:09:11 -  Model step started
2024_10_05_T12:09:11 -  clearHangingSupplies started
2024_10_05_T12:09:11 -  clearHangingSupplies took 0.00047206878662109375
2024_10_05_T12:09:11 -  clearHangingRentalSupplies started
2024_10_05_T12:09:11 -  clearHangingRentalSupplies took 2.3126602172851562e-5
2024_10_05_T12:09:11 -  clearHouseMarket started
2024_10_05_T12:09:12 -  clearHouseMarket - first block took 0.8401658535003662
2024_10_05_T12:09:12 -  clearHouseMarket - second block took 0.006369829177856445
2024_10_05_T12:09:12 -  clearHouseMarket - third block took 0.0004680156707763672
2024_10_05_T12:09:12 -  clearRentalMarket started
2024_10_05_T12:09:12 -  clearRentalMarket - first block took 0.018180131912231445
2024_10_05_T12:09:12 -  clearRentalMarket - second block took 0.0002899169921875
2024_10_05_T12:09:12 -  Model step took 1.031947135925293 seconds
2024_10_05_T12:09:17 -  Model step started
2024_10_05_T12:09:17 -  clearHangingSupplies started
2024_10_05_T12:09:17 -  clearHangingSupplies took 0.0002739429473876953
2024_10_05_T12:09:17 -  clearHangingRentalSupplies started
2024_10_05_T12:09:17 -  clearHangingRentalSupplies took 1.1920928955078125e-5
2024_10_05_T12:09:17 -  clearHouseMarket started
2024_10_05_T12:09:18 -  clearHouseMarket - first block took 0.8205459117889404
2024_10_05_T12:09:18 -  clearHouseMarket - second block took 0.006976127624511719
2024_10_05_T12:09:18 -  clearHouseMarket - third block took 0.0005280971527099609
2024_10_05_T12:09:18 -  clearRentalMarket started
2024_10_05_T12:09:18 -  clearRentalMarket - first block took 0.01595902442932129
2024_10_05_T12:09:18 -  clearRentalMarket - second block took 0.000392913818359375
2024_10_05_T12:09:18 -  Model step took 1.0489459037780762 seconds
2024_10_05_T12:09:24 -  Model step started
2024_10_05_T12:09:24 -  clearHangingSupplies started
2024_10_05_T12:09:24 -  clearHangingSupplies took 0.0002589225769042969
2024_10_05_T12:09:24 -  clearHangingRentalSupplies started
2024_10_05_T12:09:24 -  clearHangingRentalSupplies took 1.1920928955078125e-5
2024_10_05_T12:09:24 -  clearHouseMarket started
2024_10_05_T12:09:25 -  clearHouseMarket - first block took 0.797166109085083
2024_10_05_T12:09:25 -  clearHouseMarket - second block took 0.007472991943359375
2024_10_05_T12:09:25 -  clearHouseMarket - third block took 0.0006070137023925781
2024_10_05_T12:09:25 -  clearRentalMarket started
2024_10_05_T12:09:25 -  clearRentalMarket - first block took 0.006403923034667969
2024_10_05_T12:09:25 -  clearRentalMarket - second block took 0.0002200603485107422
2024_10_05_T12:09:25 -  Model step took 1.022529125213623 seconds
2024_10_05_T12:09:31 -  Model step started
2024_10_05_T12:09:31 -  clearHangingSupplies started
2024_10_05_T12:09:31 -  clearHangingSupplies took 0.00037789344787597656
2024_10_05_T12:09:31 -  clearHangingRentalSupplies started
2024_10_05_T12:09:31 -  clearHangingRentalSupplies took 9.059906005859375e-6
2024_10_05_T12:09:31 -  clearHouseMarket started
2024_10_05_T12:09:32 -  clearHouseMarket - first block took 0.6615719795227051
2024_10_05_T12:09:32 -  clearHouseMarket - second block took 0.004921913146972656
2024_10_05_T12:09:32 -  clearHouseMarket - third block took 0.0006830692291259766
2024_10_05_T12:09:32 -  clearRentalMarket started
2024_10_05_T12:09:32 -  clearRentalMarket - first block took 0.01725292205810547
2024_10_05_T12:09:32 -  clearRentalMarket - second block took 0.0002808570861816406
2024_10_05_T12:09:32 -  Model step took 0.8725230693817139 seconds
2024_10_05_T12:09:38 -  Model step started
2024_10_05_T12:09:38 -  clearHangingSupplies started
2024_10_05_T12:09:38 -  clearHangingSupplies took 0.0002548694610595703
2024_10_05_T12:09:38 -  clearHangingRentalSupplies started
2024_10_05_T12:09:38 -  clearHangingRentalSupplies took 6.890296936035156e-5
2024_10_05_T12:09:38 -  clearHouseMarket started
2024_10_05_T12:09:39 -  clearHouseMarket - first block took 0.6405642032623291
2024_10_05_T12:09:39 -  clearHouseMarket - second block took 0.0045588016510009766
2024_10_05_T12:09:39 -  clearHouseMarket - third block took 0.0005769729614257812
2024_10_05_T12:09:39 -  clearRentalMarket started
2024_10_05_T12:09:39 -  clearRentalMarket - first block took 0.0023338794708251953
2024_10_05_T12:09:39 -  clearRentalMarket - second block took 0.00015783309936523438
2024_10_05_T12:09:39 -  Model step took 0.8107709884643555 seconds
2024_10_05_T12:09:45 -  Model step started
2024_10_05_T12:09:45 -  clearHangingSupplies started
2024_10_05_T12:09:45 -  clearHangingSupplies took 0.0001990795135498047
2024_10_05_T12:09:45 -  clearHangingRentalSupplies started
2024_10_05_T12:09:45 -  clearHangingRentalSupplies took 7.867813110351562e-6
2024_10_05_T12:09:45 -  clearHouseMarket started
2024_10_05_T12:09:45 -  clearHouseMarket - first block took 0.6015048027038574
2024_10_05_T12:09:45 -  clearHouseMarket - second block took 0.004943132400512695
2024_10_05_T12:09:45 -  clearHouseMarket - third block took 0.0007040500640869141
2024_10_05_T12:09:45 -  clearRentalMarket started
2024_10_05_T12:09:46 -  clearRentalMarket - first block took 0.007739067077636719
2024_10_05_T12:09:46 -  clearRentalMarket - second block took 0.00023412704467773438
2024_10_05_T12:09:46 -  Model step took 0.8432538509368896 seconds
2024_10_05_T12:09:52 -  Model step started
2024_10_05_T12:09:52 -  clearHangingSupplies started
2024_10_05_T12:09:52 -  clearHangingSupplies took 0.00017786026000976562
2024_10_05_T12:09:52 -  clearHangingRentalSupplies started
2024_10_05_T12:09:52 -  clearHangingRentalSupplies took 5.9604644775390625e-6
2024_10_05_T12:09:52 -  clearHouseMarket started
2024_10_05_T12:09:53 -  clearHouseMarket - first block took 0.5933911800384521
2024_10_05_T12:09:53 -  clearHouseMarket - second block took 0.004420042037963867
2024_10_05_T12:09:53 -  clearHouseMarket - third block took 0.0007240772247314453
2024_10_05_T12:09:53 -  clearRentalMarket started
2024_10_05_T12:09:53 -  clearRentalMarket - first block took 0.005074977874755859
2024_10_05_T12:09:53 -  clearRentalMarket - second block took 0.00011777877807617188
2024_10_05_T12:09:53 -  Model step took 0.8216569423675537 seconds
2024_10_05_T12:10:00 -  Model step started
2024_10_05_T12:10:00 -  clearHangingSupplies started
2024_10_05_T12:10:00 -  clearHangingSupplies took 0.00013709068298339844
2024_10_05_T12:10:00 -  clearHangingRentalSupplies started
2024_10_05_T12:10:00 -  clearHangingRentalSupplies took 3.0994415283203125e-6
2024_10_05_T12:10:00 -  clearHouseMarket started
2024_10_05_T12:10:00 -  clearHouseMarket - first block took 0.6016719341278076
2024_10_05_T12:10:00 -  clearHouseMarket - second block took 0.0025250911712646484
2024_10_05_T12:10:00 -  clearHouseMarket - third block took 0.0006308555603027344
2024_10_05_T12:10:00 -  clearRentalMarket started
2024_10_05_T12:10:00 -  clearRentalMarket - first block took 1.5974044799804688e-5
2024_10_05_T12:10:00 -  clearRentalMarket - second block took 9.5367431640625e-7
2024_10_05_T12:10:01 -  Model step took 0.7792618274688721 seconds
2024_10_05_T12:10:07 -  Model step started
2024_10_05_T12:10:07 -  clearHangingSupplies started
2024_10_05_T12:10:07 -  clearHangingSupplies took 0.00019502639770507812
2024_10_05_T12:10:07 -  clearHangingRentalSupplies started
2024_10_05_T12:10:07 -  clearHangingRentalSupplies took 1.3828277587890625e-5
2024_10_05_T12:10:07 -  clearHouseMarket started
2024_10_05_T12:10:08 -  clearHouseMarket - first block took 0.4918210506439209
2024_10_05_T12:10:08 -  clearHouseMarket - second block took 0.003331899642944336
2024_10_05_T12:10:08 -  clearHouseMarket - third block took 0.0006940364837646484
2024_10_05_T12:10:08 -  clearRentalMarket started
2024_10_05_T12:10:08 -  clearRentalMarket - first block took 0.015895843505859375
2024_10_05_T12:10:08 -  clearRentalMarket - second block took 0.0003361701965332031
2024_10_05_T12:10:08 -  Model step took 0.7542099952697754 seconds
2024_10_05_T12:10:15 -  Model step started
2024_10_05_T12:10:15 -  clearHangingSupplies started
2024_10_05_T12:10:15 -  clearHangingSupplies took 0.00019097328186035156
2024_10_05_T12:10:15 -  clearHangingRentalSupplies started
2024_10_05_T12:10:15 -  clearHangingRentalSupplies took 1.0967254638671875e-5
2024_10_05_T12:10:15 -  clearHouseMarket started
2024_10_05_T12:10:16 -  clearHouseMarket - first block took 0.4439709186553955
2024_10_05_T12:10:16 -  clearHouseMarket - second block took 0.0032651424407958984
2024_10_05_T12:10:16 -  clearHouseMarket - third block took 0.0006577968597412109
2024_10_05_T12:10:16 -  clearRentalMarket started
2024_10_05_T12:10:16 -  clearRentalMarket - first block took 0.0022029876708984375
2024_10_05_T12:10:16 -  clearRentalMarket - second block took 5.316734313964844e-5
2024_10_05_T12:10:16 -  Model step took 0.6552700996398926 seconds
2024_10_05_T12:10:23 -  Model step started
2024_10_05_T12:10:23 -  clearHangingSupplies started
2024_10_05_T12:10:23 -  clearHangingSupplies took 0.00011301040649414062
2024_10_05_T12:10:23 -  clearHangingRentalSupplies started
2024_10_05_T12:10:23 -  clearHangingRentalSupplies took 5.9604644775390625e-6
2024_10_05_T12:10:23 -  clearHouseMarket started
2024_10_05_T12:10:23 -  clearHouseMarket - first block took 0.41275906562805176
2024_10_05_T12:10:23 -  clearHouseMarket - second block took 0.002686023712158203
2024_10_05_T12:10:23 -  clearHouseMarket - third block took 0.0008881092071533203
2024_10_05_T12:10:23 -  clearRentalMarket started
2024_10_05_T12:10:23 -  clearRentalMarket - first block took 0.0012269020080566406
2024_10_05_T12:10:23 -  clearRentalMarket - second block took 4.076957702636719e-5
2024_10_05_T12:10:24 -  Model step took 0.6673810482025146 seconds
2024_10_05_T12:10:31 -  Model step started
2024_10_05_T12:10:31 -  clearHangingSupplies started
2024_10_05_T12:10:31 -  clearHangingSupplies took 7.700920104980469e-5
2024_10_05_T12:10:31 -  clearHangingRentalSupplies started
2024_10_05_T12:10:31 -  clearHangingRentalSupplies took 3.0994415283203125e-6
2024_10_05_T12:10:31 -  clearHouseMarket started
2024_10_05_T12:10:32 -  clearHouseMarket - first block took 0.3954911231994629
2024_10_05_T12:10:32 -  clearHouseMarket - second block took 0.0024671554565429688
2024_10_05_T12:10:32 -  clearHouseMarket - third block took 0.000743865966796875
2024_10_05_T12:10:32 -  clearRentalMarket started
2024_10_05_T12:10:32 -  clearRentalMarket - first block took 1.621246337890625e-5
2024_10_05_T12:10:32 -  clearRentalMarket - second block took 2.1457672119140625e-6
2024_10_05_T12:10:32 -  Model step took 0.6230409145355225 seconds
2024_10_05_T12:10:39 -  Model step started
2024_10_05_T12:10:39 -  clearHangingSupplies started
2024_10_05_T12:10:39 -  clearHangingSupplies took 9.799003601074219e-5
2024_10_05_T12:10:39 -  clearHangingRentalSupplies started
2024_10_05_T12:10:39 -  clearHangingRentalSupplies took 2.86102294921875e-6
2024_10_05_T12:10:39 -  clearHouseMarket started
2024_10_05_T12:10:40 -  clearHouseMarket - first block took 0.35980892181396484
2024_10_05_T12:10:40 -  clearHouseMarket - second block took 0.002844095230102539
2024_10_05_T12:10:40 -  clearHouseMarket - third block took 0.0008230209350585938
2024_10_05_T12:10:40 -  clearRentalMarket started
2024_10_05_T12:10:40 -  clearRentalMarket - first block took 1.6927719116210938e-5
2024_10_05_T12:10:40 -  clearRentalMarket - second block took 9.5367431640625e-7
2024_10_05_T12:10:40 -  Model step took 0.6243438720703125 seconds
2024_10_05_T12:10:48 -  Model step started
2024_10_05_T12:10:48 -  clearHangingSupplies started
2024_10_05_T12:10:48 -  clearHangingSupplies took 8.487701416015625e-5
2024_10_05_T12:10:48 -  clearHangingRentalSupplies started
2024_10_05_T12:10:48 -  clearHangingRentalSupplies took 3.0994415283203125e-6
2024_10_05_T12:10:48 -  clearHouseMarket started
2024_10_05_T12:10:48 -  clearHouseMarket - first block took 0.3561089038848877
2024_10_05_T12:10:48 -  clearHouseMarket - second block took 0.0031189918518066406
2024_10_05_T12:10:48 -  clearHouseMarket - third block took 0.000926971435546875
2024_10_05_T12:10:48 -  clearRentalMarket started
2024_10_05_T12:10:48 -  clearRentalMarket - first block took 1.811981201171875e-5
2024_10_05_T12:10:48 -  clearRentalMarket - second block took 9.5367431640625e-7
2024_10_05_T12:10:48 -  Model step took 0.6612091064453125 seconds
2024_10_05_T12:10:56 -  Model step started
2024_10_05_T12:10:56 -  clearHangingSupplies started
2024_10_05_T12:10:56 -  clearHangingSupplies took 6.4849853515625e-5
2024_10_05_T12:10:56 -  clearHangingRentalSupplies started
2024_10_05_T12:10:56 -  clearHangingRentalSupplies took 7.152557373046875e-6
2024_10_05_T12:10:56 -  clearHouseMarket started
2024_10_05_T12:10:56 -  clearHouseMarket - first block took 0.2593100070953369
2024_10_05_T12:10:56 -  clearHouseMarket - second block took 0.0019381046295166016
2024_10_05_T12:10:56 -  clearHouseMarket - third block took 0.0007991790771484375
2024_10_05_T12:10:56 -  clearRentalMarket started
2024_10_05_T12:10:56 -  clearRentalMarket - first block took 0.005309104919433594
2024_10_05_T12:10:56 -  clearRentalMarket - second block took 0.00011181831359863281
2024_10_05_T12:10:57 -  Model step took 0.5199170112609863 seconds
2024_10_05_T12:11:05 -  Model step started
2024_10_05_T12:11:05 -  clearHangingSupplies started
2024_10_05_T12:11:05 -  clearHangingSupplies took 5.602836608886719e-5
2024_10_05_T12:11:05 -  clearHangingRentalSupplies started
2024_10_05_T12:11:05 -  clearHangingRentalSupplies took 3.0994415283203125e-6
2024_10_05_T12:11:05 -  clearHouseMarket started
2024_10_05_T12:11:05 -  clearHouseMarket - first block took 0.22920799255371094
2024_10_05_T12:11:05 -  clearHouseMarket - second block took 0.001986980438232422
2024_10_05_T12:11:05 -  clearHouseMarket - third block took 0.0009200572967529297
2024_10_05_T12:11:05 -  clearRentalMarket started
2024_10_05_T12:11:05 -  clearRentalMarket - first block took 1.5974044799804688e-5
2024_10_05_T12:11:05 -  clearRentalMarket - second block took 1.9073486328125e-6
2024_10_05_T12:11:05 -  Model step took 0.6205360889434814 seconds
2024_10_05_T12:11:14 -  Model step started
2024_10_05_T12:11:14 -  clearHangingSupplies started
2024_10_05_T12:11:14 -  clearHangingSupplies took 3.409385681152344e-5
2024_10_05_T12:11:14 -  clearHangingRentalSupplies started
2024_10_05_T12:11:14 -  clearHangingRentalSupplies took 9.059906005859375e-6
2024_10_05_T12:11:14 -  clearHouseMarket started
2024_10_05_T12:11:14 -  clearHouseMarket - first block took 0.17312097549438477
2024_10_05_T12:11:14 -  clearHouseMarket - second block took 0.0014760494232177734
2024_10_05_T12:11:14 -  clearHouseMarket - third block took 0.0009090900421142578
2024_10_05_T12:11:14 -  clearRentalMarket started
2024_10_05_T12:11:14 -  clearRentalMarket - first block took 0.005321025848388672
2024_10_05_T12:11:14 -  clearRentalMarket - second block took 7.605552673339844e-5
2024_10_05_T12:11:14 -  Model step took 0.524446964263916 seconds
2024_10_05_T12:11:23 -  Model step started
2024_10_05_T12:11:23 -  clearHangingSupplies started
2024_10_05_T12:11:23 -  clearHangingSupplies took 3.0040740966796875e-5
2024_10_05_T12:11:23 -  clearHangingRentalSupplies started
2024_10_05_T12:11:23 -  clearHangingRentalSupplies took 8.106231689453125e-6
2024_10_05_T12:11:23 -  clearHouseMarket started
2024_10_05_T12:11:23 -  clearHouseMarket - first block took 0.15705585479736328
2024_10_05_T12:11:23 -  clearHouseMarket - second block took 0.0007598400115966797
2024_10_05_T12:11:23 -  clearHouseMarket - third block took 0.0008978843688964844
2024_10_05_T12:11:23 -  clearRentalMarket started
2024_10_05_T12:11:23 -  clearRentalMarket - first block took 0.0031249523162841797
2024_10_05_T12:11:23 -  clearRentalMarket - second block took 7.009506225585938e-5
2024_10_05_T12:11:24 -  Model step took 0.4822530746459961 seconds
2024_10_05_T12:11:32 -  Model step started
2024_10_05_T12:11:32 -  clearHangingSupplies started
2024_10_05_T12:11:32 -  clearHangingSupplies took 5.4836273193359375e-5
2024_10_05_T12:11:32 -  clearHangingRentalSupplies started
2024_10_05_T12:11:32 -  clearHangingRentalSupplies took 3.0994415283203125e-6
2024_10_05_T12:11:32 -  clearHouseMarket started
2024_10_05_T12:11:33 -  clearHouseMarket - first block took 0.1251220703125
2024_10_05_T12:11:33 -  clearHouseMarket - second block took 0.001986980438232422
2024_10_05_T12:11:33 -  clearHouseMarket - third block took 0.0009551048278808594
2024_10_05_T12:11:33 -  clearRentalMarket started
2024_10_05_T12:11:33 -  clearRentalMarket - first block took 3.886222839355469e-5
2024_10_05_T12:11:33 -  clearRentalMarket - second block took 4.0531158447265625e-6
2024_10_05_T12:11:33 -  Model step took 0.4400641918182373 seconds
2024_10_05_T12:11:42 -  Model step started
2024_10_05_T12:11:42 -  clearHangingSupplies started
2024_10_05_T12:11:42 -  clearHangingSupplies took 2.5033950805664062e-5
2024_10_05_T12:11:42 -  clearHangingRentalSupplies started
2024_10_05_T12:11:42 -  clearHangingRentalSupplies took 3.0994415283203125e-6
2024_10_05_T12:11:42 -  clearHouseMarket started
2024_10_05_T12:11:42 -  clearHouseMarket - first block took 0.09104204177856445
2024_10_05_T12:11:42 -  clearHouseMarket - second block took 0.0007081031799316406
2024_10_05_T12:11:42 -  clearHouseMarket - third block took 0.0009918212890625
2024_10_05_T12:11:42 -  clearRentalMarket started
2024_10_05_T12:11:42 -  clearRentalMarket - first block took 1.9073486328125e-5
2024_10_05_T12:11:42 -  clearRentalMarket - second block took 1.9073486328125e-6
2024_10_05_T12:11:42 -  Model step took 0.45937585830688477 seconds
2024_10_05_T12:11:51 -  Model step started
2024_10_05_T12:11:51 -  clearHangingSupplies started
2024_10_05_T12:11:51 -  clearHangingSupplies took 1.811981201171875e-5
2024_10_05_T12:11:51 -  clearHangingRentalSupplies started
2024_10_05_T12:11:51 -  clearHangingRentalSupplies took 2.1457672119140625e-6
2024_10_05_T12:11:51 -  clearHouseMarket started
2024_10_05_T12:11:51 -  clearHouseMarket - first block took 0.06586790084838867
2024_10_05_T12:11:51 -  clearHouseMarket - second block took 0.0019881725311279297
2024_10_05_T12:11:51 -  clearHouseMarket - third block took 0.0009300708770751953
2024_10_05_T12:11:51 -  clearRentalMarket started
2024_10_05_T12:11:51 -  clearRentalMarket - first block took 1.6927719116210938e-5
2024_10_05_T12:11:51 -  clearRentalMarket - second block took 1.9073486328125e-6
2024_10_05_T12:11:52 -  Model step took 0.3498871326446533 seconds
2024_10_05_T12:12:01 -  Model step started
2024_10_05_T12:12:01 -  clearHangingSupplies started
2024_10_05_T12:12:01 -  clearHangingSupplies took 1.1920928955078125e-5
2024_10_05_T12:12:01 -  clearHangingRentalSupplies started
2024_10_05_T12:12:01 -  clearHangingRentalSupplies took 4.0531158447265625e-6
2024_10_05_T12:12:01 -  clearHouseMarket started
2024_10_05_T12:12:01 -  clearHouseMarket - first block took 0.029328107833862305
2024_10_05_T12:12:01 -  clearHouseMarket - second block took 0.0004990100860595703
2024_10_05_T12:12:01 -  clearHouseMarket - third block took 0.0010840892791748047
2024_10_05_T12:12:01 -  clearRentalMarket started
2024_10_05_T12:12:01 -  clearRentalMarket - first block took 2.002716064453125e-5
2024_10_05_T12:12:01 -  clearRentalMarket - second block took 9.5367431640625e-7
2024_10_05_T12:12:01 -  Model step took 0.42162108421325684 seconds
2024_10_05_T12:12:11 -  Model step started
2024_10_05_T12:12:11 -  clearHangingSupplies started
2024_10_05_T12:12:11 -  clearHangingSupplies took 2.3126602172851562e-5
2024_10_05_T12:12:11 -  clearHangingRentalSupplies started
2024_10_05_T12:12:11 -  clearHangingRentalSupplies took 2.1457672119140625e-6
2024_10_05_T12:12:11 -  clearHouseMarket started
2024_10_05_T12:12:11 -  clearHouseMarket - first block took 0.02950906753540039
2024_10_05_T12:12:11 -  clearHouseMarket - second block took 0.0015439987182617188
2024_10_05_T12:12:11 -  clearHouseMarket - third block took 0.000985860824584961
2024_10_05_T12:12:11 -  clearRentalMarket started
2024_10_05_T12:12:11 -  clearRentalMarket - first block took 1.6927719116210938e-5
2024_10_05_T12:12:11 -  clearRentalMarket - second block took 9.5367431640625e-7
2024_10_05_T12:12:11 -  Model step took 0.4257690906524658 seconds
2024_10_05_T12:12:21 -  Model step started
2024_10_05_T12:12:21 -  clearHangingSupplies started
2024_10_05_T12:12:21 -  clearHangingSupplies took 8.821487426757812e-6
2024_10_05_T12:12:21 -  clearHangingRentalSupplies started
2024_10_05_T12:12:21 -  clearHangingRentalSupplies took 7.152557373046875e-6
2024_10_05_T12:12:21 -  clearHouseMarket started
2024_10_05_T12:12:21 -  clearHouseMarket - first block took 0.0039980411529541016
2024_10_05_T12:12:21 -  clearHouseMarket - second block took 0.00028514862060546875
2024_10_05_T12:12:21 -  clearHouseMarket - third block took 0.0011439323425292969
2024_10_05_T12:12:21 -  clearRentalMarket started
2024_10_05_T12:12:21 -  clearRentalMarket - first block took 0.004148006439208984
2024_10_05_T12:12:21 -  clearRentalMarket - second block took 8.893013000488281e-5
2024_10_05_T12:12:21 -  Model step took 0.4269099235534668 seconds
2024_10_05_T12:12:35 -  Model step started
2024_10_05_T12:12:35 -  clearHangingSupplies started
2024_10_05_T12:12:35 -  clearHangingSupplies took 2.86102294921875e-6
2024_10_05_T12:12:35 -  clearHangingRentalSupplies started
2024_10_05_T12:12:35 -  clearHangingRentalSupplies took 3.0994415283203125e-6
2024_10_05_T12:12:35 -  clearHouseMarket started
2024_10_05_T12:12:35 -  clearHouseMarket - first block took 2.4080276489257812e-5
2024_10_05_T12:12:35 -  clearHouseMarket - second block took 1.9073486328125e-6
2024_10_05_T12:12:35 -  clearHouseMarket - third block took 0.0013110637664794922
2024_10_05_T12:12:35 -  clearRentalMarket started
2024_10_05_T12:12:35 -  clearRentalMarket - first block took 3.0040740966796875e-5
2024_10_05_T12:12:35 -  clearRentalMarket - second block took 2.86102294921875e-6
2024_10_05_T12:12:35 -  Model step took 0.40067100524902344 seconds
2024_10_05_T12:12:48 -  Model step started
2024_10_05_T12:12:48 -  clearHangingSupplies started
2024_10_05_T12:12:48 -  clearHangingSupplies took 1.9073486328125e-6
2024_10_05_T12:12:48 -  clearHangingRentalSupplies started
2024_10_05_T12:12:48 -  clearHangingRentalSupplies took 1.9073486328125e-6
2024_10_05_T12:12:48 -  clearHouseMarket started
2024_10_05_T12:12:48 -  clearHouseMarket - first block took 2.002716064453125e-5
2024_10_05_T12:12:48 -  clearHouseMarket - second block took 2.1457672119140625e-6
2024_10_05_T12:12:48 -  clearHouseMarket - third block took 0.0009338855743408203
2024_10_05_T12:12:48 -  clearRentalMarket started
2024_10_05_T12:12:48 -  clearRentalMarket - first block took 1.2159347534179688e-5
2024_10_05_T12:12:48 -  clearRentalMarket - second block took 9.5367431640625e-7
2024_10_05_T12:12:49 -  Model step took 0.4300229549407959 seconds
2024_10_05_T12:12:59 -  Model step started
2024_10_05_T12:12:59 -  clearHangingSupplies started
2024_10_05_T12:12:59 -  clearHangingSupplies took 2.288818359375e-5
2024_10_05_T12:12:59 -  clearHangingRentalSupplies started
2024_10_05_T12:12:59 -  clearHangingRentalSupplies took 2.86102294921875e-6
2024_10_05_T12:12:59 -  clearHouseMarket started
2024_10_05_T12:12:59 -  clearHouseMarket - first block took 0.0047609806060791016
2024_10_05_T12:12:59 -  clearHouseMarket - second block took 0.00027108192443847656
2024_10_05_T12:12:59 -  clearHouseMarket - third block took 0.0011970996856689453
2024_10_05_T12:12:59 -  clearRentalMarket started
2024_10_05_T12:12:59 -  clearRentalMarket - first block took 2.002716064453125e-5
2024_10_05_T12:12:59 -  clearRentalMarket - second block took 2.1457672119140625e-6
2024_10_05_T12:12:59 -  Model step took 0.42136502265930176 seconds
2024_10_05_T12:13:10 -  Model step started
2024_10_05_T12:13:10 -  clearHangingSupplies started
2024_10_05_T12:13:10 -  clearHangingSupplies took 9.059906005859375e-6
2024_10_05_T12:13:10 -  clearHangingRentalSupplies started
2024_10_05_T12:13:10 -  clearHangingRentalSupplies took 1.71661376953125e-5
2024_10_05_T12:13:10 -  clearHouseMarket started
2024_10_05_T12:13:10 -  clearHouseMarket - first block took 0.005279064178466797
2024_10_05_T12:13:10 -  clearHouseMarket - second block took 0.00023889541625976562
2024_10_05_T12:13:10 -  clearHouseMarket - third block took 0.001093149185180664
2024_10_05_T12:13:10 -  clearRentalMarket started
2024_10_05_T12:13:10 -  clearRentalMarket - first block took 1.6927719116210938e-5
2024_10_05_T12:13:10 -  clearRentalMarket - second block took 1.9073486328125e-6
2024_10_05_T12:13:10 -  Model step took 0.3862419128417969 seconds
2024_10_05_T12:13:21 -  Model step started
2024_10_05_T12:13:21 -  clearHangingSupplies started
2024_10_05_T12:13:21 -  clearHangingSupplies took 2.86102294921875e-6
2024_10_05_T12:13:21 -  clearHangingRentalSupplies started
2024_10_05_T12:13:21 -  clearHangingRentalSupplies took 2.86102294921875e-6
2024_10_05_T12:13:21 -  clearHouseMarket started
2024_10_05_T12:13:21 -  clearHouseMarket - first block took 2.288818359375e-5
2024_10_05_T12:13:21 -  clearHouseMarket - second block took 1.9073486328125e-6
2024_10_05_T12:13:21 -  clearHouseMarket - third block took 0.001155853271484375
2024_10_05_T12:13:21 -  clearRentalMarket started
2024_10_05_T12:13:21 -  clearRentalMarket - first block took 1.3113021850585938e-5
2024_10_05_T12:13:21 -  clearRentalMarket - second block took 2.1457672119140625e-6
2024_10_05_T12:13:21 -  Model step took 0.4147939682006836 seconds
2024_10_05_T12:13:33 -  Model step started
2024_10_05_T12:13:33 -  clearHangingSupplies started
2024_10_05_T12:13:33 -  clearHangingSupplies took 4.0531158447265625e-6
2024_10_05_T12:13:33 -  clearHangingRentalSupplies started
2024_10_05_T12:13:33 -  clearHangingRentalSupplies took 2.1457672119140625e-6
2024_10_05_T12:13:33 -  clearHouseMarket started
2024_10_05_T12:13:33 -  clearHouseMarket - first block took 2.002716064453125e-5
2024_10_05_T12:13:33 -  clearHouseMarket - second block took 1.9073486328125e-6
2024_10_05_T12:13:33 -  clearHouseMarket - third block took 0.0012841224670410156
2024_10_05_T12:13:33 -  clearRentalMarket started
2024_10_05_T12:13:33 -  clearRentalMarket - first block took 2.1219253540039062e-5
2024_10_05_T12:13:33 -  clearRentalMarket - second block took 1.9073486328125e-6
2024_10_05_T12:13:34 -  Model step took 0.3985860347747803 seconds
2024_10_05_T12:13:49 -  Model step started
2024_10_05_T12:13:49 -  clearHangingSupplies started
2024_10_05_T12:13:49 -  clearHangingSupplies took 2.09808349609375e-5
2024_10_05_T12:13:49 -  clearHangingRentalSupplies started
2024_10_05_T12:13:49 -  clearHangingRentalSupplies took 1.9073486328125e-6
2024_10_05_T12:13:49 -  clearHouseMarket started
2024_10_05_T12:13:49 -  clearHouseMarket - first block took 0.008852958679199219
2024_10_05_T12:13:49 -  clearHouseMarket - second block took 0.0004019737243652344
2024_10_05_T12:13:49 -  clearHouseMarket - third block took 0.0011699199676513672
2024_10_05_T12:13:49 -  clearRentalMarket started
2024_10_05_T12:13:49 -  clearRentalMarket - first block took 2.288818359375e-5
2024_10_05_T12:13:49 -  clearRentalMarket - second block took 1.9073486328125e-6
2024_10_05_T12:13:50 -  Model step took 0.5178768634796143 seconds
2024_10_05_T12:14:01 -  Model step started
2024_10_05_T12:14:01 -  clearHangingSupplies started
2024_10_05_T12:14:01 -  clearHangingSupplies took 1.1920928955078125e-5
2024_10_05_T12:14:01 -  clearHangingRentalSupplies started
2024_10_05_T12:14:01 -  clearHangingRentalSupplies took 0.00010609626770019531
2024_10_05_T12:14:01 -  clearHouseMarket started
2024_10_05_T12:14:01 -  clearHouseMarket - first block took 0.010767936706542969
2024_10_05_T12:14:01 -  clearHouseMarket - second block took 0.00048089027404785156
2024_10_05_T12:14:01 -  clearHouseMarket - third block took 0.0016410350799560547
2024_10_05_T12:14:01 -  clearRentalMarket started
2024_10_05_T12:14:01 -  clearRentalMarket - first block took 3.504753112792969e-5
2024_10_05_T12:14:01 -  clearRentalMarket - second block took 9.5367431640625e-7
2024_10_05_T12:14:02 -  Model step took 0.46901917457580566 seconds
2024_10_05_T12:14:13 -  Model step started
2024_10_05_T12:14:13 -  clearHangingSupplies started
2024_10_05_T12:14:13 -  clearHangingSupplies took 4.0531158447265625e-6
2024_10_05_T12:14:13 -  clearHangingRentalSupplies started
2024_10_05_T12:14:13 -  clearHangingRentalSupplies took 3.0994415283203125e-6
2024_10_05_T12:14:13 -  clearHouseMarket started
2024_10_05_T12:14:13 -  clearHouseMarket - first block took 1.9073486328125e-5
2024_10_05_T12:14:13 -  clearHouseMarket - second block took 2.1457672119140625e-6
2024_10_05_T12:14:13 -  clearHouseMarket - third block took 0.0012729167938232422
2024_10_05_T12:14:13 -  clearRentalMarket started
2024_10_05_T12:14:13 -  clearRentalMarket - first block took 1.8835067749023438e-5
2024_10_05_T12:14:13 -  clearRentalMarket - second block took 9.5367431640625e-7
2024_10_05_T12:14:14 -  Model step took 0.49248504638671875 seconds
2024_10_05_T12:14:25 -  Model step started
2024_10_05_T12:14:25 -  clearHangingSupplies started
2024_10_05_T12:14:25 -  clearHangingSupplies took 1.0013580322265625e-5
2024_10_05_T12:14:25 -  clearHangingRentalSupplies started
2024_10_05_T12:14:25 -  clearHangingRentalSupplies took 3.0994415283203125e-6
2024_10_05_T12:14:25 -  clearHouseMarket started
2024_10_05_T12:14:25 -  clearHouseMarket - first block took 0.0168459415435791
2024_10_05_T12:14:25 -  clearHouseMarket - second block took 0.0009319782257080078
2024_10_05_T12:14:25 -  clearHouseMarket - third block took 0.0014879703521728516
2024_10_05_T12:14:25 -  clearRentalMarket started
2024_10_05_T12:14:25 -  clearRentalMarket - first block took 2.5033950805664062e-5
2024_10_05_T12:14:25 -  clearRentalMarket - second block took 1.9073486328125e-6
2024_10_05_T12:14:26 -  Model step took 0.49480199813842773 seconds
2024_10_05_T12:14:37 -  Model step started
2024_10_05_T12:14:37 -  clearHangingSupplies started
2024_10_05_T12:14:37 -  clearHangingSupplies took 7.152557373046875e-6
2024_10_05_T12:14:37 -  clearHangingRentalSupplies started
2024_10_05_T12:14:37 -  clearHangingRentalSupplies took 3.0994415283203125e-6
2024_10_05_T12:14:37 -  clearHouseMarket started
2024_10_05_T12:14:37 -  clearHouseMarket - first block took 0.007628917694091797
2024_10_05_T12:14:37 -  clearHouseMarket - second block took 0.00033402442932128906
2024_10_05_T12:14:37 -  clearHouseMarket - third block took 0.0012540817260742188
2024_10_05_T12:14:37 -  clearRentalMarket started
2024_10_05_T12:14:37 -  clearRentalMarket - first block took 2.09808349609375e-5
2024_10_05_T12:14:37 -  clearRentalMarket - second block took 1.9073486328125e-6
2024_10_05_T12:14:38 -  Model step took 0.5068058967590332 seconds
2024_10_05_T12:14:49 -  Model step started
2024_10_05_T12:14:49 -  clearHangingSupplies started
2024_10_05_T12:14:49 -  clearHangingSupplies took 1.3113021850585938e-5
2024_10_05_T12:14:49 -  clearHangingRentalSupplies started
2024_10_05_T12:14:49 -  clearHangingRentalSupplies took 4.0531158447265625e-6
2024_10_05_T12:14:49 -  clearHouseMarket started
2024_10_05_T12:14:50 -  clearHouseMarket - first block took 0.03266501426696777
2024_10_05_T12:14:50 -  clearHouseMarket - second block took 0.0023279190063476562
2024_10_05_T12:14:50 -  clearHouseMarket - third block took 0.0012772083282470703
2024_10_05_T12:14:50 -  clearRentalMarket started
2024_10_05_T12:14:50 -  clearRentalMarket - first block took 1.811981201171875e-5
2024_10_05_T12:14:50 -  clearRentalMarket - second block took 2.1457672119140625e-6
2024_10_05_T12:14:50 -  Model step took 0.49772214889526367 seconds
2024_10_05_T12:15:02 -  Model step started
2024_10_05_T12:15:02 -  clearHangingSupplies started
2024_10_05_T12:15:02 -  clearHangingSupplies took 9.059906005859375e-6
2024_10_05_T12:15:02 -  clearHangingRentalSupplies started
2024_10_05_T12:15:02 -  clearHangingRentalSupplies took 8.106231689453125e-6
2024_10_05_T12:15:02 -  clearHouseMarket started
2024_10_05_T12:15:02 -  clearHouseMarket - first block took 0.019731998443603516
2024_10_05_T12:15:02 -  clearHouseMarket - second block took 0.0008749961853027344
2024_10_05_T12:15:02 -  clearHouseMarket - third block took 0.0017690658569335938
2024_10_05_T12:15:02 -  clearRentalMarket started
2024_10_05_T12:15:02 -  clearRentalMarket - first block took 0.010814189910888672
2024_10_05_T12:15:02 -  clearRentalMarket - second block took 0.00029277801513671875
2024_10_05_T12:15:02 -  Pushed house into housesBuiltPerRegion (location,size) = (Lisboa, LessThan125)
2024_10_05_T12:15:02 -  Model step took 0.5562100410461426 seconds
2024_10_05_T12:15:15 -  Model step started
2024_10_05_T12:15:15 -  clearHangingSupplies started
2024_10_05_T12:15:15 -  clearHangingSupplies took 1.2874603271484375e-5
2024_10_05_T12:15:15 -  clearHangingRentalSupplies started
2024_10_05_T12:15:15 -  clearHangingRentalSupplies took 1.0013580322265625e-5
2024_10_05_T12:15:15 -  clearHouseMarket started
2024_10_05_T12:15:15 -  clearHouseMarket - first block took 0.03384089469909668
2024_10_05_T12:15:15 -  clearHouseMarket - second block took 0.0014069080352783203
2024_10_05_T12:15:15 -  clearHouseMarket - third block took 0.0014150142669677734
2024_10_05_T12:15:15 -  clearRentalMarket started
2024_10_05_T12:15:15 -  clearRentalMarket - first block took 0.03587198257446289
2024_10_05_T12:15:15 -  clearRentalMarket - second block took 0.0007979869842529297
2024_10_05_T12:15:15 -  Model step took 0.5274538993835449 seconds
2024_10_05_T12:15:28 -  Model step started
2024_10_05_T12:15:28 -  clearHangingSupplies started
2024_10_05_T12:15:28 -  clearHangingSupplies took 1.5020370483398438e-5
2024_10_05_T12:15:28 -  clearHangingRentalSupplies started
2024_10_05_T12:15:28 -  clearHangingRentalSupplies took 2.86102294921875e-6
2024_10_05_T12:15:28 -  clearHouseMarket started
2024_10_05_T12:15:28 -  clearHouseMarket - first block took 0.016218900680541992
2024_10_05_T12:15:28 -  clearHouseMarket - second block took 0.0005619525909423828
2024_10_05_T12:15:28 -  clearHouseMarket - third block took 0.0015680789947509766
2024_10_05_T12:15:28 -  clearRentalMarket started
2024_10_05_T12:15:28 -  clearRentalMarket - first block took 3.3855438232421875e-5
2024_10_05_T12:15:28 -  clearRentalMarket - second block took 3.0994415283203125e-6
2024_10_05_T12:15:28 -  Pushed house into housesBuiltPerRegion (location,size) = (Lisboa, More)
2024_10_05_T12:15:28 -  Model step took 0.5666220188140869 seconds
2024_10_05_T12:15:41 -  Model step started
2024_10_05_T12:15:41 -  clearHangingSupplies started
2024_10_05_T12:15:41 -  clearHangingSupplies took 1.0013580322265625e-5
2024_10_05_T12:15:41 -  clearHangingRentalSupplies started
2024_10_05_T12:15:41 -  clearHangingRentalSupplies took 1.9073486328125e-6
2024_10_05_T12:15:41 -  clearHouseMarket started
2024_10_05_T12:15:41 -  clearHouseMarket - first block took 0.024795055389404297
2024_10_05_T12:15:41 -  clearHouseMarket - second block took 0.0012941360473632812
2024_10_05_T12:15:41 -  clearHouseMarket - third block took 0.0014798641204833984
2024_10_05_T12:15:41 -  clearRentalMarket started
2024_10_05_T12:15:41 -  clearRentalMarket - first block took 2.09808349609375e-5
2024_10_05_T12:15:41 -  clearRentalMarket - second block took 1.9073486328125e-6
2024_10_05_T12:15:41 -  Pushed house into housesBuiltPerRegion (location,size) = (Lisboa, More)
2024_10_05_T12:15:41 -  Model step took 0.5584371089935303 seconds
2024_10_05_T12:15:54 -  Model step started
2024_10_05_T12:15:54 -  clearHangingSupplies started
2024_10_05_T12:15:54 -  clearHangingSupplies took 1.9788742065429688e-5
2024_10_05_T12:15:54 -  clearHangingRentalSupplies started
2024_10_05_T12:15:54 -  clearHangingRentalSupplies took 5.9604644775390625e-6
2024_10_05_T12:15:54 -  clearHouseMarket started
2024_10_05_T12:15:54 -  clearHouseMarket - first block took 0.014435052871704102
2024_10_05_T12:15:54 -  clearHouseMarket - second block took 0.0006289482116699219
2024_10_05_T12:15:54 -  clearHouseMarket - third block took 0.0015990734100341797
2024_10_05_T12:15:54 -  clearRentalMarket started
2024_10_05_T12:15:54 -  clearRentalMarket - first block took 2.6941299438476562e-5
2024_10_05_T12:15:54 -  clearRentalMarket - second block took 1.9073486328125e-6
2024_10_05_T12:15:55 -  Model step took 0.5698230266571045 seconds
2024_10_05_T12:16:08 -  Model step started
2024_10_05_T12:16:08 -  clearHangingSupplies started
2024_10_05_T12:16:08 -  clearHangingSupplies took 3.814697265625e-6
2024_10_05_T12:16:08 -  clearHangingRentalSupplies started
2024_10_05_T12:16:08 -  clearHangingRentalSupplies took 3.0994415283203125e-6
2024_10_05_T12:16:08 -  clearHouseMarket started
2024_10_05_T12:16:08 -  clearHouseMarket - first block took 1.9073486328125e-5
2024_10_05_T12:16:08 -  clearHouseMarket - second block took 2.1457672119140625e-6
2024_10_05_T12:16:08 -  clearHouseMarket - third block took 0.0014028549194335938
2024_10_05_T12:16:08 -  clearRentalMarket started
2024_10_05_T12:16:08 -  clearRentalMarket - first block took 2.384185791015625e-5
2024_10_05_T12:16:08 -  clearRentalMarket - second block took 2.86102294921875e-6
2024_10_05_T12:16:08 -  Model step took 0.5607399940490723 seconds
2024_10_05_T12:16:21 -  Model step started
2024_10_05_T12:16:21 -  clearHangingSupplies started
2024_10_05_T12:16:21 -  clearHangingSupplies took 2.7179718017578125e-5
2024_10_05_T12:16:21 -  clearHangingRentalSupplies started
2024_10_05_T12:16:21 -  clearHangingRentalSupplies took 2.86102294921875e-6
2024_10_05_T12:16:21 -  clearHouseMarket started
2024_10_05_T12:16:21 -  clearHouseMarket - first block took 0.004614114761352539
2024_10_05_T12:16:21 -  clearHouseMarket - second block took 0.0004990100860595703
2024_10_05_T12:16:21 -  clearHouseMarket - third block took 0.0014481544494628906
2024_10_05_T12:16:21 -  clearRentalMarket started
2024_10_05_T12:16:21 -  clearRentalMarket - first block took 2.4080276489257812e-5
2024_10_05_T12:16:21 -  clearRentalMarket - second block took 2.1457672119140625e-6
2024_10_05_T12:16:21 -  Pushed house into housesBuiltPerRegion (location,size) = (Lisboa, LessThan50)
2024_10_05_T12:16:22 -  Model step took 0.5312719345092773 seconds
2024_10_05_T12:16:35 -  Model step started
2024_10_05_T12:16:35 -  clearHangingSupplies started
2024_10_05_T12:16:35 -  clearHangingSupplies took 1.2159347534179688e-5
2024_10_05_T12:16:35 -  clearHangingRentalSupplies started
2024_10_05_T12:16:35 -  clearHangingRentalSupplies took 5.0067901611328125e-6
2024_10_05_T12:16:35 -  clearHouseMarket started
2024_10_05_T12:16:35 -  clearHouseMarket - first block took 0.028516054153442383
2024_10_05_T12:16:35 -  clearHouseMarket - second block took 0.0010747909545898438
2024_10_05_T12:16:35 -  clearHouseMarket - third block took 0.0016360282897949219
2024_10_05_T12:16:35 -  clearRentalMarket started
2024_10_05_T12:16:35 -  clearRentalMarket - first block took 2.5987625122070312e-5
2024_10_05_T12:16:35 -  clearRentalMarket - second block took 1.9073486328125e-6
2024_10_05_T12:16:36 -  Pushed house into housesBuiltPerRegion (location,size) = (Lisboa, LessThan50)
2024_10_05_T12:16:36 -  Model step took 0.6205270290374756 seconds
2024_10_05_T12:16:50 -  Model step started
2024_10_05_T12:16:50 -  clearHangingSupplies started
2024_10_05_T12:16:50 -  clearHangingSupplies took 5.9604644775390625e-6
2024_10_05_T12:16:50 -  clearHangingRentalSupplies started
2024_10_05_T12:16:50 -  clearHangingRentalSupplies took 1.0967254638671875e-5
2024_10_05_T12:16:50 -  clearHouseMarket started
2024_10_05_T12:16:50 -  clearHouseMarket - first block took 0.004497051239013672
2024_10_05_T12:16:50 -  clearHouseMarket - second block took 0.00013184547424316406
2024_10_05_T12:16:50 -  clearHouseMarket - third block took 0.0015668869018554688
2024_10_05_T12:16:50 -  clearRentalMarket started
2024_10_05_T12:16:50 -  clearRentalMarket - first block took 0.028460979461669922
2024_10_05_T12:16:50 -  clearRentalMarket - second block took 0.0007240772247314453
2024_10_05_T12:16:50 -  Pushed house into housesBuiltPerRegion (location,size) = (Lisboa, More)
2024_10_05_T12:16:50 -  Pushed house into housesBuiltPerRegion (location,size) = (Lisboa, More)
2024_10_05_T12:16:50 -  Model step took 0.576746940612793 seconds
2024_10_05_T12:17:04 -  Model step started
2024_10_05_T12:17:04 -  clearHangingSupplies started
2024_10_05_T12:17:04 -  clearHangingSupplies took 9.059906005859375e-6
2024_10_05_T12:17:04 -  clearHangingRentalSupplies started
2024_10_05_T12:17:04 -  clearHangingRentalSupplies took 2.86102294921875e-6
2024_10_05_T12:17:04 -  clearHouseMarket started
2024_10_05_T12:17:04 -  clearHouseMarket - first block took 0.017274856567382812
2024_10_05_T12:17:04 -  clearHouseMarket - second block took 0.00047206878662109375
2024_10_05_T12:17:04 -  clearHouseMarket - third block took 0.0017268657684326172
2024_10_05_T12:17:04 -  clearRentalMarket started
2024_10_05_T12:17:04 -  clearRentalMarket - first block took 3.814697265625e-5
2024_10_05_T12:17:04 -  clearRentalMarket - second block took 9.5367431640625e-7
2024_10_05_T12:17:05 -  Model step took 0.5964930057525635 seconds
2024_10_05_T12:17:19 -  Model step started
2024_10_05_T12:17:19 -  clearHangingSupplies started
2024_10_05_T12:17:19 -  clearHangingSupplies took 9.059906005859375e-6
2024_10_05_T12:17:19 -  clearHangingRentalSupplies started
2024_10_05_T12:17:19 -  clearHangingRentalSupplies took 3.814697265625e-6
2024_10_05_T12:17:19 -  clearHouseMarket started
2024_10_05_T12:17:19 -  clearHouseMarket - first block took 0.010560035705566406
2024_10_05_T12:17:19 -  clearHouseMarket - second block took 0.0003910064697265625
2024_10_05_T12:17:19 -  clearHouseMarket - third block took 0.00174713134765625
2024_10_05_T12:17:19 -  clearRentalMarket started
2024_10_05_T12:17:19 -  clearRentalMarket - first block took 2.288818359375e-5
2024_10_05_T12:17:19 -  clearRentalMarket - second block took 1.1920928955078125e-6
2024_10_05_T12:17:20 -  Pushed house into housesBuiltPerRegion (location,size) = (Lisboa, More)
2024_10_05_T12:17:20 -  Model step took 0.6146788597106934 seconds
