2024_09_04_T22:14:58 -  finished initateHouses in 0.4004988670349121 seconds
2024_09_04_T22:14:58 -  finished initiateHouseholds in 0.6179690361022949 seconds
2024_09_04_T22:14:58 -  finished assignHousesToHouseholds in 0.8558599948883057 seconds
2024_09_04_T22:15:21 -  Model step started
2024_09_04_T22:15:28 -  Model step took 7.765819072723389 seconds
2024_09_04_T22:15:44 -  Model step started
2024_09_04_T22:15:48 -  Model step took 4.150390863418579 seconds
2024_09_04_T22:16:04 -  Model step started
2024_09_04_T22:16:10 -  Model step took 5.628748178482056 seconds
2024_09_04_T22:16:27 -  Model step started
2024_09_04_T22:16:32 -  Model step took 4.716084957122803 seconds
2024_09_04_T22:16:48 -  Model step started
2024_09_04_T22:16:54 -  Model step took 5.543132781982422 seconds
2024_09_04_T22:17:12 -  Model step started
2024_09_04_T22:17:17 -  Model step took 4.841140985488892 seconds
2024_09_04_T22:17:36 -  Model step started
2024_09_04_T22:17:42 -  Model step took 6.770906925201416 seconds
2024_09_04_T22:18:03 -  Model step started
2024_09_04_T22:18:07 -  Model step took 4.5750861167907715 seconds
2024_09_04_T22:18:22 -  Model step started
2024_09_04_T22:18:27 -  Model step took 4.433706998825073 seconds
2024_09_04_T22:18:42 -  Model step started
2024_09_04_T22:18:46 -  Model step took 4.57368016242981 seconds
2024_09_04_T22:19:01 -  Model step started
2024_09_04_T22:19:05 -  Model step took 4.592054843902588 seconds
2024_09_04_T22:19:20 -  Model step started
2024_09_04_T22:19:26 -  Model step took 5.8739869594573975 seconds
2024_09_04_T22:19:43 -  Model step started
2024_09_04_T22:19:49 -  Model step took 5.8064210414886475 seconds
2024_09_04_T22:20:04 -  Model step started
2024_09_04_T22:20:09 -  Model step took 4.951197862625122 seconds
2024_09_04_T22:20:27 -  Model step started
2024_09_04_T22:20:33 -  Model step took 5.9608681201934814 seconds
2024_09_04_T22:20:51 -  Model step started
2024_09_04_T22:20:57 -  Model step took 6.112919092178345 seconds
2024_09_04_T22:21:17 -  Model step started
2024_09_04_T22:21:24 -  Model step took 7.446961879730225 seconds
2024_09_04_T22:21:43 -  Model step started
2024_09_04_T22:21:49 -  Model step took 6.2132568359375 seconds
2024_09_04_T22:22:08 -  Model step started
2024_09_04_T22:22:14 -  Model step took 5.686446905136108 seconds
2024_09_04_T22:22:33 -  Model step started
2024_09_04_T22:22:39 -  Model step took 6.217339992523193 seconds
2024_09_04_T22:22:58 -  Model step started
2024_09_04_T22:23:04 -  Model step took 5.719619035720825 seconds
2024_09_04_T22:23:21 -  Model step started
2024_09_04_T22:23:27 -  Model step took 6.495739936828613 seconds
2024_09_04_T22:23:45 -  Model step started
2024_09_04_T22:23:51 -  Model step took 6.084602117538452 seconds
2024_09_04_T22:24:08 -  Model step started
2024_09_04_T22:24:13 -  Model step took 5.632887840270996 seconds
