2024_10_05_T18:28:31 -  finished initateHouses in 0.7673728466033936 seconds
2024_10_05_T18:28:31 -  finished initiateHouseholds in 0.9887168407440186 seconds
2024_10_05_T18:28:31 -  finished assignHousesToHouseholds in 1.181488037109375 seconds
2024_10_05_T18:28:52 -  Model step started
2024_10_05_T18:28:52 -  clearHangingSupplies started
2024_10_05_T18:28:52 -  clearHangingSupplies took 0.013773918151855469
2024_10_05_T18:28:52 -  clearHangingRentalSupplies started
2024_10_05_T18:28:52 -  clearHangingRentalSupplies took 0.023347139358520508
2024_10_05_T18:28:52 -  clearHouseMarket started
2024_10_05_T18:28:54 -  clearHouseMarket - first block took 2.178251028060913
2024_10_05_T18:28:54 -  clearHouseMarket - second block took 0.29767394065856934
2024_10_05_T18:28:54 -  clearHouseMarket - third block took 0.019369840621948242
2024_10_05_T18:28:54 -  clearRentalMarket started
2024_10_05_T18:28:55 -  clearRentalMarket - first block took 0.787257194519043
2024_10_05_T18:28:55 -  clearRentalMarket - second block took 0.0498809814453125
2024_10_05_T18:28:56 -  Model step took 3.825453996658325 seconds
2024_10_05_T18:29:07 -  Model step started
2024_10_05_T18:29:08 -  clearHangingSupplies started
2024_10_05_T18:29:08 -  clearHangingSupplies took 0.002382040023803711
2024_10_05_T18:29:08 -  clearHangingRentalSupplies started
2024_10_05_T18:29:08 -  clearHangingRentalSupplies took 9.107589721679688e-5
2024_10_05_T18:29:08 -  clearHouseMarket started
2024_10_05_T18:29:10 -  clearHouseMarket - first block took 2.928205966949463
2024_10_05_T18:29:10 -  clearHouseMarket - second block took 0.01872992515563965
2024_10_05_T18:29:10 -  clearHouseMarket - third block took 0.0006530284881591797
2024_10_05_T18:29:10 -  clearRentalMarket started
2024_10_05_T18:29:11 -  clearRentalMarket - first block took 0.20031118392944336
2024_10_05_T18:29:11 -  clearRentalMarket - second block took 0.0020110607147216797
2024_10_05_T18:29:11 -  Model step took 3.2044379711151123 seconds
2024_10_05_T18:29:27 -  Model step started
2024_10_05_T18:29:27 -  clearHangingSupplies started
2024_10_05_T18:29:27 -  clearHangingSupplies took 0.0004968643188476562
2024_10_05_T18:29:27 -  clearHangingRentalSupplies started
2024_10_05_T18:29:27 -  clearHangingRentalSupplies took 6.794929504394531e-5
2024_10_05_T18:29:27 -  clearHouseMarket started
2024_10_05_T18:29:30 -  clearHouseMarket - first block took 3.002587080001831
2024_10_05_T18:29:30 -  clearHouseMarket - second block took 0.01843118667602539
2024_10_05_T18:29:30 -  clearHouseMarket - third block took 0.0007798671722412109
2024_10_05_T18:29:30 -  clearRentalMarket started
2024_10_05_T18:29:30 -  clearRentalMarket - first block took 0.11056709289550781
2024_10_05_T18:29:30 -  clearRentalMarket - second block took 0.0011150836944580078
2024_10_05_T18:29:30 -  Model step took 3.2005410194396973 seconds
2024_10_05_T18:29:42 -  Model step started
2024_10_05_T18:29:42 -  clearHangingSupplies started
2024_10_05_T18:29:42 -  clearHangingSupplies took 0.0003790855407714844
2024_10_05_T18:29:42 -  clearHangingRentalSupplies started
2024_10_05_T18:29:42 -  clearHangingRentalSupplies took 2.47955322265625e-5
2024_10_05_T18:29:42 -  clearHouseMarket started
2024_10_05_T18:29:45 -  clearHouseMarket - first block took 2.7750790119171143
2024_10_05_T18:29:45 -  clearHouseMarket - second block took 0.010413885116577148
2024_10_05_T18:29:45 -  clearHouseMarket - third block took 0.0007259845733642578
2024_10_05_T18:29:45 -  clearRentalMarket started
2024_10_05_T18:29:45 -  clearRentalMarket - first block took 0.07716202735900879
2024_10_05_T18:29:45 -  clearRentalMarket - second block took 0.0015468597412109375
2024_10_05_T18:29:45 -  Model step took 2.919548988342285 seconds
2024_10_05_T18:29:58 -  Model step started
2024_10_05_T18:29:58 -  clearHangingSupplies started
2024_10_05_T18:29:58 -  clearHangingSupplies took 0.0003428459167480469
2024_10_05_T18:29:58 -  clearHangingRentalSupplies started
2024_10_05_T18:29:58 -  clearHangingRentalSupplies took 4.291534423828125e-5
2024_10_05_T18:29:58 -  clearHouseMarket started
2024_10_05_T18:30:01 -  clearHouseMarket - first block took 3.075395107269287
2024_10_05_T18:30:01 -  clearHouseMarket - second block took 0.013685941696166992
2024_10_05_T18:30:01 -  clearHouseMarket - third block took 0.0023620128631591797
2024_10_05_T18:30:01 -  clearRentalMarket started
2024_10_05_T18:30:01 -  clearRentalMarket - first block took 0.01693105697631836
2024_10_05_T18:30:01 -  clearRentalMarket - second block took 0.0003750324249267578
2024_10_05_T18:30:01 -  Model step took 3.1792140007019043 seconds
2024_10_05_T18:30:15 -  Model step started
2024_10_05_T18:30:15 -  clearHangingSupplies started
2024_10_05_T18:30:15 -  clearHangingSupplies took 0.00039696693420410156
2024_10_05_T18:30:15 -  clearHangingRentalSupplies started
2024_10_05_T18:30:15 -  clearHangingRentalSupplies took 0.00010395050048828125
2024_10_05_T18:30:15 -  clearHouseMarket started
2024_10_05_T18:30:17 -  clearHouseMarket - first block took 2.1424078941345215
2024_10_05_T18:30:17 -  clearHouseMarket - second block took 0.010335922241210938
2024_10_05_T18:30:17 -  clearHouseMarket - third block took 0.002765178680419922
2024_10_05_T18:30:17 -  clearRentalMarket started
2024_10_05_T18:30:17 -  clearRentalMarket - first block took 0.0698709487915039
2024_10_05_T18:30:17 -  clearRentalMarket - second block took 0.0011010169982910156
2024_10_05_T18:30:17 -  Model step took 2.284585952758789 seconds
2024_10_05_T18:30:27 -  Model step started
2024_10_05_T18:30:27 -  clearHangingSupplies started
2024_10_05_T18:30:27 -  clearHangingSupplies took 0.00032591819763183594
2024_10_05_T18:30:27 -  clearHangingRentalSupplies started
2024_10_05_T18:30:27 -  clearHangingRentalSupplies took 1.0967254638671875e-5
2024_10_05_T18:30:27 -  clearHouseMarket started
2024_10_05_T18:30:29 -  clearHouseMarket - first block took 1.8861610889434814
2024_10_05_T18:30:29 -  clearHouseMarket - second block took 0.00908803939819336
2024_10_05_T18:30:29 -  clearHouseMarket - third block took 0.0010478496551513672
2024_10_05_T18:30:29 -  clearRentalMarket started
2024_10_05_T18:30:29 -  clearRentalMarket - first block took 0.019504070281982422
2024_10_05_T18:30:29 -  clearRentalMarket - second block took 0.0003230571746826172
2024_10_05_T18:30:29 -  Model step took 1.9620428085327148 seconds
2024_10_05_T18:30:40 -  Model step started
2024_10_05_T18:30:40 -  clearHangingSupplies started
2024_10_05_T18:30:40 -  clearHangingSupplies took 0.0003020763397216797
2024_10_05_T18:30:40 -  clearHangingRentalSupplies started
2024_10_05_T18:30:40 -  clearHangingRentalSupplies took 9.059906005859375e-6
2024_10_05_T18:30:40 -  clearHouseMarket started
2024_10_05_T18:30:42 -  clearHouseMarket - first block took 1.9496920108795166
2024_10_05_T18:30:42 -  clearHouseMarket - second block took 0.0051500797271728516
2024_10_05_T18:30:42 -  clearHouseMarket - third block took 0.0008590221405029297
2024_10_05_T18:30:42 -  clearRentalMarket started
2024_10_05_T18:30:42 -  clearRentalMarket - first block took 0.02734994888305664
2024_10_05_T18:30:42 -  clearRentalMarket - second block took 0.00047707557678222656
2024_10_05_T18:30:42 -  Model step took 2.0343031883239746 seconds
2024_10_05_T18:30:53 -  Model step started
2024_10_05_T18:30:53 -  clearHangingSupplies started
2024_10_05_T18:30:53 -  clearHangingSupplies took 0.0002789497375488281
2024_10_05_T18:30:53 -  clearHangingRentalSupplies started
2024_10_05_T18:30:53 -  clearHangingRentalSupplies took 9.059906005859375e-6
2024_10_05_T18:30:53 -  clearHouseMarket started
2024_10_05_T18:30:55 -  clearHouseMarket - first block took 1.8905408382415771
2024_10_05_T18:30:55 -  clearHouseMarket - second block took 0.0065021514892578125
2024_10_05_T18:30:55 -  clearHouseMarket - third block took 0.002576112747192383
2024_10_05_T18:30:55 -  clearRentalMarket started
2024_10_05_T18:30:55 -  clearRentalMarket - first block took 0.022700071334838867
2024_10_05_T18:30:55 -  clearRentalMarket - second block took 0.00036406517028808594
2024_10_05_T18:30:55 -  Model step took 2.0032098293304443 seconds
2024_10_05_T18:31:07 -  Model step started
2024_10_05_T18:31:07 -  clearHangingSupplies started
2024_10_05_T18:31:07 -  clearHangingSupplies took 0.0002830028533935547
2024_10_05_T18:31:07 -  clearHangingRentalSupplies started
2024_10_05_T18:31:07 -  clearHangingRentalSupplies took 1.2874603271484375e-5
2024_10_05_T18:31:07 -  clearHouseMarket started
2024_10_05_T18:31:09 -  clearHouseMarket - first block took 1.6777689456939697
2024_10_05_T18:31:09 -  clearHouseMarket - second block took 0.004873991012573242
2024_10_05_T18:31:09 -  clearHouseMarket - third block took 0.0022220611572265625
2024_10_05_T18:31:09 -  clearRentalMarket started
2024_10_05_T18:31:09 -  clearRentalMarket - first block took 0.04950714111328125
2024_10_05_T18:31:09 -  clearRentalMarket - second block took 0.0007808208465576172
2024_10_05_T18:31:09 -  Model step took 1.788489818572998 seconds
2024_10_05_T18:31:20 -  Model step started
2024_10_05_T18:31:20 -  clearHangingSupplies started
2024_10_05_T18:31:20 -  clearHangingSupplies took 0.0002319812774658203
2024_10_05_T18:31:20 -  clearHangingRentalSupplies started
2024_10_05_T18:31:20 -  clearHangingRentalSupplies took 2.5033950805664062e-5
2024_10_05_T18:31:20 -  clearHouseMarket started
2024_10_05_T18:31:22 -  clearHouseMarket - first block took 1.9405450820922852
2024_10_05_T18:31:22 -  clearHouseMarket - second block took 0.010432958602905273
2024_10_05_T18:31:22 -  clearHouseMarket - third block took 0.0009889602661132812
2024_10_05_T18:31:22 -  clearRentalMarket started
2024_10_05_T18:31:22 -  clearRentalMarket - first block took 0.0173947811126709
2024_10_05_T18:31:22 -  clearRentalMarket - second block took 0.00033211708068847656
2024_10_05_T18:31:22 -  Model step took 2.0461959838867188 seconds
2024_10_05_T18:31:35 -  Model step started
2024_10_05_T18:31:35 -  clearHangingSupplies started
2024_10_05_T18:31:35 -  clearHangingSupplies took 0.00020694732666015625
2024_10_05_T18:31:35 -  clearHangingRentalSupplies started
2024_10_05_T18:31:35 -  clearHangingRentalSupplies took 8.106231689453125e-6
2024_10_05_T18:31:35 -  clearHouseMarket started
2024_10_05_T18:31:37 -  clearHouseMarket - first block took 1.8428518772125244
2024_10_05_T18:31:37 -  clearHouseMarket - second block took 0.0036559104919433594
2024_10_05_T18:31:37 -  clearHouseMarket - third block took 0.0009729862213134766
2024_10_05_T18:31:37 -  clearRentalMarket started
2024_10_05_T18:31:37 -  clearRentalMarket - first block took 0.015933990478515625
2024_10_05_T18:31:37 -  clearRentalMarket - second block took 0.0002567768096923828
2024_10_05_T18:31:37 -  Model step took 1.9262731075286865 seconds
2024_10_05_T18:31:48 -  Model step started
2024_10_05_T18:31:48 -  clearHangingSupplies started
2024_10_05_T18:31:48 -  clearHangingSupplies took 0.00019288063049316406
2024_10_05_T18:31:48 -  clearHangingRentalSupplies started
2024_10_05_T18:31:48 -  clearHangingRentalSupplies took 2.86102294921875e-6
2024_10_05_T18:31:48 -  clearHouseMarket started
2024_10_05_T18:31:49 -  clearHouseMarket - first block took 1.403437852859497
2024_10_05_T18:31:49 -  clearHouseMarket - second block took 0.0041849613189697266
2024_10_05_T18:31:49 -  clearHouseMarket - third block took 0.001992940902709961
2024_10_05_T18:31:49 -  clearRentalMarket started
2024_10_05_T18:31:49 -  clearRentalMarket - first block took 2.4080276489257812e-5
2024_10_05_T18:31:49 -  clearRentalMarket - second block took 1.9073486328125e-6
2024_10_05_T18:31:49 -  Model step took 1.4673609733581543 seconds
2024_10_05_T18:32:01 -  Model step started
2024_10_05_T18:32:01 -  clearHangingSupplies started
2024_10_05_T18:32:01 -  clearHangingSupplies took 0.00018787384033203125
2024_10_05_T18:32:01 -  clearHangingRentalSupplies started
2024_10_05_T18:32:01 -  clearHangingRentalSupplies took 7.867813110351562e-6
2024_10_05_T18:32:01 -  clearHouseMarket started
2024_10_05_T18:32:02 -  clearHouseMarket - first block took 1.3168299198150635
2024_10_05_T18:32:02 -  clearHouseMarket - second block took 0.003763914108276367
2024_10_05_T18:32:02 -  clearHouseMarket - third block took 0.0012171268463134766
2024_10_05_T18:32:02 -  clearRentalMarket started
2024_10_05_T18:32:02 -  clearRentalMarket - first block took 0.012800216674804688
2024_10_05_T18:32:02 -  clearRentalMarket - second block took 0.0002620220184326172
2024_10_05_T18:32:02 -  Model step took 1.3899309635162354 seconds
2024_10_05_T18:32:13 -  Model step started
2024_10_05_T18:32:13 -  clearHangingSupplies started
2024_10_05_T18:32:13 -  clearHangingSupplies took 0.00012493133544921875
2024_10_05_T18:32:13 -  clearHangingRentalSupplies started
2024_10_05_T18:32:13 -  clearHangingRentalSupplies took 3.0994415283203125e-6
2024_10_05_T18:32:13 -  clearHouseMarket started
2024_10_05_T18:32:15 -  clearHouseMarket - first block took 1.2517390251159668
2024_10_05_T18:32:15 -  clearHouseMarket - second block took 0.004755973815917969
2024_10_05_T18:32:15 -  clearHouseMarket - third block took 0.0011620521545410156
2024_10_05_T18:32:15 -  clearRentalMarket started
2024_10_05_T18:32:15 -  clearRentalMarket - first block took 2.002716064453125e-5
2024_10_05_T18:32:15 -  clearRentalMarket - second block took 9.5367431640625e-7
2024_10_05_T18:32:15 -  Model step took 1.315542221069336 seconds
2024_10_05_T18:32:26 -  Model step started
2024_10_05_T18:32:26 -  clearHangingSupplies started
2024_10_05_T18:32:26 -  clearHangingSupplies took 0.00010418891906738281
2024_10_05_T18:32:26 -  clearHangingRentalSupplies started
2024_10_05_T18:32:26 -  clearHangingRentalSupplies took 6.9141387939453125e-6
2024_10_05_T18:32:26 -  clearHouseMarket started
2024_10_05_T18:32:27 -  clearHouseMarket - first block took 1.110152006149292
2024_10_05_T18:32:27 -  clearHouseMarket - second block took 0.00179290771484375
2024_10_05_T18:32:27 -  clearHouseMarket - third block took 0.001116037368774414
2024_10_05_T18:32:27 -  clearRentalMarket started
2024_10_05_T18:32:27 -  clearRentalMarket - first block took 0.007782936096191406
2024_10_05_T18:32:27 -  clearRentalMarket - second block took 0.00015997886657714844
2024_10_05_T18:32:27 -  Model step took 1.1792759895324707 seconds
2024_10_05_T18:32:40 -  Model step started
2024_10_05_T18:32:40 -  clearHangingSupplies started
2024_10_05_T18:32:40 -  clearHangingSupplies took 0.011279821395874023
2024_10_05_T18:32:40 -  clearHangingRentalSupplies started
2024_10_05_T18:32:40 -  clearHangingRentalSupplies took 8.106231689453125e-6
2024_10_05_T18:32:40 -  clearHouseMarket started
2024_10_05_T18:32:41 -  clearHouseMarket - first block took 1.093979835510254
2024_10_05_T18:32:41 -  clearHouseMarket - second block took 0.003596067428588867
2024_10_05_T18:32:41 -  clearHouseMarket - third block took 0.0012080669403076172
2024_10_05_T18:32:41 -  clearRentalMarket started
2024_10_05_T18:32:41 -  clearRentalMarket - first block took 0.010879993438720703
2024_10_05_T18:32:41 -  clearRentalMarket - second block took 0.0002269744873046875
2024_10_05_T18:32:41 -  Model step took 1.1981139183044434 seconds
2024_10_05_T18:32:53 -  Model step started
2024_10_05_T18:32:53 -  clearHangingSupplies started
2024_10_05_T18:32:53 -  clearHangingSupplies took 0.00011110305786132812
2024_10_05_T18:32:53 -  clearHangingRentalSupplies started
2024_10_05_T18:32:53 -  clearHangingRentalSupplies took 7.867813110351562e-6
2024_10_05_T18:32:53 -  clearHouseMarket started
2024_10_05_T18:32:54 -  clearHouseMarket - first block took 1.0203230381011963
2024_10_05_T18:32:54 -  clearHouseMarket - second block took 0.001519918441772461
2024_10_05_T18:32:54 -  clearHouseMarket - third block took 0.0012900829315185547
2024_10_05_T18:32:54 -  clearRentalMarket started
2024_10_05_T18:32:54 -  clearRentalMarket - first block took 0.015496969223022461
2024_10_05_T18:32:54 -  clearRentalMarket - second block took 0.0002529621124267578
2024_10_05_T18:32:54 -  Model step took 1.1017200946807861 seconds
2024_10_05_T18:33:07 -  Model step started
2024_10_05_T18:33:07 -  clearHangingSupplies started
2024_10_05_T18:33:07 -  clearHangingSupplies took 7.700920104980469e-5
2024_10_05_T18:33:07 -  clearHangingRentalSupplies started
2024_10_05_T18:33:07 -  clearHangingRentalSupplies took 2.1457672119140625e-6
2024_10_05_T18:33:07 -  clearHouseMarket started
2024_10_05_T18:33:08 -  clearHouseMarket - first block took 1.0001530647277832
2024_10_05_T18:33:08 -  clearHouseMarket - second block took 0.003802061080932617
2024_10_05_T18:33:08 -  clearHouseMarket - third block took 0.0015289783477783203
2024_10_05_T18:33:08 -  clearRentalMarket started
2024_10_05_T18:33:08 -  clearRentalMarket - first block took 2.002716064453125e-5
2024_10_05_T18:33:08 -  clearRentalMarket - second block took 9.5367431640625e-7
2024_10_05_T18:33:08 -  Model step took 1.0826539993286133 seconds
2024_10_05_T18:33:21 -  Model step started
2024_10_05_T18:33:21 -  clearHangingSupplies started
2024_10_05_T18:33:21 -  clearHangingSupplies took 0.00012302398681640625
2024_10_05_T18:33:21 -  clearHangingRentalSupplies started
2024_10_05_T18:33:21 -  clearHangingRentalSupplies took 5.9604644775390625e-6
2024_10_05_T18:33:21 -  clearHouseMarket started
2024_10_05_T18:33:22 -  clearHouseMarket - first block took 0.8670809268951416
2024_10_05_T18:33:22 -  clearHouseMarket - second block took 0.0036420822143554688
2024_10_05_T18:33:22 -  clearHouseMarket - third block took 0.001524209976196289
2024_10_05_T18:33:22 -  clearRentalMarket started
2024_10_05_T18:33:22 -  clearRentalMarket - first block took 0.00893092155456543
2024_10_05_T18:33:22 -  clearRentalMarket - second block took 0.00017404556274414062
2024_10_05_T18:33:22 -  Model step took 0.9473857879638672 seconds
2024_10_05_T18:33:35 -  Model step started
2024_10_05_T18:33:35 -  clearHangingSupplies started
2024_10_05_T18:33:35 -  clearHangingSupplies took 7.390975952148438e-5
2024_10_05_T18:33:35 -  clearHangingRentalSupplies started
2024_10_05_T18:33:35 -  clearHangingRentalSupplies took 5.0067901611328125e-6
2024_10_05_T18:33:35 -  clearHouseMarket started
2024_10_05_T18:33:36 -  clearHouseMarket - first block took 0.7759029865264893
2024_10_05_T18:33:36 -  clearHouseMarket - second block took 0.004088163375854492
2024_10_05_T18:33:36 -  clearHouseMarket - third block took 0.0014629364013671875
2024_10_05_T18:33:36 -  clearRentalMarket started
2024_10_05_T18:33:36 -  clearRentalMarket - first block took 0.0028688907623291016
2024_10_05_T18:33:36 -  clearRentalMarket - second block took 5.888938903808594e-5
2024_10_05_T18:33:36 -  Model step took 0.8537700176239014 seconds
2024_10_05_T18:33:50 -  Model step started
2024_10_05_T18:33:50 -  clearHangingSupplies started
2024_10_05_T18:33:50 -  clearHangingSupplies took 0.0001499652862548828
2024_10_05_T18:33:50 -  clearHangingRentalSupplies started
2024_10_05_T18:33:50 -  clearHangingRentalSupplies took 5.9604644775390625e-6
2024_10_05_T18:33:50 -  clearHouseMarket started
2024_10_05_T18:33:50 -  clearHouseMarket - first block took 0.6763160228729248
2024_10_05_T18:33:50 -  clearHouseMarket - second block took 0.004029989242553711
2024_10_05_T18:33:50 -  clearHouseMarket - third block took 0.0014340877532958984
2024_10_05_T18:33:50 -  clearRentalMarket started
2024_10_05_T18:33:50 -  clearRentalMarket - first block took 0.004147052764892578
2024_10_05_T18:33:50 -  clearRentalMarket - second block took 0.00011587142944335938
2024_10_05_T18:33:50 -  Model step took 0.7551398277282715 seconds
2024_10_05_T18:34:05 -  Model step started
2024_10_05_T18:34:05 -  clearHangingSupplies started
2024_10_05_T18:34:05 -  clearHangingSupplies took 5.1975250244140625e-5
2024_10_05_T18:34:05 -  clearHangingRentalSupplies started
2024_10_05_T18:34:05 -  clearHangingRentalSupplies took 2.1457672119140625e-6
2024_10_05_T18:34:05 -  clearHouseMarket started
2024_10_05_T18:34:06 -  clearHouseMarket - first block took 0.5892701148986816
2024_10_05_T18:34:06 -  clearHouseMarket - second block took 0.0028951168060302734
2024_10_05_T18:34:06 -  clearHouseMarket - third block took 0.0015609264373779297
2024_10_05_T18:34:06 -  clearRentalMarket started
2024_10_05_T18:34:06 -  clearRentalMarket - first block took 1.811981201171875e-5
2024_10_05_T18:34:06 -  clearRentalMarket - second block took 9.5367431640625e-7
2024_10_05_T18:34:06 -  Model step took 0.6708102226257324 seconds
2024_10_05_T18:34:21 -  Model step started
2024_10_05_T18:34:21 -  clearHangingSupplies started
2024_10_05_T18:34:21 -  clearHangingSupplies took 5.0067901611328125e-5
2024_10_05_T18:34:21 -  clearHangingRentalSupplies started
2024_10_05_T18:34:21 -  clearHangingRentalSupplies took 1.8835067749023438e-5
2024_10_05_T18:34:21 -  clearHouseMarket started
2024_10_05_T18:34:21 -  clearHouseMarket - first block took 0.4644339084625244
2024_10_05_T18:34:21 -  clearHouseMarket - second block took 0.003270864486694336
2024_10_05_T18:34:21 -  clearHouseMarket - third block took 0.0016660690307617188
2024_10_05_T18:34:21 -  clearRentalMarket started
2024_10_05_T18:34:21 -  clearRentalMarket - first block took 0.013524055480957031
2024_10_05_T18:34:21 -  clearRentalMarket - second block took 0.00022602081298828125
2024_10_05_T18:34:21 -  Model step took 0.5633440017700195 seconds
2024_10_05_T18:34:36 -  Model step started
2024_10_05_T18:34:36 -  clearHangingSupplies started
2024_10_05_T18:34:36 -  clearHangingSupplies took 2.8848648071289062e-5
2024_10_05_T18:34:36 -  clearHangingRentalSupplies started
2024_10_05_T18:34:36 -  clearHangingRentalSupplies took 2.1457672119140625e-6
2024_10_05_T18:34:36 -  clearHouseMarket started
2024_10_05_T18:34:36 -  clearHouseMarket - first block took 0.40311503410339355
2024_10_05_T18:34:36 -  clearHouseMarket - second block took 0.0031900405883789062
2024_10_05_T18:34:36 -  clearHouseMarket - third block took 0.0017659664154052734
2024_10_05_T18:34:36 -  clearRentalMarket started
2024_10_05_T18:34:36 -  clearRentalMarket - first block took 2.3126602172851562e-5
2024_10_05_T18:34:36 -  clearRentalMarket - second block took 1.9073486328125e-6
2024_10_05_T18:34:36 -  Model step took 0.49315500259399414 seconds
2024_10_05_T18:34:51 -  Model step started
2024_10_05_T18:34:51 -  clearHangingSupplies started
2024_10_05_T18:34:51 -  clearHangingSupplies took 3.600120544433594e-5
2024_10_05_T18:34:51 -  clearHangingRentalSupplies started
2024_10_05_T18:34:51 -  clearHangingRentalSupplies took 3.0994415283203125e-6
2024_10_05_T18:34:51 -  clearHouseMarket started
2024_10_05_T18:34:51 -  clearHouseMarket - first block took 0.24489307403564453
2024_10_05_T18:34:51 -  clearHouseMarket - second block took 0.0008180141448974609
2024_10_05_T18:34:51 -  clearHouseMarket - third block took 0.0017559528350830078
2024_10_05_T18:34:51 -  clearRentalMarket started
2024_10_05_T18:34:51 -  clearRentalMarket - first block took 2.47955322265625e-5
2024_10_05_T18:34:51 -  clearRentalMarket - second block took 1.9073486328125e-6
2024_10_05_T18:34:51 -  Model step took 0.3411540985107422 seconds
2024_10_05_T18:35:07 -  Model step started
2024_10_05_T18:35:07 -  clearHangingSupplies started
2024_10_05_T18:35:07 -  clearHangingSupplies took 2.09808349609375e-5
2024_10_05_T18:35:07 -  clearHangingRentalSupplies started
2024_10_05_T18:35:07 -  clearHangingRentalSupplies took 1.9073486328125e-6
2024_10_05_T18:35:07 -  clearHouseMarket started
2024_10_05_T18:35:07 -  clearHouseMarket - first block took 0.20177388191223145
2024_10_05_T18:35:07 -  clearHouseMarket - second block took 0.002947092056274414
2024_10_05_T18:35:07 -  clearHouseMarket - third block took 0.0016379356384277344
2024_10_05_T18:35:07 -  clearRentalMarket started
2024_10_05_T18:35:07 -  clearRentalMarket - first block took 1.811981201171875e-5
2024_10_05_T18:35:07 -  clearRentalMarket - second block took 0.0
2024_10_05_T18:35:07 -  Model step took 0.35837483406066895 seconds
2024_10_05_T18:35:23 -  Model step started
2024_10_05_T18:35:23 -  clearHangingSupplies started
2024_10_05_T18:35:23 -  clearHangingSupplies took 1.5020370483398438e-5
2024_10_05_T18:35:23 -  clearHangingRentalSupplies started
2024_10_05_T18:35:23 -  clearHangingRentalSupplies took 3.814697265625e-6
2024_10_05_T18:35:23 -  clearHouseMarket started
2024_10_05_T18:35:23 -  clearHouseMarket - first block took 0.12228918075561523
2024_10_05_T18:35:23 -  clearHouseMarket - second block took 0.0026078224182128906
2024_10_05_T18:35:23 -  clearHouseMarket - third block took 0.0017001628875732422
2024_10_05_T18:35:23 -  clearRentalMarket started
2024_10_05_T18:35:23 -  clearRentalMarket - first block took 2.002716064453125e-5
2024_10_05_T18:35:23 -  clearRentalMarket - second block took 9.5367431640625e-7
2024_10_05_T18:35:23 -  Model step took 0.23571300506591797 seconds
2024_10_05_T18:35:40 -  Model step started
2024_10_05_T18:35:40 -  clearHangingSupplies started
2024_10_05_T18:35:40 -  clearHangingSupplies took 1.811981201171875e-5
2024_10_05_T18:35:40 -  clearHangingRentalSupplies started
2024_10_05_T18:35:40 -  clearHangingRentalSupplies took 3.0994415283203125e-6
2024_10_05_T18:35:40 -  clearHouseMarket started
2024_10_05_T18:35:40 -  clearHouseMarket - first block took 0.056977033615112305
2024_10_05_T18:35:40 -  clearHouseMarket - second block took 0.0007650852203369141
2024_10_05_T18:35:40 -  clearHouseMarket - third block took 0.0018200874328613281
2024_10_05_T18:35:40 -  clearRentalMarket started
2024_10_05_T18:35:40 -  clearRentalMarket - first block took 3.0040740966796875e-5
2024_10_05_T18:35:40 -  clearRentalMarket - second block took 1.9073486328125e-6
2024_10_05_T18:35:40 -  Model step took 0.21666812896728516 seconds
2024_10_05_T18:35:56 -  Model step started
2024_10_05_T18:35:56 -  clearHangingSupplies started
2024_10_05_T18:35:56 -  clearHangingSupplies took 1.0967254638671875e-5
2024_10_05_T18:35:56 -  clearHangingRentalSupplies started
2024_10_05_T18:35:56 -  clearHangingRentalSupplies took 4.410743713378906e-5
2024_10_05_T18:35:56 -  clearHouseMarket started
2024_10_05_T18:35:56 -  clearHouseMarket - first block took 0.0378870964050293
2024_10_05_T18:35:56 -  clearHouseMarket - second block took 0.0007479190826416016
2024_10_05_T18:35:56 -  clearHouseMarket - third block took 0.002153158187866211
2024_10_05_T18:35:56 -  clearRentalMarket started
2024_10_05_T18:35:56 -  clearRentalMarket - first block took 0.0036039352416992188
2024_10_05_T18:35:56 -  clearRentalMarket - second block took 0.00012087821960449219
2024_10_05_T18:35:56 -  Model step took 0.19445085525512695 seconds
2024_10_05_T18:36:24 -  Model step started
2024_10_05_T18:36:24 -  clearHangingSupplies started
2024_10_05_T18:36:24 -  clearHangingSupplies took 3.0994415283203125e-6
2024_10_05_T18:36:24 -  clearHangingRentalSupplies started
2024_10_05_T18:36:24 -  clearHangingRentalSupplies took 9.5367431640625e-7
2024_10_05_T18:36:24 -  clearHouseMarket started
2024_10_05_T18:36:24 -  clearHouseMarket - first block took 1.71661376953125e-5
2024_10_05_T18:36:24 -  clearHouseMarket - second block took 9.5367431640625e-7
2024_10_05_T18:36:24 -  clearHouseMarket - third block took 0.0016160011291503906
2024_10_05_T18:36:24 -  clearRentalMarket started
2024_10_05_T18:36:24 -  clearRentalMarket - first block took 1.1920928955078125e-5
2024_10_05_T18:36:24 -  clearRentalMarket - second block took 0.0
2024_10_05_T18:36:24 -  Model step took 0.3177969455718994 seconds
2024_10_05_T18:36:58 -  Model step started
2024_10_05_T18:36:58 -  clearHangingSupplies started
2024_10_05_T18:36:58 -  clearHangingSupplies took 1.1205673217773438e-5
2024_10_05_T18:36:58 -  clearHangingRentalSupplies started
2024_10_05_T18:36:58 -  clearHangingRentalSupplies took 3.0994415283203125e-6
2024_10_05_T18:36:58 -  clearHouseMarket started
2024_10_05_T18:36:58 -  clearHouseMarket - first block took 0.024356842041015625
2024_10_05_T18:36:58 -  clearHouseMarket - second block took 0.0016598701477050781
2024_10_05_T18:36:58 -  clearHouseMarket - third block took 0.0018570423126220703
2024_10_05_T18:36:58 -  clearRentalMarket started
2024_10_05_T18:36:58 -  clearRentalMarket - first block took 3.600120544433594e-5
2024_10_05_T18:36:58 -  clearRentalMarket - second block took 9.5367431640625e-7
2024_10_05_T18:36:59 -  Model step took 0.23806190490722656 seconds
2024_10_05_T18:37:22 -  Model step started
2024_10_05_T18:37:22 -  clearHangingSupplies started
2024_10_05_T18:37:22 -  clearHangingSupplies took 4.0531158447265625e-6
2024_10_05_T18:37:22 -  clearHangingRentalSupplies started
2024_10_05_T18:37:22 -  clearHangingRentalSupplies took 1.0013580322265625e-5
2024_10_05_T18:37:22 -  clearHouseMarket started
2024_10_05_T18:37:22 -  clearHouseMarket - first block took 1.811981201171875e-5
2024_10_05_T18:37:22 -  clearHouseMarket - second block took 2.1457672119140625e-6
2024_10_05_T18:37:22 -  clearHouseMarket - third block took 0.0016658306121826172
2024_10_05_T18:37:22 -  clearRentalMarket started
2024_10_05_T18:37:22 -  clearRentalMarket - first block took 0.007436037063598633
2024_10_05_T18:37:22 -  clearRentalMarket - second block took 0.0003139972686767578
2024_10_05_T18:37:22 -  Model step took 0.19664382934570312 seconds
2024_10_05_T18:37:39 -  Model step started
2024_10_05_T18:37:39 -  clearHangingSupplies started
2024_10_05_T18:37:39 -  clearHangingSupplies took 6.9141387939453125e-6
2024_10_05_T18:37:39 -  clearHangingRentalSupplies started
2024_10_05_T18:37:39 -  clearHangingRentalSupplies took 3.0994415283203125e-6
2024_10_05_T18:37:39 -  clearHouseMarket started
2024_10_05_T18:37:39 -  clearHouseMarket - first block took 0.008161783218383789
2024_10_05_T18:37:39 -  clearHouseMarket - second block took 0.0004119873046875
2024_10_05_T18:37:39 -  clearHouseMarket - third block took 0.0018410682678222656
2024_10_05_T18:37:39 -  clearRentalMarket started
2024_10_05_T18:37:39 -  clearRentalMarket - first block took 1.9073486328125e-5
2024_10_05_T18:37:39 -  clearRentalMarket - second block took 9.5367431640625e-7
2024_10_05_T18:37:40 -  Model step took 0.22492384910583496 seconds
2024_10_05_T18:38:00 -  Model step started
2024_10_05_T18:38:00 -  clearHangingSupplies started
2024_10_05_T18:38:00 -  clearHangingSupplies took 1.811981201171875e-5
2024_10_05_T18:38:00 -  clearHangingRentalSupplies started
2024_10_05_T18:38:00 -  clearHangingRentalSupplies took 4.0531158447265625e-6
2024_10_05_T18:38:00 -  clearHouseMarket started
2024_10_05_T18:38:00 -  clearHouseMarket - first block took 0.028287172317504883
2024_10_05_T18:38:00 -  clearHouseMarket - second block took 0.0010972023010253906
2024_10_05_T18:38:00 -  clearHouseMarket - third block took 0.0020689964294433594
2024_10_05_T18:38:00 -  clearRentalMarket started
2024_10_05_T18:38:00 -  clearRentalMarket - first block took 6.29425048828125e-5
2024_10_05_T18:38:00 -  clearRentalMarket - second block took 1.9073486328125e-6
2024_10_05_T18:38:00 -  Model step took 0.28046298027038574 seconds
2024_10_05_T18:38:20 -  Model step started
2024_10_05_T18:38:20 -  clearHangingSupplies started
2024_10_05_T18:38:20 -  clearHangingSupplies took 1.71661376953125e-5
2024_10_05_T18:38:20 -  clearHangingRentalSupplies started
2024_10_05_T18:38:20 -  clearHangingRentalSupplies took 5.9604644775390625e-6
2024_10_05_T18:38:20 -  clearHouseMarket started
2024_10_05_T18:38:20 -  clearHouseMarket - first block took 0.014189958572387695
2024_10_05_T18:38:20 -  clearHouseMarket - second block took 0.0026221275329589844
2024_10_05_T18:38:20 -  clearHouseMarket - third block took 0.0019390583038330078
2024_10_05_T18:38:20 -  clearRentalMarket started
2024_10_05_T18:38:20 -  clearRentalMarket - first block took 0.008165836334228516
2024_10_05_T18:38:20 -  clearRentalMarket - second block took 0.00020313262939453125
2024_10_05_T18:38:20 -  Pushed house into housesBuiltPerRegion (location,size) = (Lisboa, LessThan125)
2024_10_05_T18:38:20 -  Pushed house into housesBuiltPerRegion (location,size) = (Lisboa, More)
2024_10_05_T18:38:20 -  Model step took 0.41304516792297363 seconds
2024_10_05_T18:38:40 -  Model step started
2024_10_05_T18:38:40 -  clearHangingSupplies started
2024_10_05_T18:38:40 -  clearHangingSupplies took 6.9141387939453125e-6
2024_10_05_T18:38:40 -  clearHangingRentalSupplies started
2024_10_05_T18:38:40 -  clearHangingRentalSupplies took 6.198883056640625e-6
2024_10_05_T18:38:40 -  clearHouseMarket started
2024_10_05_T18:38:40 -  clearHouseMarket - first block took 0.029195070266723633
2024_10_05_T18:38:40 -  clearHouseMarket - second block took 0.0026710033416748047
2024_10_05_T18:38:40 -  clearHouseMarket - third block took 0.0022058486938476562
2024_10_05_T18:38:40 -  clearRentalMarket started
2024_10_05_T18:38:40 -  clearRentalMarket - first block took 0.018368005752563477
2024_10_05_T18:38:40 -  clearRentalMarket - second block took 0.0003409385681152344
2024_10_05_T18:38:41 -  Pushed house into housesBuiltPerRegion (location,size) = (Lisboa, LessThan125)
2024_10_05_T18:38:41 -  Pushed house into housesBuiltPerRegion (location,size) = (Lisboa, LessThan125)
2024_10_05_T18:38:41 -  Model step took 0.3388998508453369 seconds
2024_10_05_T18:39:01 -  Model step started
2024_10_05_T18:39:01 -  clearHangingSupplies started
2024_10_05_T18:39:01 -  clearHangingSupplies took 1.3113021850585938e-5
2024_10_05_T18:39:01 -  clearHangingRentalSupplies started
2024_10_05_T18:39:01 -  clearHangingRentalSupplies took 6.9141387939453125e-6
2024_10_05_T18:39:01 -  clearHouseMarket started
2024_10_05_T18:39:01 -  clearHouseMarket - first block took 0.0649559497833252
2024_10_05_T18:39:01 -  clearHouseMarket - second block took 0.0013420581817626953
2024_10_05_T18:39:01 -  clearHouseMarket - third block took 0.0019659996032714844
2024_10_05_T18:39:01 -  clearRentalMarket started
2024_10_05_T18:39:01 -  clearRentalMarket - first block took 0.015794038772583008
2024_10_05_T18:39:01 -  clearRentalMarket - second block took 0.00028896331787109375
2024_10_05_T18:39:02 -  Model step took 0.3965339660644531 seconds
2024_10_05_T18:39:23 -  Model step started
2024_10_05_T18:39:23 -  clearHangingSupplies started
2024_10_05_T18:39:23 -  clearHangingSupplies took 4.0531158447265625e-6
2024_10_05_T18:39:23 -  clearHangingRentalSupplies started
2024_10_05_T18:39:23 -  clearHangingRentalSupplies took 1.9073486328125e-6
2024_10_05_T18:39:23 -  clearHouseMarket started
2024_10_05_T18:39:23 -  clearHouseMarket - first block took 2.002716064453125e-5
2024_10_05_T18:39:23 -  clearHouseMarket - second block took 1.9073486328125e-6
2024_10_05_T18:39:23 -  clearHouseMarket - third block took 0.0017681121826171875
2024_10_05_T18:39:23 -  clearRentalMarket started
2024_10_05_T18:39:23 -  clearRentalMarket - first block took 1.3113021850585938e-5
2024_10_05_T18:39:23 -  clearRentalMarket - second block took 1.1920928955078125e-6
2024_10_05_T18:39:23 -  Pushed house into housesBuiltPerRegion (location,size) = (Lisboa, LessThan75)
2024_10_05_T18:39:23 -  Pushed house into housesBuiltPerRegion (location,size) = (Lisboa, LessThan125)
2024_10_05_T18:39:23 -  Pushed house into housesBuiltPerRegion (location,size) = (Lisboa, LessThan125)
2024_10_05_T18:39:23 -  Pushed house into housesBuiltPerRegion (location,size) = (Lisboa, More)
2024_10_05_T18:39:23 -  Pushed house into housesBuiltPerRegion (location,size) = (Lisboa, More)
2024_10_05_T18:39:23 -  Pushed house into housesBuiltPerRegion (location,size) = (Lisboa, More)
2024_10_05_T18:39:23 -  Model step took 0.38025903701782227 seconds
2024_10_05_T18:39:44 -  Model step started
2024_10_05_T18:39:44 -  clearHangingSupplies started
2024_10_05_T18:39:44 -  clearHangingSupplies took 1.5020370483398438e-5
2024_10_05_T18:39:44 -  clearHangingRentalSupplies started
2024_10_05_T18:39:44 -  clearHangingRentalSupplies took 1.0013580322265625e-5
2024_10_05_T18:39:44 -  clearHouseMarket started
2024_10_05_T18:39:44 -  clearHouseMarket - first block took 0.09886598587036133
2024_10_05_T18:39:44 -  clearHouseMarket - second block took 0.0014300346374511719
2024_10_05_T18:39:44 -  clearHouseMarket - third block took 0.0022950172424316406
2024_10_05_T18:39:44 -  clearRentalMarket started
2024_10_05_T18:39:44 -  clearRentalMarket - first block took 0.0099029541015625
2024_10_05_T18:39:44 -  clearRentalMarket - second block took 0.00023889541625976562
2024_10_05_T18:39:44 -  Pushed house into housesBuiltPerRegion (location,size) = (Lisboa, LessThan75)
2024_10_05_T18:39:44 -  Pushed house into housesBuiltPerRegion (location,size) = (Lisboa, LessThan75)
2024_10_05_T18:39:44 -  Pushed house into housesBuiltPerRegion (location,size) = (Lisboa, More)
2024_10_05_T18:39:44 -  Pushed house into housesBuiltPerRegion (location,size) = (Lisboa, LessThan125)
2024_10_05_T18:39:44 -  Pushed house into housesBuiltPerRegion (location,size) = (Lisboa, More)
2024_10_05_T18:39:44 -  Model step took 0.49762582778930664 seconds
2024_10_05_T18:40:06 -  Model step started
2024_10_05_T18:40:06 -  clearHangingSupplies started
2024_10_05_T18:40:06 -  clearHangingSupplies took 1.0967254638671875e-5
2024_10_05_T18:40:06 -  clearHangingRentalSupplies started
2024_10_05_T18:40:06 -  clearHangingRentalSupplies took 1.9073486328125e-6
2024_10_05_T18:40:06 -  clearHouseMarket started
2024_10_05_T18:40:06 -  clearHouseMarket - first block took 0.11077690124511719
2024_10_05_T18:40:06 -  clearHouseMarket - second block took 0.0020918846130371094
2024_10_05_T18:40:06 -  clearHouseMarket - third block took 0.002228975296020508
2024_10_05_T18:40:06 -  clearRentalMarket started
2024_10_05_T18:40:06 -  clearRentalMarket - first block took 2.4080276489257812e-5
2024_10_05_T18:40:06 -  clearRentalMarket - second block took 9.5367431640625e-7
2024_10_05_T18:40:06 -  Pushed house into housesBuiltPerRegion (location,size) = (Lisboa, LessThan75)
2024_10_05_T18:40:06 -  Pushed house into housesBuiltPerRegion (location,size) = (Lisboa, LessThan125)
2024_10_05_T18:40:06 -  Pushed house into housesBuiltPerRegion (location,size) = (Lisboa, LessThan125)
2024_10_05_T18:40:06 -  Pushed house into housesBuiltPerRegion (location,size) = (Lisboa, LessThan125)
2024_10_05_T18:40:06 -  Pushed house into housesBuiltPerRegion (location,size) = (Lisboa, LessThan125)
2024_10_05_T18:40:06 -  Pushed house into housesBuiltPerRegion (location,size) = (Lisboa, LessThan125)
2024_10_05_T18:40:06 -  Pushed house into housesBuiltPerRegion (location,size) = (Lisboa, LessThan125)
2024_10_05_T18:40:07 -  Pushed house into housesBuiltPerRegion (location,size) = (Lisboa, More)
2024_10_05_T18:40:07 -  Pushed house into housesBuiltPerRegion (location,size) = (Lisboa, More)
2024_10_05_T18:40:07 -  Pushed house into housesBuiltPerRegion (location,size) = (Lisboa, More)
2024_10_05_T18:40:07 -  Pushed house into housesBuiltPerRegion (location,size) = (Lisboa, More)
2024_10_05_T18:40:07 -  Model step took 0.47075819969177246 seconds
2024_10_05_T18:40:29 -  Model step started
2024_10_05_T18:40:29 -  clearHangingSupplies started
2024_10_05_T18:40:29 -  clearHangingSupplies took 1.811981201171875e-5
2024_10_05_T18:40:29 -  clearHangingRentalSupplies started
2024_10_05_T18:40:29 -  clearHangingRentalSupplies took 7.867813110351562e-6
2024_10_05_T18:40:29 -  clearHouseMarket started
2024_10_05_T18:40:29 -  clearHouseMarket - first block took 0.24078106880187988
2024_10_05_T18:40:29 -  clearHouseMarket - second block took 0.006371974945068359
2024_10_05_T18:40:29 -  clearHouseMarket - third block took 0.0023012161254882812
2024_10_05_T18:40:29 -  clearRentalMarket started
2024_10_05_T18:40:30 -  clearRentalMarket - first block took 0.026491165161132812
2024_10_05_T18:40:30 -  clearRentalMarket - second block took 0.00024890899658203125
2024_10_05_T18:40:30 -  Pushed house into housesBuiltPerRegion (location,size) = (Lisboa, LessThan75)
2024_10_05_T18:40:30 -  Pushed house into housesBuiltPerRegion (location,size) = (Lisboa, LessThan75)
2024_10_05_T18:40:30 -  Pushed house into housesBuiltPerRegion (location,size) = (Lisboa, LessThan125)
2024_10_05_T18:40:30 -  Pushed house into housesBuiltPerRegion (location,size) = (Lisboa, More)
2024_10_05_T18:40:30 -  Pushed house into housesBuiltPerRegion (location,size) = (Lisboa, More)
2024_10_05_T18:40:30 -  Pushed house into housesBuiltPerRegion (location,size) = (Lisboa, More)
2024_10_05_T18:40:30 -  Pushed house into housesBuiltPerRegion (location,size) = (Lisboa, More)
2024_10_05_T18:40:30 -  Pushed house into housesBuiltPerRegion (location,size) = (Lisboa, More)
2024_10_05_T18:40:30 -  Model step took 0.6562011241912842 seconds
2024_10_05_T18:40:52 -  Model step started
2024_10_05_T18:40:52 -  clearHangingSupplies started
2024_10_05_T18:40:52 -  clearHangingSupplies took 1.3113021850585938e-5
2024_10_05_T18:40:52 -  clearHangingRentalSupplies started
2024_10_05_T18:40:52 -  clearHangingRentalSupplies took 6.9141387939453125e-6
2024_10_05_T18:40:52 -  clearHouseMarket started
2024_10_05_T18:40:52 -  clearHouseMarket - first block took 0.13022994995117188
2024_10_05_T18:40:52 -  clearHouseMarket - second block took 0.0030667781829833984
2024_10_05_T18:40:52 -  clearHouseMarket - third block took 0.0020830631256103516
2024_10_05_T18:40:52 -  clearRentalMarket started
2024_10_05_T18:40:52 -  clearRentalMarket - first block took 0.030350923538208008
2024_10_05_T18:40:52 -  clearRentalMarket - second block took 0.00027489662170410156
2024_10_05_T18:40:52 -  Pushed house into housesBuiltPerRegion (location,size) = (Lisboa, LessThan50)
2024_10_05_T18:40:52 -  Pushed house into housesBuiltPerRegion (location,size) = (Lisboa, LessThan125)
2024_10_05_T18:40:52 -  Pushed house into housesBuiltPerRegion (location,size) = (Lisboa, LessThan75)
2024_10_05_T18:40:52 -  Pushed house into housesBuiltPerRegion (location,size) = (Lisboa, LessThan75)
2024_10_05_T18:40:52 -  Pushed house into housesBuiltPerRegion (location,size) = (Lisboa, LessThan125)
2024_10_05_T18:40:52 -  Pushed house into housesBuiltPerRegion (location,size) = (Lisboa, More)
2024_10_05_T18:40:53 -  Pushed house into housesBuiltPerRegion (location,size) = (Lisboa, More)
2024_10_05_T18:40:53 -  Pushed house into housesBuiltPerRegion (location,size) = (Lisboa, More)
2024_10_05_T18:40:53 -  Pushed house into housesBuiltPerRegion (location,size) = (Lisboa, More)
2024_10_05_T18:40:53 -  Model step took 0.6743149757385254 seconds
2024_10_05_T18:41:15 -  Model step started
2024_10_05_T18:41:15 -  clearHangingSupplies started
2024_10_05_T18:41:15 -  clearHangingSupplies took 2.5987625122070312e-5
2024_10_05_T18:41:15 -  clearHangingRentalSupplies started
2024_10_05_T18:41:15 -  clearHangingRentalSupplies took 5.9604644775390625e-6
2024_10_05_T18:41:15 -  clearHouseMarket started
2024_10_05_T18:41:15 -  clearHouseMarket - first block took 0.1390368938446045
2024_10_05_T18:41:15 -  clearHouseMarket - second block took 0.0037119388580322266
2024_10_05_T18:41:15 -  clearHouseMarket - third block took 0.0030050277709960938
2024_10_05_T18:41:15 -  clearRentalMarket started
2024_10_05_T18:41:15 -  clearRentalMarket - first block took 0.010036945343017578
2024_10_05_T18:41:15 -  clearRentalMarket - second block took 0.0002579689025878906
2024_10_05_T18:41:15 -  Pushed house into housesBuiltPerRegion (location,size) = (Lisboa, LessThan75)
2024_10_05_T18:41:15 -  Pushed house into housesBuiltPerRegion (location,size) = (Lisboa, LessThan75)
2024_10_05_T18:41:15 -  Pushed house into housesBuiltPerRegion (location,size) = (Lisboa, LessThan75)
2024_10_05_T18:41:15 -  Pushed house into housesBuiltPerRegion (location,size) = (Lisboa, LessThan75)
2024_10_05_T18:41:15 -  Pushed house into housesBuiltPerRegion (location,size) = (Lisboa, LessThan125)
2024_10_05_T18:41:15 -  Pushed house into housesBuiltPerRegion (location,size) = (Lisboa, LessThan125)
2024_10_05_T18:41:15 -  Pushed house into housesBuiltPerRegion (location,size) = (Lisboa, LessThan125)
2024_10_05_T18:41:15 -  Pushed house into housesBuiltPerRegion (location,size) = (Lisboa, LessThan125)
2024_10_05_T18:41:15 -  Pushed house into housesBuiltPerRegion (location,size) = (Lisboa, LessThan125)
2024_10_05_T18:41:15 -  Pushed house into housesBuiltPerRegion (location,size) = (Lisboa, LessThan125)
2024_10_05_T18:41:15 -  Pushed house into housesBuiltPerRegion (location,size) = (Lisboa, LessThan125)
2024_10_05_T18:41:15 -  Pushed house into housesBuiltPerRegion (location,size) = (Lisboa, More)
2024_10_05_T18:41:15 -  Pushed house into housesBuiltPerRegion (location,size) = (Lisboa, More)
2024_10_05_T18:41:16 -  Pushed house into housesBuiltPerRegion (location,size) = (Lisboa, More)
2024_10_05_T18:41:16 -  Pushed house into housesBuiltPerRegion (location,size) = (Lisboa, More)
2024_10_05_T18:41:16 -  Pushed house into housesBuiltPerRegion (location,size) = (Lisboa, More)
2024_10_05_T18:41:16 -  Pushed house into housesBuiltPerRegion (location,size) = (Lisboa, More)
2024_10_05_T18:41:16 -  Model step took 0.6815938949584961 seconds
2024_10_05_T18:41:39 -  Model step started
2024_10_05_T18:41:39 -  clearHangingSupplies started
2024_10_05_T18:41:39 -  clearHangingSupplies took 1.3828277587890625e-5
2024_10_05_T18:41:39 -  clearHangingRentalSupplies started
2024_10_05_T18:41:39 -  clearHangingRentalSupplies took 2.86102294921875e-6
2024_10_05_T18:41:39 -  clearHouseMarket started
2024_10_05_T18:41:40 -  clearHouseMarket - first block took 0.29433393478393555
2024_10_05_T18:41:40 -  clearHouseMarket - second block took 0.00683283805847168
2024_10_05_T18:41:40 -  clearHouseMarket - third block took 0.002420186996459961
2024_10_05_T18:41:40 -  clearRentalMarket started
2024_10_05_T18:41:40 -  clearRentalMarket - first block took 2.8133392333984375e-5
2024_10_05_T18:41:40 -  clearRentalMarket - second block took 1.1920928955078125e-6
2024_10_05_T18:41:40 -  Pushed house into housesBuiltPerRegion (location,size) = (Lisboa, LessThan50)
2024_10_05_T18:41:40 -  Pushed house into housesBuiltPerRegion (location,size) = (Lisboa, LessThan125)
2024_10_05_T18:41:40 -  Pushed house into housesBuiltPerRegion (location,size) = (Lisboa, LessThan75)
2024_10_05_T18:41:40 -  Pushed house into housesBuiltPerRegion (location,size) = (Lisboa, LessThan75)
2024_10_05_T18:41:40 -  Pushed house into housesBuiltPerRegion (location,size) = (Lisboa, LessThan75)
2024_10_05_T18:41:40 -  Pushed house into housesBuiltPerRegion (location,size) = (Lisboa, LessThan75)
2024_10_05_T18:41:40 -  Pushed house into housesBuiltPerRegion (location,size) = (Lisboa, LessThan75)
2024_10_05_T18:41:40 -  Pushed house into housesBuiltPerRegion (location,size) = (Lisboa, LessThan125)
2024_10_05_T18:41:40 -  Pushed house into housesBuiltPerRegion (location,size) = (Lisboa, LessThan125)
2024_10_05_T18:41:40 -  Pushed house into housesBuiltPerRegion (location,size) = (Lisboa, LessThan125)
2024_10_05_T18:41:40 -  Pushed house into housesBuiltPerRegion (location,size) = (Lisboa, LessThan125)
2024_10_05_T18:41:40 -  Pushed house into housesBuiltPerRegion (location,size) = (Lisboa, LessThan125)
2024_10_05_T18:41:40 -  Pushed house into housesBuiltPerRegion (location,size) = (Lisboa, LessThan125)
2024_10_05_T18:41:40 -  Pushed house into housesBuiltPerRegion (location,size) = (Lisboa, LessThan125)
2024_10_05_T18:41:40 -  Pushed house into housesBuiltPerRegion (location,size) = (Lisboa, LessThan125)
2024_10_05_T18:41:40 -  Pushed house into housesBuiltPerRegion (location,size) = (Lisboa, LessThan125)
2024_10_05_T18:41:40 -  Pushed house into housesBuiltPerRegion (location,size) = (Lisboa, More)
2024_10_05_T18:41:40 -  Pushed house into housesBuiltPerRegion (location,size) = (Lisboa, More)
2024_10_05_T18:41:40 -  Pushed house into housesBuiltPerRegion (location,size) = (Lisboa, More)
2024_10_05_T18:41:40 -  Pushed house into housesBuiltPerRegion (location,size) = (Lisboa, More)
2024_10_05_T18:41:40 -  Pushed house into housesBuiltPerRegion (location,size) = (Lisboa, More)
2024_10_05_T18:41:40 -  Pushed house into housesBuiltPerRegion (location,size) = (Lisboa, More)
2024_10_05_T18:41:40 -  Pushed house into housesBuiltPerRegion (location,size) = (Lisboa, More)
2024_10_05_T18:41:40 -  Pushed house into housesBuiltPerRegion (location,size) = (Lisboa, More)
2024_10_05_T18:41:40 -  Model step took 0.763516902923584 seconds
2024_10_05_T18:42:05 -  Model step started
2024_10_05_T18:42:05 -  clearHangingSupplies started
2024_10_05_T18:42:05 -  clearHangingSupplies took 1.5974044799804688e-5
2024_10_05_T18:42:05 -  clearHangingRentalSupplies started
2024_10_05_T18:42:05 -  clearHangingRentalSupplies took 3.0994415283203125e-6
2024_10_05_T18:42:05 -  clearHouseMarket started
2024_10_05_T18:42:05 -  clearHouseMarket - first block took 0.3978140354156494
2024_10_05_T18:42:05 -  clearHouseMarket - second block took 0.007462024688720703
2024_10_05_T18:42:05 -  clearHouseMarket - third block took 0.002216815948486328
2024_10_05_T18:42:05 -  clearRentalMarket started
2024_10_05_T18:42:05 -  clearRentalMarket - first block took 2.193450927734375e-5
2024_10_05_T18:42:05 -  clearRentalMarket - second block took 9.5367431640625e-7
2024_10_05_T18:42:05 -  Pushed house into housesBuiltPerRegion (location,size) = (Lisboa, LessThan75)
2024_10_05_T18:42:05 -  Pushed house into housesBuiltPerRegion (location,size) = (Lisboa, LessThan75)
2024_10_05_T18:42:05 -  Pushed house into housesBuiltPerRegion (location,size) = (Lisboa, LessThan75)
2024_10_05_T18:42:05 -  Pushed house into housesBuiltPerRegion (location,size) = (Lisboa, LessThan75)
2024_10_05_T18:42:05 -  Pushed house into housesBuiltPerRegion (location,size) = (Lisboa, LessThan125)
2024_10_05_T18:42:05 -  Pushed house into housesBuiltPerRegion (location,size) = (Lisboa, LessThan125)
2024_10_05_T18:42:06 -  Pushed house into housesBuiltPerRegion (location,size) = (Lisboa, LessThan125)
2024_10_05_T18:42:06 -  Pushed house into housesBuiltPerRegion (location,size) = (Lisboa, LessThan125)
2024_10_05_T18:42:06 -  Pushed house into housesBuiltPerRegion (location,size) = (Lisboa, LessThan125)
2024_10_05_T18:42:06 -  Pushed house into housesBuiltPerRegion (location,size) = (Lisboa, LessThan125)
2024_10_05_T18:42:06 -  Pushed house into housesBuiltPerRegion (location,size) = (Lisboa, LessThan125)
2024_10_05_T18:42:06 -  Pushed house into housesBuiltPerRegion (location,size) = (Lisboa, LessThan125)
2024_10_05_T18:42:06 -  Pushed house into housesBuiltPerRegion (location,size) = (Lisboa, More)
2024_10_05_T18:42:06 -  Pushed house into housesBuiltPerRegion (location,size) = (Lisboa, LessThan125)
2024_10_05_T18:42:06 -  Pushed house into housesBuiltPerRegion (location,size) = (Lisboa, LessThan125)
2024_10_05_T18:42:06 -  Pushed house into housesBuiltPerRegion (location,size) = (Lisboa, LessThan125)
2024_10_05_T18:42:06 -  Pushed house into housesBuiltPerRegion (location,size) = (Lisboa, More)
2024_10_05_T18:42:06 -  Pushed house into housesBuiltPerRegion (location,size) = (Lisboa, More)
2024_10_05_T18:42:06 -  Pushed house into housesBuiltPerRegion (location,size) = (Lisboa, More)
2024_10_05_T18:42:06 -  Pushed house into housesBuiltPerRegion (location,size) = (Lisboa, More)
2024_10_05_T18:42:06 -  Pushed house into housesBuiltPerRegion (location,size) = (Lisboa, More)
2024_10_05_T18:42:06 -  Pushed house into housesBuiltPerRegion (location,size) = (Lisboa, More)
2024_10_05_T18:42:06 -  Pushed house into housesBuiltPerRegion (location,size) = (Lisboa, More)
2024_10_05_T18:42:06 -  Pushed house into housesBuiltPerRegion (location,size) = (Lisboa, More)
2024_10_05_T18:42:06 -  Pushed house into housesBuiltPerRegion (location,size) = (Lisboa, More)
2024_10_05_T18:42:06 -  Model step took 1.2007379531860352 seconds
2024_10_05_T18:42:32 -  Model step started
2024_10_05_T18:42:32 -  clearHangingSupplies started
2024_10_05_T18:42:32 -  clearHangingSupplies took 1.811981201171875e-5
2024_10_05_T18:42:32 -  clearHangingRentalSupplies started
2024_10_05_T18:42:32 -  clearHangingRentalSupplies took 5.9604644775390625e-6
2024_10_05_T18:42:32 -  clearHouseMarket started
2024_10_05_T18:42:32 -  clearHouseMarket - first block took 0.46956706047058105
2024_10_05_T18:42:32 -  clearHouseMarket - second block took 0.010806083679199219
2024_10_05_T18:42:32 -  clearHouseMarket - third block took 0.002482891082763672
2024_10_05_T18:42:32 -  clearRentalMarket started
2024_10_05_T18:42:32 -  clearRentalMarket - first block took 0.02077007293701172
2024_10_05_T18:42:32 -  clearRentalMarket - second block took 0.0005030632019042969
2024_10_05_T18:42:32 -  Pushed house into housesBuiltPerRegion (location,size) = (Lisboa, LessThan50)
2024_10_05_T18:42:32 -  Pushed house into housesBuiltPerRegion (location,size) = (Lisboa, LessThan50)
2024_10_05_T18:42:32 -  Pushed house into housesBuiltPerRegion (location,size) = (Lisboa, LessThan75)
2024_10_05_T18:42:32 -  Pushed house into housesBuiltPerRegion (location,size) = (Lisboa, LessThan75)
2024_10_05_T18:42:32 -  Pushed house into housesBuiltPerRegion (location,size) = (Lisboa, LessThan75)
2024_10_05_T18:42:32 -  Pushed house into housesBuiltPerRegion (location,size) = (Lisboa, LessThan125)
2024_10_05_T18:42:32 -  Pushed house into housesBuiltPerRegion (location,size) = (Lisboa, LessThan125)
2024_10_05_T18:42:32 -  Pushed house into housesBuiltPerRegion (location,size) = (Lisboa, LessThan125)
2024_10_05_T18:42:32 -  Pushed house into housesBuiltPerRegion (location,size) = (Lisboa, LessThan125)
2024_10_05_T18:42:32 -  Pushed house into housesBuiltPerRegion (location,size) = (Lisboa, LessThan125)
2024_10_05_T18:42:32 -  Pushed house into housesBuiltPerRegion (location,size) = (Lisboa, More)
2024_10_05_T18:42:32 -  Pushed house into housesBuiltPerRegion (location,size) = (Lisboa, More)
2024_10_05_T18:42:32 -  Pushed house into housesBuiltPerRegion (location,size) = (Lisboa, More)
2024_10_05_T18:42:32 -  Pushed house into housesBuiltPerRegion (location,size) = (Lisboa, More)
2024_10_05_T18:42:32 -  Pushed house into housesBuiltPerRegion (location,size) = (Lisboa, More)
2024_10_05_T18:42:32 -  Pushed house into housesBuiltPerRegion (location,size) = (Lisboa, More)
2024_10_05_T18:42:32 -  Pushed house into housesBuiltPerRegion (location,size) = (Lisboa, More)
2024_10_05_T18:42:32 -  Pushed house into housesBuiltPerRegion (location,size) = (Lisboa, More)
2024_10_05_T18:42:32 -  Pushed house into housesBuiltPerRegion (location,size) = (Lisboa, More)
2024_10_05_T18:42:32 -  Pushed house into housesBuiltPerRegion (location,size) = (Lisboa, More)
2024_10_05_T18:42:32 -  Pushed house into housesBuiltPerRegion (location,size) = (Lisboa, More)
2024_10_05_T18:42:32 -  Pushed house into housesBuiltPerRegion (location,size) = (Lisboa, More)
2024_10_05_T18:42:32 -  Pushed house into housesBuiltPerRegion (location,size) = (Lisboa, More)
2024_10_05_T18:42:33 -  Model step took 0.9358389377593994 seconds
2024_10_05_T18:42:55 -  Model step started
2024_10_05_T18:42:55 -  clearHangingSupplies started
2024_10_05_T18:42:55 -  clearHangingSupplies took 1.3828277587890625e-5
2024_10_05_T18:42:55 -  clearHangingRentalSupplies started
2024_10_05_T18:42:55 -  clearHangingRentalSupplies took 5.0067901611328125e-6
2024_10_05_T18:42:55 -  clearHouseMarket started
2024_10_05_T18:42:55 -  clearHouseMarket - first block took 0.3380858898162842
2024_10_05_T18:42:55 -  clearHouseMarket - second block took 0.00663304328918457
2024_10_05_T18:42:55 -  clearHouseMarket - third block took 0.002535104751586914
2024_10_05_T18:42:55 -  clearRentalMarket started
2024_10_05_T18:42:55 -  clearRentalMarket - first block took 0.016409873962402344
2024_10_05_T18:42:55 -  clearRentalMarket - second block took 0.0005669593811035156
2024_10_05_T18:42:55 -  Pushed house into housesBuiltPerRegion (location,size) = (Lisboa, LessThan50)
2024_10_05_T18:42:55 -  Pushed house into housesBuiltPerRegion (location,size) = (Lisboa, LessThan75)
2024_10_05_T18:42:55 -  Pushed house into housesBuiltPerRegion (location,size) = (Lisboa, LessThan75)
2024_10_05_T18:42:55 -  Pushed house into housesBuiltPerRegion (location,size) = (Lisboa, LessThan125)
2024_10_05_T18:42:55 -  Pushed house into housesBuiltPerRegion (location,size) = (Lisboa, LessThan125)
2024_10_05_T18:42:55 -  Pushed house into housesBuiltPerRegion (location,size) = (Lisboa, LessThan125)
2024_10_05_T18:42:55 -  Pushed house into housesBuiltPerRegion (location,size) = (Lisboa, LessThan125)
2024_10_05_T18:42:55 -  Pushed house into housesBuiltPerRegion (location,size) = (Lisboa, LessThan125)
2024_10_05_T18:42:55 -  Pushed house into housesBuiltPerRegion (location,size) = (Lisboa, LessThan125)
2024_10_05_T18:42:55 -  Pushed house into housesBuiltPerRegion (location,size) = (Lisboa, LessThan125)
2024_10_05_T18:42:55 -  Pushed house into housesBuiltPerRegion (location,size) = (Lisboa, LessThan125)
2024_10_05_T18:42:55 -  Pushed house into housesBuiltPerRegion (location,size) = (Lisboa, More)
2024_10_05_T18:42:55 -  Pushed house into housesBuiltPerRegion (location,size) = (Lisboa, More)
2024_10_05_T18:42:55 -  Pushed house into housesBuiltPerRegion (location,size) = (Lisboa, More)
2024_10_05_T18:42:55 -  Pushed house into housesBuiltPerRegion (location,size) = (Lisboa, More)
2024_10_05_T18:42:55 -  Pushed house into housesBuiltPerRegion (location,size) = (Lisboa, More)
2024_10_05_T18:42:55 -  Model step took 0.8378620147705078 seconds
2024_10_05_T18:43:21 -  Model step started
2024_10_05_T18:43:21 -  clearHangingSupplies started
2024_10_05_T18:43:21 -  clearHangingSupplies took 1.7881393432617188e-5
2024_10_05_T18:43:21 -  clearHangingRentalSupplies started
2024_10_05_T18:43:21 -  clearHangingRentalSupplies took 7.152557373046875e-6
2024_10_05_T18:43:21 -  clearHouseMarket started
2024_10_05_T18:43:21 -  clearHouseMarket - first block took 0.2782258987426758
2024_10_05_T18:43:21 -  clearHouseMarket - second block took 0.0059740543365478516
2024_10_05_T18:43:21 -  clearHouseMarket - third block took 0.0025038719177246094
2024_10_05_T18:43:21 -  clearRentalMarket started
2024_10_05_T18:43:21 -  clearRentalMarket - first block took 0.03088998794555664
2024_10_05_T18:43:21 -  clearRentalMarket - second block took 0.0008761882781982422
2024_10_05_T18:43:21 -  Pushed house into housesBuiltPerRegion (location,size) = (Lisboa, LessThan75)
2024_10_05_T18:43:21 -  Pushed house into housesBuiltPerRegion (location,size) = (Lisboa, LessThan125)
2024_10_05_T18:43:21 -  Pushed house into housesBuiltPerRegion (location,size) = (Lisboa, LessThan75)
2024_10_05_T18:43:21 -  Pushed house into housesBuiltPerRegion (location,size) = (Lisboa, LessThan125)
2024_10_05_T18:43:21 -  Pushed house into housesBuiltPerRegion (location,size) = (Lisboa, LessThan125)
2024_10_05_T18:43:21 -  Pushed house into housesBuiltPerRegion (location,size) = (Lisboa, LessThan125)
2024_10_05_T18:43:21 -  Pushed house into housesBuiltPerRegion (location,size) = (Lisboa, LessThan125)
2024_10_05_T18:43:21 -  Pushed house into housesBuiltPerRegion (location,size) = (Lisboa, LessThan125)
2024_10_05_T18:43:21 -  Pushed house into housesBuiltPerRegion (location,size) = (Lisboa, LessThan125)
2024_10_05_T18:43:21 -  Pushed house into housesBuiltPerRegion (location,size) = (Lisboa, LessThan125)
2024_10_05_T18:43:21 -  Pushed house into housesBuiltPerRegion (location,size) = (Lisboa, LessThan125)
2024_10_05_T18:43:21 -  Pushed house into housesBuiltPerRegion (location,size) = (Lisboa, LessThan125)
2024_10_05_T18:43:21 -  Pushed house into housesBuiltPerRegion (location,size) = (Lisboa, LessThan125)
2024_10_05_T18:43:21 -  Pushed house into housesBuiltPerRegion (location,size) = (Lisboa, LessThan125)
2024_10_05_T18:43:21 -  Pushed house into housesBuiltPerRegion (location,size) = (Lisboa, LessThan125)
2024_10_05_T18:43:21 -  Pushed house into housesBuiltPerRegion (location,size) = (Lisboa, More)
2024_10_05_T18:43:21 -  Pushed house into housesBuiltPerRegion (location,size) = (Lisboa, More)
2024_10_05_T18:43:21 -  Pushed house into housesBuiltPerRegion (location,size) = (Lisboa, More)
2024_10_05_T18:43:21 -  Pushed house into housesBuiltPerRegion (location,size) = (Lisboa, More)
2024_10_05_T18:43:21 -  Pushed house into housesBuiltPerRegion (location,size) = (Lisboa, More)
2024_10_05_T18:43:21 -  Pushed house into housesBuiltPerRegion (location,size) = (Lisboa, More)
2024_10_05_T18:43:21 -  Pushed house into housesBuiltPerRegion (location,size) = (Lisboa, More)
2024_10_05_T18:43:21 -  Pushed house into housesBuiltPerRegion (location,size) = (Lisboa, More)
2024_10_05_T18:43:21 -  Pushed house into housesBuiltPerRegion (location,size) = (Lisboa, More)
2024_10_05_T18:43:21 -  Pushed house into housesBuiltPerRegion (location,size) = (Lisboa, More)
2024_10_05_T18:43:21 -  Pushed house into housesBuiltPerRegion (location,size) = (Lisboa, More)
2024_10_05_T18:43:21 -  Pushed house into housesBuiltPerRegion (location,size) = (Lisboa, More)
2024_10_05_T18:43:21 -  Pushed house into housesBuiltPerRegion (location,size) = (Lisboa, More)
2024_10_05_T18:43:21 -  Pushed house into housesBuiltPerRegion (location,size) = (Lisboa, More)
2024_10_05_T18:43:21 -  Pushed house into housesBuiltPerRegion (location,size) = (Lisboa, More)
2024_10_05_T18:43:21 -  Pushed house into housesBuiltPerRegion (location,size) = (Lisboa, More)
2024_10_05_T18:43:22 -  Model step took 0.8704979419708252 seconds
2024_10_05_T18:43:48 -  Model step started
2024_10_05_T18:43:48 -  clearHangingSupplies started
2024_10_05_T18:43:48 -  clearHangingSupplies took 2.288818359375e-5
2024_10_05_T18:43:48 -  clearHangingRentalSupplies started
2024_10_05_T18:43:48 -  clearHangingRentalSupplies took 3.0994415283203125e-6
2024_10_05_T18:43:48 -  clearHouseMarket started
2024_10_05_T18:43:49 -  clearHouseMarket - first block took 0.7083799839019775
2024_10_05_T18:43:49 -  clearHouseMarket - second block took 0.010363101959228516
2024_10_05_T18:43:49 -  clearHouseMarket - third block took 0.012392044067382812
2024_10_05_T18:43:49 -  clearRentalMarket started
2024_10_05_T18:43:49 -  clearRentalMarket - first block took 8.988380432128906e-5
2024_10_05_T18:43:49 -  clearRentalMarket - second block took 1.1920928955078125e-6
2024_10_05_T18:43:49 -  Pushed house into housesBuiltPerRegion (location,size) = (Lisboa, LessThan50)
2024_10_05_T18:43:49 -  Pushed house into housesBuiltPerRegion (location,size) = (Lisboa, LessThan75)
2024_10_05_T18:43:49 -  Pushed house into housesBuiltPerRegion (location,size) = (Lisboa, LessThan75)
2024_10_05_T18:43:49 -  Pushed house into housesBuiltPerRegion (location,size) = (Lisboa, LessThan75)
2024_10_05_T18:43:49 -  Pushed house into housesBuiltPerRegion (location,size) = (Lisboa, LessThan125)
2024_10_05_T18:43:49 -  Pushed house into housesBuiltPerRegion (location,size) = (Lisboa, LessThan125)
2024_10_05_T18:43:49 -  Pushed house into housesBuiltPerRegion (location,size) = (Lisboa, LessThan125)
2024_10_05_T18:43:49 -  Pushed house into housesBuiltPerRegion (location,size) = (Lisboa, LessThan125)
2024_10_05_T18:43:49 -  Pushed house into housesBuiltPerRegion (location,size) = (Lisboa, LessThan125)
2024_10_05_T18:43:49 -  Pushed house into housesBuiltPerRegion (location,size) = (Lisboa, LessThan125)
2024_10_05_T18:43:50 -  Pushed house into housesBuiltPerRegion (location,size) = (Lisboa, LessThan125)
2024_10_05_T18:43:50 -  Pushed house into housesBuiltPerRegion (location,size) = (Lisboa, LessThan125)
2024_10_05_T18:43:50 -  Pushed house into housesBuiltPerRegion (location,size) = (Lisboa, LessThan125)
2024_10_05_T18:43:50 -  Pushed house into housesBuiltPerRegion (location,size) = (Lisboa, LessThan125)
2024_10_05_T18:43:50 -  Pushed house into housesBuiltPerRegion (location,size) = (Lisboa, More)
2024_10_05_T18:43:50 -  Pushed house into housesBuiltPerRegion (location,size) = (Lisboa, More)
2024_10_05_T18:43:50 -  Pushed house into housesBuiltPerRegion (location,size) = (Lisboa, More)
2024_10_05_T18:43:50 -  Pushed house into housesBuiltPerRegion (location,size) = (Lisboa, More)
2024_10_05_T18:43:50 -  Pushed house into housesBuiltPerRegion (location,size) = (Lisboa, More)
2024_10_05_T18:43:50 -  Pushed house into housesBuiltPerRegion (location,size) = (Lisboa, More)
2024_10_05_T18:43:50 -  Pushed house into housesBuiltPerRegion (location,size) = (Lisboa, More)
2024_10_05_T18:43:50 -  Pushed house into housesBuiltPerRegion (location,size) = (Lisboa, More)
2024_10_05_T18:43:50 -  Pushed house into housesBuiltPerRegion (location,size) = (Lisboa, More)
2024_10_05_T18:43:50 -  Model step took 1.4071040153503418 seconds
