2024_09_19_T19:46:22 -  finished initateHouses in 0.5726010799407959 seconds
2024_09_19_T19:46:22 -  finished initiateHouseholds in 0.8332929611206055 seconds
2024_09_19_T19:46:22 -  finished assignHousesToHouseholds in 1.0331580638885498 seconds
2024_09_19_T19:46:37 -  Model step started
2024_09_19_T19:46:39 -  Model step took 2.1016759872436523 seconds
2024_09_19_T19:46:47 -  Model step started
2024_09_19_T19:46:47 -  Model step took 0.08487319946289062 seconds
2024_09_19_T19:46:55 -  Model step started
2024_09_19_T19:46:55 -  Model step took 0.007916927337646484 seconds
2024_09_19_T19:47:03 -  Model step started
2024_09_19_T19:47:03 -  Model step took 0.007777214050292969 seconds
2024_09_19_T19:47:10 -  Model step started
2024_09_19_T19:47:10 -  Model step took 0.007732868194580078 seconds
2024_09_19_T19:47:19 -  Model step started
2024_09_19_T19:47:19 -  Model step took 0.008838891983032227 seconds
2024_09_19_T19:47:30 -  Model step started
2024_09_19_T19:47:30 -  Model step took 0.012637138366699219 seconds
2024_09_19_T19:47:39 -  Model step started
2024_09_19_T19:47:39 -  Model step took 0.027543067932128906 seconds
2024_09_19_T19:47:48 -  Model step started
2024_09_19_T19:47:48 -  Model step took 0.013387203216552734 seconds
2024_09_19_T19:47:56 -  Model step started
2024_09_19_T19:47:56 -  Model step took 0.007714033126831055 seconds
2024_09_19_T19:48:05 -  Model step started
2024_09_19_T19:48:05 -  Model step took 0.008074045181274414 seconds
2024_09_19_T19:48:13 -  Model step started
2024_09_19_T19:48:13 -  Model step took 0.011668920516967773 seconds
2024_09_19_T19:48:21 -  Model step started
2024_09_19_T19:48:21 -  Model step took 0.011420965194702148 seconds
2024_09_19_T19:48:29 -  Model step started
2024_09_19_T19:48:29 -  Model step took 0.011760950088500977 seconds
2024_09_19_T19:48:38 -  Model step started
2024_09_19_T19:48:38 -  Model step took 0.013033151626586914 seconds
2024_09_19_T19:48:47 -  Model step started
2024_09_19_T19:48:47 -  Model step took 0.012485027313232422 seconds
2024_09_19_T19:48:56 -  Model step started
2024_09_19_T19:48:56 -  Model step took 0.8019640445709229 seconds
2024_09_19_T19:49:05 -  Model step started
2024_09_19_T19:49:06 -  Model step took 0.8154478073120117 seconds
2024_09_19_T19:49:15 -  Model step started
2024_09_19_T19:49:16 -  Model step took 0.7625019550323486 seconds
2024_09_19_T19:49:25 -  Model step started
2024_09_19_T19:49:26 -  Model step took 0.9214978218078613 seconds
2024_09_19_T19:49:34 -  Model step started
2024_09_19_T19:49:35 -  Model step took 0.8422081470489502 seconds
2024_09_19_T19:49:42 -  Model step started
2024_09_19_T19:49:43 -  Model step took 0.88932204246521 seconds
2024_09_19_T19:49:50 -  Model step started
2024_09_19_T19:49:50 -  Model step took 0.8676588535308838 seconds
2024_09_19_T19:49:58 -  Model step started
2024_09_19_T19:49:59 -  Model step took 0.8719069957733154 seconds
2024_09_19_T19:50:06 -  Model step started
2024_09_19_T19:50:07 -  Model step took 0.8011980056762695 seconds
2024_09_19_T19:50:15 -  Model step started
2024_09_19_T19:50:16 -  Model step took 0.6609559059143066 seconds
2024_09_19_T19:50:23 -  Model step started
2024_09_19_T19:50:23 -  Model step took 0.56809401512146 seconds
2024_09_19_T19:50:30 -  Model step started
2024_09_19_T19:50:31 -  Model step took 0.493060827255249 seconds
2024_09_19_T19:50:38 -  Model step started
2024_09_19_T19:50:39 -  Model step took 0.2691640853881836 seconds
2024_09_19_T19:50:46 -  Model step started
2024_09_19_T19:50:46 -  Model step took 0.20183014869689941 seconds
