2024_09_08_T17:30:22 -  finished initateHouses in 0.301440954208374 seconds
2024_09_08_T17:30:22 -  finished initiateHouseholds in 0.5319218635559082 seconds
2024_09_08_T17:30:22 -  finished assignHousesToHouseholds in 0.8212110996246338 seconds
2024_09_08_T17:31:25 -  Model step started
2024_09_08_T17:39:26 -  Model step took 480.44803190231323 seconds
2024_09_08_T17:40:26 -  Model step started
2024_09_08_T17:42:12 -  Model step took 105.63472104072571 seconds
2024_09_08_T17:43:15 -  Model step started
2024_09_08_T17:44:52 -  Model step took 96.66812181472778 seconds
2024_09_08_T17:45:53 -  Model step started
2024_09_08_T17:47:32 -  Model step took 99.47791790962219 seconds
2024_09_08_T17:48:32 -  Model step started
2024_09_08_T17:50:16 -  Model step took 103.69258785247803 seconds
2024_09_08_T17:51:17 -  Model step started
2024_09_08_T17:53:01 -  Model step took 104.83368992805481 seconds
2024_09_08_T17:54:02 -  Model step started
2024_09_08_T17:55:56 -  Model step took 114.32842588424683 seconds
2024_09_08_T17:56:57 -  Model step started
2024_09_08_T17:58:55 -  Model step took 117.89349889755249 seconds
2024_09_08_T17:59:56 -  Model step started
2024_09_08_T18:01:56 -  Model step took 119.54077410697937 seconds
2024_09_08_T18:02:57 -  Model step started
2024_09_08_T18:05:02 -  Model step took 125.46561908721924 seconds
2024_09_08_T18:06:03 -  Model step started
2024_09_08_T18:08:11 -  Model step took 127.5372200012207 seconds
2024_09_08_T18:09:12 -  Model step started
2024_09_08_T18:11:26 -  Model step took 133.8538110256195 seconds
2024_09_08_T18:12:27 -  Model step started
2024_09_08_T18:14:45 -  Model step took 138.15887093544006 seconds
2024_09_08_T18:15:46 -  Model step started
2024_09_08_T18:18:06 -  Model step took 140.19645714759827 seconds
2024_09_08_T18:19:10 -  Model step started
2024_09_08_T18:21:32 -  Model step took 142.89620208740234 seconds
