2024_09_06_T02:07:13 -  finished initateHouses in 0.28478288650512695 seconds
2024_09_06_T02:07:14 -  finished initiateHouseholds in 0.49914002418518066 seconds
2024_09_06_T02:07:14 -  finished assignHousesToHouseholds in 0.7732870578765869 seconds
2024_09_06_T02:08:18 -  Model step started
2024_09_06_T02:12:36 -  Model step took 258.2748689651489 seconds
2024_09_06_T02:13:37 -  Model step started
2024_09_06_T02:14:27 -  Model step took 49.82950210571289 seconds
2024_09_06_T02:15:28 -  Model step started
2024_09_06_T02:16:20 -  Model step took 51.64906907081604 seconds
2024_09_06_T02:17:21 -  Model step started
2024_09_06_T02:18:13 -  Model step took 51.74248504638672 seconds
2024_09_06_T02:19:14 -  Model step started
2024_09_06_T02:20:08 -  Model step took 53.287010192871094 seconds
2024_09_06_T02:21:10 -  Model step started
2024_09_06_T02:22:03 -  Model step took 53.72358584403992 seconds
2024_09_06_T02:23:05 -  Model step started
2024_09_06_T02:24:01 -  Model step took 55.922191858291626 seconds
2024_09_06_T02:25:04 -  Model step started
2024_09_06_T02:26:00 -  Model step took 56.723071813583374 seconds
2024_09_06_T02:27:02 -  Model step started
2024_09_06_T02:28:00 -  Model step took 58.406522035598755 seconds
2024_09_06_T02:29:02 -  Model step started
2024_09_06_T02:30:01 -  Model step took 59.02024483680725 seconds
2024_09_06_T02:31:03 -  Model step started
2024_09_06_T02:32:04 -  Model step took 60.93212699890137 seconds
2024_09_06_T02:33:06 -  Model step started
2024_09_06_T02:34:08 -  Model step took 61.58504295349121 seconds
2024_09_06_T02:35:11 -  Model step started
2024_09_06_T02:36:12 -  Model step took 61.593546867370605 seconds
2024_09_06_T02:37:15 -  Model step started
2024_09_06_T02:38:18 -  Model step took 62.52134108543396 seconds
2024_09_06_T02:39:20 -  Model step started
2024_09_06_T02:40:24 -  Model step took 63.88804507255554 seconds
