2024_10_03_T11:24:36 -  finished initateHouses in 0.6531920433044434 seconds
2024_10_03_T11:24:36 -  finished initiateHouseholds in 0.8812830448150635 seconds
2024_10_03_T11:24:36 -  finished assignHousesToHouseholds in 1.0597610473632812 seconds
2024_10_03_T11:24:45 -  Model step started
2024_10_03_T11:24:45 -  clearHangingSupplies started
2024_10_03_T11:24:45 -  clearHangingSupplies took 0.00463104248046875
2024_10_03_T11:24:45 -  clearHangingRentalSupplies started
2024_10_03_T11:24:45 -  clearHangingRentalSupplies took 0.011689901351928711
2024_10_03_T11:24:45 -  clearHouseMarket started
2024_10_03_T11:24:45 -  clearHouseMarket - first block took 0.3116178512573242
2024_10_03_T11:24:45 -  clearHouseMarket - second block took 0.22498106956481934
2024_10_03_T11:24:45 -  clearHouseMarket - third block took 0.0155029296875
2024_10_03_T11:24:45 -  clearRentalMarket started
2024_10_03_T11:24:46 -  clearRentalMarket - first block took 0.15842485427856445
2024_10_03_T11:24:46 -  clearRentalMarket - second block took 0.031137943267822266
2024_10_03_T11:24:46 -  Model step took 0.9211981296539307 seconds
2024_10_03_T11:24:47 -  Model step started
2024_10_03_T11:24:47 -  clearHangingSupplies started
2024_10_03_T11:24:47 -  clearHangingSupplies took 0.00013303756713867188
2024_10_03_T11:24:47 -  clearHangingRentalSupplies started
2024_10_03_T11:24:47 -  clearHangingRentalSupplies took 2.5033950805664062e-5
2024_10_03_T11:24:47 -  clearHouseMarket started
2024_10_03_T11:24:47 -  clearHouseMarket - first block took 0.12567806243896484
2024_10_03_T11:24:47 -  clearHouseMarket - second block took 0.005093097686767578
2024_10_03_T11:24:48 -  clearHouseMarket - third block took 0.00020885467529296875
2024_10_03_T11:24:48 -  clearRentalMarket started
2024_10_03_T11:24:48 -  clearRentalMarket - first block took 0.00818014144897461
2024_10_03_T11:24:48 -  clearRentalMarket - second block took 0.00019812583923339844
2024_10_03_T11:24:48 -  Model step took 0.14858579635620117 seconds
2024_10_03_T11:24:49 -  Model step started
2024_10_03_T11:24:49 -  clearHangingSupplies started
2024_10_03_T11:24:49 -  clearHangingSupplies took 0.0001068115234375
2024_10_03_T11:24:49 -  clearHangingRentalSupplies started
2024_10_03_T11:24:49 -  clearHangingRentalSupplies took 2.7179718017578125e-5
2024_10_03_T11:24:49 -  clearHouseMarket started
2024_10_03_T11:24:49 -  clearHouseMarket - first block took 0.11247491836547852
2024_10_03_T11:24:49 -  clearHouseMarket - second block took 0.008726119995117188
2024_10_03_T11:24:49 -  clearHouseMarket - third block took 0.00018477439880371094
2024_10_03_T11:24:49 -  clearRentalMarket started
2024_10_03_T11:24:49 -  clearRentalMarket - first block took 0.0072481632232666016
2024_10_03_T11:24:49 -  clearRentalMarket - second block took 0.0001270771026611328
2024_10_03_T11:24:49 -  Model step took 0.14490294456481934 seconds
2024_10_03_T11:24:51 -  Model step started
2024_10_03_T11:24:51 -  clearHangingSupplies started
2024_10_03_T11:24:51 -  clearHangingSupplies took 0.01104593276977539
2024_10_03_T11:24:51 -  clearHangingRentalSupplies started
2024_10_03_T11:24:51 -  clearHangingRentalSupplies took 4.100799560546875e-5
2024_10_03_T11:24:51 -  clearHouseMarket started
2024_10_03_T11:24:51 -  clearHouseMarket - first block took 0.10081195831298828
2024_10_03_T11:24:51 -  clearHouseMarket - second block took 0.003857851028442383
2024_10_03_T11:24:51 -  clearHouseMarket - third block took 0.0001780986785888672
2024_10_03_T11:24:51 -  clearRentalMarket started
2024_10_03_T11:24:51 -  clearRentalMarket - first block took 0.00829005241394043
2024_10_03_T11:24:51 -  clearRentalMarket - second block took 0.00014400482177734375
2024_10_03_T11:24:51 -  Model step took 0.1333169937133789 seconds
2024_10_03_T11:24:53 -  Model step started
2024_10_03_T11:24:53 -  clearHangingSupplies started
2024_10_03_T11:24:53 -  clearHangingSupplies took 0.00019788742065429688
2024_10_03_T11:24:53 -  clearHangingRentalSupplies started
2024_10_03_T11:24:53 -  clearHangingRentalSupplies took 3.0040740966796875e-5
2024_10_03_T11:24:53 -  clearHouseMarket started
2024_10_03_T11:24:53 -  clearHouseMarket - first block took 0.08785605430603027
2024_10_03_T11:24:53 -  clearHouseMarket - second block took 0.003823995590209961
2024_10_03_T11:24:53 -  clearHouseMarket - third block took 0.00019693374633789062
2024_10_03_T11:24:53 -  clearRentalMarket started
2024_10_03_T11:24:53 -  clearRentalMarket - first block took 0.012469053268432617
2024_10_03_T11:24:53 -  clearRentalMarket - second block took 0.0002288818359375
2024_10_03_T11:24:53 -  Model step took 0.11301994323730469 seconds
2024_10_03_T11:24:55 -  Model step started
2024_10_03_T11:24:55 -  clearHangingSupplies started
2024_10_03_T11:24:55 -  clearHangingSupplies took 0.0002601146697998047
2024_10_03_T11:24:55 -  clearHangingRentalSupplies started
2024_10_03_T11:24:55 -  clearHangingRentalSupplies took 3.0994415283203125e-5
2024_10_03_T11:24:55 -  clearHouseMarket started
2024_10_03_T11:24:55 -  clearHouseMarket - first block took 0.0652611255645752
2024_10_03_T11:24:55 -  clearHouseMarket - second block took 0.00286102294921875
2024_10_03_T11:24:55 -  clearHouseMarket - third block took 0.00021600723266601562
2024_10_03_T11:24:55 -  clearRentalMarket started
2024_10_03_T11:24:55 -  clearRentalMarket - first block took 0.005808830261230469
2024_10_03_T11:24:55 -  clearRentalMarket - second block took 0.00011706352233886719
2024_10_03_T11:24:55 -  Model step took 0.08509302139282227 seconds
2024_10_03_T11:24:57 -  Model step started
2024_10_03_T11:24:57 -  clearHangingSupplies started
2024_10_03_T11:24:57 -  clearHangingSupplies took 8.58306884765625e-5
2024_10_03_T11:24:57 -  clearHangingRentalSupplies started
2024_10_03_T11:24:57 -  clearHangingRentalSupplies took 3.314018249511719e-5
2024_10_03_T11:24:57 -  clearHouseMarket started
2024_10_03_T11:24:57 -  clearHouseMarket - first block took 0.059187889099121094
2024_10_03_T11:24:57 -  clearHouseMarket - second block took 0.003457784652709961
2024_10_03_T11:24:57 -  clearHouseMarket - third block took 0.0002288818359375
2024_10_03_T11:24:57 -  clearRentalMarket started
2024_10_03_T11:24:57 -  clearRentalMarket - first block took 0.005705118179321289
2024_10_03_T11:24:57 -  clearRentalMarket - second block took 7.081031799316406e-5
2024_10_03_T11:24:57 -  Model step took 0.08486485481262207 seconds
2024_10_03_T11:24:58 -  Model step started
2024_10_03_T11:24:58 -  clearHangingSupplies started
2024_10_03_T11:24:58 -  clearHangingSupplies took 5.91278076171875e-5
2024_10_03_T11:24:58 -  clearHangingRentalSupplies started
2024_10_03_T11:24:58 -  clearHangingRentalSupplies took 4.506111145019531e-5
2024_10_03_T11:24:58 -  clearHouseMarket started
2024_10_03_T11:24:58 -  clearHouseMarket - first block took 0.05627298355102539
2024_10_03_T11:24:58 -  clearHouseMarket - second block took 0.0021848678588867188
2024_10_03_T11:24:58 -  clearHouseMarket - third block took 0.00025391578674316406
2024_10_03_T11:24:58 -  clearRentalMarket started
2024_10_03_T11:24:58 -  clearRentalMarket - first block took 0.008318901062011719
2024_10_03_T11:24:58 -  clearRentalMarket - second block took 0.0001270771026611328
2024_10_03_T11:24:58 -  Model step took 0.07558488845825195 seconds
2024_10_03_T11:25:00 -  Model step started
2024_10_03_T11:25:00 -  clearHangingSupplies started
2024_10_03_T11:25:00 -  clearHangingSupplies took 5.3882598876953125e-5
2024_10_03_T11:25:00 -  clearHangingRentalSupplies started
2024_10_03_T11:25:00 -  clearHangingRentalSupplies took 5.2928924560546875e-5
2024_10_03_T11:25:00 -  clearHouseMarket started
2024_10_03_T11:25:00 -  clearHouseMarket - first block took 0.04796910285949707
2024_10_03_T11:25:00 -  clearHouseMarket - second block took 0.002547025680541992
2024_10_03_T11:25:00 -  clearHouseMarket - third block took 0.00023102760314941406
2024_10_03_T11:25:00 -  clearRentalMarket started
2024_10_03_T11:25:00 -  clearRentalMarket - first block took 0.008188009262084961
2024_10_03_T11:25:00 -  clearRentalMarket - second block took 0.00021004676818847656
2024_10_03_T11:25:00 -  Model step took 0.06766104698181152 seconds
2024_10_03_T11:25:02 -  Model step started
2024_10_03_T11:25:02 -  clearHangingSupplies started
2024_10_03_T11:25:02 -  clearHangingSupplies took 0.00011205673217773438
2024_10_03_T11:25:02 -  clearHangingRentalSupplies started
2024_10_03_T11:25:02 -  clearHangingRentalSupplies took 5.698204040527344e-5
2024_10_03_T11:25:02 -  clearHouseMarket started
2024_10_03_T11:25:02 -  clearHouseMarket - first block took 0.04364800453186035
2024_10_03_T11:25:02 -  clearHouseMarket - second block took 0.0008809566497802734
2024_10_03_T11:25:02 -  clearHouseMarket - third block took 0.0001499652862548828
2024_10_03_T11:25:02 -  clearRentalMarket started
2024_10_03_T11:25:02 -  clearRentalMarket - first block took 0.008077859878540039
2024_10_03_T11:25:02 -  clearRentalMarket - second block took 0.00031304359436035156
2024_10_03_T11:25:02 -  Model step took 0.06245613098144531 seconds
2024_10_03_T11:25:04 -  Model step started
2024_10_03_T11:25:04 -  clearHangingSupplies started
2024_10_03_T11:25:04 -  clearHangingSupplies took 5.602836608886719e-5
2024_10_03_T11:25:04 -  clearHangingRentalSupplies started
2024_10_03_T11:25:04 -  clearHangingRentalSupplies took 0.00011610984802246094
2024_10_03_T11:25:04 -  clearHouseMarket started
2024_10_03_T11:25:04 -  clearHouseMarket - first block took 0.04208493232727051
2024_10_03_T11:25:04 -  clearHouseMarket - second block took 0.002270936965942383
2024_10_03_T11:25:04 -  clearHouseMarket - third block took 0.0001919269561767578
2024_10_03_T11:25:04 -  clearRentalMarket started
2024_10_03_T11:25:04 -  clearRentalMarket - first block took 0.012831926345825195
2024_10_03_T11:25:04 -  clearRentalMarket - second block took 0.00010180473327636719
2024_10_03_T11:25:04 -  Model step took 0.06621193885803223 seconds
2024_10_03_T11:25:06 -  Model step started
2024_10_03_T11:25:06 -  clearHangingSupplies started
2024_10_03_T11:25:06 -  clearHangingSupplies took 5.1975250244140625e-5
2024_10_03_T11:25:06 -  clearHangingRentalSupplies started
2024_10_03_T11:25:06 -  clearHangingRentalSupplies took 7.200241088867188e-5
2024_10_03_T11:25:06 -  clearHouseMarket started
2024_10_03_T11:25:06 -  clearHouseMarket - first block took 0.042285919189453125
2024_10_03_T11:25:06 -  clearHouseMarket - second block took 0.0005249977111816406
2024_10_03_T11:25:06 -  clearHouseMarket - third block took 0.0001480579376220703
2024_10_03_T11:25:06 -  clearRentalMarket started
2024_10_03_T11:25:06 -  clearRentalMarket - first block took 0.00956583023071289
2024_10_03_T11:25:06 -  clearRentalMarket - second block took 0.00010800361633300781
2024_10_03_T11:25:06 -  Model step took 0.0621190071105957 seconds
2024_10_03_T11:25:08 -  Model step started
2024_10_03_T11:25:08 -  clearHangingSupplies started
2024_10_03_T11:25:08 -  clearHangingSupplies took 5.0067901611328125e-5
2024_10_03_T11:25:08 -  clearHangingRentalSupplies started
2024_10_03_T11:25:08 -  clearHangingRentalSupplies took 0.00010514259338378906
2024_10_03_T11:25:08 -  clearHouseMarket started
2024_10_03_T11:25:08 -  clearHouseMarket - first block took 0.03889012336730957
2024_10_03_T11:25:08 -  clearHouseMarket - second block took 0.0008459091186523438
2024_10_03_T11:25:08 -  clearHouseMarket - third block took 0.00015306472778320312
2024_10_03_T11:25:08 -  clearRentalMarket started
2024_10_03_T11:25:08 -  clearRentalMarket - first block took 0.010503768920898438
2024_10_03_T11:25:08 -  clearRentalMarket - second block took 0.00011086463928222656
2024_10_03_T11:25:08 -  Model step took 0.05921506881713867 seconds
2024_10_03_T11:25:09 -  Model step started
2024_10_03_T11:25:09 -  clearHangingSupplies started
2024_10_03_T11:25:09 -  clearHangingSupplies took 0.00010800361633300781
2024_10_03_T11:25:09 -  clearHangingRentalSupplies started
2024_10_03_T11:25:09 -  clearHangingRentalSupplies took 0.00010395050048828125
2024_10_03_T11:25:09 -  clearHouseMarket started
2024_10_03_T11:25:09 -  clearHouseMarket - first block took 0.036195993423461914
2024_10_03_T11:25:09 -  clearHouseMarket - second block took 0.0007660388946533203
2024_10_03_T11:25:09 -  clearHouseMarket - third block took 0.0001800060272216797
2024_10_03_T11:25:09 -  clearRentalMarket started
2024_10_03_T11:25:09 -  clearRentalMarket - first block took 0.012022972106933594
2024_10_03_T11:25:09 -  clearRentalMarket - second block took 0.00013899803161621094
2024_10_03_T11:25:09 -  Model step took 0.06423306465148926 seconds
2024_10_03_T11:25:11 -  Model step started
2024_10_03_T11:25:11 -  clearHangingSupplies started
2024_10_03_T11:25:11 -  clearHangingSupplies took 8.797645568847656e-5
2024_10_03_T11:25:11 -  clearHangingRentalSupplies started
2024_10_03_T11:25:11 -  clearHangingRentalSupplies took 0.00012993812561035156
2024_10_03_T11:25:11 -  clearHouseMarket started
2024_10_03_T11:25:11 -  clearHouseMarket - first block took 0.051277875900268555
2024_10_03_T11:25:11 -  clearHouseMarket - second block took 0.0006351470947265625
2024_10_03_T11:25:11 -  clearHouseMarket - third block took 0.00021886825561523438
2024_10_03_T11:25:11 -  clearRentalMarket started
2024_10_03_T11:25:11 -  clearRentalMarket - first block took 0.015372991561889648
2024_10_03_T11:25:11 -  clearRentalMarket - second block took 0.00014495849609375
2024_10_03_T11:25:11 -  Model step took 0.08017897605895996 seconds
2024_10_03_T11:25:13 -  Model step started
2024_10_03_T11:25:13 -  clearHangingSupplies started
2024_10_03_T11:25:13 -  clearHangingSupplies took 4.601478576660156e-5
2024_10_03_T11:25:13 -  clearHangingRentalSupplies started
2024_10_03_T11:25:13 -  clearHangingRentalSupplies took 0.00011587142944335938
2024_10_03_T11:25:13 -  clearHouseMarket started
2024_10_03_T11:25:13 -  clearHouseMarket - first block took 0.03590798377990723
2024_10_03_T11:25:13 -  clearHouseMarket - second block took 0.0019741058349609375
2024_10_03_T11:25:13 -  clearHouseMarket - third block took 0.0002560615539550781
2024_10_03_T11:25:13 -  clearRentalMarket started
2024_10_03_T11:25:13 -  clearRentalMarket - first block took 0.01388692855834961
2024_10_03_T11:25:13 -  clearRentalMarket - second block took 0.0001990795135498047
2024_10_03_T11:25:13 -  Model step took 0.06148815155029297 seconds
2024_10_03_T11:25:15 -  Model step started
2024_10_03_T11:25:15 -  clearHangingSupplies started
2024_10_03_T11:25:15 -  clearHangingSupplies took 9.584426879882812e-5
2024_10_03_T11:25:15 -  clearHangingRentalSupplies started
2024_10_03_T11:25:15 -  clearHangingRentalSupplies took 0.00014209747314453125
2024_10_03_T11:25:15 -  clearHouseMarket started
2024_10_03_T11:25:15 -  clearHouseMarket - first block took 0.034188032150268555
2024_10_03_T11:25:15 -  clearHouseMarket - second block took 0.002061128616333008
2024_10_03_T11:25:15 -  clearHouseMarket - third block took 0.000244140625
2024_10_03_T11:25:15 -  clearRentalMarket started
2024_10_03_T11:25:15 -  clearRentalMarket - first block took 0.021389007568359375
2024_10_03_T11:25:15 -  clearRentalMarket - second block took 0.00020813941955566406
2024_10_03_T11:25:15 -  Model step took 0.06729388236999512 seconds
2024_10_03_T11:25:17 -  Model step started
2024_10_03_T11:25:17 -  clearHangingSupplies started
2024_10_03_T11:25:17 -  clearHangingSupplies took 5.2928924560546875e-5
2024_10_03_T11:25:17 -  clearHangingRentalSupplies started
2024_10_03_T11:25:17 -  clearHangingRentalSupplies took 0.0001590251922607422
2024_10_03_T11:25:17 -  clearHouseMarket started
2024_10_03_T11:25:17 -  clearHouseMarket - first block took 0.03519916534423828
2024_10_03_T11:25:17 -  clearHouseMarket - second block took 0.000576019287109375
2024_10_03_T11:25:17 -  clearHouseMarket - third block took 0.0001609325408935547
2024_10_03_T11:25:17 -  clearRentalMarket started
2024_10_03_T11:25:17 -  clearRentalMarket - first block took 0.014809131622314453
2024_10_03_T11:25:17 -  clearRentalMarket - second block took 0.00017309188842773438
2024_10_03_T11:25:17 -  Model step took 0.06010293960571289 seconds
2024_10_03_T11:25:19 -  Model step started
2024_10_03_T11:25:19 -  clearHangingSupplies started
2024_10_03_T11:25:19 -  clearHangingSupplies took 6.198883056640625e-5
2024_10_03_T11:25:19 -  clearHangingRentalSupplies started
2024_10_03_T11:25:19 -  clearHangingRentalSupplies took 0.00011110305786132812
2024_10_03_T11:25:19 -  clearHouseMarket started
2024_10_03_T11:25:19 -  clearHouseMarket - first block took 0.0320439338684082
2024_10_03_T11:25:19 -  clearHouseMarket - second block took 0.00023508071899414062
2024_10_03_T11:25:19 -  clearHouseMarket - third block took 0.0002079010009765625
2024_10_03_T11:25:19 -  clearRentalMarket started
2024_10_03_T11:25:19 -  clearRentalMarket - first block took 0.016234874725341797
2024_10_03_T11:25:19 -  clearRentalMarket - second block took 0.00023794174194335938
2024_10_03_T11:25:19 -  Model step took 0.05910778045654297 seconds
2024_10_03_T11:25:21 -  Model step started
2024_10_03_T11:25:21 -  clearHangingSupplies started
2024_10_03_T11:25:21 -  clearHangingSupplies took 4.1961669921875e-5
2024_10_03_T11:25:21 -  clearHangingRentalSupplies started
2024_10_03_T11:25:21 -  clearHangingRentalSupplies took 0.00014090538024902344
2024_10_03_T11:25:21 -  clearHouseMarket started
2024_10_03_T11:25:21 -  clearHouseMarket - first block took 0.0323948860168457
2024_10_03_T11:25:21 -  clearHouseMarket - second block took 0.001524209976196289
2024_10_03_T11:25:21 -  clearHouseMarket - third block took 0.00019812583923339844
2024_10_03_T11:25:21 -  clearRentalMarket started
2024_10_03_T11:25:21 -  clearRentalMarket - first block took 0.020215988159179688
2024_10_03_T11:25:21 -  clearRentalMarket - second block took 0.00017404556274414062
2024_10_03_T11:25:21 -  Model step took 0.0634150505065918 seconds
2024_10_03_T11:25:23 -  Model step started
2024_10_03_T11:25:23 -  clearHangingSupplies started
2024_10_03_T11:25:23 -  clearHangingSupplies took 4.291534423828125e-5
2024_10_03_T11:25:23 -  clearHangingRentalSupplies started
2024_10_03_T11:25:23 -  clearHangingRentalSupplies took 0.0001621246337890625
2024_10_03_T11:25:23 -  clearHouseMarket started
2024_10_03_T11:25:23 -  clearHouseMarket - first block took 0.03139495849609375
2024_10_03_T11:25:23 -  clearHouseMarket - second block took 0.0009899139404296875
2024_10_03_T11:25:23 -  clearHouseMarket - third block took 0.00018596649169921875
2024_10_03_T11:25:23 -  clearRentalMarket started
2024_10_03_T11:25:23 -  clearRentalMarket - first block took 0.018054962158203125
2024_10_03_T11:25:23 -  clearRentalMarket - second block took 0.0002541542053222656
2024_10_03_T11:25:23 -  Model step took 0.06036496162414551 seconds
2024_10_03_T11:25:25 -  Model step started
2024_10_03_T11:25:25 -  clearHangingSupplies started
2024_10_03_T11:25:25 -  clearHangingSupplies took 3.981590270996094e-5
2024_10_03_T11:25:25 -  clearHangingRentalSupplies started
2024_10_03_T11:25:25 -  clearHangingRentalSupplies took 0.00017499923706054688
2024_10_03_T11:25:25 -  clearHouseMarket started
2024_10_03_T11:25:25 -  clearHouseMarket - first block took 0.029384851455688477
2024_10_03_T11:25:25 -  clearHouseMarket - second block took 0.0014958381652832031
2024_10_03_T11:25:25 -  clearHouseMarket - third block took 0.00018906593322753906
2024_10_03_T11:25:25 -  clearRentalMarket started
2024_10_03_T11:25:25 -  clearRentalMarket - first block took 0.018145084381103516
2024_10_03_T11:25:25 -  clearRentalMarket - second block took 0.00021004676818847656
2024_10_03_T11:25:25 -  Model step took 0.06415605545043945 seconds
2024_10_03_T11:25:26 -  Model step started
2024_10_03_T11:25:26 -  clearHangingSupplies started
2024_10_03_T11:25:26 -  clearHangingSupplies took 5.1975250244140625e-5
2024_10_03_T11:25:26 -  clearHangingRentalSupplies started
2024_10_03_T11:25:26 -  clearHangingRentalSupplies took 0.00016999244689941406
2024_10_03_T11:25:26 -  clearHouseMarket started
2024_10_03_T11:25:26 -  clearHouseMarket - first block took 0.030827999114990234
2024_10_03_T11:25:26 -  clearHouseMarket - second block took 0.0005588531494140625
2024_10_03_T11:25:26 -  clearHouseMarket - third block took 0.0002288818359375
2024_10_03_T11:25:26 -  clearRentalMarket started
2024_10_03_T11:25:26 -  clearRentalMarket - first block took 0.01910686492919922
2024_10_03_T11:25:26 -  clearRentalMarket - second block took 0.0003249645233154297
2024_10_03_T11:25:26 -  Model step took 0.05980801582336426 seconds
2024_10_03_T11:25:28 -  Model step started
2024_10_03_T11:25:28 -  clearHangingSupplies started
2024_10_03_T11:25:28 -  clearHangingSupplies took 5.1975250244140625e-5
2024_10_03_T11:25:28 -  clearHangingRentalSupplies started
2024_10_03_T11:25:28 -  clearHangingRentalSupplies took 0.00016307830810546875
2024_10_03_T11:25:28 -  clearHouseMarket started
2024_10_03_T11:25:28 -  clearHouseMarket - first block took 0.02675604820251465
2024_10_03_T11:25:28 -  clearHouseMarket - second block took 2.7179718017578125e-5
2024_10_03_T11:25:28 -  clearHouseMarket - third block took 0.00012493133544921875
2024_10_03_T11:25:28 -  clearRentalMarket started
2024_10_03_T11:25:28 -  clearRentalMarket - first block took 0.01851797103881836
2024_10_03_T11:25:28 -  clearRentalMarket - second block took 0.00019121170043945312
2024_10_03_T11:25:28 -  Model step took 0.05515098571777344 seconds
2024_10_03_T11:25:30 -  Model step started
2024_10_03_T11:25:30 -  clearHangingSupplies started
2024_10_03_T11:25:30 -  clearHangingSupplies took 3.4809112548828125e-5
2024_10_03_T11:25:30 -  clearHangingRentalSupplies started
2024_10_03_T11:25:30 -  clearHangingRentalSupplies took 0.0001659393310546875
2024_10_03_T11:25:30 -  clearHouseMarket started
2024_10_03_T11:25:30 -  clearHouseMarket - first block took 0.031080007553100586
2024_10_03_T11:25:30 -  clearHouseMarket - second block took 0.0010790824890136719
2024_10_03_T11:25:30 -  clearHouseMarket - third block took 0.00020599365234375
2024_10_03_T11:25:30 -  clearRentalMarket started
2024_10_03_T11:25:30 -  clearRentalMarket - first block took 0.019171953201293945
2024_10_03_T11:25:30 -  clearRentalMarket - second block took 0.0001609325408935547
2024_10_03_T11:25:30 -  Model step took 0.061264991760253906 seconds
2024_10_03_T11:25:32 -  Model step started
2024_10_03_T11:25:32 -  clearHangingSupplies started
2024_10_03_T11:25:32 -  clearHangingSupplies took 5.698204040527344e-5
2024_10_03_T11:25:32 -  clearHangingRentalSupplies started
2024_10_03_T11:25:32 -  clearHangingRentalSupplies took 0.00016999244689941406
2024_10_03_T11:25:32 -  clearHouseMarket started
2024_10_03_T11:25:32 -  clearHouseMarket - first block took 0.026355981826782227
2024_10_03_T11:25:32 -  clearHouseMarket - second block took 0.0003509521484375
2024_10_03_T11:25:32 -  clearHouseMarket - third block took 0.00016188621520996094
2024_10_03_T11:25:32 -  clearRentalMarket started
2024_10_03_T11:25:32 -  clearRentalMarket - first block took 0.022997140884399414
2024_10_03_T11:25:32 -  clearRentalMarket - second block took 0.0003008842468261719
2024_10_03_T11:25:32 -  Model step took 0.059870004653930664 seconds
2024_10_03_T11:25:34 -  Model step started
2024_10_03_T11:25:34 -  clearHangingSupplies started
2024_10_03_T11:25:34 -  clearHangingSupplies took 5.1021575927734375e-5
2024_10_03_T11:25:34 -  clearHangingRentalSupplies started
2024_10_03_T11:25:34 -  clearHangingRentalSupplies took 0.000164031982421875
2024_10_03_T11:25:34 -  clearHouseMarket started
2024_10_03_T11:25:34 -  clearHouseMarket - first block took 0.02974700927734375
2024_10_03_T11:25:34 -  clearHouseMarket - second block took 0.0013608932495117188
2024_10_03_T11:25:34 -  clearHouseMarket - third block took 0.00021409988403320312
2024_10_03_T11:25:34 -  clearRentalMarket started
2024_10_03_T11:25:34 -  clearRentalMarket - first block took 0.02314901351928711
2024_10_03_T11:25:34 -  clearRentalMarket - second block took 0.0002720355987548828
2024_10_03_T11:25:34 -  Model step took 0.06429886817932129 seconds
2024_10_03_T11:25:36 -  Model step started
2024_10_03_T11:25:36 -  clearHangingSupplies started
2024_10_03_T11:25:36 -  clearHangingSupplies took 6.389617919921875e-5
2024_10_03_T11:25:36 -  clearHangingRentalSupplies started
2024_10_03_T11:25:36 -  clearHangingRentalSupplies took 0.00019311904907226562
2024_10_03_T11:25:36 -  clearHouseMarket started
2024_10_03_T11:25:36 -  clearHouseMarket - first block took 0.022499799728393555
2024_10_03_T11:25:36 -  clearHouseMarket - second block took 0.00032806396484375
2024_10_03_T11:25:36 -  clearHouseMarket - third block took 0.00016498565673828125
2024_10_03_T11:25:36 -  clearRentalMarket started
2024_10_03_T11:25:36 -  clearRentalMarket - first block took 0.022010087966918945
2024_10_03_T11:25:36 -  clearRentalMarket - second block took 0.00020694732666015625
2024_10_03_T11:25:36 -  Model step took 0.05404996871948242 seconds
2024_10_03_T11:25:38 -  Model step started
2024_10_03_T11:25:38 -  clearHangingSupplies started
2024_10_03_T11:25:38 -  clearHangingSupplies took 2.8133392333984375e-5
2024_10_03_T11:25:38 -  clearHangingRentalSupplies started
2024_10_03_T11:25:38 -  clearHangingRentalSupplies took 0.0001850128173828125
2024_10_03_T11:25:38 -  clearHouseMarket started
2024_10_03_T11:25:38 -  clearHouseMarket - first block took 0.02539205551147461
2024_10_03_T11:25:38 -  clearHouseMarket - second block took 0.001786947250366211
2024_10_03_T11:25:38 -  clearHouseMarket - third block took 0.0002090930938720703
2024_10_03_T11:25:38 -  clearRentalMarket started
2024_10_03_T11:25:38 -  clearRentalMarket - first block took 0.0230410099029541
2024_10_03_T11:25:38 -  clearRentalMarket - second block took 0.0003249645233154297
2024_10_03_T11:25:38 -  Model step took 0.060395002365112305 seconds
2024_10_03_T11:25:40 -  Model step started
2024_10_03_T11:25:40 -  clearHangingSupplies started
2024_10_03_T11:25:40 -  clearHangingSupplies took 3.504753112792969e-5
2024_10_03_T11:25:40 -  clearHangingRentalSupplies started
2024_10_03_T11:25:40 -  clearHangingRentalSupplies took 0.00019693374633789062
2024_10_03_T11:25:40 -  clearHouseMarket started
2024_10_03_T11:25:40 -  clearHouseMarket - first block took 0.019227027893066406
2024_10_03_T11:25:40 -  clearHouseMarket - second block took 0.0014851093292236328
2024_10_03_T11:25:40 -  clearHouseMarket - third block took 0.00021696090698242188
2024_10_03_T11:25:40 -  clearRentalMarket started
2024_10_03_T11:25:40 -  clearRentalMarket - first block took 0.02713608741760254
2024_10_03_T11:25:40 -  clearRentalMarket - second block took 0.0003380775451660156
2024_10_03_T11:25:40 -  Model step took 0.0641181468963623 seconds
2024_10_03_T11:25:42 -  Model step started
2024_10_03_T11:25:42 -  clearHangingSupplies started
2024_10_03_T11:25:42 -  clearHangingSupplies took 4.100799560546875e-5
2024_10_03_T11:25:42 -  clearHangingRentalSupplies started
2024_10_03_T11:25:42 -  clearHangingRentalSupplies took 0.00016498565673828125
2024_10_03_T11:25:42 -  clearHouseMarket started
2024_10_03_T11:25:42 -  clearHouseMarket - first block took 0.018113136291503906
2024_10_03_T11:25:42 -  clearHouseMarket - second block took 0.00039696693420410156
2024_10_03_T11:25:42 -  clearHouseMarket - third block took 0.00018095970153808594
2024_10_03_T11:25:42 -  clearRentalMarket started
2024_10_03_T11:25:42 -  clearRentalMarket - first block took 0.023698091506958008
2024_10_03_T11:25:42 -  clearRentalMarket - second block took 0.00030112266540527344
2024_10_03_T11:25:42 -  Model step took 0.05489206314086914 seconds
2024_10_03_T11:25:44 -  Model step started
2024_10_03_T11:25:44 -  clearHangingSupplies started
2024_10_03_T11:25:44 -  clearHangingSupplies took 2.193450927734375e-5
2024_10_03_T11:25:44 -  clearHangingRentalSupplies started
2024_10_03_T11:25:44 -  clearHangingRentalSupplies took 0.00019502639770507812
2024_10_03_T11:25:44 -  clearHouseMarket started
2024_10_03_T11:25:44 -  clearHouseMarket - first block took 0.01728987693786621
2024_10_03_T11:25:44 -  clearHouseMarket - second block took 0.0005521774291992188
2024_10_03_T11:25:44 -  clearHouseMarket - third block took 0.0002491474151611328
2024_10_03_T11:25:44 -  clearRentalMarket started
2024_10_03_T11:25:44 -  clearRentalMarket - first block took 0.02466607093811035
2024_10_03_T11:25:44 -  clearRentalMarket - second block took 0.00021505355834960938
2024_10_03_T11:25:44 -  Model step took 0.05736994743347168 seconds
2024_10_03_T11:25:46 -  Model step started
2024_10_03_T11:25:46 -  clearHangingSupplies started
2024_10_03_T11:25:46 -  clearHangingSupplies took 2.5987625122070312e-5
2024_10_03_T11:25:46 -  clearHangingRentalSupplies started
2024_10_03_T11:25:46 -  clearHangingRentalSupplies took 0.00022482872009277344
2024_10_03_T11:25:46 -  clearHouseMarket started
2024_10_03_T11:25:46 -  clearHouseMarket - first block took 0.017107009887695312
2024_10_03_T11:25:46 -  clearHouseMarket - second block took 0.001837015151977539
2024_10_03_T11:25:46 -  clearHouseMarket - third block took 0.0002799034118652344
2024_10_03_T11:25:46 -  clearRentalMarket started
2024_10_03_T11:25:46 -  clearRentalMarket - first block took 0.026554107666015625
2024_10_03_T11:25:46 -  clearRentalMarket - second block took 0.00030112266540527344
2024_10_03_T11:25:46 -  Model step took 0.05610394477844238 seconds
2024_10_03_T11:25:48 -  Model step started
2024_10_03_T11:25:48 -  clearHangingSupplies started
2024_10_03_T11:25:48 -  clearHangingSupplies took 2.3126602172851562e-5
2024_10_03_T11:25:48 -  clearHangingRentalSupplies started
2024_10_03_T11:25:48 -  clearHangingRentalSupplies took 0.00020694732666015625
2024_10_03_T11:25:48 -  clearHouseMarket started
2024_10_03_T11:25:48 -  clearHouseMarket - first block took 0.014275789260864258
2024_10_03_T11:25:48 -  clearHouseMarket - second block took 0.0011699199676513672
2024_10_03_T11:25:48 -  clearHouseMarket - third block took 0.0002238750457763672
2024_10_03_T11:25:48 -  clearRentalMarket started
2024_10_03_T11:25:48 -  clearRentalMarket - first block took 0.034185171127319336
2024_10_03_T11:25:48 -  clearRentalMarket - second block took 0.00031113624572753906
2024_10_03_T11:25:48 -  Model step took 0.06018185615539551 seconds
2024_10_03_T11:25:50 -  Model step started
2024_10_03_T11:25:50 -  clearHangingSupplies started
2024_10_03_T11:25:50 -  clearHangingSupplies took 1.9073486328125e-5
2024_10_03_T11:25:50 -  clearHangingRentalSupplies started
2024_10_03_T11:25:50 -  clearHangingRentalSupplies took 0.00021314620971679688
2024_10_03_T11:25:50 -  clearHouseMarket started
2024_10_03_T11:25:50 -  clearHouseMarket - first block took 0.013394832611083984
2024_10_03_T11:25:50 -  clearHouseMarket - second block took 0.000637054443359375
2024_10_03_T11:25:50 -  clearHouseMarket - third block took 0.00023508071899414062
2024_10_03_T11:25:50 -  clearRentalMarket started
2024_10_03_T11:25:50 -  clearRentalMarket - first block took 0.02611398696899414
2024_10_03_T11:25:50 -  clearRentalMarket - second block took 0.000186920166015625
2024_10_03_T11:25:50 -  Model step took 0.05081987380981445 seconds
2024_10_03_T11:25:52 -  Model step started
2024_10_03_T11:25:52 -  clearHangingSupplies started
2024_10_03_T11:25:52 -  clearHangingSupplies took 1.5974044799804688e-5
2024_10_03_T11:25:52 -  clearHangingRentalSupplies started
2024_10_03_T11:25:52 -  clearHangingRentalSupplies took 0.00022101402282714844
2024_10_03_T11:25:52 -  clearHouseMarket started
2024_10_03_T11:25:52 -  clearHouseMarket - first block took 0.011481046676635742
2024_10_03_T11:25:52 -  clearHouseMarket - second block took 0.0013620853424072266
2024_10_03_T11:25:52 -  clearHouseMarket - third block took 0.00023102760314941406
2024_10_03_T11:25:52 -  clearRentalMarket started
2024_10_03_T11:25:52 -  clearRentalMarket - first block took 0.03242087364196777
2024_10_03_T11:25:52 -  clearRentalMarket - second block took 0.00023818016052246094
2024_10_03_T11:25:53 -  Model step took 0.055383920669555664 seconds
2024_10_03_T11:25:54 -  Model step started
2024_10_03_T11:25:54 -  clearHangingSupplies started
2024_10_03_T11:25:54 -  clearHangingSupplies took 1.4066696166992188e-5
2024_10_03_T11:25:54 -  clearHangingRentalSupplies started
2024_10_03_T11:25:54 -  clearHangingRentalSupplies took 0.00023603439331054688
2024_10_03_T11:25:54 -  clearHouseMarket started
2024_10_03_T11:25:55 -  clearHouseMarket - first block took 0.00885915756225586
2024_10_03_T11:25:55 -  clearHouseMarket - second block took 0.0008418560028076172
2024_10_03_T11:25:55 -  clearHouseMarket - third block took 0.0002799034118652344
2024_10_03_T11:25:55 -  clearRentalMarket started
2024_10_03_T11:25:55 -  clearRentalMarket - first block took 0.02845621109008789
2024_10_03_T11:25:55 -  clearRentalMarket - second block took 0.0002830028533935547
2024_10_03_T11:25:55 -  Model step took 0.047888994216918945 seconds
2024_10_03_T11:25:57 -  Model step started
2024_10_03_T11:25:57 -  clearHangingSupplies started
2024_10_03_T11:25:57 -  clearHangingSupplies took 1.3828277587890625e-5
2024_10_03_T11:25:57 -  clearHangingRentalSupplies started
2024_10_03_T11:25:57 -  clearHangingRentalSupplies took 0.00022602081298828125
2024_10_03_T11:25:57 -  clearHouseMarket started
2024_10_03_T11:25:57 -  clearHouseMarket - first block took 0.008927106857299805
2024_10_03_T11:25:57 -  clearHouseMarket - second block took 0.0012869834899902344
2024_10_03_T11:25:57 -  clearHouseMarket - third block took 0.00022101402282714844
2024_10_03_T11:25:57 -  clearRentalMarket started
2024_10_03_T11:25:57 -  clearRentalMarket - first block took 0.028873920440673828
2024_10_03_T11:25:57 -  clearRentalMarket - second block took 0.00026702880859375
2024_10_03_T11:25:57 -  Model step took 0.048966169357299805 seconds
2024_10_03_T11:25:59 -  Model step started
2024_10_03_T11:25:59 -  clearHangingSupplies started
2024_10_03_T11:25:59 -  clearHangingSupplies took 2.5987625122070312e-5
2024_10_03_T11:25:59 -  clearHangingRentalSupplies started
2024_10_03_T11:25:59 -  clearHangingRentalSupplies took 0.00022482872009277344
2024_10_03_T11:25:59 -  clearHouseMarket started
2024_10_03_T11:25:59 -  clearHouseMarket - first block took 0.006618976593017578
2024_10_03_T11:25:59 -  clearHouseMarket - second block took 0.0005309581756591797
2024_10_03_T11:25:59 -  clearHouseMarket - third block took 0.0002300739288330078
2024_10_03_T11:25:59 -  clearRentalMarket started
2024_10_03_T11:25:59 -  clearRentalMarket - first block took 0.030211925506591797
2024_10_03_T11:25:59 -  clearRentalMarket - second block took 0.0002808570861816406
2024_10_03_T11:25:59 -  Model step took 0.052381038665771484 seconds
2024_10_03_T11:26:01 -  Model step started
2024_10_03_T11:26:01 -  clearHangingSupplies started
2024_10_03_T11:26:01 -  clearHangingSupplies took 1.0013580322265625e-5
2024_10_03_T11:26:01 -  clearHangingRentalSupplies started
2024_10_03_T11:26:01 -  clearHangingRentalSupplies took 0.00024390220642089844
2024_10_03_T11:26:01 -  clearHouseMarket started
2024_10_03_T11:26:01 -  clearHouseMarket - first block took 0.004412174224853516
2024_10_03_T11:26:01 -  clearHouseMarket - second block took 0.00043392181396484375
2024_10_03_T11:26:01 -  clearHouseMarket - third block took 0.00021696090698242188
2024_10_03_T11:26:01 -  clearRentalMarket started
2024_10_03_T11:26:01 -  clearRentalMarket - first block took 0.029433012008666992
2024_10_03_T11:26:01 -  clearRentalMarket - second block took 0.00019598007202148438
2024_10_03_T11:26:01 -  Model step took 0.0439608097076416 seconds
2024_10_03_T11:26:03 -  Model step started
2024_10_03_T11:26:03 -  clearHangingSupplies started
2024_10_03_T11:26:03 -  clearHangingSupplies took 1.0013580322265625e-5
2024_10_03_T11:26:03 -  clearHangingRentalSupplies started
2024_10_03_T11:26:03 -  clearHangingRentalSupplies took 0.0003139972686767578
2024_10_03_T11:26:03 -  clearHouseMarket started
2024_10_03_T11:26:03 -  clearHouseMarket - first block took 0.002056121826171875
2024_10_03_T11:26:03 -  clearHouseMarket - second block took 0.0004088878631591797
2024_10_03_T11:26:03 -  clearHouseMarket - third block took 0.0002009868621826172
2024_10_03_T11:26:03 -  clearRentalMarket started
2024_10_03_T11:26:03 -  clearRentalMarket - first block took 0.03744697570800781
2024_10_03_T11:26:03 -  clearRentalMarket - second block took 0.000308990478515625
2024_10_03_T11:26:03 -  Model step took 0.04993700981140137 seconds
2024_10_03_T11:26:05 -  Model step started
2024_10_03_T11:26:05 -  clearHangingSupplies started
2024_10_03_T11:26:05 -  clearHangingSupplies took 1.0013580322265625e-5
2024_10_03_T11:26:05 -  clearHangingRentalSupplies started
2024_10_03_T11:26:05 -  clearHangingRentalSupplies took 0.00025081634521484375
2024_10_03_T11:26:05 -  clearHouseMarket started
2024_10_03_T11:26:05 -  clearHouseMarket - first block took 0.0009031295776367188
2024_10_03_T11:26:05 -  clearHouseMarket - second block took 0.0002980232238769531
2024_10_03_T11:26:05 -  clearHouseMarket - third block took 0.00018405914306640625
2024_10_03_T11:26:05 -  clearRentalMarket started
2024_10_03_T11:26:05 -  clearRentalMarket - first block took 0.034388065338134766
2024_10_03_T11:26:05 -  clearRentalMarket - second block took 0.00033402442932128906
2024_10_03_T11:26:05 -  Model step took 0.04560089111328125 seconds
2024_10_03_T11:26:07 -  Model step started
2024_10_03_T11:26:07 -  clearHangingSupplies started
2024_10_03_T11:26:07 -  clearHangingSupplies took 1.9073486328125e-6
2024_10_03_T11:26:07 -  clearHangingRentalSupplies started
2024_10_03_T11:26:07 -  clearHangingRentalSupplies took 0.00034308433532714844
2024_10_03_T11:26:07 -  clearHouseMarket started
2024_10_03_T11:26:07 -  clearHouseMarket - first block took 2.8133392333984375e-5
2024_10_03_T11:26:07 -  clearHouseMarket - second block took 1.9073486328125e-6
2024_10_03_T11:26:07 -  clearHouseMarket - third block took 0.0002579689025878906
2024_10_03_T11:26:07 -  clearRentalMarket started
2024_10_03_T11:26:07 -  clearRentalMarket - first block took 0.036802053451538086
2024_10_03_T11:26:07 -  clearRentalMarket - second block took 0.00033402442932128906
2024_10_03_T11:26:07 -  Model step took 0.047308921813964844 seconds
2024_10_03_T11:26:09 -  Model step started
2024_10_03_T11:26:09 -  clearHangingSupplies started
2024_10_03_T11:26:09 -  clearHangingSupplies took 9.059906005859375e-6
2024_10_03_T11:26:09 -  clearHangingRentalSupplies started
2024_10_03_T11:26:09 -  clearHangingRentalSupplies took 0.00024700164794921875
2024_10_03_T11:26:09 -  clearHouseMarket started
2024_10_03_T11:26:09 -  clearHouseMarket - first block took 0.0007698535919189453
2024_10_03_T11:26:09 -  clearHouseMarket - second block took 0.0005309581756591797
2024_10_03_T11:26:09 -  clearHouseMarket - third block took 0.00021409988403320312
2024_10_03_T11:26:09 -  clearRentalMarket started
2024_10_03_T11:26:09 -  clearRentalMarket - first block took 0.03990888595581055
2024_10_03_T11:26:09 -  clearRentalMarket - second block took 0.0003848075866699219
2024_10_03_T11:26:09 -  Model step took 0.05694985389709473 seconds
2024_10_03_T11:26:11 -  Model step started
2024_10_03_T11:26:11 -  clearHangingSupplies started
2024_10_03_T11:26:11 -  clearHangingSupplies took 2.86102294921875e-6
2024_10_03_T11:26:11 -  clearHangingRentalSupplies started
2024_10_03_T11:26:11 -  clearHangingRentalSupplies took 0.0002491474151611328
2024_10_03_T11:26:11 -  clearHouseMarket started
2024_10_03_T11:26:11 -  clearHouseMarket - first block took 1.9073486328125e-5
2024_10_03_T11:26:11 -  clearHouseMarket - second block took 1.9073486328125e-6
2024_10_03_T11:26:11 -  clearHouseMarket - third block took 0.000225067138671875
2024_10_03_T11:26:11 -  clearRentalMarket started
2024_10_03_T11:26:11 -  clearRentalMarket - first block took 0.03731203079223633
2024_10_03_T11:26:11 -  clearRentalMarket - second block took 0.0003719329833984375
2024_10_03_T11:26:11 -  Model step took 0.04787898063659668 seconds
2024_10_03_T11:26:13 -  Model step started
2024_10_03_T11:26:13 -  clearHangingSupplies started
2024_10_03_T11:26:13 -  clearHangingSupplies took 6.9141387939453125e-6
2024_10_03_T11:26:13 -  clearHangingRentalSupplies started
2024_10_03_T11:26:13 -  clearHangingRentalSupplies took 0.0002551078796386719
2024_10_03_T11:26:13 -  clearHouseMarket started
2024_10_03_T11:26:13 -  clearHouseMarket - first block took 0.0014290809631347656
2024_10_03_T11:26:13 -  clearHouseMarket - second block took 0.0003719329833984375
2024_10_03_T11:26:13 -  clearHouseMarket - third block took 0.00022792816162109375
2024_10_03_T11:26:13 -  clearRentalMarket started
2024_10_03_T11:26:13 -  clearRentalMarket - first block took 0.03974008560180664
2024_10_03_T11:26:13 -  clearRentalMarket - second block took 0.0004401206970214844
2024_10_03_T11:26:13 -  Model step took 0.05194520950317383 seconds
2024_10_03_T11:26:15 -  Model step started
2024_10_03_T11:26:15 -  clearHangingSupplies started
2024_10_03_T11:26:15 -  clearHangingSupplies took 9.059906005859375e-6
2024_10_03_T11:26:15 -  clearHangingRentalSupplies started
2024_10_03_T11:26:15 -  clearHangingRentalSupplies took 0.00024700164794921875
2024_10_03_T11:26:15 -  clearHouseMarket started
2024_10_03_T11:26:15 -  clearHouseMarket - first block took 0.0006308555603027344
2024_10_03_T11:26:15 -  clearHouseMarket - second block took 0.0005080699920654297
2024_10_03_T11:26:15 -  clearHouseMarket - third block took 0.00023102760314941406
2024_10_03_T11:26:15 -  clearRentalMarket started
2024_10_03_T11:26:16 -  clearRentalMarket - first block took 0.041821956634521484
2024_10_03_T11:26:16 -  clearRentalMarket - second block took 0.0002830028533935547
2024_10_03_T11:26:16 -  Model step took 0.053646087646484375 seconds
2024_10_03_T11:26:18 -  Model step started
2024_10_03_T11:26:18 -  clearHangingSupplies started
2024_10_03_T11:26:18 -  clearHangingSupplies took 5.9604644775390625e-6
2024_10_03_T11:26:18 -  clearHangingRentalSupplies started
2024_10_03_T11:26:18 -  clearHangingRentalSupplies took 0.0002620220184326172
2024_10_03_T11:26:18 -  clearHouseMarket started
2024_10_03_T11:26:18 -  clearHouseMarket - first block took 0.0007419586181640625
2024_10_03_T11:26:18 -  clearHouseMarket - second block took 0.0003008842468261719
2024_10_03_T11:26:18 -  clearHouseMarket - third block took 0.0002741813659667969
2024_10_03_T11:26:18 -  clearRentalMarket started
2024_10_03_T11:26:18 -  clearRentalMarket - first block took 0.03674817085266113
2024_10_03_T11:26:18 -  clearRentalMarket - second block took 0.0003719329833984375
2024_10_03_T11:26:18 -  Model step took 0.04822993278503418 seconds
2024_10_03_T11:26:20 -  Model step started
2024_10_03_T11:26:20 -  clearHangingSupplies started
2024_10_03_T11:26:20 -  clearHangingSupplies took 6.9141387939453125e-6
2024_10_03_T11:26:20 -  clearHangingRentalSupplies started
2024_10_03_T11:26:20 -  clearHangingRentalSupplies took 0.00026106834411621094
2024_10_03_T11:26:20 -  clearHouseMarket started
2024_10_03_T11:26:20 -  clearHouseMarket - first block took 0.0010209083557128906
2024_10_03_T11:26:20 -  clearHouseMarket - second block took 0.0007710456848144531
2024_10_03_T11:26:20 -  clearHouseMarket - third block took 0.0002868175506591797
2024_10_03_T11:26:20 -  clearRentalMarket started
2024_10_03_T11:26:20 -  clearRentalMarket - first block took 0.0362238883972168
2024_10_03_T11:26:20 -  clearRentalMarket - second block took 0.0003199577331542969
2024_10_03_T11:26:20 -  Model step took 0.048422813415527344 seconds
2024_10_03_T11:26:22 -  Model step started
2024_10_03_T11:26:22 -  clearHangingSupplies started
2024_10_03_T11:26:22 -  clearHangingSupplies took 3.0994415283203125e-6
2024_10_03_T11:26:22 -  clearHangingRentalSupplies started
2024_10_03_T11:26:22 -  clearHangingRentalSupplies took 0.0002391338348388672
2024_10_03_T11:26:22 -  clearHouseMarket started
2024_10_03_T11:26:22 -  clearHouseMarket - first block took 2.193450927734375e-5
2024_10_03_T11:26:22 -  clearHouseMarket - second block took 1.9073486328125e-6
2024_10_03_T11:26:22 -  clearHouseMarket - third block took 0.00022482872009277344
2024_10_03_T11:26:22 -  clearRentalMarket started
2024_10_03_T11:26:22 -  clearRentalMarket - first block took 0.04199504852294922
2024_10_03_T11:26:22 -  clearRentalMarket - second block took 0.00026416778564453125
2024_10_03_T11:26:22 -  Model step took 0.054308176040649414 seconds
