2024_09_06_T08:25:09 -  finished initateHouses in 0.2905910015106201 seconds
2024_09_06_T08:25:09 -  finished initiateHouseholds in 0.5030601024627686 seconds
2024_09_06_T08:25:10 -  finished assignHousesToHouseholds in 0.7924809455871582 seconds
2024_09_06_T08:26:14 -  Model step started
2024_09_06_T08:30:41 -  Model step took 267.08318400382996 seconds
2024_09_06_T08:31:43 -  Model step started
2024_09_06_T08:32:29 -  Model step took 45.876554012298584 seconds
2024_09_06_T08:33:30 -  Model step started
2024_09_06_T08:34:16 -  Model step took 45.97362780570984 seconds
2024_09_06_T08:35:18 -  Model step started
2024_09_06_T08:36:05 -  Model step took 46.99572396278381 seconds
2024_09_06_T08:37:06 -  Model step started
2024_09_06_T08:37:53 -  Model step took 47.06010985374451 seconds
2024_09_06_T08:38:53 -  Model step started
2024_09_06_T08:39:41 -  Model step took 48.054527044296265 seconds
2024_09_06_T08:40:43 -  Model step started
2024_09_06_T08:41:32 -  Model step took 49.359230041503906 seconds
2024_09_06_T08:42:34 -  Model step started
2024_09_06_T08:43:25 -  Model step took 51.21024489402771 seconds
2024_09_06_T08:44:27 -  Model step started
2024_09_06_T08:45:19 -  Model step took 52.041873931884766 seconds
2024_09_06_T08:46:21 -  Model step started
2024_09_06_T08:47:16 -  Model step took 54.72744703292847 seconds
2024_09_06_T08:48:18 -  Model step started
2024_09_06_T08:49:13 -  Model step took 55.42032194137573 seconds
2024_09_06_T08:50:15 -  Model step started
2024_09_06_T08:51:13 -  Model step took 57.56011414527893 seconds
2024_09_06_T08:52:15 -  Model step started
2024_09_06_T08:53:13 -  Model step took 57.330451011657715 seconds
2024_09_06_T08:54:15 -  Model step started
2024_09_06_T08:55:14 -  Model step took 58.59741687774658 seconds
2024_09_06_T08:56:16 -  Model step started
2024_09_06_T08:57:17 -  Model step took 60.262104988098145 seconds
