2024_09_01_T18:15:55 -  finished initateHouses in 0.3866231441497803 seconds
2024_09_01_T18:15:55 -  finished initiateHouseholds in 0.5725851058959961 seconds
2024_09_01_T18:15:55 -  finished assignHousesToHouseholds in 0.7385590076446533 seconds
2024_09_01_T18:16:03 -  Model step started
2024_09_01_T18:16:03 -  Model step took 0.5872578620910645 seconds
2024_09_01_T18:16:04 -  Model step started
2024_09_01_T18:16:04 -  Model step took 0.01545405387878418 seconds
2024_09_01_T18:16:05 -  Model step started
2024_09_01_T18:16:05 -  Model step took 0.013189077377319336 seconds
2024_09_01_T18:16:06 -  Model step started
2024_09_01_T18:16:06 -  Model step took 0.012336969375610352 seconds
2024_09_01_T18:16:07 -  Model step started
2024_09_01_T18:16:07 -  Model step took 0.01759195327758789 seconds
2024_09_01_T18:16:08 -  Model step started
2024_09_01_T18:16:08 -  Model step took 0.0159909725189209 seconds
2024_09_01_T18:16:09 -  Model step started
2024_09_01_T18:16:09 -  Model step took 0.013400077819824219 seconds
2024_09_01_T18:16:09 -  Model step started
2024_09_01_T18:16:09 -  Model step took 0.015398979187011719 seconds
2024_09_01_T18:16:10 -  Model step started
2024_09_01_T18:16:10 -  Model step took 0.019819021224975586 seconds
2024_09_01_T18:16:11 -  Model step started
2024_09_01_T18:16:11 -  Model step took 0.022922992706298828 seconds
2024_09_01_T18:16:12 -  Model step started
2024_09_01_T18:16:12 -  Model step took 0.012286901473999023 seconds
2024_09_01_T18:16:13 -  Model step started
2024_09_01_T18:16:13 -  Model step took 0.01650714874267578 seconds
2024_09_01_T18:16:14 -  Model step started
2024_09_01_T18:16:14 -  Model step took 0.019728899002075195 seconds
2024_09_01_T18:16:14 -  Model step started
2024_09_01_T18:16:14 -  Model step took 0.013692855834960938 seconds
2024_09_01_T18:16:15 -  Model step started
2024_09_01_T18:16:15 -  Model step took 0.012264013290405273 seconds
