2024_09_12_T21:53:32 -  finished initateHouses in 0.7048289775848389 seconds
2024_09_12_T21:53:32 -  finished initiateHouseholds in 0.9933061599731445 seconds
2024_09_12_T21:53:33 -  finished assignHousesToHouseholds in 1.2346999645233154 seconds
2024_09_12_T21:53:51 -  Model step started
2024_09_12_T21:53:53 -  Model step took 1.8746371269226074 seconds
2024_09_12_T21:54:01 -  Model step started
2024_09_12_T21:54:01 -  Model step took 0.05489706993103027 seconds
2024_09_12_T21:54:08 -  Model step started
2024_09_12_T21:54:08 -  Model step took 0.04905891418457031 seconds
2024_09_12_T21:54:15 -  Model step started
2024_09_12_T21:54:15 -  Model step took 0.037358999252319336 seconds
2024_09_12_T21:54:24 -  Model step started
2024_09_12_T21:54:24 -  Model step took 0.04255199432373047 seconds
2024_09_12_T21:54:31 -  Model step started
2024_09_12_T21:54:31 -  Model step took 0.033490896224975586 seconds
2024_09_12_T21:54:38 -  Model step started
2024_09_12_T21:54:38 -  Model step took 0.03806185722351074 seconds
2024_09_12_T21:54:45 -  Model step started
2024_09_12_T21:54:45 -  Model step took 0.04043412208557129 seconds
2024_09_12_T21:54:55 -  Model step started
2024_09_12_T21:54:55 -  Model step took 0.052018165588378906 seconds
2024_09_12_T21:55:03 -  Model step started
2024_09_12_T21:55:03 -  Model step took 0.021541118621826172 seconds
2024_09_12_T21:55:10 -  Model step started
2024_09_12_T21:55:10 -  Model step took 0.05055594444274902 seconds
2024_09_12_T21:55:17 -  Model step started
2024_09_12_T21:55:17 -  Model step took 0.035675048828125 seconds
2024_09_12_T21:55:22 -  Model step started
2024_09_12_T21:55:22 -  Model step took 0.03279995918273926 seconds
2024_09_12_T21:55:27 -  Model step started
2024_09_12_T21:55:27 -  Model step took 0.030447006225585938 seconds
2024_09_12_T21:55:33 -  Model step started
2024_09_12_T21:55:33 -  Model step took 0.02615189552307129 seconds
