2024_09_14_T18:18:52 -  finished initateHouses in 0.8181171417236328 seconds
2024_09_14_T18:18:52 -  finished initiateHouseholds in 1.1440479755401611 seconds
2024_09_14_T18:18:52 -  finished assignHousesToHouseholds in 1.3746521472930908 seconds
2024_09_14_T18:19:05 -  Model step started
2024_09_14_T18:19:06 -  Model step took 1.2999989986419678 seconds
2024_09_14_T18:19:10 -  Model step started
2024_09_14_T18:19:10 -  Model step took 0.07718396186828613 seconds
2024_09_14_T18:19:13 -  Model step started
2024_09_14_T18:19:13 -  Model step took 0.058882951736450195 seconds
2024_09_14_T18:19:16 -  Model step started
2024_09_14_T18:19:16 -  Model step took 0.02772998809814453 seconds
2024_09_14_T18:19:19 -  Model step started
2024_09_14_T18:19:19 -  Model step took 0.02274799346923828 seconds
2024_09_14_T18:19:21 -  Model step started
2024_09_14_T18:19:21 -  Model step took 0.04420304298400879 seconds
2024_09_14_T18:19:24 -  Model step started
2024_09_14_T18:19:24 -  Model step took 0.023427963256835938 seconds
2024_09_14_T18:19:27 -  Model step started
2024_09_14_T18:19:27 -  Model step took 0.025846004486083984 seconds
2024_09_14_T18:19:30 -  Model step started
2024_09_14_T18:19:30 -  Model step took 0.022595882415771484 seconds
2024_09_14_T18:19:33 -  Model step started
2024_09_14_T18:19:33 -  Model step took 0.026705026626586914 seconds
2024_09_14_T18:19:36 -  Model step started
2024_09_14_T18:19:36 -  Model step took 0.0262911319732666 seconds
2024_09_14_T18:19:38 -  Model step started
2024_09_14_T18:19:38 -  Model step took 0.025862932205200195 seconds
2024_09_14_T18:19:41 -  Model step started
2024_09_14_T18:19:41 -  Model step took 0.026643037796020508 seconds
2024_09_14_T18:19:44 -  Model step started
2024_09_14_T18:19:44 -  Model step took 0.027064085006713867 seconds
2024_09_14_T18:19:48 -  Model step started
2024_09_14_T18:19:48 -  Model step took 0.03126215934753418 seconds
