2024_09_08_T16:58:04 -  finished initateHouses in 0.8626151084899902 seconds
2024_09_08_T16:58:04 -  finished initiateHouseholds in 1.2226500511169434 seconds
2024_09_08_T16:58:05 -  finished assignHousesToHouseholds in 1.5643870830535889 seconds
2024_09_08_T16:58:44 -  Model step started
2024_09_08_T16:58:53 -  Model step took 9.245303869247437 seconds
2024_09_08_T16:59:18 -  Model step started
2024_09_08_T16:59:20 -  Model step took 1.7477340698242188 seconds
2024_09_08_T16:59:41 -  Model step started
2024_09_08_T16:59:43 -  Model step took 1.89491605758667 seconds
2024_09_08_T17:00:02 -  Model step started
2024_09_08_T17:00:04 -  Model step took 1.8360168933868408 seconds
2024_09_08_T17:00:25 -  Model step started
2024_09_08_T17:00:27 -  Model step took 1.9271929264068604 seconds
2024_09_08_T17:00:52 -  Model step started
2024_09_08_T17:00:54 -  Model step took 2.245305061340332 seconds
2024_09_08_T17:01:16 -  Model step started
2024_09_08_T17:01:18 -  Model step took 2.0711491107940674 seconds
2024_09_08_T17:01:39 -  Model step started
2024_09_08_T17:01:41 -  Model step took 1.984050989151001 seconds
2024_09_08_T17:02:04 -  Model step started
2024_09_08_T17:02:06 -  Model step took 1.873845100402832 seconds
2024_09_08_T17:02:30 -  Model step started
2024_09_08_T17:02:32 -  Model step took 2.0768721103668213 seconds
2024_09_08_T17:02:54 -  Model step started
2024_09_08_T17:02:55 -  Model step took 1.2317140102386475 seconds
2024_09_08_T17:03:07 -  Model step started
2024_09_08_T17:03:09 -  Model step took 2.1055331230163574 seconds
2024_09_08_T17:03:29 -  Model step started
2024_09_08_T17:03:33 -  Model step took 4.271196126937866 seconds
2024_09_08_T17:03:50 -  Model step started
2024_09_08_T17:03:51 -  Model step took 1.8716449737548828 seconds
2024_09_08_T17:04:19 -  Model step started
2024_09_08_T17:04:22 -  Model step took 2.6494319438934326 seconds
