2024_09_26_T19:08:27 -  finished initateHouses in 0.8251910209655762 seconds
2024_09_26_T19:08:27 -  finished initiateHouseholds in 1.0707850456237793 seconds
2024_09_26_T19:08:27 -  finished assignHousesToHouseholds in 1.2888519763946533 seconds
2024_09_26_T19:08:37 -  Model step started
2024_09_26_T19:08:38 -  Model step took 0.9084157943725586 seconds
2024_09_26_T19:08:40 -  Model step started
2024_09_26_T19:08:40 -  Model step took 0.1281881332397461 seconds
2024_09_26_T19:08:42 -  Model step started
2024_09_26_T19:08:42 -  Model step took 0.1947181224822998 seconds
2024_09_26_T19:08:44 -  Model step started
2024_09_26_T19:08:45 -  Model step took 0.12552213668823242 seconds
2024_09_26_T19:08:47 -  Model step started
2024_09_26_T19:08:47 -  Model step took 0.08904790878295898 seconds
2024_09_26_T19:08:49 -  Model step started
2024_09_26_T19:08:49 -  Model step took 0.08130311965942383 seconds
2024_09_26_T19:08:51 -  Model step started
2024_09_26_T19:08:51 -  Model step took 0.0747690200805664 seconds
2024_09_26_T19:08:53 -  Model step started
2024_09_26_T19:08:53 -  Model step took 0.08539700508117676 seconds
2024_09_26_T19:08:55 -  Model step started
2024_09_26_T19:08:55 -  Model step took 0.07506704330444336 seconds
2024_09_26_T19:08:58 -  Model step started
2024_09_26_T19:08:58 -  Model step took 0.07121109962463379 seconds
2024_09_26_T19:09:06 -  Model step started
2024_09_26_T19:09:06 -  Model step took 0.10482597351074219 seconds
2024_09_26_T19:09:10 -  Model step started
2024_09_26_T19:09:10 -  Model step took 0.07259893417358398 seconds
2024_09_26_T19:09:13 -  Model step started
2024_09_26_T19:09:13 -  Model step took 0.09310507774353027 seconds
2024_09_26_T19:09:16 -  Model step started
2024_09_26_T19:09:16 -  Model step took 0.0959770679473877 seconds
2024_09_26_T19:09:18 -  Model step started
2024_09_26_T19:09:18 -  Model step took 0.06084394454956055 seconds
2024_09_26_T19:09:21 -  Model step started
2024_09_26_T19:09:21 -  Model step took 0.0565648078918457 seconds
2024_09_26_T19:09:23 -  Model step started
2024_09_26_T19:09:23 -  Model step took 0.0762789249420166 seconds
2024_09_26_T19:09:27 -  Model step started
2024_09_26_T19:09:27 -  Model step took 0.08455801010131836 seconds
2024_09_26_T19:09:32 -  Model step started
2024_09_26_T19:09:32 -  Model step took 0.25234198570251465 seconds
2024_09_26_T19:09:36 -  Model step started
2024_09_26_T19:09:36 -  Model step took 0.09055590629577637 seconds
2024_09_26_T19:09:42 -  Model step started
2024_09_26_T19:09:42 -  Model step took 0.38753509521484375 seconds
2024_09_26_T19:09:52 -  Model step started
2024_09_26_T19:09:52 -  Model step took 0.14773106575012207 seconds
2024_09_26_T19:10:02 -  Model step started
2024_09_26_T19:10:02 -  Model step took 0.14879918098449707 seconds
2024_09_26_T19:10:13 -  Model step started
2024_09_26_T19:10:13 -  Model step took 0.17334318161010742 seconds
2024_09_26_T19:10:23 -  Model step started
2024_09_26_T19:10:23 -  Model step took 0.2293238639831543 seconds
2024_09_26_T19:10:34 -  Model step started
2024_09_26_T19:10:34 -  Model step took 0.15248394012451172 seconds
2024_09_26_T19:10:45 -  Model step started
2024_09_26_T19:10:45 -  Model step took 0.1300220489501953 seconds
2024_09_26_T19:10:52 -  Model step started
2024_09_26_T19:10:52 -  Model step took 0.12871313095092773 seconds
2024_09_26_T19:11:00 -  Model step started
2024_09_26_T19:11:00 -  Model step took 0.17702221870422363 seconds
2024_09_26_T19:11:08 -  Model step started
2024_09_26_T19:11:08 -  Model step took 0.208298921585083 seconds
2024_09_26_T19:11:15 -  Model step started
2024_09_26_T19:11:15 -  Model step took 0.16010594367980957 seconds
2024_09_26_T19:11:24 -  Model step started
2024_09_26_T19:11:25 -  Model step took 0.12079286575317383 seconds
2024_09_26_T19:11:32 -  Model step started
2024_09_26_T19:11:32 -  Model step took 0.15535902976989746 seconds
2024_09_26_T19:11:42 -  Model step started
2024_09_26_T19:11:43 -  Model step took 0.18420195579528809 seconds
2024_09_26_T19:11:52 -  Model step started
2024_09_26_T19:11:53 -  Model step took 0.2499377727508545 seconds
2024_09_26_T19:12:02 -  Model step started
2024_09_26_T19:12:02 -  Model step took 0.2420508861541748 seconds
2024_09_26_T19:12:09 -  Model step started
2024_09_26_T19:12:09 -  Model step took 0.07505202293395996 seconds
2024_09_26_T19:12:14 -  Model step started
2024_09_26_T19:12:14 -  Model step took 0.0821390151977539 seconds
2024_09_26_T19:12:22 -  Model step started
2024_09_26_T19:12:22 -  Model step took 0.14320898056030273 seconds
2024_09_26_T19:12:30 -  Model step started
2024_09_26_T19:12:31 -  Model step took 0.09401202201843262 seconds
2024_09_26_T19:12:38 -  Model step started
2024_09_26_T19:12:38 -  Model step took 0.145982027053833 seconds
2024_09_26_T19:12:44 -  Model step started
2024_09_26_T19:12:44 -  Model step took 0.16853904724121094 seconds
2024_09_26_T19:12:53 -  Model step started
2024_09_26_T19:12:53 -  Model step took 0.15681815147399902 seconds
2024_09_26_T19:12:59 -  Model step started
2024_09_26_T19:12:59 -  Model step took 0.12813782691955566 seconds
2024_09_26_T19:13:07 -  Model step started
2024_09_26_T19:13:07 -  Model step took 0.09423112869262695 seconds
2024_09_26_T19:13:13 -  Model step started
2024_09_26_T19:13:13 -  Model step took 0.11859488487243652 seconds
2024_09_26_T19:13:19 -  Model step started
2024_09_26_T19:13:19 -  Model step took 0.10963916778564453 seconds
2024_09_26_T19:13:25 -  Model step started
2024_09_26_T19:13:25 -  Model step took 0.11662101745605469 seconds
2024_09_26_T19:13:32 -  Model step started
2024_09_26_T19:13:32 -  Model step took 0.09975790977478027 seconds
2024_09_26_T19:13:39 -  Model step started
2024_09_26_T19:13:39 -  Model step took 0.07339310646057129 seconds
