2024_09_06_T01:00:01 -  finished initateHouses in 0.29622817039489746 seconds
2024_09_06_T01:00:01 -  finished initiateHouseholds in 0.5093300342559814 seconds
2024_09_06_T01:00:01 -  finished assignHousesToHouseholds in 0.7996711730957031 seconds
2024_09_06_T01:01:06 -  Model step started
2024_09_06_T01:05:30 -  Model step took 264.85427689552307 seconds
2024_09_06_T01:06:31 -  Model step started
2024_09_06_T01:07:24 -  Model step took 52.30301809310913 seconds
2024_09_06_T01:08:26 -  Model step started
2024_09_06_T01:09:19 -  Model step took 52.87170195579529 seconds
2024_09_06_T01:10:20 -  Model step started
2024_09_06_T01:11:13 -  Model step took 53.0395929813385 seconds
2024_09_06_T01:12:16 -  Model step started
2024_09_06_T01:13:10 -  Model step took 53.86600685119629 seconds
2024_09_06_T01:14:11 -  Model step started
2024_09_06_T01:15:06 -  Model step took 54.789703130722046 seconds
2024_09_06_T01:16:08 -  Model step started
2024_09_06_T01:17:05 -  Model step took 56.905611991882324 seconds
2024_09_06_T01:18:07 -  Model step started
2024_09_06_T01:19:06 -  Model step took 58.09009003639221 seconds
2024_09_06_T01:20:09 -  Model step started
2024_09_06_T01:21:08 -  Model step took 59.02821087837219 seconds
2024_09_06_T01:22:10 -  Model step started
2024_09_06_T01:23:10 -  Model step took 59.52953004837036 seconds
2024_09_06_T01:24:14 -  Model step started
2024_09_06_T01:25:14 -  Model step took 60.61731314659119 seconds
2024_09_06_T01:26:18 -  Model step started
2024_09_06_T01:27:20 -  Model step took 62.13879895210266 seconds
2024_09_06_T01:28:22 -  Model step started
2024_09_06_T01:29:25 -  Model step took 63.11849617958069 seconds
2024_09_06_T01:30:27 -  Model step started
2024_09_06_T01:31:31 -  Model step took 64.11419892311096 seconds
2024_09_06_T01:32:35 -  Model step started
2024_09_06_T01:33:39 -  Model step took 64.29064893722534 seconds
