2024_09_15_T13:55:27 -  finished initateHouses in 1.0364689826965332 seconds
2024_09_15_T13:55:28 -  finished initiateHouseholds in 1.4862821102142334 seconds
2024_09_15_T13:55:28 -  finished assignHousesToHouseholds in 1.7890191078186035 seconds
2024_09_15_T13:55:45 -  Model step started
2024_09_15_T13:55:46 -  Model step took 1.517690896987915 seconds
2024_09_15_T13:55:50 -  Model step started
2024_09_15_T13:55:50 -  Model step took 0.06817793846130371 seconds
2024_09_15_T13:55:55 -  Model step started
2024_09_15_T13:55:55 -  Model step took 0.013882875442504883 seconds
2024_09_15_T13:55:59 -  Model step started
2024_09_15_T13:55:59 -  Model step took 0.024613142013549805 seconds
2024_09_15_T13:56:03 -  Model step started
2024_09_15_T13:56:03 -  Model step took 0.014693975448608398 seconds
2024_09_15_T13:56:06 -  Model step started
2024_09_15_T13:56:06 -  Model step took 0.018292903900146484 seconds
2024_09_15_T13:56:11 -  Model step started
2024_09_15_T13:56:11 -  Model step took 0.01623702049255371 seconds
2024_09_15_T13:56:15 -  Model step started
2024_09_15_T13:56:15 -  Model step took 0.009858846664428711 seconds
2024_09_15_T13:56:19 -  Model step started
2024_09_15_T13:56:19 -  Model step took 0.0123291015625 seconds
2024_09_15_T13:56:23 -  Model step started
2024_09_15_T13:56:23 -  Model step took 0.011939048767089844 seconds
2024_09_15_T13:56:28 -  Model step started
2024_09_15_T13:56:28 -  Model step took 0.01055598258972168 seconds
2024_09_15_T13:56:32 -  Model step started
2024_09_15_T13:56:32 -  Model step took 0.012601852416992188 seconds
2024_09_15_T13:56:36 -  Model step started
2024_09_15_T13:56:36 -  Model step took 0.004567861557006836 seconds
2024_09_15_T13:56:40 -  Model step started
2024_09_15_T13:56:40 -  Model step took 0.010493040084838867 seconds
2024_09_15_T13:56:45 -  Model step started
2024_09_15_T13:56:45 -  Model step took 0.006921052932739258 seconds
2024_09_15_T13:56:49 -  Model step started
2024_09_15_T13:56:49 -  Model step took 0.006051063537597656 seconds
2024_09_15_T13:56:53 -  Model step started
2024_09_15_T13:56:53 -  Model step took 0.1790788173675537 seconds
2024_09_15_T13:56:57 -  Model step started
2024_09_15_T13:56:57 -  Model step took 0.22014999389648438 seconds
2024_09_15_T13:57:01 -  Model step started
2024_09_15_T13:57:01 -  Model step took 0.20134997367858887 seconds
2024_09_15_T13:57:05 -  Model step started
2024_09_15_T13:57:05 -  Model step took 0.26567602157592773 seconds
2024_09_15_T13:57:09 -  Model step started
2024_09_15_T13:57:10 -  Model step took 0.27092909812927246 seconds
2024_09_15_T13:57:13 -  Model step started
2024_09_15_T13:57:14 -  Model step took 0.36405205726623535 seconds
2024_09_15_T13:57:19 -  Model step started
2024_09_15_T13:57:19 -  Model step took 0.2705421447753906 seconds
2024_09_15_T13:57:23 -  Model step started
2024_09_15_T13:57:23 -  Model step took 0.37140607833862305 seconds
2024_09_15_T13:57:27 -  Model step started
2024_09_15_T13:57:28 -  Model step took 0.2201840877532959 seconds
2024_09_15_T13:57:32 -  Model step started
2024_09_15_T13:57:32 -  Model step took 0.15816187858581543 seconds
2024_09_15_T13:57:36 -  Model step started
2024_09_15_T13:57:36 -  Model step took 0.11623501777648926 seconds
2024_09_15_T13:57:40 -  Model step started
2024_09_15_T13:57:40 -  Model step took 0.13818907737731934 seconds
2024_09_15_T13:57:43 -  Model step started
2024_09_15_T13:57:43 -  Model step took 0.05313706398010254 seconds
2024_09_15_T13:57:48 -  Model step started
2024_09_15_T13:57:48 -  Model step took 0.013592004776000977 seconds
2024_09_15_T13:57:52 -  Model step started
2024_09_15_T13:57:52 -  Model step took 0.008424043655395508 seconds
2024_09_15_T13:57:57 -  Model step started
2024_09_15_T13:57:57 -  Model step took 0.004670858383178711 seconds
2024_09_15_T13:58:01 -  Model step started
2024_09_15_T13:58:01 -  Model step took 0.015426874160766602 seconds
2024_09_15_T13:58:05 -  Model step started
2024_09_15_T13:58:05 -  Model step took 0.015480995178222656 seconds
2024_09_15_T13:58:09 -  Model step started
2024_09_15_T13:58:09 -  Model step took 0.012846946716308594 seconds
2024_09_15_T13:58:13 -  Model step started
2024_09_15_T13:58:13 -  Model step took 0.010313987731933594 seconds
2024_09_15_T13:58:17 -  Model step started
2024_09_15_T13:58:17 -  Model step took 0.029288053512573242 seconds
2024_09_15_T13:58:23 -  Model step started
2024_09_15_T13:58:23 -  Model step took 0.0075130462646484375 seconds
2024_09_15_T13:58:28 -  Model step started
2024_09_15_T13:58:28 -  Model step took 0.006968975067138672 seconds
2024_09_15_T13:58:32 -  Model step started
2024_09_15_T13:58:32 -  Model step took 0.00576019287109375 seconds
2024_09_15_T13:58:36 -  Model step started
2024_09_15_T13:58:36 -  Model step took 0.007863998413085938 seconds
2024_09_15_T13:58:40 -  Model step started
2024_09_15_T13:58:40 -  Model step took 0.011825084686279297 seconds
2024_09_15_T13:58:44 -  Model step started
2024_09_15_T13:58:44 -  Model step took 0.01623702049255371 seconds
2024_09_15_T13:58:48 -  Model step started
2024_09_15_T13:58:48 -  Model step took 0.010488033294677734 seconds
2024_09_15_T13:58:53 -  Model step started
2024_09_15_T13:58:53 -  Model step took 0.008974075317382812 seconds
2024_09_15_T13:58:57 -  Model step started
2024_09_15_T13:58:57 -  Model step took 0.017019987106323242 seconds
2024_09_15_T13:59:01 -  Model step started
2024_09_15_T13:59:02 -  Model step took 0.024266958236694336 seconds
2024_09_15_T13:59:06 -  Model step started
2024_09_15_T13:59:06 -  Model step took 0.017596006393432617 seconds
2024_09_15_T13:59:10 -  Model step started
2024_09_15_T13:59:10 -  Model step took 0.011512994766235352 seconds
2024_09_15_T13:59:14 -  Model step started
2024_09_15_T13:59:14 -  Model step took 0.013020038604736328 seconds
2024_09_15_T13:59:19 -  Model step started
2024_09_15_T13:59:19 -  Model step took 0.014868974685668945 seconds
2024_09_15_T13:59:23 -  Model step started
2024_09_15_T13:59:23 -  Model step took 0.011044025421142578 seconds
2024_09_15_T13:59:28 -  Model step started
2024_09_15_T13:59:28 -  Model step took 0.018410921096801758 seconds
2024_09_15_T13:59:34 -  Model step started
2024_09_15_T13:59:34 -  Model step took 0.014165163040161133 seconds
2024_09_15_T13:59:38 -  Model step started
2024_09_15_T13:59:38 -  Model step took 0.014820098876953125 seconds
2024_09_15_T13:59:42 -  Model step started
2024_09_15_T13:59:42 -  Model step took 0.016839027404785156 seconds
2024_09_15_T13:59:46 -  Model step started
2024_09_15_T13:59:46 -  Model step took 0.013067960739135742 seconds
2024_09_15_T13:59:50 -  Model step started
2024_09_15_T13:59:50 -  Model step took 0.008262157440185547 seconds
2024_09_15_T13:59:54 -  Model step started
2024_09_15_T13:59:54 -  Model step took 0.00837087631225586 seconds
2024_09_15_T13:59:59 -  Model step started
2024_09_15_T13:59:59 -  Model step took 0.010504007339477539 seconds
2024_09_15_T14:00:04 -  Model step started
2024_09_15_T14:00:04 -  Model step took 0.007047176361083984 seconds
2024_09_15_T14:00:11 -  Model step started
2024_09_15_T14:00:11 -  Model step took 0.014614105224609375 seconds
2024_09_15_T14:00:16 -  Model step started
2024_09_15_T14:00:16 -  Model step took 0.012978076934814453 seconds
2024_09_15_T14:00:20 -  Model step started
2024_09_15_T14:00:20 -  Model step took 0.008697986602783203 seconds
2024_09_15_T14:00:23 -  Model step started
2024_09_15_T14:00:23 -  Model step took 0.006231069564819336 seconds
2024_09_15_T14:00:27 -  Model step started
2024_09_15_T14:00:27 -  Model step took 0.00668787956237793 seconds
2024_09_15_T14:00:32 -  Model step started
2024_09_15_T14:00:32 -  Model step took 0.014956951141357422 seconds
2024_09_15_T14:00:36 -  Model step started
2024_09_15_T14:00:36 -  Model step took 0.00806117057800293 seconds
2024_09_15_T14:00:40 -  Model step started
2024_09_15_T14:00:40 -  Model step took 0.010449886322021484 seconds
2024_09_15_T14:00:44 -  Model step started
2024_09_15_T14:00:44 -  Model step took 0.0052340030670166016 seconds
2024_09_15_T14:00:47 -  Model step started
2024_09_15_T14:00:47 -  Model step took 0.009801149368286133 seconds
2024_09_15_T14:00:51 -  Model step started
2024_09_15_T14:00:51 -  Model step took 0.005686044692993164 seconds
2024_09_15_T14:00:55 -  Model step started
2024_09_15_T14:00:55 -  Model step took 0.0037169456481933594 seconds
2024_09_15_T14:00:59 -  Model step started
2024_09_15_T14:00:59 -  Model step took 0.0048449039459228516 seconds
2024_09_15_T14:01:05 -  Model step started
2024_09_15_T14:01:05 -  Model step took 0.009127140045166016 seconds
2024_09_15_T14:01:10 -  Model step started
2024_09_15_T14:01:10 -  Model step took 0.005491018295288086 seconds
2024_09_15_T14:01:14 -  Model step started
2024_09_15_T14:01:14 -  Model step took 0.0033109188079833984 seconds
2024_09_15_T14:01:19 -  Model step started
2024_09_15_T14:01:19 -  Model step took 0.012244939804077148 seconds
2024_09_15_T14:01:23 -  Model step started
2024_09_15_T14:01:23 -  Model step took 0.007591962814331055 seconds
2024_09_15_T14:01:28 -  Model step started
2024_09_15_T14:01:28 -  Model step took 0.017449140548706055 seconds
2024_09_15_T14:01:32 -  Model step started
2024_09_15_T14:01:32 -  Model step took 0.01368403434753418 seconds
2024_09_15_T14:01:39 -  Model step started
2024_09_15_T14:01:39 -  Model step took 0.011088848114013672 seconds
2024_09_15_T14:01:43 -  Model step started
2024_09_15_T14:01:43 -  Model step took 0.0036749839782714844 seconds
2024_09_15_T14:01:46 -  Model step started
2024_09_15_T14:01:46 -  Model step took 0.007858991622924805 seconds
2024_09_15_T14:01:50 -  Model step started
2024_09_15_T14:01:50 -  Model step took 0.008939027786254883 seconds
2024_09_15_T14:01:54 -  Model step started
2024_09_15_T14:01:54 -  Model step took 0.0031270980834960938 seconds
2024_09_15_T14:01:58 -  Model step started
2024_09_15_T14:01:58 -  Model step took 0.0031499862670898438 seconds
2024_09_15_T14:02:01 -  Model step started
2024_09_15_T14:02:01 -  Model step took 0.0024709701538085938 seconds
2024_09_15_T14:02:05 -  Model step started
2024_09_15_T14:02:05 -  Model step took 0.003529071807861328 seconds
2024_09_15_T14:02:09 -  Model step started
2024_09_15_T14:02:09 -  Model step took 0.0030968189239501953 seconds
2024_09_15_T14:02:13 -  Model step started
2024_09_15_T14:02:13 -  Model step took 0.010247945785522461 seconds
2024_09_15_T14:02:17 -  Model step started
2024_09_15_T14:02:17 -  Model step took 0.0048770904541015625 seconds
2024_09_15_T14:02:21 -  Model step started
2024_09_15_T14:02:21 -  Model step took 0.0033588409423828125 seconds
2024_09_15_T14:02:25 -  Model step started
2024_09_15_T14:02:25 -  Model step took 0.004788875579833984 seconds
2024_09_15_T14:02:29 -  Model step started
2024_09_15_T14:02:29 -  Model step took 0.003309965133666992 seconds
2024_09_15_T14:02:33 -  Model step started
2024_09_15_T14:02:33 -  Model step took 0.016695022583007812 seconds
2024_09_15_T14:02:37 -  Model step started
2024_09_15_T14:02:37 -  Model step took 0.011307954788208008 seconds
2024_09_15_T14:02:41 -  Model step started
2024_09_15_T14:02:41 -  Model step took 0.008366107940673828 seconds
2024_09_15_T14:02:45 -  Model step started
2024_09_15_T14:02:45 -  Model step took 0.008434057235717773 seconds
2024_09_15_T14:02:49 -  Model step started
2024_09_15_T14:02:49 -  Model step took 0.006577968597412109 seconds
2024_09_15_T14:02:53 -  Model step started
2024_09_15_T14:02:53 -  Model step took 0.006250143051147461 seconds
2024_09_15_T14:02:56 -  Model step started
2024_09_15_T14:02:56 -  Model step took 0.003670930862426758 seconds
2024_09_15_T14:03:00 -  Model step started
2024_09_15_T14:03:00 -  Model step took 0.007561922073364258 seconds
2024_09_15_T14:03:04 -  Model step started
2024_09_15_T14:03:04 -  Model step took 0.002885103225708008 seconds
2024_09_15_T14:03:08 -  Model step started
2024_09_15_T14:03:08 -  Model step took 0.0058498382568359375 seconds
2024_09_15_T14:03:12 -  Model step started
2024_09_15_T14:03:12 -  Model step took 0.00273895263671875 seconds
2024_09_15_T14:03:16 -  Model step started
2024_09_15_T14:03:16 -  Model step took 0.003084897994995117 seconds
2024_09_15_T14:03:20 -  Model step started
2024_09_15_T14:03:20 -  Model step took 0.008729934692382812 seconds
2024_09_15_T14:03:24 -  Model step started
2024_09_15_T14:03:24 -  Model step took 0.0031380653381347656 seconds
2024_09_15_T14:03:28 -  Model step started
2024_09_15_T14:03:28 -  Model step took 0.00590205192565918 seconds
2024_09_15_T14:03:32 -  Model step started
2024_09_15_T14:03:32 -  Model step took 0.004249095916748047 seconds
2024_09_15_T14:03:35 -  Model step started
2024_09_15_T14:03:35 -  Model step took 0.008435964584350586 seconds
2024_09_15_T14:03:39 -  Model step started
2024_09_15_T14:03:39 -  Model step took 0.004404783248901367 seconds
2024_09_15_T14:03:43 -  Model step started
2024_09_15_T14:03:43 -  Model step took 0.002836942672729492 seconds
2024_09_15_T14:03:47 -  Model step started
2024_09_15_T14:03:47 -  Model step took 0.005239963531494141 seconds
2024_09_15_T14:03:51 -  Model step started
2024_09_15_T14:03:51 -  Model step took 0.0035429000854492188 seconds
2024_09_15_T14:03:54 -  Model step started
2024_09_15_T14:03:54 -  Model step took 0.0060558319091796875 seconds
2024_09_15_T14:03:58 -  Model step started
2024_09_15_T14:03:58 -  Model step took 0.002849102020263672 seconds
2024_09_15_T14:04:02 -  Model step started
2024_09_15_T14:04:02 -  Model step took 0.0055408477783203125 seconds
2024_09_15_T14:04:05 -  Model step started
2024_09_15_T14:04:05 -  Model step took 0.010293960571289062 seconds
2024_09_15_T14:04:09 -  Model step started
2024_09_15_T14:04:09 -  Model step took 0.00463104248046875 seconds
2024_09_15_T14:04:13 -  Model step started
2024_09_15_T14:04:13 -  Model step took 0.0027282238006591797 seconds
2024_09_15_T14:04:16 -  Model step started
2024_09_15_T14:04:16 -  Model step took 0.014065980911254883 seconds
2024_09_15_T14:04:21 -  Model step started
2024_09_15_T14:04:21 -  Model step took 0.002794027328491211 seconds
2024_09_15_T14:04:24 -  Model step started
2024_09_15_T14:04:24 -  Model step took 0.00683283805847168 seconds
2024_09_15_T14:04:28 -  Model step started
2024_09_15_T14:04:28 -  Model step took 0.006855964660644531 seconds
2024_09_15_T14:04:32 -  Model step started
2024_09_15_T14:04:32 -  Model step took 0.004075050354003906 seconds
2024_09_15_T14:04:36 -  Model step started
2024_09_15_T14:04:36 -  Model step took 0.0038251876831054688 seconds
2024_09_15_T14:04:40 -  Model step started
2024_09_15_T14:04:40 -  Model step took 0.003203153610229492 seconds
2024_09_15_T14:04:43 -  Model step started
2024_09_15_T14:04:43 -  Model step took 0.011711835861206055 seconds
2024_09_15_T14:04:47 -  Model step started
2024_09_15_T14:04:47 -  Model step took 0.010917901992797852 seconds
2024_09_15_T14:04:51 -  Model step started
2024_09_15_T14:04:51 -  Model step took 0.005781888961791992 seconds
2024_09_15_T14:04:55 -  Model step started
2024_09_15_T14:04:55 -  Model step took 0.0028619766235351562 seconds
2024_09_15_T14:04:58 -  Model step started
2024_09_15_T14:04:58 -  Model step took 0.003534078598022461 seconds
2024_09_15_T14:05:02 -  Model step started
2024_09_15_T14:05:02 -  Model step took 0.005477190017700195 seconds
2024_09_15_T14:05:06 -  Model step started
2024_09_15_T14:05:06 -  Model step took 0.004698991775512695 seconds
2024_09_15_T14:05:10 -  Model step started
2024_09_15_T14:05:10 -  Model step took 0.007994890213012695 seconds
2024_09_15_T14:05:13 -  Model step started
2024_09_15_T14:05:13 -  Model step took 0.0017778873443603516 seconds
2024_09_15_T14:05:17 -  Model step started
2024_09_15_T14:05:17 -  Model step took 0.0025849342346191406 seconds
2024_09_15_T14:05:21 -  Model step started
2024_09_15_T14:05:21 -  Model step took 0.008080005645751953 seconds
2024_09_15_T14:05:25 -  Model step started
2024_09_15_T14:05:25 -  Model step took 0.00973200798034668 seconds
2024_09_15_T14:05:29 -  Model step started
2024_09_15_T14:05:29 -  Model step took 0.0035598278045654297 seconds
2024_09_15_T14:05:33 -  Model step started
2024_09_15_T14:05:33 -  Model step took 0.005024909973144531 seconds
2024_09_15_T14:05:36 -  Model step started
2024_09_15_T14:05:36 -  Model step took 0.010214090347290039 seconds
2024_09_15_T14:05:39 -  Model step started
2024_09_15_T14:05:39 -  Model step took 0.003386974334716797 seconds
2024_09_15_T14:05:43 -  Model step started
2024_09_15_T14:05:43 -  Model step took 0.0035431385040283203 seconds
2024_09_15_T14:05:46 -  Model step started
2024_09_15_T14:05:46 -  Model step took 0.0036818981170654297 seconds
2024_09_15_T14:05:49 -  Model step started
2024_09_15_T14:05:49 -  Model step took 0.004770994186401367 seconds
2024_09_15_T14:05:53 -  Model step started
2024_09_15_T14:05:53 -  Model step took 0.00463104248046875 seconds
2024_09_15_T14:05:56 -  Model step started
2024_09_15_T14:05:56 -  Model step took 0.004377126693725586 seconds
2024_09_15_T14:06:00 -  Model step started
2024_09_15_T14:06:00 -  Model step took 0.003298044204711914 seconds
2024_09_15_T14:06:04 -  Model step started
2024_09_15_T14:06:04 -  Model step took 0.008358955383300781 seconds
2024_09_15_T14:06:07 -  Model step started
2024_09_15_T14:06:07 -  Model step took 0.0033249855041503906 seconds
2024_09_15_T14:06:11 -  Model step started
2024_09_15_T14:06:11 -  Model step took 0.004600048065185547 seconds
2024_09_15_T14:06:14 -  Model step started
2024_09_15_T14:06:14 -  Model step took 0.0037508010864257812 seconds
2024_09_15_T14:06:18 -  Model step started
2024_09_15_T14:06:18 -  Model step took 0.004918098449707031 seconds
2024_09_15_T14:06:22 -  Model step started
2024_09_15_T14:06:22 -  Model step took 0.0030739307403564453 seconds
2024_09_15_T14:06:26 -  Model step started
2024_09_15_T14:06:26 -  Model step took 0.004636049270629883 seconds
2024_09_15_T14:06:30 -  Model step started
2024_09_15_T14:06:30 -  Model step took 0.003270864486694336 seconds
2024_09_15_T14:06:33 -  Model step started
2024_09_15_T14:06:33 -  Model step took 0.0039010047912597656 seconds
2024_09_15_T14:06:37 -  Model step started
2024_09_15_T14:06:37 -  Model step took 0.008669853210449219 seconds
2024_09_15_T14:06:41 -  Model step started
2024_09_15_T14:06:41 -  Model step took 0.0031130313873291016 seconds
2024_09_15_T14:06:44 -  Model step started
2024_09_15_T14:06:44 -  Model step took 0.006551980972290039 seconds
2024_09_15_T14:06:48 -  Model step started
2024_09_15_T14:06:48 -  Model step took 0.0050470829010009766 seconds
2024_09_15_T14:06:51 -  Model step started
2024_09_15_T14:06:51 -  Model step took 0.0032460689544677734 seconds
2024_09_15_T14:06:54 -  Model step started
2024_09_15_T14:06:54 -  Model step took 0.0041730403900146484 seconds
2024_09_15_T14:06:58 -  Model step started
2024_09_15_T14:06:58 -  Model step took 0.0031418800354003906 seconds
2024_09_15_T14:07:02 -  Model step started
2024_09_15_T14:07:02 -  Model step took 0.012382030487060547 seconds
2024_09_15_T14:07:06 -  Model step started
2024_09_15_T14:07:06 -  Model step took 0.005280971527099609 seconds
2024_09_15_T14:07:09 -  Model step started
2024_09_15_T14:07:09 -  Model step took 0.003843069076538086 seconds
2024_09_15_T14:07:13 -  Model step started
2024_09_15_T14:07:13 -  Model step took 0.005290985107421875 seconds
2024_09_15_T14:07:16 -  Model step started
2024_09_15_T14:07:16 -  Model step took 0.007421970367431641 seconds
2024_09_15_T14:07:19 -  Model step started
2024_09_15_T14:07:19 -  Model step took 0.003365039825439453 seconds
2024_09_15_T14:07:22 -  Model step started
2024_09_15_T14:07:22 -  Model step took 0.009682893753051758 seconds
2024_09_15_T14:07:25 -  Model step started
2024_09_15_T14:07:25 -  Model step took 0.0033910274505615234 seconds
2024_09_15_T14:07:28 -  Model step started
2024_09_15_T14:07:28 -  Model step took 0.009016990661621094 seconds
2024_09_15_T14:07:31 -  Model step started
2024_09_15_T14:07:31 -  Model step took 0.003036022186279297 seconds
2024_09_15_T14:07:35 -  Model step started
2024_09_15_T14:07:35 -  Model step took 0.006535053253173828 seconds
2024_09_15_T14:07:39 -  Model step started
2024_09_15_T14:07:39 -  Model step took 0.005024909973144531 seconds
2024_09_15_T14:07:43 -  Model step started
2024_09_15_T14:07:43 -  Model step took 0.004194974899291992 seconds
2024_09_15_T14:07:46 -  Model step started
2024_09_15_T14:07:46 -  Model step took 0.003421783447265625 seconds
2024_09_15_T14:07:49 -  Model step started
2024_09_15_T14:07:49 -  Model step took 0.0032701492309570312 seconds
2024_09_15_T14:07:52 -  Model step started
2024_09_15_T14:07:52 -  Model step took 0.00669097900390625 seconds
2024_09_15_T14:07:56 -  Model step started
2024_09_15_T14:07:56 -  Model step took 0.0028078556060791016 seconds
2024_09_15_T14:07:59 -  Model step started
2024_09_15_T14:07:59 -  Model step took 0.0031480789184570312 seconds
2024_09_15_T14:08:02 -  Model step started
2024_09_15_T14:08:02 -  Model step took 0.0036020278930664062 seconds
2024_09_15_T14:08:06 -  Model step started
2024_09_15_T14:08:06 -  Model step took 0.0037720203399658203 seconds
2024_09_15_T14:08:11 -  Model step started
2024_09_15_T14:08:11 -  Model step took 0.009259939193725586 seconds
2024_09_15_T14:08:14 -  Model step started
2024_09_15_T14:08:14 -  Model step took 0.006334066390991211 seconds
2024_09_15_T14:08:18 -  Model step started
2024_09_15_T14:08:18 -  Model step took 0.008828878402709961 seconds
2024_09_15_T14:08:21 -  Model step started
2024_09_15_T14:08:21 -  Model step took 0.004763126373291016 seconds
2024_09_15_T14:08:24 -  Model step started
2024_09_15_T14:08:24 -  Model step took 0.011667013168334961 seconds
2024_09_15_T14:08:28 -  Model step started
2024_09_15_T14:08:28 -  Model step took 0.003721952438354492 seconds
2024_09_15_T14:08:31 -  Model step started
2024_09_15_T14:08:31 -  Model step took 0.009238004684448242 seconds
2024_09_15_T14:08:34 -  Model step started
2024_09_15_T14:08:34 -  Model step took 0.004647970199584961 seconds
2024_09_15_T14:08:38 -  Model step started
2024_09_15_T14:08:38 -  Model step took 0.003899097442626953 seconds
2024_09_15_T14:08:41 -  Model step started
2024_09_15_T14:08:41 -  Model step took 0.0048618316650390625 seconds
2024_09_15_T14:08:45 -  Model step started
2024_09_15_T14:08:45 -  Model step took 0.008539199829101562 seconds
2024_09_15_T14:08:48 -  Model step started
2024_09_15_T14:08:48 -  Model step took 0.0049440860748291016 seconds
2024_09_15_T14:08:52 -  Model step started
2024_09_15_T14:08:52 -  Model step took 0.003857135772705078 seconds
