2024_09_14_T23:29:13 -  finished initateHouses in 0.35779905319213867 seconds
2024_09_14_T23:29:13 -  finished initiateHouseholds in 0.6138930320739746 seconds
2024_09_14_T23:29:13 -  finished assignHousesToHouseholds in 0.7722949981689453 seconds
2024_09_14_T23:30:18 -  Model step started
2024_09_14_T23:31:26 -  Model step took 67.67796993255615 seconds
2024_09_14_T23:32:29 -  Model step started
2024_09_14_T23:32:50 -  Model step took 21.14461588859558 seconds
2024_09_14_T23:33:54 -  Model step started
2024_09_14_T23:33:57 -  Model step took 2.707145929336548 seconds
2024_09_14_T23:35:00 -  Model step started
2024_09_14_T23:35:01 -  Model step took 1.5427429676055908 seconds
2024_09_14_T23:36:03 -  Model step started
2024_09_14_T23:36:05 -  Model step took 1.3998620510101318 seconds
2024_09_14_T23:37:07 -  Model step started
2024_09_14_T23:37:09 -  Model step took 1.3926000595092773 seconds
2024_09_14_T23:38:11 -  Model step started
2024_09_14_T23:38:13 -  Model step took 1.273087978363037 seconds
2024_09_14_T23:39:16 -  Model step started
2024_09_14_T23:39:17 -  Model step took 1.2795631885528564 seconds
2024_09_14_T23:40:20 -  Model step started
2024_09_14_T23:40:21 -  Model step took 1.0781068801879883 seconds
2024_09_14_T23:41:24 -  Model step started
2024_09_14_T23:41:25 -  Model step took 1.0459821224212646 seconds
2024_09_14_T23:42:28 -  Model step started
2024_09_14_T23:42:29 -  Model step took 0.8835630416870117 seconds
2024_09_14_T23:43:32 -  Model step started
2024_09_14_T23:43:33 -  Model step took 0.8280961513519287 seconds
2024_09_14_T23:44:36 -  Model step started
2024_09_14_T23:44:37 -  Model step took 0.842303991317749 seconds
2024_09_14_T23:45:41 -  Model step started
2024_09_14_T23:45:41 -  Model step took 0.5520169734954834 seconds
2024_09_14_T23:46:46 -  Model step started
2024_09_14_T23:46:46 -  Model step took 0.538377046585083 seconds
