2024_09_19_T18:33:24 -  finished initateHouses in 0.510138988494873 seconds
2024_09_19_T18:33:24 -  finished initiateHouseholds in 0.7569849491119385 seconds
2024_09_19_T18:33:24 -  finished assignHousesToHouseholds in 0.9223198890686035 seconds
2024_09_19_T18:33:38 -  Model step started
2024_09_19_T18:33:40 -  Model step took 1.7754368782043457 seconds
2024_09_19_T18:33:46 -  Model step started
2024_09_19_T18:33:47 -  Model step took 0.6238999366760254 seconds
2024_09_19_T18:33:54 -  Model step started
2024_09_19_T18:33:55 -  Model step took 0.7469179630279541 seconds
2024_09_19_T18:34:02 -  Model step started
2024_09_19_T18:34:02 -  Model step took 0.6039791107177734 seconds
2024_09_19_T18:34:09 -  Model step started
2024_09_19_T18:34:10 -  Model step took 0.60801100730896 seconds
2024_09_19_T18:34:18 -  Model step started
2024_09_19_T18:34:19 -  Model step took 0.6843562126159668 seconds
2024_09_19_T18:34:34 -  Model step started
2024_09_19_T18:34:36 -  Model step took 2.065570116043091 seconds
2024_09_19_T18:34:58 -  Model step started
2024_09_19_T18:34:59 -  Model step took 0.8551280498504639 seconds
2024_09_19_T18:35:12 -  Model step started
2024_09_19_T18:35:13 -  Model step took 0.8756401538848877 seconds
2024_09_19_T18:35:30 -  Model step started
2024_09_19_T18:35:31 -  Model step took 1.5134780406951904 seconds
2024_09_19_T18:35:51 -  Model step started
2024_09_19_T18:35:53 -  Model step took 1.7931790351867676 seconds
2024_09_19_T18:36:23 -  Model step started
2024_09_19_T18:36:24 -  Model step took 1.625744104385376 seconds
2024_09_19_T18:36:53 -  Model step started
2024_09_19_T18:36:55 -  Model step took 2.069201946258545 seconds
2024_09_19_T18:37:25 -  Model step started
2024_09_19_T18:37:28 -  Model step took 2.76921010017395 seconds
2024_09_19_T18:38:10 -  Model step started
2024_09_19_T18:38:12 -  Model step took 2.1677939891815186 seconds
2024_09_19_T18:38:53 -  Model step started
2024_09_19_T18:38:54 -  Model step took 1.702138900756836 seconds
2024_09_19_T18:39:30 -  Model step started
2024_09_19_T18:39:34 -  Model step took 4.232922792434692 seconds
2024_09_19_T18:40:00 -  Model step started
2024_09_19_T18:40:04 -  Model step took 3.568202018737793 seconds
2024_09_19_T18:40:33 -  Model step started
2024_09_19_T18:40:37 -  Model step took 3.873577117919922 seconds
2024_09_19_T18:41:11 -  Model step started
2024_09_19_T18:41:15 -  Model step took 3.148646831512451 seconds
2024_09_19_T18:41:37 -  Model step started
2024_09_19_T18:41:40 -  Model step took 2.8247029781341553 seconds
2024_09_19_T18:42:03 -  Model step started
2024_09_19_T18:42:05 -  Model step took 2.310103178024292 seconds
2024_09_19_T18:42:17 -  Model step started
2024_09_19_T18:42:21 -  Model step took 3.7087020874023438 seconds
2024_09_19_T18:42:39 -  Model step started
2024_09_19_T18:42:45 -  Model step took 5.335752964019775 seconds
2024_09_19_T18:43:12 -  Model step started
2024_09_19_T18:43:16 -  Model step took 4.2126688957214355 seconds
2024_09_19_T18:43:44 -  Model step started
2024_09_19_T18:43:47 -  Model step took 3.470871925354004 seconds
2024_09_19_T18:44:11 -  Model step started
2024_09_19_T18:44:14 -  Model step took 3.2938730716705322 seconds
2024_09_19_T18:44:38 -  Model step started
2024_09_19_T18:44:41 -  Model step took 2.251317024230957 seconds
2024_09_19_T18:45:06 -  Model step started
2024_09_19_T18:45:08 -  Model step took 1.5508811473846436 seconds
2024_09_19_T18:45:34 -  Model step started
2024_09_19_T18:45:36 -  Model step took 1.167119026184082 seconds
