2024_09_07_T22:57:20 -  finished initateHouses in 0.30834507942199707 seconds
2024_09_07_T22:57:20 -  finished initiateHouseholds in 0.53975510597229 seconds
2024_09_07_T22:57:20 -  finished assignHousesToHouseholds in 0.8339691162109375 seconds
2024_09_07_T22:58:24 -  Model step started
2024_09_07_T23:06:25 -  Model step took 480.962522983551 seconds
2024_09_07_T23:07:27 -  Model step started
2024_09_07_T23:09:25 -  Model step took 117.97454404830933 seconds
2024_09_07_T23:10:29 -  Model step started
2024_09_07_T23:12:04 -  Model step took 95.29006314277649 seconds
2024_09_07_T23:13:05 -  Model step started
2024_09_07_T23:14:38 -  Model step took 92.79547786712646 seconds
2024_09_07_T23:15:39 -  Model step started
2024_09_07_T23:17:17 -  Model step took 98.18243312835693 seconds
2024_09_07_T23:18:19 -  Model step started
2024_09_07_T23:19:59 -  Model step took 100.3329029083252 seconds
2024_09_07_T23:20:59 -  Model step started
2024_09_07_T23:22:46 -  Model step took 106.88864207267761 seconds
2024_09_07_T23:23:47 -  Model step started
2024_09_07_T23:25:36 -  Model step took 109.63817405700684 seconds
2024_09_07_T23:26:36 -  Model step started
2024_09_07_T23:28:28 -  Model step took 112.18176198005676 seconds
2024_09_07_T23:29:30 -  Model step started
2024_09_07_T23:31:25 -  Model step took 115.2034740447998 seconds
2024_09_07_T23:32:26 -  Model step started
2024_09_07_T23:34:23 -  Model step took 117.13505697250366 seconds
2024_09_07_T23:35:24 -  Model step started
2024_09_07_T23:37:31 -  Model step took 126.45171308517456 seconds
2024_09_07_T23:38:32 -  Model step started
2024_09_07_T23:40:38 -  Model step took 125.51290798187256 seconds
2024_09_07_T23:41:38 -  Model step started
2024_09_07_T23:43:28 -  Model step took 109.93435907363892 seconds
2024_09_07_T23:44:29 -  Model step started
2024_09_07_T23:46:26 -  Model step took 117.20409107208252 seconds
