2024_09_22_T14:19:00 -  finished initateHouses in 0.5218780040740967 seconds
2024_09_22_T14:19:00 -  finished initiateHouseholds in 0.7772359848022461 seconds
2024_09_22_T14:19:00 -  finished assignHousesToHouseholds in 0.9890460968017578 seconds
2024_09_22_T14:19:14 -  Model step started
2024_09_22_T14:19:15 -  Model step took 1.4879100322723389 seconds
2024_09_22_T14:19:22 -  Model step started
2024_09_22_T14:19:23 -  Model step took 0.8556101322174072 seconds
2024_09_22_T14:19:30 -  Model step started
2024_09_22_T14:19:31 -  Model step took 0.7672278881072998 seconds
2024_09_22_T14:19:38 -  Model step started
2024_09_22_T14:19:39 -  Model step took 0.6153030395507812 seconds
2024_09_22_T14:19:46 -  Model step started
2024_09_22_T14:19:46 -  Model step took 0.47576093673706055 seconds
2024_09_22_T14:19:53 -  Model step started
2024_09_22_T14:19:54 -  Model step took 0.46135783195495605 seconds
2024_09_22_T14:20:01 -  Model step started
2024_09_22_T14:20:02 -  Model step took 0.43310999870300293 seconds
2024_09_22_T14:20:09 -  Model step started
2024_09_22_T14:20:09 -  Model step took 0.3031630516052246 seconds
2024_09_22_T14:20:16 -  Model step started
2024_09_22_T14:20:16 -  Model step took 0.28696203231811523 seconds
2024_09_22_T14:20:24 -  Model step started
2024_09_22_T14:20:24 -  Model step took 0.25628018379211426 seconds
2024_09_22_T14:20:31 -  Model step started
2024_09_22_T14:20:31 -  Model step took 0.23017501831054688 seconds
2024_09_22_T14:20:38 -  Model step started
2024_09_22_T14:20:39 -  Model step took 0.21967816352844238 seconds
2024_09_22_T14:20:46 -  Model step started
2024_09_22_T14:20:46 -  Model step took 0.31706905364990234 seconds
2024_09_22_T14:20:53 -  Model step started
2024_09_22_T14:20:53 -  Model step took 0.21780896186828613 seconds
2024_09_22_T14:21:01 -  Model step started
2024_09_22_T14:21:01 -  Model step took 0.182142972946167 seconds
2024_09_22_T14:21:08 -  Model step started
2024_09_22_T14:21:08 -  Model step took 0.17260003089904785 seconds
2024_09_22_T14:21:15 -  Model step started
2024_09_22_T14:21:16 -  Model step took 0.23308992385864258 seconds
2024_09_22_T14:21:23 -  Model step started
2024_09_22_T14:21:23 -  Model step took 0.18559002876281738 seconds
2024_09_22_T14:21:30 -  Model step started
2024_09_22_T14:21:30 -  Model step took 0.182905912399292 seconds
2024_09_22_T14:21:38 -  Model step started
2024_09_22_T14:21:38 -  Model step took 0.23484492301940918 seconds
2024_09_22_T14:21:45 -  Model step started
2024_09_22_T14:21:45 -  Model step took 0.171342134475708 seconds
2024_09_22_T14:21:53 -  Model step started
2024_09_22_T14:21:53 -  Model step took 0.19095778465270996 seconds
2024_09_22_T14:22:00 -  Model step started
2024_09_22_T14:22:00 -  Model step took 0.16125893592834473 seconds
2024_09_22_T14:22:07 -  Model step started
2024_09_22_T14:22:08 -  Model step took 0.15059494972229004 seconds
