2024_09_07_T19:05:16 -  finished initateHouses in 0.28032612800598145 seconds
2024_09_07_T19:05:16 -  finished initiateHouseholds in 0.49341607093811035 seconds
2024_09_07_T19:05:17 -  finished assignHousesToHouseholds in 0.7695159912109375 seconds
2024_09_07_T19:06:19 -  Model step started
2024_09_07_T19:11:16 -  Model step took 297.80058693885803 seconds
2024_09_07_T19:12:17 -  Model step started
2024_09_07_T19:13:12 -  Model step took 55.481359004974365 seconds
2024_09_07_T19:14:15 -  Model step started
2024_09_07_T19:15:03 -  Model step took 48.38158082962036 seconds
2024_09_07_T19:16:02 -  Model step started
2024_09_07_T19:16:52 -  Model step took 49.668302059173584 seconds
2024_09_07_T19:17:51 -  Model step started
2024_09_07_T19:18:41 -  Model step took 50.23289108276367 seconds
2024_09_07_T19:19:40 -  Model step started
2024_09_07_T19:20:32 -  Model step took 52.66006803512573 seconds
2024_09_07_T19:21:32 -  Model step started
2024_09_07_T19:22:26 -  Model step took 54.451406955718994 seconds
2024_09_07_T19:23:26 -  Model step started
2024_09_07_T19:24:22 -  Model step took 56.47463417053223 seconds
2024_09_07_T19:25:22 -  Model step started
2024_09_07_T19:26:21 -  Model step took 58.68314003944397 seconds
2024_09_07_T19:27:21 -  Model step started
2024_09_07_T19:28:21 -  Model step took 60.79438400268555 seconds
2024_09_07_T19:29:26 -  Model step started
2024_09_07_T19:30:20 -  Model step took 53.66355609893799 seconds
2024_09_07_T19:31:19 -  Model step started
2024_09_07_T19:32:16 -  Model step took 57.108288049697876 seconds
2024_09_07_T19:33:15 -  Model step started
2024_09_07_T19:34:16 -  Model step took 60.50440192222595 seconds
2024_09_07_T19:35:15 -  Model step started
2024_09_07_T19:36:20 -  Model step took 64.30116200447083 seconds
2024_09_07_T19:37:19 -  Model step started
2024_09_07_T19:38:26 -  Model step took 66.81547522544861 seconds
