2024_09_04_T22:46:29 -  finished initateHouses in 0.226607084274292 seconds
2024_09_04_T22:46:29 -  finished initiateHouseholds in 0.3601720333099365 seconds
2024_09_04_T22:46:30 -  finished assignHousesToHouseholds in 0.4814639091491699 seconds
2024_09_04_T22:46:41 -  Model step started
2024_09_04_T22:46:45 -  Model step took 4.019974946975708 seconds
2024_09_04_T22:46:53 -  Model step started
2024_09_04_T22:46:54 -  Model step took 0.6611788272857666 seconds
2024_09_04_T22:47:02 -  Model step started
2024_09_04_T22:47:02 -  Model step took 0.6519019603729248 seconds
2024_09_04_T22:47:10 -  Model step started
2024_09_04_T22:47:11 -  Model step took 0.6247191429138184 seconds
2024_09_04_T22:47:19 -  Model step started
2024_09_04_T22:47:20 -  Model step took 0.5935471057891846 seconds
2024_09_04_T22:47:28 -  Model step started
2024_09_04_T22:47:28 -  Model step took 0.6211569309234619 seconds
2024_09_04_T22:47:36 -  Model step started
2024_09_04_T22:47:37 -  Model step took 0.5981118679046631 seconds
2024_09_04_T22:47:45 -  Model step started
2024_09_04_T22:47:46 -  Model step took 0.6067709922790527 seconds
2024_09_04_T22:47:54 -  Model step started
2024_09_04_T22:47:54 -  Model step took 0.6085731983184814 seconds
2024_09_04_T22:48:03 -  Model step started
2024_09_04_T22:48:03 -  Model step took 0.598642110824585 seconds
2024_09_04_T22:48:11 -  Model step started
2024_09_04_T22:48:12 -  Model step took 0.6051468849182129 seconds
2024_09_04_T22:48:20 -  Model step started
2024_09_04_T22:48:20 -  Model step took 0.5733640193939209 seconds
2024_09_04_T22:48:28 -  Model step started
2024_09_04_T22:48:29 -  Model step took 0.6026020050048828 seconds
2024_09_04_T22:48:37 -  Model step started
2024_09_04_T22:48:37 -  Model step took 0.5968191623687744 seconds
2024_09_04_T22:48:45 -  Model step started
2024_09_04_T22:48:46 -  Model step took 0.6222190856933594 seconds
2024_09_04_T22:48:54 -  Model step started
2024_09_04_T22:48:54 -  Model step took 0.5945780277252197 seconds
2024_09_04_T22:49:02 -  Model step started
2024_09_04_T22:49:03 -  Model step took 0.7713239192962646 seconds
2024_09_04_T22:49:11 -  Model step started
2024_09_04_T22:49:12 -  Model step took 0.7653870582580566 seconds
2024_09_04_T22:49:20 -  Model step started
2024_09_04_T22:49:21 -  Model step took 0.7775712013244629 seconds
2024_09_04_T22:49:29 -  Model step started
2024_09_04_T22:49:30 -  Model step took 0.7641510963439941 seconds
2024_09_04_T22:49:38 -  Model step started
2024_09_04_T22:49:39 -  Model step took 0.820889949798584 seconds
2024_09_04_T22:49:47 -  Model step started
2024_09_04_T22:49:47 -  Model step took 0.8092050552368164 seconds
2024_09_04_T22:49:55 -  Model step started
2024_09_04_T22:49:56 -  Model step took 0.854374885559082 seconds
2024_09_04_T22:50:04 -  Model step started
2024_09_04_T22:50:05 -  Model step took 0.8286712169647217 seconds
