2024_09_19_T22:11:34 -  finished initateHouses in 0.6504390239715576 seconds
2024_09_19_T22:11:34 -  finished initiateHouseholds in 0.9394581317901611 seconds
2024_09_19_T22:11:34 -  finished assignHousesToHouseholds in 1.1565501689910889 seconds
2024_09_19_T22:12:06 -  Model step started
2024_09_19_T22:12:08 -  Model step took 2.6877830028533936 seconds
2024_09_19_T22:12:18 -  Model step started
2024_09_19_T22:12:18 -  Model step took 0.5930240154266357 seconds
2024_09_19_T22:12:28 -  Model step started
2024_09_19_T22:12:28 -  Model step took 0.24775314331054688 seconds
2024_09_19_T22:12:38 -  Model step started
2024_09_19_T22:12:38 -  Model step took 0.1487410068511963 seconds
2024_09_19_T22:12:49 -  Model step started
2024_09_19_T22:12:49 -  Model step took 0.12572693824768066 seconds
2024_09_19_T22:13:00 -  Model step started
2024_09_19_T22:13:01 -  Model step took 0.13906502723693848 seconds
2024_09_19_T22:13:14 -  Model step started
2024_09_19_T22:13:14 -  Model step took 0.11983799934387207 seconds
2024_09_19_T22:13:26 -  Model step started
2024_09_19_T22:13:26 -  Model step took 0.1120450496673584 seconds
2024_09_19_T22:13:36 -  Model step started
2024_09_19_T22:13:36 -  Model step took 0.11062812805175781 seconds
2024_09_19_T22:13:49 -  Model step started
2024_09_19_T22:13:49 -  Model step took 0.12709999084472656 seconds
2024_09_19_T22:14:08 -  Model step started
2024_09_19_T22:14:08 -  Model step took 0.24164700508117676 seconds
2024_09_19_T22:14:25 -  Model step started
2024_09_19_T22:14:25 -  Model step took 0.12791895866394043 seconds
2024_09_19_T22:14:36 -  Model step started
2024_09_19_T22:14:36 -  Model step took 0.08723592758178711 seconds
2024_09_19_T22:14:46 -  Model step started
2024_09_19_T22:14:46 -  Model step took 0.11126589775085449 seconds
2024_09_19_T22:14:55 -  Model step started
2024_09_19_T22:14:55 -  Model step took 0.10472893714904785 seconds
2024_09_19_T22:15:05 -  Model step started
2024_09_19_T22:15:05 -  Model step took 0.1953589916229248 seconds
2024_09_19_T22:15:16 -  Model step started
2024_09_19_T22:15:17 -  Model step took 0.5653600692749023 seconds
2024_09_19_T22:15:27 -  Model step started
2024_09_19_T22:15:27 -  Model step took 0.662543773651123 seconds
2024_09_19_T22:15:40 -  Model step started
2024_09_19_T22:15:40 -  Model step took 0.5179409980773926 seconds
2024_09_19_T22:15:49 -  Model step started
2024_09_19_T22:15:50 -  Model step took 0.8211588859558105 seconds
2024_09_19_T22:15:58 -  Model step started
2024_09_19_T22:15:59 -  Model step took 0.5259499549865723 seconds
2024_09_19_T22:16:09 -  Model step started
2024_09_19_T22:16:10 -  Model step took 0.6162669658660889 seconds
2024_09_19_T22:16:19 -  Model step started
2024_09_19_T22:16:20 -  Model step took 0.7665841579437256 seconds
2024_09_19_T22:16:29 -  Model step started
2024_09_19_T22:16:29 -  Model step took 0.8599159717559814 seconds
2024_09_19_T22:16:42 -  Model step started
2024_09_19_T22:16:43 -  Model step took 0.95843505859375 seconds
2024_09_19_T22:16:52 -  Model step started
2024_09_19_T22:16:53 -  Model step took 0.6553361415863037 seconds
2024_09_19_T22:17:02 -  Model step started
2024_09_19_T22:17:03 -  Model step took 0.8203999996185303 seconds
2024_09_19_T22:17:15 -  Model step started
2024_09_19_T22:17:16 -  Model step took 0.7569940090179443 seconds
2024_09_19_T22:17:26 -  Model step started
2024_09_19_T22:17:27 -  Model step took 0.6838879585266113 seconds
2024_09_19_T22:17:37 -  Model step started
2024_09_19_T22:17:37 -  Model step took 0.6896331310272217 seconds
