2024_10_15_T22:31:17 -  finished initateHouses in 1.8976109027862549 seconds
2024_10_15_T22:31:17 -  finished initiateHouseholds in 2.400408983230591 seconds
2024_10_15_T22:31:18 -  finished assignHousesToHouseholds in 2.98186993598938 seconds
2024_10_15_T22:31:29 -  Metrics: sum_wealth took 9.5367431640625e-7
2024_10_15_T22:31:32 -  Metrics: wealth_distribution took 8.106231689453125e-6
2024_10_15_T22:31:33 -  Metrics: money_distribution took 5.9604644775390625e-6
2024_10_15_T22:31:33 -  Metrics: size_distribution took 6.9141387939453125e-6
2024_10_15_T22:31:33 -  Metrics: age_distribution took 6.9141387939453125e-6
2024_10_15_T22:31:36 -  Metrics: sum_wealth took 7.104873657226562e-5
2024_10_15_T22:31:36 -  Metrics: wealth_distribution took 0.013494014739990234
2024_10_15_T22:31:36 -  Metrics: money_distribution took 0.00037479400634765625
2024_10_15_T22:31:36 -  Metrics: size_distribution took 0.009509086608886719
2024_10_15_T22:31:37 -  Metrics: age_distribution took 0.0004379749298095703
2024_10_15_T22:31:40 -  Model step started
2024_10_15_T22:31:40 -  clearHangingSupplies started
2024_10_15_T22:31:40 -  clearHangingSupplies took 0.0049588680267333984
2024_10_15_T22:31:40 -  clearHangingRentalSupplies started
2024_10_15_T22:31:40 -  clearHangingRentalSupplies took 0.003614187240600586
2024_10_15_T22:31:41 -  clearHouseMarket started
2024_10_15_T22:31:41 -  clearHouseMarket - first block took 0.4623699188232422
2024_10_15_T22:31:41 -  clearHouseMarket - second block took 0.21778202056884766
2024_10_15_T22:31:41 -  clearHouseMarket - third block took 0.0162200927734375
2024_10_15_T22:31:41 -  clearRentalMarket started
2024_10_15_T22:31:41 -  clearRentalMarket - first block took 0.0878438949584961
2024_10_15_T22:31:41 -  clearRentalMarket - second block took 1.0967254638671875e-5
2024_10_15_T22:31:42 -  Pushed house into housesBuiltPerRegion (location,size) = (Odivelas, LessThan75)
2024_10_15_T22:31:42 -  Pushed house into housesBuiltPerRegion (location,size) = (Sintra, LessThan75)
2024_10_15_T22:31:42 -  Pushed house into housesBuiltPerRegion (location,size) = (Sintra, LessThan50)
2024_10_15_T22:31:42 -  Pushed house into housesBuiltPerRegion (location,size) = (Sesimbra, More)
2024_10_15_T22:31:42 -  Model step took 1.492722988128662 seconds
2024_10_15_T22:31:42 -  Metrics: sum_wealth took 5.3882598876953125e-5
2024_10_15_T22:31:42 -  Metrics: wealth_distribution took 0.0003609657287597656
2024_10_15_T22:31:42 -  Metrics: money_distribution took 0.00035500526428222656
2024_10_15_T22:31:42 -  Metrics: size_distribution took 0.00037097930908203125
2024_10_15_T22:31:42 -  Metrics: age_distribution took 0.0003509521484375
