2024_09_19_T18:12:28 -  finished initateHouses in 0.3348579406738281 seconds
2024_09_19_T18:12:28 -  finished initiateHouseholds in 0.48638486862182617 seconds
2024_09_19_T18:12:28 -  finished assignHousesToHouseholds in 0.6132569313049316 seconds
2024_09_19_T18:12:51 -  Model step started
2024_09_19_T18:12:58 -  Model step took 7.740101099014282 seconds
2024_09_19_T18:13:18 -  Model step started
2024_09_19_T18:13:19 -  Model step took 1.1872589588165283 seconds
2024_09_19_T18:13:38 -  Model step started
2024_09_19_T18:13:39 -  Model step took 1.135443925857544 seconds
2024_09_19_T18:13:58 -  Model step started
2024_09_19_T18:13:59 -  Model step took 0.6718540191650391 seconds
2024_09_19_T18:14:18 -  Model step started
2024_09_19_T18:14:19 -  Model step took 0.6387879848480225 seconds
2024_09_19_T18:14:38 -  Model step started
2024_09_19_T18:14:39 -  Model step took 0.6497650146484375 seconds
2024_09_19_T18:14:59 -  Model step started
2024_09_19_T18:14:59 -  Model step took 0.5753982067108154 seconds
2024_09_19_T18:15:19 -  Model step started
2024_09_19_T18:15:19 -  Model step took 0.6004531383514404 seconds
2024_09_19_T18:15:38 -  Model step started
2024_09_19_T18:15:39 -  Model step took 0.6369938850402832 seconds
2024_09_19_T18:15:58 -  Model step started
2024_09_19_T18:15:59 -  Model step took 0.608814001083374 seconds
2024_09_19_T18:16:18 -  Model step started
2024_09_19_T18:16:19 -  Model step took 0.6286320686340332 seconds
2024_09_19_T18:16:38 -  Model step started
2024_09_19_T18:16:39 -  Model step took 0.6015129089355469 seconds
2024_09_19_T18:16:59 -  Model step started
2024_09_19_T18:16:59 -  Model step took 0.6172749996185303 seconds
2024_09_19_T18:17:19 -  Model step started
2024_09_19_T18:17:19 -  Model step took 0.6545939445495605 seconds
2024_09_19_T18:17:39 -  Model step started
2024_09_19_T18:17:39 -  Model step took 0.6333088874816895 seconds
2024_09_19_T18:17:59 -  Model step started
2024_09_19_T18:17:59 -  Model step took 0.5591540336608887 seconds
2024_09_19_T18:18:18 -  Model step started
2024_09_19_T18:18:20 -  Model step took 1.5501492023468018 seconds
2024_09_19_T18:18:39 -  Model step started
2024_09_19_T18:18:41 -  Model step took 1.5959959030151367 seconds
2024_09_19_T18:19:01 -  Model step started
2024_09_19_T18:19:02 -  Model step took 1.5407600402832031 seconds
2024_09_19_T18:19:21 -  Model step started
2024_09_19_T18:19:23 -  Model step took 1.5603249073028564 seconds
2024_09_19_T18:19:42 -  Model step started
2024_09_19_T18:19:44 -  Model step took 1.5645771026611328 seconds
2024_09_19_T18:20:03 -  Model step started
2024_09_19_T18:20:05 -  Model step took 1.9436500072479248 seconds
2024_09_19_T18:20:25 -  Model step started
2024_09_19_T18:20:28 -  Model step took 3.390650987625122 seconds
2024_09_19_T18:20:47 -  Model step started
2024_09_19_T18:20:50 -  Model step took 2.426115036010742 seconds
2024_09_19_T18:21:09 -  Model step started
2024_09_19_T18:21:13 -  Model step took 3.5158791542053223 seconds
2024_09_19_T18:21:32 -  Model step started
2024_09_19_T18:21:36 -  Model step took 3.853393077850342 seconds
2024_09_19_T18:21:55 -  Model step started
2024_09_19_T18:21:58 -  Model step took 2.8159689903259277 seconds
2024_09_19_T18:22:18 -  Model step started
2024_09_19_T18:22:21 -  Model step took 2.9278922080993652 seconds
2024_09_19_T18:22:41 -  Model step started
2024_09_19_T18:22:42 -  Model step took 1.7053618431091309 seconds
2024_09_19_T18:23:02 -  Model step started
2024_09_19_T18:23:02 -  Model step took 0.526015043258667 seconds
2024_09_19_T18:23:22 -  Model step started
2024_09_19_T18:23:22 -  Model step took 0.11890482902526855 seconds
2024_09_19_T18:23:42 -  Model step started
2024_09_19_T18:23:42 -  Model step took 0.1055450439453125 seconds
2024_09_19_T18:24:01 -  Model step started
2024_09_19_T18:24:02 -  Model step took 0.1198129653930664 seconds
2024_09_19_T18:24:21 -  Model step started
2024_09_19_T18:24:21 -  Model step took 0.16836190223693848 seconds
2024_09_19_T18:24:41 -  Model step started
2024_09_19_T18:24:41 -  Model step took 0.17692303657531738 seconds
2024_09_19_T18:25:01 -  Model step started
2024_09_19_T18:25:01 -  Model step took 0.11051106452941895 seconds
2024_09_19_T18:25:21 -  Model step started
2024_09_19_T18:25:21 -  Model step took 0.11170601844787598 seconds
2024_09_19_T18:25:41 -  Model step started
2024_09_19_T18:25:41 -  Model step took 0.10341787338256836 seconds
2024_09_19_T18:26:01 -  Model step started
2024_09_19_T18:26:01 -  Model step took 0.12790513038635254 seconds
2024_09_19_T18:26:20 -  Model step started
2024_09_19_T18:26:20 -  Model step took 0.1062159538269043 seconds
2024_09_19_T18:26:40 -  Model step started
2024_09_19_T18:26:40 -  Model step took 0.12752604484558105 seconds
2024_09_19_T18:27:00 -  Model step started
2024_09_19_T18:27:00 -  Model step took 0.09927892684936523 seconds
2024_09_19_T18:27:20 -  Model step started
2024_09_19_T18:27:20 -  Model step took 0.08775877952575684 seconds
2024_09_19_T18:27:40 -  Model step started
2024_09_19_T18:27:40 -  Model step took 0.10364484786987305 seconds
2024_09_19_T18:28:00 -  Model step started
2024_09_19_T18:28:00 -  Model step took 0.12633991241455078 seconds
2024_09_19_T18:28:20 -  Model step started
2024_09_19_T18:28:20 -  Model step took 0.1342790126800537 seconds
2024_09_19_T18:28:39 -  Model step started
2024_09_19_T18:28:39 -  Model step took 0.11068201065063477 seconds
2024_09_19_T18:28:59 -  Model step started
2024_09_19_T18:28:59 -  Model step took 0.08582305908203125 seconds
2024_09_19_T18:29:18 -  Model step started
2024_09_19_T18:29:19 -  Model step took 0.10616302490234375 seconds
2024_09_19_T18:29:38 -  Model step started
2024_09_19_T18:29:39 -  Model step took 0.11913204193115234 seconds
2024_09_19_T18:29:58 -  Model step started
2024_09_19_T18:29:58 -  Model step took 0.1059870719909668 seconds
2024_09_19_T18:30:18 -  Model step started
2024_09_19_T18:30:18 -  Model step took 0.10314297676086426 seconds
2024_09_19_T18:30:38 -  Model step started
2024_09_19_T18:30:38 -  Model step took 0.10186982154846191 seconds
2024_09_19_T18:30:57 -  Model step started
2024_09_19_T18:30:57 -  Model step took 0.08809185028076172 seconds
2024_09_19_T18:31:17 -  Model step started
2024_09_19_T18:31:17 -  Model step took 0.07808399200439453 seconds
2024_09_19_T18:31:37 -  Model step started
2024_09_19_T18:31:37 -  Model step took 0.11910796165466309 seconds
2024_09_19_T18:31:56 -  Model step started
2024_09_19_T18:31:56 -  Model step took 0.08514881134033203 seconds
2024_09_19_T18:32:16 -  Model step started
2024_09_19_T18:32:16 -  Model step took 0.10756301879882812 seconds
2024_09_19_T18:32:36 -  Model step started
2024_09_19_T18:32:36 -  Model step took 0.08570718765258789 seconds
2024_09_19_T18:32:56 -  Model step started
2024_09_19_T18:32:56 -  Model step took 0.08646917343139648 seconds
2024_09_19_T18:33:16 -  Model step started
2024_09_19_T18:33:16 -  Model step took 0.07490801811218262 seconds
2024_09_19_T18:33:36 -  Model step started
2024_09_19_T18:33:36 -  Model step took 0.08216094970703125 seconds
2024_09_19_T18:33:56 -  Model step started
2024_09_19_T18:33:56 -  Model step took 0.0740048885345459 seconds
2024_09_19_T18:34:16 -  Model step started
2024_09_19_T18:34:16 -  Model step took 0.07452702522277832 seconds
2024_09_19_T18:34:36 -  Model step started
2024_09_19_T18:34:36 -  Model step took 0.07774186134338379 seconds
2024_09_19_T18:34:56 -  Model step started
2024_09_19_T18:34:56 -  Model step took 0.06928300857543945 seconds
2024_09_19_T18:35:16 -  Model step started
2024_09_19_T18:35:16 -  Model step took 0.08892488479614258 seconds
2024_09_19_T18:35:35 -  Model step started
2024_09_19_T18:35:36 -  Model step took 0.08014893531799316 seconds
2024_09_19_T18:35:55 -  Model step started
2024_09_19_T18:35:56 -  Model step took 0.10413193702697754 seconds
2024_09_19_T18:36:16 -  Model step started
2024_09_19_T18:36:16 -  Model step took 0.08525609970092773 seconds
2024_09_19_T18:36:36 -  Model step started
2024_09_19_T18:36:36 -  Model step took 0.08552193641662598 seconds
2024_09_19_T18:36:56 -  Model step started
2024_09_19_T18:36:56 -  Model step took 0.09996414184570312 seconds
2024_09_19_T18:37:16 -  Model step started
2024_09_19_T18:37:16 -  Model step took 0.11169600486755371 seconds
2024_09_19_T18:37:36 -  Model step started
2024_09_19_T18:37:36 -  Model step took 0.08223915100097656 seconds
2024_09_19_T18:37:57 -  Model step started
2024_09_19_T18:37:57 -  Model step took 0.09047794342041016 seconds
2024_09_19_T18:38:17 -  Model step started
2024_09_19_T18:38:17 -  Model step took 0.0709381103515625 seconds
2024_09_19_T18:38:37 -  Model step started
2024_09_19_T18:38:37 -  Model step took 0.10539603233337402 seconds
2024_09_19_T18:38:57 -  Model step started
2024_09_19_T18:38:57 -  Model step took 0.08212018013000488 seconds
2024_09_19_T18:39:18 -  Model step started
2024_09_19_T18:39:18 -  Model step took 0.07957887649536133 seconds
2024_09_19_T18:39:38 -  Model step started
2024_09_19_T18:39:38 -  Model step took 0.08629298210144043 seconds
2024_09_19_T18:39:58 -  Model step started
2024_09_19_T18:39:58 -  Model step took 0.10431599617004395 seconds
2024_09_19_T18:40:19 -  Model step started
2024_09_19_T18:40:19 -  Model step took 0.0724329948425293 seconds
2024_09_19_T18:40:39 -  Model step started
2024_09_19_T18:40:39 -  Model step took 0.08654093742370605 seconds
2024_09_19_T18:40:59 -  Model step started
2024_09_19_T18:40:59 -  Model step took 0.08630704879760742 seconds
2024_09_19_T18:41:19 -  Model step started
2024_09_19_T18:41:19 -  Model step took 0.08405494689941406 seconds
2024_09_19_T18:41:39 -  Model step started
2024_09_19_T18:41:39 -  Model step took 0.11437487602233887 seconds
2024_09_19_T18:41:59 -  Model step started
2024_09_19_T18:41:59 -  Model step took 0.09819889068603516 seconds
2024_09_19_T18:42:19 -  Model step started
2024_09_19_T18:42:19 -  Model step took 0.07305788993835449 seconds
2024_09_19_T18:42:39 -  Model step started
2024_09_19_T18:42:39 -  Model step took 0.09862303733825684 seconds
2024_09_19_T18:42:59 -  Model step started
2024_09_19_T18:42:59 -  Model step took 0.10140800476074219 seconds
2024_09_19_T18:43:19 -  Model step started
2024_09_19_T18:43:19 -  Model step took 0.08876585960388184 seconds
2024_09_19_T18:43:38 -  Model step started
2024_09_19_T18:43:39 -  Model step took 0.09720587730407715 seconds
2024_09_19_T18:43:58 -  Model step started
2024_09_19_T18:43:59 -  Model step took 0.07875514030456543 seconds
2024_09_19_T18:44:18 -  Model step started
2024_09_19_T18:44:19 -  Model step took 0.08341503143310547 seconds
2024_09_19_T18:44:38 -  Model step started
2024_09_19_T18:44:38 -  Model step took 0.09180998802185059 seconds
2024_09_19_T18:44:59 -  Model step started
2024_09_19_T18:44:59 -  Model step took 0.0928049087524414 seconds
2024_09_19_T18:45:19 -  Model step started
2024_09_19_T18:45:19 -  Model step took 0.08043885231018066 seconds
2024_09_19_T18:45:39 -  Model step started
2024_09_19_T18:45:39 -  Model step took 0.08336400985717773 seconds
2024_09_19_T18:45:59 -  Model step started
2024_09_19_T18:45:59 -  Model step took 0.08536005020141602 seconds
2024_09_19_T18:46:19 -  Model step started
2024_09_19_T18:46:19 -  Model step took 0.10237407684326172 seconds
2024_09_19_T18:46:39 -  Model step started
2024_09_19_T18:46:39 -  Model step took 0.0796051025390625 seconds
2024_09_19_T18:46:59 -  Model step started
2024_09_19_T18:46:59 -  Model step took 0.08290481567382812 seconds
2024_09_19_T18:47:19 -  Model step started
2024_09_19_T18:47:19 -  Model step took 0.08546996116638184 seconds
2024_09_19_T18:47:39 -  Model step started
2024_09_19_T18:47:39 -  Model step took 0.10355997085571289 seconds
2024_09_19_T18:47:59 -  Model step started
2024_09_19_T18:47:59 -  Model step took 0.08283710479736328 seconds
2024_09_19_T18:48:19 -  Model step started
2024_09_19_T18:48:20 -  Model step took 0.08050394058227539 seconds
2024_09_19_T18:48:40 -  Model step started
2024_09_19_T18:48:40 -  Model step took 0.0782320499420166 seconds
2024_09_19_T18:49:00 -  Model step started
2024_09_19_T18:49:00 -  Model step took 0.07521605491638184 seconds
2024_09_19_T18:49:21 -  Model step started
2024_09_19_T18:49:21 -  Model step took 0.11924910545349121 seconds
2024_09_19_T18:49:42 -  Model step started
2024_09_19_T18:49:42 -  Model step took 0.11034607887268066 seconds
2024_09_19_T18:50:02 -  Model step started
2024_09_19_T18:50:02 -  Model step took 0.08022618293762207 seconds
2024_09_19_T18:50:22 -  Model step started
2024_09_19_T18:50:22 -  Model step took 0.08693385124206543 seconds
2024_09_19_T18:50:43 -  Model step started
2024_09_19_T18:50:43 -  Model step took 0.08887815475463867 seconds
2024_09_19_T18:51:03 -  Model step started
2024_09_19_T18:51:03 -  Model step took 0.0780940055847168 seconds
2024_09_19_T18:51:23 -  Model step started
2024_09_19_T18:51:23 -  Model step took 0.11449599266052246 seconds
2024_09_19_T18:51:43 -  Model step started
2024_09_19_T18:51:43 -  Model step took 0.08136391639709473 seconds
2024_09_19_T18:52:03 -  Model step started
2024_09_19_T18:52:04 -  Model step took 0.09918689727783203 seconds
2024_09_19_T18:52:24 -  Model step started
2024_09_19_T18:52:24 -  Model step took 0.0813899040222168 seconds
2024_09_19_T18:52:44 -  Model step started
2024_09_19_T18:52:44 -  Model step took 0.14242911338806152 seconds
2024_09_19_T18:53:04 -  Model step started
2024_09_19_T18:53:04 -  Model step took 0.0878901481628418 seconds
2024_09_19_T18:53:24 -  Model step started
2024_09_19_T18:53:24 -  Model step took 0.10038995742797852 seconds
2024_09_19_T18:53:44 -  Model step started
2024_09_19_T18:53:45 -  Model step took 0.08885407447814941 seconds
2024_09_19_T18:54:05 -  Model step started
2024_09_19_T18:54:05 -  Model step took 0.11833500862121582 seconds
2024_09_19_T18:54:25 -  Model step started
2024_09_19_T18:54:25 -  Model step took 0.08778214454650879 seconds
2024_09_19_T18:54:45 -  Model step started
2024_09_19_T18:54:45 -  Model step took 0.08559203147888184 seconds
2024_09_19_T18:55:05 -  Model step started
2024_09_19_T18:55:05 -  Model step took 0.08246684074401855 seconds
2024_09_19_T18:55:25 -  Model step started
2024_09_19_T18:55:25 -  Model step took 0.08160805702209473 seconds
2024_09_19_T18:55:45 -  Model step started
2024_09_19_T18:55:45 -  Model step took 0.08834314346313477 seconds
2024_09_19_T18:56:06 -  Model step started
2024_09_19_T18:56:06 -  Model step took 0.0950620174407959 seconds
2024_09_19_T18:56:26 -  Model step started
2024_09_19_T18:56:26 -  Model step took 0.1360180377960205 seconds
2024_09_19_T18:56:46 -  Model step started
2024_09_19_T18:56:46 -  Model step took 0.08787107467651367 seconds
2024_09_19_T18:57:07 -  Model step started
2024_09_19_T18:57:07 -  Model step took 0.08630895614624023 seconds
2024_09_19_T18:57:27 -  Model step started
2024_09_19_T18:57:27 -  Model step took 0.09360289573669434 seconds
2024_09_19_T18:57:47 -  Model step started
2024_09_19_T18:57:48 -  Model step took 0.11705398559570312 seconds
2024_09_19_T18:58:08 -  Model step started
2024_09_19_T18:58:08 -  Model step took 0.1300668716430664 seconds
2024_09_19_T18:58:28 -  Model step started
2024_09_19_T18:58:28 -  Model step took 0.09007811546325684 seconds
2024_09_19_T18:58:48 -  Model step started
2024_09_19_T18:58:48 -  Model step took 0.14656496047973633 seconds
2024_09_19_T18:59:09 -  Model step started
2024_09_19_T18:59:09 -  Model step took 0.12086892127990723 seconds
2024_09_19_T18:59:29 -  Model step started
2024_09_19_T18:59:29 -  Model step took 0.13642501831054688 seconds
2024_09_19_T18:59:49 -  Model step started
2024_09_19_T18:59:49 -  Model step took 0.11483097076416016 seconds
2024_09_19_T19:00:09 -  Model step started
2024_09_19_T19:00:10 -  Model step took 0.11385011672973633 seconds
2024_09_19_T19:00:30 -  Model step started
2024_09_19_T19:00:30 -  Model step took 0.0862431526184082 seconds
2024_09_19_T19:00:50 -  Model step started
2024_09_19_T19:00:50 -  Model step took 0.09540295600891113 seconds
2024_09_19_T19:01:10 -  Model step started
2024_09_19_T19:01:11 -  Model step took 0.09239912033081055 seconds
2024_09_19_T19:01:31 -  Model step started
2024_09_19_T19:01:31 -  Model step took 0.14385485649108887 seconds
2024_09_19_T19:01:51 -  Model step started
2024_09_19_T19:01:51 -  Model step took 0.1029210090637207 seconds
2024_09_19_T19:02:11 -  Model step started
2024_09_19_T19:02:11 -  Model step took 0.09768199920654297 seconds
2024_09_19_T19:02:31 -  Model step started
2024_09_19_T19:02:31 -  Model step took 0.10821914672851562 seconds
2024_09_19_T19:02:51 -  Model step started
2024_09_19_T19:02:51 -  Model step took 0.09934401512145996 seconds
2024_09_19_T19:03:11 -  Model step started
2024_09_19_T19:03:11 -  Model step took 0.11979413032531738 seconds
2024_09_19_T19:03:32 -  Model step started
2024_09_19_T19:03:32 -  Model step took 0.09398484230041504 seconds
2024_09_19_T19:03:52 -  Model step started
2024_09_19_T19:03:52 -  Model step took 0.09635305404663086 seconds
2024_09_19_T19:04:13 -  Model step started
2024_09_19_T19:04:13 -  Model step took 0.11665487289428711 seconds
2024_09_19_T19:04:33 -  Model step started
2024_09_19_T19:04:33 -  Model step took 0.10272097587585449 seconds
2024_09_19_T19:04:53 -  Model step started
2024_09_19_T19:04:53 -  Model step took 0.10224103927612305 seconds
2024_09_19_T19:05:13 -  Model step started
2024_09_19_T19:05:14 -  Model step took 0.12297606468200684 seconds
2024_09_19_T19:05:34 -  Model step started
2024_09_19_T19:05:34 -  Model step took 0.12328410148620605 seconds
2024_09_19_T19:05:54 -  Model step started
2024_09_19_T19:05:54 -  Model step took 0.10387802124023438 seconds
2024_09_19_T19:06:13 -  Model step started
2024_09_19_T19:06:14 -  Model step took 0.13019490242004395 seconds
2024_09_19_T19:06:34 -  Model step started
2024_09_19_T19:06:34 -  Model step took 0.10564208030700684 seconds
2024_09_19_T19:06:53 -  Model step started
2024_09_19_T19:06:54 -  Model step took 0.1359257698059082 seconds
2024_09_19_T19:07:14 -  Model step started
2024_09_19_T19:07:14 -  Model step took 0.10138392448425293 seconds
2024_09_19_T19:07:34 -  Model step started
2024_09_19_T19:07:34 -  Model step took 0.1304168701171875 seconds
2024_09_19_T19:07:54 -  Model step started
2024_09_19_T19:07:54 -  Model step took 0.09649896621704102 seconds
2024_09_19_T19:08:14 -  Model step started
2024_09_19_T19:08:14 -  Model step took 0.11583995819091797 seconds
2024_09_19_T19:08:34 -  Model step started
2024_09_19_T19:08:34 -  Model step took 0.12859010696411133 seconds
2024_09_19_T19:08:54 -  Model step started
2024_09_19_T19:08:54 -  Model step took 0.09826087951660156 seconds
2024_09_19_T19:09:14 -  Model step started
2024_09_19_T19:09:14 -  Model step took 0.16051697731018066 seconds
2024_09_19_T19:09:34 -  Model step started
2024_09_19_T19:09:34 -  Model step took 0.08623886108398438 seconds
2024_09_19_T19:09:54 -  Model step started
2024_09_19_T19:09:54 -  Model step took 0.10067296028137207 seconds
2024_09_19_T19:10:14 -  Model step started
2024_09_19_T19:10:14 -  Model step took 0.10124611854553223 seconds
2024_09_19_T19:10:34 -  Model step started
2024_09_19_T19:10:34 -  Model step took 0.09242486953735352 seconds
2024_09_19_T19:10:54 -  Model step started
2024_09_19_T19:10:54 -  Model step took 0.11731815338134766 seconds
2024_09_19_T19:11:14 -  Model step started
2024_09_19_T19:11:14 -  Model step took 0.0913698673248291 seconds
2024_09_19_T19:11:34 -  Model step started
2024_09_19_T19:11:34 -  Model step took 0.0966799259185791 seconds
2024_09_19_T19:11:54 -  Model step started
2024_09_19_T19:11:54 -  Model step took 0.09736180305480957 seconds
2024_09_19_T19:12:15 -  Model step started
2024_09_19_T19:12:15 -  Model step took 0.13386297225952148 seconds
2024_09_19_T19:12:35 -  Model step started
2024_09_19_T19:12:35 -  Model step took 0.10818600654602051 seconds
2024_09_19_T19:12:55 -  Model step started
2024_09_19_T19:12:55 -  Model step took 0.11238503456115723 seconds
2024_09_19_T19:13:15 -  Model step started
2024_09_19_T19:13:15 -  Model step took 0.10873198509216309 seconds
2024_09_19_T19:13:35 -  Model step started
2024_09_19_T19:13:35 -  Model step took 0.09840703010559082 seconds
2024_09_19_T19:13:55 -  Model step started
2024_09_19_T19:13:56 -  Model step took 0.09885811805725098 seconds
2024_09_19_T19:14:16 -  Model step started
2024_09_19_T19:14:16 -  Model step took 0.10782718658447266 seconds
2024_09_19_T19:14:36 -  Model step started
2024_09_19_T19:14:36 -  Model step took 0.144805908203125 seconds
2024_09_19_T19:14:56 -  Model step started
2024_09_19_T19:14:56 -  Model step took 0.1146841049194336 seconds
2024_09_19_T19:15:16 -  Model step started
2024_09_19_T19:15:16 -  Model step took 0.14506888389587402 seconds
2024_09_19_T19:15:36 -  Model step started
2024_09_19_T19:15:37 -  Model step took 0.10338282585144043 seconds
2024_09_19_T19:15:57 -  Model step started
2024_09_19_T19:15:57 -  Model step took 0.12555909156799316 seconds
2024_09_19_T19:16:17 -  Model step started
2024_09_19_T19:16:17 -  Model step took 0.10028409957885742 seconds
2024_09_19_T19:16:37 -  Model step started
2024_09_19_T19:16:37 -  Model step took 0.14562201499938965 seconds
2024_09_19_T19:16:57 -  Model step started
2024_09_19_T19:16:57 -  Model step took 0.11660504341125488 seconds
2024_09_19_T19:17:17 -  Model step started
2024_09_19_T19:17:17 -  Model step took 0.10680198669433594 seconds
2024_09_19_T19:17:37 -  Model step started
2024_09_19_T19:17:37 -  Model step took 0.11036300659179688 seconds
2024_09_19_T19:17:57 -  Model step started
2024_09_19_T19:17:57 -  Model step took 0.12143683433532715 seconds
2024_09_19_T19:18:17 -  Model step started
2024_09_19_T19:18:17 -  Model step took 0.1779329776763916 seconds
2024_09_19_T19:18:37 -  Model step started
2024_09_19_T19:18:37 -  Model step took 0.10612797737121582 seconds
2024_09_19_T19:18:57 -  Model step started
2024_09_19_T19:18:57 -  Model step took 0.1323988437652588 seconds
2024_09_19_T19:19:17 -  Model step started
2024_09_19_T19:19:17 -  Model step took 0.14095306396484375 seconds
2024_09_19_T19:19:37 -  Model step started
2024_09_19_T19:19:37 -  Model step took 0.11773014068603516 seconds
2024_09_19_T19:19:57 -  Model step started
2024_09_19_T19:19:57 -  Model step took 0.1063680648803711 seconds
2024_09_19_T19:20:17 -  Model step started
2024_09_19_T19:20:17 -  Model step took 0.15801596641540527 seconds
2024_09_19_T19:20:37 -  Model step started
2024_09_19_T19:20:37 -  Model step took 0.11650896072387695 seconds
2024_09_19_T19:20:57 -  Model step started
2024_09_19_T19:20:57 -  Model step took 0.11398100852966309 seconds
2024_09_19_T19:21:17 -  Model step started
2024_09_19_T19:21:17 -  Model step took 0.11191391944885254 seconds
2024_09_19_T19:21:36 -  Model step started
2024_09_19_T19:21:37 -  Model step took 0.12614703178405762 seconds
2024_09_19_T19:21:56 -  Model step started
2024_09_19_T19:21:56 -  Model step took 0.11089301109313965 seconds
2024_09_19_T19:22:16 -  Model step started
2024_09_19_T19:22:16 -  Model step took 0.11615991592407227 seconds
2024_09_19_T19:22:36 -  Model step started
2024_09_19_T19:22:36 -  Model step took 0.10176491737365723 seconds
2024_09_19_T19:22:56 -  Model step started
2024_09_19_T19:22:56 -  Model step took 0.12420988082885742 seconds
2024_09_19_T19:23:16 -  Model step started
2024_09_19_T19:23:16 -  Model step took 0.12057304382324219 seconds
2024_09_19_T19:23:36 -  Model step started
2024_09_19_T19:23:36 -  Model step took 0.12422704696655273 seconds
2024_09_19_T19:23:56 -  Model step started
2024_09_19_T19:23:56 -  Model step took 0.16187405586242676 seconds
2024_09_19_T19:24:16 -  Model step started
2024_09_19_T19:24:16 -  Model step took 0.1328439712524414 seconds
2024_09_19_T19:24:36 -  Model step started
2024_09_19_T19:24:36 -  Model step took 0.120635986328125 seconds
2024_09_19_T19:24:56 -  Model step started
2024_09_19_T19:24:56 -  Model step took 0.11948084831237793 seconds
2024_09_19_T19:25:16 -  Model step started
2024_09_19_T19:25:16 -  Model step took 0.10515403747558594 seconds
2024_09_19_T19:25:36 -  Model step started
2024_09_19_T19:25:36 -  Model step took 0.17625713348388672 seconds
2024_09_19_T19:25:56 -  Model step started
2024_09_19_T19:25:56 -  Model step took 0.11245203018188477 seconds
2024_09_19_T19:26:15 -  Model step started
2024_09_19_T19:26:16 -  Model step took 0.11725902557373047 seconds
2024_09_19_T19:26:35 -  Model step started
2024_09_19_T19:26:35 -  Model step took 0.10582399368286133 seconds
2024_09_19_T19:26:55 -  Model step started
2024_09_19_T19:26:55 -  Model step took 0.15695500373840332 seconds
2024_09_19_T19:27:15 -  Model step started
2024_09_19_T19:27:15 -  Model step took 0.11733698844909668 seconds
2024_09_19_T19:27:34 -  Model step started
2024_09_19_T19:27:34 -  Model step took 0.13748598098754883 seconds
2024_09_19_T19:27:54 -  Model step started
2024_09_19_T19:27:54 -  Model step took 0.11673593521118164 seconds
2024_09_19_T19:28:13 -  Model step started
2024_09_19_T19:28:14 -  Model step took 0.10689187049865723 seconds
2024_09_19_T19:28:33 -  Model step started
2024_09_19_T19:28:33 -  Model step took 0.15487194061279297 seconds
2024_09_19_T19:28:53 -  Model step started
2024_09_19_T19:28:53 -  Model step took 0.12956690788269043 seconds
2024_09_19_T19:29:12 -  Model step started
2024_09_19_T19:29:12 -  Model step took 0.13560795783996582 seconds
2024_09_19_T19:29:32 -  Model step started
2024_09_19_T19:29:32 -  Model step took 0.13254904747009277 seconds
2024_09_19_T19:29:51 -  Model step started
2024_09_19_T19:29:52 -  Model step took 0.11897087097167969 seconds
2024_09_19_T19:30:11 -  Model step started
2024_09_19_T19:30:11 -  Model step took 0.1259479522705078 seconds
2024_09_19_T19:30:31 -  Model step started
2024_09_19_T19:30:31 -  Model step took 0.12903094291687012 seconds
2024_09_19_T19:30:50 -  Model step started
2024_09_19_T19:30:51 -  Model step took 0.12111186981201172 seconds
2024_09_19_T19:31:10 -  Model step started
2024_09_19_T19:31:10 -  Model step took 0.11403512954711914 seconds
2024_09_19_T19:31:30 -  Model step started
2024_09_19_T19:31:30 -  Model step took 0.14430594444274902 seconds
2024_09_19_T19:31:49 -  Model step started
2024_09_19_T19:31:50 -  Model step took 0.11509108543395996 seconds
2024_09_19_T19:32:09 -  Model step started
2024_09_19_T19:32:09 -  Model step took 0.15796804428100586 seconds
2024_09_19_T19:32:29 -  Model step started
2024_09_19_T19:32:29 -  Model step took 0.11484289169311523 seconds
2024_09_19_T19:32:48 -  Model step started
2024_09_19_T19:32:49 -  Model step took 0.1688671112060547 seconds
2024_09_19_T19:33:08 -  Model step started
2024_09_19_T19:33:08 -  Model step took 0.13108110427856445 seconds
2024_09_19_T19:33:27 -  Model step started
2024_09_19_T19:33:28 -  Model step took 0.11076712608337402 seconds
2024_09_19_T19:33:47 -  Model step started
2024_09_19_T19:33:47 -  Model step took 0.12732315063476562 seconds
2024_09_19_T19:34:06 -  Model step started
2024_09_19_T19:34:07 -  Model step took 0.1246938705444336 seconds
2024_09_19_T19:34:26 -  Model step started
2024_09_19_T19:34:26 -  Model step took 0.12602901458740234 seconds
2024_09_19_T19:34:46 -  Model step started
2024_09_19_T19:34:47 -  Model step took 0.12748098373413086 seconds
2024_09_19_T19:35:06 -  Model step started
2024_09_19_T19:35:06 -  Model step took 0.11611318588256836 seconds
2024_09_19_T19:35:26 -  Model step started
2024_09_19_T19:35:26 -  Model step took 0.12862706184387207 seconds
2024_09_19_T19:35:45 -  Model step started
2024_09_19_T19:35:45 -  Model step took 0.12288188934326172 seconds
2024_09_19_T19:36:05 -  Model step started
2024_09_19_T19:36:05 -  Model step took 0.14478015899658203 seconds
2024_09_19_T19:36:24 -  Model step started
2024_09_19_T19:36:24 -  Model step took 0.11444497108459473 seconds
2024_09_19_T19:36:44 -  Model step started
2024_09_19_T19:36:44 -  Model step took 0.1165609359741211 seconds
2024_09_19_T19:37:03 -  Model step started
2024_09_19_T19:37:03 -  Model step took 0.14896702766418457 seconds
2024_09_19_T19:37:23 -  Model step started
2024_09_19_T19:37:23 -  Model step took 0.12468981742858887 seconds
2024_09_19_T19:37:42 -  Model step started
2024_09_19_T19:37:42 -  Model step took 0.13882803916931152 seconds
2024_09_19_T19:38:02 -  Model step started
2024_09_19_T19:38:02 -  Model step took 0.16528797149658203 seconds
2024_09_19_T19:38:21 -  Model step started
2024_09_19_T19:38:22 -  Model step took 0.1554880142211914 seconds
2024_09_19_T19:38:41 -  Model step started
2024_09_19_T19:38:41 -  Model step took 0.1366119384765625 seconds
2024_09_19_T19:39:00 -  Model step started
2024_09_19_T19:39:01 -  Model step took 0.12777495384216309 seconds
2024_09_19_T19:39:20 -  Model step started
2024_09_19_T19:39:20 -  Model step took 0.20698904991149902 seconds
2024_09_19_T19:39:39 -  Model step started
2024_09_19_T19:39:40 -  Model step took 0.13480782508850098 seconds
2024_09_19_T19:39:59 -  Model step started
2024_09_19_T19:39:59 -  Model step took 0.12073206901550293 seconds
2024_09_19_T19:40:18 -  Model step started
2024_09_19_T19:40:18 -  Model step took 0.12768101692199707 seconds
2024_09_19_T19:40:38 -  Model step started
2024_09_19_T19:40:38 -  Model step took 0.12886309623718262 seconds
2024_09_19_T19:40:57 -  Model step started
2024_09_19_T19:40:57 -  Model step took 0.1261579990386963 seconds
2024_09_19_T19:41:16 -  Model step started
2024_09_19_T19:41:17 -  Model step took 0.1502819061279297 seconds
2024_09_19_T19:41:36 -  Model step started
2024_09_19_T19:41:36 -  Model step took 0.12383604049682617 seconds
2024_09_19_T19:41:55 -  Model step started
2024_09_19_T19:41:55 -  Model step took 0.13463282585144043 seconds
2024_09_19_T19:42:14 -  Model step started
2024_09_19_T19:42:14 -  Model step took 0.1935410499572754 seconds
2024_09_19_T19:42:34 -  Model step started
2024_09_19_T19:42:34 -  Model step took 0.11997294425964355 seconds
2024_09_19_T19:42:53 -  Model step started
2024_09_19_T19:42:53 -  Model step took 0.13080692291259766 seconds
2024_09_19_T19:43:12 -  Model step started
2024_09_19_T19:43:12 -  Model step took 0.15122294425964355 seconds
2024_09_19_T19:43:32 -  Model step started
2024_09_19_T19:43:32 -  Model step took 0.12564396858215332 seconds
2024_09_19_T19:43:51 -  Model step started
2024_09_19_T19:43:51 -  Model step took 0.14192414283752441 seconds
2024_09_19_T19:44:10 -  Model step started
2024_09_19_T19:44:10 -  Model step took 0.12763285636901855 seconds
2024_09_19_T19:44:29 -  Model step started
2024_09_19_T19:44:29 -  Model step took 0.1270918846130371 seconds
2024_09_19_T19:44:48 -  Model step started
2024_09_19_T19:44:48 -  Model step took 0.13350915908813477 seconds
2024_09_19_T19:45:08 -  Model step started
2024_09_19_T19:45:08 -  Model step took 0.15729212760925293 seconds
2024_09_19_T19:45:27 -  Model step started
2024_09_19_T19:45:27 -  Model step took 0.1134500503540039 seconds
2024_09_19_T19:45:46 -  Model step started
2024_09_19_T19:45:46 -  Model step took 0.13541412353515625 seconds
2024_09_19_T19:46:05 -  Model step started
2024_09_19_T19:46:05 -  Model step took 0.20603299140930176 seconds
2024_09_19_T19:46:24 -  Model step started
2024_09_19_T19:46:24 -  Model step took 0.14472579956054688 seconds
2024_09_19_T19:46:43 -  Model step started
2024_09_19_T19:46:43 -  Model step took 0.13242292404174805 seconds
2024_09_19_T19:47:02 -  Model step started
2024_09_19_T19:47:02 -  Model step took 0.14340996742248535 seconds
2024_09_19_T19:47:21 -  Model step started
2024_09_19_T19:47:21 -  Model step took 0.12984585762023926 seconds
2024_09_19_T19:47:40 -  Model step started
2024_09_19_T19:47:41 -  Model step took 0.12466597557067871 seconds
2024_09_19_T19:47:59 -  Model step started
2024_09_19_T19:48:00 -  Model step took 0.1433260440826416 seconds
2024_09_19_T19:48:19 -  Model step started
2024_09_19_T19:48:19 -  Model step took 0.13243508338928223 seconds
2024_09_19_T19:48:38 -  Model step started
2024_09_19_T19:48:38 -  Model step took 0.13336396217346191 seconds
2024_09_19_T19:48:57 -  Model step started
2024_09_19_T19:48:57 -  Model step took 0.1542060375213623 seconds
2024_09_19_T19:49:16 -  Model step started
2024_09_19_T19:49:16 -  Model step took 0.17342495918273926 seconds
2024_09_19_T19:49:35 -  Model step started
2024_09_19_T19:49:35 -  Model step took 0.15715599060058594 seconds
2024_09_19_T19:49:54 -  Model step started
2024_09_19_T19:49:55 -  Model step took 0.1363999843597412 seconds
2024_09_19_T19:50:13 -  Model step started
2024_09_19_T19:50:14 -  Model step took 0.1966090202331543 seconds
2024_09_19_T19:50:32 -  Model step started
2024_09_19_T19:50:33 -  Model step took 0.14324688911437988 seconds
2024_09_19_T19:50:51 -  Model step started
2024_09_19_T19:50:52 -  Model step took 0.13797402381896973 seconds
2024_09_19_T19:51:11 -  Model step started
2024_09_19_T19:51:11 -  Model step took 0.1380908489227295 seconds
2024_09_19_T19:51:29 -  Model step started
2024_09_19_T19:51:30 -  Model step took 0.14305996894836426 seconds
2024_09_19_T19:51:48 -  Model step started
2024_09_19_T19:51:49 -  Model step took 0.13526582717895508 seconds
2024_09_19_T19:52:07 -  Model step started
2024_09_19_T19:52:08 -  Model step took 0.21829581260681152 seconds
2024_09_19_T19:52:26 -  Model step started
2024_09_19_T19:52:27 -  Model step took 0.1681358814239502 seconds
2024_09_19_T19:52:45 -  Model step started
2024_09_19_T19:52:45 -  Model step took 0.15387797355651855 seconds
2024_09_19_T19:53:04 -  Model step started
2024_09_19_T19:53:04 -  Model step took 0.14380693435668945 seconds
2024_09_19_T19:53:23 -  Model step started
2024_09_19_T19:53:23 -  Model step took 0.19829201698303223 seconds
2024_09_19_T19:53:41 -  Model step started
2024_09_19_T19:53:42 -  Model step took 0.13456392288208008 seconds
2024_09_19_T19:54:00 -  Model step started
2024_09_19_T19:54:00 -  Model step took 0.13739800453186035 seconds
2024_09_19_T19:54:19 -  Model step started
2024_09_19_T19:54:19 -  Model step took 0.12973690032958984 seconds
2024_09_19_T19:54:38 -  Model step started
2024_09_19_T19:54:38 -  Model step took 0.18769502639770508 seconds
2024_09_19_T19:54:57 -  Model step started
2024_09_19_T19:54:57 -  Model step took 0.16478395462036133 seconds
2024_09_19_T19:55:15 -  Model step started
2024_09_19_T19:55:16 -  Model step took 0.13692903518676758 seconds
2024_09_19_T19:55:34 -  Model step started
2024_09_19_T19:55:34 -  Model step took 0.13362383842468262 seconds
2024_09_19_T19:55:53 -  Model step started
2024_09_19_T19:55:53 -  Model step took 0.23071789741516113 seconds
2024_09_19_T19:56:12 -  Model step started
2024_09_19_T19:56:12 -  Model step took 0.13762617111206055 seconds
2024_09_19_T19:56:31 -  Model step started
2024_09_19_T19:56:31 -  Model step took 0.14882898330688477 seconds
2024_09_19_T19:56:50 -  Model step started
2024_09_19_T19:56:50 -  Model step took 0.13183093070983887 seconds
2024_09_19_T19:57:08 -  Model step started
2024_09_19_T19:57:08 -  Model step took 0.19487500190734863 seconds
2024_09_19_T19:57:27 -  Model step started
2024_09_19_T19:57:27 -  Model step took 0.13004589080810547 seconds
2024_09_19_T19:57:46 -  Model step started
2024_09_19_T19:57:46 -  Model step took 0.13561511039733887 seconds
2024_09_19_T19:58:05 -  Model step started
2024_09_19_T19:58:05 -  Model step took 0.13779592514038086 seconds
2024_09_19_T19:58:23 -  Model step started
2024_09_19_T19:58:23 -  Model step took 0.1319580078125 seconds
2024_09_19_T19:58:42 -  Model step started
2024_09_19_T19:58:42 -  Model step took 0.14045000076293945 seconds
2024_09_19_T19:59:01 -  Model step started
2024_09_19_T19:59:01 -  Model step took 0.17230820655822754 seconds
2024_09_19_T19:59:20 -  Model step started
2024_09_19_T19:59:20 -  Model step took 0.12751078605651855 seconds
2024_09_19_T19:59:38 -  Model step started
2024_09_19_T19:59:39 -  Model step took 0.14803504943847656 seconds
2024_09_19_T19:59:57 -  Model step started
2024_09_19_T19:59:58 -  Model step took 0.14684414863586426 seconds
2024_09_19_T20:00:16 -  Model step started
2024_09_19_T20:00:16 -  Model step took 0.1513810157775879 seconds
2024_09_19_T20:00:35 -  Model step started
2024_09_19_T20:00:35 -  Model step took 0.15222406387329102 seconds
2024_09_19_T20:00:53 -  Model step started
2024_09_19_T20:00:54 -  Model step took 0.24181604385375977 seconds
2024_09_19_T20:01:12 -  Model step started
2024_09_19_T20:01:12 -  Model step took 0.1360931396484375 seconds
2024_09_19_T20:01:31 -  Model step started
2024_09_19_T20:01:31 -  Model step took 0.14659500122070312 seconds
2024_09_19_T20:01:49 -  Model step started
2024_09_19_T20:01:50 -  Model step took 0.13622403144836426 seconds
2024_09_19_T20:02:08 -  Model step started
2024_09_19_T20:02:08 -  Model step took 0.13291001319885254 seconds
2024_09_19_T20:02:27 -  Model step started
2024_09_19_T20:02:27 -  Model step took 0.15189695358276367 seconds
2024_09_19_T20:02:45 -  Model step started
2024_09_19_T20:02:46 -  Model step took 0.18193387985229492 seconds
2024_09_19_T20:03:04 -  Model step started
2024_09_19_T20:03:04 -  Model step took 0.13766002655029297 seconds
2024_09_19_T20:03:22 -  Model step started
2024_09_19_T20:03:23 -  Model step took 0.14934110641479492 seconds
2024_09_19_T20:03:41 -  Model step started
2024_09_19_T20:03:41 -  Model step took 0.14252901077270508 seconds
2024_09_19_T20:04:00 -  Model step started
2024_09_19_T20:04:00 -  Model step took 0.14992594718933105 seconds
2024_09_19_T20:04:18 -  Model step started
2024_09_19_T20:04:18 -  Model step took 0.14339184761047363 seconds
2024_09_19_T20:04:37 -  Model step started
2024_09_19_T20:04:37 -  Model step took 0.15509605407714844 seconds
2024_09_19_T20:04:55 -  Model step started
2024_09_19_T20:04:55 -  Model step took 0.1418929100036621 seconds
2024_09_19_T20:05:14 -  Model step started
2024_09_19_T20:05:14 -  Model step took 0.1905689239501953 seconds
2024_09_19_T20:05:32 -  Model step started
2024_09_19_T20:05:32 -  Model step took 0.13322019577026367 seconds
2024_09_19_T20:05:51 -  Model step started
2024_09_19_T20:05:51 -  Model step took 0.15011119842529297 seconds
2024_09_19_T20:06:09 -  Model step started
2024_09_19_T20:06:09 -  Model step took 0.14519095420837402 seconds
2024_09_19_T20:06:27 -  Model step started
2024_09_19_T20:06:28 -  Model step took 0.13887810707092285 seconds
2024_09_19_T20:06:46 -  Model step started
2024_09_19_T20:06:46 -  Model step took 0.14744997024536133 seconds
2024_09_19_T20:07:05 -  Model step started
2024_09_19_T20:07:05 -  Model step took 0.19364190101623535 seconds
2024_09_19_T20:07:23 -  Model step started
2024_09_19_T20:07:23 -  Model step took 0.14281702041625977 seconds
2024_09_19_T20:07:41 -  Model step started
2024_09_19_T20:07:42 -  Model step took 0.17960309982299805 seconds
2024_09_19_T20:08:00 -  Model step started
2024_09_19_T20:08:00 -  Model step took 0.19553303718566895 seconds
2024_09_19_T20:08:19 -  Model step started
2024_09_19_T20:08:19 -  Model step took 0.14306116104125977 seconds
2024_09_19_T20:08:37 -  Model step started
2024_09_19_T20:08:37 -  Model step took 0.1460421085357666 seconds
2024_09_19_T20:08:56 -  Model step started
2024_09_19_T20:08:56 -  Model step took 0.14156007766723633 seconds
2024_09_19_T20:09:14 -  Model step started
2024_09_19_T20:09:14 -  Model step took 0.13675713539123535 seconds
2024_09_19_T20:09:32 -  Model step started
2024_09_19_T20:09:33 -  Model step took 0.23102116584777832 seconds
2024_09_19_T20:09:51 -  Model step started
2024_09_19_T20:09:51 -  Model step took 0.15581107139587402 seconds
2024_09_19_T20:10:09 -  Model step started
2024_09_19_T20:10:09 -  Model step took 0.1359710693359375 seconds
2024_09_19_T20:10:27 -  Model step started
2024_09_19_T20:10:27 -  Model step took 0.13927221298217773 seconds
2024_09_19_T20:10:46 -  Model step started
2024_09_19_T20:10:46 -  Model step took 0.15025091171264648 seconds
2024_09_19_T20:11:04 -  Model step started
2024_09_19_T20:11:04 -  Model step took 0.15005111694335938 seconds
2024_09_19_T20:11:22 -  Model step started
2024_09_19_T20:11:22 -  Model step took 0.17589616775512695 seconds
2024_09_19_T20:11:41 -  Model step started
2024_09_19_T20:11:41 -  Model step took 0.14982891082763672 seconds
2024_09_19_T20:11:59 -  Model step started
2024_09_19_T20:11:59 -  Model step took 0.17663812637329102 seconds
2024_09_19_T20:12:17 -  Model step started
2024_09_19_T20:12:17 -  Model step took 0.12890100479125977 seconds
2024_09_19_T20:12:35 -  Model step started
2024_09_19_T20:12:35 -  Model step took 0.215317964553833 seconds
2024_09_19_T20:12:54 -  Model step started
2024_09_19_T20:12:54 -  Model step took 0.13898396492004395 seconds
2024_09_19_T20:13:12 -  Model step started
2024_09_19_T20:13:12 -  Model step took 0.13534808158874512 seconds
2024_09_19_T20:13:30 -  Model step started
2024_09_19_T20:13:30 -  Model step took 0.1484231948852539 seconds
2024_09_19_T20:13:48 -  Model step started
2024_09_19_T20:13:48 -  Model step took 0.1428678035736084 seconds
2024_09_19_T20:14:07 -  Model step started
2024_09_19_T20:14:07 -  Model step took 0.1312410831451416 seconds
2024_09_19_T20:14:25 -  Model step started
2024_09_19_T20:14:25 -  Model step took 0.18987798690795898 seconds
2024_09_19_T20:14:43 -  Model step started
2024_09_19_T20:14:43 -  Model step took 0.1441340446472168 seconds
2024_09_19_T20:15:01 -  Model step started
2024_09_19_T20:15:01 -  Model step took 0.14501714706420898 seconds
2024_09_19_T20:15:19 -  Model step started
2024_09_19_T20:15:19 -  Model step took 0.14298295974731445 seconds
2024_09_19_T20:15:37 -  Model step started
2024_09_19_T20:15:37 -  Model step took 0.1795189380645752 seconds
2024_09_19_T20:15:55 -  Model step started
2024_09_19_T20:15:55 -  Model step took 0.13793301582336426 seconds
2024_09_19_T20:16:13 -  Model step started
2024_09_19_T20:16:13 -  Model step took 0.1414320468902588 seconds
2024_09_19_T20:16:31 -  Model step started
2024_09_19_T20:16:31 -  Model step took 0.14136409759521484 seconds
2024_09_19_T20:16:49 -  Model step started
2024_09_19_T20:16:49 -  Model step took 0.16208291053771973 seconds
2024_09_19_T20:17:08 -  Model step started
2024_09_19_T20:17:08 -  Model step took 0.1549680233001709 seconds
2024_09_19_T20:17:26 -  Model step started
2024_09_19_T20:17:27 -  Model step took 0.12647700309753418 seconds
2024_09_19_T20:17:44 -  Model step started
2024_09_19_T20:17:45 -  Model step took 0.1367478370666504 seconds
2024_09_19_T20:18:03 -  Model step started
2024_09_19_T20:18:03 -  Model step took 0.15717601776123047 seconds
2024_09_19_T20:18:21 -  Model step started
2024_09_19_T20:18:21 -  Model step took 0.17922496795654297 seconds
2024_09_19_T20:18:39 -  Model step started
2024_09_19_T20:18:39 -  Model step took 0.13746094703674316 seconds
2024_09_19_T20:18:57 -  Model step started
2024_09_19_T20:18:57 -  Model step took 0.15006685256958008 seconds
2024_09_19_T20:19:15 -  Model step started
2024_09_19_T20:19:15 -  Model step took 0.1372370719909668 seconds
2024_09_19_T20:19:33 -  Model step started
2024_09_19_T20:19:33 -  Model step took 0.1500248908996582 seconds
2024_09_19_T20:19:51 -  Model step started
2024_09_19_T20:19:51 -  Model step took 0.1509239673614502 seconds
2024_09_19_T20:20:09 -  Model step started
2024_09_19_T20:20:09 -  Model step took 0.27661609649658203 seconds
2024_09_19_T20:20:27 -  Model step started
2024_09_19_T20:20:27 -  Model step took 0.15872788429260254 seconds
2024_09_19_T20:20:45 -  Model step started
2024_09_19_T20:20:45 -  Model step took 0.12380480766296387 seconds
2024_09_19_T20:21:02 -  Model step started
2024_09_19_T20:21:03 -  Model step took 0.1538069248199463 seconds
2024_09_19_T20:21:20 -  Model step started
2024_09_19_T20:21:20 -  Model step took 0.14511895179748535 seconds
2024_09_19_T20:21:38 -  Model step started
2024_09_19_T20:21:38 -  Model step took 0.1391911506652832 seconds
2024_09_19_T20:21:56 -  Model step started
2024_09_19_T20:21:56 -  Model step took 0.2235269546508789 seconds
2024_09_19_T20:22:14 -  Model step started
2024_09_19_T20:22:14 -  Model step took 0.17022204399108887 seconds
2024_09_19_T20:22:32 -  Model step started
2024_09_19_T20:22:32 -  Model step took 0.16030383110046387 seconds
2024_09_19_T20:22:49 -  Model step started
2024_09_19_T20:22:49 -  Model step took 0.13564085960388184 seconds
2024_09_19_T20:23:07 -  Model step started
2024_09_19_T20:23:07 -  Model step took 0.15606904029846191 seconds
2024_09_19_T20:23:25 -  Model step started
2024_09_19_T20:23:25 -  Model step took 0.1645669937133789 seconds
2024_09_19_T20:23:42 -  Model step started
2024_09_19_T20:23:43 -  Model step took 0.144636869430542 seconds
2024_09_19_T20:24:00 -  Model step started
2024_09_19_T20:24:00 -  Model step took 0.18786001205444336 seconds
2024_09_19_T20:24:18 -  Model step started
2024_09_19_T20:24:18 -  Model step took 0.1632859706878662 seconds
2024_09_19_T20:24:35 -  Model step started
2024_09_19_T20:24:36 -  Model step took 0.1436920166015625 seconds
2024_09_19_T20:24:53 -  Model step started
2024_09_19_T20:24:53 -  Model step took 0.13782405853271484 seconds
2024_09_19_T20:25:11 -  Model step started
2024_09_19_T20:25:11 -  Model step took 0.18849802017211914 seconds
2024_09_19_T20:25:28 -  Model step started
2024_09_19_T20:25:28 -  Model step took 0.15430998802185059 seconds
2024_09_19_T20:25:46 -  Model step started
2024_09_19_T20:25:46 -  Model step took 0.15317010879516602 seconds
2024_09_19_T20:26:04 -  Model step started
2024_09_19_T20:26:04 -  Model step took 0.13553690910339355 seconds
2024_09_19_T20:26:22 -  Model step started
2024_09_19_T20:26:22 -  Model step took 0.13964009284973145 seconds
2024_09_19_T20:26:39 -  Model step started
2024_09_19_T20:26:39 -  Model step took 0.16238903999328613 seconds
2024_09_19_T20:26:57 -  Model step started
2024_09_19_T20:26:57 -  Model step took 0.13998889923095703 seconds
2024_09_19_T20:27:15 -  Model step started
2024_09_19_T20:27:15 -  Model step took 0.15002012252807617 seconds
2024_09_19_T20:27:32 -  Model step started
2024_09_19_T20:27:32 -  Model step took 0.14550185203552246 seconds
2024_09_19_T20:27:50 -  Model step started
2024_09_19_T20:27:50 -  Model step took 0.16166996955871582 seconds
2024_09_19_T20:28:08 -  Model step started
2024_09_19_T20:28:08 -  Model step took 0.16844701766967773 seconds
2024_09_19_T20:28:26 -  Model step started
2024_09_19_T20:28:26 -  Model step took 0.14685392379760742 seconds
2024_09_19_T20:28:43 -  Model step started
2024_09_19_T20:28:43 -  Model step took 0.13839006423950195 seconds
2024_09_19_T20:29:01 -  Model step started
2024_09_19_T20:29:01 -  Model step took 0.15738201141357422 seconds
2024_09_19_T20:29:18 -  Model step started
2024_09_19_T20:29:19 -  Model step took 0.14812803268432617 seconds
2024_09_19_T20:29:36 -  Model step started
2024_09_19_T20:29:36 -  Model step took 0.1531519889831543 seconds
2024_09_19_T20:29:53 -  Model step started
2024_09_19_T20:29:54 -  Model step took 0.15729117393493652 seconds
2024_09_19_T20:30:11 -  Model step started
2024_09_19_T20:30:11 -  Model step took 0.15003299713134766 seconds
2024_09_19_T20:30:28 -  Model step started
2024_09_19_T20:30:29 -  Model step took 0.1475811004638672 seconds
2024_09_19_T20:30:46 -  Model step started
2024_09_19_T20:30:46 -  Model step took 0.13101792335510254 seconds
2024_09_19_T20:31:04 -  Model step started
2024_09_19_T20:31:04 -  Model step took 0.1667191982269287 seconds
2024_09_19_T20:31:21 -  Model step started
2024_09_19_T20:31:21 -  Model step took 0.1949460506439209 seconds
2024_09_19_T20:31:39 -  Model step started
2024_09_19_T20:31:39 -  Model step took 0.14873909950256348 seconds
2024_09_19_T20:31:56 -  Model step started
2024_09_19_T20:31:56 -  Model step took 0.16266393661499023 seconds
2024_09_19_T20:32:13 -  Model step started
2024_09_19_T20:32:14 -  Model step took 0.22615909576416016 seconds
2024_09_19_T20:32:31 -  Model step started
2024_09_19_T20:32:31 -  Model step took 0.16933703422546387 seconds
2024_09_19_T20:32:48 -  Model step started
2024_09_19_T20:32:48 -  Model step took 0.1405029296875 seconds
2024_09_19_T20:33:05 -  Model step started
2024_09_19_T20:33:05 -  Model step took 0.14030194282531738 seconds
2024_09_19_T20:33:22 -  Model step started
2024_09_19_T20:33:23 -  Model step took 0.15908002853393555 seconds
2024_09_19_T20:33:40 -  Model step started
2024_09_19_T20:33:40 -  Model step took 0.19320297241210938 seconds
2024_09_19_T20:33:57 -  Model step started
2024_09_19_T20:33:58 -  Model step took 0.20133304595947266 seconds
2024_09_19_T20:34:15 -  Model step started
2024_09_19_T20:34:15 -  Model step took 0.1838078498840332 seconds
2024_09_19_T20:34:32 -  Model step started
2024_09_19_T20:34:32 -  Model step took 0.14437103271484375 seconds
2024_09_19_T20:34:50 -  Model step started
2024_09_19_T20:34:50 -  Model step took 0.2123098373413086 seconds
2024_09_19_T20:35:07 -  Model step started
2024_09_19_T20:35:07 -  Model step took 0.15309405326843262 seconds
2024_09_19_T20:35:24 -  Model step started
2024_09_19_T20:35:24 -  Model step took 0.15411591529846191 seconds
2024_09_19_T20:35:41 -  Model step started
2024_09_19_T20:35:41 -  Model step took 0.1620478630065918 seconds
2024_09_19_T20:35:58 -  Model step started
2024_09_19_T20:35:59 -  Model step took 0.17480802536010742 seconds
2024_09_19_T20:36:15 -  Model step started
2024_09_19_T20:36:16 -  Model step took 0.15479493141174316 seconds
2024_09_19_T20:36:32 -  Model step started
2024_09_19_T20:36:33 -  Model step took 0.20786285400390625 seconds
2024_09_19_T20:36:49 -  Model step started
2024_09_19_T20:36:50 -  Model step took 0.20945310592651367 seconds
2024_09_19_T20:37:07 -  Model step started
2024_09_19_T20:37:07 -  Model step took 0.2544820308685303 seconds
2024_09_19_T20:37:24 -  Model step started
2024_09_19_T20:37:24 -  Model step took 0.2567310333251953 seconds
2024_09_19_T20:37:41 -  Model step started
2024_09_19_T20:37:41 -  Model step took 0.15684103965759277 seconds
2024_09_19_T20:37:58 -  Model step started
2024_09_19_T20:37:58 -  Model step took 0.15489983558654785 seconds
2024_09_19_T20:38:15 -  Model step started
2024_09_19_T20:38:15 -  Model step took 0.15218091011047363 seconds
2024_09_19_T20:38:32 -  Model step started
2024_09_19_T20:38:32 -  Model step took 0.14675188064575195 seconds
2024_09_19_T20:38:49 -  Model step started
2024_09_19_T20:38:49 -  Model step took 0.18249011039733887 seconds
2024_09_19_T20:39:06 -  Model step started
2024_09_19_T20:39:06 -  Model step took 0.23804593086242676 seconds
2024_09_19_T20:39:23 -  Model step started
2024_09_19_T20:39:23 -  Model step took 0.1395130157470703 seconds
2024_09_19_T20:39:40 -  Model step started
2024_09_19_T20:39:40 -  Model step took 0.16405677795410156 seconds
2024_09_19_T20:39:57 -  Model step started
2024_09_19_T20:39:57 -  Model step took 0.21808600425720215 seconds
2024_09_19_T20:40:14 -  Model step started
2024_09_19_T20:40:14 -  Model step took 0.18066906929016113 seconds
2024_09_19_T20:40:31 -  Model step started
2024_09_19_T20:40:31 -  Model step took 0.1350691318511963 seconds
2024_09_19_T20:40:48 -  Model step started
2024_09_19_T20:40:48 -  Model step took 0.16376876831054688 seconds
2024_09_19_T20:41:05 -  Model step started
2024_09_19_T20:41:05 -  Model step took 0.2000141143798828 seconds
2024_09_19_T20:41:22 -  Model step started
2024_09_19_T20:41:22 -  Model step took 0.15602517127990723 seconds
2024_09_19_T20:41:39 -  Model step started
2024_09_19_T20:41:39 -  Model step took 0.13849997520446777 seconds
2024_09_19_T20:41:55 -  Model step started
2024_09_19_T20:41:56 -  Model step took 0.15487217903137207 seconds
2024_09_19_T20:42:12 -  Model step started
2024_09_19_T20:42:12 -  Model step took 0.2503650188446045 seconds
2024_09_19_T20:42:29 -  Model step started
2024_09_19_T20:42:29 -  Model step took 0.13608384132385254 seconds
2024_09_19_T20:42:46 -  Model step started
2024_09_19_T20:42:46 -  Model step took 0.14245009422302246 seconds
2024_09_19_T20:43:03 -  Model step started
2024_09_19_T20:43:03 -  Model step took 0.15408802032470703 seconds
2024_09_19_T20:43:20 -  Model step started
2024_09_19_T20:43:20 -  Model step took 0.16863489151000977 seconds
2024_09_19_T20:43:36 -  Model step started
2024_09_19_T20:43:37 -  Model step took 0.14870095252990723 seconds
2024_09_19_T20:43:53 -  Model step started
2024_09_19_T20:43:53 -  Model step took 0.14675617218017578 seconds
2024_09_19_T20:44:10 -  Model step started
2024_09_19_T20:44:10 -  Model step took 0.15993094444274902 seconds
2024_09_19_T20:44:27 -  Model step started
2024_09_19_T20:44:27 -  Model step took 0.14612102508544922 seconds
2024_09_19_T20:44:44 -  Model step started
2024_09_19_T20:44:44 -  Model step took 0.1458590030670166 seconds
2024_09_19_T20:45:00 -  Model step started
2024_09_19_T20:45:00 -  Model step took 0.14032196998596191 seconds
2024_09_19_T20:45:17 -  Model step started
2024_09_19_T20:45:17 -  Model step took 0.1376340389251709 seconds
2024_09_19_T20:45:34 -  Model step started
2024_09_19_T20:45:34 -  Model step took 0.26020002365112305 seconds
2024_09_19_T20:45:50 -  Model step started
2024_09_19_T20:45:50 -  Model step took 0.15874004364013672 seconds
2024_09_19_T20:46:07 -  Model step started
2024_09_19_T20:46:07 -  Model step took 0.1456298828125 seconds
2024_09_19_T20:46:24 -  Model step started
2024_09_19_T20:46:24 -  Model step took 0.15244412422180176 seconds
2024_09_19_T20:46:40 -  Model step started
2024_09_19_T20:46:40 -  Model step took 0.13860106468200684 seconds
2024_09_19_T20:46:57 -  Model step started
2024_09_19_T20:46:57 -  Model step took 0.14703607559204102 seconds
2024_09_19_T20:47:14 -  Model step started
2024_09_19_T20:47:14 -  Model step took 0.15357303619384766 seconds
2024_09_19_T20:47:30 -  Model step started
2024_09_19_T20:47:30 -  Model step took 0.1476118564605713 seconds
2024_09_19_T20:47:47 -  Model step started
2024_09_19_T20:47:47 -  Model step took 0.23292899131774902 seconds
2024_09_19_T20:48:04 -  Model step started
2024_09_19_T20:48:04 -  Model step took 0.1556990146636963 seconds
2024_09_19_T20:48:20 -  Model step started
2024_09_19_T20:48:20 -  Model step took 0.15027189254760742 seconds
2024_09_19_T20:48:37 -  Model step started
2024_09_19_T20:48:37 -  Model step took 0.1384899616241455 seconds
2024_09_19_T20:48:53 -  Model step started
2024_09_19_T20:48:53 -  Model step took 0.15737295150756836 seconds
2024_09_19_T20:49:10 -  Model step started
2024_09_19_T20:49:10 -  Model step took 0.16225886344909668 seconds
2024_09_19_T20:49:26 -  Model step started
2024_09_19_T20:49:26 -  Model step took 0.16178107261657715 seconds
2024_09_19_T20:49:43 -  Model step started
2024_09_19_T20:49:43 -  Model step took 0.16101503372192383 seconds
2024_09_19_T20:49:59 -  Model step started
2024_09_19_T20:49:59 -  Model step took 0.1457839012145996 seconds
2024_09_19_T20:50:15 -  Model step started
2024_09_19_T20:50:15 -  Model step took 0.1488640308380127 seconds
2024_09_19_T20:50:32 -  Model step started
2024_09_19_T20:50:32 -  Model step took 0.15472698211669922 seconds
2024_09_19_T20:50:48 -  Model step started
2024_09_19_T20:50:48 -  Model step took 0.1517329216003418 seconds
2024_09_19_T20:51:04 -  Model step started
2024_09_19_T20:51:05 -  Model step took 0.16356301307678223 seconds
2024_09_19_T20:51:21 -  Model step started
2024_09_19_T20:51:21 -  Model step took 0.1500558853149414 seconds
2024_09_19_T20:51:37 -  Model step started
2024_09_19_T20:51:37 -  Model step took 0.2128610610961914 seconds
