2024_10_06_T19:21:18 -  finished initateHouses in 0.8209400177001953 seconds
2024_10_06_T19:21:18 -  finished initiateHouseholds in 1.0381920337677002 seconds
2024_10_06_T19:21:18 -  finished assignHousesToHouseholds in 1.300753116607666 seconds
2024_10_06_T19:21:22 -  Metrics: sum_wealth took 9.5367431640625e-7
2024_10_06_T19:21:23 -  Metrics: wealth_distribution took 5.9604644775390625e-6
2024_10_06_T19:21:24 -  Metrics: money_distribution took 5.0067901611328125e-6
2024_10_06_T19:21:24 -  Metrics: size_distribution took 5.9604644775390625e-6
2024_10_06_T19:21:24 -  Metrics: age_distribution took 5.9604644775390625e-6
2024_10_06_T19:21:25 -  Metrics: sum_wealth took 6.008148193359375e-5
2024_10_06_T19:21:26 -  Metrics: wealth_distribution took 0.011572837829589844
2024_10_06_T19:21:26 -  Metrics: money_distribution took 0.0007600784301757812
2024_10_06_T19:21:26 -  Metrics: size_distribution took 0.008655786514282227
2024_10_06_T19:21:26 -  Metrics: age_distribution took 0.0008180141448974609
2024_10_06_T19:21:30 -  Model step started
2024_10_06_T19:21:30 -  clearHangingSupplies started
2024_10_06_T19:21:30 -  clearHangingSupplies took 0.005758047103881836
2024_10_06_T19:21:30 -  clearHangingRentalSupplies started
2024_10_06_T19:21:30 -  clearHangingRentalSupplies took 0.01407003402709961
2024_10_06_T19:21:30 -  clearHouseMarket started
2024_10_06_T19:21:31 -  clearHouseMarket - first block took 0.5794088840484619
2024_10_06_T19:21:31 -  clearHouseMarket - second block took 0.2521851062774658
2024_10_06_T19:21:31 -  clearHouseMarket - third block took 0.018821001052856445
2024_10_06_T19:21:31 -  clearRentalMarket started
2024_10_06_T19:21:31 -  clearRentalMarket - first block took 0.21358513832092285
2024_10_06_T19:21:32 -  clearRentalMarket - second block took 0.035166025161743164
2024_10_06_T19:21:32 -  Model step took 1.4285039901733398 seconds
2024_10_06_T19:21:32 -  Metrics: sum_wealth took 8.58306884765625e-5
2024_10_06_T19:21:32 -  Metrics: wealth_distribution took 0.0010089874267578125
2024_10_06_T19:21:32 -  Metrics: money_distribution took 0.0007429122924804688
2024_10_06_T19:21:32 -  Metrics: size_distribution took 0.0007638931274414062
2024_10_06_T19:21:32 -  Metrics: age_distribution took 0.0007719993591308594
2024_10_06_T19:21:36 -  Model step started
2024_10_06_T19:21:36 -  clearHangingSupplies started
2024_10_06_T19:21:36 -  clearHangingSupplies took 0.012133121490478516
2024_10_06_T19:21:36 -  clearHangingRentalSupplies started
2024_10_06_T19:21:36 -  clearHangingRentalSupplies took 4.100799560546875e-5
2024_10_06_T19:21:36 -  clearHouseMarket started
2024_10_06_T19:21:36 -  clearHouseMarket - first block took 0.46377110481262207
2024_10_06_T19:21:36 -  clearHouseMarket - second block took 0.019322872161865234
2024_10_06_T19:21:36 -  clearHouseMarket - third block took 0.0003380775451660156
2024_10_06_T19:21:36 -  clearRentalMarket started
2024_10_06_T19:21:36 -  clearRentalMarket - first block took 0.05244183540344238
2024_10_06_T19:21:36 -  clearRentalMarket - second block took 0.0007200241088867188
2024_10_06_T19:21:36 -  Model step took 0.5723400115966797 seconds
2024_10_06_T19:21:36 -  Metrics: sum_wealth took 8.296966552734375e-5
2024_10_06_T19:21:36 -  Metrics: wealth_distribution took 0.0008420944213867188
2024_10_06_T19:21:36 -  Metrics: money_distribution took 0.0007970333099365234
2024_10_06_T19:21:36 -  Metrics: size_distribution took 0.0007600784301757812
2024_10_06_T19:21:36 -  Metrics: age_distribution took 0.0008211135864257812
2024_10_06_T19:21:40 -  Model step started
2024_10_06_T19:21:40 -  clearHangingSupplies started
2024_10_06_T19:21:40 -  clearHangingSupplies took 0.0003371238708496094
2024_10_06_T19:21:40 -  clearHangingRentalSupplies started
2024_10_06_T19:21:40 -  clearHangingRentalSupplies took 6.008148193359375e-5
2024_10_06_T19:21:40 -  clearHouseMarket started
2024_10_06_T19:21:40 -  clearHouseMarket - first block took 0.41742706298828125
2024_10_06_T19:21:40 -  clearHouseMarket - second block took 0.008275985717773438
2024_10_06_T19:21:40 -  clearHouseMarket - third block took 0.000347137451171875
2024_10_06_T19:21:40 -  clearRentalMarket started
2024_10_06_T19:21:40 -  clearRentalMarket - first block took 0.01877307891845703
2024_10_06_T19:21:40 -  clearRentalMarket - second block took 0.00032711029052734375
2024_10_06_T19:21:40 -  Model step took 0.4629199504852295 seconds
2024_10_06_T19:21:40 -  Metrics: sum_wealth took 0.00011801719665527344
2024_10_06_T19:21:40 -  Metrics: wealth_distribution took 0.0008070468902587891
2024_10_06_T19:21:40 -  Metrics: money_distribution took 0.0008180141448974609
2024_10_06_T19:21:40 -  Metrics: size_distribution took 0.0006759166717529297
2024_10_06_T19:21:40 -  Metrics: age_distribution took 0.000823974609375
2024_10_06_T19:21:44 -  Model step started
2024_10_06_T19:21:44 -  clearHangingSupplies started
2024_10_06_T19:21:44 -  clearHangingSupplies took 0.00035500526428222656
2024_10_06_T19:21:44 -  clearHangingRentalSupplies started
2024_10_06_T19:21:44 -  clearHangingRentalSupplies took 3.1948089599609375e-5
2024_10_06_T19:21:44 -  clearHouseMarket started
2024_10_06_T19:21:44 -  clearHouseMarket - first block took 0.37124204635620117
2024_10_06_T19:21:44 -  clearHouseMarket - second block took 0.004025936126708984
2024_10_06_T19:21:44 -  clearHouseMarket - third block took 0.0002989768981933594
2024_10_06_T19:21:44 -  clearRentalMarket started
2024_10_06_T19:21:44 -  clearRentalMarket - first block took 0.01974797248840332
2024_10_06_T19:21:44 -  clearRentalMarket - second block took 0.0002799034118652344
2024_10_06_T19:21:44 -  Model step took 0.4161510467529297 seconds
2024_10_06_T19:21:44 -  Metrics: sum_wealth took 9.012222290039062e-5
2024_10_06_T19:21:44 -  Metrics: wealth_distribution took 0.0007948875427246094
2024_10_06_T19:21:44 -  Metrics: money_distribution took 0.0007960796356201172
2024_10_06_T19:21:44 -  Metrics: size_distribution took 0.0006530284881591797
2024_10_06_T19:21:44 -  Metrics: age_distribution took 0.0007560253143310547
2024_10_06_T19:21:48 -  Model step started
2024_10_06_T19:21:48 -  clearHangingSupplies started
2024_10_06_T19:21:48 -  clearHangingSupplies took 0.00023698806762695312
2024_10_06_T19:21:48 -  clearHangingRentalSupplies started
2024_10_06_T19:21:48 -  clearHangingRentalSupplies took 0.00015997886657714844
2024_10_06_T19:21:48 -  clearHouseMarket started
2024_10_06_T19:21:48 -  clearHouseMarket - first block took 0.36922717094421387
2024_10_06_T19:21:48 -  clearHouseMarket - second block took 0.003275156021118164
2024_10_06_T19:21:48 -  clearHouseMarket - third block took 0.0003020763397216797
2024_10_06_T19:21:48 -  clearRentalMarket started
2024_10_06_T19:21:48 -  clearRentalMarket - first block took 0.01877284049987793
2024_10_06_T19:21:48 -  clearRentalMarket - second block took 0.00016808509826660156
2024_10_06_T19:21:48 -  Model step took 0.4172699451446533 seconds
2024_10_06_T19:21:48 -  Metrics: sum_wealth took 0.00015997886657714844
2024_10_06_T19:21:48 -  Metrics: wealth_distribution took 0.0010421276092529297
2024_10_06_T19:21:48 -  Metrics: money_distribution took 0.000820159912109375
2024_10_06_T19:21:48 -  Metrics: size_distribution took 0.0006909370422363281
2024_10_06_T19:21:48 -  Metrics: age_distribution took 0.0006990432739257812
2024_10_06_T19:21:52 -  Model step started
2024_10_06_T19:21:52 -  clearHangingSupplies started
2024_10_06_T19:21:52 -  clearHangingSupplies took 0.00017309188842773438
2024_10_06_T19:21:52 -  clearHangingRentalSupplies started
2024_10_06_T19:21:52 -  clearHangingRentalSupplies took 3.504753112792969e-5
2024_10_06_T19:21:52 -  clearHouseMarket started
2024_10_06_T19:21:52 -  clearHouseMarket - first block took 0.3222649097442627
2024_10_06_T19:21:52 -  clearHouseMarket - second block took 0.004364967346191406
2024_10_06_T19:21:52 -  clearHouseMarket - third block took 0.0003440380096435547
2024_10_06_T19:21:52 -  clearRentalMarket started
2024_10_06_T19:21:52 -  clearRentalMarket - first block took 0.021292924880981445
2024_10_06_T19:21:52 -  clearRentalMarket - second block took 0.0002720355987548828
2024_10_06_T19:21:52 -  Model step took 0.37671780586242676 seconds
2024_10_06_T19:21:52 -  Metrics: sum_wealth took 0.0001780986785888672
2024_10_06_T19:21:52 -  Metrics: wealth_distribution took 0.0007228851318359375
2024_10_06_T19:21:52 -  Metrics: money_distribution took 0.0006978511810302734
2024_10_06_T19:21:52 -  Metrics: size_distribution took 0.0006840229034423828
2024_10_06_T19:21:52 -  Metrics: age_distribution took 0.0008418560028076172
2024_10_06_T19:21:56 -  Model step started
2024_10_06_T19:21:56 -  clearHangingSupplies started
2024_10_06_T19:21:56 -  clearHangingSupplies took 0.00026488304138183594
2024_10_06_T19:21:56 -  clearHangingRentalSupplies started
2024_10_06_T19:21:56 -  clearHangingRentalSupplies took 0.0006380081176757812
2024_10_06_T19:21:56 -  clearHouseMarket started
2024_10_06_T19:21:56 -  clearHouseMarket - first block took 0.29790282249450684
2024_10_06_T19:21:56 -  clearHouseMarket - second block took 0.002026081085205078
2024_10_06_T19:21:56 -  clearHouseMarket - third block took 0.0003440380096435547
2024_10_06_T19:21:56 -  clearRentalMarket started
2024_10_06_T19:21:56 -  clearRentalMarket - first block took 0.015926837921142578
2024_10_06_T19:21:56 -  clearRentalMarket - second block took 0.0002701282501220703
2024_10_06_T19:21:56 -  Model step took 0.3357820510864258 seconds
2024_10_06_T19:21:56 -  Metrics: sum_wealth took 0.0001690387725830078
2024_10_06_T19:21:56 -  Metrics: wealth_distribution took 0.0008251667022705078
2024_10_06_T19:21:56 -  Metrics: money_distribution took 0.0008151531219482422
2024_10_06_T19:21:56 -  Metrics: size_distribution took 0.0006389617919921875
2024_10_06_T19:21:56 -  Metrics: age_distribution took 0.0007219314575195312
2024_10_06_T19:22:00 -  Model step started
2024_10_06_T19:22:00 -  clearHangingSupplies started
2024_10_06_T19:22:00 -  clearHangingSupplies took 0.00021696090698242188
2024_10_06_T19:22:00 -  clearHangingRentalSupplies started
2024_10_06_T19:22:00 -  clearHangingRentalSupplies took 3.814697265625e-5
2024_10_06_T19:22:00 -  clearHouseMarket started
2024_10_06_T19:22:00 -  clearHouseMarket - first block took 0.29149293899536133
2024_10_06_T19:22:00 -  clearHouseMarket - second block took 0.0031991004943847656
2024_10_06_T19:22:00 -  clearHouseMarket - third block took 0.0004069805145263672
2024_10_06_T19:22:00 -  clearRentalMarket started
2024_10_06_T19:22:00 -  clearRentalMarket - first block took 0.03209400177001953
2024_10_06_T19:22:00 -  clearRentalMarket - second block took 0.00023102760314941406
2024_10_06_T19:22:00 -  Model step took 0.3521080017089844 seconds
2024_10_06_T19:22:00 -  Metrics: sum_wealth took 0.00011301040649414062
2024_10_06_T19:22:00 -  Metrics: wealth_distribution took 0.000988006591796875
2024_10_06_T19:22:00 -  Metrics: money_distribution took 0.0009739398956298828
2024_10_06_T19:22:00 -  Metrics: size_distribution took 0.0008211135864257812
2024_10_06_T19:22:00 -  Metrics: age_distribution took 0.0011110305786132812
2024_10_06_T19:22:04 -  Model step started
2024_10_06_T19:22:04 -  clearHangingSupplies started
2024_10_06_T19:22:04 -  clearHangingSupplies took 0.00018978118896484375
2024_10_06_T19:22:04 -  clearHangingRentalSupplies started
2024_10_06_T19:22:04 -  clearHangingRentalSupplies took 6.198883056640625e-5
2024_10_06_T19:22:04 -  clearHouseMarket started
2024_10_06_T19:22:04 -  clearHouseMarket - first block took 0.2672538757324219
2024_10_06_T19:22:04 -  clearHouseMarket - second block took 0.004096031188964844
2024_10_06_T19:22:04 -  clearHouseMarket - third block took 0.00043511390686035156
2024_10_06_T19:22:04 -  clearRentalMarket started
2024_10_06_T19:22:04 -  clearRentalMarket - first block took 0.021099090576171875
2024_10_06_T19:22:04 -  clearRentalMarket - second block took 0.0002429485321044922
2024_10_06_T19:22:04 -  Model step took 0.31036996841430664 seconds
2024_10_06_T19:22:04 -  Metrics: sum_wealth took 0.00028896331787109375
2024_10_06_T19:22:04 -  Metrics: wealth_distribution took 0.0009720325469970703
2024_10_06_T19:22:04 -  Metrics: money_distribution took 0.0009701251983642578
2024_10_06_T19:22:04 -  Metrics: size_distribution took 0.0008540153503417969
2024_10_06_T19:22:04 -  Metrics: age_distribution took 0.0008399486541748047
2024_10_06_T19:22:08 -  Model step started
2024_10_06_T19:22:08 -  clearHangingSupplies started
2024_10_06_T19:22:08 -  clearHangingSupplies took 0.0001690387725830078
2024_10_06_T19:22:08 -  clearHangingRentalSupplies started
2024_10_06_T19:22:08 -  clearHangingRentalSupplies took 4.291534423828125e-5
2024_10_06_T19:22:08 -  clearHouseMarket started
2024_10_06_T19:22:08 -  clearHouseMarket - first block took 0.2765488624572754
2024_10_06_T19:22:08 -  clearHouseMarket - second block took 0.002774953842163086
2024_10_06_T19:22:08 -  clearHouseMarket - third block took 0.0003719329833984375
2024_10_06_T19:22:08 -  clearRentalMarket started
2024_10_06_T19:22:08 -  clearRentalMarket - first block took 0.019541025161743164
2024_10_06_T19:22:08 -  clearRentalMarket - second block took 0.00019788742065429688
2024_10_06_T19:22:08 -  Model step took 0.3255038261413574 seconds
2024_10_06_T19:22:08 -  Metrics: sum_wealth took 8.702278137207031e-5
2024_10_06_T19:22:08 -  Metrics: wealth_distribution took 0.0007688999176025391
2024_10_06_T19:22:08 -  Metrics: money_distribution took 0.0007381439208984375
2024_10_06_T19:22:08 -  Metrics: size_distribution took 0.0007369518280029297
2024_10_06_T19:22:08 -  Metrics: age_distribution took 0.0007131099700927734
2024_10_06_T19:22:12 -  Model step started
2024_10_06_T19:22:12 -  clearHangingSupplies started
2024_10_06_T19:22:12 -  clearHangingSupplies took 0.00020003318786621094
2024_10_06_T19:22:12 -  clearHangingRentalSupplies started
2024_10_06_T19:22:12 -  clearHangingRentalSupplies took 4.982948303222656e-5
2024_10_06_T19:22:12 -  clearHouseMarket started
2024_10_06_T19:22:12 -  clearHouseMarket - first block took 0.25842881202697754
2024_10_06_T19:22:12 -  clearHouseMarket - second block took 0.0031609535217285156
2024_10_06_T19:22:12 -  clearHouseMarket - third block took 0.0003101825714111328
2024_10_06_T19:22:12 -  clearRentalMarket started
2024_10_06_T19:22:12 -  clearRentalMarket - first block took 0.016710996627807617
2024_10_06_T19:22:12 -  clearRentalMarket - second block took 8.916854858398438e-5
2024_10_06_T19:22:12 -  Model step took 0.30394792556762695 seconds
2024_10_06_T19:22:12 -  Metrics: sum_wealth took 0.0002529621124267578
2024_10_06_T19:22:12 -  Metrics: wealth_distribution took 0.0008368492126464844
2024_10_06_T19:22:12 -  Metrics: money_distribution took 0.0007491111755371094
2024_10_06_T19:22:12 -  Metrics: size_distribution took 0.0006580352783203125
2024_10_06_T19:22:12 -  Metrics: age_distribution took 0.0006930828094482422
2024_10_06_T19:22:16 -  Model step started
2024_10_06_T19:22:16 -  clearHangingSupplies started
2024_10_06_T19:22:16 -  clearHangingSupplies took 0.00021409988403320312
2024_10_06_T19:22:16 -  clearHangingRentalSupplies started
2024_10_06_T19:22:16 -  clearHangingRentalSupplies took 5.1975250244140625e-5
2024_10_06_T19:22:16 -  clearHouseMarket started
2024_10_06_T19:22:17 -  clearHouseMarket - first block took 0.25734901428222656
2024_10_06_T19:22:17 -  clearHouseMarket - second block took 0.00779414176940918
2024_10_06_T19:22:17 -  clearHouseMarket - third block took 0.0003681182861328125
2024_10_06_T19:22:17 -  clearRentalMarket started
2024_10_06_T19:22:17 -  clearRentalMarket - first block took 0.028706073760986328
2024_10_06_T19:22:17 -  clearRentalMarket - second block took 0.0001201629638671875
2024_10_06_T19:22:17 -  Model step took 0.3117189407348633 seconds
2024_10_06_T19:22:17 -  Metrics: sum_wealth took 0.00010395050048828125
2024_10_06_T19:22:17 -  Metrics: wealth_distribution took 0.0010440349578857422
2024_10_06_T19:22:17 -  Metrics: money_distribution took 0.0007541179656982422
2024_10_06_T19:22:17 -  Metrics: size_distribution took 0.0006651878356933594
2024_10_06_T19:22:17 -  Metrics: age_distribution took 0.0007030963897705078
