2024_09_06_T01:33:54 -  finished initateHouses in 0.29062509536743164 seconds
2024_09_06_T01:33:54 -  finished initiateHouseholds in 0.5009350776672363 seconds
2024_09_06_T01:33:54 -  finished assignHousesToHouseholds in 0.7856800556182861 seconds
2024_09_06_T01:34:59 -  Model step started
2024_09_06_T01:39:21 -  Model step took 262.5167350769043 seconds
2024_09_06_T01:40:22 -  Model step started
2024_09_06_T01:41:13 -  Model step took 50.94240689277649 seconds
2024_09_06_T01:42:13 -  Model step started
2024_09_06_T01:43:06 -  Model step took 52.29212498664856 seconds
2024_09_06_T01:44:06 -  Model step started
2024_09_06_T01:44:59 -  Model step took 52.71284508705139 seconds
2024_09_06_T01:45:59 -  Model step started
2024_09_06_T01:46:54 -  Model step took 54.44556403160095 seconds
2024_09_06_T01:47:55 -  Model step started
2024_09_06_T01:48:49 -  Model step took 54.369789123535156 seconds
2024_09_06_T01:49:51 -  Model step started
2024_09_06_T01:50:46 -  Model step took 55.43720006942749 seconds
2024_09_06_T01:51:48 -  Model step started
2024_09_06_T01:52:44 -  Model step took 56.6961669921875 seconds
2024_09_06_T01:53:46 -  Model step started
2024_09_06_T01:54:43 -  Model step took 57.16263699531555 seconds
2024_09_06_T01:55:45 -  Model step started
2024_09_06_T01:56:43 -  Model step took 58.28958702087402 seconds
2024_09_06_T01:57:45 -  Model step started
2024_09_06_T01:58:44 -  Model step took 59.28116011619568 seconds
2024_09_06_T01:59:47 -  Model step started
2024_09_06_T02:00:46 -  Model step took 59.80547595024109 seconds
2024_09_06_T02:01:49 -  Model step started
2024_09_06_T02:02:50 -  Model step took 60.73304200172424 seconds
2024_09_06_T02:03:52 -  Model step started
2024_09_06_T02:04:54 -  Model step took 61.450751066207886 seconds
2024_09_06_T02:05:57 -  Model step started
2024_09_06_T02:06:59 -  Model step took 62.38660383224487 seconds
