2024_09_17_T22:35:39 -  finished initateHouses in 0.5870280265808105 seconds
2024_09_17_T22:35:40 -  finished initiateHouseholds in 0.9030380249023438 seconds
2024_09_17_T22:35:40 -  finished assignHousesToHouseholds in 1.0838332176208496 seconds
2024_09_17_T22:36:00 -  Model step started
2024_09_17_T22:36:03 -  Model step took 3.105574131011963 seconds
2024_09_17_T22:36:16 -  Model step started
2024_09_17_T22:36:17 -  Model step took 0.8544378280639648 seconds
2024_09_17_T22:36:31 -  Model step started
2024_09_17_T22:36:32 -  Model step took 0.8479771614074707 seconds
2024_09_17_T22:36:47 -  Model step started
2024_09_17_T22:36:47 -  Model step took 0.7541840076446533 seconds
2024_09_17_T22:37:00 -  Model step started
2024_09_17_T22:37:01 -  Model step took 0.7125198841094971 seconds
2024_09_17_T22:37:14 -  Model step started
2024_09_17_T22:37:15 -  Model step took 0.6392700672149658 seconds
2024_09_17_T22:37:28 -  Model step started
2024_09_17_T22:37:28 -  Model step took 0.6122181415557861 seconds
2024_09_17_T22:37:41 -  Model step started
2024_09_17_T22:37:41 -  Model step took 0.5616130828857422 seconds
2024_09_17_T22:37:54 -  Model step started
2024_09_17_T22:37:55 -  Model step took 0.5110750198364258 seconds
2024_09_17_T22:38:07 -  Model step started
2024_09_17_T22:38:08 -  Model step took 0.675246000289917 seconds
2024_09_17_T22:38:21 -  Model step started
2024_09_17_T22:38:21 -  Model step took 0.484417200088501 seconds
2024_09_17_T22:38:34 -  Model step started
2024_09_17_T22:38:34 -  Model step took 0.46564602851867676 seconds
2024_09_17_T22:38:47 -  Model step started
2024_09_17_T22:38:48 -  Model step took 0.46600890159606934 seconds
2024_09_17_T22:39:02 -  Model step started
2024_09_17_T22:39:03 -  Model step took 0.4697589874267578 seconds
2024_09_17_T22:39:16 -  Model step started
2024_09_17_T22:39:16 -  Model step took 0.4538400173187256 seconds
2024_09_17_T22:39:29 -  Model step started
2024_09_17_T22:39:30 -  Model step took 0.5804519653320312 seconds
2024_09_17_T22:39:42 -  Model step started
2024_09_17_T22:39:43 -  Model step took 1.0249931812286377 seconds
2024_09_17_T22:39:56 -  Model step started
2024_09_17_T22:39:57 -  Model step took 1.0168969631195068 seconds
2024_09_17_T22:40:10 -  Model step started
2024_09_17_T22:40:11 -  Model step took 0.9695131778717041 seconds
2024_09_17_T22:40:24 -  Model step started
2024_09_17_T22:40:25 -  Model step took 1.0160298347473145 seconds
2024_09_17_T22:40:38 -  Model step started
2024_09_17_T22:40:39 -  Model step took 1.0733041763305664 seconds
2024_09_17_T22:40:52 -  Model step started
2024_09_17_T22:40:54 -  Model step took 1.1580030918121338 seconds
2024_09_17_T22:41:06 -  Model step started
2024_09_17_T22:41:09 -  Model step took 2.1971139907836914 seconds
2024_09_17_T22:41:22 -  Model step started
2024_09_17_T22:41:23 -  Model step took 1.3332860469818115 seconds
