2024_09_05_T09:59:59 -  finished initateHouses in 0.24802422523498535 seconds
2024_09_05_T09:59:59 -  finished initiateHouseholds in 0.44797706604003906 seconds
2024_09_05_T10:00:00 -  finished assignHousesToHouseholds in 0.8874051570892334 seconds
2024_09_05_T10:01:18 -  Model step started
2024_09_05_T10:10:09 -  Model step took 530.9160079956055 seconds
2024_09_05_T10:11:23 -  Model step started
2024_09_05_T10:14:10 -  Model step took 166.46012902259827 seconds
2024_09_05_T10:15:29 -  Model step started
2024_09_05_T10:17:45 -  Model step took 135.7008171081543 seconds
2024_09_05_T10:19:05 -  Model step started
2024_09_05_T10:20:45 -  Model step took 99.68498301506042 seconds
2024_09_05_T10:22:02 -  Model step started
2024_09_05_T10:23:44 -  Model step took 101.24829196929932 seconds
2024_09_05_T10:25:01 -  Model step started
2024_09_05_T10:26:44 -  Model step took 103.79761099815369 seconds
2024_09_05_T10:28:02 -  Model step started
2024_09_05_T10:29:48 -  Model step took 106.60027503967285 seconds
2024_09_05_T10:31:06 -  Model step started
2024_09_05_T10:32:47 -  Model step took 101.10524201393127 seconds
2024_09_05_T10:34:04 -  Model step started
2024_09_05_T10:35:46 -  Model step took 102.60904717445374 seconds
2024_09_05_T10:37:05 -  Model step started
2024_09_05_T10:38:49 -  Model step took 104.6076340675354 seconds
2024_09_05_T10:40:07 -  Model step started
2024_09_05_T10:41:52 -  Model step took 105.45706796646118 seconds
2024_09_05_T10:43:10 -  Model step started
2024_09_05_T10:44:53 -  Model step took 103.56111598014832 seconds
2024_09_05_T10:46:11 -  Model step started
2024_09_05_T10:47:57 -  Model step took 106.59206414222717 seconds
2024_09_05_T10:49:15 -  Model step started
2024_09_05_T10:51:07 -  Model step took 111.61016011238098 seconds
2024_09_05_T10:52:25 -  Model step started
2024_09_05_T10:54:12 -  Model step took 106.86977910995483 seconds
2024_09_05_T10:55:29 -  Model step started
2024_09_05_T10:57:22 -  Model step took 112.72279405593872 seconds
2024_09_05_T10:58:40 -  Model step started
2024_09_05_T11:00:29 -  Model step took 109.20104002952576 seconds
2024_09_05_T11:01:47 -  Model step started
2024_09_05_T11:03:41 -  Model step took 114.27708101272583 seconds
2024_09_05_T11:05:00 -  Model step started
2024_09_05_T11:07:00 -  Model step took 120.04108214378357 seconds
2024_09_05_T11:08:18 -  Model step started
2024_09_05_T11:10:14 -  Model step took 115.79345607757568 seconds
2024_09_05_T11:11:33 -  Model step started
2024_09_05_T11:13:33 -  Model step took 120.40056109428406 seconds
2024_09_05_T11:14:51 -  Model step started
2024_09_05_T11:16:57 -  Model step took 125.86614799499512 seconds
2024_09_05_T11:18:16 -  Model step started
2024_09_05_T11:20:20 -  Model step took 124.35198307037354 seconds
2024_09_05_T11:21:39 -  Model step started
2024_09_05_T11:23:43 -  Model step took 123.29506206512451 seconds
