2024_09_01_T11:03:24 -  finished initateHouses in 0.24172401428222656 seconds
2024_09_01_T11:03:25 -  finished initiateHouseholds in 0.40203404426574707 seconds
2024_09_01_T11:03:25 -  finished assignHousesToHouseholds in 0.635300874710083 seconds
2024_09_01_T11:04:06 -  Model step started
2024_09_01_T11:05:08 -  Model step took 61.36729383468628 seconds
2024_09_01_T11:05:46 -  Model step started
2024_09_01_T11:06:24 -  Model step took 38.067354917526245 seconds
2024_09_01_T11:07:02 -  Model step started
2024_09_01_T11:07:42 -  Model step took 39.301897048950195 seconds
2024_09_01_T11:08:20 -  Model step started
2024_09_01_T11:09:01 -  Model step took 40.9708309173584 seconds
2024_09_01_T11:09:39 -  Model step started
2024_09_01_T11:10:22 -  Model step took 42.92015504837036 seconds
2024_09_01_T11:11:02 -  Model step started
2024_09_01_T11:11:45 -  Model step took 43.529985189437866 seconds
2024_09_01_T11:12:24 -  Model step started
2024_09_01_T11:13:09 -  Model step took 44.51008200645447 seconds
2024_09_01_T11:13:48 -  Model step started
2024_09_01_T11:14:31 -  Model step took 42.894690990448 seconds
2024_09_01_T11:15:09 -  Model step started
2024_09_01_T11:15:53 -  Model step took 43.793740034103394 seconds
2024_09_01_T11:16:31 -  Model step started
2024_09_01_T11:17:16 -  Model step took 44.99762797355652 seconds
2024_09_01_T11:17:55 -  Model step started
2024_09_01_T11:18:42 -  Model step took 47.133596897125244 seconds
2024_09_01_T11:19:21 -  Model step started
2024_09_01_T11:20:08 -  Model step took 47.516592025756836 seconds
2024_09_01_T11:20:47 -  Model step started
2024_09_01_T11:21:36 -  Model step took 49.0120530128479 seconds
2024_09_01_T11:22:15 -  Model step started
2024_09_01_T11:23:05 -  Model step took 50.46929907798767 seconds
2024_09_01_T11:23:44 -  Model step started
2024_09_01_T11:24:36 -  Model step took 52.21529793739319 seconds
2024_09_01_T11:25:15 -  Model step started
2024_09_01_T11:26:09 -  Model step took 53.65630793571472 seconds
2024_09_01_T11:26:48 -  Model step started
2024_09_01_T11:27:41 -  Model step took 52.560770988464355 seconds
2024_09_01_T11:28:19 -  Model step started
2024_09_01_T11:29:11 -  Model step took 51.781097173690796 seconds
2024_09_01_T11:29:50 -  Model step started
2024_09_01_T11:30:43 -  Model step took 53.40216612815857 seconds
2024_09_01_T11:31:22 -  Model step started
2024_09_01_T11:32:17 -  Model step took 55.04177188873291 seconds
2024_09_01_T11:32:56 -  Model step started
2024_09_01_T11:33:49 -  Model step took 52.223081827163696 seconds
2024_09_01_T11:34:27 -  Model step started
2024_09_01_T11:35:21 -  Model step took 53.14411997795105 seconds
2024_09_01_T11:36:00 -  Model step started
2024_09_01_T11:36:53 -  Model step took 53.57007312774658 seconds
2024_09_01_T11:37:32 -  Model step started
2024_09_01_T11:38:26 -  Model step took 53.90690588951111 seconds
2024_09_01_T11:39:06 -  Model step started
2024_09_01_T11:39:57 -  Model step took 50.996100187301636 seconds
2024_09_01_T11:40:36 -  Model step started
2024_09_01_T11:41:27 -  Model step took 51.086333990097046 seconds
2024_09_01_T11:42:07 -  Model step started
2024_09_01_T11:42:58 -  Model step took 51.2018940448761 seconds
2024_09_01_T11:43:38 -  Model step started
2024_09_01_T11:44:27 -  Model step took 48.97440791130066 seconds
2024_09_01_T11:45:06 -  Model step started
2024_09_01_T11:46:03 -  Model step took 57.42609000205994 seconds
2024_09_01_T11:46:43 -  Model step started
2024_09_01_T11:47:38 -  Model step took 54.78440594673157 seconds
2024_09_01_T11:48:17 -  Model step started
2024_09_01_T11:49:11 -  Model step took 54.14431595802307 seconds
2024_09_01_T11:49:50 -  Model step started
2024_09_01_T11:50:41 -  Model step took 50.4089560508728 seconds
2024_09_01_T11:51:20 -  Model step started
2024_09_01_T11:52:10 -  Model step took 49.33236908912659 seconds
2024_09_01_T11:52:49 -  Model step started
2024_09_01_T11:53:38 -  Model step took 48.71759295463562 seconds
2024_09_01_T11:54:17 -  Model step started
2024_09_01_T11:55:05 -  Model step took 47.92019820213318 seconds
2024_09_01_T11:55:45 -  Model step started
2024_09_01_T11:56:33 -  Model step took 48.03168606758118 seconds
2024_09_01_T11:57:12 -  Model step started
2024_09_01_T11:57:59 -  Model step took 47.022396087646484 seconds
2024_09_01_T11:58:39 -  Model step started
2024_09_01_T11:59:24 -  Model step took 45.130033016204834 seconds
2024_09_01_T12:00:03 -  Model step started
2024_09_01_T12:00:48 -  Model step took 44.88792681694031 seconds
2024_09_01_T12:01:28 -  Model step started
2024_09_01_T12:02:13 -  Model step took 44.84351181983948 seconds
2024_09_01_T12:02:53 -  Model step started
2024_09_01_T12:03:35 -  Model step took 41.93461012840271 seconds
2024_09_01_T12:04:15 -  Model step started
2024_09_01_T12:04:56 -  Model step took 41.17945599555969 seconds
2024_09_01_T12:05:36 -  Model step started
2024_09_01_T12:06:18 -  Model step took 41.51239204406738 seconds
2024_09_01_T12:06:57 -  Model step started
2024_09_01_T12:07:38 -  Model step took 40.99618196487427 seconds
2024_09_01_T12:08:18 -  Model step started
2024_09_01_T12:08:59 -  Model step took 40.35342812538147 seconds
2024_09_01_T12:09:39 -  Model step started
2024_09_01_T12:10:19 -  Model step took 39.92560696601868 seconds
2024_09_01_T12:10:59 -  Model step started
2024_09_01_T12:11:38 -  Model step took 39.73812699317932 seconds
2024_09_01_T12:12:18 -  Model step started
2024_09_01_T12:12:58 -  Model step took 39.524762868881226 seconds
2024_09_01_T12:13:38 -  Model step started
2024_09_01_T12:14:18 -  Model step took 39.53976082801819 seconds
2024_09_01_T12:14:58 -  Model step started
2024_09_01_T12:15:36 -  Model step took 37.9438750743866 seconds
2024_09_01_T12:16:16 -  Model step started
2024_09_01_T12:16:52 -  Model step took 35.85800313949585 seconds
2024_09_01_T12:17:32 -  Model step started
2024_09_01_T12:18:09 -  Model step took 36.236907958984375 seconds
2024_09_01_T12:18:48 -  Model step started
2024_09_01_T12:19:25 -  Model step took 36.812366008758545 seconds
2024_09_01_T12:20:06 -  Model step started
2024_09_01_T12:20:43 -  Model step took 37.090571880340576 seconds
2024_09_01_T12:21:24 -  Model step started
2024_09_01_T12:22:01 -  Model step took 37.37618803977966 seconds
2024_09_01_T12:22:42 -  Model step started
2024_09_01_T12:23:20 -  Model step took 37.950636863708496 seconds
2024_09_01_T12:24:02 -  Model step started
2024_09_01_T12:24:40 -  Model step took 38.23576998710632 seconds
2024_09_01_T12:25:22 -  Model step started
2024_09_01_T12:25:59 -  Model step took 37.9192419052124 seconds
2024_09_01_T12:26:41 -  Model step started
2024_09_01_T12:27:18 -  Model step took 36.80179309844971 seconds
2024_09_01_T12:27:59 -  Model step started
2024_09_01_T12:28:32 -  Model step took 32.60023903846741 seconds
2024_09_01_T12:29:12 -  Model step started
2024_09_01_T12:29:45 -  Model step took 32.620465993881226 seconds
2024_09_01_T12:30:25 -  Model step started
2024_09_01_T12:30:58 -  Model step took 32.46824407577515 seconds
2024_09_01_T12:31:38 -  Model step started
2024_09_01_T12:32:11 -  Model step took 32.67217779159546 seconds
2024_09_01_T12:32:52 -  Model step started
2024_09_01_T12:33:25 -  Model step took 32.9131121635437 seconds
2024_09_01_T12:34:06 -  Model step started
2024_09_01_T12:34:38 -  Model step took 31.923828125 seconds
2024_09_01_T12:35:20 -  Model step started
2024_09_01_T12:35:51 -  Model step took 31.0993971824646 seconds
2024_09_01_T12:36:33 -  Model step started
2024_09_01_T12:37:04 -  Model step took 31.25676989555359 seconds
2024_09_01_T12:37:46 -  Model step started
2024_09_01_T12:38:17 -  Model step took 31.148816108703613 seconds
2024_09_01_T12:38:59 -  Model step started
2024_09_01_T12:39:30 -  Model step took 30.887475967407227 seconds
2024_09_01_T12:40:12 -  Model step started
2024_09_01_T12:40:41 -  Model step took 28.133574962615967 seconds
2024_09_01_T12:41:22 -  Model step started
2024_09_01_T12:41:50 -  Model step took 27.513007164001465 seconds
2024_09_01_T12:42:31 -  Model step started
2024_09_01_T12:42:58 -  Model step took 26.91342306137085 seconds
2024_09_01_T12:43:40 -  Model step started
2024_09_01_T12:44:07 -  Model step took 26.649672031402588 seconds
2024_09_01_T12:44:49 -  Model step started
2024_09_01_T12:45:16 -  Model step took 26.279074907302856 seconds
2024_09_01_T12:45:58 -  Model step started
2024_09_01_T12:46:25 -  Model step took 26.907381057739258 seconds
2024_09_01_T12:47:07 -  Model step started
2024_09_01_T12:47:34 -  Model step took 26.819881916046143 seconds
2024_09_01_T12:48:16 -  Model step started
2024_09_01_T12:48:43 -  Model step took 26.99945592880249 seconds
2024_09_01_T12:49:25 -  Model step started
2024_09_01_T12:49:52 -  Model step took 26.083295106887817 seconds
2024_09_01_T12:50:32 -  Model step started
2024_09_01_T12:50:55 -  Model step took 22.836025953292847 seconds
2024_09_01_T12:51:37 -  Model step started
2024_09_01_T12:51:59 -  Model step took 22.143539905548096 seconds
2024_09_01_T12:52:41 -  Model step started
2024_09_01_T12:53:03 -  Model step took 21.25170397758484 seconds
2024_09_01_T12:53:44 -  Model step started
2024_09_01_T12:54:03 -  Model step took 19.714223861694336 seconds
2024_09_01_T12:54:45 -  Model step started
2024_09_01_T12:55:03 -  Model step took 18.14187717437744 seconds
2024_09_01_T12:55:44 -  Model step started
2024_09_01_T12:56:02 -  Model step took 17.666481971740723 seconds
2024_09_01_T12:56:44 -  Model step started
2024_09_01_T12:57:01 -  Model step took 17.61598801612854 seconds
2024_09_01_T12:57:43 -  Model step started
2024_09_01_T12:58:00 -  Model step took 17.228172063827515 seconds
2024_09_01_T12:58:41 -  Model step started
2024_09_01_T12:58:59 -  Model step took 17.553827047348022 seconds
2024_09_01_T12:59:40 -  Model step started
2024_09_01_T12:59:57 -  Model step took 17.089256048202515 seconds
2024_09_01_T13:00:38 -  Model step started
2024_09_01_T13:00:54 -  Model step took 16.551493883132935 seconds
2024_09_01_T13:01:35 -  Model step started
2024_09_01_T13:01:51 -  Model step took 16.32854700088501 seconds
2024_09_01_T13:02:32 -  Model step started
2024_09_01_T13:02:48 -  Model step took 16.50968599319458 seconds
2024_09_01_T13:03:29 -  Model step started
2024_09_01_T13:03:45 -  Model step took 16.168070077896118 seconds
2024_09_01_T13:04:25 -  Model step started
2024_09_01_T13:04:41 -  Model step took 15.93680214881897 seconds
2024_09_01_T13:05:22 -  Model step started
2024_09_01_T13:05:38 -  Model step took 15.954771995544434 seconds
2024_09_01_T13:06:20 -  Model step started
2024_09_01_T13:06:35 -  Model step took 15.701566934585571 seconds
2024_09_01_T13:07:17 -  Model step started
2024_09_01_T13:07:32 -  Model step took 15.727707862854004 seconds
2024_09_01_T13:08:14 -  Model step started
2024_09_01_T13:08:30 -  Model step took 15.64841604232788 seconds
2024_09_01_T13:09:12 -  Model step started
2024_09_01_T13:09:28 -  Model step took 15.899638175964355 seconds
2024_09_01_T13:10:08 -  Model step started
2024_09_01_T13:10:23 -  Model step took 14.603342056274414 seconds
2024_09_01_T13:11:04 -  Model step started
2024_09_01_T13:11:19 -  Model step took 14.683970928192139 seconds
2024_09_01_T13:12:00 -  Model step started
2024_09_01_T13:12:16 -  Model step took 15.366949081420898 seconds
2024_09_01_T13:12:57 -  Model step started
2024_09_01_T13:13:12 -  Model step took 15.128711938858032 seconds
2024_09_01_T13:13:53 -  Model step started
2024_09_01_T13:14:07 -  Model step took 14.669564962387085 seconds
2024_09_01_T13:14:49 -  Model step started
2024_09_01_T13:15:03 -  Model step took 14.66936182975769 seconds
2024_09_01_T13:15:45 -  Model step started
2024_09_01_T13:16:00 -  Model step took 15.073108911514282 seconds
2024_09_01_T13:16:42 -  Model step started
2024_09_01_T13:16:57 -  Model step took 15.050977945327759 seconds
2024_09_01_T13:17:38 -  Model step started
2024_09_01_T13:17:54 -  Model step took 15.597346067428589 seconds
2024_09_01_T13:18:36 -  Model step started
2024_09_01_T13:18:50 -  Model step took 14.484182119369507 seconds
2024_09_01_T13:19:31 -  Model step started
2024_09_01_T13:19:45 -  Model step took 13.795077085494995 seconds
2024_09_01_T13:20:25 -  Model step started
2024_09_01_T13:20:39 -  Model step took 14.118429899215698 seconds
2024_09_01_T13:21:21 -  Model step started
2024_09_01_T13:21:35 -  Model step took 14.169295072555542 seconds
2024_09_01_T13:22:16 -  Model step started
2024_09_01_T13:22:30 -  Model step took 13.986058950424194 seconds
2024_09_01_T13:23:12 -  Model step started
2024_09_01_T13:23:26 -  Model step took 14.183790922164917 seconds
2024_09_01_T13:24:08 -  Model step started
2024_09_01_T13:24:23 -  Model step took 14.33578610420227 seconds
2024_09_01_T13:25:04 -  Model step started
2024_09_01_T13:25:18 -  Model step took 13.967190027236938 seconds
2024_09_01_T13:26:00 -  Model step started
2024_09_01_T13:26:15 -  Model step took 14.845741987228394 seconds
2024_09_01_T13:26:57 -  Model step started
2024_09_01_T13:27:11 -  Model step took 13.521111011505127 seconds
2024_09_01_T13:27:52 -  Model step started
2024_09_01_T13:28:05 -  Model step took 13.567657947540283 seconds
2024_09_01_T13:28:46 -  Model step started
2024_09_01_T13:29:00 -  Model step took 13.369846105575562 seconds
2024_09_01_T13:29:40 -  Model step started
2024_09_01_T13:29:54 -  Model step took 13.427402973175049 seconds
2024_09_01_T13:30:35 -  Model step started
2024_09_01_T13:30:48 -  Model step took 13.525665044784546 seconds
2024_09_01_T13:31:30 -  Model step started
2024_09_01_T13:31:43 -  Model step took 13.357119798660278 seconds
2024_09_01_T13:32:25 -  Model step started
2024_09_01_T13:32:38 -  Model step took 13.46232008934021 seconds
2024_09_01_T13:33:20 -  Model step started
2024_09_01_T13:33:33 -  Model step took 13.259335994720459 seconds
2024_09_01_T13:34:15 -  Model step started
2024_09_01_T13:34:28 -  Model step took 13.450233221054077 seconds
2024_09_01_T13:35:11 -  Model step started
2024_09_01_T13:35:25 -  Model step took 14.406532049179077 seconds
2024_09_01_T13:36:07 -  Model step started
2024_09_01_T13:36:20 -  Model step took 13.056957006454468 seconds
2024_09_01_T13:37:01 -  Model step started
2024_09_01_T13:37:14 -  Model step took 13.262887954711914 seconds
2024_09_01_T13:37:55 -  Model step started
2024_09_01_T13:38:08 -  Model step took 13.071616172790527 seconds
2024_09_01_T13:38:49 -  Model step started
2024_09_01_T13:39:02 -  Model step took 12.95616102218628 seconds
2024_09_01_T13:39:43 -  Model step started
2024_09_01_T13:39:56 -  Model step took 13.06780195236206 seconds
2024_09_01_T13:40:38 -  Model step started
2024_09_01_T13:40:51 -  Model step took 12.921905994415283 seconds
2024_09_01_T13:41:33 -  Model step started
2024_09_01_T13:41:46 -  Model step took 13.45631194114685 seconds
2024_09_01_T13:42:28 -  Model step started
2024_09_01_T13:42:42 -  Model step took 13.633656024932861 seconds
2024_09_01_T13:43:24 -  Model step started
2024_09_01_T13:43:39 -  Model step took 14.753509998321533 seconds
2024_09_01_T13:44:21 -  Model step started
2024_09_01_T13:44:34 -  Model step took 13.16079306602478 seconds
2024_09_01_T13:45:15 -  Model step started
2024_09_01_T13:45:28 -  Model step took 12.752276182174683 seconds
2024_09_01_T13:46:09 -  Model step started
2024_09_01_T13:46:23 -  Model step took 13.206913948059082 seconds
2024_09_01_T13:47:04 -  Model step started
2024_09_01_T13:47:18 -  Model step took 13.618537902832031 seconds
2024_09_01_T13:48:00 -  Model step started
2024_09_01_T13:48:13 -  Model step took 12.74681305885315 seconds
2024_09_01_T13:48:55 -  Model step started
2024_09_01_T13:49:09 -  Model step took 13.542051076889038 seconds
2024_09_01_T13:49:51 -  Model step started
2024_09_01_T13:50:04 -  Model step took 13.184049844741821 seconds
2024_09_01_T13:50:47 -  Model step started
2024_09_01_T13:51:00 -  Model step took 12.901787996292114 seconds
2024_09_01_T13:51:43 -  Model step started
2024_09_01_T13:51:58 -  Model step took 14.945739984512329 seconds
