2024_09_11_T22:58:31 -  finished initateHouses in 0.638887882232666 seconds
2024_09_11_T22:58:31 -  finished initiateHouseholds in 0.8851549625396729 seconds
2024_09_11_T22:58:31 -  finished assignHousesToHouseholds in 1.0606749057769775 seconds
2024_09_11_T22:58:40 -  Model step started
2024_09_11_T22:58:41 -  Model step took 0.8075180053710938 seconds
2024_09_11_T22:58:44 -  Model step started
2024_09_11_T22:58:44 -  Model step took 0.06961607933044434 seconds
2024_09_11_T22:58:46 -  Model step started
2024_09_11_T22:58:46 -  Model step took 0.06427216529846191 seconds
2024_09_11_T22:58:49 -  Model step started
2024_09_11_T22:58:49 -  Model step took 0.07963776588439941 seconds
2024_09_11_T22:58:51 -  Model step started
2024_09_11_T22:58:51 -  Model step took 0.06748700141906738 seconds
2024_09_11_T22:58:54 -  Model step started
2024_09_11_T22:58:54 -  Model step took 0.058355093002319336 seconds
2024_09_11_T22:58:57 -  Model step started
2024_09_11_T22:58:57 -  Model step took 0.1059119701385498 seconds
2024_09_11_T22:59:00 -  Model step started
2024_09_11_T22:59:00 -  Model step took 0.05306720733642578 seconds
2024_09_11_T22:59:02 -  Model step started
2024_09_11_T22:59:02 -  Model step took 0.046942949295043945 seconds
2024_09_11_T22:59:05 -  Model step started
2024_09_11_T22:59:05 -  Model step took 0.05494809150695801 seconds
2024_09_11_T22:59:07 -  Model step started
2024_09_11_T22:59:07 -  Model step took 0.04791688919067383 seconds
2024_09_11_T22:59:09 -  Model step started
2024_09_11_T22:59:09 -  Model step took 0.04694104194641113 seconds
2024_09_11_T22:59:11 -  Model step started
2024_09_11_T22:59:12 -  Model step took 0.05746102333068848 seconds
2024_09_11_T22:59:14 -  Model step started
2024_09_11_T22:59:14 -  Model step took 0.041284799575805664 seconds
2024_09_11_T22:59:16 -  Model step started
2024_09_11_T22:59:16 -  Model step took 0.042582035064697266 seconds
