2024_09_24_T22:00:46 -  finished initateHouses in 0.4144909381866455 seconds
2024_09_24_T22:00:46 -  finished initiateHouseholds in 0.5419738292694092 seconds
2024_09_24_T22:00:46 -  finished assignHousesToHouseholds in 0.6540408134460449 seconds
2024_09_24_T22:00:51 -  Model step started
2024_09_24_T22:00:51 -  Model step took 0.4270660877227783 seconds
2024_09_24_T22:00:52 -  Model step started
2024_09_24_T22:00:52 -  Model step took 0.020450830459594727 seconds
2024_09_24_T22:00:53 -  Model step started
2024_09_24_T22:00:53 -  Model step took 0.019152164459228516 seconds
2024_09_24_T22:00:54 -  Model step started
2024_09_24_T22:00:54 -  Model step took 0.032048940658569336 seconds
2024_09_24_T22:00:55 -  Model step started
2024_09_24_T22:00:55 -  Model step took 0.01749396324157715 seconds
2024_09_24_T22:00:56 -  Model step started
2024_09_24_T22:00:56 -  Model step took 0.014950990676879883 seconds
2024_09_24_T22:00:57 -  Model step started
2024_09_24_T22:00:57 -  Model step took 0.019058942794799805 seconds
2024_09_24_T22:00:58 -  Model step started
2024_09_24_T22:00:58 -  Model step took 0.01305389404296875 seconds
2024_09_24_T22:00:59 -  Model step started
2024_09_24_T22:00:59 -  Model step took 0.011995077133178711 seconds
2024_09_24_T22:01:00 -  Model step started
2024_09_24_T22:01:00 -  Model step took 0.013109922409057617 seconds
2024_09_24_T22:01:01 -  Model step started
2024_09_24_T22:01:01 -  Model step took 0.01417398452758789 seconds
2024_09_24_T22:01:02 -  Model step started
2024_09_24_T22:01:02 -  Model step took 0.01310110092163086 seconds
2024_09_24_T22:01:03 -  Model step started
2024_09_24_T22:01:03 -  Model step took 0.018306970596313477 seconds
2024_09_24_T22:01:04 -  Model step started
2024_09_24_T22:01:04 -  Model step took 0.011229991912841797 seconds
2024_09_24_T22:01:05 -  Model step started
2024_09_24_T22:01:05 -  Model step took 0.012513160705566406 seconds
2024_09_24_T22:01:06 -  Model step started
2024_09_24_T22:01:06 -  Model step took 0.0179750919342041 seconds
2024_09_24_T22:01:07 -  Model step started
2024_09_24_T22:01:07 -  Model step took 0.015882015228271484 seconds
2024_09_24_T22:01:08 -  Model step started
2024_09_24_T22:01:08 -  Model step took 0.015856027603149414 seconds
2024_09_24_T22:01:09 -  Model step started
2024_09_24_T22:01:09 -  Model step took 0.01475214958190918 seconds
2024_09_24_T22:01:10 -  Model step started
2024_09_24_T22:01:10 -  Model step took 0.016184091567993164 seconds
2024_09_24_T22:01:11 -  Model step started
2024_09_24_T22:01:11 -  Model step took 0.06519699096679688 seconds
2024_09_24_T22:01:12 -  Model step started
2024_09_24_T22:01:12 -  Model step took 0.014322996139526367 seconds
2024_09_24_T22:01:13 -  Model step started
2024_09_24_T22:01:13 -  Model step took 0.014549970626831055 seconds
2024_09_24_T22:01:14 -  Model step started
2024_09_24_T22:01:14 -  Model step took 0.013829946517944336 seconds
2024_09_24_T22:01:15 -  Model step started
2024_09_24_T22:01:15 -  Model step took 0.021937131881713867 seconds
2024_09_24_T22:01:16 -  Model step started
2024_09_24_T22:01:16 -  Model step took 0.012791872024536133 seconds
2024_09_24_T22:01:17 -  Model step started
2024_09_24_T22:01:17 -  Model step took 0.01341700553894043 seconds
2024_09_24_T22:01:18 -  Model step started
2024_09_24_T22:01:18 -  Model step took 0.012239933013916016 seconds
2024_09_24_T22:01:19 -  Model step started
2024_09_24_T22:01:19 -  Model step took 0.015241146087646484 seconds
2024_09_24_T22:01:20 -  Model step started
2024_09_24_T22:01:20 -  Model step took 0.01450800895690918 seconds
2024_09_24_T22:01:21 -  Model step started
2024_09_24_T22:01:21 -  Model step took 0.015264034271240234 seconds
2024_09_24_T22:01:22 -  Model step started
2024_09_24_T22:01:22 -  Model step took 0.01734185218811035 seconds
2024_09_24_T22:01:23 -  Model step started
2024_09_24_T22:01:23 -  Model step took 0.01377105712890625 seconds
2024_09_24_T22:01:24 -  Model step started
2024_09_24_T22:01:24 -  Model step took 0.012270927429199219 seconds
2024_09_24_T22:01:25 -  Model step started
2024_09_24_T22:01:25 -  Model step took 0.011953115463256836 seconds
2024_09_24_T22:01:26 -  Model step started
2024_09_24_T22:01:26 -  Model step took 0.013524055480957031 seconds
2024_09_24_T22:01:27 -  Model step started
2024_09_24_T22:01:27 -  Model step took 0.014362812042236328 seconds
2024_09_24_T22:01:28 -  Model step started
2024_09_24_T22:01:28 -  Model step took 0.011279821395874023 seconds
2024_09_24_T22:01:29 -  Model step started
2024_09_24_T22:01:29 -  Model step took 0.009737968444824219 seconds
2024_09_24_T22:01:31 -  Model step started
2024_09_24_T22:01:31 -  Model step took 0.010570049285888672 seconds
2024_09_24_T22:01:32 -  Model step started
2024_09_24_T22:01:32 -  Model step took 0.015478134155273438 seconds
2024_09_24_T22:01:33 -  Model step started
2024_09_24_T22:01:33 -  Model step took 0.015429973602294922 seconds
2024_09_24_T22:01:34 -  Model step started
2024_09_24_T22:01:34 -  Model step took 0.014416933059692383 seconds
2024_09_24_T22:01:35 -  Model step started
2024_09_24_T22:01:35 -  Model step took 0.013435840606689453 seconds
2024_09_24_T22:01:36 -  Model step started
2024_09_24_T22:01:36 -  Model step took 0.013705015182495117 seconds
2024_09_24_T22:01:37 -  Model step started
2024_09_24_T22:01:37 -  Model step took 0.01353597640991211 seconds
2024_09_24_T22:01:38 -  Model step started
2024_09_24_T22:01:38 -  Model step took 0.013051986694335938 seconds
2024_09_24_T22:01:39 -  Model step started
2024_09_24_T22:01:39 -  Model step took 0.013987064361572266 seconds
2024_09_24_T22:01:41 -  Model step started
2024_09_24_T22:01:41 -  Model step took 0.0181729793548584 seconds
2024_09_24_T22:01:42 -  Model step started
2024_09_24_T22:01:42 -  Model step took 0.011816978454589844 seconds
2024_09_24_T22:01:43 -  Model step started
2024_09_24_T22:01:43 -  Model step took 0.010577917098999023 seconds
2024_09_24_T22:01:44 -  Model step started
2024_09_24_T22:01:44 -  Model step took 0.010001182556152344 seconds
2024_09_24_T22:01:45 -  Model step started
2024_09_24_T22:01:45 -  Model step took 0.010385990142822266 seconds
2024_09_24_T22:01:46 -  Model step started
2024_09_24_T22:01:46 -  Model step took 0.009006977081298828 seconds
2024_09_24_T22:01:47 -  Model step started
2024_09_24_T22:01:47 -  Model step took 0.006906032562255859 seconds
2024_09_24_T22:01:48 -  Model step started
2024_09_24_T22:01:48 -  Model step took 0.009050846099853516 seconds
2024_09_24_T22:01:50 -  Model step started
2024_09_24_T22:01:50 -  Model step took 0.008742809295654297 seconds
2024_09_24_T22:01:51 -  Model step started
2024_09_24_T22:01:51 -  Model step took 0.007436990737915039 seconds
2024_09_24_T22:01:52 -  Model step started
2024_09_24_T22:01:52 -  Model step took 0.0064640045166015625 seconds
2024_09_24_T22:01:53 -  Model step started
2024_09_24_T22:01:53 -  Model step took 0.007436037063598633 seconds
2024_09_24_T22:01:54 -  Model step started
2024_09_24_T22:01:54 -  Model step took 0.013747930526733398 seconds
2024_09_24_T22:01:55 -  Model step started
2024_09_24_T22:01:55 -  Model step took 0.006605863571166992 seconds
2024_09_24_T22:01:57 -  Model step started
2024_09_24_T22:01:57 -  Model step took 0.005075931549072266 seconds
2024_09_24_T22:01:58 -  Model step started
2024_09_24_T22:01:58 -  Model step took 0.0066640377044677734 seconds
2024_09_24_T22:01:59 -  Model step started
2024_09_24_T22:01:59 -  Model step took 0.010210037231445312 seconds
2024_09_24_T22:02:00 -  Model step started
2024_09_24_T22:02:00 -  Model step took 0.00872802734375 seconds
2024_09_24_T22:02:01 -  Model step started
2024_09_24_T22:02:01 -  Model step took 0.008619070053100586 seconds
2024_09_24_T22:02:03 -  Model step started
2024_09_24_T22:02:03 -  Model step took 0.009047985076904297 seconds
2024_09_24_T22:02:04 -  Model step started
2024_09_24_T22:02:04 -  Model step took 0.008402109146118164 seconds
2024_09_24_T22:02:05 -  Model step started
2024_09_24_T22:02:05 -  Model step took 0.008777856826782227 seconds
2024_09_24_T22:02:06 -  Model step started
2024_09_24_T22:02:06 -  Model step took 0.008708000183105469 seconds
2024_09_24_T22:02:08 -  Model step started
2024_09_24_T22:02:08 -  Model step took 0.009233951568603516 seconds
2024_09_24_T22:02:09 -  Model step started
2024_09_24_T22:02:09 -  Model step took 0.010601997375488281 seconds
2024_09_24_T22:02:10 -  Model step started
2024_09_24_T22:02:10 -  Model step took 0.006448984146118164 seconds
2024_09_24_T22:02:11 -  Model step started
2024_09_24_T22:02:11 -  Model step took 0.006972074508666992 seconds
2024_09_24_T22:02:12 -  Model step started
2024_09_24_T22:02:13 -  Model step took 0.005834102630615234 seconds
2024_09_24_T22:02:14 -  Model step started
2024_09_24_T22:02:14 -  Model step took 0.01102304458618164 seconds
2024_09_24_T22:02:15 -  Model step started
2024_09_24_T22:02:15 -  Model step took 0.010226964950561523 seconds
2024_09_24_T22:02:16 -  Model step started
2024_09_24_T22:02:16 -  Model step took 0.010490894317626953 seconds
2024_09_24_T22:02:17 -  Model step started
2024_09_24_T22:02:17 -  Model step took 0.011277198791503906 seconds
2024_09_24_T22:02:19 -  Model step started
2024_09_24_T22:02:19 -  Model step took 0.009618043899536133 seconds
2024_09_24_T22:02:20 -  Model step started
2024_09_24_T22:02:20 -  Model step took 0.010796070098876953 seconds
2024_09_24_T22:02:21 -  Model step started
2024_09_24_T22:02:21 -  Model step took 0.010036945343017578 seconds
2024_09_24_T22:02:23 -  Model step started
2024_09_24_T22:02:23 -  Model step took 0.009746074676513672 seconds
2024_09_24_T22:02:24 -  Model step started
2024_09_24_T22:02:24 -  Model step took 0.01244497299194336 seconds
2024_09_24_T22:02:25 -  Model step started
2024_09_24_T22:02:25 -  Model step took 0.008594036102294922 seconds
2024_09_24_T22:02:26 -  Model step started
2024_09_24_T22:02:26 -  Model step took 0.007767200469970703 seconds
2024_09_24_T22:02:28 -  Model step started
2024_09_24_T22:02:28 -  Model step took 0.00677800178527832 seconds
2024_09_24_T22:02:29 -  Model step started
2024_09_24_T22:02:29 -  Model step took 0.009469985961914062 seconds
2024_09_24_T22:02:30 -  Model step started
2024_09_24_T22:02:30 -  Model step took 0.009207010269165039 seconds
2024_09_24_T22:02:32 -  Model step started
2024_09_24_T22:02:32 -  Model step took 0.009461164474487305 seconds
2024_09_24_T22:02:33 -  Model step started
2024_09_24_T22:02:33 -  Model step took 0.00755000114440918 seconds
2024_09_24_T22:02:34 -  Model step started
2024_09_24_T22:02:34 -  Model step took 0.00710606575012207 seconds
2024_09_24_T22:02:35 -  Model step started
2024_09_24_T22:02:35 -  Model step took 0.0069429874420166016 seconds
2024_09_24_T22:02:37 -  Model step started
2024_09_24_T22:02:37 -  Model step took 0.007122993469238281 seconds
2024_09_24_T22:02:38 -  Model step started
2024_09_24_T22:02:38 -  Model step took 0.007948875427246094 seconds
2024_09_24_T22:02:39 -  Model step started
2024_09_24_T22:02:39 -  Model step took 0.015552997589111328 seconds
2024_09_24_T22:02:41 -  Model step started
2024_09_24_T22:02:41 -  Model step took 0.010820865631103516 seconds
2024_09_24_T22:02:42 -  Model step started
2024_09_24_T22:02:42 -  Model step took 0.00531005859375 seconds
2024_09_24_T22:02:43 -  Model step started
2024_09_24_T22:02:43 -  Model step took 0.005900144577026367 seconds
2024_09_24_T22:02:45 -  Model step started
2024_09_24_T22:02:45 -  Model step took 0.009649038314819336 seconds
2024_09_24_T22:02:46 -  Model step started
2024_09_24_T22:02:46 -  Model step took 0.009458065032958984 seconds
2024_09_24_T22:02:48 -  Model step started
2024_09_24_T22:02:48 -  Model step took 0.008806943893432617 seconds
2024_09_24_T22:02:49 -  Model step started
2024_09_24_T22:02:49 -  Model step took 0.00843501091003418 seconds
2024_09_24_T22:02:50 -  Model step started
2024_09_24_T22:02:50 -  Model step took 0.009946107864379883 seconds
2024_09_24_T22:02:52 -  Model step started
2024_09_24_T22:02:52 -  Model step took 0.008297920227050781 seconds
2024_09_24_T22:02:53 -  Model step started
2024_09_24_T22:02:53 -  Model step took 0.009245157241821289 seconds
2024_09_24_T22:02:54 -  Model step started
2024_09_24_T22:02:54 -  Model step took 0.0074310302734375 seconds
2024_09_24_T22:02:56 -  Model step started
2024_09_24_T22:02:56 -  Model step took 0.016921043395996094 seconds
2024_09_24_T22:02:57 -  Model step started
2024_09_24_T22:02:57 -  Model step took 0.010100126266479492 seconds
2024_09_24_T22:02:59 -  Model step started
2024_09_24_T22:02:59 -  Model step took 0.006310939788818359 seconds
2024_09_24_T22:03:00 -  Model step started
2024_09_24_T22:03:00 -  Model step took 0.005972862243652344 seconds
2024_09_24_T22:03:01 -  Model step started
2024_09_24_T22:03:01 -  Model step took 0.012848138809204102 seconds
2024_09_24_T22:03:03 -  Model step started
2024_09_24_T22:03:03 -  Model step took 0.015665054321289062 seconds
2024_09_24_T22:03:05 -  Model step started
2024_09_24_T22:03:05 -  Model step took 0.012628793716430664 seconds
2024_09_24_T22:03:06 -  Model step started
2024_09_24_T22:03:06 -  Model step took 0.012354850769042969 seconds
2024_09_24_T22:03:07 -  Model step started
2024_09_24_T22:03:07 -  Model step took 0.012199878692626953 seconds
2024_09_24_T22:03:09 -  Model step started
2024_09_24_T22:03:09 -  Model step took 0.011738061904907227 seconds
2024_09_24_T22:03:10 -  Model step started
2024_09_24_T22:03:10 -  Model step took 0.01491403579711914 seconds
2024_09_24_T22:03:12 -  Model step started
2024_09_24_T22:03:12 -  Model step took 0.012199878692626953 seconds
2024_09_24_T22:03:13 -  Model step started
2024_09_24_T22:03:13 -  Model step took 0.017531871795654297 seconds
2024_09_24_T22:03:15 -  Model step started
2024_09_24_T22:03:15 -  Model step took 0.009281158447265625 seconds
2024_09_24_T22:03:16 -  Model step started
2024_09_24_T22:03:16 -  Model step took 0.009361028671264648 seconds
2024_09_24_T22:03:18 -  Model step started
2024_09_24_T22:03:18 -  Model step took 0.008308887481689453 seconds
2024_09_24_T22:03:19 -  Model step started
2024_09_24_T22:03:19 -  Model step took 0.01743006706237793 seconds
2024_09_24_T22:03:21 -  Model step started
2024_09_24_T22:03:21 -  Model step took 0.016604185104370117 seconds
2024_09_24_T22:03:22 -  Model step started
2024_09_24_T22:03:22 -  Model step took 0.015695810317993164 seconds
2024_09_24_T22:03:24 -  Model step started
2024_09_24_T22:03:24 -  Model step took 0.017225980758666992 seconds
2024_09_24_T22:03:25 -  Model step started
2024_09_24_T22:03:25 -  Model step took 0.016565799713134766 seconds
2024_09_24_T22:03:27 -  Model step started
2024_09_24_T22:03:27 -  Model step took 0.01633000373840332 seconds
2024_09_24_T22:03:28 -  Model step started
2024_09_24_T22:03:28 -  Model step took 0.01630401611328125 seconds
2024_09_24_T22:03:30 -  Model step started
2024_09_24_T22:03:30 -  Model step took 0.016148805618286133 seconds
2024_09_24_T22:03:31 -  Model step started
2024_09_24_T22:03:31 -  Model step took 0.015038013458251953 seconds
2024_09_24_T22:03:33 -  Model step started
2024_09_24_T22:03:33 -  Model step took 0.015449047088623047 seconds
2024_09_24_T22:03:34 -  Model step started
2024_09_24_T22:03:34 -  Model step took 0.012808084487915039 seconds
2024_09_24_T22:03:36 -  Model step started
2024_09_24_T22:03:36 -  Model step took 0.010931015014648438 seconds
2024_09_24_T22:03:37 -  Model step started
2024_09_24_T22:03:37 -  Model step took 0.017979860305786133 seconds
2024_09_24_T22:03:39 -  Model step started
2024_09_24_T22:03:39 -  Model step took 0.017837047576904297 seconds
2024_09_24_T22:03:40 -  Model step started
2024_09_24_T22:03:40 -  Model step took 0.015812158584594727 seconds
2024_09_24_T22:03:42 -  Model step started
2024_09_24_T22:03:42 -  Model step took 0.016185998916625977 seconds
2024_09_24_T22:03:43 -  Model step started
2024_09_24_T22:03:43 -  Model step took 0.015004158020019531 seconds
2024_09_24_T22:03:45 -  Model step started
2024_09_24_T22:03:45 -  Model step took 0.016193151473999023 seconds
2024_09_24_T22:03:47 -  Model step started
2024_09_24_T22:03:47 -  Model step took 0.014004945755004883 seconds
2024_09_24_T22:03:48 -  Model step started
2024_09_24_T22:03:48 -  Model step took 0.014142990112304688 seconds
2024_09_24_T22:03:50 -  Model step started
2024_09_24_T22:03:50 -  Model step took 0.031198978424072266 seconds
2024_09_24_T22:03:51 -  Model step started
2024_09_24_T22:03:51 -  Model step took 0.01422882080078125 seconds
2024_09_24_T22:03:53 -  Model step started
2024_09_24_T22:03:53 -  Model step took 0.013664960861206055 seconds
2024_09_24_T22:03:55 -  Model step started
2024_09_24_T22:03:55 -  Model step took 0.010922908782958984 seconds
2024_09_24_T22:03:56 -  Model step started
2024_09_24_T22:03:56 -  Model step took 0.009915828704833984 seconds
2024_09_24_T22:03:58 -  Model step started
2024_09_24_T22:03:58 -  Model step took 0.013041019439697266 seconds
2024_09_24_T22:03:59 -  Model step started
2024_09_24_T22:03:59 -  Model step took 0.009755849838256836 seconds
2024_09_24_T22:04:01 -  Model step started
2024_09_24_T22:04:01 -  Model step took 0.010543107986450195 seconds
2024_09_24_T22:04:03 -  Model step started
2024_09_24_T22:04:03 -  Model step took 0.01215505599975586 seconds
2024_09_24_T22:04:04 -  Model step started
2024_09_24_T22:04:04 -  Model step took 0.009508848190307617 seconds
2024_09_24_T22:04:06 -  Model step started
2024_09_24_T22:04:06 -  Model step took 0.008727073669433594 seconds
2024_09_24_T22:04:08 -  Model step started
2024_09_24_T22:04:08 -  Model step took 0.009557008743286133 seconds
2024_09_24_T22:04:09 -  Model step started
2024_09_24_T22:04:09 -  Model step took 0.01749396324157715 seconds
2024_09_24_T22:04:11 -  Model step started
2024_09_24_T22:04:11 -  Model step took 0.007732868194580078 seconds
2024_09_24_T22:04:12 -  Model step started
2024_09_24_T22:04:12 -  Model step took 0.007506847381591797 seconds
2024_09_24_T22:04:14 -  Model step started
2024_09_24_T22:04:14 -  Model step took 0.006474018096923828 seconds
2024_09_24_T22:04:16 -  Model step started
2024_09_24_T22:04:16 -  Model step took 0.02173900604248047 seconds
2024_09_24_T22:04:17 -  Model step started
2024_09_24_T22:04:17 -  Model step took 0.02244091033935547 seconds
2024_09_24_T22:04:19 -  Model step started
2024_09_24_T22:04:19 -  Model step took 0.021039962768554688 seconds
2024_09_24_T22:04:21 -  Model step started
2024_09_24_T22:04:21 -  Model step took 0.020961999893188477 seconds
2024_09_24_T22:04:22 -  Model step started
2024_09_24_T22:04:22 -  Model step took 0.02084183692932129 seconds
2024_09_24_T22:04:24 -  Model step started
2024_09_24_T22:04:24 -  Model step took 0.021658897399902344 seconds
2024_09_24_T22:04:26 -  Model step started
2024_09_24_T22:04:26 -  Model step took 0.020905017852783203 seconds
2024_09_24_T22:04:27 -  Model step started
2024_09_24_T22:04:28 -  Model step took 0.02535390853881836 seconds
2024_09_24_T22:04:29 -  Model step started
2024_09_24_T22:04:29 -  Model step took 0.03159213066101074 seconds
2024_09_24_T22:04:31 -  Model step started
2024_09_24_T22:04:31 -  Model step took 0.019789934158325195 seconds
2024_09_24_T22:04:33 -  Model step started
2024_09_24_T22:04:33 -  Model step took 0.01648712158203125 seconds
2024_09_24_T22:04:34 -  Model step started
2024_09_24_T22:04:34 -  Model step took 0.01512908935546875 seconds
2024_09_24_T22:04:36 -  Model step started
2024_09_24_T22:04:36 -  Model step took 0.021949052810668945 seconds
2024_09_24_T22:04:38 -  Model step started
2024_09_24_T22:04:38 -  Model step took 0.022908926010131836 seconds
2024_09_24_T22:04:40 -  Model step started
2024_09_24_T22:04:40 -  Model step took 0.020812034606933594 seconds
2024_09_24_T22:04:41 -  Model step started
2024_09_24_T22:04:41 -  Model step took 0.022423982620239258 seconds
2024_09_24_T22:04:43 -  Model step started
2024_09_24_T22:04:43 -  Model step took 0.024178028106689453 seconds
2024_09_24_T22:04:45 -  Model step started
2024_09_24_T22:04:45 -  Model step took 0.02019500732421875 seconds
2024_09_24_T22:04:47 -  Model step started
2024_09_24_T22:04:47 -  Model step took 0.02572178840637207 seconds
2024_09_24_T22:04:48 -  Model step started
2024_09_24_T22:04:48 -  Model step took 0.023005008697509766 seconds
2024_09_24_T22:04:50 -  Model step started
2024_09_24_T22:04:50 -  Model step took 0.028343915939331055 seconds
2024_09_24_T22:04:52 -  Model step started
2024_09_24_T22:04:52 -  Model step took 0.017850160598754883 seconds
2024_09_24_T22:04:54 -  Model step started
2024_09_24_T22:04:54 -  Model step took 0.018485069274902344 seconds
2024_09_24_T22:04:55 -  Model step started
2024_09_24_T22:04:55 -  Model step took 0.017367839813232422 seconds
2024_09_24_T22:04:57 -  Model step started
2024_09_24_T22:04:57 -  Model step took 0.027493000030517578 seconds
2024_09_24_T22:04:59 -  Model step started
2024_09_24_T22:04:59 -  Model step took 0.02701091766357422 seconds
2024_09_24_T22:05:01 -  Model step started
2024_09_24_T22:05:01 -  Model step took 0.027257919311523438 seconds
2024_09_24_T22:05:03 -  Model step started
2024_09_24_T22:05:03 -  Model step took 0.032083988189697266 seconds
2024_09_24_T22:05:05 -  Model step started
2024_09_24_T22:05:05 -  Model step took 0.027357101440429688 seconds
2024_09_24_T22:05:07 -  Model step started
2024_09_24_T22:05:07 -  Model step took 0.025577068328857422 seconds
2024_09_24_T22:05:08 -  Model step started
2024_09_24_T22:05:08 -  Model step took 0.02730584144592285 seconds
2024_09_24_T22:05:10 -  Model step started
2024_09_24_T22:05:10 -  Model step took 0.028874874114990234 seconds
2024_09_24_T22:05:12 -  Model step started
2024_09_24_T22:05:12 -  Model step took 0.03689002990722656 seconds
2024_09_24_T22:05:14 -  Model step started
2024_09_24_T22:05:14 -  Model step took 0.025683879852294922 seconds
2024_09_24_T22:05:16 -  Model step started
2024_09_24_T22:05:16 -  Model step took 0.021715879440307617 seconds
2024_09_24_T22:05:18 -  Model step started
2024_09_24_T22:05:18 -  Model step took 0.020353078842163086 seconds
2024_09_24_T22:05:20 -  Model step started
2024_09_24_T22:05:20 -  Model step took 0.036865949630737305 seconds
2024_09_24_T22:05:22 -  Model step started
2024_09_24_T22:05:22 -  Model step took 0.026295900344848633 seconds
2024_09_24_T22:05:24 -  Model step started
2024_09_24_T22:05:24 -  Model step took 0.030508041381835938 seconds
2024_09_24_T22:05:26 -  Model step started
2024_09_24_T22:05:26 -  Model step took 0.02524590492248535 seconds
2024_09_24_T22:05:28 -  Model step started
2024_09_24_T22:05:28 -  Model step took 0.026682138442993164 seconds
2024_09_24_T22:05:30 -  Model step started
2024_09_24_T22:05:30 -  Model step took 0.02514505386352539 seconds
2024_09_24_T22:05:32 -  Model step started
2024_09_24_T22:05:32 -  Model step took 0.02606987953186035 seconds
2024_09_24_T22:05:34 -  Model step started
2024_09_24_T22:05:34 -  Model step took 0.02577495574951172 seconds
2024_09_24_T22:05:36 -  Model step started
2024_09_24_T22:05:36 -  Model step took 0.025731801986694336 seconds
2024_09_24_T22:05:38 -  Model step started
2024_09_24_T22:05:38 -  Model step took 0.029716968536376953 seconds
2024_09_24_T22:05:40 -  Model step started
2024_09_24_T22:05:40 -  Model step took 0.023140907287597656 seconds
2024_09_24_T22:05:42 -  Model step started
2024_09_24_T22:05:42 -  Model step took 0.023326873779296875 seconds
2024_09_24_T22:05:44 -  Model step started
2024_09_24_T22:05:44 -  Model step took 0.0329289436340332 seconds
2024_09_24_T22:05:46 -  Model step started
2024_09_24_T22:05:46 -  Model step took 0.029391050338745117 seconds
2024_09_24_T22:20:24 -  Model step started
2024_09_24_T22:20:24 -  Model step took 0.03184199333190918 seconds
2024_09_24_T22:20:26 -  Model step started
2024_09_24_T22:20:26 -  Model step took 0.031119108200073242 seconds
2024_09_24_T22:20:28 -  Model step started
2024_09_24_T22:20:28 -  Model step took 0.038353919982910156 seconds
2024_09_24_T22:20:30 -  Model step started
2024_09_24_T22:20:30 -  Model step took 0.03383493423461914 seconds
2024_09_24_T22:20:32 -  Model step started
2024_09_24_T22:20:32 -  Model step took 0.03333020210266113 seconds
2024_09_24_T22:20:34 -  Model step started
2024_09_24_T22:20:34 -  Model step took 0.03128194808959961 seconds
2024_09_24_T22:20:36 -  Model step started
2024_09_24_T22:20:36 -  Model step took 0.029922008514404297 seconds
2024_09_24_T22:20:38 -  Model step started
2024_09_24_T22:20:38 -  Model step took 0.025793075561523438 seconds
2024_09_24_T22:20:40 -  Model step started
2024_09_24_T22:20:40 -  Model step took 0.02653789520263672 seconds
2024_09_24_T22:20:42 -  Model step started
2024_09_24_T22:20:42 -  Model step took 0.030045032501220703 seconds
2024_09_24_T22:20:44 -  Model step started
2024_09_24_T22:20:44 -  Model step took 0.024864912033081055 seconds
2024_09_24_T22:20:46 -  Model step started
2024_09_24_T22:20:46 -  Model step took 0.024364948272705078 seconds
2024_09_24_T22:20:48 -  Model step started
2024_09_24_T22:20:48 -  Model step took 0.0248110294342041 seconds
2024_09_24_T22:20:50 -  Model step started
2024_09_24_T22:20:50 -  Model step took 0.02278590202331543 seconds
2024_09_24_T22:20:52 -  Model step started
2024_09_24_T22:20:52 -  Model step took 0.02630305290222168 seconds
2024_09_24_T22:20:54 -  Model step started
2024_09_24_T22:20:54 -  Model step took 0.023324012756347656 seconds
2024_09_24_T22:20:56 -  Model step started
2024_09_24_T22:20:56 -  Model step took 0.025693893432617188 seconds
2024_09_24_T22:20:58 -  Model step started
2024_09_24_T22:20:58 -  Model step took 0.022819042205810547 seconds
2024_09_24_T22:21:00 -  Model step started
2024_09_24_T22:21:00 -  Model step took 0.03577995300292969 seconds
2024_09_24_T22:21:02 -  Model step started
2024_09_24_T22:21:02 -  Model step took 0.028445005416870117 seconds
2024_09_24_T22:21:04 -  Model step started
2024_09_24_T22:21:04 -  Model step took 0.02310490608215332 seconds
2024_09_24_T22:21:06 -  Model step started
2024_09_24_T22:21:06 -  Model step took 0.028355121612548828 seconds
2024_09_24_T22:21:08 -  Model step started
2024_09_24_T22:21:08 -  Model step took 0.02514505386352539 seconds
2024_09_24_T22:21:10 -  Model step started
2024_09_24_T22:21:10 -  Model step took 0.026124000549316406 seconds
2024_09_24_T22:21:12 -  Model step started
2024_09_24_T22:21:12 -  Model step took 0.021028995513916016 seconds
2024_09_24_T22:21:15 -  Model step started
2024_09_24_T22:21:15 -  Model step took 0.02056097984313965 seconds
2024_09_24_T22:21:17 -  Model step started
2024_09_24_T22:21:17 -  Model step took 0.02191615104675293 seconds
2024_09_24_T22:21:19 -  Model step started
2024_09_24_T22:21:19 -  Model step took 0.019865036010742188 seconds
2024_09_24_T22:21:21 -  Model step started
2024_09_24_T22:21:21 -  Model step took 0.020539045333862305 seconds
2024_09_24_T22:21:23 -  Model step started
2024_09_24_T22:21:23 -  Model step took 0.023128986358642578 seconds
2024_09_24_T22:21:25 -  Model step started
2024_09_24_T22:21:25 -  Model step took 0.030279874801635742 seconds
2024_09_24_T22:21:27 -  Model step started
2024_09_24_T22:21:27 -  Model step took 0.01981520652770996 seconds
2024_09_24_T22:21:29 -  Model step started
2024_09_24_T22:21:29 -  Model step took 0.01944899559020996 seconds
2024_09_24_T22:21:32 -  Model step started
2024_09_24_T22:21:32 -  Model step took 0.018630027770996094 seconds
2024_09_24_T22:21:34 -  Model step started
2024_09_24_T22:21:34 -  Model step took 0.03336811065673828 seconds
2024_09_24_T22:21:36 -  Model step started
2024_09_24_T22:21:36 -  Model step took 0.03453993797302246 seconds
2024_09_24_T22:21:38 -  Model step started
2024_09_24_T22:21:38 -  Model step took 0.029523849487304688 seconds
2024_09_24_T22:21:40 -  Model step started
2024_09_24_T22:21:40 -  Model step took 0.028934001922607422 seconds
2024_09_24_T22:21:42 -  Model step started
2024_09_24_T22:21:42 -  Model step took 0.028898954391479492 seconds
2024_09_24_T22:21:45 -  Model step started
2024_09_24_T22:21:45 -  Model step took 0.03146696090698242 seconds
