2024_09_12_T20:05:30 -  finished initateHouses in 0.3858509063720703 seconds
2024_09_12_T20:05:30 -  finished initiateHouseholds in 0.6497178077697754 seconds
2024_09_12_T20:05:31 -  finished assignHousesToHouseholds in 0.9273619651794434 seconds
2024_09_12_T20:06:36 -  Model step started
2024_09_12_T20:07:27 -  Model step took 51.337878942489624 seconds
2024_09_12_T20:08:31 -  Model step started
2024_09_12_T20:09:34 -  Model step took 62.35429501533508 seconds
2024_09_12_T20:10:38 -  Model step started
2024_09_12_T20:11:28 -  Model step took 50.242969036102295 seconds
2024_09_12_T20:12:32 -  Model step started
2024_09_12_T20:13:19 -  Model step took 46.91765093803406 seconds
2024_09_12_T20:14:22 -  Model step started
2024_09_12_T20:15:08 -  Model step took 45.742345094680786 seconds
2024_09_12_T20:16:17 -  Model step started
2024_09_12_T20:17:06 -  Model step took 49.41806221008301 seconds
2024_09_12_T20:18:10 -  Model step started
2024_09_12_T20:19:01 -  Model step took 50.468446016311646 seconds
2024_09_12_T20:20:05 -  Model step started
2024_09_12_T20:21:03 -  Model step took 57.52686381340027 seconds
2024_09_12_T20:22:09 -  Model step started
2024_09_12_T20:23:05 -  Model step took 56.65281796455383 seconds
2024_09_12_T20:24:10 -  Model step started
2024_09_12_T20:25:05 -  Model step took 55.10592198371887 seconds
2024_09_12_T20:26:09 -  Model step started
2024_09_12_T20:27:08 -  Model step took 58.60515308380127 seconds
2024_09_12_T20:28:13 -  Model step started
2024_09_12_T20:29:13 -  Model step took 60.451839208602905 seconds
2024_09_12_T20:30:18 -  Model step started
2024_09_12_T20:31:20 -  Model step took 61.51749897003174 seconds
2024_09_12_T20:32:26 -  Model step started
2024_09_12_T20:33:24 -  Model step took 58.37740707397461 seconds
2024_09_12_T20:34:29 -  Model step started
2024_09_12_T20:35:30 -  Model step took 60.51811385154724 seconds
