2024_09_17_T21:28:35 -  finished initateHouses in 1.3946588039398193 seconds
2024_09_17_T21:28:35 -  finished initiateHouseholds in 2.1289608478546143 seconds
2024_09_17_T21:28:36 -  finished assignHousesToHouseholds in 2.540045976638794 seconds
2024_09_17_T21:28:56 -  Model step started
2024_09_17_T21:28:57 -  Model step took 1.0477619171142578 seconds
2024_09_17_T21:29:00 -  Model step started
2024_09_17_T21:29:00 -  Model step took 0.03298807144165039 seconds
2024_09_17_T21:29:03 -  Model step started
2024_09_17_T21:29:03 -  Model step took 0.014962196350097656 seconds
2024_09_17_T21:29:05 -  Model step started
2024_09_17_T21:29:05 -  Model step took 0.008829832077026367 seconds
2024_09_17_T21:29:08 -  Model step started
2024_09_17_T21:29:08 -  Model step took 0.006911039352416992 seconds
2024_09_17_T21:29:11 -  Model step started
2024_09_17_T21:29:11 -  Model step took 0.008411884307861328 seconds
2024_09_17_T21:29:17 -  Model step started
2024_09_17_T21:29:17 -  Model step took 0.017785072326660156 seconds
2024_09_17_T21:29:21 -  Model step started
2024_09_17_T21:29:21 -  Model step took 0.007975101470947266 seconds
2024_09_17_T21:29:26 -  Model step started
2024_09_17_T21:29:26 -  Model step took 0.01130986213684082 seconds
2024_09_17_T21:29:29 -  Model step started
2024_09_17_T21:29:29 -  Model step took 0.008421182632446289 seconds
2024_09_17_T21:29:34 -  Model step started
2024_09_17_T21:29:34 -  Model step took 0.008122920989990234 seconds
2024_09_17_T21:29:38 -  Model step started
2024_09_17_T21:29:38 -  Model step took 0.008826017379760742 seconds
2024_09_17_T21:29:43 -  Model step started
2024_09_17_T21:29:43 -  Model step took 0.007452964782714844 seconds
2024_09_17_T21:29:47 -  Model step started
2024_09_17_T21:29:47 -  Model step took 0.005980968475341797 seconds
2024_09_17_T21:29:50 -  Model step started
2024_09_17_T21:29:50 -  Model step took 0.009816884994506836 seconds
