2024_10_01_T21:33:02 -  finished initateHouses in 0.7718567848205566 seconds
2024_10_01_T21:33:02 -  finished initiateHouseholds in 1.0345168113708496 seconds
2024_10_01_T21:33:02 -  finished assignHousesToHouseholds in 1.2381629943847656 seconds
2024_10_01_T21:33:12 -  Model step started
2024_10_01_T21:33:13 -  Model step took 1.071908950805664 seconds
2024_10_01_T21:33:16 -  Model step started
2024_10_01_T21:33:16 -  Model step took 0.1031489372253418 seconds
2024_10_01_T21:33:18 -  Model step started
2024_10_01_T21:33:18 -  Model step took 0.12255001068115234 seconds
2024_10_01_T21:33:20 -  Model step started
2024_10_01_T21:33:20 -  Model step took 0.08035802841186523 seconds
2024_10_01_T21:33:22 -  Model step started
2024_10_01_T21:33:22 -  Model step took 0.06959104537963867 seconds
2024_10_01_T21:33:24 -  Model step started
2024_10_01_T21:33:24 -  Model step took 0.06944894790649414 seconds
2024_10_01_T21:33:27 -  Model step started
2024_10_01_T21:33:27 -  Model step took 0.07121396064758301 seconds
2024_10_01_T21:33:29 -  Model step started
2024_10_01_T21:33:29 -  Model step took 0.058135032653808594 seconds
2024_10_01_T21:33:31 -  Model step started
2024_10_01_T21:33:31 -  Model step took 0.058251142501831055 seconds
2024_10_01_T21:33:33 -  Model step started
2024_10_01_T21:33:33 -  Model step took 0.053768157958984375 seconds
2024_10_01_T21:33:35 -  Model step started
2024_10_01_T21:33:35 -  Model step took 0.04846906661987305 seconds
2024_10_01_T21:33:38 -  Model step started
2024_10_01_T21:33:38 -  Model step took 0.047904014587402344 seconds
2024_10_01_T21:33:40 -  Model step started
2024_10_01_T21:33:40 -  Model step took 0.04979395866394043 seconds
2024_10_01_T21:33:42 -  Model step started
2024_10_01_T21:33:42 -  Model step took 0.04729104042053223 seconds
2024_10_01_T21:33:44 -  Model step started
2024_10_01_T21:33:45 -  Model step took 0.04434990882873535 seconds
2024_10_01_T21:33:47 -  Model step started
2024_10_01_T21:33:47 -  Model step took 0.04249382019042969 seconds
2024_10_01_T21:33:49 -  Model step started
2024_10_01_T21:33:49 -  Model step took 0.039190053939819336 seconds
2024_10_01_T21:33:51 -  Model step started
2024_10_01_T21:33:51 -  Model step took 0.040428876876831055 seconds
2024_10_01_T21:33:54 -  Model step started
2024_10_01_T21:33:54 -  Model step took 0.043972015380859375 seconds
2024_10_01_T21:33:56 -  Model step started
2024_10_01_T21:33:56 -  Model step took 0.043688058853149414 seconds
2024_10_01_T21:33:58 -  Model step started
2024_10_01_T21:33:58 -  Model step took 0.03261899948120117 seconds
2024_10_01_T21:34:00 -  Model step started
2024_10_01_T21:34:01 -  Model step took 0.03549790382385254 seconds
2024_10_01_T21:34:03 -  Model step started
2024_10_01_T21:34:03 -  Model step took 0.0340421199798584 seconds
2024_10_01_T21:34:05 -  Model step started
2024_10_01_T21:34:05 -  Model step took 0.030773162841796875 seconds
