2024_09_06_T09:29:34 -  finished initateHouses in 0.30426502227783203 seconds
2024_09_06_T09:29:35 -  finished initiateHouseholds in 0.5221381187438965 seconds
2024_09_06_T09:29:35 -  finished assignHousesToHouseholds in 0.8116819858551025 seconds
2024_09_06_T09:30:39 -  Model step started
2024_09_06_T09:35:07 -  Model step took 268.09415197372437 seconds
2024_09_06_T09:36:09 -  Model step started
2024_09_06_T09:36:51 -  Model step took 42.35160779953003 seconds
2024_09_06_T09:37:53 -  Model step started
2024_09_06_T09:38:37 -  Model step took 43.50798583030701 seconds
2024_09_06_T09:39:38 -  Model step started
2024_09_06_T09:40:23 -  Model step took 44.83044099807739 seconds
2024_09_06_T09:41:25 -  Model step started
2024_09_06_T09:42:11 -  Model step took 45.36711597442627 seconds
2024_09_06_T09:43:13 -  Model step started
2024_09_06_T09:44:01 -  Model step took 47.99276304244995 seconds
2024_09_06_T09:45:03 -  Model step started
2024_09_06_T09:45:52 -  Model step took 48.92295002937317 seconds
2024_09_06_T09:46:54 -  Model step started
2024_09_06_T09:47:45 -  Model step took 51.2386531829834 seconds
2024_09_06_T09:48:48 -  Model step started
2024_09_06_T09:49:40 -  Model step took 52.01234579086304 seconds
2024_09_06_T09:50:43 -  Model step started
2024_09_06_T09:51:36 -  Model step took 53.69088912010193 seconds
2024_09_06_T09:52:39 -  Model step started
2024_09_06_T09:53:34 -  Model step took 55.195937156677246 seconds
2024_09_06_T09:54:35 -  Model step started
2024_09_06_T09:55:31 -  Model step took 55.79085898399353 seconds
2024_09_06_T09:56:33 -  Model step started
2024_09_06_T09:57:30 -  Model step took 56.498075008392334 seconds
2024_09_06_T09:58:32 -  Model step started
2024_09_06_T09:59:32 -  Model step took 59.67127084732056 seconds
2024_09_06_T10:00:35 -  Model step started
2024_09_06_T10:01:35 -  Model step took 60.124605894088745 seconds
