2024_09_24_T21:50:20 -  finished initateHouses in 0.40508198738098145 seconds
2024_09_24_T21:50:20 -  finished initiateHouseholds in 0.5283370018005371 seconds
2024_09_24_T21:50:20 -  finished assignHousesToHouseholds in 0.6397218704223633 seconds
2024_09_24_T21:50:25 -  Model step started
2024_09_24_T21:50:25 -  Model step took 0.44339513778686523 seconds
2024_09_24_T21:50:26 -  Model step started
2024_09_24_T21:50:26 -  Model step took 0.019396066665649414 seconds
2024_09_24_T21:50:27 -  Model step started
2024_09_24_T21:50:27 -  Model step took 0.025707006454467773 seconds
2024_09_24_T21:50:28 -  Model step started
2024_09_24_T21:50:28 -  Model step took 0.03179287910461426 seconds
2024_09_24_T21:50:29 -  Model step started
2024_09_24_T21:50:29 -  Model step took 0.014180898666381836 seconds
2024_09_24_T21:50:30 -  Model step started
2024_09_24_T21:50:30 -  Model step took 0.014432907104492188 seconds
2024_09_24_T21:50:31 -  Model step started
2024_09_24_T21:50:31 -  Model step took 0.013100147247314453 seconds
2024_09_24_T21:50:32 -  Model step started
2024_09_24_T21:50:32 -  Model step took 0.01382899284362793 seconds
2024_09_24_T21:50:33 -  Model step started
2024_09_24_T21:50:33 -  Model step took 0.012792110443115234 seconds
2024_09_24_T21:50:34 -  Model step started
2024_09_24_T21:50:34 -  Model step took 0.011785030364990234 seconds
2024_09_24_T21:50:35 -  Model step started
2024_09_24_T21:50:35 -  Model step took 0.010183095932006836 seconds
2024_09_24_T21:50:36 -  Model step started
2024_09_24_T21:50:36 -  Model step took 0.011224031448364258 seconds
2024_09_24_T21:50:37 -  Model step started
2024_09_24_T21:50:37 -  Model step took 0.01483297348022461 seconds
2024_09_24_T21:50:38 -  Model step started
2024_09_24_T21:50:38 -  Model step took 0.013481855392456055 seconds
2024_09_24_T21:50:39 -  Model step started
2024_09_24_T21:50:39 -  Model step took 0.010265111923217773 seconds
2024_09_24_T21:50:40 -  Model step started
2024_09_24_T21:50:40 -  Model step took 0.017236948013305664 seconds
2024_09_24_T21:50:41 -  Model step started
2024_09_24_T21:50:41 -  Model step took 0.016515016555786133 seconds
2024_09_24_T21:50:42 -  Model step started
2024_09_24_T21:50:42 -  Model step took 0.015193939208984375 seconds
2024_09_24_T21:50:43 -  Model step started
2024_09_24_T21:50:43 -  Model step took 0.014806985855102539 seconds
2024_09_24_T21:50:44 -  Model step started
2024_09_24_T21:50:44 -  Model step took 0.013646125793457031 seconds
2024_09_24_T21:50:45 -  Model step started
2024_09_24_T21:50:45 -  Model step took 0.05157017707824707 seconds
2024_09_24_T21:50:46 -  Model step started
2024_09_24_T21:50:46 -  Model step took 0.01542806625366211 seconds
2024_09_24_T21:50:47 -  Model step started
2024_09_24_T21:50:47 -  Model step took 0.013390779495239258 seconds
2024_09_24_T21:50:48 -  Model step started
2024_09_24_T21:50:48 -  Model step took 0.013833045959472656 seconds
2024_09_24_T21:50:49 -  Model step started
2024_09_24_T21:50:49 -  Model step took 0.019479036331176758 seconds
2024_09_24_T21:50:50 -  Model step started
2024_09_24_T21:50:50 -  Model step took 0.01228785514831543 seconds
2024_09_24_T21:50:51 -  Model step started
2024_09_24_T21:50:51 -  Model step took 0.011744022369384766 seconds
2024_09_24_T21:50:52 -  Model step started
2024_09_24_T21:50:52 -  Model step took 0.011219024658203125 seconds
2024_09_24_T21:50:53 -  Model step started
2024_09_24_T21:50:53 -  Model step took 0.01488184928894043 seconds
2024_09_24_T21:50:54 -  Model step started
2024_09_24_T21:50:54 -  Model step took 0.017135143280029297 seconds
2024_09_24_T21:50:55 -  Model step started
2024_09_24_T21:50:55 -  Model step took 0.014991044998168945 seconds
2024_09_24_T21:50:56 -  Model step started
2024_09_24_T21:50:56 -  Model step took 0.017322063446044922 seconds
2024_09_24_T21:50:57 -  Model step started
2024_09_24_T21:50:57 -  Model step took 0.013609170913696289 seconds
2024_09_24_T21:50:58 -  Model step started
2024_09_24_T21:50:58 -  Model step took 0.013132095336914062 seconds
2024_09_24_T21:50:59 -  Model step started
2024_09_24_T21:50:59 -  Model step took 0.012717962265014648 seconds
2024_09_24_T21:51:00 -  Model step started
2024_09_24_T21:51:00 -  Model step took 0.013247966766357422 seconds
2024_09_24_T21:51:01 -  Model step started
2024_09_24_T21:51:01 -  Model step took 0.01100301742553711 seconds
2024_09_24_T21:51:02 -  Model step started
2024_09_24_T21:51:02 -  Model step took 0.009576082229614258 seconds
2024_09_24_T21:51:03 -  Model step started
2024_09_24_T21:51:03 -  Model step took 0.010419130325317383 seconds
2024_09_24_T21:51:04 -  Model step started
2024_09_24_T21:51:04 -  Model step took 0.012591123580932617 seconds
2024_09_24_T21:51:06 -  Model step started
2024_09_24_T21:51:06 -  Model step took 0.016168832778930664 seconds
2024_09_24_T21:51:07 -  Model step started
2024_09_24_T21:51:07 -  Model step took 0.018280982971191406 seconds
2024_09_24_T21:51:08 -  Model step started
2024_09_24_T21:51:08 -  Model step took 0.01435399055480957 seconds
2024_09_24_T21:51:09 -  Model step started
2024_09_24_T21:51:09 -  Model step took 0.013211965560913086 seconds
2024_09_24_T21:51:10 -  Model step started
2024_09_24_T21:51:10 -  Model step took 0.012674093246459961 seconds
2024_09_24_T21:51:11 -  Model step started
2024_09_24_T21:51:11 -  Model step took 0.012925148010253906 seconds
2024_09_24_T21:51:12 -  Model step started
2024_09_24_T21:51:12 -  Model step took 0.012803077697753906 seconds
2024_09_24_T21:51:13 -  Model step started
2024_09_24_T21:51:13 -  Model step took 0.012641191482543945 seconds
2024_09_24_T21:51:14 -  Model step started
2024_09_24_T21:51:14 -  Model step took 0.01423192024230957 seconds
2024_09_24_T21:51:16 -  Model step started
2024_09_24_T21:51:16 -  Model step took 0.010174036026000977 seconds
2024_09_24_T21:51:17 -  Model step started
2024_09_24_T21:51:17 -  Model step took 0.010126113891601562 seconds
2024_09_24_T21:51:18 -  Model step started
2024_09_24_T21:51:18 -  Model step took 0.007751941680908203 seconds
2024_09_24_T21:51:19 -  Model step started
2024_09_24_T21:51:19 -  Model step took 0.009194135665893555 seconds
2024_09_24_T21:51:20 -  Model step started
2024_09_24_T21:51:20 -  Model step took 0.01144099235534668 seconds
2024_09_24_T21:51:21 -  Model step started
2024_09_24_T21:51:21 -  Model step took 0.008230924606323242 seconds
2024_09_24_T21:51:22 -  Model step started
2024_09_24_T21:51:22 -  Model step took 0.007278919219970703 seconds
2024_09_24_T21:51:23 -  Model step started
2024_09_24_T21:51:23 -  Model step took 0.007052898406982422 seconds
2024_09_24_T21:51:25 -  Model step started
2024_09_24_T21:51:25 -  Model step took 0.006824970245361328 seconds
2024_09_24_T21:51:26 -  Model step started
2024_09_24_T21:51:26 -  Model step took 0.007117033004760742 seconds
2024_09_24_T21:51:27 -  Model step started
2024_09_24_T21:51:27 -  Model step took 0.0076808929443359375 seconds
2024_09_24_T21:51:28 -  Model step started
2024_09_24_T21:51:28 -  Model step took 0.014361143112182617 seconds
2024_09_24_T21:51:29 -  Model step started
2024_09_24_T21:51:29 -  Model step took 0.0052111148834228516 seconds
2024_09_24_T21:51:30 -  Model step started
2024_09_24_T21:51:30 -  Model step took 0.005820035934448242 seconds
2024_09_24_T21:51:32 -  Model step started
2024_09_24_T21:51:32 -  Model step took 0.008041858673095703 seconds
2024_09_24_T21:51:33 -  Model step started
2024_09_24_T21:51:33 -  Model step took 0.009907960891723633 seconds
2024_09_24_T21:51:34 -  Model step started
2024_09_24_T21:51:34 -  Model step took 0.009114980697631836 seconds
2024_09_24_T21:51:35 -  Model step started
2024_09_24_T21:51:35 -  Model step took 0.008933067321777344 seconds
2024_09_24_T21:51:36 -  Model step started
2024_09_24_T21:51:36 -  Model step took 0.008062124252319336 seconds
2024_09_24_T21:51:38 -  Model step started
2024_09_24_T21:51:38 -  Model step took 0.0071680545806884766 seconds
2024_09_24_T21:51:39 -  Model step started
2024_09_24_T21:51:39 -  Model step took 0.007791996002197266 seconds
2024_09_24_T21:51:40 -  Model step started
2024_09_24_T21:51:40 -  Model step took 0.009073972702026367 seconds
2024_09_24_T21:51:41 -  Model step started
2024_09_24_T21:51:41 -  Model step took 0.007295846939086914 seconds
2024_09_24_T21:51:42 -  Model step started
2024_09_24_T21:51:43 -  Model step took 0.00992584228515625 seconds
2024_09_24_T21:51:44 -  Model step started
2024_09_24_T21:51:44 -  Model step took 0.006691932678222656 seconds
2024_09_24_T21:51:45 -  Model step started
2024_09_24_T21:51:45 -  Model step took 0.005618095397949219 seconds
2024_09_24_T21:51:46 -  Model step started
2024_09_24_T21:51:46 -  Model step took 0.005875110626220703 seconds
2024_09_24_T21:51:47 -  Model step started
2024_09_24_T21:51:47 -  Model step took 0.013468027114868164 seconds
2024_09_24_T21:51:49 -  Model step started
2024_09_24_T21:51:49 -  Model step took 0.01372385025024414 seconds
2024_09_24_T21:51:50 -  Model step started
2024_09_24_T21:51:50 -  Model step took 0.01294398307800293 seconds
2024_09_24_T21:51:51 -  Model step started
2024_09_24_T21:51:51 -  Model step took 0.012892007827758789 seconds
2024_09_24_T21:51:52 -  Model step started
2024_09_24_T21:51:52 -  Model step took 0.01158595085144043 seconds
2024_09_24_T21:51:54 -  Model step started
2024_09_24_T21:51:54 -  Model step took 0.01188802719116211 seconds
2024_09_24_T21:51:55 -  Model step started
2024_09_24_T21:51:55 -  Model step took 0.011295080184936523 seconds
2024_09_24_T21:51:56 -  Model step started
2024_09_24_T21:51:56 -  Model step took 0.008757829666137695 seconds
2024_09_24_T21:51:58 -  Model step started
2024_09_24_T21:51:58 -  Model step took 0.012944936752319336 seconds
2024_09_24_T21:51:59 -  Model step started
2024_09_24_T21:51:59 -  Model step took 0.007323026657104492 seconds
2024_09_24_T21:52:00 -  Model step started
2024_09_24_T21:52:00 -  Model step took 0.009878873825073242 seconds
2024_09_24_T21:52:01 -  Model step started
2024_09_24_T21:52:01 -  Model step took 0.00667881965637207 seconds
2024_09_24_T21:52:03 -  Model step started
2024_09_24_T21:52:03 -  Model step took 0.00890803337097168 seconds
2024_09_24_T21:52:04 -  Model step started
2024_09_24_T21:52:04 -  Model step took 0.00842905044555664 seconds
2024_09_24_T21:52:05 -  Model step started
2024_09_24_T21:52:05 -  Model step took 0.007947921752929688 seconds
2024_09_24_T21:52:07 -  Model step started
2024_09_24_T21:52:07 -  Model step took 0.008056879043579102 seconds
2024_09_24_T21:52:08 -  Model step started
2024_09_24_T21:52:08 -  Model step took 0.008226156234741211 seconds
2024_09_24_T21:52:09 -  Model step started
2024_09_24_T21:52:09 -  Model step took 0.007064104080200195 seconds
2024_09_24_T21:52:11 -  Model step started
2024_09_24_T21:52:11 -  Model step took 0.007105112075805664 seconds
2024_09_24_T21:52:12 -  Model step started
2024_09_24_T21:52:12 -  Model step took 0.0059931278228759766 seconds
2024_09_24_T21:52:13 -  Model step started
2024_09_24_T21:52:13 -  Model step took 0.015239953994750977 seconds
2024_09_24_T21:52:15 -  Model step started
2024_09_24_T21:52:15 -  Model step took 0.005034923553466797 seconds
2024_09_24_T21:52:16 -  Model step started
2024_09_24_T21:52:16 -  Model step took 0.0054399967193603516 seconds
2024_09_24_T21:52:17 -  Model step started
2024_09_24_T21:52:17 -  Model step took 0.005433082580566406 seconds
2024_09_24_T21:52:19 -  Model step started
2024_09_24_T21:52:19 -  Model step took 0.009526968002319336 seconds
2024_09_24_T21:52:20 -  Model step started
2024_09_24_T21:52:20 -  Model step took 0.008428096771240234 seconds
2024_09_24_T21:52:21 -  Model step started
2024_09_24_T21:52:21 -  Model step took 0.008747100830078125 seconds
2024_09_24_T21:52:23 -  Model step started
2024_09_24_T21:52:23 -  Model step took 0.00830221176147461 seconds
2024_09_24_T21:52:24 -  Model step started
2024_09_24_T21:52:24 -  Model step took 0.012129068374633789 seconds
2024_09_24_T21:52:25 -  Model step started
2024_09_24_T21:52:25 -  Model step took 0.008102893829345703 seconds
2024_09_24_T21:52:27 -  Model step started
2024_09_24_T21:52:27 -  Model step took 0.007086038589477539 seconds
2024_09_24_T21:52:28 -  Model step started
2024_09_24_T21:52:28 -  Model step took 0.007299184799194336 seconds
2024_09_24_T21:52:30 -  Model step started
2024_09_24_T21:52:30 -  Model step took 0.022121191024780273 seconds
2024_09_24_T21:52:31 -  Model step started
2024_09_24_T21:52:31 -  Model step took 0.006513118743896484 seconds
2024_09_24_T21:52:32 -  Model step started
2024_09_24_T21:52:32 -  Model step took 0.007570028305053711 seconds
2024_09_24_T21:52:34 -  Model step started
2024_09_24_T21:52:34 -  Model step took 0.006389141082763672 seconds
2024_09_24_T21:52:35 -  Model step started
2024_09_24_T21:52:35 -  Model step took 0.01355290412902832 seconds
2024_09_24_T21:52:37 -  Model step started
2024_09_24_T21:52:37 -  Model step took 0.013031005859375 seconds
2024_09_24_T21:52:38 -  Model step started
2024_09_24_T21:52:38 -  Model step took 0.012519121170043945 seconds
2024_09_24_T21:52:40 -  Model step started
2024_09_24_T21:52:40 -  Model step took 0.011469125747680664 seconds
2024_09_24_T21:52:41 -  Model step started
2024_09_24_T21:52:41 -  Model step took 0.012240886688232422 seconds
2024_09_24_T21:52:43 -  Model step started
2024_09_24_T21:52:43 -  Model step took 0.014096975326538086 seconds
2024_09_24_T21:52:44 -  Model step started
2024_09_24_T21:52:44 -  Model step took 0.011902809143066406 seconds
2024_09_24_T21:52:45 -  Model step started
2024_09_24_T21:52:45 -  Model step took 0.011363029479980469 seconds
2024_09_24_T21:52:47 -  Model step started
2024_09_24_T21:52:47 -  Model step took 0.01838207244873047 seconds
2024_09_24_T21:52:48 -  Model step started
2024_09_24_T21:52:48 -  Model step took 0.009980916976928711 seconds
2024_09_24_T21:52:50 -  Model step started
2024_09_24_T21:52:50 -  Model step took 0.011510133743286133 seconds
2024_09_24_T21:52:51 -  Model step started
2024_09_24_T21:52:51 -  Model step took 0.00884389877319336 seconds
2024_09_24_T21:52:53 -  Model step started
2024_09_24_T21:52:53 -  Model step took 0.020593881607055664 seconds
2024_09_24_T21:52:54 -  Model step started
2024_09_24_T21:52:54 -  Model step took 0.016826868057250977 seconds
2024_09_24_T21:52:56 -  Model step started
2024_09_24_T21:52:56 -  Model step took 0.016670942306518555 seconds
2024_09_24_T21:52:57 -  Model step started
2024_09_24_T21:52:57 -  Model step took 0.015521049499511719 seconds
2024_09_24_T21:52:59 -  Model step started
2024_09_24_T21:52:59 -  Model step took 0.01607799530029297 seconds
2024_09_24_T21:53:00 -  Model step started
2024_09_24_T21:53:00 -  Model step took 0.016687870025634766 seconds
2024_09_24_T21:53:02 -  Model step started
2024_09_24_T21:53:02 -  Model step took 0.018524885177612305 seconds
2024_09_24_T21:53:03 -  Model step started
2024_09_24_T21:53:03 -  Model step took 0.014412879943847656 seconds
2024_09_24_T21:53:05 -  Model step started
2024_09_24_T21:53:05 -  Model step took 0.014848947525024414 seconds
2024_09_24_T21:53:06 -  Model step started
2024_09_24_T21:53:06 -  Model step took 0.015118122100830078 seconds
2024_09_24_T21:53:08 -  Model step started
2024_09_24_T21:53:08 -  Model step took 0.013756036758422852 seconds
2024_09_24_T21:53:10 -  Model step started
2024_09_24_T21:53:10 -  Model step took 0.010818004608154297 seconds
2024_09_24_T21:53:11 -  Model step started
2024_09_24_T21:53:11 -  Model step took 0.019068002700805664 seconds
2024_09_24_T21:53:13 -  Model step started
2024_09_24_T21:53:13 -  Model step took 0.01584005355834961 seconds
2024_09_24_T21:53:14 -  Model step started
2024_09_24_T21:53:14 -  Model step took 0.014346122741699219 seconds
2024_09_24_T21:53:16 -  Model step started
2024_09_24_T21:53:16 -  Model step took 0.015294075012207031 seconds
2024_09_24_T21:53:17 -  Model step started
2024_09_24_T21:53:17 -  Model step took 0.01555490493774414 seconds
2024_09_24_T21:53:19 -  Model step started
2024_09_24_T21:53:19 -  Model step took 0.014803171157836914 seconds
2024_09_24_T21:53:21 -  Model step started
2024_09_24_T21:53:21 -  Model step took 0.020548105239868164 seconds
2024_09_24_T21:53:22 -  Model step started
2024_09_24_T21:53:22 -  Model step took 0.014481067657470703 seconds
2024_09_24_T21:53:24 -  Model step started
2024_09_24_T21:53:24 -  Model step took 0.02992391586303711 seconds
2024_09_24_T21:53:25 -  Model step started
2024_09_24_T21:53:25 -  Model step took 0.015273809432983398 seconds
2024_09_24_T21:53:27 -  Model step started
2024_09_24_T21:53:27 -  Model step took 0.01274418830871582 seconds
2024_09_24_T21:53:29 -  Model step started
2024_09_24_T21:53:29 -  Model step took 0.010195016860961914 seconds
2024_09_24_T21:53:30 -  Model step started
2024_09_24_T21:53:30 -  Model step took 0.011485099792480469 seconds
2024_09_24_T21:53:32 -  Model step started
2024_09_24_T21:53:32 -  Model step took 0.010338068008422852 seconds
2024_09_24_T21:53:33 -  Model step started
2024_09_24_T21:53:33 -  Model step took 0.013644933700561523 seconds
2024_09_24_T21:53:35 -  Model step started
2024_09_24_T21:53:35 -  Model step took 0.011137962341308594 seconds
2024_09_24_T21:53:37 -  Model step started
2024_09_24_T21:53:37 -  Model step took 0.008905887603759766 seconds
2024_09_24_T21:53:38 -  Model step started
2024_09_24_T21:53:38 -  Model step took 0.01064920425415039 seconds
2024_09_24_T21:53:40 -  Model step started
2024_09_24_T21:53:40 -  Model step took 0.009346961975097656 seconds
2024_09_24_T21:53:42 -  Model step started
2024_09_24_T21:53:42 -  Model step took 0.008058786392211914 seconds
2024_09_24_T21:53:43 -  Model step started
2024_09_24_T21:53:43 -  Model step took 0.01824498176574707 seconds
2024_09_24_T21:53:45 -  Model step started
2024_09_24_T21:53:45 -  Model step took 0.007321834564208984 seconds
2024_09_24_T21:53:46 -  Model step started
2024_09_24_T21:53:46 -  Model step took 0.006936073303222656 seconds
2024_09_24_T21:53:48 -  Model step started
2024_09_24_T21:53:48 -  Model step took 0.006863832473754883 seconds
2024_09_24_T21:53:50 -  Model step started
2024_09_24_T21:53:50 -  Model step took 0.021167993545532227 seconds
2024_09_24_T21:53:51 -  Model step started
2024_09_24_T21:53:52 -  Model step took 0.021404027938842773 seconds
2024_09_24_T21:53:53 -  Model step started
2024_09_24_T21:53:53 -  Model step took 0.020846128463745117 seconds
2024_09_24_T21:53:55 -  Model step started
2024_09_24_T21:53:55 -  Model step took 0.019741058349609375 seconds
2024_09_24_T21:53:57 -  Model step started
2024_09_24_T21:53:57 -  Model step took 0.02149796485900879 seconds
2024_09_24_T21:53:58 -  Model step started
2024_09_24_T21:53:58 -  Model step took 0.020522117614746094 seconds
2024_09_24_T21:54:00 -  Model step started
2024_09_24_T21:54:00 -  Model step took 0.02176499366760254 seconds
2024_09_24_T21:54:02 -  Model step started
2024_09_24_T21:54:02 -  Model step took 0.024541139602661133 seconds
2024_09_24_T21:54:03 -  Model step started
2024_09_24_T21:54:03 -  Model step took 0.03258705139160156 seconds
2024_09_24_T21:54:05 -  Model step started
2024_09_24_T21:54:05 -  Model step took 0.020452022552490234 seconds
2024_09_24_T21:54:07 -  Model step started
2024_09_24_T21:54:07 -  Model step took 0.016637802124023438 seconds
2024_09_24_T21:54:09 -  Model step started
2024_09_24_T21:54:09 -  Model step took 0.017651081085205078 seconds
2024_09_24_T21:54:10 -  Model step started
2024_09_24_T21:54:10 -  Model step took 0.022447824478149414 seconds
2024_09_24_T21:54:12 -  Model step started
2024_09_24_T21:54:12 -  Model step took 0.025115013122558594 seconds
2024_09_24_T21:54:14 -  Model step started
2024_09_24_T21:54:14 -  Model step took 0.020856857299804688 seconds
2024_09_24_T21:54:16 -  Model step started
2024_09_24_T21:54:16 -  Model step took 0.025165081024169922 seconds
2024_09_24_T21:54:17 -  Model step started
2024_09_24_T21:54:17 -  Model step took 0.020127058029174805 seconds
2024_09_24_T21:54:19 -  Model step started
2024_09_24_T21:54:19 -  Model step took 0.02410101890563965 seconds
2024_09_24_T21:54:21 -  Model step started
2024_09_24_T21:54:21 -  Model step took 0.019556045532226562 seconds
2024_09_24_T21:54:23 -  Model step started
2024_09_24_T21:54:23 -  Model step took 0.021239042282104492 seconds
2024_09_24_T21:54:25 -  Model step started
2024_09_24_T21:54:25 -  Model step took 0.029490947723388672 seconds
2024_09_24_T21:54:26 -  Model step started
2024_09_24_T21:54:26 -  Model step took 0.01995992660522461 seconds
2024_09_24_T21:54:28 -  Model step started
2024_09_24_T21:54:28 -  Model step took 0.01769089698791504 seconds
2024_09_24_T21:54:30 -  Model step started
2024_09_24_T21:54:30 -  Model step took 0.01830005645751953 seconds
2024_09_24_T21:54:32 -  Model step started
2024_09_24_T21:54:32 -  Model step took 0.028013944625854492 seconds
2024_09_24_T21:54:33 -  Model step started
2024_09_24_T21:54:33 -  Model step took 0.028855085372924805 seconds
2024_09_24_T21:54:35 -  Model step started
2024_09_24_T21:54:35 -  Model step took 0.03290700912475586 seconds
2024_09_24_T21:54:37 -  Model step started
2024_09_24_T21:54:37 -  Model step took 0.02969813346862793 seconds
2024_09_24_T21:54:39 -  Model step started
2024_09_24_T21:54:39 -  Model step took 0.027033090591430664 seconds
2024_09_24_T21:54:41 -  Model step started
2024_09_24_T21:54:41 -  Model step took 0.02610611915588379 seconds
2024_09_24_T21:54:43 -  Model step started
2024_09_24_T21:54:43 -  Model step took 0.03420686721801758 seconds
2024_09_24_T21:54:44 -  Model step started
2024_09_24_T21:54:44 -  Model step took 0.029336214065551758 seconds
2024_09_24_T21:54:46 -  Model step started
2024_09_24_T21:54:46 -  Model step took 0.042823076248168945 seconds
2024_09_24_T21:54:48 -  Model step started
2024_09_24_T21:54:48 -  Model step took 0.02611708641052246 seconds
2024_09_24_T21:54:50 -  Model step started
2024_09_24_T21:54:50 -  Model step took 0.02651810646057129 seconds
2024_09_24_T21:54:52 -  Model step started
2024_09_24_T21:54:52 -  Model step took 0.02146315574645996 seconds
2024_09_24_T21:54:54 -  Model step started
2024_09_24_T21:54:54 -  Model step took 0.032083988189697266 seconds
2024_09_24_T21:54:55 -  Model step started
2024_09_24_T21:54:56 -  Model step took 0.02869391441345215 seconds
2024_09_24_T21:54:57 -  Model step started
2024_09_24_T21:54:57 -  Model step took 0.02965402603149414 seconds
2024_09_24_T21:54:59 -  Model step started
2024_09_24_T21:54:59 -  Model step took 0.025597095489501953 seconds
2024_09_24_T21:55:01 -  Model step started
2024_09_24_T21:55:01 -  Model step took 0.02568793296813965 seconds
2024_09_24_T21:55:03 -  Model step started
2024_09_24_T21:55:03 -  Model step took 0.026884794235229492 seconds
2024_09_24_T21:55:05 -  Model step started
2024_09_24_T21:55:05 -  Model step took 0.02552485466003418 seconds
2024_09_24_T21:55:07 -  Model step started
2024_09_24_T21:55:07 -  Model step took 0.03237509727478027 seconds
2024_09_24_T21:55:09 -  Model step started
2024_09_24_T21:55:09 -  Model step took 0.02474188804626465 seconds
2024_09_24_T21:55:11 -  Model step started
2024_09_24_T21:55:11 -  Model step took 0.027996063232421875 seconds
2024_09_24_T21:55:13 -  Model step started
2024_09_24_T21:55:13 -  Model step took 0.025005102157592773 seconds
2024_09_24_T21:55:15 -  Model step started
2024_09_24_T21:55:15 -  Model step took 0.024364948272705078 seconds
2024_09_24_T21:55:16 -  Model step started
2024_09_24_T21:55:16 -  Model step took 0.03408002853393555 seconds
2024_09_24_T21:55:18 -  Model step started
2024_09_24_T21:55:18 -  Model step took 0.03401494026184082 seconds
2024_09_24_T21:55:20 -  Model step started
2024_09_24_T21:55:20 -  Model step took 0.036917924880981445 seconds
2024_09_24_T21:55:22 -  Model step started
2024_09_24_T21:55:22 -  Model step took 0.03169083595275879 seconds
2024_09_24_T21:55:24 -  Model step started
2024_09_24_T21:55:24 -  Model step took 0.030730009078979492 seconds
2024_09_24_T21:55:26 -  Model step started
2024_09_24_T21:55:26 -  Model step took 0.029568195343017578 seconds
2024_09_24_T21:55:28 -  Model step started
2024_09_24_T21:55:28 -  Model step took 0.028936147689819336 seconds
2024_09_24_T21:55:30 -  Model step started
2024_09_24_T21:55:30 -  Model step took 0.029684066772460938 seconds
2024_09_24_T21:55:32 -  Model step started
2024_09_24_T21:55:32 -  Model step took 0.030955076217651367 seconds
2024_09_24_T21:55:34 -  Model step started
2024_09_24_T21:55:34 -  Model step took 0.03336620330810547 seconds
2024_09_24_T21:55:36 -  Model step started
2024_09_24_T21:55:36 -  Model step took 0.024307966232299805 seconds
2024_09_24_T21:55:38 -  Model step started
2024_09_24_T21:55:38 -  Model step took 0.029467105865478516 seconds
2024_09_24_T21:55:40 -  Model step started
2024_09_24_T21:55:40 -  Model step took 0.02614307403564453 seconds
2024_09_24_T21:55:42 -  Model step started
2024_09_24_T21:55:42 -  Model step took 0.029521942138671875 seconds
2024_09_24_T21:55:44 -  Model step started
2024_09_24_T21:55:44 -  Model step took 0.024012088775634766 seconds
2024_09_24_T21:55:46 -  Model step started
2024_09_24_T21:55:46 -  Model step took 0.029349088668823242 seconds
2024_09_24_T21:55:48 -  Model step started
2024_09_24_T21:55:48 -  Model step took 0.02375197410583496 seconds
2024_09_24_T21:55:50 -  Model step started
2024_09_24_T21:55:50 -  Model step took 0.028144121170043945 seconds
2024_09_24_T21:55:52 -  Model step started
2024_09_24_T21:55:52 -  Model step took 0.023545026779174805 seconds
2024_09_24_T21:55:54 -  Model step started
2024_09_24_T21:55:54 -  Model step took 0.030347108840942383 seconds
2024_09_24_T21:55:56 -  Model step started
2024_09_24_T21:55:56 -  Model step took 0.0383000373840332 seconds
2024_09_24_T21:55:58 -  Model step started
2024_09_24_T21:55:58 -  Model step took 0.022385120391845703 seconds
2024_09_24_T21:56:00 -  Model step started
2024_09_24_T21:56:00 -  Model step took 0.022138118743896484 seconds
2024_09_24_T21:56:03 -  Model step started
2024_09_24_T21:56:03 -  Model step took 0.019093036651611328 seconds
2024_09_24_T21:56:05 -  Model step started
2024_09_24_T21:56:05 -  Model step took 0.023439884185791016 seconds
2024_09_24_T21:56:07 -  Model step started
2024_09_24_T21:56:07 -  Model step took 0.025866985321044922 seconds
2024_09_24_T21:56:09 -  Model step started
2024_09_24_T21:56:09 -  Model step took 0.020235061645507812 seconds
2024_09_24_T21:56:11 -  Model step started
2024_09_24_T21:56:11 -  Model step took 0.02006387710571289 seconds
2024_09_24_T21:56:13 -  Model step started
2024_09_24_T21:56:13 -  Model step took 0.0227968692779541 seconds
2024_09_24_T21:56:15 -  Model step started
2024_09_24_T21:56:15 -  Model step took 0.019003868103027344 seconds
2024_09_24_T21:56:17 -  Model step started
2024_09_24_T21:56:17 -  Model step took 0.02199721336364746 seconds
2024_09_24_T21:56:19 -  Model step started
2024_09_24_T21:56:19 -  Model step took 0.0209810733795166 seconds
2024_09_24_T21:56:21 -  Model step started
2024_09_24_T21:56:21 -  Model step took 0.02384495735168457 seconds
2024_09_24_T21:56:24 -  Model step started
2024_09_24_T21:56:24 -  Model step took 0.01851201057434082 seconds
2024_09_24_T21:56:26 -  Model step started
2024_09_24_T21:56:26 -  Model step took 0.022763967514038086 seconds
2024_09_24_T21:56:28 -  Model step started
2024_09_24_T21:56:28 -  Model step took 0.019269943237304688 seconds
2024_09_24_T21:56:30 -  Model step started
2024_09_24_T21:56:30 -  Model step took 0.030841827392578125 seconds
2024_09_24_T21:56:32 -  Model step started
2024_09_24_T21:56:32 -  Model step took 0.031038999557495117 seconds
2024_09_24_T21:56:34 -  Model step started
2024_09_24_T21:56:34 -  Model step took 0.030459880828857422 seconds
2024_09_24_T21:56:37 -  Model step started
2024_09_24_T21:56:37 -  Model step took 0.028650999069213867 seconds
2024_09_24_T21:56:39 -  Model step started
2024_09_24_T21:56:39 -  Model step took 0.0298001766204834 seconds
2024_09_24_T21:56:41 -  Model step started
2024_09_24_T21:56:41 -  Model step took 0.03391695022583008 seconds
