2024_09_15_T00:25:05 -  finished initateHouses in 0.34340500831604004 seconds
2024_09_15_T00:25:05 -  finished initiateHouseholds in 0.5224239826202393 seconds
2024_09_15_T00:25:05 -  finished assignHousesToHouseholds in 0.6290929317474365 seconds
2024_09_15_T00:25:29 -  Model step started
2024_09_15_T00:25:38 -  Model step took 8.697156190872192 seconds
2024_09_15_T00:25:59 -  Model step started
2024_09_15_T00:26:00 -  Model step took 1.213036060333252 seconds
2024_09_15_T00:26:20 -  Model step started
2024_09_15_T00:26:22 -  Model step took 1.2604799270629883 seconds
2024_09_15_T00:26:42 -  Model step started
2024_09_15_T00:26:43 -  Model step took 0.6693198680877686 seconds
2024_09_15_T00:27:03 -  Model step started
2024_09_15_T00:27:03 -  Model step took 0.5920050144195557 seconds
2024_09_15_T00:27:24 -  Model step started
2024_09_15_T00:27:24 -  Model step took 0.6266109943389893 seconds
2024_09_15_T00:27:45 -  Model step started
2024_09_15_T00:27:46 -  Model step took 0.42385196685791016 seconds
2024_09_15_T00:28:06 -  Model step started
2024_09_15_T00:28:07 -  Model step took 0.5259239673614502 seconds
2024_09_15_T00:28:27 -  Model step started
2024_09_15_T00:28:28 -  Model step took 0.37111997604370117 seconds
2024_09_15_T00:28:49 -  Model step started
2024_09_15_T00:28:49 -  Model step took 0.6239869594573975 seconds
2024_09_15_T00:29:10 -  Model step started
2024_09_15_T00:29:11 -  Model step took 0.5852959156036377 seconds
2024_09_15_T00:29:31 -  Model step started
2024_09_15_T00:29:32 -  Model step took 0.5039389133453369 seconds
2024_09_15_T00:29:53 -  Model step started
2024_09_15_T00:29:53 -  Model step took 0.5755789279937744 seconds
2024_09_15_T00:30:15 -  Model step started
2024_09_15_T00:30:15 -  Model step took 0.36175990104675293 seconds
2024_09_15_T00:30:36 -  Model step started
2024_09_15_T00:30:37 -  Model step took 0.4383678436279297 seconds
2024_09_15_T00:30:58 -  Model step started
2024_09_15_T00:30:58 -  Model step took 0.3700878620147705 seconds
2024_09_15_T00:31:19 -  Model step started
2024_09_15_T00:31:21 -  Model step took 1.5366768836975098 seconds
2024_09_15_T00:31:41 -  Model step started
2024_09_15_T00:31:43 -  Model step took 1.555920124053955 seconds
2024_09_15_T00:32:03 -  Model step started
2024_09_15_T00:32:05 -  Model step took 1.5569710731506348 seconds
2024_09_15_T00:32:25 -  Model step started
2024_09_15_T00:32:27 -  Model step took 1.4029757976531982 seconds
2024_09_15_T00:32:47 -  Model step started
2024_09_15_T00:32:49 -  Model step took 1.606544017791748 seconds
2024_09_15_T00:33:10 -  Model step started
2024_09_15_T00:33:12 -  Model step took 2.1166648864746094 seconds
2024_09_15_T00:33:33 -  Model step started
2024_09_15_T00:33:38 -  Model step took 4.746518850326538 seconds
2024_09_15_T00:34:00 -  Model step started
2024_09_15_T00:34:05 -  Model step took 4.690216064453125 seconds
2024_09_15_T00:34:25 -  Model step started
2024_09_15_T00:34:30 -  Model step took 4.439101934432983 seconds
2024_09_15_T00:34:50 -  Model step started
2024_09_15_T00:34:54 -  Model step took 3.49094820022583 seconds
2024_09_15_T00:35:15 -  Model step started
2024_09_15_T00:35:18 -  Model step took 2.733927011489868 seconds
2024_09_15_T00:35:39 -  Model step started
2024_09_15_T00:35:42 -  Model step took 2.4946508407592773 seconds
2024_09_15_T00:36:03 -  Model step started
2024_09_15_T00:36:04 -  Model step took 1.5120410919189453 seconds
2024_09_15_T00:36:25 -  Model step started
2024_09_15_T00:36:26 -  Model step took 0.4409210681915283 seconds
2024_09_15_T00:36:47 -  Model step started
2024_09_15_T00:36:47 -  Model step took 0.059278011322021484 seconds
2024_09_15_T00:37:07 -  Model step started
2024_09_15_T00:37:07 -  Model step took 0.043905019760131836 seconds
2024_09_15_T00:37:28 -  Model step started
2024_09_15_T00:37:28 -  Model step took 0.03845405578613281 seconds
2024_09_15_T00:37:49 -  Model step started
2024_09_15_T00:37:49 -  Model step took 0.05234885215759277 seconds
2024_09_15_T00:38:10 -  Model step started
2024_09_15_T00:38:10 -  Model step took 0.03490400314331055 seconds
2024_09_15_T00:38:30 -  Model step started
2024_09_15_T00:38:31 -  Model step took 0.04605388641357422 seconds
2024_09_15_T00:38:51 -  Model step started
2024_09_15_T00:38:52 -  Model step took 0.05421900749206543 seconds
2024_09_15_T00:39:12 -  Model step started
2024_09_15_T00:39:12 -  Model step took 0.05681490898132324 seconds
2024_09_15_T00:39:34 -  Model step started
2024_09_15_T00:39:34 -  Model step took 0.04668593406677246 seconds
2024_09_15_T00:39:55 -  Model step started
2024_09_15_T00:39:55 -  Model step took 0.04901289939880371 seconds
2024_09_15_T00:40:15 -  Model step started
2024_09_15_T00:40:16 -  Model step took 0.056359052658081055 seconds
2024_09_15_T00:40:36 -  Model step started
2024_09_15_T00:40:36 -  Model step took 0.07079696655273438 seconds
2024_09_15_T00:40:57 -  Model step started
2024_09_15_T00:40:57 -  Model step took 0.07367300987243652 seconds
2024_09_15_T00:41:18 -  Model step started
2024_09_15_T00:41:18 -  Model step took 0.06890988349914551 seconds
2024_09_15_T00:41:39 -  Model step started
2024_09_15_T00:41:39 -  Model step took 0.0744481086730957 seconds
2024_09_15_T00:42:00 -  Model step started
2024_09_15_T00:42:00 -  Model step took 0.07977914810180664 seconds
2024_09_15_T00:42:21 -  Model step started
2024_09_15_T00:42:21 -  Model step took 0.09118199348449707 seconds
2024_09_15_T00:42:42 -  Model step started
2024_09_15_T00:42:42 -  Model step took 0.07974696159362793 seconds
2024_09_15_T00:43:03 -  Model step started
2024_09_15_T00:43:03 -  Model step took 0.08369207382202148 seconds
2024_09_15_T00:43:24 -  Model step started
2024_09_15_T00:43:24 -  Model step took 0.08329105377197266 seconds
2024_09_15_T00:43:44 -  Model step started
2024_09_15_T00:43:44 -  Model step took 0.0811920166015625 seconds
2024_09_15_T00:44:05 -  Model step started
2024_09_15_T00:44:05 -  Model step took 0.0842890739440918 seconds
2024_09_15_T00:44:26 -  Model step started
2024_09_15_T00:44:26 -  Model step took 0.0789639949798584 seconds
2024_09_15_T00:44:47 -  Model step started
2024_09_15_T00:44:47 -  Model step took 0.09844398498535156 seconds
2024_09_15_T00:45:08 -  Model step started
2024_09_15_T00:45:08 -  Model step took 0.10228896141052246 seconds
2024_09_15_T00:45:29 -  Model step started
2024_09_15_T00:45:29 -  Model step took 0.06589102745056152 seconds
2024_09_15_T00:45:50 -  Model step started
2024_09_15_T00:45:50 -  Model step took 0.06459593772888184 seconds
2024_09_15_T00:46:11 -  Model step started
2024_09_15_T00:46:11 -  Model step took 0.05530381202697754 seconds
2024_09_15_T00:46:32 -  Model step started
2024_09_15_T00:46:32 -  Model step took 0.06733894348144531 seconds
2024_09_15_T00:46:53 -  Model step started
2024_09_15_T00:46:53 -  Model step took 0.07607412338256836 seconds
2024_09_15_T00:47:14 -  Model step started
2024_09_15_T00:47:14 -  Model step took 0.04860210418701172 seconds
2024_09_15_T00:47:34 -  Model step started
2024_09_15_T00:47:34 -  Model step took 0.04815316200256348 seconds
2024_09_15_T00:47:55 -  Model step started
2024_09_15_T00:47:55 -  Model step took 0.04812502861022949 seconds
2024_09_15_T00:48:15 -  Model step started
2024_09_15_T00:48:15 -  Model step took 0.03673601150512695 seconds
2024_09_15_T00:48:36 -  Model step started
2024_09_15_T00:48:36 -  Model step took 0.04402017593383789 seconds
2024_09_15_T00:48:57 -  Model step started
2024_09_15_T00:48:57 -  Model step took 0.03983497619628906 seconds
2024_09_15_T00:49:17 -  Model step started
2024_09_15_T00:49:18 -  Model step took 0.03358197212219238 seconds
2024_09_15_T00:49:38 -  Model step started
2024_09_15_T00:49:38 -  Model step took 0.035394906997680664 seconds
2024_09_15_T00:49:59 -  Model step started
2024_09_15_T00:49:59 -  Model step took 0.03271913528442383 seconds
2024_09_15_T00:50:19 -  Model step started
2024_09_15_T00:50:19 -  Model step took 0.03531002998352051 seconds
2024_09_15_T00:50:40 -  Model step started
2024_09_15_T00:50:40 -  Model step took 0.026381969451904297 seconds
2024_09_15_T00:51:00 -  Model step started
2024_09_15_T00:51:00 -  Model step took 0.027132034301757812 seconds
2024_09_15_T00:51:21 -  Model step started
2024_09_15_T00:51:21 -  Model step took 0.031677961349487305 seconds
2024_09_15_T00:51:41 -  Model step started
2024_09_15_T00:51:41 -  Model step took 0.021770000457763672 seconds
2024_09_15_T00:52:02 -  Model step started
2024_09_15_T00:52:02 -  Model step took 0.025922060012817383 seconds
2024_09_15_T00:52:22 -  Model step started
2024_09_15_T00:52:22 -  Model step took 0.02278304100036621 seconds
2024_09_15_T00:52:43 -  Model step started
2024_09_15_T00:52:43 -  Model step took 0.025064945220947266 seconds
2024_09_15_T00:53:03 -  Model step started
2024_09_15_T00:53:03 -  Model step took 0.017288923263549805 seconds
2024_09_15_T00:53:23 -  Model step started
2024_09_15_T00:53:23 -  Model step took 0.01650691032409668 seconds
2024_09_15_T00:53:43 -  Model step started
2024_09_15_T00:53:44 -  Model step took 0.01689600944519043 seconds
2024_09_15_T00:54:04 -  Model step started
2024_09_15_T00:54:04 -  Model step took 0.01728510856628418 seconds
2024_09_15_T00:54:24 -  Model step started
2024_09_15_T00:54:24 -  Model step took 0.0197298526763916 seconds
2024_09_15_T00:54:44 -  Model step started
2024_09_15_T00:54:44 -  Model step took 0.01924300193786621 seconds
2024_09_15_T00:55:05 -  Model step started
2024_09_15_T00:55:05 -  Model step took 0.019290924072265625 seconds
2024_09_15_T00:55:25 -  Model step started
2024_09_15_T00:55:25 -  Model step took 0.017963886260986328 seconds
2024_09_15_T00:55:45 -  Model step started
2024_09_15_T00:55:45 -  Model step took 0.01891493797302246 seconds
2024_09_15_T00:56:05 -  Model step started
2024_09_15_T00:56:05 -  Model step took 0.02141404151916504 seconds
2024_09_15_T00:56:25 -  Model step started
2024_09_15_T00:56:25 -  Model step took 0.01912093162536621 seconds
2024_09_15_T00:56:45 -  Model step started
2024_09_15_T00:56:45 -  Model step took 0.02173304557800293 seconds
2024_09_15_T00:57:05 -  Model step started
2024_09_15_T00:57:05 -  Model step took 0.01849198341369629 seconds
2024_09_15_T00:57:25 -  Model step started
2024_09_15_T00:57:25 -  Model step took 0.023041963577270508 seconds
2024_09_15_T00:57:45 -  Model step started
2024_09_15_T00:57:45 -  Model step took 0.03084397315979004 seconds
2024_09_15_T00:58:05 -  Model step started
2024_09_15_T00:58:05 -  Model step took 0.018516063690185547 seconds
2024_09_15_T00:58:25 -  Model step started
2024_09_15_T00:58:25 -  Model step took 0.017294883728027344 seconds
2024_09_15_T00:58:45 -  Model step started
2024_09_15_T00:58:45 -  Model step took 0.015438079833984375 seconds
2024_09_15_T00:59:05 -  Model step started
2024_09_15_T00:59:06 -  Model step took 0.015943050384521484 seconds
2024_09_15_T00:59:25 -  Model step started
2024_09_15_T00:59:26 -  Model step took 0.022706985473632812 seconds
2024_09_15_T00:59:45 -  Model step started
2024_09_15_T00:59:45 -  Model step took 0.015347003936767578 seconds
2024_09_15_T01:00:05 -  Model step started
2024_09_15_T01:00:05 -  Model step took 0.01489710807800293 seconds
2024_09_15_T01:00:25 -  Model step started
2024_09_15_T01:00:25 -  Model step took 0.01801586151123047 seconds
2024_09_15_T01:00:45 -  Model step started
2024_09_15_T01:00:45 -  Model step took 0.01729297637939453 seconds
2024_09_15_T01:01:05 -  Model step started
2024_09_15_T01:01:05 -  Model step took 0.01471400260925293 seconds
2024_09_15_T01:01:25 -  Model step started
2024_09_15_T01:01:25 -  Model step took 0.017297983169555664 seconds
2024_09_15_T01:01:44 -  Model step started
2024_09_15_T01:01:45 -  Model step took 0.016455888748168945 seconds
2024_09_15_T01:02:04 -  Model step started
2024_09_15_T01:02:04 -  Model step took 0.013537168502807617 seconds
2024_09_15_T01:02:24 -  Model step started
2024_09_15_T01:02:24 -  Model step took 0.0177609920501709 seconds
2024_09_15_T01:02:44 -  Model step started
2024_09_15_T01:02:44 -  Model step took 0.014603137969970703 seconds
2024_09_15_T01:03:03 -  Model step started
2024_09_15_T01:03:03 -  Model step took 0.013329029083251953 seconds
2024_09_15_T01:03:23 -  Model step started
2024_09_15_T01:03:23 -  Model step took 0.014817953109741211 seconds
2024_09_15_T01:03:43 -  Model step started
2024_09_15_T01:03:43 -  Model step took 0.01352691650390625 seconds
2024_09_15_T01:04:02 -  Model step started
2024_09_15_T01:04:02 -  Model step took 0.01732778549194336 seconds
2024_09_15_T01:04:22 -  Model step started
2024_09_15_T01:04:22 -  Model step took 0.011098861694335938 seconds
2024_09_15_T01:04:41 -  Model step started
2024_09_15_T01:04:41 -  Model step took 0.018423795700073242 seconds
2024_09_15_T01:05:01 -  Model step started
2024_09_15_T01:05:01 -  Model step took 0.016648054122924805 seconds
2024_09_15_T01:05:20 -  Model step started
2024_09_15_T01:05:20 -  Model step took 0.011497974395751953 seconds
2024_09_15_T01:05:40 -  Model step started
2024_09_15_T01:05:40 -  Model step took 0.011249065399169922 seconds
2024_09_15_T01:06:00 -  Model step started
2024_09_15_T01:06:00 -  Model step took 0.009081125259399414 seconds
2024_09_15_T01:06:19 -  Model step started
2024_09_15_T01:06:19 -  Model step took 0.009365081787109375 seconds
2024_09_15_T01:06:38 -  Model step started
2024_09_15_T01:06:38 -  Model step took 0.00931406021118164 seconds
2024_09_15_T01:06:58 -  Model step started
2024_09_15_T01:06:58 -  Model step took 0.011752128601074219 seconds
2024_09_15_T01:07:17 -  Model step started
2024_09_15_T01:07:17 -  Model step took 0.010810136795043945 seconds
2024_09_15_T01:07:37 -  Model step started
2024_09_15_T01:07:37 -  Model step took 0.012923002243041992 seconds
2024_09_15_T01:07:56 -  Model step started
2024_09_15_T01:07:56 -  Model step took 0.013003110885620117 seconds
2024_09_15_T01:08:16 -  Model step started
2024_09_15_T01:08:16 -  Model step took 0.009400129318237305 seconds
2024_09_15_T01:08:35 -  Model step started
2024_09_15_T01:08:35 -  Model step took 0.009813070297241211 seconds
2024_09_15_T01:08:54 -  Model step started
2024_09_15_T01:08:54 -  Model step took 0.009323835372924805 seconds
2024_09_15_T01:09:13 -  Model step started
2024_09_15_T01:09:13 -  Model step took 0.007534980773925781 seconds
2024_09_15_T01:09:32 -  Model step started
2024_09_15_T01:09:32 -  Model step took 0.011853933334350586 seconds
2024_09_15_T01:09:51 -  Model step started
2024_09_15_T01:09:51 -  Model step took 0.01203298568725586 seconds
2024_09_15_T01:10:10 -  Model step started
2024_09_15_T01:10:10 -  Model step took 0.01116800308227539 seconds
2024_09_15_T01:10:30 -  Model step started
2024_09_15_T01:10:30 -  Model step took 0.014121055603027344 seconds
2024_09_15_T01:10:49 -  Model step started
2024_09_15_T01:10:49 -  Model step took 0.013815879821777344 seconds
2024_09_15_T01:11:08 -  Model step started
2024_09_15_T01:11:08 -  Model step took 0.011737823486328125 seconds
2024_09_15_T01:11:27 -  Model step started
2024_09_15_T01:11:27 -  Model step took 0.012560844421386719 seconds
2024_09_15_T01:11:46 -  Model step started
2024_09_15_T01:11:46 -  Model step took 0.010632991790771484 seconds
2024_09_15_T01:12:06 -  Model step started
2024_09_15_T01:12:06 -  Model step took 0.03738117218017578 seconds
2024_09_15_T01:12:25 -  Model step started
2024_09_15_T01:12:25 -  Model step took 0.007298946380615234 seconds
2024_09_15_T01:12:44 -  Model step started
2024_09_15_T01:12:44 -  Model step took 0.009798049926757812 seconds
2024_09_15_T01:13:03 -  Model step started
2024_09_15_T01:13:03 -  Model step took 0.006980180740356445 seconds
2024_09_15_T01:13:22 -  Model step started
2024_09_15_T01:13:22 -  Model step took 0.0076830387115478516 seconds
2024_09_15_T01:13:41 -  Model step started
2024_09_15_T01:13:41 -  Model step took 0.007901906967163086 seconds
2024_09_15_T01:14:00 -  Model step started
2024_09_15_T01:14:00 -  Model step took 0.008628129959106445 seconds
2024_09_15_T01:14:20 -  Model step started
2024_09_15_T01:14:20 -  Model step took 0.0069561004638671875 seconds
2024_09_15_T01:14:39 -  Model step started
2024_09_15_T01:14:39 -  Model step took 0.009800910949707031 seconds
2024_09_15_T01:14:58 -  Model step started
2024_09_15_T01:14:58 -  Model step took 0.00884103775024414 seconds
2024_09_15_T01:15:17 -  Model step started
2024_09_15_T01:15:17 -  Model step took 0.0077440738677978516 seconds
2024_09_15_T01:15:36 -  Model step started
2024_09_15_T01:15:36 -  Model step took 0.009183883666992188 seconds
2024_09_15_T01:15:55 -  Model step started
2024_09_15_T01:15:55 -  Model step took 0.009649038314819336 seconds
2024_09_15_T01:16:14 -  Model step started
2024_09_15_T01:16:14 -  Model step took 0.009885072708129883 seconds
2024_09_15_T01:16:33 -  Model step started
2024_09_15_T01:16:33 -  Model step took 0.008794069290161133 seconds
2024_09_15_T01:16:51 -  Model step started
2024_09_15_T01:16:51 -  Model step took 0.008919000625610352 seconds
2024_09_15_T01:17:10 -  Model step started
2024_09_15_T01:17:10 -  Model step took 0.011445999145507812 seconds
2024_09_15_T01:17:29 -  Model step started
2024_09_15_T01:17:29 -  Model step took 0.00731205940246582 seconds
2024_09_15_T01:17:48 -  Model step started
2024_09_15_T01:17:48 -  Model step took 0.01575493812561035 seconds
2024_09_15_T01:18:06 -  Model step started
2024_09_15_T01:18:06 -  Model step took 0.008574962615966797 seconds
2024_09_15_T01:18:25 -  Model step started
2024_09_15_T01:18:25 -  Model step took 0.008033037185668945 seconds
2024_09_15_T01:18:44 -  Model step started
2024_09_15_T01:18:44 -  Model step took 0.0071430206298828125 seconds
2024_09_15_T01:19:03 -  Model step started
2024_09_15_T01:19:03 -  Model step took 0.009225130081176758 seconds
2024_09_15_T01:19:21 -  Model step started
2024_09_15_T01:19:21 -  Model step took 0.007197856903076172 seconds
2024_09_15_T01:19:40 -  Model step started
2024_09_15_T01:19:40 -  Model step took 0.007506847381591797 seconds
2024_09_15_T01:19:59 -  Model step started
2024_09_15_T01:19:59 -  Model step took 0.008257865905761719 seconds
2024_09_15_T01:20:17 -  Model step started
2024_09_15_T01:20:17 -  Model step took 0.008555173873901367 seconds
2024_09_15_T01:20:36 -  Model step started
2024_09_15_T01:20:36 -  Model step took 0.008138895034790039 seconds
2024_09_15_T01:20:54 -  Model step started
2024_09_15_T01:20:54 -  Model step took 0.010921001434326172 seconds
2024_09_15_T01:21:12 -  Model step started
2024_09_15_T01:21:12 -  Model step took 0.008343935012817383 seconds
2024_09_15_T01:21:31 -  Model step started
2024_09_15_T01:21:31 -  Model step took 0.008495092391967773 seconds
2024_09_15_T01:21:49 -  Model step started
2024_09_15_T01:21:49 -  Model step took 0.0066928863525390625 seconds
2024_09_15_T01:22:07 -  Model step started
2024_09_15_T01:22:07 -  Model step took 0.00774383544921875 seconds
2024_09_15_T01:22:26 -  Model step started
2024_09_15_T01:22:26 -  Model step took 0.0067288875579833984 seconds
2024_09_15_T01:22:44 -  Model step started
2024_09_15_T01:22:44 -  Model step took 0.0062978267669677734 seconds
2024_09_15_T01:23:03 -  Model step started
2024_09_15_T01:23:03 -  Model step took 0.006886005401611328 seconds
2024_09_15_T01:23:22 -  Model step started
2024_09_15_T01:23:22 -  Model step took 0.007562875747680664 seconds
2024_09_15_T01:23:40 -  Model step started
2024_09_15_T01:23:40 -  Model step took 0.008708953857421875 seconds
2024_09_15_T01:23:59 -  Model step started
2024_09_15_T01:23:59 -  Model step took 0.01067495346069336 seconds
2024_09_15_T01:24:18 -  Model step started
2024_09_15_T01:24:18 -  Model step took 0.00825190544128418 seconds
2024_09_15_T01:24:36 -  Model step started
2024_09_15_T01:24:36 -  Model step took 0.015011072158813477 seconds
2024_09_15_T01:24:55 -  Model step started
2024_09_15_T01:24:55 -  Model step took 0.0066869258880615234 seconds
2024_09_15_T01:25:13 -  Model step started
2024_09_15_T01:25:13 -  Model step took 0.008014917373657227 seconds
2024_09_15_T01:25:31 -  Model step started
2024_09_15_T01:25:31 -  Model step took 0.008047103881835938 seconds
2024_09_15_T01:25:50 -  Model step started
2024_09_15_T01:25:50 -  Model step took 0.008598089218139648 seconds
2024_09_15_T01:26:08 -  Model step started
2024_09_15_T01:26:08 -  Model step took 0.006331920623779297 seconds
2024_09_15_T01:26:27 -  Model step started
2024_09_15_T01:26:27 -  Model step took 0.007086992263793945 seconds
2024_09_15_T01:26:45 -  Model step started
2024_09_15_T01:26:45 -  Model step took 0.009145021438598633 seconds
2024_09_15_T01:27:04 -  Model step started
2024_09_15_T01:27:04 -  Model step took 0.010803937911987305 seconds
2024_09_15_T01:27:22 -  Model step started
2024_09_15_T01:27:22 -  Model step took 0.010942935943603516 seconds
2024_09_15_T01:27:40 -  Model step started
2024_09_15_T01:27:40 -  Model step took 0.008454084396362305 seconds
2024_09_15_T01:27:58 -  Model step started
2024_09_15_T01:27:58 -  Model step took 0.00810694694519043 seconds
2024_09_15_T01:28:16 -  Model step started
2024_09_15_T01:28:16 -  Model step took 0.011485099792480469 seconds
2024_09_15_T01:28:34 -  Model step started
2024_09_15_T01:28:34 -  Model step took 0.006707906723022461 seconds
2024_09_15_T01:28:53 -  Model step started
2024_09_15_T01:28:53 -  Model step took 0.011220932006835938 seconds
2024_09_15_T01:29:11 -  Model step started
2024_09_15_T01:29:11 -  Model step took 0.008795976638793945 seconds
2024_09_15_T01:29:29 -  Model step started
2024_09_15_T01:29:29 -  Model step took 0.008260011672973633 seconds
2024_09_15_T01:29:47 -  Model step started
2024_09_15_T01:29:47 -  Model step took 0.008675098419189453 seconds
2024_09_15_T01:30:05 -  Model step started
2024_09_15_T01:30:05 -  Model step took 0.009434938430786133 seconds
2024_09_15_T01:30:23 -  Model step started
2024_09_15_T01:30:23 -  Model step took 0.011265039443969727 seconds
2024_09_15_T01:30:41 -  Model step started
2024_09_15_T01:30:41 -  Model step took 0.010389089584350586 seconds
2024_09_15_T01:30:59 -  Model step started
2024_09_15_T01:30:59 -  Model step took 0.00968790054321289 seconds
2024_09_15_T01:31:16 -  Model step started
2024_09_15_T01:31:16 -  Model step took 0.009512901306152344 seconds
2024_09_15_T01:31:34 -  Model step started
2024_09_15_T01:31:34 -  Model step took 0.012309074401855469 seconds
2024_09_15_T01:31:52 -  Model step started
2024_09_15_T01:31:52 -  Model step took 0.01004791259765625 seconds
2024_09_15_T01:32:10 -  Model step started
2024_09_15_T01:32:10 -  Model step took 0.010911941528320312 seconds
2024_09_15_T01:32:28 -  Model step started
2024_09_15_T01:32:28 -  Model step took 0.009861946105957031 seconds
2024_09_15_T01:32:46 -  Model step started
2024_09_15_T01:32:46 -  Model step took 0.010565042495727539 seconds
2024_09_15_T01:33:04 -  Model step started
2024_09_15_T01:33:04 -  Model step took 0.010505914688110352 seconds
2024_09_15_T01:33:22 -  Model step started
2024_09_15_T01:33:22 -  Model step took 0.014955997467041016 seconds
2024_09_15_T01:33:40 -  Model step started
2024_09_15_T01:33:40 -  Model step took 0.012521028518676758 seconds
2024_09_15_T01:33:58 -  Model step started
2024_09_15_T01:33:58 -  Model step took 0.009896993637084961 seconds
2024_09_15_T01:34:16 -  Model step started
2024_09_15_T01:34:16 -  Model step took 0.011395931243896484 seconds
2024_09_15_T01:34:34 -  Model step started
2024_09_15_T01:34:34 -  Model step took 0.011487007141113281 seconds
2024_09_15_T01:34:52 -  Model step started
2024_09_15_T01:34:52 -  Model step took 0.010347843170166016 seconds
2024_09_15_T01:35:09 -  Model step started
2024_09_15_T01:35:09 -  Model step took 0.015095949172973633 seconds
2024_09_15_T01:35:27 -  Model step started
2024_09_15_T01:35:27 -  Model step took 0.019310951232910156 seconds
2024_09_15_T01:35:44 -  Model step started
2024_09_15_T01:35:44 -  Model step took 0.01013493537902832 seconds
2024_09_15_T01:36:02 -  Model step started
2024_09_15_T01:36:02 -  Model step took 0.010730981826782227 seconds
2024_09_15_T01:36:19 -  Model step started
2024_09_15_T01:36:20 -  Model step took 0.011512041091918945 seconds
2024_09_15_T01:36:37 -  Model step started
2024_09_15_T01:36:37 -  Model step took 0.009409904479980469 seconds
2024_09_15_T01:36:54 -  Model step started
2024_09_15_T01:36:54 -  Model step took 0.013738870620727539 seconds
2024_09_15_T01:37:12 -  Model step started
2024_09_15_T01:37:12 -  Model step took 0.012948989868164062 seconds
2024_09_15_T01:37:30 -  Model step started
2024_09_15_T01:37:30 -  Model step took 0.011682987213134766 seconds
2024_09_15_T01:37:47 -  Model step started
2024_09_15_T01:37:47 -  Model step took 0.011436939239501953 seconds
2024_09_15_T01:38:04 -  Model step started
2024_09_15_T01:38:04 -  Model step took 0.012502193450927734 seconds
2024_09_15_T01:38:22 -  Model step started
2024_09_15_T01:38:22 -  Model step took 0.014991998672485352 seconds
2024_09_15_T01:38:39 -  Model step started
2024_09_15_T01:38:39 -  Model step took 0.011088132858276367 seconds
2024_09_15_T01:38:56 -  Model step started
2024_09_15_T01:38:56 -  Model step took 0.012351036071777344 seconds
2024_09_15_T01:39:14 -  Model step started
2024_09_15_T01:39:14 -  Model step took 0.008506059646606445 seconds
2024_09_15_T01:39:31 -  Model step started
2024_09_15_T01:39:31 -  Model step took 0.011096000671386719 seconds
2024_09_15_T01:39:48 -  Model step started
2024_09_15_T01:39:48 -  Model step took 0.01271510124206543 seconds
2024_09_15_T01:40:05 -  Model step started
2024_09_15_T01:40:05 -  Model step took 0.009478092193603516 seconds
2024_09_15_T01:40:22 -  Model step started
2024_09_15_T01:40:22 -  Model step took 0.011244058609008789 seconds
2024_09_15_T01:40:39 -  Model step started
2024_09_15_T01:40:39 -  Model step took 0.010349035263061523 seconds
2024_09_15_T01:40:56 -  Model step started
2024_09_15_T01:40:56 -  Model step took 0.010384082794189453 seconds
2024_09_15_T01:41:14 -  Model step started
2024_09_15_T01:41:14 -  Model step took 0.027438879013061523 seconds
2024_09_15_T01:41:31 -  Model step started
2024_09_15_T01:41:31 -  Model step took 0.01475214958190918 seconds
2024_09_15_T01:41:48 -  Model step started
2024_09_15_T01:41:48 -  Model step took 0.014517068862915039 seconds
2024_09_15_T01:42:05 -  Model step started
2024_09_15_T01:42:05 -  Model step took 0.0116119384765625 seconds
2024_09_15_T01:42:22 -  Model step started
2024_09_15_T01:42:22 -  Model step took 0.013622045516967773 seconds
2024_09_15_T01:42:39 -  Model step started
2024_09_15_T01:42:39 -  Model step took 0.011350154876708984 seconds
2024_09_15_T01:42:56 -  Model step started
2024_09_15_T01:42:56 -  Model step took 0.012032032012939453 seconds
2024_09_15_T01:43:13 -  Model step started
2024_09_15_T01:43:13 -  Model step took 0.019608020782470703 seconds
2024_09_15_T01:43:30 -  Model step started
2024_09_15_T01:43:30 -  Model step took 0.010755062103271484 seconds
2024_09_15_T01:43:47 -  Model step started
2024_09_15_T01:43:47 -  Model step took 0.01559305191040039 seconds
2024_09_15_T01:44:04 -  Model step started
2024_09_15_T01:44:04 -  Model step took 0.014461040496826172 seconds
2024_09_15_T01:44:21 -  Model step started
2024_09_15_T01:44:21 -  Model step took 0.010418176651000977 seconds
2024_09_15_T01:44:38 -  Model step started
2024_09_15_T01:44:38 -  Model step took 0.01442408561706543 seconds
2024_09_15_T01:44:54 -  Model step started
2024_09_15_T01:44:54 -  Model step took 0.012820959091186523 seconds
2024_09_15_T01:45:11 -  Model step started
2024_09_15_T01:45:11 -  Model step took 0.019720077514648438 seconds
2024_09_15_T01:45:28 -  Model step started
2024_09_15_T01:45:28 -  Model step took 0.01340484619140625 seconds
2024_09_15_T01:45:45 -  Model step started
2024_09_15_T01:45:45 -  Model step took 0.01601386070251465 seconds
2024_09_15_T01:46:01 -  Model step started
2024_09_15_T01:46:01 -  Model step took 0.013057947158813477 seconds
2024_09_15_T01:46:18 -  Model step started
2024_09_15_T01:46:18 -  Model step took 0.011977910995483398 seconds
2024_09_15_T01:46:35 -  Model step started
2024_09_15_T01:46:35 -  Model step took 0.014147043228149414 seconds
2024_09_15_T01:46:52 -  Model step started
2024_09_15_T01:46:52 -  Model step took 0.013345003128051758 seconds
2024_09_15_T01:47:08 -  Model step started
2024_09_15_T01:47:08 -  Model step took 0.017200946807861328 seconds
2024_09_15_T01:47:25 -  Model step started
2024_09_15_T01:47:25 -  Model step took 0.011990070343017578 seconds
2024_09_15_T01:47:41 -  Model step started
2024_09_15_T01:47:41 -  Model step took 0.013329029083251953 seconds
2024_09_15_T01:47:58 -  Model step started
2024_09_15_T01:47:58 -  Model step took 0.015331029891967773 seconds
2024_09_15_T01:48:14 -  Model step started
2024_09_15_T01:48:14 -  Model step took 0.015361785888671875 seconds
2024_09_15_T01:48:31 -  Model step started
2024_09_15_T01:48:31 -  Model step took 0.016583919525146484 seconds
2024_09_15_T01:48:47 -  Model step started
2024_09_15_T01:48:47 -  Model step took 0.019568204879760742 seconds
2024_09_15_T01:49:04 -  Model step started
2024_09_15_T01:49:04 -  Model step took 0.011934995651245117 seconds
2024_09_15_T01:49:20 -  Model step started
2024_09_15_T01:49:20 -  Model step took 0.01659703254699707 seconds
2024_09_15_T01:49:36 -  Model step started
2024_09_15_T01:49:36 -  Model step took 0.015655994415283203 seconds
2024_09_15_T01:49:53 -  Model step started
2024_09_15_T01:49:53 -  Model step took 0.015705108642578125 seconds
2024_09_15_T01:50:09 -  Model step started
2024_09_15_T01:50:09 -  Model step took 0.015059947967529297 seconds
2024_09_15_T01:50:25 -  Model step started
2024_09_15_T01:50:25 -  Model step took 0.019006967544555664 seconds
2024_09_15_T01:50:41 -  Model step started
2024_09_15_T01:50:41 -  Model step took 0.01614999771118164 seconds
2024_09_15_T01:50:58 -  Model step started
2024_09_15_T01:50:58 -  Model step took 0.012850046157836914 seconds
2024_09_15_T01:51:14 -  Model step started
2024_09_15_T01:51:14 -  Model step took 0.014898061752319336 seconds
2024_09_15_T01:51:30 -  Model step started
2024_09_15_T01:51:30 -  Model step took 0.01986408233642578 seconds
2024_09_15_T01:51:46 -  Model step started
2024_09_15_T01:51:46 -  Model step took 0.01529693603515625 seconds
2024_09_15_T01:52:02 -  Model step started
2024_09_15_T01:52:02 -  Model step took 0.013457059860229492 seconds
2024_09_15_T01:52:18 -  Model step started
2024_09_15_T01:52:18 -  Model step took 0.015543222427368164 seconds
2024_09_15_T01:52:34 -  Model step started
2024_09_15_T01:52:34 -  Model step took 0.01613903045654297 seconds
2024_09_15_T01:52:50 -  Model step started
2024_09_15_T01:52:50 -  Model step took 0.017164945602416992 seconds
2024_09_15_T01:53:06 -  Model step started
2024_09_15_T01:53:06 -  Model step took 0.017451047897338867 seconds
2024_09_15_T01:53:23 -  Model step started
2024_09_15_T01:53:23 -  Model step took 0.0144500732421875 seconds
2024_09_15_T01:53:38 -  Model step started
2024_09_15_T01:53:39 -  Model step took 0.016579866409301758 seconds
2024_09_15_T01:53:55 -  Model step started
2024_09_15_T01:53:55 -  Model step took 0.015145063400268555 seconds
2024_09_15_T01:54:11 -  Model step started
2024_09_15_T01:54:11 -  Model step took 0.01827692985534668 seconds
2024_09_15_T01:54:27 -  Model step started
2024_09_15_T01:54:27 -  Model step took 0.018123149871826172 seconds
2024_09_15_T01:54:43 -  Model step started
2024_09_15_T01:54:43 -  Model step took 0.017589807510375977 seconds
2024_09_15_T01:54:59 -  Model step started
2024_09_15_T01:54:59 -  Model step took 0.01723623275756836 seconds
2024_09_15_T01:55:15 -  Model step started
2024_09_15_T01:55:15 -  Model step took 0.015771865844726562 seconds
2024_09_15_T01:55:31 -  Model step started
2024_09_15_T01:55:31 -  Model step took 0.014503002166748047 seconds
2024_09_15_T01:55:46 -  Model step started
2024_09_15_T01:55:46 -  Model step took 0.02306985855102539 seconds
2024_09_15_T01:56:02 -  Model step started
2024_09_15_T01:56:02 -  Model step took 0.02120184898376465 seconds
2024_09_15_T01:56:18 -  Model step started
2024_09_15_T01:56:18 -  Model step took 0.019105911254882812 seconds
2024_09_15_T01:56:34 -  Model step started
2024_09_15_T01:56:34 -  Model step took 0.025011062622070312 seconds
2024_09_15_T01:56:49 -  Model step started
2024_09_15_T01:56:49 -  Model step took 0.018184900283813477 seconds
2024_09_15_T01:57:05 -  Model step started
2024_09_15_T01:57:05 -  Model step took 0.019472122192382812 seconds
2024_09_15_T01:57:20 -  Model step started
2024_09_15_T01:57:20 -  Model step took 0.0179750919342041 seconds
2024_09_15_T01:57:36 -  Model step started
2024_09_15_T01:57:36 -  Model step took 0.01990509033203125 seconds
2024_09_15_T01:57:51 -  Model step started
2024_09_15_T01:57:51 -  Model step took 0.018539905548095703 seconds
2024_09_15_T01:58:07 -  Model step started
2024_09_15_T01:58:07 -  Model step took 0.019762039184570312 seconds
2024_09_15_T01:58:22 -  Model step started
2024_09_15_T01:58:22 -  Model step took 0.019240856170654297 seconds
2024_09_15_T01:58:38 -  Model step started
2024_09_15_T01:58:38 -  Model step took 0.020370006561279297 seconds
2024_09_15_T01:58:53 -  Model step started
2024_09_15_T01:58:53 -  Model step took 0.020819902420043945 seconds
2024_09_15_T01:59:09 -  Model step started
2024_09_15_T01:59:09 -  Model step took 0.019663095474243164 seconds
2024_09_15_T01:59:24 -  Model step started
2024_09_15_T01:59:24 -  Model step took 0.022344112396240234 seconds
2024_09_15_T01:59:39 -  Model step started
2024_09_15_T01:59:40 -  Model step took 0.018053054809570312 seconds
2024_09_15_T01:59:55 -  Model step started
2024_09_15_T01:59:55 -  Model step took 0.021847963333129883 seconds
2024_09_15_T02:00:10 -  Model step started
2024_09_15_T02:00:10 -  Model step took 0.021581172943115234 seconds
2024_09_15_T02:00:25 -  Model step started
2024_09_15_T02:00:25 -  Model step took 0.022960901260375977 seconds
2024_09_15_T02:00:40 -  Model step started
2024_09_15_T02:00:40 -  Model step took 0.020552873611450195 seconds
2024_09_15_T02:00:56 -  Model step started
2024_09_15_T02:00:56 -  Model step took 0.0212399959564209 seconds
2024_09_15_T02:01:11 -  Model step started
2024_09_15_T02:01:11 -  Model step took 0.01991581916809082 seconds
2024_09_15_T02:01:26 -  Model step started
2024_09_15_T02:01:26 -  Model step took 0.021612882614135742 seconds
2024_09_15_T02:01:41 -  Model step started
2024_09_15_T02:01:41 -  Model step took 0.01972484588623047 seconds
2024_09_15_T02:01:56 -  Model step started
2024_09_15_T02:01:56 -  Model step took 0.020804882049560547 seconds
2024_09_15_T02:02:11 -  Model step started
2024_09_15_T02:02:11 -  Model step took 0.018277883529663086 seconds
2024_09_15_T02:02:26 -  Model step started
2024_09_15_T02:02:26 -  Model step took 0.01939082145690918 seconds
2024_09_15_T02:02:41 -  Model step started
2024_09_15_T02:02:41 -  Model step took 0.020891904830932617 seconds
2024_09_15_T02:02:56 -  Model step started
2024_09_15_T02:02:56 -  Model step took 0.019144058227539062 seconds
2024_09_15_T02:03:11 -  Model step started
2024_09_15_T02:03:11 -  Model step took 0.020112037658691406 seconds
2024_09_15_T02:03:26 -  Model step started
2024_09_15_T02:03:26 -  Model step took 0.020192861557006836 seconds
2024_09_15_T02:03:41 -  Model step started
2024_09_15_T02:03:41 -  Model step took 0.022170066833496094 seconds
2024_09_15_T02:03:56 -  Model step started
2024_09_15_T02:03:56 -  Model step took 0.022954940795898438 seconds
2024_09_15_T02:04:11 -  Model step started
2024_09_15_T02:04:11 -  Model step took 0.02450704574584961 seconds
2024_09_15_T02:04:26 -  Model step started
2024_09_15_T02:04:26 -  Model step took 0.02393817901611328 seconds
2024_09_15_T02:04:40 -  Model step started
2024_09_15_T02:04:40 -  Model step took 0.020437955856323242 seconds
2024_09_15_T02:04:55 -  Model step started
2024_09_15_T02:04:55 -  Model step took 0.023404836654663086 seconds
2024_09_15_T02:05:10 -  Model step started
2024_09_15_T02:05:10 -  Model step took 0.02432107925415039 seconds
2024_09_15_T02:05:24 -  Model step started
2024_09_15_T02:05:24 -  Model step took 0.02280592918395996 seconds
2024_09_15_T02:05:39 -  Model step started
2024_09_15_T02:05:39 -  Model step took 0.022327899932861328 seconds
2024_09_15_T02:05:53 -  Model step started
2024_09_15_T02:05:53 -  Model step took 0.023395061492919922 seconds
2024_09_15_T02:06:08 -  Model step started
2024_09_15_T02:06:08 -  Model step took 0.025031089782714844 seconds
2024_09_15_T02:06:22 -  Model step started
2024_09_15_T02:06:22 -  Model step took 0.0229799747467041 seconds
2024_09_15_T02:06:37 -  Model step started
2024_09_15_T02:06:37 -  Model step took 0.02100515365600586 seconds
2024_09_15_T02:06:51 -  Model step started
2024_09_15_T02:06:51 -  Model step took 0.02565598487854004 seconds
2024_09_15_T02:07:06 -  Model step started
2024_09_15_T02:07:06 -  Model step took 0.021884918212890625 seconds
2024_09_15_T02:07:20 -  Model step started
2024_09_15_T02:07:20 -  Model step took 0.021296024322509766 seconds
2024_09_15_T02:07:35 -  Model step started
2024_09_15_T02:07:35 -  Model step took 0.021950960159301758 seconds
2024_09_15_T02:07:49 -  Model step started
2024_09_15_T02:07:49 -  Model step took 0.025923967361450195 seconds
2024_09_15_T02:08:03 -  Model step started
2024_09_15_T02:08:03 -  Model step took 0.025478124618530273 seconds
2024_09_15_T02:08:18 -  Model step started
2024_09_15_T02:08:18 -  Model step took 0.02338695526123047 seconds
2024_09_15_T02:08:32 -  Model step started
2024_09_15_T02:08:32 -  Model step took 0.02303314208984375 seconds
2024_09_15_T02:08:46 -  Model step started
2024_09_15_T02:08:46 -  Model step took 0.023663997650146484 seconds
2024_09_15_T02:09:00 -  Model step started
2024_09_15_T02:09:00 -  Model step took 0.02507805824279785 seconds
2024_09_15_T02:09:15 -  Model step started
2024_09_15_T02:09:15 -  Model step took 0.027983903884887695 seconds
2024_09_15_T02:09:29 -  Model step started
2024_09_15_T02:09:29 -  Model step took 0.024810075759887695 seconds
2024_09_15_T02:09:43 -  Model step started
2024_09_15_T02:09:43 -  Model step took 0.026322126388549805 seconds
2024_09_15_T02:09:57 -  Model step started
2024_09_15_T02:09:57 -  Model step took 0.028573989868164062 seconds
2024_09_15_T02:10:11 -  Model step started
2024_09_15_T02:10:11 -  Model step took 0.025099992752075195 seconds
2024_09_15_T02:10:25 -  Model step started
2024_09_15_T02:10:25 -  Model step took 0.026573896408081055 seconds
2024_09_15_T02:10:39 -  Model step started
2024_09_15_T02:10:39 -  Model step took 0.026359081268310547 seconds
2024_09_15_T02:10:53 -  Model step started
2024_09_15_T02:10:53 -  Model step took 0.028232097625732422 seconds
2024_09_15_T02:11:07 -  Model step started
2024_09_15_T02:11:07 -  Model step took 0.026842117309570312 seconds
2024_09_15_T02:11:21 -  Model step started
2024_09_15_T02:11:21 -  Model step took 0.02773118019104004 seconds
2024_09_15_T02:11:35 -  Model step started
2024_09_15_T02:11:35 -  Model step took 0.027050018310546875 seconds
2024_09_15_T02:11:49 -  Model step started
2024_09_15_T02:11:49 -  Model step took 0.030514001846313477 seconds
2024_09_15_T02:12:03 -  Model step started
2024_09_15_T02:12:03 -  Model step took 0.027937889099121094 seconds
2024_09_15_T02:12:17 -  Model step started
2024_09_15_T02:12:17 -  Model step took 0.025699138641357422 seconds
2024_09_15_T02:12:30 -  Model step started
2024_09_15_T02:12:30 -  Model step took 0.029588937759399414 seconds
2024_09_15_T02:12:44 -  Model step started
2024_09_15_T02:12:44 -  Model step took 0.02893805503845215 seconds
2024_09_15_T02:12:58 -  Model step started
2024_09_15_T02:12:58 -  Model step took 0.02822399139404297 seconds
2024_09_15_T02:13:11 -  Model step started
2024_09_15_T02:13:11 -  Model step took 0.0287930965423584 seconds
2024_09_15_T02:13:25 -  Model step started
2024_09_15_T02:13:25 -  Model step took 0.02804398536682129 seconds
2024_09_15_T02:13:38 -  Model step started
2024_09_15_T02:13:38 -  Model step took 0.02858114242553711 seconds
2024_09_15_T02:13:52 -  Model step started
2024_09_15_T02:13:52 -  Model step took 0.032234907150268555 seconds
2024_09_15_T02:14:05 -  Model step started
2024_09_15_T02:14:05 -  Model step took 0.030459165573120117 seconds
2024_09_15_T02:14:19 -  Model step started
2024_09_15_T02:14:19 -  Model step took 0.02944207191467285 seconds
2024_09_15_T02:14:32 -  Model step started
2024_09_15_T02:14:32 -  Model step took 0.029513120651245117 seconds
2024_09_15_T02:14:46 -  Model step started
2024_09_15_T02:14:46 -  Model step took 0.032156944274902344 seconds
2024_09_15_T02:14:59 -  Model step started
2024_09_15_T02:14:59 -  Model step took 0.03019404411315918 seconds
2024_09_15_T02:15:13 -  Model step started
2024_09_15_T02:15:13 -  Model step took 0.031523942947387695 seconds
2024_09_15_T02:15:26 -  Model step started
2024_09_15_T02:15:26 -  Model step took 0.028508901596069336 seconds
2024_09_15_T02:15:39 -  Model step started
2024_09_15_T02:15:39 -  Model step took 0.030161142349243164 seconds
2024_09_15_T02:15:53 -  Model step started
2024_09_15_T02:15:53 -  Model step took 0.03223896026611328 seconds
2024_09_15_T02:16:06 -  Model step started
2024_09_15_T02:16:06 -  Model step took 0.030857086181640625 seconds
2024_09_15_T02:16:19 -  Model step started
2024_09_15_T02:16:19 -  Model step took 0.03646492958068848 seconds
2024_09_15_T02:16:32 -  Model step started
2024_09_15_T02:16:32 -  Model step took 0.031932830810546875 seconds
2024_09_15_T02:16:45 -  Model step started
2024_09_15_T02:16:45 -  Model step took 0.03690981864929199 seconds
2024_09_15_T02:16:58 -  Model step started
2024_09_15_T02:16:58 -  Model step took 0.032308101654052734 seconds
2024_09_15_T02:17:11 -  Model step started
2024_09_15_T02:17:11 -  Model step took 0.04292011260986328 seconds
2024_09_15_T02:17:24 -  Model step started
2024_09_15_T02:17:24 -  Model step took 0.030766010284423828 seconds
2024_09_15_T02:17:37 -  Model step started
2024_09_15_T02:17:37 -  Model step took 0.03550291061401367 seconds
2024_09_15_T02:17:50 -  Model step started
2024_09_15_T02:17:50 -  Model step took 0.03149294853210449 seconds
2024_09_15_T02:18:02 -  Model step started
2024_09_15_T02:18:03 -  Model step took 0.035102128982543945 seconds
2024_09_15_T02:18:15 -  Model step started
2024_09_15_T02:18:15 -  Model step took 0.037841081619262695 seconds
2024_09_15_T02:18:28 -  Model step started
2024_09_15_T02:18:28 -  Model step took 0.035301923751831055 seconds
2024_09_15_T02:18:41 -  Model step started
2024_09_15_T02:18:41 -  Model step took 0.033513784408569336 seconds
2024_09_15_T02:18:54 -  Model step started
2024_09_15_T02:18:54 -  Model step took 0.03490495681762695 seconds
2024_09_15_T02:19:06 -  Model step started
2024_09_15_T02:19:06 -  Model step took 0.035711050033569336 seconds
2024_09_15_T02:19:19 -  Model step started
2024_09_15_T02:19:19 -  Model step took 0.033566951751708984 seconds
2024_09_15_T02:19:32 -  Model step started
2024_09_15_T02:19:32 -  Model step took 0.034552812576293945 seconds
2024_09_15_T02:19:44 -  Model step started
2024_09_15_T02:19:44 -  Model step took 0.03516077995300293 seconds
2024_09_15_T02:19:57 -  Model step started
2024_09_15_T02:19:57 -  Model step took 0.035035133361816406 seconds
2024_09_15_T02:20:09 -  Model step started
2024_09_15_T02:20:09 -  Model step took 0.035266876220703125 seconds
2024_09_15_T02:20:22 -  Model step started
2024_09_15_T02:20:22 -  Model step took 0.04209399223327637 seconds
2024_09_15_T02:20:34 -  Model step started
2024_09_15_T02:20:34 -  Model step took 0.0366969108581543 seconds
2024_09_15_T02:20:46 -  Model step started
2024_09_15_T02:20:46 -  Model step took 0.03582000732421875 seconds
2024_09_15_T02:20:59 -  Model step started
2024_09_15_T02:20:59 -  Model step took 0.03667807579040527 seconds
2024_09_15_T02:21:11 -  Model step started
2024_09_15_T02:21:11 -  Model step took 0.0369260311126709 seconds
2024_09_15_T02:21:23 -  Model step started
2024_09_15_T02:21:23 -  Model step took 0.03807783126831055 seconds
2024_09_15_T02:21:36 -  Model step started
2024_09_15_T02:21:36 -  Model step took 0.0440671443939209 seconds
2024_09_15_T02:21:48 -  Model step started
2024_09_15_T02:21:48 -  Model step took 0.03720378875732422 seconds
2024_09_15_T02:22:00 -  Model step started
2024_09_15_T02:22:00 -  Model step took 0.0360560417175293 seconds
2024_09_15_T02:22:12 -  Model step started
2024_09_15_T02:22:12 -  Model step took 0.0389101505279541 seconds
2024_09_15_T02:22:24 -  Model step started
2024_09_15_T02:22:25 -  Model step took 0.04303789138793945 seconds
2024_09_15_T02:22:37 -  Model step started
2024_09_15_T02:22:37 -  Model step took 0.03866291046142578 seconds
2024_09_15_T02:22:49 -  Model step started
2024_09_15_T02:22:49 -  Model step took 0.038336992263793945 seconds
2024_09_15_T02:23:01 -  Model step started
2024_09_15_T02:23:01 -  Model step took 0.0412900447845459 seconds
2024_09_15_T02:23:13 -  Model step started
2024_09_15_T02:23:13 -  Model step took 0.04231715202331543 seconds
2024_09_15_T02:23:25 -  Model step started
2024_09_15_T02:23:25 -  Model step took 0.039286136627197266 seconds
2024_09_15_T02:23:37 -  Model step started
2024_09_15_T02:23:37 -  Model step took 0.03961896896362305 seconds
2024_09_15_T02:23:49 -  Model step started
2024_09_15_T02:23:49 -  Model step took 0.04313182830810547 seconds
2024_09_15_T02:24:01 -  Model step started
2024_09_15_T02:24:01 -  Model step took 0.04505515098571777 seconds
2024_09_15_T02:24:13 -  Model step started
2024_09_15_T02:24:13 -  Model step took 0.044608116149902344 seconds
2024_09_15_T02:24:24 -  Model step started
2024_09_15_T02:24:24 -  Model step took 0.043946027755737305 seconds
2024_09_15_T02:24:36 -  Model step started
2024_09_15_T02:24:36 -  Model step took 0.046211957931518555 seconds
2024_09_15_T02:24:48 -  Model step started
2024_09_15_T02:24:48 -  Model step took 0.04037594795227051 seconds
2024_09_15_T02:25:00 -  Model step started
2024_09_15_T02:25:00 -  Model step took 0.04220294952392578 seconds
2024_09_15_T02:25:11 -  Model step started
2024_09_15_T02:25:11 -  Model step took 0.042883872985839844 seconds
2024_09_15_T02:25:23 -  Model step started
2024_09_15_T02:25:23 -  Model step took 0.04729199409484863 seconds
2024_09_15_T02:25:34 -  Model step started
2024_09_15_T02:25:34 -  Model step took 0.04111194610595703 seconds
2024_09_15_T02:25:46 -  Model step started
2024_09_15_T02:25:46 -  Model step took 0.046525001525878906 seconds
2024_09_15_T02:25:57 -  Model step started
2024_09_15_T02:25:57 -  Model step took 0.04355597496032715 seconds
2024_09_15_T02:26:09 -  Model step started
2024_09_15_T02:26:09 -  Model step took 0.04697895050048828 seconds
2024_09_15_T02:26:20 -  Model step started
2024_09_15_T02:26:20 -  Model step took 0.04387712478637695 seconds
2024_09_15_T02:26:32 -  Model step started
2024_09_15_T02:26:32 -  Model step took 0.045835018157958984 seconds
2024_09_15_T02:26:43 -  Model step started
2024_09_15_T02:26:43 -  Model step took 0.0431828498840332 seconds
2024_09_15_T02:26:54 -  Model step started
2024_09_15_T02:26:54 -  Model step took 0.049362897872924805 seconds
2024_09_15_T02:27:06 -  Model step started
2024_09_15_T02:27:06 -  Model step took 0.045461177825927734 seconds
2024_09_15_T02:27:17 -  Model step started
2024_09_15_T02:27:17 -  Model step took 0.049629926681518555 seconds
2024_09_15_T02:27:28 -  Model step started
2024_09_15_T02:27:28 -  Model step took 0.04546499252319336 seconds
2024_09_15_T02:27:39 -  Model step started
2024_09_15_T02:27:39 -  Model step took 0.04496908187866211 seconds
2024_09_15_T02:27:50 -  Model step started
2024_09_15_T02:27:50 -  Model step took 0.049494028091430664 seconds
2024_09_15_T02:28:01 -  Model step started
2024_09_15_T02:28:01 -  Model step took 0.05024409294128418 seconds
2024_09_15_T02:28:12 -  Model step started
2024_09_15_T02:28:12 -  Model step took 0.04613614082336426 seconds
2024_09_15_T02:28:23 -  Model step started
2024_09_15_T02:28:23 -  Model step took 0.047215938568115234 seconds
2024_09_15_T02:28:34 -  Model step started
2024_09_15_T02:28:34 -  Model step took 0.04956698417663574 seconds
2024_09_15_T02:28:45 -  Model step started
2024_09_15_T02:28:45 -  Model step took 0.05047607421875 seconds
2024_09_15_T02:28:56 -  Model step started
2024_09_15_T02:28:56 -  Model step took 0.052247047424316406 seconds
2024_09_15_T02:29:07 -  Model step started
2024_09_15_T02:29:07 -  Model step took 0.04879403114318848 seconds
2024_09_15_T02:29:18 -  Model step started
2024_09_15_T02:29:18 -  Model step took 0.05513882637023926 seconds
2024_09_15_T02:29:29 -  Model step started
2024_09_15_T02:29:29 -  Model step took 0.05098986625671387 seconds
2024_09_15_T02:29:40 -  Model step started
2024_09_15_T02:29:40 -  Model step took 0.07123303413391113 seconds
2024_09_15_T02:29:50 -  Model step started
2024_09_15_T02:29:50 -  Model step took 0.05019998550415039 seconds
2024_09_15_T02:30:01 -  Model step started
2024_09_15_T02:30:01 -  Model step took 0.05167102813720703 seconds
2024_09_15_T02:30:12 -  Model step started
2024_09_15_T02:30:12 -  Model step took 0.05480694770812988 seconds
2024_09_15_T02:30:22 -  Model step started
2024_09_15_T02:30:22 -  Model step took 0.05162501335144043 seconds
2024_09_15_T02:30:33 -  Model step started
2024_09_15_T02:30:33 -  Model step took 0.0598299503326416 seconds
2024_09_15_T02:30:43 -  Model step started
2024_09_15_T02:30:43 -  Model step took 0.05247783660888672 seconds
2024_09_15_T02:30:54 -  Model step started
2024_09_15_T02:30:54 -  Model step took 0.0548090934753418 seconds
2024_09_15_T02:31:05 -  Model step started
2024_09_15_T02:31:05 -  Model step took 0.05592799186706543 seconds
2024_09_15_T02:31:15 -  Model step started
2024_09_15_T02:31:15 -  Model step took 0.053385019302368164 seconds
2024_09_15_T02:31:25 -  Model step started
2024_09_15_T02:31:26 -  Model step took 0.05580401420593262 seconds
2024_09_15_T02:31:36 -  Model step started
2024_09_15_T02:31:36 -  Model step took 0.05649113655090332 seconds
2024_09_15_T02:31:46 -  Model step started
2024_09_15_T02:31:46 -  Model step took 0.057615041732788086 seconds
2024_09_15_T02:31:57 -  Model step started
2024_09_15_T02:31:57 -  Model step took 0.05480003356933594 seconds
2024_09_15_T02:32:07 -  Model step started
2024_09_15_T02:32:07 -  Model step took 0.05462217330932617 seconds
2024_09_15_T02:32:17 -  Model step started
2024_09_15_T02:32:17 -  Model step took 0.0576319694519043 seconds
2024_09_15_T02:32:27 -  Model step started
2024_09_15_T02:32:27 -  Model step took 0.058737993240356445 seconds
2024_09_15_T02:32:37 -  Model step started
2024_09_15_T02:32:37 -  Model step took 0.06147289276123047 seconds
2024_09_15_T02:32:47 -  Model step started
2024_09_15_T02:32:47 -  Model step took 0.058606863021850586 seconds
2024_09_15_T02:32:57 -  Model step started
2024_09_15_T02:32:57 -  Model step took 0.0725560188293457 seconds
2024_09_15_T02:33:07 -  Model step started
2024_09_15_T02:33:07 -  Model step took 0.05740690231323242 seconds
2024_09_15_T02:33:17 -  Model step started
2024_09_15_T02:33:17 -  Model step took 0.06057310104370117 seconds
2024_09_15_T02:33:27 -  Model step started
2024_09_15_T02:33:27 -  Model step took 0.06017494201660156 seconds
2024_09_15_T02:33:36 -  Model step started
2024_09_15_T02:33:36 -  Model step took 0.06124401092529297 seconds
2024_09_15_T02:33:46 -  Model step started
2024_09_15_T02:33:46 -  Model step took 0.07026004791259766 seconds
2024_09_15_T02:33:56 -  Model step started
2024_09_15_T02:33:56 -  Model step took 0.06608414649963379 seconds
2024_09_15_T02:34:05 -  Model step started
2024_09_15_T02:34:05 -  Model step took 0.060150861740112305 seconds
2024_09_15_T02:34:15 -  Model step started
2024_09_15_T02:34:15 -  Model step took 0.06242704391479492 seconds
2024_09_15_T02:34:24 -  Model step started
2024_09_15_T02:34:24 -  Model step took 0.06818318367004395 seconds
2024_09_15_T02:34:34 -  Model step started
2024_09_15_T02:34:34 -  Model step took 0.06482410430908203 seconds
2024_09_15_T02:34:43 -  Model step started
2024_09_15_T02:34:43 -  Model step took 0.06431889533996582 seconds
2024_09_15_T02:34:52 -  Model step started
2024_09_15_T02:34:52 -  Model step took 0.0656890869140625 seconds
2024_09_15_T02:35:02 -  Model step started
2024_09_15_T02:35:02 -  Model step took 0.06855297088623047 seconds
2024_09_15_T02:35:11 -  Model step started
2024_09_15_T02:35:11 -  Model step took 0.06425690650939941 seconds
2024_09_15_T02:35:20 -  Model step started
2024_09_15_T02:35:20 -  Model step took 0.06821703910827637 seconds
2024_09_15_T02:35:30 -  Model step started
2024_09_15_T02:35:30 -  Model step took 0.07450509071350098 seconds
2024_09_15_T02:35:39 -  Model step started
2024_09_15_T02:35:39 -  Model step took 0.06774187088012695 seconds
2024_09_15_T02:35:48 -  Model step started
2024_09_15_T02:35:48 -  Model step took 0.06848597526550293 seconds
2024_09_15_T02:35:57 -  Model step started
2024_09_15_T02:35:57 -  Model step took 0.07288718223571777 seconds
2024_09_15_T02:36:06 -  Model step started
2024_09_15_T02:36:06 -  Model step took 0.06706094741821289 seconds
2024_09_15_T02:36:15 -  Model step started
2024_09_15_T02:36:15 -  Model step took 0.06815695762634277 seconds
2024_09_15_T02:36:24 -  Model step started
2024_09_15_T02:36:24 -  Model step took 0.06998395919799805 seconds
2024_09_15_T02:36:33 -  Model step started
2024_09_15_T02:36:33 -  Model step took 0.0676729679107666 seconds
2024_09_15_T02:36:42 -  Model step started
2024_09_15_T02:36:42 -  Model step took 0.06919097900390625 seconds
2024_09_15_T02:36:51 -  Model step started
2024_09_15_T02:36:51 -  Model step took 0.07109379768371582 seconds
2024_09_15_T02:36:59 -  Model step started
2024_09_15_T02:36:59 -  Model step took 0.0688779354095459 seconds
2024_09_15_T02:37:08 -  Model step started
2024_09_15_T02:37:08 -  Model step took 0.07154703140258789 seconds
2024_09_15_T02:37:17 -  Model step started
2024_09_15_T02:37:17 -  Model step took 0.07311892509460449 seconds
2024_09_15_T02:37:25 -  Model step started
2024_09_15_T02:37:25 -  Model step took 0.07210397720336914 seconds
2024_09_15_T02:37:34 -  Model step started
2024_09_15_T02:37:34 -  Model step took 0.07239222526550293 seconds
2024_09_15_T02:37:43 -  Model step started
2024_09_15_T02:37:43 -  Model step took 0.08066105842590332 seconds
2024_09_15_T02:37:51 -  Model step started
2024_09_15_T02:37:51 -  Model step took 0.0741739273071289 seconds
2024_09_15_T02:38:00 -  Model step started
2024_09_15_T02:38:00 -  Model step took 0.07388091087341309 seconds
2024_09_15_T02:38:08 -  Model step started
2024_09_15_T02:38:08 -  Model step took 0.07485198974609375 seconds
2024_09_15_T02:38:17 -  Model step started
2024_09_15_T02:38:17 -  Model step took 0.07580900192260742 seconds
2024_09_15_T02:38:25 -  Model step started
2024_09_15_T02:38:25 -  Model step took 0.07743096351623535 seconds
2024_09_15_T02:38:34 -  Model step started
2024_09_15_T02:38:34 -  Model step took 0.07978510856628418 seconds
2024_09_15_T02:38:42 -  Model step started
2024_09_15_T02:38:42 -  Model step took 0.07690596580505371 seconds
2024_09_15_T02:38:50 -  Model step started
2024_09_15_T02:38:50 -  Model step took 0.08385705947875977 seconds
2024_09_15_T02:38:59 -  Model step started
2024_09_15_T02:38:59 -  Model step took 0.07833194732666016 seconds
2024_09_15_T02:39:07 -  Model step started
2024_09_15_T02:39:07 -  Model step took 0.07710409164428711 seconds
2024_09_15_T02:39:15 -  Model step started
2024_09_15_T02:39:15 -  Model step took 0.08940696716308594 seconds
2024_09_15_T02:39:23 -  Model step started
2024_09_15_T02:39:23 -  Model step took 0.08109617233276367 seconds
2024_09_15_T02:39:31 -  Model step started
2024_09_15_T02:39:31 -  Model step took 0.08252596855163574 seconds
2024_09_15_T02:39:39 -  Model step started
2024_09_15_T02:39:39 -  Model step took 0.08034276962280273 seconds
2024_09_15_T02:39:47 -  Model step started
2024_09_15_T02:39:47 -  Model step took 0.0804131031036377 seconds
2024_09_15_T02:39:55 -  Model step started
2024_09_15_T02:39:55 -  Model step took 0.08440995216369629 seconds
2024_09_15_T02:40:03 -  Model step started
2024_09_15_T02:40:03 -  Model step took 0.08545804023742676 seconds
2024_09_15_T02:40:11 -  Model step started
2024_09_15_T02:40:11 -  Model step took 0.08400893211364746 seconds
2024_09_15_T02:40:18 -  Model step started
2024_09_15_T02:40:18 -  Model step took 0.08278799057006836 seconds
2024_09_15_T02:40:26 -  Model step started
2024_09_15_T02:40:26 -  Model step took 0.08682990074157715 seconds
2024_09_15_T02:40:34 -  Model step started
2024_09_15_T02:40:34 -  Model step took 0.0862891674041748 seconds
2024_09_15_T02:40:41 -  Model step started
2024_09_15_T02:40:41 -  Model step took 0.08927798271179199 seconds
2024_09_15_T02:40:49 -  Model step started
2024_09_15_T02:40:49 -  Model step took 0.09076786041259766 seconds
2024_09_15_T02:40:56 -  Model step started
2024_09_15_T02:40:56 -  Model step took 0.0848090648651123 seconds
2024_09_15_T02:41:04 -  Model step started
2024_09_15_T02:41:04 -  Model step took 0.08686089515686035 seconds
2024_09_15_T02:41:11 -  Model step started
2024_09_15_T02:41:12 -  Model step took 0.09387397766113281 seconds
2024_09_15_T02:41:19 -  Model step started
2024_09_15_T02:41:19 -  Model step took 0.09128785133361816 seconds
2024_09_15_T02:41:26 -  Model step started
2024_09_15_T02:41:26 -  Model step took 0.0890970230102539 seconds
2024_09_15_T02:41:34 -  Model step started
2024_09_15_T02:41:34 -  Model step took 0.08977389335632324 seconds
2024_09_15_T02:41:41 -  Model step started
2024_09_15_T02:41:41 -  Model step took 0.09218502044677734 seconds
2024_09_15_T02:41:48 -  Model step started
2024_09_15_T02:41:48 -  Model step took 0.09244084358215332 seconds
2024_09_15_T02:41:55 -  Model step started
2024_09_15_T02:41:56 -  Model step took 0.09131717681884766 seconds
2024_09_15_T02:42:03 -  Model step started
2024_09_15_T02:42:03 -  Model step took 0.09911298751831055 seconds
2024_09_15_T02:42:10 -  Model step started
2024_09_15_T02:42:10 -  Model step took 0.09621000289916992 seconds
2024_09_15_T02:42:17 -  Model step started
2024_09_15_T02:42:17 -  Model step took 0.09448099136352539 seconds
2024_09_15_T02:42:24 -  Model step started
2024_09_15_T02:42:24 -  Model step took 0.09447097778320312 seconds
2024_09_15_T02:42:31 -  Model step started
2024_09_15_T02:42:31 -  Model step took 0.09398102760314941 seconds
2024_09_15_T02:42:38 -  Model step started
2024_09_15_T02:42:38 -  Model step took 0.09486508369445801 seconds
2024_09_15_T02:42:45 -  Model step started
2024_09_15_T02:42:45 -  Model step took 0.09906411170959473 seconds
2024_09_15_T02:42:52 -  Model step started
2024_09_15_T02:42:52 -  Model step took 0.09681105613708496 seconds
2024_09_15_T02:42:58 -  Model step started
2024_09_15_T02:42:59 -  Model step took 0.09866881370544434 seconds
2024_09_15_T02:43:05 -  Model step started
2024_09_15_T02:43:05 -  Model step took 0.09922003746032715 seconds
2024_09_15_T02:43:12 -  Model step started
2024_09_15_T02:43:12 -  Model step took 0.09790396690368652 seconds
2024_09_15_T02:43:19 -  Model step started
2024_09_15_T02:43:19 -  Model step took 0.0986320972442627 seconds
2024_09_15_T02:43:25 -  Model step started
2024_09_15_T02:43:25 -  Model step took 0.10139107704162598 seconds
2024_09_15_T02:43:32 -  Model step started
2024_09_15_T02:43:32 -  Model step took 0.10438299179077148 seconds
2024_09_15_T02:43:39 -  Model step started
2024_09_15_T02:43:39 -  Model step took 0.10778021812438965 seconds
2024_09_15_T02:43:45 -  Model step started
2024_09_15_T02:43:45 -  Model step took 0.11176300048828125 seconds
2024_09_15_T02:43:52 -  Model step started
2024_09_15_T02:43:52 -  Model step took 0.11029601097106934 seconds
2024_09_15_T02:43:58 -  Model step started
2024_09_15_T02:43:58 -  Model step took 0.10559606552124023 seconds
2024_09_15_T02:44:05 -  Model step started
2024_09_15_T02:44:05 -  Model step took 0.10545206069946289 seconds
2024_09_15_T02:44:11 -  Model step started
2024_09_15_T02:44:11 -  Model step took 0.10506296157836914 seconds
2024_09_15_T02:44:17 -  Model step started
2024_09_15_T02:44:17 -  Model step took 0.11158609390258789 seconds
2024_09_15_T02:44:23 -  Model step started
2024_09_15_T02:44:24 -  Model step took 0.11143803596496582 seconds
2024_09_15_T02:44:30 -  Model step started
2024_09_15_T02:44:30 -  Model step took 0.10582995414733887 seconds
2024_09_15_T02:44:36 -  Model step started
2024_09_15_T02:44:36 -  Model step took 0.10935592651367188 seconds
2024_09_15_T02:44:42 -  Model step started
2024_09_15_T02:44:42 -  Model step took 0.10822701454162598 seconds
2024_09_15_T02:44:48 -  Model step started
2024_09_15_T02:44:49 -  Model step took 0.11091494560241699 seconds
2024_09_15_T02:44:55 -  Model step started
2024_09_15_T02:44:55 -  Model step took 0.11087393760681152 seconds
2024_09_15_T02:45:01 -  Model step started
2024_09_15_T02:45:01 -  Model step took 0.11179804801940918 seconds
2024_09_15_T02:45:07 -  Model step started
2024_09_15_T02:45:07 -  Model step took 0.11414384841918945 seconds
2024_09_15_T02:45:13 -  Model step started
2024_09_15_T02:45:13 -  Model step took 0.11429286003112793 seconds
2024_09_15_T02:45:18 -  Model step started
2024_09_15_T02:45:19 -  Model step took 0.11343598365783691 seconds
2024_09_15_T02:45:24 -  Model step started
2024_09_15_T02:45:24 -  Model step took 0.1125338077545166 seconds
2024_09_15_T02:45:30 -  Model step started
2024_09_15_T02:45:30 -  Model step took 0.11768102645874023 seconds
2024_09_15_T02:45:36 -  Model step started
2024_09_15_T02:45:36 -  Model step took 0.11521601676940918 seconds
2024_09_15_T02:45:42 -  Model step started
2024_09_15_T02:45:42 -  Model step took 0.11580014228820801 seconds
2024_09_15_T02:45:48 -  Model step started
2024_09_15_T02:45:48 -  Model step took 0.11927485466003418 seconds
2024_09_15_T02:45:53 -  Model step started
2024_09_15_T02:45:53 -  Model step took 0.11628890037536621 seconds
2024_09_15_T02:45:59 -  Model step started
2024_09_15_T02:45:59 -  Model step took 0.12039399147033691 seconds
2024_09_15_T02:46:05 -  Model step started
2024_09_15_T02:46:05 -  Model step took 0.11885690689086914 seconds
2024_09_15_T02:46:10 -  Model step started
2024_09_15_T02:46:10 -  Model step took 0.12002801895141602 seconds
2024_09_15_T02:46:16 -  Model step started
2024_09_15_T02:46:16 -  Model step took 0.12272906303405762 seconds
2024_09_15_T02:46:21 -  Model step started
2024_09_15_T02:46:21 -  Model step took 0.12133383750915527 seconds
2024_09_15_T02:46:26 -  Model step started
2024_09_15_T02:46:26 -  Model step took 0.12246322631835938 seconds
2024_09_15_T02:46:32 -  Model step started
2024_09_15_T02:46:32 -  Model step took 0.12209606170654297 seconds
2024_09_15_T02:46:37 -  Model step started
2024_09_15_T02:46:37 -  Model step took 0.12460899353027344 seconds
2024_09_15_T02:46:42 -  Model step started
2024_09_15_T02:46:42 -  Model step took 0.1235659122467041 seconds
2024_09_15_T02:46:47 -  Model step started
2024_09_15_T02:46:48 -  Model step took 0.12820696830749512 seconds
2024_09_15_T02:46:53 -  Model step started
2024_09_15_T02:46:53 -  Model step took 0.12719202041625977 seconds
2024_09_15_T02:46:58 -  Model step started
2024_09_15_T02:46:58 -  Model step took 0.12781596183776855 seconds
2024_09_15_T02:47:03 -  Model step started
2024_09_15_T02:47:03 -  Model step took 0.1274569034576416 seconds
2024_09_15_T02:47:08 -  Model step started
2024_09_15_T02:47:08 -  Model step took 0.13026714324951172 seconds
2024_09_15_T02:47:13 -  Model step started
2024_09_15_T02:47:13 -  Model step took 0.13065409660339355 seconds
2024_09_15_T02:47:18 -  Model step started
2024_09_15_T02:47:18 -  Model step took 0.1311650276184082 seconds
2024_09_15_T02:47:23 -  Model step started
2024_09_15_T02:47:23 -  Model step took 0.13031816482543945 seconds
2024_09_15_T02:47:28 -  Model step started
2024_09_15_T02:47:28 -  Model step took 0.13220500946044922 seconds
2024_09_15_T02:47:33 -  Model step started
2024_09_15_T02:47:33 -  Model step took 0.13842177391052246 seconds
2024_09_15_T02:47:38 -  Model step started
2024_09_15_T02:47:38 -  Model step took 0.13508892059326172 seconds
2024_09_15_T02:47:42 -  Model step started
2024_09_15_T02:47:43 -  Model step took 0.14015793800354004 seconds
2024_09_15_T02:47:47 -  Model step started
2024_09_15_T02:47:47 -  Model step took 0.1389598846435547 seconds
2024_09_15_T02:47:52 -  Model step started
2024_09_15_T02:47:52 -  Model step took 0.135908842086792 seconds
2024_09_15_T02:47:57 -  Model step started
2024_09_15_T02:47:57 -  Model step took 0.13803911209106445 seconds
2024_09_15_T02:48:01 -  Model step started
2024_09_15_T02:48:02 -  Model step took 0.14264988899230957 seconds
2024_09_15_T02:48:06 -  Model step started
2024_09_15_T02:48:06 -  Model step took 0.14137601852416992 seconds
2024_09_15_T02:48:11 -  Model step started
2024_09_15_T02:48:11 -  Model step took 0.14326786994934082 seconds
2024_09_15_T02:48:15 -  Model step started
2024_09_15_T02:48:15 -  Model step took 0.14484882354736328 seconds
2024_09_15_T02:48:20 -  Model step started
2024_09_15_T02:48:20 -  Model step took 0.13943910598754883 seconds
2024_09_15_T02:48:24 -  Model step started
2024_09_15_T02:48:24 -  Model step took 0.14267992973327637 seconds
2024_09_15_T02:48:29 -  Model step started
2024_09_15_T02:48:29 -  Model step took 0.14860010147094727 seconds
2024_09_15_T02:48:33 -  Model step started
2024_09_15_T02:48:33 -  Model step took 0.15225005149841309 seconds
2024_09_15_T02:48:37 -  Model step started
2024_09_15_T02:48:37 -  Model step took 0.14390993118286133 seconds
2024_09_15_T02:48:42 -  Model step started
2024_09_15_T02:48:42 -  Model step took 0.14836597442626953 seconds
2024_09_15_T02:48:46 -  Model step started
2024_09_15_T02:48:46 -  Model step took 0.14979791641235352 seconds
2024_09_15_T02:48:50 -  Model step started
2024_09_15_T02:48:50 -  Model step took 0.1531081199645996 seconds
2024_09_15_T02:48:54 -  Model step started
2024_09_15_T02:48:55 -  Model step took 0.15124297142028809 seconds
2024_09_15_T02:48:59 -  Model step started
2024_09_15_T02:48:59 -  Model step took 0.15267705917358398 seconds
2024_09_15_T02:49:03 -  Model step started
2024_09_15_T02:49:03 -  Model step took 0.1478710174560547 seconds
2024_09_15_T02:49:07 -  Model step started
2024_09_15_T02:49:07 -  Model step took 0.1508958339691162 seconds
2024_09_15_T02:49:11 -  Model step started
2024_09_15_T02:49:11 -  Model step took 0.151824951171875 seconds
2024_09_15_T02:49:15 -  Model step started
2024_09_15_T02:49:15 -  Model step took 0.1603260040283203 seconds
2024_09_15_T02:49:19 -  Model step started
2024_09_15_T02:49:19 -  Model step took 0.15249013900756836 seconds
2024_09_15_T02:49:23 -  Model step started
2024_09_15_T02:49:23 -  Model step took 0.16126704216003418 seconds
