2024_09_03_T22:30:16 -  finished initateHouses in 0.4696080684661865 seconds
2024_09_03_T22:30:16 -  finished initiateHouseholds in 0.7277331352233887 seconds
2024_09_03_T22:30:16 -  finished assignHousesToHouseholds in 0.9772341251373291 seconds
2024_09_03_T22:30:26 -  Model step started
2024_09_03_T22:30:27 -  Model step took 0.7229499816894531 seconds
2024_09_03_T22:30:28 -  Model step started
2024_09_03_T22:30:28 -  Model step took 0.024049997329711914 seconds
2024_09_03_T22:30:29 -  Model step started
2024_09_03_T22:30:29 -  Model step took 0.013423919677734375 seconds
2024_09_03_T22:30:31 -  Model step started
2024_09_03_T22:30:31 -  Model step took 0.013270139694213867 seconds
2024_09_03_T22:30:34 -  Model step started
2024_09_03_T22:30:34 -  Model step took 0.02773284912109375 seconds
2024_09_03_T22:30:36 -  Model step started
2024_09_03_T22:30:36 -  Model step took 0.019205093383789062 seconds
2024_09_03_T22:30:37 -  Model step started
2024_09_03_T22:30:37 -  Model step took 0.02321314811706543 seconds
2024_09_03_T22:30:38 -  Model step started
2024_09_03_T22:30:38 -  Model step took 0.016621828079223633 seconds
2024_09_03_T22:30:39 -  Model step started
2024_09_03_T22:30:39 -  Model step took 0.016304969787597656 seconds
2024_09_03_T22:30:40 -  Model step started
2024_09_03_T22:30:40 -  Model step took 0.014251947402954102 seconds
2024_09_03_T22:30:41 -  Model step started
2024_09_03_T22:30:41 -  Model step took 0.014104127883911133 seconds
2024_09_03_T22:30:42 -  Model step started
2024_09_03_T22:30:42 -  Model step took 0.016841888427734375 seconds
2024_09_03_T22:30:43 -  Model step started
2024_09_03_T22:30:43 -  Model step took 0.014394998550415039 seconds
2024_09_03_T22:30:44 -  Model step started
2024_09_03_T22:30:45 -  Model step took 0.022542953491210938 seconds
2024_09_03_T22:30:46 -  Model step started
2024_09_03_T22:30:46 -  Model step took 0.02267313003540039 seconds
2024_09_03_T22:30:47 -  Model step started
2024_09_03_T22:30:47 -  Model step took 0.016289949417114258 seconds
