2024_07_25_T21:50:40 -  finished initateHouses in 0.34425997734069824 seconds
2024_07_25_T21:50:40 -  finished initiateHouseholds in 0.49478602409362793 seconds
2024_07_25_T21:50:43 -  finished assignHousesToHouseholds in 2.9839179515838623 seconds
2024_07_25_T21:51:24 -  Model step started
2024_07_25_T21:52:47 -  Model step took 83.55902981758118 seconds
2024_07_25_T21:53:25 -  Model step started
2024_07_25_T21:54:07 -  Model step took 41.509761810302734 seconds
2024_07_25_T21:54:45 -  Model step started
2024_07_25_T21:55:17 -  Model step took 31.73556900024414 seconds
2024_07_25_T21:55:56 -  Model step started
2024_07_25_T21:56:26 -  Model step took 29.56298804283142 seconds
2024_07_25_T21:57:05 -  Model step started
2024_07_25_T21:57:33 -  Model step took 27.712318897247314 seconds
2024_07_25_T21:58:12 -  Model step started
2024_07_25_T21:58:39 -  Model step took 27.313120126724243 seconds
2024_07_25_T21:59:18 -  Model step started
2024_07_25_T21:59:45 -  Model step took 26.698628902435303 seconds
2024_07_25_T22:00:24 -  Model step started
2024_07_25_T22:00:50 -  Model step took 26.01436495780945 seconds
2024_07_25_T22:01:30 -  Model step started
2024_07_25_T22:01:56 -  Model step took 25.947752952575684 seconds
2024_07_25_T22:02:36 -  Model step started
2024_07_25_T22:03:01 -  Model step took 24.877485990524292 seconds
2024_07_25_T22:03:41 -  Model step started
2024_07_25_T22:04:02 -  Model step took 21.44308614730835 seconds
2024_07_25_T22:04:41 -  Model step started
2024_07_25_T22:05:03 -  Model step took 21.1725070476532 seconds
