2024_09_17_T22:12:28 -  finished initateHouses in 0.8559150695800781 seconds
2024_09_17_T22:12:28 -  finished initiateHouseholds in 1.3931341171264648 seconds
2024_09_17_T22:12:28 -  finished assignHousesToHouseholds in 1.6425950527191162 seconds
2024_09_17_T22:12:52 -  Model step started
2024_09_17_T22:12:56 -  Model step took 3.7109909057617188 seconds
2024_09_17_T22:13:14 -  Model step started
2024_09_17_T22:13:15 -  Model step took 0.7790329456329346 seconds
2024_09_17_T22:13:28 -  Model step started
2024_09_17_T22:13:29 -  Model step took 0.9519059658050537 seconds
2024_09_17_T22:13:43 -  Model step started
2024_09_17_T22:13:44 -  Model step took 0.7003448009490967 seconds
2024_09_17_T22:13:58 -  Model step started
2024_09_17_T22:13:58 -  Model step took 0.680473804473877 seconds
2024_09_17_T22:14:12 -  Model step started
2024_09_17_T22:14:12 -  Model step took 0.7009329795837402 seconds
2024_09_17_T22:14:24 -  Model step started
2024_09_17_T22:14:25 -  Model step took 0.5920310020446777 seconds
2024_09_17_T22:14:37 -  Model step started
2024_09_17_T22:14:37 -  Model step took 0.45998096466064453 seconds
2024_09_17_T22:14:52 -  Model step started
2024_09_17_T22:14:53 -  Model step took 0.5513689517974854 seconds
2024_09_17_T22:15:08 -  Model step started
2024_09_17_T22:15:08 -  Model step took 0.5223090648651123 seconds
2024_09_17_T22:15:20 -  Model step started
2024_09_17_T22:15:21 -  Model step took 0.452617883682251 seconds
2024_09_17_T22:15:33 -  Model step started
2024_09_17_T22:15:34 -  Model step took 0.4837210178375244 seconds
2024_09_17_T22:15:46 -  Model step started
2024_09_17_T22:15:46 -  Model step took 0.42809319496154785 seconds
2024_09_17_T22:15:58 -  Model step started
2024_09_17_T22:15:59 -  Model step took 0.4279510974884033 seconds
2024_09_17_T22:16:16 -  Model step started
2024_09_17_T22:16:16 -  Model step took 0.4428091049194336 seconds
2024_09_17_T22:16:29 -  Model step started
2024_09_17_T22:16:29 -  Model step took 0.4161410331726074 seconds
2024_09_17_T22:16:41 -  Model step started
2024_09_17_T22:16:43 -  Model step took 1.6694669723510742 seconds
2024_09_17_T22:16:55 -  Model step started
2024_09_17_T22:16:56 -  Model step took 0.9355149269104004 seconds
2024_09_17_T22:17:17 -  Model step started
2024_09_17_T22:17:18 -  Model step took 1.4460420608520508 seconds
2024_09_17_T22:17:37 -  Model step started
2024_09_17_T22:17:38 -  Model step took 1.3669841289520264 seconds
2024_09_17_T22:17:56 -  Model step started
2024_09_17_T22:17:57 -  Model step took 1.3157570362091064 seconds
2024_09_17_T22:18:14 -  Model step started
2024_09_17_T22:18:15 -  Model step took 1.4789018630981445 seconds
2024_09_17_T22:18:33 -  Model step started
2024_09_17_T22:18:35 -  Model step took 2.664566993713379 seconds
2024_09_17_T22:18:53 -  Model step started
2024_09_17_T22:18:54 -  Model step took 1.7281930446624756 seconds
