2024_09_11_T23:28:45 -  finished initateHouses in 0.34838294982910156 seconds
2024_09_11_T23:28:45 -  finished initiateHouseholds in 0.5790328979492188 seconds
2024_09_11_T23:28:45 -  finished assignHousesToHouseholds in 0.9335401058197021 seconds
2024_09_11_T23:29:46 -  Model step started
2024_09_11_T23:30:28 -  Model step took 42.00205707550049 seconds
2024_09_11_T23:31:28 -  Model step started
2024_09_11_T23:32:18 -  Model step took 50.28088593482971 seconds
2024_09_11_T23:33:18 -  Model step started
2024_09_11_T23:34:00 -  Model step took 42.279898166656494 seconds
2024_09_11_T23:35:00 -  Model step started
2024_09_11_T23:35:37 -  Model step took 36.811355113983154 seconds
2024_09_11_T23:36:36 -  Model step started
2024_09_11_T23:37:14 -  Model step took 37.76730704307556 seconds
2024_09_11_T23:38:13 -  Model step started
2024_09_11_T23:38:54 -  Model step took 40.2783420085907 seconds
2024_09_11_T23:39:54 -  Model step started
2024_09_11_T23:40:39 -  Model step took 44.81278991699219 seconds
2024_09_11_T23:41:38 -  Model step started
2024_09_11_T23:42:24 -  Model step took 45.205426931381226 seconds
2024_09_11_T23:43:24 -  Model step started
2024_09_11_T23:44:15 -  Model step took 51.25905394554138 seconds
2024_09_11_T23:45:17 -  Model step started
2024_09_11_T23:46:11 -  Model step took 54.497503995895386 seconds
2024_09_11_T23:47:12 -  Model step started
2024_09_11_T23:48:07 -  Model step took 55.39809489250183 seconds
2024_09_11_T23:49:09 -  Model step started
2024_09_11_T23:50:04 -  Model step took 54.8732590675354 seconds
2024_09_11_T23:51:06 -  Model step started
2024_09_11_T23:51:59 -  Model step took 53.50196886062622 seconds
2024_09_11_T23:52:59 -  Model step started
2024_09_11_T23:53:53 -  Model step took 53.72921895980835 seconds
2024_09_11_T23:54:52 -  Model step started
2024_09_11_T23:55:43 -  Model step took 50.918927907943726 seconds
