2024_10_02_T19:35:25 -  finished initateHouses in 0.7160360813140869 seconds
2024_10_02_T19:35:25 -  finished initiateHouseholds in 0.9665701389312744 seconds
2024_10_02_T19:35:25 -  finished assignHousesToHouseholds in 1.1549320220947266 seconds
2024_10_02_T19:35:35 -  Model step started
2024_10_02_T19:35:36 -  Model step took 0.9721031188964844 seconds
2024_10_02_T19:35:38 -  Model step started
2024_10_02_T19:35:38 -  Model step took 0.15734410285949707 seconds
2024_10_02_T19:35:40 -  Model step started
2024_10_02_T19:35:40 -  Model step took 0.13263607025146484 seconds
2024_10_02_T19:35:42 -  Model step started
2024_10_02_T19:35:42 -  Model step took 0.12083101272583008 seconds
2024_10_02_T19:35:44 -  Model step started
2024_10_02_T19:35:44 -  Model step took 0.11593985557556152 seconds
2024_10_02_T19:35:46 -  Model step started
2024_10_02_T19:35:46 -  Model step took 0.10472512245178223 seconds
2024_10_02_T19:35:48 -  Model step started
2024_10_02_T19:35:48 -  Model step took 0.0796210765838623 seconds
2024_10_02_T19:35:50 -  Model step started
2024_10_02_T19:35:50 -  Model step took 0.07337403297424316 seconds
2024_10_02_T19:35:52 -  Model step started
2024_10_02_T19:35:52 -  Model step took 0.06499886512756348 seconds
2024_10_02_T19:35:54 -  Model step started
2024_10_02_T19:35:54 -  Model step took 0.06576704978942871 seconds
2024_10_02_T19:35:56 -  Model step started
2024_10_02_T19:35:56 -  Model step took 0.07112908363342285 seconds
2024_10_02_T19:35:58 -  Model step started
2024_10_02_T19:35:58 -  Model step took 0.05815601348876953 seconds
2024_10_02_T19:36:00 -  Model step started
2024_10_02_T19:36:00 -  Model step took 0.05823802947998047 seconds
2024_10_02_T19:36:02 -  Model step started
2024_10_02_T19:36:02 -  Model step took 0.06012892723083496 seconds
2024_10_02_T19:36:04 -  Model step started
2024_10_02_T19:36:04 -  Model step took 0.054730892181396484 seconds
2024_10_02_T19:36:06 -  Model step started
2024_10_02_T19:36:06 -  Model step took 0.05419492721557617 seconds
2024_10_02_T19:36:08 -  Model step started
2024_10_02_T19:36:08 -  Model step took 0.04755806922912598 seconds
2024_10_02_T19:36:10 -  Model step started
2024_10_02_T19:36:10 -  Model step took 0.04940390586853027 seconds
2024_10_02_T19:36:12 -  Model step started
2024_10_02_T19:36:12 -  Model step took 0.04836893081665039 seconds
2024_10_02_T19:36:14 -  Model step started
2024_10_02_T19:36:14 -  Model step took 0.04354095458984375 seconds
2024_10_02_T19:36:16 -  Model step started
2024_10_02_T19:36:16 -  Model step took 0.042466163635253906 seconds
2024_10_02_T19:36:18 -  Model step started
2024_10_02_T19:36:18 -  Model step took 0.05666804313659668 seconds
2024_10_02_T19:36:20 -  Model step started
2024_10_02_T19:36:20 -  Model step took 0.056181907653808594 seconds
2024_10_02_T19:36:23 -  Model step started
2024_10_02_T19:36:23 -  Model step took 0.05014395713806152 seconds
