2024_10_03_T12:26:48 -  finished initateHouses in 0.647590160369873 seconds
2024_10_03_T12:26:48 -  finished initiateHouseholds in 0.9004180431365967 seconds
2024_10_03_T12:26:48 -  finished assignHousesToHouseholds in 1.0785610675811768 seconds
2024_10_03_T12:26:57 -  Model step started
2024_10_03_T12:26:57 -  clearHangingSupplies started
2024_10_03_T12:26:57 -  clearHangingSupplies took 0.0048711299896240234
2024_10_03_T12:26:57 -  clearHangingRentalSupplies started
2024_10_03_T12:26:57 -  clearHangingRentalSupplies took 0.011530876159667969
2024_10_03_T12:26:57 -  clearHouseMarket started
2024_10_03_T12:26:57 -  clearHouseMarket - first block took 0.26323604583740234
2024_10_03_T12:26:58 -  clearHouseMarket - second block took 0.23493099212646484
2024_10_03_T12:26:58 -  clearHouseMarket - third block took 0.017030000686645508
2024_10_03_T12:26:58 -  clearRentalMarket started
2024_10_03_T12:26:58 -  clearRentalMarket - first block took 0.1628711223602295
2024_10_03_T12:26:58 -  clearRentalMarket - second block took 0.030710935592651367
2024_10_03_T12:26:58 -  Model step took 0.8838949203491211 seconds
2024_10_03_T12:27:00 -  Model step started
2024_10_03_T12:27:00 -  clearHangingSupplies started
2024_10_03_T12:27:00 -  clearHangingSupplies took 0.00014019012451171875
2024_10_03_T12:27:00 -  clearHangingRentalSupplies started
2024_10_03_T12:27:00 -  clearHangingRentalSupplies took 3.0994415283203125e-5
2024_10_03_T12:27:00 -  clearHouseMarket started
2024_10_03_T12:27:00 -  clearHouseMarket - first block took 0.11600208282470703
2024_10_03_T12:27:00 -  clearHouseMarket - second block took 0.0047490596771240234
2024_10_03_T12:27:00 -  clearHouseMarket - third block took 0.00022602081298828125
2024_10_03_T12:27:00 -  clearRentalMarket started
2024_10_03_T12:27:00 -  clearRentalMarket - first block took 0.015166997909545898
2024_10_03_T12:27:00 -  clearRentalMarket - second block took 0.00023221969604492188
2024_10_03_T12:27:00 -  Model step took 0.14600419998168945 seconds
2024_10_03_T12:27:01 -  Model step started
2024_10_03_T12:27:01 -  clearHangingSupplies started
2024_10_03_T12:27:01 -  clearHangingSupplies took 0.00010204315185546875
2024_10_03_T12:27:01 -  clearHangingRentalSupplies started
2024_10_03_T12:27:01 -  clearHangingRentalSupplies took 3.790855407714844e-5
2024_10_03_T12:27:01 -  clearHouseMarket started
2024_10_03_T12:27:02 -  clearHouseMarket - first block took 0.10689711570739746
2024_10_03_T12:27:02 -  clearHouseMarket - second block took 0.007167816162109375
2024_10_03_T12:27:02 -  clearHouseMarket - third block took 0.00023412704467773438
2024_10_03_T12:27:02 -  clearRentalMarket started
2024_10_03_T12:27:02 -  clearRentalMarket - first block took 0.00609898567199707
2024_10_03_T12:27:02 -  clearRentalMarket - second block took 0.0001499652862548828
2024_10_03_T12:27:02 -  Model step took 0.1354389190673828 seconds
2024_10_03_T12:27:03 -  Model step started
2024_10_03_T12:27:03 -  clearHangingSupplies started
2024_10_03_T12:27:03 -  clearHangingSupplies took 0.010335922241210938
2024_10_03_T12:27:03 -  clearHangingRentalSupplies started
2024_10_03_T12:27:03 -  clearHangingRentalSupplies took 3.600120544433594e-5
2024_10_03_T12:27:03 -  clearHouseMarket started
2024_10_03_T12:27:03 -  clearHouseMarket - first block took 0.09498310089111328
2024_10_03_T12:27:03 -  clearHouseMarket - second block took 0.002238035202026367
2024_10_03_T12:27:03 -  clearHouseMarket - third block took 0.00019502639770507812
2024_10_03_T12:27:03 -  clearRentalMarket started
2024_10_03_T12:27:03 -  clearRentalMarket - first block took 0.00905299186706543
2024_10_03_T12:27:03 -  clearRentalMarket - second block took 0.00024890899658203125
2024_10_03_T12:27:03 -  Model step took 0.12648916244506836 seconds
2024_10_03_T12:27:05 -  Model step started
2024_10_03_T12:27:05 -  clearHangingSupplies started
2024_10_03_T12:27:05 -  clearHangingSupplies took 8.20159912109375e-5
2024_10_03_T12:27:05 -  clearHangingRentalSupplies started
2024_10_03_T12:27:05 -  clearHangingRentalSupplies took 2.8133392333984375e-5
2024_10_03_T12:27:05 -  clearHouseMarket started
2024_10_03_T12:27:05 -  clearHouseMarket - first block took 0.08509397506713867
2024_10_03_T12:27:05 -  clearHouseMarket - second block took 0.002507925033569336
2024_10_03_T12:27:05 -  clearHouseMarket - third block took 0.0002110004425048828
2024_10_03_T12:27:05 -  clearRentalMarket started
2024_10_03_T12:27:05 -  clearRentalMarket - first block took 0.011993169784545898
2024_10_03_T12:27:05 -  clearRentalMarket - second block took 0.0002810955047607422
2024_10_03_T12:27:05 -  Model step took 0.10912799835205078 seconds
2024_10_03_T12:27:07 -  Model step started
2024_10_03_T12:27:07 -  clearHangingSupplies started
2024_10_03_T12:27:07 -  clearHangingSupplies took 0.00019288063049316406
2024_10_03_T12:27:07 -  clearHangingRentalSupplies started
2024_10_03_T12:27:07 -  clearHangingRentalSupplies took 3.0040740966796875e-5
2024_10_03_T12:27:07 -  clearHouseMarket started
2024_10_03_T12:27:07 -  clearHouseMarket - first block took 0.06056380271911621
2024_10_03_T12:27:07 -  clearHouseMarket - second block took 0.0019450187683105469
2024_10_03_T12:27:07 -  clearHouseMarket - third block took 0.00023984909057617188
2024_10_03_T12:27:07 -  clearRentalMarket started
2024_10_03_T12:27:07 -  clearRentalMarket - first block took 0.0050199031829833984
2024_10_03_T12:27:07 -  clearRentalMarket - second block took 0.00011420249938964844
2024_10_03_T12:27:07 -  Model step took 0.07674407958984375 seconds
2024_10_03_T12:27:09 -  Model step started
2024_10_03_T12:27:09 -  clearHangingSupplies started
2024_10_03_T12:27:09 -  clearHangingSupplies took 7.200241088867188e-5
2024_10_03_T12:27:09 -  clearHangingRentalSupplies started
2024_10_03_T12:27:09 -  clearHangingRentalSupplies took 3.0994415283203125e-5
2024_10_03_T12:27:09 -  clearHouseMarket started
2024_10_03_T12:27:09 -  clearHouseMarket - first block took 0.055470943450927734
2024_10_03_T12:27:09 -  clearHouseMarket - second block took 0.004889011383056641
2024_10_03_T12:27:09 -  clearHouseMarket - third block took 0.00021004676818847656
2024_10_03_T12:27:09 -  clearRentalMarket started
2024_10_03_T12:27:09 -  clearRentalMarket - first block took 0.005727052688598633
2024_10_03_T12:27:09 -  clearRentalMarket - second block took 6.699562072753906e-5
2024_10_03_T12:27:09 -  Model step took 0.08136391639709473 seconds
2024_10_03_T12:27:10 -  Model step started
2024_10_03_T12:27:10 -  clearHangingSupplies started
2024_10_03_T12:27:10 -  clearHangingSupplies took 6.914138793945312e-5
2024_10_03_T12:27:10 -  clearHangingRentalSupplies started
2024_10_03_T12:27:10 -  clearHangingRentalSupplies took 4.696846008300781e-5
2024_10_03_T12:27:10 -  clearHouseMarket started
2024_10_03_T12:27:11 -  clearHouseMarket - first block took 0.05126690864562988
2024_10_03_T12:27:11 -  clearHouseMarket - second block took 0.001706838607788086
2024_10_03_T12:27:11 -  clearHouseMarket - third block took 0.00020003318786621094
2024_10_03_T12:27:11 -  clearRentalMarket started
2024_10_03_T12:27:11 -  clearRentalMarket - first block took 0.008131027221679688
2024_10_03_T12:27:11 -  clearRentalMarket - second block took 0.00012803077697753906
2024_10_03_T12:27:11 -  Model step took 0.07005691528320312 seconds
2024_10_03_T12:27:12 -  Model step started
2024_10_03_T12:27:12 -  clearHangingSupplies started
2024_10_03_T12:27:12 -  clearHangingSupplies took 5.793571472167969e-5
2024_10_03_T12:27:12 -  clearHangingRentalSupplies started
2024_10_03_T12:27:12 -  clearHangingRentalSupplies took 5.1021575927734375e-5
2024_10_03_T12:27:12 -  clearHouseMarket started
2024_10_03_T12:27:12 -  clearHouseMarket - first block took 0.046762943267822266
2024_10_03_T12:27:12 -  clearHouseMarket - second block took 0.0002548694610595703
2024_10_03_T12:27:12 -  clearHouseMarket - third block took 0.0001709461212158203
2024_10_03_T12:27:12 -  clearRentalMarket started
2024_10_03_T12:27:12 -  clearRentalMarket - first block took 0.00803685188293457
2024_10_03_T12:27:12 -  clearRentalMarket - second block took 0.00011181831359863281
2024_10_03_T12:27:12 -  Model step took 0.06374597549438477 seconds
2024_10_03_T12:27:14 -  Model step started
2024_10_03_T12:27:14 -  clearHangingSupplies started
2024_10_03_T12:27:14 -  clearHangingSupplies took 0.0002460479736328125
2024_10_03_T12:27:14 -  clearHangingRentalSupplies started
2024_10_03_T12:27:14 -  clearHangingRentalSupplies took 0.00011205673217773438
2024_10_03_T12:27:14 -  clearHouseMarket started
2024_10_03_T12:27:14 -  clearHouseMarket - first block took 0.05019712448120117
2024_10_03_T12:27:14 -  clearHouseMarket - second block took 0.0010218620300292969
2024_10_03_T12:27:14 -  clearHouseMarket - third block took 0.00016999244689941406
2024_10_03_T12:27:14 -  clearRentalMarket started
2024_10_03_T12:27:14 -  clearRentalMarket - first block took 0.007999897003173828
2024_10_03_T12:27:14 -  clearRentalMarket - second block took 0.00010991096496582031
2024_10_03_T12:27:14 -  Model step took 0.06919217109680176 seconds
2024_10_03_T12:27:16 -  Model step started
2024_10_03_T12:27:16 -  clearHangingSupplies started
2024_10_03_T12:27:16 -  clearHangingSupplies took 7.009506225585938e-5
2024_10_03_T12:27:16 -  clearHangingRentalSupplies started
2024_10_03_T12:27:16 -  clearHangingRentalSupplies took 6.198883056640625e-5
2024_10_03_T12:27:16 -  clearHouseMarket started
2024_10_03_T12:27:16 -  clearHouseMarket - first block took 0.039034128189086914
2024_10_03_T12:27:16 -  clearHouseMarket - second block took 0.0021011829376220703
2024_10_03_T12:27:16 -  clearHouseMarket - third block took 0.0002551078796386719
2024_10_03_T12:27:16 -  clearRentalMarket started
2024_10_03_T12:27:16 -  clearRentalMarket - first block took 0.01287698745727539
2024_10_03_T12:27:16 -  clearRentalMarket - second block took 0.00015091896057128906
2024_10_03_T12:27:16 -  Model step took 0.06278204917907715 seconds
2024_10_03_T12:27:18 -  Model step started
2024_10_03_T12:27:18 -  clearHangingSupplies started
2024_10_03_T12:27:18 -  clearHangingSupplies took 7.009506225585938e-5
2024_10_03_T12:27:18 -  clearHangingRentalSupplies started
2024_10_03_T12:27:18 -  clearHangingRentalSupplies took 8.487701416015625e-5
2024_10_03_T12:27:18 -  clearHouseMarket started
2024_10_03_T12:27:18 -  clearHouseMarket - first block took 0.03901791572570801
2024_10_03_T12:27:18 -  clearHouseMarket - second block took 0.0010769367218017578
2024_10_03_T12:27:18 -  clearHouseMarket - third block took 0.00018286705017089844
2024_10_03_T12:27:18 -  clearRentalMarket started
2024_10_03_T12:27:18 -  clearRentalMarket - first block took 0.008981943130493164
2024_10_03_T12:27:18 -  clearRentalMarket - second block took 0.00010895729064941406
2024_10_03_T12:27:18 -  Model step took 0.05863380432128906 seconds
2024_10_03_T12:27:20 -  Model step started
2024_10_03_T12:27:20 -  clearHangingSupplies started
2024_10_03_T12:27:20 -  clearHangingSupplies took 6.318092346191406e-5
2024_10_03_T12:27:20 -  clearHangingRentalSupplies started
2024_10_03_T12:27:20 -  clearHangingRentalSupplies took 0.00010204315185546875
2024_10_03_T12:27:20 -  clearHouseMarket started
2024_10_03_T12:27:20 -  clearHouseMarket - first block took 0.03989291191101074
2024_10_03_T12:27:20 -  clearHouseMarket - second block took 0.0009288787841796875
2024_10_03_T12:27:20 -  clearHouseMarket - third block took 0.00024700164794921875
2024_10_03_T12:27:20 -  clearRentalMarket started
2024_10_03_T12:27:20 -  clearRentalMarket - first block took 0.011805057525634766
2024_10_03_T12:27:20 -  clearRentalMarket - second block took 0.000164031982421875
2024_10_03_T12:27:20 -  Model step took 0.06285405158996582 seconds
2024_10_03_T12:27:21 -  Model step started
2024_10_03_T12:27:21 -  clearHangingSupplies started
2024_10_03_T12:27:21 -  clearHangingSupplies took 5.1975250244140625e-5
2024_10_03_T12:27:21 -  clearHangingRentalSupplies started
2024_10_03_T12:27:21 -  clearHangingRentalSupplies took 0.00010895729064941406
2024_10_03_T12:27:21 -  clearHouseMarket started
2024_10_03_T12:27:21 -  clearHouseMarket - first block took 0.03463006019592285
2024_10_03_T12:27:21 -  clearHouseMarket - second block took 0.00040602684020996094
2024_10_03_T12:27:21 -  clearHouseMarket - third block took 0.00015306472778320312
2024_10_03_T12:27:21 -  clearRentalMarket started
2024_10_03_T12:27:21 -  clearRentalMarket - first block took 0.011612892150878906
2024_10_03_T12:27:21 -  clearRentalMarket - second block took 0.0001518726348876953
2024_10_03_T12:27:21 -  Model step took 0.060563087463378906 seconds
2024_10_03_T12:27:23 -  Model step started
2024_10_03_T12:27:23 -  clearHangingSupplies started
2024_10_03_T12:27:23 -  clearHangingSupplies took 4.601478576660156e-5
2024_10_03_T12:27:23 -  clearHangingRentalSupplies started
2024_10_03_T12:27:23 -  clearHangingRentalSupplies took 0.00011706352233886719
2024_10_03_T12:27:23 -  clearHouseMarket started
2024_10_03_T12:27:23 -  clearHouseMarket - first block took 0.037732839584350586
2024_10_03_T12:27:23 -  clearHouseMarket - second block took 0.0006060600280761719
2024_10_03_T12:27:23 -  clearHouseMarket - third block took 0.00015211105346679688
2024_10_03_T12:27:23 -  clearRentalMarket started
2024_10_03_T12:27:23 -  clearRentalMarket - first block took 0.01258397102355957
2024_10_03_T12:27:23 -  clearRentalMarket - second block took 0.0001239776611328125
2024_10_03_T12:27:23 -  Model step took 0.060441017150878906 seconds
2024_10_03_T12:27:25 -  Model step started
2024_10_03_T12:27:25 -  clearHangingSupplies started
2024_10_03_T12:27:25 -  clearHangingSupplies took 9.107589721679688e-5
2024_10_03_T12:27:25 -  clearHangingRentalSupplies started
2024_10_03_T12:27:25 -  clearHangingRentalSupplies took 0.00010514259338378906
2024_10_03_T12:27:25 -  clearHouseMarket started
2024_10_03_T12:27:25 -  clearHouseMarket - first block took 0.04416704177856445
2024_10_03_T12:27:25 -  clearHouseMarket - second block took 0.0009679794311523438
2024_10_03_T12:27:25 -  clearHouseMarket - third block took 0.0002319812774658203
2024_10_03_T12:27:25 -  clearRentalMarket started
2024_10_03_T12:27:25 -  clearRentalMarket - first block took 0.015156984329223633
2024_10_03_T12:27:25 -  clearRentalMarket - second block took 0.00018215179443359375
2024_10_03_T12:27:25 -  Model step took 0.07122111320495605 seconds
2024_10_03_T12:27:27 -  Model step started
2024_10_03_T12:27:27 -  clearHangingSupplies started
2024_10_03_T12:27:27 -  clearHangingSupplies took 0.00016689300537109375
2024_10_03_T12:27:27 -  clearHangingRentalSupplies started
2024_10_03_T12:27:27 -  clearHangingRentalSupplies took 0.00011301040649414062
2024_10_03_T12:27:27 -  clearHouseMarket started
2024_10_03_T12:27:27 -  clearHouseMarket - first block took 0.03262615203857422
2024_10_03_T12:27:27 -  clearHouseMarket - second block took 0.0009758472442626953
2024_10_03_T12:27:27 -  clearHouseMarket - third block took 0.000164031982421875
2024_10_03_T12:27:27 -  clearRentalMarket started
2024_10_03_T12:27:27 -  clearRentalMarket - first block took 0.021247148513793945
2024_10_03_T12:27:27 -  clearRentalMarket - second block took 0.0002071857452392578
2024_10_03_T12:27:27 -  Model step took 0.06439995765686035 seconds
2024_10_03_T12:27:29 -  Model step started
2024_10_03_T12:27:29 -  clearHangingSupplies started
2024_10_03_T12:27:29 -  clearHangingSupplies took 4.506111145019531e-5
2024_10_03_T12:27:29 -  clearHangingRentalSupplies started
2024_10_03_T12:27:29 -  clearHangingRentalSupplies took 0.00011587142944335938
2024_10_03_T12:27:29 -  clearHouseMarket started
2024_10_03_T12:27:29 -  clearHouseMarket - first block took 0.03267788887023926
2024_10_03_T12:27:29 -  clearHouseMarket - second block took 0.00047278404235839844
2024_10_03_T12:27:29 -  clearHouseMarket - third block took 0.00019598007202148438
2024_10_03_T12:27:29 -  clearRentalMarket started
2024_10_03_T12:27:29 -  clearRentalMarket - first block took 0.015156030654907227
2024_10_03_T12:27:29 -  clearRentalMarket - second block took 0.00017118453979492188
2024_10_03_T12:27:29 -  Model step took 0.05744314193725586 seconds
2024_10_03_T12:27:31 -  Model step started
2024_10_03_T12:27:31 -  clearHangingSupplies started
2024_10_03_T12:27:31 -  clearHangingSupplies took 5.91278076171875e-5
2024_10_03_T12:27:31 -  clearHangingRentalSupplies started
2024_10_03_T12:27:31 -  clearHangingRentalSupplies took 0.00013184547424316406
2024_10_03_T12:27:31 -  clearHouseMarket started
2024_10_03_T12:27:31 -  clearHouseMarket - first block took 0.029992103576660156
2024_10_03_T12:27:31 -  clearHouseMarket - second block took 0.00024700164794921875
2024_10_03_T12:27:31 -  clearHouseMarket - third block took 0.0002129077911376953
2024_10_03_T12:27:31 -  clearRentalMarket started
2024_10_03_T12:27:31 -  clearRentalMarket - first block took 0.015153884887695312
2024_10_03_T12:27:31 -  clearRentalMarket - second block took 0.00017189979553222656
2024_10_03_T12:27:31 -  Model step took 0.05417513847351074 seconds
2024_10_03_T12:27:32 -  Model step started
2024_10_03_T12:27:32 -  clearHangingSupplies started
2024_10_03_T12:27:32 -  clearHangingSupplies took 4.00543212890625e-5
2024_10_03_T12:27:32 -  clearHangingRentalSupplies started
2024_10_03_T12:27:32 -  clearHangingRentalSupplies took 0.0001327991485595703
2024_10_03_T12:27:32 -  clearHouseMarket started
2024_10_03_T12:27:32 -  clearHouseMarket - first block took 0.03033304214477539
2024_10_03_T12:27:32 -  clearHouseMarket - second block took 0.0007469654083251953
2024_10_03_T12:27:32 -  clearHouseMarket - third block took 0.0001590251922607422
2024_10_03_T12:27:32 -  clearRentalMarket started
2024_10_03_T12:27:32 -  clearRentalMarket - first block took 0.021012067794799805
2024_10_03_T12:27:32 -  clearRentalMarket - second block took 0.00017690658569335938
2024_10_03_T12:27:33 -  Model step took 0.06165313720703125 seconds
2024_10_03_T12:27:34 -  Model step started
2024_10_03_T12:27:34 -  clearHangingSupplies started
2024_10_03_T12:27:34 -  clearHangingSupplies took 7.796287536621094e-5
2024_10_03_T12:27:34 -  clearHangingRentalSupplies started
2024_10_03_T12:27:34 -  clearHangingRentalSupplies took 0.00020503997802734375
2024_10_03_T12:27:34 -  clearHouseMarket started
2024_10_03_T12:27:34 -  clearHouseMarket - first block took 0.02938985824584961
2024_10_03_T12:27:34 -  clearHouseMarket - second block took 0.0009019374847412109
2024_10_03_T12:27:34 -  clearHouseMarket - third block took 0.00017786026000976562
2024_10_03_T12:27:34 -  clearRentalMarket started
2024_10_03_T12:27:34 -  clearRentalMarket - first block took 0.018594026565551758
2024_10_03_T12:27:34 -  clearRentalMarket - second block took 0.0003409385681152344
2024_10_03_T12:27:34 -  Model step took 0.0585169792175293 seconds
2024_10_03_T12:27:36 -  Model step started
2024_10_03_T12:27:36 -  clearHangingSupplies started
2024_10_03_T12:27:36 -  clearHangingSupplies took 3.2901763916015625e-5
2024_10_03_T12:27:36 -  clearHangingRentalSupplies started
2024_10_03_T12:27:36 -  clearHangingRentalSupplies took 0.0001418590545654297
2024_10_03_T12:27:36 -  clearHouseMarket started
2024_10_03_T12:27:36 -  clearHouseMarket - first block took 0.026684045791625977
2024_10_03_T12:27:36 -  clearHouseMarket - second block took 0.0008721351623535156
2024_10_03_T12:27:36 -  clearHouseMarket - third block took 0.0001499652862548828
2024_10_03_T12:27:36 -  clearRentalMarket started
2024_10_03_T12:27:36 -  clearRentalMarket - first block took 0.018020153045654297
2024_10_03_T12:27:36 -  clearRentalMarket - second block took 0.00028705596923828125
2024_10_03_T12:27:36 -  Model step took 0.05991792678833008 seconds
2024_10_03_T12:27:38 -  Model step started
2024_10_03_T12:27:38 -  clearHangingSupplies started
2024_10_03_T12:27:38 -  clearHangingSupplies took 3.719329833984375e-5
2024_10_03_T12:27:38 -  clearHangingRentalSupplies started
2024_10_03_T12:27:38 -  clearHangingRentalSupplies took 0.0001888275146484375
2024_10_03_T12:27:38 -  clearHouseMarket started
2024_10_03_T12:27:38 -  clearHouseMarket - first block took 0.030943870544433594
2024_10_03_T12:27:38 -  clearHouseMarket - second block took 0.0004680156707763672
2024_10_03_T12:27:38 -  clearHouseMarket - third block took 0.00020885467529296875
2024_10_03_T12:27:38 -  clearRentalMarket started
2024_10_03_T12:27:38 -  clearRentalMarket - first block took 0.01873612403869629
2024_10_03_T12:27:38 -  clearRentalMarket - second block took 0.000202178955078125
2024_10_03_T12:27:38 -  Model step took 0.059886932373046875 seconds
2024_10_03_T12:27:40 -  Model step started
2024_10_03_T12:27:40 -  clearHangingSupplies started
2024_10_03_T12:27:40 -  clearHangingSupplies took 5.0067901611328125e-5
2024_10_03_T12:27:40 -  clearHangingRentalSupplies started
2024_10_03_T12:27:40 -  clearHangingRentalSupplies took 0.00016617774963378906
2024_10_03_T12:27:40 -  clearHouseMarket started
2024_10_03_T12:27:40 -  clearHouseMarket - first block took 0.025248050689697266
2024_10_03_T12:27:40 -  clearHouseMarket - second block took 4.00543212890625e-5
2024_10_03_T12:27:40 -  clearHouseMarket - third block took 0.00016307830810546875
2024_10_03_T12:27:40 -  clearRentalMarket started
2024_10_03_T12:27:40 -  clearRentalMarket - first block took 0.018299102783203125
2024_10_03_T12:27:40 -  clearRentalMarket - second block took 0.00020599365234375
2024_10_03_T12:27:40 -  Model step took 0.05301809310913086 seconds
2024_10_03_T12:27:42 -  Model step started
2024_10_03_T12:27:42 -  clearHangingSupplies started
2024_10_03_T12:27:42 -  clearHangingSupplies took 2.9087066650390625e-5
2024_10_03_T12:27:42 -  clearHangingRentalSupplies started
2024_10_03_T12:27:42 -  clearHangingRentalSupplies took 0.00015497207641601562
2024_10_03_T12:27:42 -  clearHouseMarket started
2024_10_03_T12:27:42 -  clearHouseMarket - first block took 0.029103994369506836
2024_10_03_T12:27:42 -  clearHouseMarket - second block took 0.0010819435119628906
2024_10_03_T12:27:42 -  clearHouseMarket - third block took 0.0002028942108154297
2024_10_03_T12:27:42 -  clearRentalMarket started
2024_10_03_T12:27:42 -  clearRentalMarket - first block took 0.018362998962402344
2024_10_03_T12:27:42 -  clearRentalMarket - second block took 0.0001499652862548828
2024_10_03_T12:27:42 -  Model step took 0.058049917221069336 seconds
2024_10_03_T12:27:44 -  Model step started
2024_10_03_T12:27:44 -  clearHangingSupplies started
2024_10_03_T12:27:44 -  clearHangingSupplies took 3.0994415283203125e-5
2024_10_03_T12:27:44 -  clearHangingRentalSupplies started
2024_10_03_T12:27:44 -  clearHangingRentalSupplies took 0.00016188621520996094
2024_10_03_T12:27:44 -  clearHouseMarket started
2024_10_03_T12:27:44 -  clearHouseMarket - first block took 0.024755001068115234
2024_10_03_T12:27:44 -  clearHouseMarket - second block took 0.0002980232238769531
2024_10_03_T12:27:44 -  clearHouseMarket - third block took 0.00014901161193847656
2024_10_03_T12:27:44 -  clearRentalMarket started
2024_10_03_T12:27:44 -  clearRentalMarket - first block took 0.021520137786865234
2024_10_03_T12:27:44 -  clearRentalMarket - second block took 0.00023794174194335938
2024_10_03_T12:27:44 -  Model step took 0.05553889274597168 seconds
2024_10_03_T12:27:46 -  Model step started
2024_10_03_T12:27:46 -  clearHangingSupplies started
2024_10_03_T12:27:46 -  clearHangingSupplies took 6.580352783203125e-5
2024_10_03_T12:27:46 -  clearHangingRentalSupplies started
2024_10_03_T12:27:46 -  clearHangingRentalSupplies took 0.00017786026000976562
2024_10_03_T12:27:46 -  clearHouseMarket started
2024_10_03_T12:27:46 -  clearHouseMarket - first block took 0.027000904083251953
2024_10_03_T12:27:46 -  clearHouseMarket - second block took 0.0008800029754638672
2024_10_03_T12:27:46 -  clearHouseMarket - third block took 0.00017499923706054688
2024_10_03_T12:27:46 -  clearRentalMarket started
2024_10_03_T12:27:46 -  clearRentalMarket - first block took 0.02297186851501465
2024_10_03_T12:27:46 -  clearRentalMarket - second block took 0.00023818016052246094
2024_10_03_T12:27:46 -  Model step took 0.06045722961425781 seconds
2024_10_03_T12:27:48 -  Model step started
2024_10_03_T12:27:48 -  clearHangingSupplies started
2024_10_03_T12:27:48 -  clearHangingSupplies took 3.3855438232421875e-5
2024_10_03_T12:27:48 -  clearHangingRentalSupplies started
2024_10_03_T12:27:48 -  clearHangingRentalSupplies took 0.0001990795135498047
2024_10_03_T12:27:48 -  clearHouseMarket started
2024_10_03_T12:27:48 -  clearHouseMarket - first block took 0.02289891242980957
2024_10_03_T12:27:48 -  clearHouseMarket - second block took 0.0010449886322021484
2024_10_03_T12:27:48 -  clearHouseMarket - third block took 0.0001628398895263672
2024_10_03_T12:27:48 -  clearRentalMarket started
2024_10_03_T12:27:48 -  clearRentalMarket - first block took 0.023318052291870117
2024_10_03_T12:27:48 -  clearRentalMarket - second block took 0.0002200603485107422
2024_10_03_T12:27:48 -  Model step took 0.06313109397888184 seconds
2024_10_03_T12:27:50 -  Model step started
2024_10_03_T12:27:50 -  clearHangingSupplies started
2024_10_03_T12:27:50 -  clearHangingSupplies took 4.100799560546875e-5
2024_10_03_T12:27:50 -  clearHangingRentalSupplies started
2024_10_03_T12:27:50 -  clearHangingRentalSupplies took 0.0001621246337890625
2024_10_03_T12:27:50 -  clearHouseMarket started
2024_10_03_T12:27:50 -  clearHouseMarket - first block took 0.02415299415588379
2024_10_03_T12:27:50 -  clearHouseMarket - second block took 0.0014710426330566406
2024_10_03_T12:27:50 -  clearHouseMarket - third block took 0.0002620220184326172
2024_10_03_T12:27:50 -  clearRentalMarket started
2024_10_03_T12:27:50 -  clearRentalMarket - first block took 0.022591829299926758
2024_10_03_T12:27:50 -  clearRentalMarket - second block took 0.00022602081298828125
2024_10_03_T12:27:50 -  Model step took 0.05791592597961426 seconds
2024_10_03_T12:27:52 -  Model step started
2024_10_03_T12:27:52 -  clearHangingSupplies started
2024_10_03_T12:27:52 -  clearHangingSupplies took 2.4080276489257812e-5
2024_10_03_T12:27:52 -  clearHangingRentalSupplies started
2024_10_03_T12:27:52 -  clearHangingRentalSupplies took 0.0001800060272216797
2024_10_03_T12:27:52 -  clearHouseMarket started
2024_10_03_T12:27:52 -  clearHouseMarket - first block took 0.017704010009765625
2024_10_03_T12:27:52 -  clearHouseMarket - second block took 0.0004639625549316406
2024_10_03_T12:27:52 -  clearHouseMarket - third block took 0.00022792816162109375
2024_10_03_T12:27:52 -  clearRentalMarket started
2024_10_03_T12:27:52 -  clearRentalMarket - first block took 0.027106046676635742
2024_10_03_T12:27:52 -  clearRentalMarket - second block took 0.0003139972686767578
2024_10_03_T12:27:52 -  Model step took 0.06052398681640625 seconds
2024_10_03_T12:27:54 -  Model step started
2024_10_03_T12:27:54 -  clearHangingSupplies started
2024_10_03_T12:27:54 -  clearHangingSupplies took 4.506111145019531e-5
2024_10_03_T12:27:54 -  clearHangingRentalSupplies started
2024_10_03_T12:27:54 -  clearHangingRentalSupplies took 0.0002460479736328125
2024_10_03_T12:27:54 -  clearHouseMarket started
2024_10_03_T12:27:54 -  clearHouseMarket - first block took 0.016501903533935547
2024_10_03_T12:27:54 -  clearHouseMarket - second block took 0.0007030963897705078
2024_10_03_T12:27:54 -  clearHouseMarket - third block took 0.0001990795135498047
2024_10_03_T12:27:54 -  clearRentalMarket started
2024_10_03_T12:27:54 -  clearRentalMarket - first block took 0.024825096130371094
2024_10_03_T12:27:54 -  clearRentalMarket - second block took 0.0002779960632324219
2024_10_03_T12:27:54 -  Model step took 0.05180501937866211 seconds
2024_10_03_T12:27:56 -  Model step started
2024_10_03_T12:27:56 -  clearHangingSupplies started
2024_10_03_T12:27:56 -  clearHangingSupplies took 2.2172927856445312e-5
2024_10_03_T12:27:56 -  clearHangingRentalSupplies started
2024_10_03_T12:27:56 -  clearHangingRentalSupplies took 0.00016999244689941406
2024_10_03_T12:27:56 -  clearHouseMarket started
2024_10_03_T12:27:56 -  clearHouseMarket - first block took 0.016147851943969727
2024_10_03_T12:27:56 -  clearHouseMarket - second block took 0.0004010200500488281
2024_10_03_T12:27:56 -  clearHouseMarket - third block took 0.0001819133758544922
2024_10_03_T12:27:56 -  clearRentalMarket started
2024_10_03_T12:27:56 -  clearRentalMarket - first block took 0.025012969970703125
2024_10_03_T12:27:56 -  clearRentalMarket - second block took 0.00025391578674316406
2024_10_03_T12:27:56 -  Model step took 0.05644798278808594 seconds
2024_10_03_T12:27:58 -  Model step started
2024_10_03_T12:27:58 -  clearHangingSupplies started
2024_10_03_T12:27:58 -  clearHangingSupplies took 2.8133392333984375e-5
2024_10_03_T12:27:58 -  clearHangingRentalSupplies started
2024_10_03_T12:27:58 -  clearHangingRentalSupplies took 0.0001919269561767578
2024_10_03_T12:27:58 -  clearHouseMarket started
2024_10_03_T12:27:58 -  clearHouseMarket - first block took 0.02009105682373047
2024_10_03_T12:27:58 -  clearHouseMarket - second block took 0.0006618499755859375
2024_10_03_T12:27:58 -  clearHouseMarket - third block took 0.00020694732666015625
2024_10_03_T12:27:58 -  clearRentalMarket started
2024_10_03_T12:27:58 -  clearRentalMarket - first block took 0.031236886978149414
2024_10_03_T12:27:58 -  clearRentalMarket - second block took 0.0005438327789306641
2024_10_03_T12:27:58 -  Model step took 0.06370997428894043 seconds
2024_10_03_T12:28:00 -  Model step started
2024_10_03_T12:28:00 -  clearHangingSupplies started
2024_10_03_T12:28:00 -  clearHangingSupplies took 2.193450927734375e-5
2024_10_03_T12:28:00 -  clearHangingRentalSupplies started
2024_10_03_T12:28:00 -  clearHangingRentalSupplies took 0.000202178955078125
2024_10_03_T12:28:00 -  clearHouseMarket started
2024_10_03_T12:28:00 -  clearHouseMarket - first block took 0.013550996780395508
2024_10_03_T12:28:00 -  clearHouseMarket - second block took 0.0007491111755371094
2024_10_03_T12:28:00 -  clearHouseMarket - third block took 0.00019693374633789062
2024_10_03_T12:28:00 -  clearRentalMarket started
2024_10_03_T12:28:00 -  clearRentalMarket - first block took 0.03334999084472656
2024_10_03_T12:28:00 -  clearRentalMarket - second block took 0.00028014183044433594
2024_10_03_T12:28:00 -  Model step took 0.057047128677368164 seconds
2024_10_03_T12:28:02 -  Model step started
2024_10_03_T12:28:02 -  clearHangingSupplies started
2024_10_03_T12:28:02 -  clearHangingSupplies took 1.5974044799804688e-5
2024_10_03_T12:28:02 -  clearHangingRentalSupplies started
2024_10_03_T12:28:02 -  clearHangingRentalSupplies took 0.00019502639770507812
2024_10_03_T12:28:02 -  clearHouseMarket started
2024_10_03_T12:28:02 -  clearHouseMarket - first block took 0.011622905731201172
2024_10_03_T12:28:02 -  clearHouseMarket - second block took 0.0008790493011474609
2024_10_03_T12:28:02 -  clearHouseMarket - third block took 0.00021886825561523438
2024_10_03_T12:28:02 -  clearRentalMarket started
2024_10_03_T12:28:02 -  clearRentalMarket - first block took 0.025269031524658203
2024_10_03_T12:28:02 -  clearRentalMarket - second block took 0.0001888275146484375
2024_10_03_T12:28:02 -  Model step took 0.04707813262939453 seconds
2024_10_03_T12:28:04 -  Model step started
2024_10_03_T12:28:04 -  clearHangingSupplies started
2024_10_03_T12:28:04 -  clearHangingSupplies took 2.09808349609375e-5
2024_10_03_T12:28:04 -  clearHangingRentalSupplies started
2024_10_03_T12:28:04 -  clearHangingRentalSupplies took 0.00021386146545410156
2024_10_03_T12:28:04 -  clearHouseMarket started
2024_10_03_T12:28:04 -  clearHouseMarket - first block took 0.010151147842407227
2024_10_03_T12:28:04 -  clearHouseMarket - second block took 0.0005240440368652344
2024_10_03_T12:28:04 -  clearHouseMarket - third block took 0.0001971721649169922
2024_10_03_T12:28:04 -  clearRentalMarket started
2024_10_03_T12:28:04 -  clearRentalMarket - first block took 0.032196044921875
2024_10_03_T12:28:04 -  clearRentalMarket - second block took 0.00023794174194335938
2024_10_03_T12:28:04 -  Model step took 0.05306506156921387 seconds
2024_10_03_T12:28:06 -  Model step started
2024_10_03_T12:28:06 -  clearHangingSupplies started
2024_10_03_T12:28:06 -  clearHangingSupplies took 1.6927719116210938e-5
2024_10_03_T12:28:06 -  clearHangingRentalSupplies started
2024_10_03_T12:28:06 -  clearHangingRentalSupplies took 0.00021791458129882812
2024_10_03_T12:28:06 -  clearHouseMarket started
2024_10_03_T12:28:06 -  clearHouseMarket - first block took 0.008721113204956055
2024_10_03_T12:28:06 -  clearHouseMarket - second block took 0.0009338855743408203
2024_10_03_T12:28:06 -  clearHouseMarket - third block took 0.0005538463592529297
2024_10_03_T12:28:06 -  clearRentalMarket started
2024_10_03_T12:28:06 -  clearRentalMarket - first block took 0.028257131576538086
2024_10_03_T12:28:06 -  clearRentalMarket - second block took 0.0002460479736328125
2024_10_03_T12:28:06 -  Model step took 0.0478060245513916 seconds
2024_10_03_T12:28:08 -  Model step started
2024_10_03_T12:28:08 -  clearHangingSupplies started
2024_10_03_T12:28:08 -  clearHangingSupplies took 1.5974044799804688e-5
2024_10_03_T12:28:08 -  clearHangingRentalSupplies started
2024_10_03_T12:28:08 -  clearHangingRentalSupplies took 0.00021600723266601562
2024_10_03_T12:28:08 -  clearHouseMarket started
2024_10_03_T12:28:08 -  clearHouseMarket - first block took 0.006173849105834961
2024_10_03_T12:28:08 -  clearHouseMarket - second block took 0.00055694580078125
2024_10_03_T12:28:08 -  clearHouseMarket - third block took 0.00022292137145996094
2024_10_03_T12:28:08 -  clearRentalMarket started
2024_10_03_T12:28:08 -  clearRentalMarket - first block took 0.028555870056152344
2024_10_03_T12:28:08 -  clearRentalMarket - second block took 0.00027108192443847656
2024_10_03_T12:28:08 -  Model step took 0.044792890548706055 seconds
2024_10_03_T12:28:10 -  Model step started
2024_10_03_T12:28:10 -  clearHangingSupplies started
2024_10_03_T12:28:10 -  clearHangingSupplies took 1.2874603271484375e-5
2024_10_03_T12:28:10 -  clearHangingRentalSupplies started
2024_10_03_T12:28:10 -  clearHangingRentalSupplies took 0.0002200603485107422
2024_10_03_T12:28:10 -  clearHouseMarket started
2024_10_03_T12:28:10 -  clearHouseMarket - first block took 0.006196022033691406
2024_10_03_T12:28:10 -  clearHouseMarket - second block took 0.0007770061492919922
2024_10_03_T12:28:10 -  clearHouseMarket - third block took 0.00032401084899902344
2024_10_03_T12:28:10 -  clearRentalMarket started
2024_10_03_T12:28:10 -  clearRentalMarket - first block took 0.03552103042602539
2024_10_03_T12:28:10 -  clearRentalMarket - second block took 0.00024008750915527344
2024_10_03_T12:28:10 -  Model step took 0.05230307579040527 seconds
2024_10_03_T12:28:12 -  Model step started
2024_10_03_T12:28:12 -  clearHangingSupplies started
2024_10_03_T12:28:12 -  clearHangingSupplies took 2.8848648071289062e-5
2024_10_03_T12:28:12 -  clearHangingRentalSupplies started
2024_10_03_T12:28:12 -  clearHangingRentalSupplies took 0.00023508071899414062
2024_10_03_T12:28:12 -  clearHouseMarket started
2024_10_03_T12:28:12 -  clearHouseMarket - first block took 0.00440216064453125
2024_10_03_T12:28:12 -  clearHouseMarket - second block took 0.0004379749298095703
2024_10_03_T12:28:12 -  clearHouseMarket - third block took 0.00018596649169921875
2024_10_03_T12:28:12 -  clearRentalMarket started
2024_10_03_T12:28:12 -  clearRentalMarket - first block took 0.030772924423217773
2024_10_03_T12:28:12 -  clearRentalMarket - second block took 0.0005168914794921875
2024_10_03_T12:28:12 -  Model step took 0.04659700393676758 seconds
2024_10_03_T12:28:14 -  Model step started
2024_10_03_T12:28:14 -  clearHangingSupplies started
2024_10_03_T12:28:14 -  clearHangingSupplies took 1.3113021850585938e-5
2024_10_03_T12:28:14 -  clearHangingRentalSupplies started
2024_10_03_T12:28:14 -  clearHangingRentalSupplies took 0.0002410411834716797
2024_10_03_T12:28:14 -  clearHouseMarket started
2024_10_03_T12:28:14 -  clearHouseMarket - first block took 0.0021288394927978516
2024_10_03_T12:28:14 -  clearHouseMarket - second block took 0.00040984153747558594
2024_10_03_T12:28:14 -  clearHouseMarket - third block took 0.00026607513427734375
2024_10_03_T12:28:14 -  clearRentalMarket started
2024_10_03_T12:28:14 -  clearRentalMarket - first block took 0.03545498847961426
2024_10_03_T12:28:14 -  clearRentalMarket - second block took 0.00026988983154296875
2024_10_03_T12:28:14 -  Model step took 0.04840898513793945 seconds
2024_10_03_T12:28:16 -  Model step started
2024_10_03_T12:28:16 -  clearHangingSupplies started
2024_10_03_T12:28:16 -  clearHangingSupplies took 1.4066696166992188e-5
2024_10_03_T12:28:16 -  clearHangingRentalSupplies started
2024_10_03_T12:28:16 -  clearHangingRentalSupplies took 0.0002970695495605469
2024_10_03_T12:28:16 -  clearHouseMarket started
2024_10_03_T12:28:16 -  clearHouseMarket - first block took 0.0007381439208984375
2024_10_03_T12:28:16 -  clearHouseMarket - second block took 0.0003180503845214844
2024_10_03_T12:28:16 -  clearHouseMarket - third block took 0.00017905235290527344
2024_10_03_T12:28:16 -  clearRentalMarket started
2024_10_03_T12:28:16 -  clearRentalMarket - first block took 0.03413105010986328
2024_10_03_T12:28:16 -  clearRentalMarket - second block took 0.00055694580078125
2024_10_03_T12:28:16 -  Model step took 0.04581809043884277 seconds
2024_10_03_T12:28:18 -  Model step started
2024_10_03_T12:28:18 -  clearHangingSupplies started
2024_10_03_T12:28:18 -  clearHangingSupplies took 4.0531158447265625e-6
2024_10_03_T12:28:18 -  clearHangingRentalSupplies started
2024_10_03_T12:28:18 -  clearHangingRentalSupplies took 0.0002789497375488281
2024_10_03_T12:28:18 -  clearHouseMarket started
2024_10_03_T12:28:18 -  clearHouseMarket - first block took 1.7881393432617188e-5
2024_10_03_T12:28:18 -  clearHouseMarket - second block took 1.9073486328125e-6
2024_10_03_T12:28:18 -  clearHouseMarket - third block took 0.00018405914306640625
2024_10_03_T12:28:18 -  clearRentalMarket started
2024_10_03_T12:28:19 -  clearRentalMarket - first block took 0.04447603225708008
2024_10_03_T12:28:19 -  clearRentalMarket - second block took 0.0003249645233154297
2024_10_03_T12:28:19 -  Model step took 0.05738401412963867 seconds
2024_10_03_T12:28:21 -  Model step started
2024_10_03_T12:28:21 -  clearHangingSupplies started
2024_10_03_T12:28:21 -  clearHangingSupplies took 9.059906005859375e-6
2024_10_03_T12:28:21 -  clearHangingRentalSupplies started
2024_10_03_T12:28:21 -  clearHangingRentalSupplies took 0.00023508071899414062
2024_10_03_T12:28:21 -  clearHouseMarket started
2024_10_03_T12:28:21 -  clearHouseMarket - first block took 0.0006349086761474609
2024_10_03_T12:28:21 -  clearHouseMarket - second block took 0.0002911090850830078
2024_10_03_T12:28:21 -  clearHouseMarket - third block took 0.0002288818359375
2024_10_03_T12:28:21 -  clearRentalMarket started
2024_10_03_T12:28:21 -  clearRentalMarket - first block took 0.04418683052062988
2024_10_03_T12:28:21 -  clearRentalMarket - second block took 0.0004138946533203125
2024_10_03_T12:28:21 -  Model step took 0.0550229549407959 seconds
2024_10_03_T12:28:23 -  Model step started
2024_10_03_T12:28:23 -  clearHangingSupplies started
2024_10_03_T12:28:23 -  clearHangingSupplies took 3.0994415283203125e-6
2024_10_03_T12:28:23 -  clearHangingRentalSupplies started
2024_10_03_T12:28:23 -  clearHangingRentalSupplies took 0.00023603439331054688
2024_10_03_T12:28:23 -  clearHouseMarket started
2024_10_03_T12:28:23 -  clearHouseMarket - first block took 1.4066696166992188e-5
2024_10_03_T12:28:23 -  clearHouseMarket - second block took 1.1920928955078125e-6
2024_10_03_T12:28:23 -  clearHouseMarket - third block took 0.0002048015594482422
2024_10_03_T12:28:23 -  clearRentalMarket started
2024_10_03_T12:28:24 -  clearRentalMarket - first block took 0.03734779357910156
2024_10_03_T12:28:24 -  clearRentalMarket - second block took 0.0003719329833984375
2024_10_03_T12:28:24 -  Model step took 0.046833038330078125 seconds
2024_10_03_T12:28:26 -  Model step started
2024_10_03_T12:28:26 -  clearHangingSupplies started
2024_10_03_T12:28:26 -  clearHangingSupplies took 6.9141387939453125e-6
2024_10_03_T12:28:26 -  clearHangingRentalSupplies started
2024_10_03_T12:28:26 -  clearHangingRentalSupplies took 0.00022983551025390625
2024_10_03_T12:28:26 -  clearHouseMarket started
2024_10_03_T12:28:26 -  clearHouseMarket - first block took 0.0015230178833007812
2024_10_03_T12:28:26 -  clearHouseMarket - second block took 0.0006160736083984375
2024_10_03_T12:28:26 -  clearHouseMarket - third block took 0.00025010108947753906
2024_10_03_T12:28:26 -  clearRentalMarket started
2024_10_03_T12:28:26 -  clearRentalMarket - first block took 0.035761117935180664
2024_10_03_T12:28:26 -  clearRentalMarket - second block took 0.0003590583801269531
2024_10_03_T12:28:26 -  Model step took 0.047695159912109375 seconds
2024_10_03_T12:28:28 -  Model step started
2024_10_03_T12:28:28 -  clearHangingSupplies started
2024_10_03_T12:28:28 -  clearHangingSupplies took 2.9087066650390625e-5
2024_10_03_T12:28:28 -  clearHangingRentalSupplies started
2024_10_03_T12:28:28 -  clearHangingRentalSupplies took 0.00023484230041503906
2024_10_03_T12:28:28 -  clearHouseMarket started
2024_10_03_T12:28:28 -  clearHouseMarket - first block took 0.0004239082336425781
2024_10_03_T12:28:28 -  clearHouseMarket - second block took 0.0007679462432861328
2024_10_03_T12:28:28 -  clearHouseMarket - third block took 0.0002589225769042969
2024_10_03_T12:28:28 -  clearRentalMarket started
2024_10_03_T12:28:28 -  clearRentalMarket - first block took 0.04067707061767578
2024_10_03_T12:28:28 -  clearRentalMarket - second block took 0.00030303001403808594
2024_10_03_T12:28:28 -  Model step took 0.052893877029418945 seconds
2024_10_03_T12:28:30 -  Model step started
2024_10_03_T12:28:30 -  clearHangingSupplies started
2024_10_03_T12:28:30 -  clearHangingSupplies took 9.059906005859375e-6
2024_10_03_T12:28:30 -  clearHangingRentalSupplies started
2024_10_03_T12:28:30 -  clearHangingRentalSupplies took 0.0002529621124267578
2024_10_03_T12:28:30 -  clearHouseMarket started
2024_10_03_T12:28:30 -  clearHouseMarket - first block took 0.0004570484161376953
2024_10_03_T12:28:30 -  clearHouseMarket - second block took 0.00032210350036621094
2024_10_03_T12:28:30 -  clearHouseMarket - third block took 0.00024700164794921875
2024_10_03_T12:28:30 -  clearRentalMarket started
2024_10_03_T12:28:30 -  clearRentalMarket - first block took 0.0377810001373291
2024_10_03_T12:28:30 -  clearRentalMarket - second block took 0.0004470348358154297
2024_10_03_T12:28:30 -  Model step took 0.049685001373291016 seconds
2024_10_03_T12:28:32 -  Model step started
2024_10_03_T12:28:32 -  clearHangingSupplies started
2024_10_03_T12:28:32 -  clearHangingSupplies took 9.059906005859375e-6
2024_10_03_T12:28:32 -  clearHangingRentalSupplies started
2024_10_03_T12:28:32 -  clearHangingRentalSupplies took 0.00023603439331054688
2024_10_03_T12:28:32 -  clearHouseMarket started
2024_10_03_T12:28:32 -  clearHouseMarket - first block took 0.0007791519165039062
2024_10_03_T12:28:32 -  clearHouseMarket - second block took 0.000286102294921875
2024_10_03_T12:28:32 -  clearHouseMarket - third block took 0.0003390312194824219
2024_10_03_T12:28:32 -  clearRentalMarket started
2024_10_03_T12:28:32 -  clearRentalMarket - first block took 0.03640103340148926
2024_10_03_T12:28:32 -  clearRentalMarket - second block took 0.00028705596923828125
2024_10_03_T12:28:32 -  Model step took 0.047532081604003906 seconds
2024_10_03_T12:28:34 -  Model step started
2024_10_03_T12:28:34 -  clearHangingSupplies started
2024_10_03_T12:28:34 -  clearHangingSupplies took 2.86102294921875e-6
2024_10_03_T12:28:34 -  clearHangingRentalSupplies started
2024_10_03_T12:28:34 -  clearHangingRentalSupplies took 0.00023889541625976562
2024_10_03_T12:28:34 -  clearHouseMarket started
2024_10_03_T12:28:34 -  clearHouseMarket - first block took 1.5020370483398438e-5
2024_10_03_T12:28:34 -  clearHouseMarket - second block took 1.9073486328125e-6
2024_10_03_T12:28:34 -  clearHouseMarket - third block took 0.0002090930938720703
2024_10_03_T12:28:34 -  clearRentalMarket started
2024_10_03_T12:28:34 -  clearRentalMarket - first block took 0.039071083068847656
2024_10_03_T12:28:34 -  clearRentalMarket - second block took 0.0002570152282714844
2024_10_03_T12:28:34 -  Model step took 0.04889202117919922 seconds
