2024_09_13_T10:09:57 -  finished initateHouses in 0.34891796112060547 seconds
2024_09_13_T10:09:58 -  finished initiateHouseholds in 0.6029789447784424 seconds
2024_09_13_T10:09:58 -  finished assignHousesToHouseholds in 0.862602949142456 seconds
2024_09_13_T10:11:00 -  Model step started
2024_09_13_T10:11:36 -  Model step took 35.79493284225464 seconds
2024_09_13_T10:12:35 -  Model step started
2024_09_13_T10:13:01 -  Model step took 26.116710901260376 seconds
2024_09_13_T10:14:00 -  Model step started
2024_09_13_T10:14:23 -  Model step took 23.77796983718872 seconds
2024_09_13_T10:15:23 -  Model step started
2024_09_13_T10:15:42 -  Model step took 19.134207010269165 seconds
2024_09_13_T10:16:41 -  Model step started
2024_09_13_T10:17:00 -  Model step took 18.41145396232605 seconds
2024_09_13_T10:17:58 -  Model step started
2024_09_13_T10:18:17 -  Model step took 18.91948103904724 seconds
2024_09_13_T10:19:16 -  Model step started
2024_09_13_T10:19:34 -  Model step took 18.150897979736328 seconds
2024_09_13_T10:20:33 -  Model step started
2024_09_13_T10:20:51 -  Model step took 18.228675842285156 seconds
2024_09_13_T10:21:50 -  Model step started
2024_09_13_T10:22:08 -  Model step took 18.245573043823242 seconds
2024_09_13_T10:23:08 -  Model step started
2024_09_13_T10:23:25 -  Model step took 17.75838589668274 seconds
2024_09_13_T10:24:24 -  Model step started
2024_09_13_T10:24:42 -  Model step took 17.375627040863037 seconds
2024_09_13_T10:25:41 -  Model step started
2024_09_13_T10:25:58 -  Model step took 17.28191113471985 seconds
2024_09_13_T10:26:57 -  Model step started
2024_09_13_T10:27:14 -  Model step took 17.270917892456055 seconds
2024_09_13_T10:28:14 -  Model step started
2024_09_13_T10:28:31 -  Model step took 17.16162896156311 seconds
2024_09_13_T10:29:30 -  Model step started
2024_09_13_T10:29:47 -  Model step took 16.892331838607788 seconds
