2024_09_22_T14:38:58 -  finished initateHouses in 0.5380871295928955 seconds
2024_09_22_T14:38:59 -  finished initiateHouseholds in 0.7928469181060791 seconds
2024_09_22_T14:38:59 -  finished assignHousesToHouseholds in 1.022787094116211 seconds
2024_09_22_T14:39:12 -  Model step started
2024_09_22_T14:39:14 -  Model step took 1.443169116973877 seconds
2024_09_22_T14:39:21 -  Model step started
2024_09_22_T14:39:22 -  Model step took 0.8197429180145264 seconds
2024_09_22_T14:39:29 -  Model step started
2024_09_22_T14:39:30 -  Model step took 0.764725923538208 seconds
2024_09_22_T14:39:37 -  Model step started
2024_09_22_T14:39:37 -  Model step took 0.5840129852294922 seconds
2024_09_22_T14:39:44 -  Model step started
2024_09_22_T14:39:45 -  Model step took 0.4808790683746338 seconds
2024_09_22_T14:39:52 -  Model step started
2024_09_22_T14:39:52 -  Model step took 0.38382506370544434 seconds
2024_09_22_T14:40:00 -  Model step started
2024_09_22_T14:40:00 -  Model step took 0.33341193199157715 seconds
2024_09_22_T14:40:09 -  Model step started
2024_09_22_T14:40:10 -  Model step took 0.31034207344055176 seconds
2024_09_22_T14:40:18 -  Model step started
2024_09_22_T14:40:18 -  Model step took 0.3090329170227051 seconds
2024_09_22_T14:40:25 -  Model step started
2024_09_22_T14:40:26 -  Model step took 0.2570931911468506 seconds
2024_09_22_T14:40:33 -  Model step started
2024_09_22_T14:40:33 -  Model step took 0.22341489791870117 seconds
2024_09_22_T14:40:40 -  Model step started
2024_09_22_T14:40:40 -  Model step took 0.20932388305664062 seconds
2024_09_22_T14:40:48 -  Model step started
2024_09_22_T14:40:49 -  Model step took 0.32241010665893555 seconds
2024_09_22_T14:40:56 -  Model step started
2024_09_22_T14:40:56 -  Model step took 0.18753600120544434 seconds
2024_09_22_T14:41:03 -  Model step started
2024_09_22_T14:41:03 -  Model step took 0.18276095390319824 seconds
2024_09_22_T14:41:11 -  Model step started
2024_09_22_T14:41:11 -  Model step took 0.17785906791687012 seconds
2024_09_22_T14:41:18 -  Model step started
2024_09_22_T14:41:19 -  Model step took 0.1976470947265625 seconds
2024_09_22_T14:41:26 -  Model step started
2024_09_22_T14:41:26 -  Model step took 0.20615482330322266 seconds
2024_09_22_T14:41:33 -  Model step started
2024_09_22_T14:41:34 -  Model step took 0.18610191345214844 seconds
2024_09_22_T14:41:41 -  Model step started
2024_09_22_T14:41:41 -  Model step took 0.23241710662841797 seconds
2024_09_22_T14:41:49 -  Model step started
2024_09_22_T14:41:49 -  Model step took 0.1627960205078125 seconds
2024_09_22_T14:41:56 -  Model step started
2024_09_22_T14:41:56 -  Model step took 0.1529700756072998 seconds
2024_09_22_T14:42:04 -  Model step started
2024_09_22_T14:42:04 -  Model step took 0.15627598762512207 seconds
2024_09_22_T14:42:11 -  Model step started
2024_09_22_T14:42:11 -  Model step took 0.1545429229736328 seconds
