2024_09_04_T22:35:44 -  finished initateHouses in 0.23223185539245605 seconds
2024_09_04_T22:35:44 -  finished initiateHouseholds in 0.3672640323638916 seconds
2024_09_04_T22:35:44 -  finished assignHousesToHouseholds in 0.4907190799713135 seconds
2024_09_04_T22:35:56 -  Model step started
2024_09_04_T22:36:00 -  Model step took 3.7307209968566895 seconds
2024_09_04_T22:36:08 -  Model step started
2024_09_04_T22:36:09 -  Model step took 1.0746030807495117 seconds
2024_09_04_T22:36:17 -  Model step started
2024_09_04_T22:36:18 -  Model step took 1.0804951190948486 seconds
2024_09_04_T22:36:26 -  Model step started
2024_09_04_T22:36:27 -  Model step took 1.0872409343719482 seconds
2024_09_04_T22:36:35 -  Model step started
2024_09_04_T22:36:36 -  Model step took 1.1133050918579102 seconds
2024_09_04_T22:36:44 -  Model step started
2024_09_04_T22:36:45 -  Model step took 1.1230781078338623 seconds
2024_09_04_T22:36:53 -  Model step started
2024_09_04_T22:36:54 -  Model step took 1.1336441040039062 seconds
2024_09_04_T22:37:02 -  Model step started
2024_09_04_T22:37:03 -  Model step took 1.164341926574707 seconds
2024_09_04_T22:37:11 -  Model step started
2024_09_04_T22:37:12 -  Model step took 1.1672351360321045 seconds
2024_09_04_T22:37:20 -  Model step started
2024_09_04_T22:37:21 -  Model step took 1.1841042041778564 seconds
2024_09_04_T22:37:29 -  Model step started
2024_09_04_T22:37:30 -  Model step took 1.2100510597229004 seconds
2024_09_04_T22:37:38 -  Model step started
2024_09_04_T22:37:39 -  Model step took 1.1506280899047852 seconds
2024_09_04_T22:37:47 -  Model step started
2024_09_04_T22:37:48 -  Model step took 1.171308994293213 seconds
2024_09_04_T22:37:56 -  Model step started
2024_09_04_T22:37:58 -  Model step took 1.1967060565948486 seconds
2024_09_04_T22:38:05 -  Model step started
2024_09_04_T22:38:07 -  Model step took 1.2674548625946045 seconds
2024_09_04_T22:38:15 -  Model step started
2024_09_04_T22:38:16 -  Model step took 1.2584969997406006 seconds
2024_09_04_T22:38:24 -  Model step started
2024_09_04_T22:38:25 -  Model step took 1.4623701572418213 seconds
2024_09_04_T22:38:33 -  Model step started
2024_09_04_T22:38:35 -  Model step took 1.470027208328247 seconds
2024_09_04_T22:38:43 -  Model step started
2024_09_04_T22:38:44 -  Model step took 1.4596340656280518 seconds
2024_09_04_T22:38:52 -  Model step started
2024_09_04_T22:38:54 -  Model step took 1.457932949066162 seconds
2024_09_04_T22:39:02 -  Model step started
2024_09_04_T22:39:04 -  Model step took 1.5501439571380615 seconds
2024_09_04_T22:39:12 -  Model step started
2024_09_04_T22:39:13 -  Model step took 1.5260241031646729 seconds
2024_09_04_T22:39:21 -  Model step started
2024_09_04_T22:39:23 -  Model step took 1.5049679279327393 seconds
2024_09_04_T22:39:31 -  Model step started
2024_09_04_T22:39:32 -  Model step took 1.4741218090057373 seconds
