2024_09_10_T22:08:46 -  finished initateHouses in 0.5948901176452637 seconds
2024_09_10_T22:08:46 -  finished initiateHouseholds in 0.8623700141906738 seconds
2024_09_10_T22:08:46 -  finished assignHousesToHouseholds in 1.0267300605773926 seconds
2024_09_10_T22:08:55 -  Model step started
2024_09_10_T22:08:56 -  Model step took 0.5506970882415771 seconds
2024_09_10_T22:08:58 -  Model step started
2024_09_10_T22:08:58 -  Model step took 0.05897879600524902 seconds
2024_09_10_T22:09:00 -  Model step started
2024_09_10_T22:09:00 -  Model step took 0.06178402900695801 seconds
2024_09_10_T22:09:02 -  Model step started
2024_09_10_T22:09:02 -  Model step took 0.06866312026977539 seconds
2024_09_10_T22:09:04 -  Model step started
2024_09_10_T22:09:04 -  Model step took 0.0575559139251709 seconds
2024_09_10_T22:09:05 -  Model step started
2024_09_10_T22:09:06 -  Model step took 0.05578804016113281 seconds
2024_09_10_T22:09:08 -  Model step started
2024_09_10_T22:09:08 -  Model step took 0.057168006896972656 seconds
2024_09_10_T22:09:10 -  Model step started
2024_09_10_T22:09:10 -  Model step took 0.055006980895996094 seconds
2024_09_10_T22:09:12 -  Model step started
2024_09_10_T22:09:12 -  Model step took 0.05176591873168945 seconds
2024_09_10_T22:09:14 -  Model step started
2024_09_10_T22:09:14 -  Model step took 0.0546572208404541 seconds
2024_09_10_T22:09:15 -  Model step started
2024_09_10_T22:09:16 -  Model step took 0.04734492301940918 seconds
2024_09_10_T22:09:18 -  Model step started
2024_09_10_T22:09:18 -  Model step took 0.0490880012512207 seconds
