2024_09_06_T10:33:39 -  finished initateHouses in 0.32784008979797363 seconds
2024_09_06_T10:33:39 -  finished initiateHouseholds in 0.5415229797363281 seconds
2024_09_06_T10:33:39 -  finished assignHousesToHouseholds in 0.8486781120300293 seconds
2024_09_06_T10:34:45 -  Model step started
2024_09_06_T10:39:11 -  Model step took 265.98768496513367 seconds
2024_09_06_T10:40:13 -  Model step started
2024_09_06_T10:40:52 -  Model step took 38.37727403640747 seconds
2024_09_06_T10:41:54 -  Model step started
2024_09_06_T10:42:33 -  Model step took 39.153088092803955 seconds
2024_09_06_T10:43:36 -  Model step started
2024_09_06_T10:44:16 -  Model step took 40.11525797843933 seconds
2024_09_06_T10:45:17 -  Model step started
2024_09_06_T10:45:56 -  Model step took 38.251166105270386 seconds
2024_09_06_T10:46:57 -  Model step started
2024_09_06_T10:47:36 -  Model step took 39.17124009132385 seconds
2024_09_06_T10:48:38 -  Model step started
2024_09_06_T10:49:19 -  Model step took 40.1956000328064 seconds
2024_09_06_T10:50:21 -  Model step started
2024_09_06_T10:51:02 -  Model step took 41.587210178375244 seconds
2024_09_06_T10:52:04 -  Model step started
2024_09_06_T10:52:46 -  Model step took 42.331111907958984 seconds
2024_09_06_T10:53:48 -  Model step started
2024_09_06_T10:54:32 -  Model step took 43.70435094833374 seconds
2024_09_06_T10:55:34 -  Model step started
2024_09_06_T10:56:20 -  Model step took 46.3205509185791 seconds
2024_09_06_T10:57:23 -  Model step started
2024_09_06_T10:58:10 -  Model step took 46.5394229888916 seconds
2024_09_06_T10:59:12 -  Model step started
2024_09_06_T11:00:00 -  Model step took 48.120704889297485 seconds
2024_09_06_T11:01:02 -  Model step started
2024_09_06_T11:01:51 -  Model step took 49.06292486190796 seconds
2024_09_06_T11:02:54 -  Model step started
2024_09_06_T11:03:47 -  Model step took 52.79380393028259 seconds
