2024_09_08_T16:48:32 -  finished initateHouses in 0.5325729846954346 seconds
2024_09_08_T16:48:32 -  finished initiateHouseholds in 0.7684919834136963 seconds
2024_09_08_T16:48:32 -  finished assignHousesToHouseholds in 0.9955189228057861 seconds
2024_09_08_T16:48:53 -  Model step started
2024_09_08_T16:48:57 -  Model step took 4.3326499462127686 seconds
2024_09_08_T16:49:05 -  Model step started
2024_09_08_T16:49:07 -  Model step took 1.3338570594787598 seconds
2024_09_08_T16:49:16 -  Model step started
2024_09_08_T16:49:17 -  Model step took 1.5894980430603027 seconds
2024_09_08_T16:49:47 -  Model step started
2024_09_08_T16:49:49 -  Model step took 2.2771050930023193 seconds
2024_09_08_T16:50:20 -  Model step started
2024_09_08_T16:50:22 -  Model step took 2.30375599861145 seconds
2024_09_08_T16:50:53 -  Model step started
2024_09_08_T16:50:56 -  Model step took 2.5625460147857666 seconds
2024_09_08_T16:51:26 -  Model step started
2024_09_08_T16:51:28 -  Model step took 2.527225971221924 seconds
2024_09_08_T16:52:00 -  Model step started
2024_09_08_T16:52:03 -  Model step took 2.4947118759155273 seconds
2024_09_08_T16:52:35 -  Model step started
2024_09_08_T16:52:37 -  Model step took 2.679597854614258 seconds
2024_09_08_T16:53:12 -  Model step started
2024_09_08_T16:53:14 -  Model step took 2.086848020553589 seconds
2024_09_08_T16:53:44 -  Model step started
2024_09_08_T16:53:46 -  Model step took 2.3246521949768066 seconds
2024_09_08_T16:54:06 -  Model step started
2024_09_08_T16:54:08 -  Model step took 2.268923044204712 seconds
2024_09_08_T16:54:25 -  Model step started
2024_09_08_T16:54:27 -  Model step took 1.8852760791778564 seconds
2024_09_08_T16:54:46 -  Model step started
2024_09_08_T16:54:47 -  Model step took 1.7353601455688477 seconds
2024_09_08_T16:55:05 -  Model step started
2024_09_08_T16:55:07 -  Model step took 2.0037550926208496 seconds
