2024_10_03_T12:34:12 -  finished initateHouses in 0.6080889701843262 seconds
2024_10_03_T12:34:12 -  finished initiateHouseholds in 0.8715798854827881 seconds
2024_10_03_T12:34:13 -  finished assignHousesToHouseholds in 1.0445659160614014 seconds
2024_10_03_T12:34:21 -  Model step started
2024_10_03_T12:34:21 -  clearHangingSupplies started
2024_10_03_T12:34:21 -  clearHangingSupplies took 0.005780220031738281
2024_10_03_T12:34:21 -  clearHangingRentalSupplies started
2024_10_03_T12:34:21 -  clearHangingRentalSupplies took 0.012813091278076172
2024_10_03_T12:34:21 -  clearHouseMarket started
2024_10_03_T12:34:22 -  clearHouseMarket - first block took 0.2685701847076416
2024_10_03_T12:34:22 -  clearHouseMarket - second block took 0.22219085693359375
2024_10_03_T12:34:22 -  clearHouseMarket - third block took 0.01727604866027832
2024_10_03_T12:34:22 -  clearRentalMarket started
2024_10_03_T12:34:22 -  clearRentalMarket - first block took 0.1561288833618164
2024_10_03_T12:34:22 -  clearRentalMarket - second block took 0.030171871185302734
2024_10_03_T12:34:22 -  Model step took 0.8948028087615967 seconds
2024_10_03_T12:34:24 -  Model step started
2024_10_03_T12:34:24 -  clearHangingSupplies started
2024_10_03_T12:34:24 -  clearHangingSupplies took 0.0002110004425048828
2024_10_03_T12:34:24 -  clearHangingRentalSupplies started
2024_10_03_T12:34:24 -  clearHangingRentalSupplies took 2.6941299438476562e-5
2024_10_03_T12:34:24 -  clearHouseMarket started
2024_10_03_T12:34:24 -  clearHouseMarket - first block took 0.11436700820922852
2024_10_03_T12:34:24 -  clearHouseMarket - second block took 0.0033080577850341797
2024_10_03_T12:34:24 -  clearHouseMarket - third block took 0.0002148151397705078
2024_10_03_T12:34:24 -  clearRentalMarket started
2024_10_03_T12:34:24 -  clearRentalMarket - first block took 0.008107900619506836
2024_10_03_T12:34:24 -  clearRentalMarket - second block took 0.00028204917907714844
2024_10_03_T12:34:24 -  Model step took 0.13515114784240723 seconds
2024_10_03_T12:34:25 -  Model step started
2024_10_03_T12:34:25 -  clearHangingSupplies started
2024_10_03_T12:34:25 -  clearHangingSupplies took 0.00018477439880371094
2024_10_03_T12:34:25 -  clearHangingRentalSupplies started
2024_10_03_T12:34:25 -  clearHangingRentalSupplies took 2.5033950805664062e-5
2024_10_03_T12:34:25 -  clearHouseMarket started
2024_10_03_T12:34:26 -  clearHouseMarket - first block took 0.12537693977355957
2024_10_03_T12:34:26 -  clearHouseMarket - second block took 0.005407094955444336
2024_10_03_T12:34:26 -  clearHouseMarket - third block took 0.00020599365234375
2024_10_03_T12:34:26 -  clearRentalMarket started
2024_10_03_T12:34:26 -  clearRentalMarket - first block took 0.01444387435913086
2024_10_03_T12:34:26 -  clearRentalMarket - second block took 0.00015091896057128906
2024_10_03_T12:34:26 -  Model step took 0.15648484230041504 seconds
2024_10_03_T12:34:27 -  Model step started
2024_10_03_T12:34:27 -  clearHangingSupplies started
2024_10_03_T12:34:27 -  clearHangingSupplies took 0.011037111282348633
2024_10_03_T12:34:27 -  clearHangingRentalSupplies started
2024_10_03_T12:34:27 -  clearHangingRentalSupplies took 3.600120544433594e-5
2024_10_03_T12:34:27 -  clearHouseMarket started
2024_10_03_T12:34:27 -  clearHouseMarket - first block took 0.09241700172424316
2024_10_03_T12:34:27 -  clearHouseMarket - second block took 0.004538774490356445
2024_10_03_T12:34:27 -  clearHouseMarket - third block took 0.0002129077911376953
2024_10_03_T12:34:27 -  clearRentalMarket started
2024_10_03_T12:34:27 -  clearRentalMarket - first block took 0.008296012878417969
2024_10_03_T12:34:27 -  clearRentalMarket - second block took 0.00016307830810546875
2024_10_03_T12:34:27 -  Model step took 0.12512612342834473 seconds
2024_10_03_T12:34:29 -  Model step started
2024_10_03_T12:34:29 -  clearHangingSupplies started
2024_10_03_T12:34:29 -  clearHangingSupplies took 0.0001220703125
2024_10_03_T12:34:29 -  clearHangingRentalSupplies started
2024_10_03_T12:34:29 -  clearHangingRentalSupplies took 3.2901763916015625e-5
2024_10_03_T12:34:29 -  clearHouseMarket started
2024_10_03_T12:34:29 -  clearHouseMarket - first block took 0.08212995529174805
2024_10_03_T12:34:29 -  clearHouseMarket - second block took 0.0036020278930664062
2024_10_03_T12:34:29 -  clearHouseMarket - third block took 0.00020599365234375
2024_10_03_T12:34:29 -  clearRentalMarket started
2024_10_03_T12:34:29 -  clearRentalMarket - first block took 0.012330055236816406
2024_10_03_T12:34:29 -  clearRentalMarket - second block took 0.00019598007202148438
2024_10_03_T12:34:29 -  Model step took 0.10681891441345215 seconds
2024_10_03_T12:34:31 -  Model step started
2024_10_03_T12:34:31 -  clearHangingSupplies started
2024_10_03_T12:34:31 -  clearHangingSupplies took 0.00020599365234375
2024_10_03_T12:34:31 -  clearHangingRentalSupplies started
2024_10_03_T12:34:31 -  clearHangingRentalSupplies took 3.0040740966796875e-5
2024_10_03_T12:34:31 -  clearHouseMarket started
2024_10_03_T12:34:31 -  clearHouseMarket - first block took 0.0581510066986084
2024_10_03_T12:34:31 -  clearHouseMarket - second block took 0.0014011859893798828
2024_10_03_T12:34:31 -  clearHouseMarket - third block took 0.00018286705017089844
2024_10_03_T12:34:31 -  clearRentalMarket started
2024_10_03_T12:34:31 -  clearRentalMarket - first block took 0.005499839782714844
2024_10_03_T12:34:31 -  clearRentalMarket - second block took 8.797645568847656e-5
2024_10_03_T12:34:31 -  Model step took 0.07472801208496094 seconds
2024_10_03_T12:34:33 -  Model step started
2024_10_03_T12:34:33 -  clearHangingSupplies started
2024_10_03_T12:34:33 -  clearHangingSupplies took 7.390975952148438e-5
2024_10_03_T12:34:33 -  clearHangingRentalSupplies started
2024_10_03_T12:34:33 -  clearHangingRentalSupplies took 3.504753112792969e-5
2024_10_03_T12:34:33 -  clearHouseMarket started
2024_10_03_T12:34:33 -  clearHouseMarket - first block took 0.05613398551940918
2024_10_03_T12:34:33 -  clearHouseMarket - second block took 0.0037848949432373047
2024_10_03_T12:34:33 -  clearHouseMarket - third block took 0.0010449886322021484
2024_10_03_T12:34:33 -  clearRentalMarket started
2024_10_03_T12:34:33 -  clearRentalMarket - first block took 0.011152982711791992
2024_10_03_T12:34:33 -  clearRentalMarket - second block took 6.794929504394531e-5
2024_10_03_T12:34:33 -  Model step took 0.08297395706176758 seconds
2024_10_03_T12:34:34 -  Model step started
2024_10_03_T12:34:34 -  clearHangingSupplies started
2024_10_03_T12:34:34 -  clearHangingSupplies took 0.00013494491577148438
2024_10_03_T12:34:34 -  clearHangingRentalSupplies started
2024_10_03_T12:34:34 -  clearHangingRentalSupplies took 4.696846008300781e-5
2024_10_03_T12:34:34 -  clearHouseMarket started
2024_10_03_T12:34:35 -  clearHouseMarket - first block took 0.05213785171508789
2024_10_03_T12:34:35 -  clearHouseMarket - second block took 0.0023450851440429688
2024_10_03_T12:34:35 -  clearHouseMarket - third block took 0.0002110004425048828
2024_10_03_T12:34:35 -  clearRentalMarket started
2024_10_03_T12:34:35 -  clearRentalMarket - first block took 0.00905609130859375
2024_10_03_T12:34:35 -  clearRentalMarket - second block took 0.00013399124145507812
2024_10_03_T12:34:35 -  Model step took 0.07306694984436035 seconds
2024_10_03_T12:34:36 -  Model step started
2024_10_03_T12:34:36 -  clearHangingSupplies started
2024_10_03_T12:34:36 -  clearHangingSupplies took 9.608268737792969e-5
2024_10_03_T12:34:36 -  clearHangingRentalSupplies started
2024_10_03_T12:34:36 -  clearHangingRentalSupplies took 6.890296936035156e-5
2024_10_03_T12:34:36 -  clearHouseMarket started
2024_10_03_T12:34:36 -  clearHouseMarket - first block took 0.0404820442199707
2024_10_03_T12:34:36 -  clearHouseMarket - second block took 0.0002980232238769531
2024_10_03_T12:34:36 -  clearHouseMarket - third block took 0.00018906593322753906
2024_10_03_T12:34:36 -  clearRentalMarket started
2024_10_03_T12:34:36 -  clearRentalMarket - first block took 0.007886886596679688
2024_10_03_T12:34:36 -  clearRentalMarket - second block took 0.00012111663818359375
2024_10_03_T12:34:36 -  Model step took 0.05817389488220215 seconds
2024_10_03_T12:34:38 -  Model step started
2024_10_03_T12:34:38 -  clearHangingSupplies started
2024_10_03_T12:34:38 -  clearHangingSupplies took 0.00010991096496582031
2024_10_03_T12:34:38 -  clearHangingRentalSupplies started
2024_10_03_T12:34:38 -  clearHangingRentalSupplies took 5.3882598876953125e-5
2024_10_03_T12:34:38 -  clearHouseMarket started
2024_10_03_T12:34:38 -  clearHouseMarket - first block took 0.041491031646728516
2024_10_03_T12:34:38 -  clearHouseMarket - second block took 0.002164125442504883
2024_10_03_T12:34:38 -  clearHouseMarket - third block took 0.0002338886260986328
2024_10_03_T12:34:38 -  clearRentalMarket started
2024_10_03_T12:34:38 -  clearRentalMarket - first block took 0.008660078048706055
2024_10_03_T12:34:38 -  clearRentalMarket - second block took 0.00012803077697753906
2024_10_03_T12:34:38 -  Model step took 0.0663149356842041 seconds
2024_10_03_T12:34:40 -  Model step started
2024_10_03_T12:34:40 -  clearHangingSupplies started
2024_10_03_T12:34:40 -  clearHangingSupplies took 5.507469177246094e-5
2024_10_03_T12:34:40 -  clearHangingRentalSupplies started
2024_10_03_T12:34:40 -  clearHangingRentalSupplies took 6.794929504394531e-5
2024_10_03_T12:34:40 -  clearHouseMarket started
2024_10_03_T12:34:40 -  clearHouseMarket - first block took 0.044280052185058594
2024_10_03_T12:34:40 -  clearHouseMarket - second block took 0.001283884048461914
2024_10_03_T12:34:40 -  clearHouseMarket - third block took 0.0002200603485107422
2024_10_03_T12:34:40 -  clearRentalMarket started
2024_10_03_T12:34:40 -  clearRentalMarket - first block took 0.009019851684570312
2024_10_03_T12:34:40 -  clearRentalMarket - second block took 0.0001010894775390625
2024_10_03_T12:34:40 -  Model step took 0.06441998481750488 seconds
2024_10_03_T12:34:41 -  Model step started
2024_10_03_T12:34:41 -  clearHangingSupplies started
2024_10_03_T12:34:41 -  clearHangingSupplies took 0.00011110305786132812
2024_10_03_T12:34:41 -  clearHangingRentalSupplies started
2024_10_03_T12:34:41 -  clearHangingRentalSupplies took 6.890296936035156e-5
2024_10_03_T12:34:41 -  clearHouseMarket started
2024_10_03_T12:34:42 -  clearHouseMarket - first block took 0.03799891471862793
2024_10_03_T12:34:42 -  clearHouseMarket - second block took 0.0008540153503417969
2024_10_03_T12:34:42 -  clearHouseMarket - third block took 0.00021600723266601562
2024_10_03_T12:34:42 -  clearRentalMarket started
2024_10_03_T12:34:42 -  clearRentalMarket - first block took 0.00976419448852539
2024_10_03_T12:34:42 -  clearRentalMarket - second block took 0.00011610984802246094
2024_10_03_T12:34:42 -  Model step took 0.057940006256103516 seconds
2024_10_03_T12:34:43 -  Model step started
2024_10_03_T12:34:43 -  clearHangingSupplies started
2024_10_03_T12:34:43 -  clearHangingSupplies took 6.794929504394531e-5
2024_10_03_T12:34:43 -  clearHangingRentalSupplies started
2024_10_03_T12:34:43 -  clearHangingRentalSupplies took 7.987022399902344e-5
2024_10_03_T12:34:43 -  clearHouseMarket started
2024_10_03_T12:34:43 -  clearHouseMarket - first block took 0.0358738899230957
2024_10_03_T12:34:43 -  clearHouseMarket - second block took 0.0006439685821533203
2024_10_03_T12:34:43 -  clearHouseMarket - third block took 0.00013303756713867188
2024_10_03_T12:34:43 -  clearRentalMarket started
2024_10_03_T12:34:43 -  clearRentalMarket - first block took 0.01123809814453125
2024_10_03_T12:34:43 -  clearRentalMarket - second block took 0.00010704994201660156
2024_10_03_T12:34:43 -  Model step took 0.056210994720458984 seconds
2024_10_03_T12:34:45 -  Model step started
2024_10_03_T12:34:45 -  clearHangingSupplies started
2024_10_03_T12:34:45 -  clearHangingSupplies took 4.1961669921875e-5
2024_10_03_T12:34:45 -  clearHangingRentalSupplies started
2024_10_03_T12:34:45 -  clearHangingRentalSupplies took 9.989738464355469e-5
2024_10_03_T12:34:45 -  clearHouseMarket started
2024_10_03_T12:34:45 -  clearHouseMarket - first block took 0.03426313400268555
2024_10_03_T12:34:45 -  clearHouseMarket - second block took 0.0003829002380371094
2024_10_03_T12:34:45 -  clearHouseMarket - third block took 0.00017213821411132812
2024_10_03_T12:34:45 -  clearRentalMarket started
2024_10_03_T12:34:45 -  clearRentalMarket - first block took 0.01705789566040039
2024_10_03_T12:34:45 -  clearRentalMarket - second block took 0.00014400482177734375
2024_10_03_T12:34:45 -  Model step took 0.06058001518249512 seconds
2024_10_03_T12:34:47 -  Model step started
2024_10_03_T12:34:47 -  clearHangingSupplies started
2024_10_03_T12:34:47 -  clearHangingSupplies took 4.410743713378906e-5
2024_10_03_T12:34:47 -  clearHangingRentalSupplies started
2024_10_03_T12:34:47 -  clearHangingRentalSupplies took 0.000102996826171875
2024_10_03_T12:34:47 -  clearHouseMarket started
2024_10_03_T12:34:47 -  clearHouseMarket - first block took 0.036995887756347656
2024_10_03_T12:34:47 -  clearHouseMarket - second block took 0.0006470680236816406
2024_10_03_T12:34:47 -  clearHouseMarket - third block took 0.00015282630920410156
2024_10_03_T12:34:47 -  clearRentalMarket started
2024_10_03_T12:34:47 -  clearRentalMarket - first block took 0.012832880020141602
2024_10_03_T12:34:47 -  clearRentalMarket - second block took 0.00013709068298339844
2024_10_03_T12:34:47 -  Model step took 0.05948901176452637 seconds
2024_10_03_T12:34:49 -  Model step started
2024_10_03_T12:34:49 -  clearHangingSupplies started
2024_10_03_T12:34:49 -  clearHangingSupplies took 4.601478576660156e-5
2024_10_03_T12:34:49 -  clearHangingRentalSupplies started
2024_10_03_T12:34:49 -  clearHangingRentalSupplies took 9.512901306152344e-5
2024_10_03_T12:34:49 -  clearHouseMarket started
2024_10_03_T12:34:49 -  clearHouseMarket - first block took 0.03410696983337402
2024_10_03_T12:34:49 -  clearHouseMarket - second block took 0.0017719268798828125
2024_10_03_T12:34:49 -  clearHouseMarket - third block took 0.00021791458129882812
2024_10_03_T12:34:49 -  clearRentalMarket started
2024_10_03_T12:34:49 -  clearRentalMarket - first block took 0.015105009078979492
2024_10_03_T12:34:49 -  clearRentalMarket - second block took 0.00035881996154785156
2024_10_03_T12:34:49 -  Model step took 0.060891151428222656 seconds
2024_10_03_T12:34:50 -  Model step started
2024_10_03_T12:34:50 -  clearHangingSupplies started
2024_10_03_T12:34:50 -  clearHangingSupplies took 0.00015115737915039062
2024_10_03_T12:34:50 -  clearHangingRentalSupplies started
2024_10_03_T12:34:50 -  clearHangingRentalSupplies took 0.00011396408081054688
2024_10_03_T12:34:50 -  clearHouseMarket started
2024_10_03_T12:34:50 -  clearHouseMarket - first block took 0.032553911209106445
2024_10_03_T12:34:50 -  clearHouseMarket - second block took 0.0008931159973144531
2024_10_03_T12:34:50 -  clearHouseMarket - third block took 0.0001571178436279297
2024_10_03_T12:34:50 -  clearRentalMarket started
2024_10_03_T12:34:50 -  clearRentalMarket - first block took 0.021453142166137695
2024_10_03_T12:34:50 -  clearRentalMarket - second block took 0.00022602081298828125
2024_10_03_T12:34:50 -  Model step took 0.06470108032226562 seconds
2024_10_03_T12:34:52 -  Model step started
2024_10_03_T12:34:52 -  clearHangingSupplies started
2024_10_03_T12:34:52 -  clearHangingSupplies took 7.414817810058594e-5
2024_10_03_T12:34:52 -  clearHangingRentalSupplies started
2024_10_03_T12:34:52 -  clearHangingRentalSupplies took 0.0033540725708007812
2024_10_03_T12:34:52 -  clearHouseMarket started
2024_10_03_T12:34:52 -  clearHouseMarket - first block took 0.02928018569946289
2024_10_03_T12:34:52 -  clearHouseMarket - second block took 0.0004410743713378906
2024_10_03_T12:34:52 -  clearHouseMarket - third block took 0.0001780986785888672
2024_10_03_T12:34:52 -  clearRentalMarket started
2024_10_03_T12:34:52 -  clearRentalMarket - first block took 0.015928983688354492
2024_10_03_T12:34:52 -  clearRentalMarket - second block took 0.0001728534698486328
2024_10_03_T12:34:52 -  Model step took 0.05828094482421875 seconds
2024_10_03_T12:34:54 -  Model step started
2024_10_03_T12:34:54 -  clearHangingSupplies started
2024_10_03_T12:34:54 -  clearHangingSupplies took 4.982948303222656e-5
2024_10_03_T12:34:54 -  clearHangingRentalSupplies started
2024_10_03_T12:34:54 -  clearHangingRentalSupplies took 0.00013113021850585938
2024_10_03_T12:34:54 -  clearHouseMarket started
2024_10_03_T12:34:54 -  clearHouseMarket - first block took 0.03323221206665039
2024_10_03_T12:34:54 -  clearHouseMarket - second block took 0.0005469322204589844
2024_10_03_T12:34:54 -  clearHouseMarket - third block took 0.00024819374084472656
2024_10_03_T12:34:54 -  clearRentalMarket started
2024_10_03_T12:34:54 -  clearRentalMarket - first block took 0.020695209503173828
2024_10_03_T12:34:54 -  clearRentalMarket - second block took 0.00020599365234375
2024_10_03_T12:34:54 -  Model step took 0.06442117691040039 seconds
2024_10_03_T12:34:56 -  Model step started
2024_10_03_T12:34:56 -  clearHangingSupplies started
2024_10_03_T12:34:56 -  clearHangingSupplies took 3.314018249511719e-5
2024_10_03_T12:34:56 -  clearHangingRentalSupplies started
2024_10_03_T12:34:56 -  clearHangingRentalSupplies took 0.0001220703125
2024_10_03_T12:34:56 -  clearHouseMarket started
2024_10_03_T12:34:56 -  clearHouseMarket - first block took 0.03371787071228027
2024_10_03_T12:34:56 -  clearHouseMarket - second block took 0.0008029937744140625
2024_10_03_T12:34:56 -  clearHouseMarket - third block took 0.0001800060272216797
2024_10_03_T12:34:56 -  clearRentalMarket started
2024_10_03_T12:34:56 -  clearRentalMarket - first block took 0.016024112701416016
2024_10_03_T12:34:56 -  clearRentalMarket - second block took 0.00016498565673828125
2024_10_03_T12:34:56 -  Model step took 0.059497833251953125 seconds
2024_10_03_T12:34:58 -  Model step started
2024_10_03_T12:34:58 -  clearHangingSupplies started
2024_10_03_T12:34:58 -  clearHangingSupplies took 0.0001201629638671875
2024_10_03_T12:34:58 -  clearHangingRentalSupplies started
2024_10_03_T12:34:58 -  clearHangingRentalSupplies took 0.00012803077697753906
2024_10_03_T12:34:58 -  clearHouseMarket started
2024_10_03_T12:34:58 -  clearHouseMarket - first block took 0.028896093368530273
2024_10_03_T12:34:58 -  clearHouseMarket - second block took 0.0010941028594970703
2024_10_03_T12:34:58 -  clearHouseMarket - third block took 0.00016808509826660156
2024_10_03_T12:34:58 -  clearRentalMarket started
2024_10_03_T12:34:58 -  clearRentalMarket - first block took 0.019071102142333984
2024_10_03_T12:34:58 -  clearRentalMarket - second block took 0.00024199485778808594
2024_10_03_T12:34:58 -  Model step took 0.05825090408325195 seconds
2024_10_03_T12:34:59 -  Model step started
2024_10_03_T12:34:59 -  clearHangingSupplies started
2024_10_03_T12:34:59 -  clearHangingSupplies took 3.600120544433594e-5
2024_10_03_T12:34:59 -  clearHangingRentalSupplies started
2024_10_03_T12:34:59 -  clearHangingRentalSupplies took 0.00016307830810546875
2024_10_03_T12:34:59 -  clearHouseMarket started
2024_10_03_T12:35:00 -  clearHouseMarket - first block took 0.028189897537231445
2024_10_03_T12:35:00 -  clearHouseMarket - second block took 0.0008220672607421875
2024_10_03_T12:35:00 -  clearHouseMarket - third block took 0.00017595291137695312
2024_10_03_T12:35:00 -  clearRentalMarket started
2024_10_03_T12:35:00 -  clearRentalMarket - first block took 0.02697300910949707
2024_10_03_T12:35:00 -  clearRentalMarket - second block took 0.00021696090698242188
2024_10_03_T12:35:00 -  Model step took 0.06600117683410645 seconds
2024_10_03_T12:35:01 -  Model step started
2024_10_03_T12:35:01 -  clearHangingSupplies started
2024_10_03_T12:35:01 -  clearHangingSupplies took 3.0040740966796875e-5
2024_10_03_T12:35:01 -  clearHangingRentalSupplies started
2024_10_03_T12:35:01 -  clearHangingRentalSupplies took 0.00014591217041015625
2024_10_03_T12:35:01 -  clearHouseMarket started
2024_10_03_T12:35:01 -  clearHouseMarket - first block took 0.026933908462524414
2024_10_03_T12:35:01 -  clearHouseMarket - second block took 0.0004508495330810547
2024_10_03_T12:35:01 -  clearHouseMarket - third block took 0.00021910667419433594
2024_10_03_T12:35:01 -  clearRentalMarket started
2024_10_03_T12:35:01 -  clearRentalMarket - first block took 0.019587039947509766
2024_10_03_T12:35:01 -  clearRentalMarket - second block took 0.0002999305725097656
2024_10_03_T12:35:01 -  Model step took 0.05865192413330078 seconds
2024_10_03_T12:35:03 -  Model step started
2024_10_03_T12:35:03 -  clearHangingSupplies started
2024_10_03_T12:35:03 -  clearHangingSupplies took 5.602836608886719e-5
2024_10_03_T12:35:03 -  clearHangingRentalSupplies started
2024_10_03_T12:35:03 -  clearHangingRentalSupplies took 0.00014400482177734375
2024_10_03_T12:35:03 -  clearHouseMarket started
2024_10_03_T12:35:03 -  clearHouseMarket - first block took 0.02578115463256836
2024_10_03_T12:35:03 -  clearHouseMarket - second block took 3.910064697265625e-5
2024_10_03_T12:35:03 -  clearHouseMarket - third block took 0.0001239776611328125
2024_10_03_T12:35:03 -  clearRentalMarket started
2024_10_03_T12:35:03 -  clearRentalMarket - first block took 0.018946170806884766
2024_10_03_T12:35:03 -  clearRentalMarket - second block took 0.00020694732666015625
2024_10_03_T12:35:03 -  Model step took 0.05944395065307617 seconds
2024_10_03_T12:35:05 -  Model step started
2024_10_03_T12:35:05 -  clearHangingSupplies started
2024_10_03_T12:35:05 -  clearHangingSupplies took 3.2901763916015625e-5
2024_10_03_T12:35:05 -  clearHangingRentalSupplies started
2024_10_03_T12:35:05 -  clearHangingRentalSupplies took 0.00013399124145507812
2024_10_03_T12:35:05 -  clearHouseMarket started
2024_10_03_T12:35:05 -  clearHouseMarket - first block took 0.03005695343017578
2024_10_03_T12:35:05 -  clearHouseMarket - second block took 0.0006010532379150391
2024_10_03_T12:35:05 -  clearHouseMarket - third block took 0.0001690387725830078
2024_10_03_T12:35:05 -  clearRentalMarket started
2024_10_03_T12:35:05 -  clearRentalMarket - first block took 0.01938605308532715
2024_10_03_T12:35:05 -  clearRentalMarket - second block took 0.0001289844512939453
2024_10_03_T12:35:05 -  Model step took 0.059262990951538086 seconds
2024_10_03_T12:35:07 -  Model step started
2024_10_03_T12:35:07 -  clearHangingSupplies started
2024_10_03_T12:35:07 -  clearHangingSupplies took 3.2901763916015625e-5
2024_10_03_T12:35:07 -  clearHangingRentalSupplies started
2024_10_03_T12:35:07 -  clearHangingRentalSupplies took 0.0001609325408935547
2024_10_03_T12:35:07 -  clearHouseMarket started
2024_10_03_T12:35:07 -  clearHouseMarket - first block took 0.02410101890563965
2024_10_03_T12:35:07 -  clearHouseMarket - second block took 0.00020694732666015625
2024_10_03_T12:35:07 -  clearHouseMarket - third block took 0.00017690658569335938
2024_10_03_T12:35:07 -  clearRentalMarket started
2024_10_03_T12:35:07 -  clearRentalMarket - first block took 0.02274799346923828
2024_10_03_T12:35:07 -  clearRentalMarket - second block took 0.0002658367156982422
2024_10_03_T12:35:07 -  Model step took 0.06173086166381836 seconds
2024_10_03_T12:35:09 -  Model step started
2024_10_03_T12:35:09 -  clearHangingSupplies started
2024_10_03_T12:35:09 -  clearHangingSupplies took 2.8848648071289062e-5
2024_10_03_T12:35:09 -  clearHangingRentalSupplies started
2024_10_03_T12:35:09 -  clearHangingRentalSupplies took 0.0001800060272216797
2024_10_03_T12:35:09 -  clearHouseMarket started
2024_10_03_T12:35:09 -  clearHouseMarket - first block took 0.02703404426574707
2024_10_03_T12:35:09 -  clearHouseMarket - second block took 0.0026760101318359375
2024_10_03_T12:35:09 -  clearHouseMarket - third block took 0.00022292137145996094
2024_10_03_T12:35:09 -  clearRentalMarket started
2024_10_03_T12:35:09 -  clearRentalMarket - first block took 0.023223161697387695
2024_10_03_T12:35:09 -  clearRentalMarket - second block took 0.0002608299255371094
2024_10_03_T12:35:09 -  Model step took 0.06185102462768555 seconds
2024_10_03_T12:35:11 -  Model step started
2024_10_03_T12:35:11 -  clearHangingSupplies started
2024_10_03_T12:35:11 -  clearHangingSupplies took 4.1961669921875e-5
2024_10_03_T12:35:11 -  clearHangingRentalSupplies started
2024_10_03_T12:35:11 -  clearHangingRentalSupplies took 0.0001709461212158203
2024_10_03_T12:35:11 -  clearHouseMarket started
2024_10_03_T12:35:11 -  clearHouseMarket - first block took 0.02124309539794922
2024_10_03_T12:35:11 -  clearHouseMarket - second block took 0.0004980564117431641
2024_10_03_T12:35:11 -  clearHouseMarket - third block took 0.00021982192993164062
2024_10_03_T12:35:11 -  clearRentalMarket started
2024_10_03_T12:35:11 -  clearRentalMarket - first block took 0.02272319793701172
2024_10_03_T12:35:11 -  clearRentalMarket - second block took 0.00019598007202148438
2024_10_03_T12:35:11 -  Model step took 0.05901384353637695 seconds
2024_10_03_T12:35:13 -  Model step started
2024_10_03_T12:35:13 -  clearHangingSupplies started
2024_10_03_T12:35:13 -  clearHangingSupplies took 2.9087066650390625e-5
2024_10_03_T12:35:13 -  clearHangingRentalSupplies started
2024_10_03_T12:35:13 -  clearHangingRentalSupplies took 0.000244140625
2024_10_03_T12:35:13 -  clearHouseMarket started
2024_10_03_T12:35:13 -  clearHouseMarket - first block took 0.02309894561767578
2024_10_03_T12:35:13 -  clearHouseMarket - second block took 0.0013241767883300781
2024_10_03_T12:35:13 -  clearHouseMarket - third block took 0.0003409385681152344
2024_10_03_T12:35:13 -  clearRentalMarket started
2024_10_03_T12:35:13 -  clearRentalMarket - first block took 0.023586034774780273
2024_10_03_T12:35:13 -  clearRentalMarket - second block took 0.00021886825561523438
2024_10_03_T12:35:13 -  Model step took 0.05815601348876953 seconds
2024_10_03_T12:35:15 -  Model step started
2024_10_03_T12:35:15 -  clearHangingSupplies started
2024_10_03_T12:35:15 -  clearHangingSupplies took 2.288818359375e-5
2024_10_03_T12:35:15 -  clearHangingRentalSupplies started
2024_10_03_T12:35:15 -  clearHangingRentalSupplies took 0.0001819133758544922
2024_10_03_T12:35:15 -  clearHouseMarket started
2024_10_03_T12:35:15 -  clearHouseMarket - first block took 0.017960071563720703
2024_10_03_T12:35:15 -  clearHouseMarket - second block took 0.0005338191986083984
2024_10_03_T12:35:15 -  clearHouseMarket - third block took 0.00016307830810546875
2024_10_03_T12:35:15 -  clearRentalMarket started
2024_10_03_T12:35:15 -  clearRentalMarket - first block took 0.027931928634643555
2024_10_03_T12:35:15 -  clearRentalMarket - second block took 0.0003409385681152344
2024_10_03_T12:35:15 -  Model step took 0.060810089111328125 seconds
2024_10_03_T12:35:17 -  Model step started
2024_10_03_T12:35:17 -  clearHangingSupplies started
2024_10_03_T12:35:17 -  clearHangingSupplies took 3.504753112792969e-5
2024_10_03_T12:35:17 -  clearHangingRentalSupplies started
2024_10_03_T12:35:17 -  clearHangingRentalSupplies took 0.00017905235290527344
2024_10_03_T12:35:17 -  clearHouseMarket started
2024_10_03_T12:35:17 -  clearHouseMarket - first block took 0.016206026077270508
2024_10_03_T12:35:17 -  clearHouseMarket - second block took 0.0004100799560546875
2024_10_03_T12:35:17 -  clearHouseMarket - third block took 0.0001659393310546875
2024_10_03_T12:35:17 -  clearRentalMarket started
2024_10_03_T12:35:17 -  clearRentalMarket - first block took 0.02504587173461914
2024_10_03_T12:35:17 -  clearRentalMarket - second block took 0.00024199485778808594
2024_10_03_T12:35:17 -  Model step took 0.05077385902404785 seconds
2024_10_03_T12:35:18 -  Model step started
2024_10_03_T12:35:18 -  clearHangingSupplies started
2024_10_03_T12:35:18 -  clearHangingSupplies took 2.002716064453125e-5
2024_10_03_T12:35:18 -  clearHangingRentalSupplies started
2024_10_03_T12:35:18 -  clearHangingRentalSupplies took 0.0001900196075439453
2024_10_03_T12:35:18 -  clearHouseMarket started
2024_10_03_T12:35:18 -  clearHouseMarket - first block took 0.015193939208984375
2024_10_03_T12:35:18 -  clearHouseMarket - second block took 0.0006649494171142578
2024_10_03_T12:35:18 -  clearHouseMarket - third block took 0.00021910667419433594
2024_10_03_T12:35:18 -  clearRentalMarket started
2024_10_03_T12:35:19 -  clearRentalMarket - first block took 0.03259992599487305
2024_10_03_T12:35:19 -  clearRentalMarket - second block took 0.00023698806762695312
2024_10_03_T12:35:19 -  Model step took 0.05758094787597656 seconds
2024_10_03_T12:35:20 -  Model step started
2024_10_03_T12:35:20 -  clearHangingSupplies started
2024_10_03_T12:35:20 -  clearHangingSupplies took 2.5987625122070312e-5
2024_10_03_T12:35:20 -  clearHangingRentalSupplies started
2024_10_03_T12:35:20 -  clearHangingRentalSupplies took 0.00017690658569335938
2024_10_03_T12:35:20 -  clearHouseMarket started
2024_10_03_T12:35:20 -  clearHouseMarket - first block took 0.018786907196044922
2024_10_03_T12:35:20 -  clearHouseMarket - second block took 0.0019309520721435547
2024_10_03_T12:35:20 -  clearHouseMarket - third block took 0.000308990478515625
2024_10_03_T12:35:20 -  clearRentalMarket started
2024_10_03_T12:35:20 -  clearRentalMarket - first block took 0.027782201766967773
2024_10_03_T12:35:20 -  clearRentalMarket - second block took 0.0002701282501220703
2024_10_03_T12:35:20 -  Model step took 0.05886077880859375 seconds
2024_10_03_T12:35:22 -  Model step started
2024_10_03_T12:35:22 -  clearHangingSupplies started
2024_10_03_T12:35:22 -  clearHangingSupplies took 2.002716064453125e-5
2024_10_03_T12:35:22 -  clearHangingRentalSupplies started
2024_10_03_T12:35:22 -  clearHangingRentalSupplies took 0.00018405914306640625
2024_10_03_T12:35:22 -  clearHouseMarket started
2024_10_03_T12:35:22 -  clearHouseMarket - first block took 0.012767791748046875
2024_10_03_T12:35:22 -  clearHouseMarket - second block took 0.0005419254302978516
2024_10_03_T12:35:22 -  clearHouseMarket - third block took 0.00014901161193847656
2024_10_03_T12:35:22 -  clearRentalMarket started
2024_10_03_T12:35:22 -  clearRentalMarket - first block took 0.03205394744873047
2024_10_03_T12:35:22 -  clearRentalMarket - second block took 0.0002970695495605469
2024_10_03_T12:35:22 -  Model step took 0.05484414100646973 seconds
2024_10_03_T12:35:24 -  Model step started
2024_10_03_T12:35:24 -  clearHangingSupplies started
2024_10_03_T12:35:24 -  clearHangingSupplies took 1.5974044799804688e-5
2024_10_03_T12:35:24 -  clearHangingRentalSupplies started
2024_10_03_T12:35:24 -  clearHangingRentalSupplies took 0.0001971721649169922
2024_10_03_T12:35:24 -  clearHouseMarket started
2024_10_03_T12:35:24 -  clearHouseMarket - first block took 0.012369155883789062
2024_10_03_T12:35:24 -  clearHouseMarket - second block took 0.001322031021118164
2024_10_03_T12:35:24 -  clearHouseMarket - third block took 0.0002720355987548828
2024_10_03_T12:35:24 -  clearRentalMarket started
2024_10_03_T12:35:24 -  clearRentalMarket - first block took 0.02650618553161621
2024_10_03_T12:35:24 -  clearRentalMarket - second block took 0.00017786026000976562
2024_10_03_T12:35:24 -  Model step took 0.04961395263671875 seconds
2024_10_03_T12:35:26 -  Model step started
2024_10_03_T12:35:26 -  clearHangingSupplies started
2024_10_03_T12:35:26 -  clearHangingSupplies took 5.4836273193359375e-5
2024_10_03_T12:35:26 -  clearHangingRentalSupplies started
2024_10_03_T12:35:26 -  clearHangingRentalSupplies took 0.00023317337036132812
2024_10_03_T12:35:26 -  clearHouseMarket started
2024_10_03_T12:35:26 -  clearHouseMarket - first block took 0.010092020034790039
2024_10_03_T12:35:26 -  clearHouseMarket - second block took 0.0008947849273681641
2024_10_03_T12:35:26 -  clearHouseMarket - third block took 0.0002570152282714844
2024_10_03_T12:35:26 -  clearRentalMarket started
2024_10_03_T12:35:26 -  clearRentalMarket - first block took 0.03446507453918457
2024_10_03_T12:35:26 -  clearRentalMarket - second block took 0.00025010108947753906
2024_10_03_T12:35:26 -  Model step took 0.05546307563781738 seconds
2024_10_03_T12:35:28 -  Model step started
2024_10_03_T12:35:28 -  clearHangingSupplies started
2024_10_03_T12:35:28 -  clearHangingSupplies took 5.221366882324219e-5
2024_10_03_T12:35:28 -  clearHangingRentalSupplies started
2024_10_03_T12:35:28 -  clearHangingRentalSupplies took 0.0002269744873046875
2024_10_03_T12:35:28 -  clearHouseMarket started
2024_10_03_T12:35:28 -  clearHouseMarket - first block took 0.007678031921386719
2024_10_03_T12:35:28 -  clearHouseMarket - second block took 0.0019528865814208984
2024_10_03_T12:35:28 -  clearHouseMarket - third block took 0.00022602081298828125
2024_10_03_T12:35:28 -  clearRentalMarket started
2024_10_03_T12:35:28 -  clearRentalMarket - first block took 0.029038190841674805
2024_10_03_T12:35:28 -  clearRentalMarket - second block took 0.0002460479736328125
2024_10_03_T12:35:28 -  Model step took 0.047953128814697266 seconds
2024_10_03_T12:35:31 -  Model step started
2024_10_03_T12:35:31 -  clearHangingSupplies started
2024_10_03_T12:35:31 -  clearHangingSupplies took 2.2172927856445312e-5
2024_10_03_T12:35:31 -  clearHangingRentalSupplies started
2024_10_03_T12:35:31 -  clearHangingRentalSupplies took 0.0002079010009765625
2024_10_03_T12:35:31 -  clearHouseMarket started
2024_10_03_T12:35:31 -  clearHouseMarket - first block took 0.006797075271606445
2024_10_03_T12:35:31 -  clearHouseMarket - second block took 0.0004489421844482422
2024_10_03_T12:35:31 -  clearHouseMarket - third block took 0.00022292137145996094
2024_10_03_T12:35:31 -  clearRentalMarket started
2024_10_03_T12:35:31 -  clearRentalMarket - first block took 0.035717010498046875
2024_10_03_T12:35:31 -  clearRentalMarket - second block took 0.0002760887145996094
2024_10_03_T12:35:31 -  Model step took 0.05532479286193848 seconds
2024_10_03_T12:35:33 -  Model step started
2024_10_03_T12:35:33 -  clearHangingSupplies started
2024_10_03_T12:35:33 -  clearHangingSupplies took 2.002716064453125e-5
2024_10_03_T12:35:33 -  clearHangingRentalSupplies started
2024_10_03_T12:35:33 -  clearHangingRentalSupplies took 0.0002589225769042969
2024_10_03_T12:35:33 -  clearHouseMarket started
2024_10_03_T12:35:33 -  clearHouseMarket - first block took 0.006474018096923828
2024_10_03_T12:35:33 -  clearHouseMarket - second block took 0.0016779899597167969
2024_10_03_T12:35:33 -  clearHouseMarket - third block took 0.00021982192993164062
2024_10_03_T12:35:33 -  clearRentalMarket started
2024_10_03_T12:35:33 -  clearRentalMarket - first block took 0.03621792793273926
2024_10_03_T12:35:33 -  clearRentalMarket - second block took 0.0003399848937988281
2024_10_03_T12:35:33 -  Model step took 0.0618131160736084 seconds
2024_10_03_T12:35:35 -  Model step started
2024_10_03_T12:35:35 -  clearHangingSupplies started
2024_10_03_T12:35:35 -  clearHangingSupplies took 1.2874603271484375e-5
2024_10_03_T12:35:35 -  clearHangingRentalSupplies started
2024_10_03_T12:35:35 -  clearHangingRentalSupplies took 0.00029587745666503906
2024_10_03_T12:35:35 -  clearHouseMarket started
2024_10_03_T12:35:35 -  clearHouseMarket - first block took 0.004681110382080078
2024_10_03_T12:35:35 -  clearHouseMarket - second block took 0.0002999305725097656
2024_10_03_T12:35:35 -  clearHouseMarket - third block took 0.00017714500427246094
2024_10_03_T12:35:35 -  clearRentalMarket started
2024_10_03_T12:35:35 -  clearRentalMarket - first block took 0.03284597396850586
2024_10_03_T12:35:35 -  clearRentalMarket - second block took 0.0001919269561767578
2024_10_03_T12:35:35 -  Model step took 0.048272132873535156 seconds
2024_10_03_T12:35:37 -  Model step started
2024_10_03_T12:35:37 -  clearHangingSupplies started
2024_10_03_T12:35:37 -  clearHangingSupplies took 1.1205673217773438e-5
2024_10_03_T12:35:37 -  clearHangingRentalSupplies started
2024_10_03_T12:35:37 -  clearHangingRentalSupplies took 0.00034809112548828125
2024_10_03_T12:35:37 -  clearHouseMarket started
2024_10_03_T12:35:37 -  clearHouseMarket - first block took 0.0017290115356445312
2024_10_03_T12:35:37 -  clearHouseMarket - second block took 0.0004630088806152344
2024_10_03_T12:35:37 -  clearHouseMarket - third block took 0.0002338886260986328
2024_10_03_T12:35:37 -  clearRentalMarket started
2024_10_03_T12:35:37 -  clearRentalMarket - first block took 0.03747892379760742
2024_10_03_T12:35:37 -  clearRentalMarket - second block took 0.0002799034118652344
2024_10_03_T12:35:37 -  Model step took 0.05068612098693848 seconds
2024_10_03_T12:35:39 -  Model step started
2024_10_03_T12:35:39 -  clearHangingSupplies started
2024_10_03_T12:35:39 -  clearHangingSupplies took 9.059906005859375e-6
2024_10_03_T12:35:39 -  clearHangingRentalSupplies started
2024_10_03_T12:35:39 -  clearHangingRentalSupplies took 0.0003361701965332031
2024_10_03_T12:35:39 -  clearHouseMarket started
2024_10_03_T12:35:39 -  clearHouseMarket - first block took 0.0007290840148925781
2024_10_03_T12:35:39 -  clearHouseMarket - second block took 0.0005409717559814453
2024_10_03_T12:35:39 -  clearHouseMarket - third block took 0.0002560615539550781
2024_10_03_T12:35:39 -  clearRentalMarket started
2024_10_03_T12:35:39 -  clearRentalMarket - first block took 0.034446001052856445
2024_10_03_T12:35:39 -  clearRentalMarket - second block took 0.00031495094299316406
2024_10_03_T12:35:39 -  Model step took 0.046070098876953125 seconds
2024_10_03_T12:35:41 -  Model step started
2024_10_03_T12:35:41 -  clearHangingSupplies started
2024_10_03_T12:35:41 -  clearHangingSupplies took 5.0067901611328125e-6
2024_10_03_T12:35:41 -  clearHangingRentalSupplies started
2024_10_03_T12:35:41 -  clearHangingRentalSupplies took 0.00023293495178222656
2024_10_03_T12:35:41 -  clearHouseMarket started
2024_10_03_T12:35:41 -  clearHouseMarket - first block took 2.288818359375e-5
2024_10_03_T12:35:41 -  clearHouseMarket - second block took 9.5367431640625e-7
2024_10_03_T12:35:41 -  clearHouseMarket - third block took 0.00018715858459472656
2024_10_03_T12:35:41 -  clearRentalMarket started
2024_10_03_T12:35:41 -  clearRentalMarket - first block took 0.03953814506530762
2024_10_03_T12:35:41 -  clearRentalMarket - second block took 0.00032401084899902344
2024_10_03_T12:35:41 -  Model step took 0.05302095413208008 seconds
2024_10_03_T12:35:43 -  Model step started
2024_10_03_T12:35:43 -  clearHangingSupplies started
2024_10_03_T12:35:43 -  clearHangingSupplies took 1.0967254638671875e-5
2024_10_03_T12:35:43 -  clearHangingRentalSupplies started
2024_10_03_T12:35:43 -  clearHangingRentalSupplies took 0.0003819465637207031
2024_10_03_T12:35:43 -  clearHouseMarket started
2024_10_03_T12:35:43 -  clearHouseMarket - first block took 0.0016870498657226562
2024_10_03_T12:35:43 -  clearHouseMarket - second block took 0.0007548332214355469
2024_10_03_T12:35:43 -  clearHouseMarket - third block took 0.0003249645233154297
2024_10_03_T12:35:43 -  clearRentalMarket started
2024_10_03_T12:35:43 -  clearRentalMarket - first block took 0.03973889350891113
2024_10_03_T12:35:43 -  clearRentalMarket - second block took 0.0004749298095703125
2024_10_03_T12:35:43 -  Model step took 0.05908703804016113 seconds
2024_10_03_T12:35:45 -  Model step started
2024_10_03_T12:35:45 -  clearHangingSupplies started
2024_10_03_T12:35:45 -  clearHangingSupplies took 4.0531158447265625e-6
2024_10_03_T12:35:45 -  clearHangingRentalSupplies started
2024_10_03_T12:35:45 -  clearHangingRentalSupplies took 0.0002410411834716797
2024_10_03_T12:35:45 -  clearHouseMarket started
2024_10_03_T12:35:45 -  clearHouseMarket - first block took 1.7881393432617188e-5
2024_10_03_T12:35:45 -  clearHouseMarket - second block took 2.1457672119140625e-6
2024_10_03_T12:35:45 -  clearHouseMarket - third block took 0.0002009868621826172
2024_10_03_T12:35:45 -  clearRentalMarket started
2024_10_03_T12:35:45 -  clearRentalMarket - first block took 0.03882908821105957
2024_10_03_T12:35:45 -  clearRentalMarket - second block took 0.00041103363037109375
2024_10_03_T12:35:45 -  Model step took 0.049642086029052734 seconds
2024_10_03_T12:35:48 -  Model step started
2024_10_03_T12:35:48 -  clearHangingSupplies started
2024_10_03_T12:35:48 -  clearHangingSupplies took 6.9141387939453125e-6
2024_10_03_T12:35:48 -  clearHangingRentalSupplies started
2024_10_03_T12:35:48 -  clearHangingRentalSupplies took 0.00024199485778808594
2024_10_03_T12:35:48 -  clearHouseMarket started
2024_10_03_T12:35:48 -  clearHouseMarket - first block took 0.0013430118560791016
2024_10_03_T12:35:48 -  clearHouseMarket - second block took 0.0007078647613525391
2024_10_03_T12:35:48 -  clearHouseMarket - third block took 0.00020313262939453125
2024_10_03_T12:35:48 -  clearRentalMarket started
2024_10_03_T12:35:48 -  clearRentalMarket - first block took 0.04008603096008301
2024_10_03_T12:35:48 -  clearRentalMarket - second block took 0.00036597251892089844
2024_10_03_T12:35:48 -  Model step took 0.05198979377746582 seconds
2024_10_03_T12:35:50 -  Model step started
2024_10_03_T12:35:50 -  clearHangingSupplies started
2024_10_03_T12:35:50 -  clearHangingSupplies took 6.9141387939453125e-6
2024_10_03_T12:35:50 -  clearHangingRentalSupplies started
2024_10_03_T12:35:50 -  clearHangingRentalSupplies took 0.00024080276489257812
2024_10_03_T12:35:50 -  clearHouseMarket started
2024_10_03_T12:35:50 -  clearHouseMarket - first block took 0.0004649162292480469
2024_10_03_T12:35:50 -  clearHouseMarket - second block took 0.0004229545593261719
2024_10_03_T12:35:50 -  clearHouseMarket - third block took 0.00032401084899902344
2024_10_03_T12:35:50 -  clearRentalMarket started
2024_10_03_T12:35:50 -  clearRentalMarket - first block took 0.041200876235961914
2024_10_03_T12:35:50 -  clearRentalMarket - second block took 0.0002410411834716797
2024_10_03_T12:35:50 -  Model step took 0.051793813705444336 seconds
2024_10_03_T12:35:52 -  Model step started
2024_10_03_T12:35:52 -  clearHangingSupplies started
2024_10_03_T12:35:52 -  clearHangingSupplies took 9.059906005859375e-6
2024_10_03_T12:35:52 -  clearHangingRentalSupplies started
2024_10_03_T12:35:52 -  clearHangingRentalSupplies took 0.0002651214599609375
2024_10_03_T12:35:52 -  clearHouseMarket started
2024_10_03_T12:35:52 -  clearHouseMarket - first block took 0.0007178783416748047
2024_10_03_T12:35:52 -  clearHouseMarket - second block took 0.0004088878631591797
2024_10_03_T12:35:52 -  clearHouseMarket - third block took 0.000244140625
2024_10_03_T12:35:52 -  clearRentalMarket started
2024_10_03_T12:35:52 -  clearRentalMarket - first block took 0.03759503364562988
2024_10_03_T12:35:52 -  clearRentalMarket - second block took 0.0003809928894042969
2024_10_03_T12:35:52 -  Model step took 0.049494028091430664 seconds
2024_10_03_T12:35:54 -  Model step started
2024_10_03_T12:35:54 -  clearHangingSupplies started
2024_10_03_T12:35:54 -  clearHangingSupplies took 5.9604644775390625e-6
2024_10_03_T12:35:54 -  clearHangingRentalSupplies started
2024_10_03_T12:35:54 -  clearHangingRentalSupplies took 0.00026798248291015625
2024_10_03_T12:35:54 -  clearHouseMarket started
2024_10_03_T12:35:54 -  clearHouseMarket - first block took 0.0007669925689697266
2024_10_03_T12:35:54 -  clearHouseMarket - second block took 0.00078582763671875
2024_10_03_T12:35:54 -  clearHouseMarket - third block took 0.0002579689025878906
2024_10_03_T12:35:54 -  clearRentalMarket started
2024_10_03_T12:35:54 -  clearRentalMarket - first block took 0.037223100662231445
2024_10_03_T12:35:54 -  clearRentalMarket - second block took 0.00030517578125
2024_10_03_T12:35:54 -  Model step took 0.048605918884277344 seconds
2024_10_03_T12:35:56 -  Model step started
2024_10_03_T12:35:56 -  clearHangingSupplies started
2024_10_03_T12:35:56 -  clearHangingSupplies took 4.0531158447265625e-6
2024_10_03_T12:35:56 -  clearHangingRentalSupplies started
2024_10_03_T12:35:56 -  clearHangingRentalSupplies took 0.0002448558807373047
2024_10_03_T12:35:56 -  clearHouseMarket started
2024_10_03_T12:35:56 -  clearHouseMarket - first block took 1.6927719116210938e-5
2024_10_03_T12:35:56 -  clearHouseMarket - second block took 9.5367431640625e-7
2024_10_03_T12:35:56 -  clearHouseMarket - third block took 0.00020599365234375
2024_10_03_T12:35:56 -  clearRentalMarket started
2024_10_03_T12:35:56 -  clearRentalMarket - first block took 0.0409388542175293
2024_10_03_T12:35:56 -  clearRentalMarket - second block took 0.00024509429931640625
2024_10_03_T12:35:56 -  Model step took 0.05064892768859863 seconds
