2024_09_17_T22:27:40 -  finished initateHouses in 0.6654410362243652 seconds
2024_09_17_T22:27:41 -  finished initiateHouseholds in 1.0357301235198975 seconds
2024_09_17_T22:27:41 -  finished assignHousesToHouseholds in 1.2099120616912842 seconds
2024_09_17_T22:28:00 -  Model step started
2024_09_17_T22:28:03 -  Model step took 2.893138885498047 seconds
2024_09_17_T22:28:16 -  Model step started
2024_09_17_T22:28:17 -  Model step took 0.7682459354400635 seconds
2024_09_17_T22:28:29 -  Model step started
2024_09_17_T22:28:30 -  Model step took 0.8353769779205322 seconds
2024_09_17_T22:28:44 -  Model step started
2024_09_17_T22:28:45 -  Model step took 0.7275640964508057 seconds
2024_09_17_T22:28:59 -  Model step started
2024_09_17_T22:29:00 -  Model step took 0.7747910022735596 seconds
2024_09_17_T22:29:12 -  Model step started
2024_09_17_T22:29:13 -  Model step took 0.7194502353668213 seconds
2024_09_17_T22:29:31 -  Model step started
2024_09_17_T22:29:32 -  Model step took 0.6528840065002441 seconds
2024_09_17_T22:29:50 -  Model step started
2024_09_17_T22:29:50 -  Model step took 0.631511926651001 seconds
2024_09_17_T22:30:03 -  Model step started
2024_09_17_T22:30:04 -  Model step took 0.531965970993042 seconds
2024_09_17_T22:30:16 -  Model step started
2024_09_17_T22:30:17 -  Model step took 0.5224831104278564 seconds
2024_09_17_T22:30:30 -  Model step started
2024_09_17_T22:30:30 -  Model step took 0.48447680473327637 seconds
2024_09_17_T22:30:43 -  Model step started
2024_09_17_T22:30:43 -  Model step took 0.4724709987640381 seconds
2024_09_17_T22:30:59 -  Model step started
2024_09_17_T22:31:00 -  Model step took 0.8194320201873779 seconds
2024_09_17_T22:31:17 -  Model step started
2024_09_17_T22:31:18 -  Model step took 0.45169901847839355 seconds
2024_09_17_T22:31:31 -  Model step started
2024_09_17_T22:31:32 -  Model step took 0.3852548599243164 seconds
2024_09_17_T22:31:46 -  Model step started
2024_09_17_T22:31:46 -  Model step took 0.44185709953308105 seconds
2024_09_17_T22:31:59 -  Model step started
2024_09_17_T22:32:00 -  Model step took 1.0560050010681152 seconds
2024_09_17_T22:32:13 -  Model step started
2024_09_17_T22:32:14 -  Model step took 1.0208001136779785 seconds
2024_09_17_T22:32:27 -  Model step started
2024_09_17_T22:32:28 -  Model step took 1.0001120567321777 seconds
2024_09_17_T22:32:42 -  Model step started
2024_09_17_T22:32:43 -  Model step took 0.9824209213256836 seconds
2024_09_17_T22:32:55 -  Model step started
2024_09_17_T22:32:56 -  Model step took 0.9003689289093018 seconds
2024_09_17_T22:33:11 -  Model step started
2024_09_17_T22:33:12 -  Model step took 1.2043728828430176 seconds
2024_09_17_T22:33:26 -  Model step started
2024_09_17_T22:33:29 -  Model step took 2.8732409477233887 seconds
2024_09_17_T22:33:44 -  Model step started
2024_09_17_T22:33:46 -  Model step took 1.5764718055725098 seconds
