2024_10_13_T14:53:52 -  finished initateHouses in 0.4600789546966553 seconds
2024_10_13_T14:53:52 -  finished initiateHouseholds in 0.6414670944213867 seconds
2024_10_13_T14:53:52 -  finished assignHousesToHouseholds in 0.8012170791625977 seconds
2024_10_13_T14:53:54 -  Metrics: sum_wealth took 9.5367431640625e-7
2024_10_13_T14:53:55 -  Metrics: wealth_distribution took 5.0067901611328125e-6
2024_10_13_T14:53:55 -  Metrics: money_distribution took 4.0531158447265625e-6
2024_10_13_T14:53:55 -  Metrics: size_distribution took 4.0531158447265625e-6
2024_10_13_T14:53:55 -  Metrics: age_distribution took 4.0531158447265625e-6
2024_10_13_T14:53:56 -  Metrics: sum_wealth took 0.0013649463653564453
2024_10_13_T14:53:57 -  Metrics: wealth_distribution took 0.023231029510498047
2024_10_13_T14:53:57 -  Metrics: money_distribution took 0.01663684844970703
2024_10_13_T14:53:57 -  Metrics: size_distribution took 0.01903390884399414
2024_10_13_T14:53:57 -  Metrics: age_distribution took 0.015450000762939453
2024_10_13_T14:54:34 -  Model step started
2024_10_13_T14:54:35 -  clearHangingSupplies started
2024_10_13_T14:54:35 -  clearHangingSupplies took 0.003134012222290039
2024_10_13_T14:54:35 -  clearHangingRentalSupplies started
2024_10_13_T14:54:35 -  clearHangingRentalSupplies took 0.002093076705932617
2024_10_13_T14:54:35 -  clearHouseMarket started
2024_10_13_T14:55:18 -  clearHouseMarket - first block took 43.31346917152405
2024_10_13_T14:55:18 -  clearHouseMarket - second block took 0.13808488845825195
2024_10_13_T14:55:18 -  clearHouseMarket - third block took 0.014981985092163086
2024_10_13_T14:55:18 -  clearRentalMarket started
2024_10_13_T14:55:18 -  clearRentalMarket - first block took 0.05551719665527344
2024_10_13_T14:55:18 -  clearRentalMarket - second block took 6.9141387939453125e-6
2024_10_13_T14:55:19 -  Pushed house into housesBuiltPerRegion (location,size) = (Amadora, LessThan50)
2024_10_13_T14:55:19 -  Pushed house into housesBuiltPerRegion (location,size) = (Amadora, LessThan125)
2024_10_13_T14:55:19 -  Pushed house into housesBuiltPerRegion (location,size) = (Amadora, LessThan125)
2024_10_13_T14:55:19 -  Pushed house into housesBuiltPerRegion (location,size) = (Amadora, LessThan75)
2024_10_13_T14:55:19 -  Pushed house into housesBuiltPerRegion (location,size) = (Amadora, LessThan75)
2024_10_13_T14:55:19 -  Pushed house into housesBuiltPerRegion (location,size) = (Amadora, LessThan125)
2024_10_13_T14:55:19 -  Pushed house into housesBuiltPerRegion (location,size) = (Amadora, More)
2024_10_13_T14:55:19 -  Pushed house into housesBuiltPerRegion (location,size) = (Amadora, More)
2024_10_13_T14:55:19 -  Pushed house into housesBuiltPerRegion (location,size) = (Cascais, LessThan125)
2024_10_13_T14:55:19 -  Pushed house into housesBuiltPerRegion (location,size) = (Cascais, LessThan125)
2024_10_13_T14:55:19 -  Pushed house into housesBuiltPerRegion (location,size) = (Cascais, LessThan75)
2024_10_13_T14:55:19 -  Pushed house into housesBuiltPerRegion (location,size) = (Cascais, LessThan75)
2024_10_13_T14:55:19 -  Pushed house into housesBuiltPerRegion (location,size) = (Cascais, LessThan50)
2024_10_13_T14:55:19 -  Pushed house into housesBuiltPerRegion (location,size) = (Cascais, LessThan50)
2024_10_13_T14:55:19 -  Pushed house into housesBuiltPerRegion (location,size) = (Cascais, LessThan50)
2024_10_13_T14:55:19 -  Pushed house into housesBuiltPerRegion (location,size) = (Cascais, More)
2024_10_13_T14:55:19 -  Pushed house into housesBuiltPerRegion (location,size) = (Lisboa, LessThan75)
2024_10_13_T14:55:19 -  Pushed house into housesBuiltPerRegion (location,size) = (Lisboa, LessThan75)
2024_10_13_T14:55:19 -  Pushed house into housesBuiltPerRegion (location,size) = (Lisboa, LessThan75)
2024_10_13_T14:55:19 -  Pushed house into housesBuiltPerRegion (location,size) = (Lisboa, LessThan125)
2024_10_13_T14:55:19 -  Pushed house into housesBuiltPerRegion (location,size) = (Lisboa, LessThan125)
2024_10_13_T14:55:19 -  Pushed house into housesBuiltPerRegion (location,size) = (Lisboa, LessThan125)
2024_10_13_T14:55:19 -  Pushed house into housesBuiltPerRegion (location,size) = (Lisboa, More)
2024_10_13_T14:55:19 -  Pushed house into housesBuiltPerRegion (location,size) = (Lisboa, More)
2024_10_13_T14:55:19 -  Pushed house into housesBuiltPerRegion (location,size) = (Lisboa, More)
2024_10_13_T14:55:19 -  Pushed house into housesBuiltPerRegion (location,size) = (Lisboa, More)
2024_10_13_T14:55:19 -  Pushed house into housesBuiltPerRegion (location,size) = (Lisboa, More)
2024_10_13_T14:55:19 -  Pushed house into housesBuiltPerRegion (location,size) = (Lisboa, LessThan50)
2024_10_13_T14:55:19 -  Pushed house into housesBuiltPerRegion (location,size) = (Lisboa, LessThan50)
2024_10_13_T14:55:19 -  Pushed house into housesBuiltPerRegion (location,size) = (Lisboa, LessThan50)
2024_10_13_T14:55:19 -  Pushed house into housesBuiltPerRegion (location,size) = (Lisboa, LessThan50)
2024_10_13_T14:55:19 -  Pushed house into housesBuiltPerRegion (location,size) = (Lisboa, LessThan50)
2024_10_13_T14:55:19 -  Pushed house into housesBuiltPerRegion (location,size) = (Lisboa, LessThan50)
2024_10_13_T14:55:19 -  Pushed house into housesBuiltPerRegion (location,size) = (Lisboa, LessThan75)
2024_10_13_T14:55:19 -  Pushed house into housesBuiltPerRegion (location,size) = (Lisboa, LessThan50)
2024_10_13_T14:55:19 -  Pushed house into housesBuiltPerRegion (location,size) = (Loures, LessThan50)
2024_10_13_T14:55:19 -  Pushed house into housesBuiltPerRegion (location,size) = (Loures, LessThan50)
2024_10_13_T14:55:19 -  Pushed house into housesBuiltPerRegion (location,size) = (Loures, LessThan50)
2024_10_13_T14:55:19 -  Pushed house into housesBuiltPerRegion (location,size) = (Loures, LessThan50)
2024_10_13_T14:55:19 -  Pushed house into housesBuiltPerRegion (location,size) = (Loures, LessThan75)
2024_10_13_T14:55:19 -  Pushed house into housesBuiltPerRegion (location,size) = (Loures, LessThan75)
2024_10_13_T14:55:19 -  Pushed house into housesBuiltPerRegion (location,size) = (Loures, More)
2024_10_13_T14:55:19 -  Pushed house into housesBuiltPerRegion (location,size) = (Loures, More)
2024_10_13_T14:55:19 -  Pushed house into housesBuiltPerRegion (location,size) = (Loures, More)
2024_10_13_T14:55:19 -  Pushed house into housesBuiltPerRegion (location,size) = (Loures, More)
2024_10_13_T14:55:19 -  Pushed house into housesBuiltPerRegion (location,size) = (Loures, More)
2024_10_13_T14:55:19 -  Pushed house into housesBuiltPerRegion (location,size) = (Loures, LessThan125)
2024_10_13_T14:55:19 -  Pushed house into housesBuiltPerRegion (location,size) = (Mafra, LessThan125)
2024_10_13_T14:55:19 -  Pushed house into housesBuiltPerRegion (location,size) = (Mafra, LessThan75)
2024_10_13_T14:55:19 -  Pushed house into housesBuiltPerRegion (location,size) = (Mafra, LessThan125)
2024_10_13_T14:55:19 -  Pushed house into housesBuiltPerRegion (location,size) = (Mafra, LessThan125)
2024_10_13_T14:55:19 -  Pushed house into housesBuiltPerRegion (location,size) = (Mafra, More)
2024_10_13_T14:55:19 -  Pushed house into housesBuiltPerRegion (location,size) = (Mafra, LessThan50)
2024_10_13_T14:55:19 -  Pushed house into housesBuiltPerRegion (location,size) = (Mafra, LessThan50)
2024_10_13_T14:55:19 -  Pushed house into housesBuiltPerRegion (location,size) = (Odivelas, LessThan75)
2024_10_13_T14:55:19 -  Pushed house into housesBuiltPerRegion (location,size) = (Odivelas, LessThan75)
2024_10_13_T14:55:19 -  Pushed house into housesBuiltPerRegion (location,size) = (Odivelas, LessThan125)
2024_10_13_T14:55:19 -  Pushed house into housesBuiltPerRegion (location,size) = (Odivelas, LessThan125)
2024_10_13_T14:55:19 -  Pushed house into housesBuiltPerRegion (location,size) = (Odivelas, LessThan125)
2024_10_13_T14:55:19 -  Pushed house into housesBuiltPerRegion (location,size) = (Odivelas, LessThan125)
2024_10_13_T14:55:19 -  Pushed house into housesBuiltPerRegion (location,size) = (Odivelas, More)
2024_10_13_T14:55:19 -  Pushed house into housesBuiltPerRegion (location,size) = (Odivelas, More)
2024_10_13_T14:55:19 -  Pushed house into housesBuiltPerRegion (location,size) = (Odivelas, LessThan50)
2024_10_13_T14:55:19 -  Pushed house into housesBuiltPerRegion (location,size) = (Odivelas, LessThan50)
2024_10_13_T14:55:19 -  Pushed house into housesBuiltPerRegion (location,size) = (Oeiras, LessThan125)
2024_10_13_T14:55:19 -  Pushed house into housesBuiltPerRegion (location,size) = (Oeiras, LessThan50)
2024_10_13_T14:55:19 -  Pushed house into housesBuiltPerRegion (location,size) = (Oeiras, LessThan125)
2024_10_13_T14:55:19 -  Pushed house into housesBuiltPerRegion (location,size) = (Oeiras, LessThan125)
2024_10_13_T14:55:19 -  Pushed house into housesBuiltPerRegion (location,size) = (Sintra, LessThan125)
2024_10_13_T14:55:19 -  Pushed house into housesBuiltPerRegion (location,size) = (Sintra, LessThan125)
2024_10_13_T14:55:19 -  Pushed house into housesBuiltPerRegion (location,size) = (Sintra, LessThan125)
2024_10_13_T14:55:19 -  Pushed house into housesBuiltPerRegion (location,size) = (Sintra, LessThan125)
2024_10_13_T14:55:19 -  Pushed house into housesBuiltPerRegion (location,size) = (Sintra, More)
2024_10_13_T14:55:19 -  Pushed house into housesBuiltPerRegion (location,size) = (Sintra, More)
2024_10_13_T14:55:19 -  Pushed house into housesBuiltPerRegion (location,size) = (Sintra, LessThan75)
2024_10_13_T14:55:19 -  Pushed house into housesBuiltPerRegion (location,size) = (Sintra, LessThan75)
2024_10_13_T14:55:19 -  Pushed house into housesBuiltPerRegion (location,size) = (Sintra, LessThan50)
2024_10_13_T14:55:19 -  Pushed house into housesBuiltPerRegion (location,size) = (Sintra, LessThan50)
2024_10_13_T14:55:19 -  Pushed house into housesBuiltPerRegion (location,size) = (Sintra, LessThan50)
2024_10_13_T14:55:19 -  Pushed house into housesBuiltPerRegion (location,size) = (VilaFrancaDeXira, LessThan125)
2024_10_13_T14:55:19 -  Pushed house into housesBuiltPerRegion (location,size) = (VilaFrancaDeXira, LessThan125)
2024_10_13_T14:55:19 -  Pushed house into housesBuiltPerRegion (location,size) = (VilaFrancaDeXira, LessThan75)
2024_10_13_T14:55:19 -  Pushed house into housesBuiltPerRegion (location,size) = (VilaFrancaDeXira, LessThan125)
2024_10_13_T14:55:19 -  Pushed house into housesBuiltPerRegion (location,size) = (VilaFrancaDeXira, LessThan50)
2024_10_13_T14:55:19 -  Pushed house into housesBuiltPerRegion (location,size) = (VilaFrancaDeXira, LessThan50)
2024_10_13_T14:55:19 -  Pushed house into housesBuiltPerRegion (location,size) = (VilaFrancaDeXira, More)
2024_10_13_T14:55:19 -  Pushed house into housesBuiltPerRegion (location,size) = (Alcochete, LessThan50)
2024_10_13_T14:55:19 -  Pushed house into housesBuiltPerRegion (location,size) = (Alcochete, LessThan50)
2024_10_13_T14:55:19 -  Pushed house into housesBuiltPerRegion (location,size) = (Alcochete, LessThan75)
2024_10_13_T14:55:19 -  Pushed house into housesBuiltPerRegion (location,size) = (Alcochete, More)
2024_10_13_T14:55:19 -  Pushed house into housesBuiltPerRegion (location,size) = (Alcochete, More)
2024_10_13_T14:55:19 -  Pushed house into housesBuiltPerRegion (location,size) = (Almada, More)
2024_10_13_T14:55:19 -  Pushed house into housesBuiltPerRegion (location,size) = (Almada, More)
2024_10_13_T14:55:19 -  Pushed house into housesBuiltPerRegion (location,size) = (Almada, More)
2024_10_13_T14:55:19 -  Pushed house into housesBuiltPerRegion (location,size) = (Almada, LessThan125)
2024_10_13_T14:55:19 -  Pushed house into housesBuiltPerRegion (location,size) = (Almada, LessThan125)
2024_10_13_T14:55:19 -  Pushed house into housesBuiltPerRegion (location,size) = (Almada, LessThan125)
2024_10_13_T14:55:19 -  Pushed house into housesBuiltPerRegion (location,size) = (Almada, More)
2024_10_13_T14:55:19 -  Pushed house into housesBuiltPerRegion (location,size) = (Almada, LessThan125)
2024_10_13_T14:55:19 -  Pushed house into housesBuiltPerRegion (location,size) = (Almada, LessThan125)
2024_10_13_T14:55:19 -  Pushed house into housesBuiltPerRegion (location,size) = (Almada, LessThan50)
2024_10_13_T14:55:19 -  Pushed house into housesBuiltPerRegion (location,size) = (Almada, LessThan50)
2024_10_13_T14:55:19 -  Pushed house into housesBuiltPerRegion (location,size) = (Almada, LessThan50)
2024_10_13_T14:55:19 -  Pushed house into housesBuiltPerRegion (location,size) = (Almada, LessThan50)
2024_10_13_T14:55:19 -  Pushed house into housesBuiltPerRegion (location,size) = (Almada, LessThan50)
2024_10_13_T14:55:19 -  Pushed house into housesBuiltPerRegion (location,size) = (Almada, LessThan75)
2024_10_13_T14:55:19 -  Pushed house into housesBuiltPerRegion (location,size) = (Almada, LessThan75)
2024_10_13_T14:55:19 -  Pushed house into housesBuiltPerRegion (location,size) = (Almada, LessThan75)
2024_10_13_T14:55:19 -  Pushed house into housesBuiltPerRegion (location,size) = (Barreiro, LessThan75)
2024_10_13_T14:55:19 -  Pushed house into housesBuiltPerRegion (location,size) = (Moita, More)
2024_10_13_T14:55:19 -  Pushed house into housesBuiltPerRegion (location,size) = (Montijo, LessThan75)
2024_10_13_T14:55:19 -  Pushed house into housesBuiltPerRegion (location,size) = (Montijo, LessThan75)
2024_10_13_T14:55:19 -  Pushed house into housesBuiltPerRegion (location,size) = (Montijo, More)
2024_10_13_T14:55:19 -  Pushed house into housesBuiltPerRegion (location,size) = (Montijo, More)
2024_10_13_T14:55:19 -  Pushed house into housesBuiltPerRegion (location,size) = (Montijo, More)
2024_10_13_T14:55:19 -  Pushed house into housesBuiltPerRegion (location,size) = (Palmela, LessThan125)
2024_10_13_T14:55:19 -  Pushed house into housesBuiltPerRegion (location,size) = (Palmela, LessThan50)
2024_10_13_T14:55:19 -  Pushed house into housesBuiltPerRegion (location,size) = (Palmela, LessThan75)
2024_10_13_T14:55:19 -  Pushed house into housesBuiltPerRegion (location,size) = (Seixal, LessThan125)
2024_10_13_T14:55:19 -  Pushed house into housesBuiltPerRegion (location,size) = (Seixal, LessThan125)
2024_10_13_T14:55:19 -  Pushed house into housesBuiltPerRegion (location,size) = (Seixal, LessThan125)
2024_10_13_T14:55:19 -  Pushed house into housesBuiltPerRegion (location,size) = (Seixal, LessThan125)
2024_10_13_T14:55:19 -  Pushed house into housesBuiltPerRegion (location,size) = (Seixal, LessThan125)
2024_10_13_T14:55:19 -  Pushed house into housesBuiltPerRegion (location,size) = (Seixal, LessThan125)
2024_10_13_T14:55:19 -  Pushed house into housesBuiltPerRegion (location,size) = (Seixal, LessThan125)
2024_10_13_T14:55:19 -  Pushed house into housesBuiltPerRegion (location,size) = (Seixal, More)
2024_10_13_T14:55:19 -  Pushed house into housesBuiltPerRegion (location,size) = (Seixal, More)
2024_10_13_T14:55:19 -  Pushed house into housesBuiltPerRegion (location,size) = (Seixal, More)
2024_10_13_T14:55:19 -  Pushed house into housesBuiltPerRegion (location,size) = (Seixal, More)
2024_10_13_T14:55:19 -  Pushed house into housesBuiltPerRegion (location,size) = (Seixal, More)
2024_10_13_T14:55:19 -  Pushed house into housesBuiltPerRegion (location,size) = (Seixal, LessThan50)
2024_10_13_T14:55:19 -  Pushed house into housesBuiltPerRegion (location,size) = (Seixal, LessThan50)
2024_10_13_T14:55:19 -  Pushed house into housesBuiltPerRegion (location,size) = (Seixal, LessThan75)
2024_10_13_T14:55:19 -  Pushed house into housesBuiltPerRegion (location,size) = (Seixal, LessThan50)
2024_10_13_T14:55:19 -  Pushed house into housesBuiltPerRegion (location,size) = (Seixal, LessThan50)
2024_10_13_T14:55:19 -  Pushed house into housesBuiltPerRegion (location,size) = (Seixal, LessThan50)
2024_10_13_T14:55:19 -  Pushed house into housesBuiltPerRegion (location,size) = (Seixal, LessThan75)
2024_10_13_T14:55:19 -  Pushed house into housesBuiltPerRegion (location,size) = (Seixal, LessThan75)
2024_10_13_T14:55:19 -  Pushed house into housesBuiltPerRegion (location,size) = (Seixal, LessThan75)
2024_10_13_T14:55:19 -  Pushed house into housesBuiltPerRegion (location,size) = (Seixal, LessThan125)
2024_10_13_T14:55:19 -  Pushed house into housesBuiltPerRegion (location,size) = (Seixal, LessThan75)
2024_10_13_T14:55:19 -  Pushed house into housesBuiltPerRegion (location,size) = (Seixal, LessThan75)
2024_10_13_T14:55:19 -  Pushed house into housesBuiltPerRegion (location,size) = (Sesimbra, LessThan125)
2024_10_13_T14:55:19 -  Pushed house into housesBuiltPerRegion (location,size) = (Sesimbra, More)
2024_10_13_T14:55:19 -  Pushed house into housesBuiltPerRegion (location,size) = (Setubal, More)
2024_10_13_T14:55:19 -  Pushed house into housesBuiltPerRegion (location,size) = (Setubal, More)
2024_10_13_T14:55:19 -  Pushed house into housesBuiltPerRegion (location,size) = (Setubal, LessThan50)
2024_10_13_T14:55:19 -  Pushed house into housesBuiltPerRegion (location,size) = (Setubal, LessThan50)
2024_10_13_T14:55:19 -  Pushed house into housesBuiltPerRegion (location,size) = (Setubal, LessThan50)
2024_10_13_T14:55:19 -  Pushed house into housesBuiltPerRegion (location,size) = (Setubal, LessThan75)
2024_10_13_T14:55:19 -  Model step took 44.34002614021301 seconds
2024_10_13_T14:55:19 -  Metrics: sum_wealth took 0.0013740062713623047
2024_10_13_T14:55:19 -  Metrics: wealth_distribution took 0.014822006225585938
2024_10_13_T14:55:19 -  Metrics: money_distribution took 0.015189170837402344
2024_10_13_T14:55:19 -  Metrics: size_distribution took 0.013409137725830078
2024_10_13_T14:55:19 -  Metrics: age_distribution took 0.01398921012878418
2024_10_13_T14:55:58 -  Model step started
2024_10_13_T14:55:58 -  clearHangingSupplies started
2024_10_13_T14:55:58 -  clearHangingSupplies took 0.01213693618774414
2024_10_13_T14:55:58 -  clearHangingRentalSupplies started
2024_10_13_T14:55:58 -  clearHangingRentalSupplies took 4.0531158447265625e-6
2024_10_13_T14:55:58 -  clearHouseMarket started
2024_10_13_T14:57:05 -  clearHouseMarket - first block took 67.36946177482605
2024_10_13_T14:57:05 -  clearHouseMarket - second block took 0.019676923751831055
2024_10_13_T14:57:05 -  clearHouseMarket - third block took 0.00351715087890625
2024_10_13_T14:57:05 -  clearRentalMarket started
2024_10_13_T14:57:05 -  clearRentalMarket - first block took 0.00012803077697753906
2024_10_13_T14:57:05 -  clearRentalMarket - second block took 2.1457672119140625e-6
2024_10_13_T14:57:05 -  Pushed house into housesBuiltPerRegion (location,size) = (Amadora, LessThan125)
2024_10_13_T14:57:05 -  Pushed house into housesBuiltPerRegion (location,size) = (Amadora, LessThan50)
2024_10_13_T14:57:05 -  Pushed house into housesBuiltPerRegion (location,size) = (Amadora, More)
2024_10_13_T14:57:05 -  Pushed house into housesBuiltPerRegion (location,size) = (Amadora, More)
2024_10_13_T14:57:05 -  Pushed house into housesBuiltPerRegion (location,size) = (Amadora, LessThan75)
2024_10_13_T14:57:05 -  Pushed house into housesBuiltPerRegion (location,size) = (Amadora, LessThan75)
2024_10_13_T14:57:05 -  Pushed house into housesBuiltPerRegion (location,size) = (Amadora, LessThan75)
2024_10_13_T14:57:05 -  Pushed house into housesBuiltPerRegion (location,size) = (Cascais, LessThan50)
2024_10_13_T14:57:05 -  Pushed house into housesBuiltPerRegion (location,size) = (Lisboa, LessThan125)
2024_10_13_T14:57:05 -  Pushed house into housesBuiltPerRegion (location,size) = (Lisboa, LessThan125)
2024_10_13_T14:57:05 -  Pushed house into housesBuiltPerRegion (location,size) = (Lisboa, LessThan125)
2024_10_13_T14:57:05 -  Pushed house into housesBuiltPerRegion (location,size) = (Lisboa, LessThan125)
2024_10_13_T14:57:05 -  Pushed house into housesBuiltPerRegion (location,size) = (Lisboa, LessThan75)
2024_10_13_T14:57:05 -  Pushed house into housesBuiltPerRegion (location,size) = (Lisboa, LessThan50)
2024_10_13_T14:57:05 -  Pushed house into housesBuiltPerRegion (location,size) = (Lisboa, LessThan50)
2024_10_13_T14:57:05 -  Pushed house into housesBuiltPerRegion (location,size) = (Lisboa, LessThan50)
2024_10_13_T14:57:05 -  Pushed house into housesBuiltPerRegion (location,size) = (Lisboa, LessThan50)
2024_10_13_T14:57:05 -  Pushed house into housesBuiltPerRegion (location,size) = (Lisboa, More)
2024_10_13_T14:57:05 -  Pushed house into housesBuiltPerRegion (location,size) = (Loures, More)
2024_10_13_T14:57:05 -  Pushed house into housesBuiltPerRegion (location,size) = (Loures, More)
2024_10_13_T14:57:05 -  Pushed house into housesBuiltPerRegion (location,size) = (Loures, LessThan50)
2024_10_13_T14:57:05 -  Pushed house into housesBuiltPerRegion (location,size) = (Loures, LessThan50)
2024_10_13_T14:57:05 -  Pushed house into housesBuiltPerRegion (location,size) = (Loures, LessThan125)
2024_10_13_T14:57:05 -  Pushed house into housesBuiltPerRegion (location,size) = (Mafra, LessThan125)
2024_10_13_T14:57:05 -  Pushed house into housesBuiltPerRegion (location,size) = (Mafra, LessThan50)
2024_10_13_T14:57:05 -  Pushed house into housesBuiltPerRegion (location,size) = (Mafra, LessThan50)
2024_10_13_T14:57:05 -  Pushed house into housesBuiltPerRegion (location,size) = (Mafra, LessThan50)
2024_10_13_T14:57:05 -  Pushed house into housesBuiltPerRegion (location,size) = (Mafra, More)
2024_10_13_T14:57:05 -  Pushed house into housesBuiltPerRegion (location,size) = (Mafra, More)
2024_10_13_T14:57:05 -  Pushed house into housesBuiltPerRegion (location,size) = (Mafra, More)
2024_10_13_T14:57:05 -  Pushed house into housesBuiltPerRegion (location,size) = (Mafra, More)
2024_10_13_T14:57:05 -  Pushed house into housesBuiltPerRegion (location,size) = (Mafra, LessThan75)
2024_10_13_T14:57:05 -  Pushed house into housesBuiltPerRegion (location,size) = (Mafra, LessThan75)
2024_10_13_T14:57:05 -  Pushed house into housesBuiltPerRegion (location,size) = (Odivelas, LessThan50)
2024_10_13_T14:57:05 -  Pushed house into housesBuiltPerRegion (location,size) = (Odivelas, LessThan50)
2024_10_13_T14:57:05 -  Pushed house into housesBuiltPerRegion (location,size) = (Odivelas, More)
2024_10_13_T14:57:05 -  Pushed house into housesBuiltPerRegion (location,size) = (Odivelas, More)
2024_10_13_T14:57:05 -  Pushed house into housesBuiltPerRegion (location,size) = (Odivelas, More)
2024_10_13_T14:57:05 -  Pushed house into housesBuiltPerRegion (location,size) = (Odivelas, More)
2024_10_13_T14:57:05 -  Pushed house into housesBuiltPerRegion (location,size) = (Odivelas, LessThan125)
2024_10_13_T14:57:05 -  Pushed house into housesBuiltPerRegion (location,size) = (Odivelas, More)
2024_10_13_T14:57:05 -  Pushed house into housesBuiltPerRegion (location,size) = (Oeiras, LessThan125)
2024_10_13_T14:57:05 -  Pushed house into housesBuiltPerRegion (location,size) = (Oeiras, More)
2024_10_13_T14:57:05 -  Pushed house into housesBuiltPerRegion (location,size) = (Oeiras, LessThan125)
2024_10_13_T14:57:05 -  Pushed house into housesBuiltPerRegion (location,size) = (Oeiras, More)
2024_10_13_T14:57:05 -  Pushed house into housesBuiltPerRegion (location,size) = (Oeiras, LessThan50)
2024_10_13_T14:57:05 -  Pushed house into housesBuiltPerRegion (location,size) = (Sintra, LessThan125)
2024_10_13_T14:57:05 -  Pushed house into housesBuiltPerRegion (location,size) = (Sintra, LessThan125)
2024_10_13_T14:57:05 -  Pushed house into housesBuiltPerRegion (location,size) = (Sintra, More)
2024_10_13_T14:57:05 -  Pushed house into housesBuiltPerRegion (location,size) = (Sintra, More)
2024_10_13_T14:57:05 -  Pushed house into housesBuiltPerRegion (location,size) = (Sintra, LessThan50)
2024_10_13_T14:57:05 -  Pushed house into housesBuiltPerRegion (location,size) = (Sintra, LessThan50)
2024_10_13_T14:57:05 -  Pushed house into housesBuiltPerRegion (location,size) = (Sintra, LessThan50)
2024_10_13_T14:57:05 -  Pushed house into housesBuiltPerRegion (location,size) = (VilaFrancaDeXira, LessThan125)
2024_10_13_T14:57:05 -  Pushed house into housesBuiltPerRegion (location,size) = (VilaFrancaDeXira, LessThan125)
2024_10_13_T14:57:05 -  Pushed house into housesBuiltPerRegion (location,size) = (VilaFrancaDeXira, More)
2024_10_13_T14:57:05 -  Pushed house into housesBuiltPerRegion (location,size) = (Alcochete, More)
2024_10_13_T14:57:05 -  Pushed house into housesBuiltPerRegion (location,size) = (Alcochete, LessThan75)
2024_10_13_T14:57:05 -  Pushed house into housesBuiltPerRegion (location,size) = (Alcochete, LessThan125)
2024_10_13_T14:57:05 -  Pushed house into housesBuiltPerRegion (location,size) = (Almada, LessThan50)
2024_10_13_T14:57:05 -  Pushed house into housesBuiltPerRegion (location,size) = (Almada, LessThan50)
2024_10_13_T14:57:05 -  Pushed house into housesBuiltPerRegion (location,size) = (Moita, LessThan50)
2024_10_13_T14:57:05 -  Pushed house into housesBuiltPerRegion (location,size) = (Montijo, More)
2024_10_13_T14:57:05 -  Pushed house into housesBuiltPerRegion (location,size) = (Montijo, More)
2024_10_13_T14:57:05 -  Pushed house into housesBuiltPerRegion (location,size) = (Montijo, More)
2024_10_13_T14:57:05 -  Pushed house into housesBuiltPerRegion (location,size) = (Montijo, LessThan125)
2024_10_13_T14:57:05 -  Pushed house into housesBuiltPerRegion (location,size) = (Palmela, LessThan125)
2024_10_13_T14:57:05 -  Pushed house into housesBuiltPerRegion (location,size) = (Palmela, More)
2024_10_13_T14:57:05 -  Pushed house into housesBuiltPerRegion (location,size) = (Palmela, LessThan50)
2024_10_13_T14:57:05 -  Pushed house into housesBuiltPerRegion (location,size) = (Palmela, LessThan50)
2024_10_13_T14:57:05 -  Pushed house into housesBuiltPerRegion (location,size) = (Palmela, LessThan50)
2024_10_13_T14:57:05 -  Pushed house into housesBuiltPerRegion (location,size) = (Palmela, LessThan75)
2024_10_13_T14:57:05 -  Pushed house into housesBuiltPerRegion (location,size) = (Seixal, LessThan75)
2024_10_13_T14:57:05 -  Pushed house into housesBuiltPerRegion (location,size) = (Seixal, LessThan50)
2024_10_13_T14:57:05 -  Pushed house into housesBuiltPerRegion (location,size) = (Seixal, More)
2024_10_13_T14:57:05 -  Pushed house into housesBuiltPerRegion (location,size) = (Seixal, More)
2024_10_13_T14:57:05 -  Pushed house into housesBuiltPerRegion (location,size) = (Seixal, More)
2024_10_13_T14:57:05 -  Pushed house into housesBuiltPerRegion (location,size) = (Seixal, More)
2024_10_13_T14:57:05 -  Pushed house into housesBuiltPerRegion (location,size) = (Seixal, LessThan125)
2024_10_13_T14:57:05 -  Pushed house into housesBuiltPerRegion (location,size) = (Seixal, LessThan125)
2024_10_13_T14:57:05 -  Pushed house into housesBuiltPerRegion (location,size) = (Seixal, LessThan125)
2024_10_13_T14:57:05 -  Pushed house into housesBuiltPerRegion (location,size) = (Sesimbra, LessThan75)
2024_10_13_T14:57:05 -  Pushed house into housesBuiltPerRegion (location,size) = (Setubal, LessThan125)
2024_10_13_T14:57:05 -  Pushed house into housesBuiltPerRegion (location,size) = (Setubal, LessThan50)
2024_10_13_T14:57:05 -  Model step took 67.91362595558167 seconds
2024_10_13_T14:57:05 -  Metrics: sum_wealth took 0.0016429424285888672
2024_10_13_T14:57:06 -  Metrics: wealth_distribution took 0.01569080352783203
2024_10_13_T14:57:06 -  Metrics: money_distribution took 0.016746997833251953
2024_10_13_T14:57:06 -  Metrics: size_distribution took 0.015889883041381836
2024_10_13_T14:57:06 -  Metrics: age_distribution took 0.026472091674804688
2024_10_13_T14:57:45 -  Model step started
2024_10_13_T14:57:45 -  clearHangingSupplies started
2024_10_13_T14:57:45 -  clearHangingSupplies took 0.0047931671142578125
2024_10_13_T14:57:45 -  clearHangingRentalSupplies started
2024_10_13_T14:57:45 -  clearHangingRentalSupplies took 0.006662130355834961
2024_10_13_T14:57:45 -  clearHouseMarket started
2024_10_13_T14:59:03 -  clearHouseMarket - first block took 78.38856196403503
2024_10_13_T14:59:03 -  clearHouseMarket - second block took 0.08795809745788574
2024_10_13_T14:59:03 -  clearHouseMarket - third block took 0.004139900207519531
2024_10_13_T14:59:03 -  clearRentalMarket started
2024_10_13_T14:59:05 -  clearRentalMarket - first block took 1.8362700939178467
2024_10_13_T14:59:05 -  clearRentalMarket - second block took 0.0604557991027832
2024_10_13_T14:59:06 -  Pushed house into housesBuiltPerRegion (location,size) = (Amadora, More)
2024_10_13_T14:59:06 -  Pushed house into housesBuiltPerRegion (location,size) = (Amadora, LessThan50)
2024_10_13_T14:59:06 -  Pushed house into housesBuiltPerRegion (location,size) = (Amadora, More)
2024_10_13_T14:59:06 -  Pushed house into housesBuiltPerRegion (location,size) = (Amadora, More)
2024_10_13_T14:59:06 -  Pushed house into housesBuiltPerRegion (location,size) = (Cascais, More)
2024_10_13_T14:59:06 -  Pushed house into housesBuiltPerRegion (location,size) = (Cascais, More)
2024_10_13_T14:59:06 -  Pushed house into housesBuiltPerRegion (location,size) = (Cascais, LessThan75)
2024_10_13_T14:59:06 -  Pushed house into housesBuiltPerRegion (location,size) = (Cascais, LessThan125)
2024_10_13_T14:59:06 -  Pushed house into housesBuiltPerRegion (location,size) = (Lisboa, LessThan75)
2024_10_13_T14:59:06 -  Pushed house into housesBuiltPerRegion (location,size) = (Lisboa, LessThan50)
2024_10_13_T14:59:06 -  Pushed house into housesBuiltPerRegion (location,size) = (Lisboa, LessThan50)
2024_10_13_T14:59:06 -  Pushed house into housesBuiltPerRegion (location,size) = (Lisboa, LessThan125)
2024_10_13_T14:59:06 -  Pushed house into housesBuiltPerRegion (location,size) = (Lisboa, LessThan125)
2024_10_13_T14:59:06 -  Pushed house into housesBuiltPerRegion (location,size) = (Lisboa, More)
2024_10_13_T14:59:06 -  Pushed house into housesBuiltPerRegion (location,size) = (Lisboa, More)
2024_10_13_T14:59:06 -  Pushed house into housesBuiltPerRegion (location,size) = (Lisboa, More)
2024_10_13_T14:59:06 -  Pushed house into housesBuiltPerRegion (location,size) = (Lisboa, More)
2024_10_13_T14:59:06 -  Pushed house into housesBuiltPerRegion (location,size) = (Lisboa, More)
2024_10_13_T14:59:06 -  Pushed house into housesBuiltPerRegion (location,size) = (Loures, LessThan50)
2024_10_13_T14:59:06 -  Pushed house into housesBuiltPerRegion (location,size) = (Loures, LessThan75)
2024_10_13_T14:59:06 -  Pushed house into housesBuiltPerRegion (location,size) = (Loures, LessThan125)
2024_10_13_T14:59:06 -  Pushed house into housesBuiltPerRegion (location,size) = (Loures, LessThan125)
2024_10_13_T14:59:06 -  Pushed house into housesBuiltPerRegion (location,size) = (Loures, More)
2024_10_13_T14:59:06 -  Pushed house into housesBuiltPerRegion (location,size) = (Mafra, LessThan75)
2024_10_13_T14:59:06 -  Pushed house into housesBuiltPerRegion (location,size) = (Mafra, LessThan75)
2024_10_13_T14:59:06 -  Pushed house into housesBuiltPerRegion (location,size) = (Mafra, More)
2024_10_13_T14:59:06 -  Pushed house into housesBuiltPerRegion (location,size) = (Mafra, LessThan125)
2024_10_13_T14:59:06 -  Pushed house into housesBuiltPerRegion (location,size) = (Mafra, LessThan125)
2024_10_13_T14:59:06 -  Pushed house into housesBuiltPerRegion (location,size) = (Mafra, LessThan50)
2024_10_13_T14:59:06 -  Pushed house into housesBuiltPerRegion (location,size) = (Mafra, LessThan50)
2024_10_13_T14:59:06 -  Pushed house into housesBuiltPerRegion (location,size) = (Odivelas, More)
2024_10_13_T14:59:06 -  Pushed house into housesBuiltPerRegion (location,size) = (Odivelas, LessThan50)
2024_10_13_T14:59:06 -  Pushed house into housesBuiltPerRegion (location,size) = (Odivelas, LessThan50)
2024_10_13_T14:59:06 -  Pushed house into housesBuiltPerRegion (location,size) = (Odivelas, LessThan50)
2024_10_13_T14:59:06 -  Pushed house into housesBuiltPerRegion (location,size) = (Odivelas, LessThan50)
2024_10_13_T14:59:06 -  Pushed house into housesBuiltPerRegion (location,size) = (Odivelas, LessThan50)
2024_10_13_T14:59:06 -  Pushed house into housesBuiltPerRegion (location,size) = (Odivelas, LessThan75)
2024_10_13_T14:59:06 -  Pushed house into housesBuiltPerRegion (location,size) = (Odivelas, LessThan125)
2024_10_13_T14:59:06 -  Pushed house into housesBuiltPerRegion (location,size) = (Odivelas, LessThan125)
2024_10_13_T14:59:06 -  Pushed house into housesBuiltPerRegion (location,size) = (Oeiras, LessThan50)
2024_10_13_T14:59:06 -  Pushed house into housesBuiltPerRegion (location,size) = (Sintra, LessThan75)
2024_10_13_T14:59:06 -  Pushed house into housesBuiltPerRegion (location,size) = (Sintra, LessThan125)
2024_10_13_T14:59:06 -  Pushed house into housesBuiltPerRegion (location,size) = (Sintra, LessThan125)
2024_10_13_T14:59:06 -  Pushed house into housesBuiltPerRegion (location,size) = (Sintra, LessThan50)
2024_10_13_T14:59:06 -  Pushed house into housesBuiltPerRegion (location,size) = (VilaFrancaDeXira, LessThan50)
2024_10_13_T14:59:06 -  Pushed house into housesBuiltPerRegion (location,size) = (VilaFrancaDeXira, LessThan75)
2024_10_13_T14:59:06 -  Pushed house into housesBuiltPerRegion (location,size) = (VilaFrancaDeXira, More)
2024_10_13_T14:59:06 -  Pushed house into housesBuiltPerRegion (location,size) = (Almada, More)
2024_10_13_T14:59:06 -  Pushed house into housesBuiltPerRegion (location,size) = (Almada, LessThan75)
2024_10_13_T14:59:06 -  Pushed house into housesBuiltPerRegion (location,size) = (Almada, LessThan75)
2024_10_13_T14:59:06 -  Pushed house into housesBuiltPerRegion (location,size) = (Almada, LessThan125)
2024_10_13_T14:59:06 -  Pushed house into housesBuiltPerRegion (location,size) = (Almada, LessThan125)
2024_10_13_T14:59:06 -  Pushed house into housesBuiltPerRegion (location,size) = (Almada, LessThan125)
2024_10_13_T14:59:06 -  Pushed house into housesBuiltPerRegion (location,size) = (Almada, LessThan125)
2024_10_13_T14:59:06 -  Pushed house into housesBuiltPerRegion (location,size) = (Almada, LessThan125)
2024_10_13_T14:59:06 -  Pushed house into housesBuiltPerRegion (location,size) = (Almada, LessThan125)
2024_10_13_T14:59:06 -  Pushed house into housesBuiltPerRegion (location,size) = (Almada, LessThan50)
2024_10_13_T14:59:06 -  Pushed house into housesBuiltPerRegion (location,size) = (Barreiro, LessThan50)
2024_10_13_T14:59:06 -  Pushed house into housesBuiltPerRegion (location,size) = (Montijo, More)
2024_10_13_T14:59:06 -  Pushed house into housesBuiltPerRegion (location,size) = (Montijo, LessThan125)
2024_10_13_T14:59:06 -  Pushed house into housesBuiltPerRegion (location,size) = (Montijo, LessThan75)
2024_10_13_T14:59:06 -  Pushed house into housesBuiltPerRegion (location,size) = (Montijo, LessThan50)
2024_10_13_T14:59:06 -  Pushed house into housesBuiltPerRegion (location,size) = (Montijo, LessThan50)
2024_10_13_T14:59:06 -  Pushed house into housesBuiltPerRegion (location,size) = (Palmela, LessThan125)
2024_10_13_T14:59:06 -  Pushed house into housesBuiltPerRegion (location,size) = (Palmela, LessThan75)
2024_10_13_T14:59:06 -  Pushed house into housesBuiltPerRegion (location,size) = (Palmela, LessThan75)
2024_10_13_T14:59:06 -  Pushed house into housesBuiltPerRegion (location,size) = (Palmela, LessThan125)
2024_10_13_T14:59:06 -  Pushed house into housesBuiltPerRegion (location,size) = (Palmela, More)
2024_10_13_T14:59:06 -  Pushed house into housesBuiltPerRegion (location,size) = (Palmela, More)
2024_10_13_T14:59:06 -  Pushed house into housesBuiltPerRegion (location,size) = (Seixal, LessThan50)
2024_10_13_T14:59:06 -  Pushed house into housesBuiltPerRegion (location,size) = (Seixal, LessThan50)
2024_10_13_T14:59:06 -  Pushed house into housesBuiltPerRegion (location,size) = (Seixal, LessThan50)
2024_10_13_T14:59:06 -  Pushed house into housesBuiltPerRegion (location,size) = (Seixal, LessThan50)
2024_10_13_T14:59:06 -  Pushed house into housesBuiltPerRegion (location,size) = (Seixal, LessThan50)
2024_10_13_T14:59:06 -  Pushed house into housesBuiltPerRegion (location,size) = (Seixal, LessThan125)
2024_10_13_T14:59:06 -  Pushed house into housesBuiltPerRegion (location,size) = (Seixal, LessThan125)
2024_10_13_T14:59:06 -  Pushed house into housesBuiltPerRegion (location,size) = (Seixal, LessThan125)
2024_10_13_T14:59:06 -  Pushed house into housesBuiltPerRegion (location,size) = (Seixal, LessThan125)
2024_10_13_T14:59:06 -  Pushed house into housesBuiltPerRegion (location,size) = (Seixal, LessThan125)
2024_10_13_T14:59:06 -  Pushed house into housesBuiltPerRegion (location,size) = (Seixal, LessThan125)
2024_10_13_T14:59:06 -  Pushed house into housesBuiltPerRegion (location,size) = (Seixal, LessThan125)
2024_10_13_T14:59:06 -  Pushed house into housesBuiltPerRegion (location,size) = (Seixal, LessThan75)
2024_10_13_T14:59:06 -  Pushed house into housesBuiltPerRegion (location,size) = (Seixal, More)
2024_10_13_T14:59:06 -  Pushed house into housesBuiltPerRegion (location,size) = (Seixal, More)
2024_10_13_T14:59:06 -  Pushed house into housesBuiltPerRegion (location,size) = (Seixal, More)
2024_10_13_T14:59:06 -  Pushed house into housesBuiltPerRegion (location,size) = (Seixal, More)
2024_10_13_T14:59:06 -  Pushed house into housesBuiltPerRegion (location,size) = (Sesimbra, More)
2024_10_13_T14:59:06 -  Pushed house into housesBuiltPerRegion (location,size) = (Sesimbra, More)
2024_10_13_T14:59:06 -  Pushed house into housesBuiltPerRegion (location,size) = (Setubal, LessThan75)
2024_10_13_T14:59:06 -  Pushed house into housesBuiltPerRegion (location,size) = (Setubal, LessThan75)
2024_10_13_T14:59:06 -  Pushed house into housesBuiltPerRegion (location,size) = (Setubal, More)
2024_10_13_T14:59:06 -  Model step took 81.00557708740234 seconds
2024_10_13_T14:59:06 -  Metrics: sum_wealth took 0.0014910697937011719
2024_10_13_T14:59:06 -  Metrics: wealth_distribution took 0.016484975814819336
2024_10_13_T14:59:06 -  Metrics: money_distribution took 0.015254020690917969
2024_10_13_T14:59:06 -  Metrics: size_distribution took 0.013084888458251953
2024_10_13_T14:59:06 -  Metrics: age_distribution took 0.014667034149169922
2024_10_13_T14:59:46 -  Model step started
2024_10_13_T14:59:46 -  clearHangingSupplies started
2024_10_13_T14:59:46 -  clearHangingSupplies took 0.004001140594482422
2024_10_13_T14:59:46 -  clearHangingRentalSupplies started
2024_10_13_T14:59:46 -  clearHangingRentalSupplies took 2.86102294921875e-6
2024_10_13_T14:59:46 -  clearHouseMarket started
2024_10_13_T15:00:59 -  clearHouseMarket - first block took 73.41206121444702
2024_10_13_T15:01:00 -  clearHouseMarket - second block took 0.03347206115722656
2024_10_13_T15:01:00 -  clearHouseMarket - third block took 0.0039048194885253906
2024_10_13_T15:01:00 -  clearRentalMarket started
2024_10_13_T15:01:00 -  clearRentalMarket - first block took 0.10365796089172363
2024_10_13_T15:01:00 -  clearRentalMarket - second block took 0.006371021270751953
2024_10_13_T15:01:00 -  Pushed house into housesBuiltPerRegion (location,size) = (Amadora, LessThan125)
2024_10_13_T15:01:00 -  Pushed house into housesBuiltPerRegion (location,size) = (Amadora, More)
2024_10_13_T15:01:00 -  Pushed house into housesBuiltPerRegion (location,size) = (Amadora, More)
2024_10_13_T15:01:00 -  Pushed house into housesBuiltPerRegion (location,size) = (Amadora, More)
2024_10_13_T15:01:00 -  Pushed house into housesBuiltPerRegion (location,size) = (Amadora, More)
2024_10_13_T15:01:00 -  Pushed house into housesBuiltPerRegion (location,size) = (Amadora, LessThan75)
2024_10_13_T15:01:00 -  Pushed house into housesBuiltPerRegion (location,size) = (Amadora, LessThan50)
2024_10_13_T15:01:00 -  Pushed house into housesBuiltPerRegion (location,size) = (Cascais, LessThan125)
2024_10_13_T15:01:00 -  Pushed house into housesBuiltPerRegion (location,size) = (Cascais, LessThan125)
2024_10_13_T15:01:00 -  Pushed house into housesBuiltPerRegion (location,size) = (Cascais, LessThan50)
2024_10_13_T15:01:00 -  Pushed house into housesBuiltPerRegion (location,size) = (Cascais, LessThan50)
2024_10_13_T15:01:00 -  Pushed house into housesBuiltPerRegion (location,size) = (Cascais, LessThan50)
2024_10_13_T15:01:00 -  Pushed house into housesBuiltPerRegion (location,size) = (Lisboa, LessThan50)
2024_10_13_T15:01:00 -  Pushed house into housesBuiltPerRegion (location,size) = (Lisboa, LessThan50)
2024_10_13_T15:01:00 -  Pushed house into housesBuiltPerRegion (location,size) = (Lisboa, LessThan50)
2024_10_13_T15:01:00 -  Pushed house into housesBuiltPerRegion (location,size) = (Lisboa, More)
2024_10_13_T15:01:00 -  Pushed house into housesBuiltPerRegion (location,size) = (Lisboa, More)
2024_10_13_T15:01:00 -  Pushed house into housesBuiltPerRegion (location,size) = (Lisboa, LessThan75)
2024_10_13_T15:01:00 -  Pushed house into housesBuiltPerRegion (location,size) = (Lisboa, LessThan75)
2024_10_13_T15:01:00 -  Pushed house into housesBuiltPerRegion (location,size) = (Lisboa, LessThan125)
2024_10_13_T15:01:00 -  Pushed house into housesBuiltPerRegion (location,size) = (Lisboa, LessThan125)
2024_10_13_T15:01:00 -  Pushed house into housesBuiltPerRegion (location,size) = (Lisboa, LessThan125)
2024_10_13_T15:01:00 -  Pushed house into housesBuiltPerRegion (location,size) = (Lisboa, LessThan125)
2024_10_13_T15:01:00 -  Pushed house into housesBuiltPerRegion (location,size) = (Loures, LessThan50)
2024_10_13_T15:01:00 -  Pushed house into housesBuiltPerRegion (location,size) = (Loures, LessThan50)
2024_10_13_T15:01:00 -  Pushed house into housesBuiltPerRegion (location,size) = (Loures, LessThan75)
2024_10_13_T15:01:00 -  Pushed house into housesBuiltPerRegion (location,size) = (Loures, LessThan75)
2024_10_13_T15:01:00 -  Pushed house into housesBuiltPerRegion (location,size) = (Loures, More)
2024_10_13_T15:01:00 -  Pushed house into housesBuiltPerRegion (location,size) = (Loures, LessThan125)
2024_10_13_T15:01:00 -  Pushed house into housesBuiltPerRegion (location,size) = (Mafra, LessThan50)
2024_10_13_T15:01:00 -  Pushed house into housesBuiltPerRegion (location,size) = (Mafra, LessThan50)
2024_10_13_T15:01:00 -  Pushed house into housesBuiltPerRegion (location,size) = (Mafra, LessThan75)
2024_10_13_T15:01:00 -  Pushed house into housesBuiltPerRegion (location,size) = (Mafra, LessThan75)
2024_10_13_T15:01:00 -  Pushed house into housesBuiltPerRegion (location,size) = (Mafra, LessThan75)
2024_10_13_T15:01:00 -  Pushed house into housesBuiltPerRegion (location,size) = (Mafra, LessThan125)
2024_10_13_T15:01:00 -  Pushed house into housesBuiltPerRegion (location,size) = (Odivelas, LessThan50)
2024_10_13_T15:01:00 -  Pushed house into housesBuiltPerRegion (location,size) = (Odivelas, LessThan75)
2024_10_13_T15:01:00 -  Pushed house into housesBuiltPerRegion (location,size) = (Odivelas, LessThan75)
2024_10_13_T15:01:00 -  Pushed house into housesBuiltPerRegion (location,size) = (Odivelas, LessThan75)
2024_10_13_T15:01:00 -  Pushed house into housesBuiltPerRegion (location,size) = (Odivelas, LessThan75)
2024_10_13_T15:01:00 -  Pushed house into housesBuiltPerRegion (location,size) = (Odivelas, More)
2024_10_13_T15:01:00 -  Pushed house into housesBuiltPerRegion (location,size) = (Odivelas, More)
2024_10_13_T15:01:00 -  Pushed house into housesBuiltPerRegion (location,size) = (Oeiras, More)
2024_10_13_T15:01:00 -  Pushed house into housesBuiltPerRegion (location,size) = (Oeiras, More)
2024_10_13_T15:01:00 -  Pushed house into housesBuiltPerRegion (location,size) = (Sintra, LessThan125)
2024_10_13_T15:01:00 -  Pushed house into housesBuiltPerRegion (location,size) = (Sintra, LessThan75)
2024_10_13_T15:01:00 -  Pushed house into housesBuiltPerRegion (location,size) = (Sintra, LessThan125)
2024_10_13_T15:01:00 -  Pushed house into housesBuiltPerRegion (location,size) = (VilaFrancaDeXira, More)
2024_10_13_T15:01:00 -  Pushed house into housesBuiltPerRegion (location,size) = (Alcochete, LessThan125)
2024_10_13_T15:01:00 -  Pushed house into housesBuiltPerRegion (location,size) = (Almada, LessThan50)
2024_10_13_T15:01:00 -  Pushed house into housesBuiltPerRegion (location,size) = (Almada, LessThan125)
2024_10_13_T15:01:00 -  Pushed house into housesBuiltPerRegion (location,size) = (Almada, LessThan125)
2024_10_13_T15:01:00 -  Pushed house into housesBuiltPerRegion (location,size) = (Almada, More)
2024_10_13_T15:01:00 -  Pushed house into housesBuiltPerRegion (location,size) = (Almada, More)
2024_10_13_T15:01:00 -  Pushed house into housesBuiltPerRegion (location,size) = (Moita, More)
2024_10_13_T15:01:00 -  Pushed house into housesBuiltPerRegion (location,size) = (Moita, LessThan75)
2024_10_13_T15:01:00 -  Pushed house into housesBuiltPerRegion (location,size) = (Montijo, More)
2024_10_13_T15:01:00 -  Pushed house into housesBuiltPerRegion (location,size) = (Montijo, LessThan50)
2024_10_13_T15:01:00 -  Pushed house into housesBuiltPerRegion (location,size) = (Montijo, LessThan50)
2024_10_13_T15:01:00 -  Pushed house into housesBuiltPerRegion (location,size) = (Montijo, LessThan50)
2024_10_13_T15:01:00 -  Pushed house into housesBuiltPerRegion (location,size) = (Montijo, LessThan75)
2024_10_13_T15:01:00 -  Pushed house into housesBuiltPerRegion (location,size) = (Montijo, LessThan125)
2024_10_13_T15:01:00 -  Pushed house into housesBuiltPerRegion (location,size) = (Palmela, LessThan50)
2024_10_13_T15:01:00 -  Pushed house into housesBuiltPerRegion (location,size) = (Seixal, LessThan50)
2024_10_13_T15:01:00 -  Pushed house into housesBuiltPerRegion (location,size) = (Seixal, LessThan125)
2024_10_13_T15:01:00 -  Pushed house into housesBuiltPerRegion (location,size) = (Seixal, LessThan125)
2024_10_13_T15:01:00 -  Pushed house into housesBuiltPerRegion (location,size) = (Seixal, LessThan125)
2024_10_13_T15:01:00 -  Pushed house into housesBuiltPerRegion (location,size) = (Seixal, LessThan75)
2024_10_13_T15:01:00 -  Pushed house into housesBuiltPerRegion (location,size) = (Seixal, LessThan75)
2024_10_13_T15:01:00 -  Pushed house into housesBuiltPerRegion (location,size) = (Seixal, LessThan75)
2024_10_13_T15:01:00 -  Pushed house into housesBuiltPerRegion (location,size) = (Seixal, LessThan75)
2024_10_13_T15:01:00 -  Pushed house into housesBuiltPerRegion (location,size) = (Seixal, LessThan75)
2024_10_13_T15:01:00 -  Pushed house into housesBuiltPerRegion (location,size) = (Seixal, LessThan75)
2024_10_13_T15:01:00 -  Pushed house into housesBuiltPerRegion (location,size) = (Seixal, More)
2024_10_13_T15:01:00 -  Pushed house into housesBuiltPerRegion (location,size) = (Sesimbra, LessThan50)
2024_10_13_T15:01:00 -  Pushed house into housesBuiltPerRegion (location,size) = (Sesimbra, More)
2024_10_13_T15:01:00 -  Pushed house into housesBuiltPerRegion (location,size) = (Setubal, LessThan50)
2024_10_13_T15:01:00 -  Pushed house into housesBuiltPerRegion (location,size) = (Setubal, LessThan125)
2024_10_13_T15:01:00 -  Model step took 74.1493148803711 seconds
2024_10_13_T15:01:00 -  Metrics: sum_wealth took 0.0015368461608886719
2024_10_13_T15:01:00 -  Metrics: wealth_distribution took 0.01716303825378418
2024_10_13_T15:01:00 -  Metrics: money_distribution took 0.01746201515197754
2024_10_13_T15:01:00 -  Metrics: size_distribution took 0.013502836227416992
2024_10_13_T15:01:00 -  Metrics: age_distribution took 0.012908935546875
2024_10_13_T15:01:41 -  Model step started
