2024_09_01_T18:13:37 -  finished initateHouses in 0.4281730651855469 seconds
2024_09_01_T18:13:37 -  finished initiateHouseholds in 0.6306018829345703 seconds
2024_09_01_T18:13:37 -  finished assignHousesToHouseholds in 0.818026065826416 seconds
2024_09_01_T18:13:44 -  Model step started
2024_09_01_T18:13:45 -  Model step took 0.5840799808502197 seconds
2024_09_01_T18:13:46 -  Model step started
2024_09_01_T18:13:46 -  Model step took 0.01821303367614746 seconds
2024_09_01_T18:13:47 -  Model step started
2024_09_01_T18:13:47 -  Model step took 0.014236927032470703 seconds
2024_09_01_T18:13:48 -  Model step started
2024_09_01_T18:13:48 -  Model step took 0.012396812438964844 seconds
2024_09_01_T18:13:49 -  Model step started
2024_09_01_T18:13:49 -  Model step took 0.01782083511352539 seconds
2024_09_01_T18:13:49 -  Model step started
2024_09_01_T18:13:49 -  Model step took 0.014016151428222656 seconds
2024_09_01_T18:13:50 -  Model step started
2024_09_01_T18:13:50 -  Model step took 0.01285696029663086 seconds
2024_09_01_T18:13:51 -  Model step started
2024_09_01_T18:13:51 -  Model step took 0.016550064086914062 seconds
2024_09_01_T18:13:52 -  Model step started
2024_09_01_T18:13:52 -  Model step took 0.014055967330932617 seconds
2024_09_01_T18:13:53 -  Model step started
2024_09_01_T18:13:53 -  Model step took 0.013054847717285156 seconds
2024_09_01_T18:13:54 -  Model step started
2024_09_01_T18:13:54 -  Model step took 0.022433996200561523 seconds
2024_09_01_T18:13:55 -  Model step started
2024_09_01_T18:13:55 -  Model step took 0.0136871337890625 seconds
2024_09_01_T18:13:56 -  Model step started
2024_09_01_T18:13:56 -  Model step took 0.016590118408203125 seconds
2024_09_01_T18:13:57 -  Model step started
2024_09_01_T18:13:57 -  Model step took 0.012833118438720703 seconds
2024_09_01_T18:13:58 -  Model step started
2024_09_01_T18:13:58 -  Model step took 0.015475988388061523 seconds
