2024_10_21_T22:52:52 -  finished initateHouses in 0.9839138984680176 seconds
2024_10_21_T22:52:52 -  finished initiateHouseholds in 1.2075300216674805 seconds
2024_10_21_T22:52:53 -  finished assignHousesToHouseholds in 1.5931220054626465 seconds
2024_10_21_T22:52:57 -  Metrics: sum_wealth took 9.5367431640625e-7
2024_10_21_T22:52:58 -  Metrics: wealth_distribution took 3.814697265625e-6
2024_10_21_T22:52:58 -  Metrics: money_distribution took 5.0067901611328125e-6
2024_10_21_T22:52:58 -  Metrics: size_distribution took 5.0067901611328125e-6
2024_10_21_T22:52:59 -  Metrics: age_distribution took 5.0067901611328125e-6
2024_10_21_T22:53:00 -  Metrics: sum_wealth took 3.314018249511719e-5
2024_10_21_T22:53:01 -  Metrics: wealth_distribution took 0.011813879013061523
2024_10_21_T22:53:01 -  Metrics: money_distribution took 0.00042700767517089844
2024_10_21_T22:53:01 -  Metrics: size_distribution took 0.007845163345336914
2024_10_21_T22:53:01 -  Metrics: age_distribution took 0.0004220008850097656
2024_10_21_T22:53:04 -  Model step started
2024_10_21_T22:53:04 -  clearHangingSupplies started
2024_10_21_T22:53:04 -  clearHangingSupplies took 0.005270957946777344
2024_10_21_T22:53:04 -  clearHangingRentalSupplies started
2024_10_21_T22:53:04 -  clearHangingRentalSupplies took 0.004147052764892578
2024_10_21_T22:53:04 -  clearHouseMarket started
2024_10_21_T22:53:05 -  clearHouseMarket - first block took 0.32562994956970215
2024_10_21_T22:53:05 -  clearHouseMarket - second block took 0.21299195289611816
2024_10_21_T22:53:05 -  clearHouseMarket - third block took 0.014988183975219727
2024_10_21_T22:53:05 -  clearRentalMarket started
2024_10_21_T22:53:05 -  clearRentalMarket - first block took 0.08649396896362305
2024_10_21_T22:53:05 -  clearRentalMarket - second block took 1.0967254638671875e-5
2024_10_21_T22:53:05 -  So far maxMortgageValue has spent 0.0 seconds
2024_10_21_T22:53:05 -  Model step took 1.1508359909057617 seconds
2024_10_21_T22:53:05 -  Metrics: sum_wealth took 6.413459777832031e-5
2024_10_21_T22:53:05 -  Metrics: wealth_distribution took 0.0004520416259765625
2024_10_21_T22:53:05 -  Metrics: money_distribution took 0.0003612041473388672
2024_10_21_T22:53:05 -  Metrics: size_distribution took 0.0005538463592529297
2024_10_21_T22:53:05 -  Metrics: age_distribution took 0.0005040168762207031
2024_10_21_T22:53:07 -  Model step started
2024_10_21_T22:53:07 -  clearHangingSupplies started
2024_10_21_T22:53:07 -  clearHangingSupplies took 0.000102996826171875
2024_10_21_T22:53:07 -  clearHangingRentalSupplies started
2024_10_21_T22:53:07 -  clearHangingRentalSupplies took 4.0531158447265625e-6
2024_10_21_T22:53:07 -  clearHouseMarket started
2024_10_21_T22:53:07 -  clearHouseMarket - first block took 0.049391984939575195
2024_10_21_T22:53:07 -  clearHouseMarket - second block took 8.678436279296875e-5
2024_10_21_T22:53:07 -  clearHouseMarket - third block took 0.0001289844512939453
2024_10_21_T22:53:07 -  clearRentalMarket started
2024_10_21_T22:53:07 -  clearRentalMarket - first block took 2.7179718017578125e-5
2024_10_21_T22:53:07 -  clearRentalMarket - second block took 5.9604644775390625e-6
2024_10_21_T22:53:07 -  Pushed house into housesBuiltPerRegion (location,size) = (Lisboa, LessThan50)
2024_10_21_T22:53:07 -  So far maxMortgageValue has spent 0.0 seconds
2024_10_21_T22:53:07 -  Model step took 0.13459086418151855 seconds
2024_10_21_T22:53:07 -  Metrics: sum_wealth took 5.1975250244140625e-5
2024_10_21_T22:53:07 -  Metrics: wealth_distribution took 0.00037407875061035156
2024_10_21_T22:53:07 -  Metrics: money_distribution took 0.000347137451171875
2024_10_21_T22:53:07 -  Metrics: size_distribution took 0.00033402442932128906
2024_10_21_T22:53:07 -  Metrics: age_distribution took 0.00034999847412109375
2024_10_21_T22:53:09 -  Model step started
2024_10_21_T22:53:09 -  clearHangingSupplies started
2024_10_21_T22:53:09 -  clearHangingSupplies took 0.00010800361633300781
2024_10_21_T22:53:09 -  clearHangingRentalSupplies started
2024_10_21_T22:53:09 -  clearHangingRentalSupplies took 7.152557373046875e-6
2024_10_21_T22:53:09 -  clearHouseMarket started
2024_10_21_T22:53:09 -  clearHouseMarket - first block took 0.08876490592956543
2024_10_21_T22:53:09 -  clearHouseMarket - second block took 0.007130861282348633
2024_10_21_T22:53:09 -  clearHouseMarket - third block took 0.00023508071899414062
2024_10_21_T22:53:09 -  clearRentalMarket started
2024_10_21_T22:53:09 -  clearRentalMarket - first block took 3.4809112548828125e-5
2024_10_21_T22:53:09 -  clearRentalMarket - second block took 5.9604644775390625e-6
2024_10_21_T22:53:09 -  So far maxMortgageValue has spent 0.0 seconds
2024_10_21_T22:53:09 -  Model step took 0.11117911338806152 seconds
2024_10_21_T22:53:09 -  Metrics: sum_wealth took 4.696846008300781e-5
2024_10_21_T22:53:09 -  Metrics: wealth_distribution took 0.0003788471221923828
2024_10_21_T22:53:09 -  Metrics: money_distribution took 0.00039887428283691406
2024_10_21_T22:53:09 -  Metrics: size_distribution took 0.0004410743713378906
2024_10_21_T22:53:09 -  Metrics: age_distribution took 0.000370025634765625
2024_10_21_T22:53:11 -  Model step started
2024_10_21_T22:53:11 -  clearHangingSupplies started
2024_10_21_T22:53:11 -  clearHangingSupplies took 0.0001289844512939453
2024_10_21_T22:53:11 -  clearHangingRentalSupplies started
2024_10_21_T22:53:11 -  clearHangingRentalSupplies took 3.814697265625e-6
2024_10_21_T22:53:11 -  clearHouseMarket started
2024_10_21_T22:53:11 -  clearHouseMarket - first block took 0.04987192153930664
2024_10_21_T22:53:11 -  clearHouseMarket - second block took 0.039576053619384766
2024_10_21_T22:53:11 -  clearHouseMarket - third block took 0.00484919548034668
2024_10_21_T22:53:11 -  clearRentalMarket started
2024_10_21_T22:53:11 -  clearRentalMarket - first block took 3.695487976074219e-5
2024_10_21_T22:53:11 -  clearRentalMarket - second block took 5.9604644775390625e-6
2024_10_21_T22:53:11 -  Pushed house into housesBuiltPerRegion (location,size) = (Lisboa, LessThan125)
2024_10_21_T22:53:11 -  So far maxMortgageValue has spent 0.0 seconds
2024_10_21_T22:53:11 -  Model step took 0.11635780334472656 seconds
2024_10_21_T22:53:11 -  Metrics: sum_wealth took 0.00011110305786132812
2024_10_21_T22:53:11 -  Metrics: wealth_distribution took 0.0004379749298095703
2024_10_21_T22:53:11 -  Metrics: money_distribution took 0.0004749298095703125
2024_10_21_T22:53:11 -  Metrics: size_distribution took 0.0003390312194824219
2024_10_21_T22:53:11 -  Metrics: age_distribution took 0.0004520416259765625
2024_10_21_T22:53:13 -  Model step started
2024_10_21_T22:53:13 -  clearHangingSupplies started
2024_10_21_T22:53:13 -  clearHangingSupplies took 8.320808410644531e-5
2024_10_21_T22:53:13 -  clearHangingRentalSupplies started
2024_10_21_T22:53:13 -  clearHangingRentalSupplies took 2.86102294921875e-6
2024_10_21_T22:53:13 -  clearHouseMarket started
2024_10_21_T22:53:13 -  clearHouseMarket - first block took 0.05467796325683594
2024_10_21_T22:53:13 -  clearHouseMarket - second block took 7.796287536621094e-5
2024_10_21_T22:53:13 -  clearHouseMarket - third block took 9.894371032714844e-5
2024_10_21_T22:53:13 -  clearRentalMarket started
2024_10_21_T22:53:13 -  clearRentalMarket - first block took 1.5974044799804688e-5
2024_10_21_T22:53:13 -  clearRentalMarket - second block took 9.5367431640625e-7
2024_10_21_T22:53:13 -  So far maxMortgageValue has spent 0.0 seconds
2024_10_21_T22:53:13 -  Model step took 0.0664370059967041 seconds
2024_10_21_T22:53:13 -  Metrics: sum_wealth took 4.506111145019531e-5
2024_10_21_T22:53:13 -  Metrics: wealth_distribution took 0.0003731250762939453
2024_10_21_T22:53:13 -  Metrics: money_distribution took 0.0005710124969482422
2024_10_21_T22:53:13 -  Metrics: size_distribution took 0.00038504600524902344
2024_10_21_T22:53:13 -  Metrics: age_distribution took 0.00039386749267578125
2024_10_21_T22:53:15 -  Model step started
2024_10_21_T22:53:15 -  clearHangingSupplies started
2024_10_21_T22:53:15 -  clearHangingSupplies took 0.00011396408081054688
2024_10_21_T22:53:15 -  clearHangingRentalSupplies started
2024_10_21_T22:53:15 -  clearHangingRentalSupplies took 3.0994415283203125e-6
2024_10_21_T22:53:15 -  clearHouseMarket started
2024_10_21_T22:53:15 -  clearHouseMarket - first block took 0.05556011199951172
2024_10_21_T22:53:15 -  clearHouseMarket - second block took 0.00027489662170410156
2024_10_21_T22:53:15 -  clearHouseMarket - third block took 0.0001308917999267578
2024_10_21_T22:53:15 -  clearRentalMarket started
2024_10_21_T22:53:15 -  clearRentalMarket - first block took 2.9087066650390625e-5
2024_10_21_T22:53:15 -  clearRentalMarket - second block took 1.1920928955078125e-6
2024_10_21_T22:53:15 -  So far maxMortgageValue has spent 0.0 seconds
2024_10_21_T22:53:15 -  Model step took 0.0691530704498291 seconds
2024_10_21_T22:53:15 -  Metrics: sum_wealth took 6.699562072753906e-5
2024_10_21_T22:53:15 -  Metrics: wealth_distribution took 0.0003609657287597656
2024_10_21_T22:53:15 -  Metrics: money_distribution took 0.00036215782165527344
2024_10_21_T22:53:15 -  Metrics: size_distribution took 0.0002892017364501953
2024_10_21_T22:53:15 -  Metrics: age_distribution took 0.0003490447998046875
2024_10_21_T22:53:17 -  Model step started
2024_10_21_T22:53:17 -  clearHangingSupplies started
2024_10_21_T22:53:17 -  clearHangingSupplies took 8.893013000488281e-5
2024_10_21_T22:53:17 -  clearHangingRentalSupplies started
2024_10_21_T22:53:17 -  clearHangingRentalSupplies took 2.86102294921875e-6
2024_10_21_T22:53:17 -  clearHouseMarket started
2024_10_21_T22:53:17 -  clearHouseMarket - first block took 0.055845022201538086
2024_10_21_T22:53:17 -  clearHouseMarket - second block took 9.012222290039062e-5
2024_10_21_T22:53:17 -  clearHouseMarket - third block took 0.00013399124145507812
2024_10_21_T22:53:17 -  clearRentalMarket started
2024_10_21_T22:53:17 -  clearRentalMarket - first block took 1.9073486328125e-5
2024_10_21_T22:53:17 -  clearRentalMarket - second block took 1.1920928955078125e-6
2024_10_21_T22:53:17 -  So far maxMortgageValue has spent 0.0 seconds
2024_10_21_T22:53:17 -  Model step took 0.06843400001525879 seconds
2024_10_21_T22:53:17 -  Metrics: sum_wealth took 5.1975250244140625e-5
2024_10_21_T22:53:17 -  Metrics: wealth_distribution took 0.00040602684020996094
2024_10_21_T22:53:17 -  Metrics: money_distribution took 0.0004010200500488281
2024_10_21_T22:53:17 -  Metrics: size_distribution took 0.00030684471130371094
2024_10_21_T22:53:17 -  Metrics: age_distribution took 0.000308990478515625
2024_10_21_T22:53:19 -  Model step started
2024_10_21_T22:53:19 -  clearHangingSupplies started
2024_10_21_T22:53:19 -  clearHangingSupplies took 9.799003601074219e-5
2024_10_21_T22:53:19 -  clearHangingRentalSupplies started
2024_10_21_T22:53:19 -  clearHangingRentalSupplies took 3.0994415283203125e-6
2024_10_21_T22:53:19 -  clearHouseMarket started
2024_10_21_T22:53:19 -  clearHouseMarket - first block took 0.054769039154052734
2024_10_21_T22:53:19 -  clearHouseMarket - second block took 0.0009548664093017578
2024_10_21_T22:53:19 -  clearHouseMarket - third block took 0.00019598007202148438
2024_10_21_T22:53:19 -  clearRentalMarket started
2024_10_21_T22:53:19 -  clearRentalMarket - first block took 1.9073486328125e-5
2024_10_21_T22:53:19 -  clearRentalMarket - second block took 9.5367431640625e-7
2024_10_21_T22:53:20 -  So far maxMortgageValue has spent 0.0 seconds
2024_10_21_T22:53:20 -  Model step took 0.06905293464660645 seconds
2024_10_21_T22:53:20 -  Metrics: sum_wealth took 3.790855407714844e-5
2024_10_21_T22:53:20 -  Metrics: wealth_distribution took 0.00041985511779785156
2024_10_21_T22:53:20 -  Metrics: money_distribution took 0.0004329681396484375
2024_10_21_T22:53:20 -  Metrics: size_distribution took 0.0002980232238769531
2024_10_21_T22:53:20 -  Metrics: age_distribution took 0.0003268718719482422
2024_10_21_T22:53:21 -  Model step started
2024_10_21_T22:53:21 -  clearHangingSupplies started
2024_10_21_T22:53:21 -  clearHangingSupplies took 9.799003601074219e-5
2024_10_21_T22:53:21 -  clearHangingRentalSupplies started
2024_10_21_T22:53:21 -  clearHangingRentalSupplies took 5.0067901611328125e-6
2024_10_21_T22:53:21 -  clearHouseMarket started
2024_10_21_T22:53:22 -  clearHouseMarket - first block took 0.05777907371520996
2024_10_21_T22:53:22 -  clearHouseMarket - second block took 0.00029587745666503906
2024_10_21_T22:53:22 -  clearHouseMarket - third block took 0.000102996826171875
2024_10_21_T22:53:22 -  clearRentalMarket started
2024_10_21_T22:53:22 -  clearRentalMarket - first block took 1.4066696166992188e-5
2024_10_21_T22:53:22 -  clearRentalMarket - second block took 9.5367431640625e-7
2024_10_21_T22:53:22 -  So far maxMortgageValue has spent 0.0 seconds
2024_10_21_T22:53:22 -  Model step took 0.07046794891357422 seconds
2024_10_21_T22:53:22 -  Metrics: sum_wealth took 0.0001289844512939453
2024_10_21_T22:53:22 -  Metrics: wealth_distribution took 0.0004699230194091797
2024_10_21_T22:53:22 -  Metrics: money_distribution took 0.0003669261932373047
2024_10_21_T22:53:22 -  Metrics: size_distribution took 0.00031185150146484375
2024_10_21_T22:53:22 -  Metrics: age_distribution took 0.0003039836883544922
2024_10_21_T22:53:24 -  Model step started
2024_10_21_T22:53:24 -  clearHangingSupplies started
2024_10_21_T22:53:24 -  clearHangingSupplies took 9.584426879882812e-5
2024_10_21_T22:53:24 -  clearHangingRentalSupplies started
2024_10_21_T22:53:24 -  clearHangingRentalSupplies took 2.86102294921875e-6
2024_10_21_T22:53:24 -  clearHouseMarket started
2024_10_21_T22:53:24 -  clearHouseMarket - first block took 0.06161379814147949
2024_10_21_T22:53:24 -  clearHouseMarket - second block took 0.00041413307189941406
2024_10_21_T22:53:24 -  clearHouseMarket - third block took 0.00014495849609375
2024_10_21_T22:53:24 -  clearRentalMarket started
2024_10_21_T22:53:24 -  clearRentalMarket - first block took 1.811981201171875e-5
2024_10_21_T22:53:24 -  clearRentalMarket - second block took 9.5367431640625e-7
2024_10_21_T22:53:24 -  So far maxMortgageValue has spent 0.0 seconds
2024_10_21_T22:53:24 -  Model step took 0.07661795616149902 seconds
2024_10_21_T22:53:24 -  Metrics: sum_wealth took 5.0067901611328125e-5
2024_10_21_T22:53:24 -  Metrics: wealth_distribution took 0.0004420280456542969
2024_10_21_T22:53:24 -  Metrics: money_distribution took 0.0005660057067871094
2024_10_21_T22:53:24 -  Metrics: size_distribution took 0.0006721019744873047
2024_10_21_T22:53:24 -  Metrics: age_distribution took 0.0006530284881591797
2024_10_21_T22:53:26 -  Model step started
2024_10_21_T22:53:26 -  clearHangingSupplies started
2024_10_21_T22:53:26 -  clearHangingSupplies took 9.989738464355469e-5
2024_10_21_T22:53:26 -  clearHangingRentalSupplies started
2024_10_21_T22:53:26 -  clearHangingRentalSupplies took 1.9073486328125e-6
2024_10_21_T22:53:26 -  clearHouseMarket started
2024_10_21_T22:53:26 -  clearHouseMarket - first block took 0.05524587631225586
2024_10_21_T22:53:26 -  clearHouseMarket - second block took 0.0005860328674316406
2024_10_21_T22:53:26 -  clearHouseMarket - third block took 0.00014400482177734375
2024_10_21_T22:53:26 -  clearRentalMarket started
2024_10_21_T22:53:26 -  clearRentalMarket - first block took 1.5020370483398438e-5
2024_10_21_T22:53:26 -  clearRentalMarket - second block took 1.1920928955078125e-6
2024_10_21_T22:53:26 -  Pushed house into housesBuiltPerRegion (location,size) = (Lisboa, More)
2024_10_21_T22:53:26 -  Pushed house into housesBuiltPerRegion (location,size) = (Lisboa, LessThan50)
2024_10_21_T22:53:26 -  So far maxMortgageValue has spent 0.0 seconds
2024_10_21_T22:53:26 -  Model step took 0.07128500938415527 seconds
2024_10_21_T22:53:26 -  Metrics: sum_wealth took 4.696846008300781e-5
2024_10_21_T22:53:26 -  Metrics: wealth_distribution took 0.00038504600524902344
2024_10_21_T22:53:26 -  Metrics: money_distribution took 0.0003650188446044922
2024_10_21_T22:53:26 -  Metrics: size_distribution took 0.0002589225769042969
2024_10_21_T22:53:26 -  Metrics: age_distribution took 0.0003008842468261719
2024_10_21_T22:53:28 -  Model step started
2024_10_21_T22:53:28 -  clearHangingSupplies started
2024_10_21_T22:53:28 -  clearHangingSupplies took 8.296966552734375e-5
2024_10_21_T22:53:28 -  clearHangingRentalSupplies started
2024_10_21_T22:53:28 -  clearHangingRentalSupplies took 2.1457672119140625e-6
2024_10_21_T22:53:28 -  clearHouseMarket started
2024_10_21_T22:53:28 -  clearHouseMarket - first block took 0.04751896858215332
2024_10_21_T22:53:28 -  clearHouseMarket - second block took 7.486343383789062e-5
2024_10_21_T22:53:28 -  clearHouseMarket - third block took 9.489059448242188e-5
2024_10_21_T22:53:28 -  clearRentalMarket started
2024_10_21_T22:53:28 -  clearRentalMarket - first block took 1.5974044799804688e-5
2024_10_21_T22:53:28 -  clearRentalMarket - second block took 1.1920928955078125e-6
2024_10_21_T22:53:28 -  So far maxMortgageValue has spent 0.0 seconds
2024_10_21_T22:53:28 -  Model step took 0.06418490409851074 seconds
2024_10_21_T22:53:28 -  Metrics: sum_wealth took 5.0067901611328125e-5
2024_10_21_T22:53:28 -  Metrics: wealth_distribution took 0.00039505958557128906
2024_10_21_T22:53:28 -  Metrics: money_distribution took 0.00036597251892089844
2024_10_21_T22:53:28 -  Metrics: size_distribution took 0.00039005279541015625
2024_10_21_T22:53:28 -  Metrics: age_distribution took 0.0003440380096435547
