2024_09_08_T16:33:51 -  finished initateHouses in 0.580855131149292 seconds
2024_09_08_T16:33:51 -  finished initiateHouseholds in 0.8235421180725098 seconds
2024_09_08_T16:33:51 -  finished assignHousesToHouseholds in 1.0426530838012695 seconds
2024_09_08_T16:34:08 -  Model step started
2024_09_08_T16:34:13 -  Model step took 4.941311836242676 seconds
2024_09_08_T16:34:22 -  Model step started
2024_09_08_T16:34:23 -  Model step took 1.1124341487884521 seconds
2024_09_08_T16:34:32 -  Model step started
2024_09_08_T16:34:33 -  Model step took 1.0519020557403564 seconds
2024_09_08_T16:34:42 -  Model step started
2024_09_08_T16:34:44 -  Model step took 1.1060190200805664 seconds
2024_09_08_T16:34:53 -  Model step started
2024_09_08_T16:34:54 -  Model step took 1.1031379699707031 seconds
2024_09_08_T16:35:03 -  Model step started
2024_09_08_T16:35:04 -  Model step took 1.1584398746490479 seconds
2024_09_08_T16:35:13 -  Model step started
2024_09_08_T16:35:14 -  Model step took 1.1401939392089844 seconds
2024_09_08_T16:35:25 -  Model step started
2024_09_08_T16:35:26 -  Model step took 1.192436933517456 seconds
2024_09_08_T16:35:36 -  Model step started
2024_09_08_T16:35:37 -  Model step took 1.226773977279663 seconds
2024_09_08_T16:35:47 -  Model step started
2024_09_08_T16:35:48 -  Model step took 1.1533689498901367 seconds
2024_09_08_T16:35:57 -  Model step started
2024_09_08_T16:35:58 -  Model step took 1.1383259296417236 seconds
2024_09_08_T16:36:08 -  Model step started
2024_09_08_T16:36:09 -  Model step took 1.1784629821777344 seconds
2024_09_08_T16:36:18 -  Model step started
2024_09_08_T16:36:20 -  Model step took 1.1934030055999756 seconds
2024_09_08_T16:36:29 -  Model step started
2024_09_08_T16:36:30 -  Model step took 1.189568042755127 seconds
2024_09_08_T16:36:39 -  Model step started
2024_09_08_T16:36:40 -  Model step took 1.2671411037445068 seconds
