2024_09_01_T17:11:51 -  finished initateHouses in 0.5718441009521484 seconds
2024_09_01_T17:11:51 -  finished initiateHouseholds in 0.7731349468231201 seconds
2024_09_01_T17:11:51 -  finished assignHousesToHouseholds in 0.952484130859375 seconds
2024_09_01_T17:11:58 -  Model step started
2024_09_01_T17:11:58 -  Model step took 0.5382308959960938 seconds
2024_09_01_T17:11:59 -  Model step started
2024_09_01_T17:11:59 -  Model step took 0.019257068634033203 seconds
2024_09_01_T17:12:00 -  Model step started
2024_09_01_T17:12:00 -  Model step took 0.013980865478515625 seconds
2024_09_01_T17:12:01 -  Model step started
2024_09_01_T17:12:01 -  Model step took 0.011740922927856445 seconds
2024_09_01_T17:12:02 -  Model step started
2024_09_01_T17:12:02 -  Model step took 0.012108087539672852 seconds
2024_09_01_T17:12:03 -  Model step started
2024_09_01_T17:12:03 -  Model step took 0.022455930709838867 seconds
2024_09_01_T17:12:04 -  Model step started
2024_09_01_T17:12:04 -  Model step took 0.01260685920715332 seconds
2024_09_01_T17:12:05 -  Model step started
2024_09_01_T17:12:05 -  Model step took 0.01386404037475586 seconds
2024_09_01_T17:12:06 -  Model step started
2024_09_01_T17:12:06 -  Model step took 0.014328956604003906 seconds
2024_09_01_T17:12:06 -  Model step started
2024_09_01_T17:12:06 -  Model step took 0.014628171920776367 seconds
2024_09_01_T17:12:07 -  Model step started
2024_09_01_T17:12:07 -  Model step took 0.013786077499389648 seconds
2024_09_01_T17:12:08 -  Model step started
2024_09_01_T17:12:08 -  Model step took 0.013355016708374023 seconds
2024_09_01_T17:12:09 -  Model step started
2024_09_01_T17:12:09 -  Model step took 0.017179012298583984 seconds
2024_09_01_T17:12:10 -  Model step started
2024_09_01_T17:12:10 -  Model step took 0.013037919998168945 seconds
2024_09_01_T17:12:11 -  Model step started
2024_09_01_T17:12:11 -  Model step took 0.013679981231689453 seconds
