2024_09_03_T22:34:41 -  finished initateHouses in 0.7203841209411621 seconds
2024_09_03_T22:34:41 -  finished initiateHouseholds in 0.9888520240783691 seconds
2024_09_03_T22:34:41 -  finished assignHousesToHouseholds in 1.24418306350708 seconds
2024_09_03_T22:34:49 -  Model step started
2024_09_03_T22:34:50 -  Model step took 0.5243818759918213 seconds
2024_09_03_T22:34:51 -  Model step started
2024_09_03_T22:34:51 -  Model step took 0.011909961700439453 seconds
2024_09_03_T22:34:51 -  Model step started
2024_09_03_T22:34:51 -  Model step took 0.01434183120727539 seconds
2024_09_03_T22:34:52 -  Model step started
2024_09_03_T22:34:52 -  Model step took 0.01520395278930664 seconds
2024_09_03_T22:34:53 -  Model step started
2024_09_03_T22:34:53 -  Model step took 0.012612104415893555 seconds
2024_09_03_T22:34:54 -  Model step started
2024_09_03_T22:34:54 -  Model step took 0.01285696029663086 seconds
2024_09_03_T22:34:55 -  Model step started
2024_09_03_T22:34:55 -  Model step took 0.016927003860473633 seconds
2024_09_03_T22:34:56 -  Model step started
2024_09_03_T22:34:56 -  Model step took 0.013820886611938477 seconds
2024_09_03_T22:34:57 -  Model step started
2024_09_03_T22:34:57 -  Model step took 0.013469934463500977 seconds
2024_09_03_T22:34:58 -  Model step started
2024_09_03_T22:34:58 -  Model step took 0.017897844314575195 seconds
2024_09_03_T22:34:59 -  Model step started
2024_09_03_T22:34:59 -  Model step took 0.01578688621520996 seconds
2024_09_03_T22:35:00 -  Model step started
2024_09_03_T22:35:00 -  Model step took 0.01826000213623047 seconds
2024_09_03_T22:35:01 -  Model step started
2024_09_03_T22:35:01 -  Model step took 0.014693975448608398 seconds
2024_09_03_T22:35:01 -  Model step started
2024_09_03_T22:35:01 -  Model step took 0.0161740779876709 seconds
2024_09_03_T22:35:02 -  Model step started
2024_09_03_T22:35:02 -  Model step took 0.013946771621704102 seconds
2024_09_03_T22:35:03 -  Model step started
2024_09_03_T22:35:03 -  Model step took 0.012805938720703125 seconds
