2024_09_26_T18:49:29 -  finished initateHouses in 0.8465819358825684 seconds
2024_09_26_T18:49:29 -  finished initiateHouseholds in 1.0887560844421387 seconds
2024_09_26_T18:49:30 -  finished assignHousesToHouseholds in 1.2994580268859863 seconds
2024_09_26_T18:49:39 -  Model step started
2024_09_26_T18:49:40 -  Model step took 0.8678078651428223 seconds
2024_09_26_T18:49:42 -  Model step started
2024_09_26_T18:49:42 -  Model step took 0.15679097175598145 seconds
2024_09_26_T18:49:44 -  Model step started
2024_09_26_T18:49:45 -  Model step took 0.124053955078125 seconds
2024_09_26_T18:49:47 -  Model step started
2024_09_26_T18:49:47 -  Model step took 0.17771315574645996 seconds
2024_09_26_T18:49:49 -  Model step started
2024_09_26_T18:49:49 -  Model step took 0.1226799488067627 seconds
2024_09_26_T18:49:51 -  Model step started
2024_09_26_T18:49:51 -  Model step took 0.08195805549621582 seconds
2024_09_26_T18:49:53 -  Model step started
2024_09_26_T18:49:53 -  Model step took 0.0774068832397461 seconds
2024_09_26_T18:49:55 -  Model step started
2024_09_26_T18:49:55 -  Model step took 0.06851601600646973 seconds
2024_09_26_T18:49:58 -  Model step started
2024_09_26_T18:49:58 -  Model step took 0.06894207000732422 seconds
2024_09_26_T18:50:00 -  Model step started
2024_09_26_T18:50:00 -  Model step took 0.06176495552062988 seconds
2024_09_26_T18:50:02 -  Model step started
2024_09_26_T18:50:02 -  Model step took 0.057157039642333984 seconds
2024_09_26_T18:50:04 -  Model step started
2024_09_26_T18:50:04 -  Model step took 0.06137585639953613 seconds
2024_09_26_T18:50:06 -  Model step started
2024_09_26_T18:50:07 -  Model step took 0.06861495971679688 seconds
2024_09_26_T18:50:09 -  Model step started
2024_09_26_T18:50:09 -  Model step took 0.05187392234802246 seconds
2024_09_26_T18:50:11 -  Model step started
2024_09_26_T18:50:11 -  Model step took 0.05409693717956543 seconds
2024_09_26_T18:50:13 -  Model step started
2024_09_26_T18:50:13 -  Model step took 0.05332589149475098 seconds
2024_09_26_T18:50:15 -  Model step started
2024_09_26_T18:50:15 -  Model step took 0.06860184669494629 seconds
2024_09_26_T18:50:18 -  Model step started
2024_09_26_T18:50:18 -  Model step took 0.06436800956726074 seconds
2024_09_26_T18:50:20 -  Model step started
2024_09_26_T18:50:20 -  Model step took 0.058786869049072266 seconds
2024_09_26_T18:50:22 -  Model step started
2024_09_26_T18:50:22 -  Model step took 0.0584561824798584 seconds
2024_09_26_T18:50:24 -  Model step started
2024_09_26_T18:50:24 -  Model step took 0.13361692428588867 seconds
2024_09_26_T18:50:27 -  Model step started
2024_09_26_T18:50:27 -  Model step took 0.06725692749023438 seconds
2024_09_26_T18:50:29 -  Model step started
2024_09_26_T18:50:29 -  Model step took 0.05449700355529785 seconds
2024_09_26_T18:50:31 -  Model step started
2024_09_26_T18:50:32 -  Model step took 0.05187106132507324 seconds
2024_09_26_T18:50:34 -  Model step started
2024_09_26_T18:50:34 -  Model step took 0.06279301643371582 seconds
2024_09_26_T18:50:36 -  Model step started
2024_09_26_T18:50:36 -  Model step took 0.05047798156738281 seconds
2024_09_26_T18:50:38 -  Model step started
2024_09_26_T18:50:38 -  Model step took 0.049050092697143555 seconds
2024_09_26_T18:50:41 -  Model step started
2024_09_26_T18:50:41 -  Model step took 0.04129385948181152 seconds
2024_09_26_T18:50:43 -  Model step started
2024_09_26_T18:50:43 -  Model step took 0.04056596755981445 seconds
2024_09_26_T18:50:46 -  Model step started
2024_09_26_T18:50:46 -  Model step took 0.05400896072387695 seconds
2024_09_26_T18:50:49 -  Model step started
2024_09_26_T18:50:49 -  Model step took 0.050260066986083984 seconds
2024_09_26_T18:50:51 -  Model step started
2024_09_26_T18:50:52 -  Model step took 0.046330928802490234 seconds
2024_09_26_T18:50:54 -  Model step started
2024_09_26_T18:50:54 -  Model step took 0.046705007553100586 seconds
2024_09_26_T18:50:56 -  Model step started
2024_09_26_T18:50:56 -  Model step took 0.03831815719604492 seconds
2024_09_26_T18:50:59 -  Model step started
2024_09_26_T18:50:59 -  Model step took 0.03462409973144531 seconds
2024_09_26_T18:51:01 -  Model step started
2024_09_26_T18:51:01 -  Model step took 0.03949689865112305 seconds
2024_09_26_T18:51:04 -  Model step started
2024_09_26_T18:51:04 -  Model step took 0.04864788055419922 seconds
2024_09_26_T18:51:06 -  Model step started
2024_09_26_T18:51:06 -  Model step took 0.03664898872375488 seconds
2024_09_26_T18:51:08 -  Model step started
2024_09_26_T18:51:09 -  Model step took 0.03555917739868164 seconds
2024_09_26_T18:51:11 -  Model step started
2024_09_26_T18:51:11 -  Model step took 0.033251047134399414 seconds
2024_09_26_T18:51:13 -  Model step started
2024_09_26_T18:51:13 -  Model step took 0.03865194320678711 seconds
2024_09_26_T18:51:16 -  Model step started
2024_09_26_T18:51:16 -  Model step took 0.04228711128234863 seconds
2024_09_26_T18:51:18 -  Model step started
2024_09_26_T18:51:18 -  Model step took 0.03313899040222168 seconds
2024_09_26_T18:51:20 -  Model step started
2024_09_26_T18:51:20 -  Model step took 0.04037904739379883 seconds
2024_09_26_T18:51:23 -  Model step started
2024_09_26_T18:51:23 -  Model step took 0.0352940559387207 seconds
2024_09_26_T18:51:25 -  Model step started
2024_09_26_T18:51:25 -  Model step took 0.033940792083740234 seconds
2024_09_26_T18:51:28 -  Model step started
2024_09_26_T18:51:28 -  Model step took 0.03827404975891113 seconds
2024_09_26_T18:51:30 -  Model step started
2024_09_26_T18:51:30 -  Model step took 0.03226590156555176 seconds
2024_09_26_T18:51:32 -  Model step started
2024_09_26_T18:51:33 -  Model step took 0.0671999454498291 seconds
2024_09_26_T18:51:35 -  Model step started
2024_09_26_T18:51:35 -  Model step took 0.02567005157470703 seconds
