2024_09_12_T22:00:49 -  finished initateHouses in 0.35567402839660645 seconds
2024_09_12_T22:00:49 -  finished initiateHouseholds in 0.5947709083557129 seconds
2024_09_12_T22:00:49 -  finished assignHousesToHouseholds in 0.8555068969726562 seconds
2024_09_12_T22:01:52 -  Model step started
2024_09_12_T22:02:28 -  Model step took 35.101632833480835 seconds
2024_09_12_T22:03:27 -  Model step started
2024_09_12_T22:03:56 -  Model step took 29.109814882278442 seconds
2024_09_12_T22:04:56 -  Model step started
2024_09_12_T22:05:22 -  Model step took 26.29974603652954 seconds
2024_09_12_T22:06:21 -  Model step started
2024_09_12_T22:06:43 -  Model step took 21.864668130874634 seconds
2024_09_12_T22:07:42 -  Model step started
2024_09_12_T22:08:04 -  Model step took 21.902618885040283 seconds
2024_09_12_T22:09:03 -  Model step started
2024_09_12_T22:09:25 -  Model step took 21.764051914215088 seconds
2024_09_12_T22:10:23 -  Model step started
2024_09_12_T22:10:45 -  Model step took 21.06117010116577 seconds
2024_09_12_T22:11:44 -  Model step started
2024_09_12_T22:12:06 -  Model step took 21.89695906639099 seconds
2024_09_12_T22:13:07 -  Model step started
2024_09_12_T22:13:27 -  Model step took 20.314473867416382 seconds
2024_09_12_T22:14:27 -  Model step started
2024_09_12_T22:14:47 -  Model step took 19.73395800590515 seconds
2024_09_12_T22:15:46 -  Model step started
2024_09_12_T22:16:06 -  Model step took 19.44490694999695 seconds
2024_09_12_T22:17:06 -  Model step started
2024_09_12_T22:17:25 -  Model step took 19.789148092269897 seconds
2024_09_12_T22:18:26 -  Model step started
2024_09_12_T22:18:45 -  Model step took 19.47655200958252 seconds
2024_09_12_T22:19:45 -  Model step started
2024_09_12_T22:20:04 -  Model step took 19.40891408920288 seconds
2024_09_12_T22:21:04 -  Model step started
2024_09_12_T22:21:24 -  Model step took 19.34504199028015 seconds
