2024_09_26_T20:20:39 -  finished initateHouses in 0.41843318939208984 seconds
2024_09_26_T20:20:40 -  finished initiateHouseholds in 0.5815680027008057 seconds
2024_09_26_T20:20:40 -  finished assignHousesToHouseholds in 0.7583491802215576 seconds
2024_09_26_T20:21:02 -  Model step started
2024_09_26_T20:21:10 -  Model step took 7.191046953201294 seconds
2024_09_26_T20:21:29 -  Model step started
2024_09_26_T20:21:36 -  Model step took 7.467254877090454 seconds
2024_09_26_T20:21:56 -  Model step started
2024_09_26_T20:22:03 -  Model step took 7.2324981689453125 seconds
2024_09_26_T20:22:23 -  Model step started
2024_09_26_T20:22:29 -  Model step took 6.669975996017456 seconds
2024_09_26_T20:22:49 -  Model step started
2024_09_26_T20:22:55 -  Model step took 6.0691728591918945 seconds
2024_09_26_T20:23:15 -  Model step started
2024_09_26_T20:23:21 -  Model step took 5.4451868534088135 seconds
2024_09_26_T20:23:41 -  Model step started
2024_09_26_T20:23:46 -  Model step took 5.089708089828491 seconds
2024_09_26_T20:24:06 -  Model step started
2024_09_26_T20:24:11 -  Model step took 4.548060894012451 seconds
2024_09_26_T20:24:30 -  Model step started
2024_09_26_T20:24:35 -  Model step took 4.332460880279541 seconds
2024_09_26_T20:24:55 -  Model step started
2024_09_26_T20:24:59 -  Model step took 4.120221853256226 seconds
2024_09_26_T20:25:19 -  Model step started
2024_09_26_T20:25:23 -  Model step took 4.033846855163574 seconds
2024_09_26_T20:43:44 -  Model step started
2024_09_26_T20:43:48 -  Model step took 3.877993106842041 seconds
2024_09_26_T20:44:08 -  Model step started
2024_09_26_T20:44:12 -  Model step took 3.901991128921509 seconds
2024_09_26_T20:44:33 -  Model step started
2024_09_26_T20:44:36 -  Model step took 3.5545499324798584 seconds
2024_09_26_T20:44:57 -  Model step started
2024_09_26_T20:45:00 -  Model step took 3.341148853302002 seconds
2024_09_26_T20:45:21 -  Model step started
2024_09_26_T20:45:24 -  Model step took 3.177582025527954 seconds
2024_09_26_T20:45:45 -  Model step started
2024_09_26_T20:45:48 -  Model step took 3.269335985183716 seconds
2024_09_26_T20:46:09 -  Model step started
2024_09_26_T20:46:12 -  Model step took 3.113759994506836 seconds
2024_09_26_T20:46:33 -  Model step started
2024_09_26_T20:46:36 -  Model step took 2.9510338306427 seconds
2024_09_26_T20:46:57 -  Model step started
2024_09_26_T20:47:00 -  Model step took 2.9495460987091064 seconds
2024_09_26_T20:47:22 -  Model step started
2024_09_26_T20:47:24 -  Model step took 2.7600338459014893 seconds
2024_09_26_T20:47:46 -  Model step started
2024_09_26_T20:47:48 -  Model step took 2.7164809703826904 seconds
2024_09_26_T20:48:10 -  Model step started
2024_09_26_T20:48:12 -  Model step took 2.5519189834594727 seconds
2024_09_26_T20:48:34 -  Model step started
2024_09_26_T20:48:36 -  Model step took 2.4325900077819824 seconds
2024_09_26_T20:54:34 -  Model step started
2024_09_26_T20:54:37 -  Model step took 2.6625280380249023 seconds
2024_09_26_T20:54:59 -  Model step started
2024_09_26_T20:55:02 -  Model step took 2.22868013381958 seconds
2024_09_26_T20:55:23 -  Model step started
2024_09_26_T20:55:25 -  Model step took 2.2931971549987793 seconds
2024_09_26_T20:55:49 -  Model step started
2024_09_26_T20:55:52 -  Model step took 2.8717429637908936 seconds
2024_09_26_T20:56:15 -  Model step started
2024_09_26_T20:56:17 -  Model step took 2.609544038772583 seconds
2024_09_26_T20:56:39 -  Model step started
2024_09_26_T20:56:42 -  Model step took 2.5644190311431885 seconds
2024_09_26_T20:57:04 -  Model step started
2024_09_26_T20:57:06 -  Model step took 2.529881000518799 seconds
2024_09_26_T20:57:28 -  Model step started
2024_09_26_T20:57:31 -  Model step took 2.6636850833892822 seconds
2024_09_26_T20:57:53 -  Model step started
2024_09_26_T20:57:56 -  Model step took 2.5971248149871826 seconds
2024_09_26_T20:58:18 -  Model step started
2024_09_26_T20:58:21 -  Model step took 2.76889705657959 seconds
2024_09_26_T20:58:43 -  Model step started
2024_09_26_T20:58:46 -  Model step took 2.8735709190368652 seconds
2024_09_26_T20:59:09 -  Model step started
2024_09_26_T20:59:12 -  Model step took 2.8490400314331055 seconds
2024_09_26_T20:59:34 -  Model step started
2024_09_26_T20:59:37 -  Model step took 3.0193991661071777 seconds
2024_09_26_T21:00:00 -  Model step started
2024_09_26_T21:00:03 -  Model step took 2.671113967895508 seconds
2024_09_26_T21:00:26 -  Model step started
2024_09_26_T21:00:28 -  Model step took 2.5528669357299805 seconds
2024_09_26_T21:00:51 -  Model step started
2024_09_26_T21:00:54 -  Model step took 2.6714038848876953 seconds
2024_09_26_T21:01:17 -  Model step started
2024_09_26_T21:01:20 -  Model step took 2.7346580028533936 seconds
2024_09_26_T21:01:43 -  Model step started
2024_09_26_T21:01:46 -  Model step took 2.8450050354003906 seconds
2024_09_26_T21:02:09 -  Model step started
2024_09_26_T21:02:12 -  Model step took 2.970120906829834 seconds
2024_09_26_T21:02:35 -  Model step started
2024_09_26_T21:02:38 -  Model step took 2.845026969909668 seconds
2024_09_26_T21:03:01 -  Model step started
2024_09_26_T21:03:04 -  Model step took 2.841404914855957 seconds
2024_09_26_T21:03:28 -  Model step started
2024_09_26_T21:03:31 -  Model step took 2.8419511318206787 seconds
2024_09_26_T21:03:55 -  Model step started
2024_09_26_T21:03:58 -  Model step took 2.8711299896240234 seconds
2024_09_26_T21:04:21 -  Model step started
2024_09_26_T21:04:24 -  Model step took 2.8381612300872803 seconds
2024_09_26_T21:04:48 -  Model step started
2024_09_26_T21:04:51 -  Model step took 2.9001691341400146 seconds
2024_09_26_T21:05:15 -  Model step started
2024_09_26_T21:05:17 -  Model step took 2.715596914291382 seconds
2024_09_26_T21:05:41 -  Model step started
2024_09_26_T21:05:44 -  Model step took 2.634871006011963 seconds
2024_09_26_T21:06:08 -  Model step started
2024_09_26_T21:06:11 -  Model step took 2.579490900039673 seconds
2024_09_26_T21:06:35 -  Model step started
2024_09_26_T21:06:38 -  Model step took 2.960052013397217 seconds
2024_09_26_T21:07:02 -  Model step started
2024_09_26_T21:07:05 -  Model step took 2.9446640014648438 seconds
2024_09_26_T21:07:30 -  Model step started
2024_09_26_T21:07:33 -  Model step took 2.9729390144348145 seconds
2024_09_26_T21:07:58 -  Model step started
2024_09_26_T21:08:01 -  Model step took 3.0352230072021484 seconds
2024_09_26_T21:08:27 -  Model step started
2024_09_26_T21:08:30 -  Model step took 3.08536696434021 seconds
2024_09_26_T21:08:55 -  Model step started
2024_09_26_T21:08:58 -  Model step took 3.0429701805114746 seconds
2024_09_26_T21:09:24 -  Model step started
2024_09_26_T21:09:27 -  Model step took 3.1247689723968506 seconds
2024_09_26_T21:09:53 -  Model step started
2024_09_26_T21:09:56 -  Model step took 3.1416409015655518 seconds
2024_09_26_T21:10:22 -  Model step started
2024_09_26_T21:10:25 -  Model step took 3.3544349670410156 seconds
2024_09_26_T21:10:51 -  Model step started
2024_09_26_T21:10:54 -  Model step took 3.050427198410034 seconds
2024_09_26_T21:11:20 -  Model step started
2024_09_26_T21:11:23 -  Model step took 2.9735448360443115 seconds
2024_09_26_T21:11:49 -  Model step started
2024_09_26_T21:11:52 -  Model step took 3.211294174194336 seconds
2024_09_26_T21:12:18 -  Model step started
2024_09_26_T21:12:21 -  Model step took 3.264056921005249 seconds
2024_09_26_T21:12:47 -  Model step started
2024_09_26_T21:12:50 -  Model step took 3.3450510501861572 seconds
2024_09_26_T21:13:16 -  Model step started
2024_09_26_T21:13:19 -  Model step took 3.5391290187835693 seconds
2024_09_26_T21:13:45 -  Model step started
2024_09_26_T21:13:49 -  Model step took 3.4974498748779297 seconds
2024_09_26_T21:14:15 -  Model step started
2024_09_26_T21:14:19 -  Model step took 3.692185878753662 seconds
2024_09_26_T21:14:45 -  Model step started
2024_09_26_T21:14:48 -  Model step took 3.76766300201416 seconds
2024_09_26_T21:15:15 -  Model step started
2024_09_26_T21:15:19 -  Model step took 3.717902898788452 seconds
2024_09_26_T21:15:45 -  Model step started
2024_09_26_T21:15:49 -  Model step took 3.762481927871704 seconds
2024_09_26_T21:16:15 -  Model step started
2024_09_26_T21:16:19 -  Model step took 3.8260669708251953 seconds
2024_09_26_T21:16:46 -  Model step started
2024_09_26_T21:16:49 -  Model step took 3.7272439002990723 seconds
2024_09_26_T21:17:16 -  Model step started
2024_09_26_T21:17:20 -  Model step took 3.457080125808716 seconds
2024_09_26_T21:17:46 -  Model step started
2024_09_26_T21:17:50 -  Model step took 3.430469036102295 seconds
2024_09_26_T21:18:16 -  Model step started
2024_09_26_T21:18:20 -  Model step took 3.5624170303344727 seconds
2024_09_26_T21:18:47 -  Model step started
2024_09_26_T21:18:50 -  Model step took 3.6084649562835693 seconds
2024_09_26_T21:19:17 -  Model step started
2024_09_26_T21:19:21 -  Model step took 3.6203789710998535 seconds
2024_09_26_T21:19:48 -  Model step started
2024_09_26_T21:19:51 -  Model step took 3.5186450481414795 seconds
2024_09_26_T21:20:19 -  Model step started
2024_09_26_T21:20:22 -  Model step took 3.6317081451416016 seconds
2024_09_26_T21:20:50 -  Model step started
2024_09_26_T21:20:53 -  Model step took 3.603646993637085 seconds
2024_09_26_T21:21:21 -  Model step started
2024_09_26_T21:21:24 -  Model step took 3.610071897506714 seconds
2024_09_26_T21:21:52 -  Model step started
2024_09_26_T21:21:55 -  Model step took 3.592926025390625 seconds
2024_09_26_T21:22:23 -  Model step started
2024_09_26_T21:22:26 -  Model step took 3.6189639568328857 seconds
2024_09_26_T21:22:54 -  Model step started
2024_09_26_T21:22:57 -  Model step took 3.4415860176086426 seconds
2024_09_26_T21:23:25 -  Model step started
2024_09_26_T21:23:28 -  Model step took 3.489267110824585 seconds
2024_09_26_T21:23:56 -  Model step started
2024_09_26_T21:24:00 -  Model step took 3.5430009365081787 seconds
2024_09_26_T21:24:28 -  Model step started
2024_09_26_T21:24:31 -  Model step took 3.6774420738220215 seconds
2024_09_26_T21:25:00 -  Model step started
2024_09_26_T21:25:03 -  Model step took 3.9405548572540283 seconds
2024_09_26_T21:25:32 -  Model step started
2024_09_26_T21:25:36 -  Model step took 3.9009931087493896 seconds
2024_09_26_T21:26:04 -  Model step started
2024_09_26_T21:26:08 -  Model step took 3.9616429805755615 seconds
2024_09_26_T21:26:36 -  Model step started
2024_09_26_T21:26:40 -  Model step took 4.098751068115234 seconds
2024_09_26_T21:27:09 -  Model step started
2024_09_26_T21:27:13 -  Model step took 4.075770854949951 seconds
2024_09_26_T21:27:42 -  Model step started
2024_09_26_T21:27:46 -  Model step took 4.098880052566528 seconds
2024_09_26_T21:28:14 -  Model step started
2024_09_26_T21:28:19 -  Model step took 4.169901132583618 seconds
2024_09_26_T21:28:47 -  Model step started
2024_09_26_T21:28:52 -  Model step took 4.153007984161377 seconds
2024_09_26_T21:29:21 -  Model step started
2024_09_26_T21:29:25 -  Model step took 3.9545438289642334 seconds
2024_09_26_T21:29:54 -  Model step started
2024_09_26_T21:29:58 -  Model step took 3.8579299449920654 seconds
2024_09_26_T21:30:27 -  Model step started
2024_09_26_T21:30:31 -  Model step took 3.907931089401245 seconds
2024_09_26_T21:31:00 -  Model step started
2024_09_26_T21:31:04 -  Model step took 3.9754128456115723 seconds
2024_09_26_T21:31:33 -  Model step started
2024_09_26_T21:31:37 -  Model step took 4.0475099086761475 seconds
2024_09_26_T21:32:06 -  Model step started
2024_09_26_T21:32:10 -  Model step took 3.9999067783355713 seconds
2024_09_26_T21:32:40 -  Model step started
2024_09_26_T21:32:43 -  Model step took 3.8814280033111572 seconds
2024_09_26_T21:33:13 -  Model step started
2024_09_26_T21:33:17 -  Model step took 3.723237991333008 seconds
2024_09_26_T21:33:46 -  Model step started
2024_09_26_T21:33:50 -  Model step took 3.7356390953063965 seconds
2024_09_26_T21:34:20 -  Model step started
2024_09_26_T21:34:24 -  Model step took 3.9256207942962646 seconds
2024_09_26_T21:34:54 -  Model step started
2024_09_26_T21:34:57 -  Model step took 3.799226999282837 seconds
2024_09_26_T21:35:28 -  Model step started
2024_09_26_T21:35:32 -  Model step took 3.7897448539733887 seconds
2024_09_26_T21:36:02 -  Model step started
2024_09_26_T21:36:05 -  Model step took 3.394953966140747 seconds
2024_09_26_T21:36:35 -  Model step started
2024_09_26_T21:36:39 -  Model step took 3.6070151329040527 seconds
2024_09_26_T21:37:09 -  Model step started
2024_09_26_T21:37:13 -  Model step took 3.784581184387207 seconds
2024_09_26_T21:37:43 -  Model step started
2024_09_26_T21:37:46 -  Model step took 3.9163639545440674 seconds
2024_09_26_T21:38:16 -  Model step started
2024_09_26_T21:38:21 -  Model step took 4.103150844573975 seconds
2024_09_26_T21:38:51 -  Model step started
2024_09_26_T21:38:55 -  Model step took 4.135828971862793 seconds
2024_09_26_T21:39:25 -  Model step started
2024_09_26_T21:39:30 -  Model step took 4.271285057067871 seconds
2024_09_26_T21:40:00 -  Model step started
2024_09_26_T21:40:04 -  Model step took 4.344074010848999 seconds
2024_09_26_T21:40:35 -  Model step started
2024_09_26_T21:40:39 -  Model step took 4.5123889446258545 seconds
2024_09_26_T21:41:11 -  Model step started
2024_09_26_T21:41:15 -  Model step took 4.535581111907959 seconds
2024_09_26_T21:41:46 -  Model step started
2024_09_26_T21:41:51 -  Model step took 4.3993821144104 seconds
2024_09_26_T21:42:22 -  Model step started
2024_09_26_T21:42:27 -  Model step took 4.5360589027404785 seconds
2024_09_26_T21:42:58 -  Model step started
2024_09_26_T21:43:02 -  Model step took 4.139056921005249 seconds
2024_09_26_T21:43:33 -  Model step started
2024_09_26_T21:43:37 -  Model step took 4.029495000839233 seconds
2024_09_26_T21:44:08 -  Model step started
2024_09_26_T21:44:12 -  Model step took 4.009249925613403 seconds
2024_09_26_T21:44:44 -  Model step started
2024_09_26_T21:44:47 -  Model step took 3.9585070610046387 seconds
2024_09_26_T21:45:19 -  Model step started
2024_09_26_T21:45:22 -  Model step took 3.7841148376464844 seconds
2024_09_26_T21:45:54 -  Model step started
2024_09_26_T21:45:57 -  Model step took 3.604660987854004 seconds
2024_09_26_T21:46:29 -  Model step started
2024_09_26_T21:46:33 -  Model step took 3.571079969406128 seconds
2024_09_26_T21:47:04 -  Model step started
2024_09_26_T21:47:08 -  Model step took 3.5226387977600098 seconds
2024_09_26_T21:47:40 -  Model step started
2024_09_26_T21:47:43 -  Model step took 3.3298261165618896 seconds
2024_09_26_T21:48:15 -  Model step started
2024_09_26_T21:48:18 -  Model step took 3.2091128826141357 seconds
2024_09_26_T21:48:50 -  Model step started
2024_09_26_T21:48:53 -  Model step took 3.0599818229675293 seconds
2024_09_26_T21:49:25 -  Model step started
2024_09_26_T21:49:28 -  Model step took 3.221914052963257 seconds
2024_09_26_T21:50:00 -  Model step started
2024_09_26_T21:50:03 -  Model step took 2.659917116165161 seconds
2024_09_26_T21:50:35 -  Model step started
2024_09_26_T21:50:38 -  Model step took 2.536639928817749 seconds
2024_09_26_T21:51:10 -  Model step started
2024_09_26_T21:51:12 -  Model step took 2.3751380443573 seconds
2024_09_26_T21:51:45 -  Model step started
2024_09_26_T21:51:48 -  Model step took 2.784101963043213 seconds
2024_09_26_T21:52:20 -  Model step started
2024_09_26_T21:52:23 -  Model step took 2.788249969482422 seconds
2024_09_26_T21:52:56 -  Model step started
2024_09_26_T21:52:59 -  Model step took 2.79878306388855 seconds
2024_09_26_T21:53:31 -  Model step started
2024_09_26_T21:53:34 -  Model step took 2.6586430072784424 seconds
2024_09_26_T21:54:07 -  Model step started
2024_09_26_T21:54:10 -  Model step took 2.6955201625823975 seconds
2024_09_26_T21:54:43 -  Model step started
2024_09_26_T21:54:46 -  Model step took 2.777924060821533 seconds
2024_09_26_T21:55:19 -  Model step started
2024_09_26_T21:55:22 -  Model step took 2.98511004447937 seconds
2024_09_26_T21:55:55 -  Model step started
2024_09_26_T21:55:58 -  Model step took 2.615866184234619 seconds
2024_09_26_T21:56:32 -  Model step started
2024_09_26_T21:56:34 -  Model step took 2.8801069259643555 seconds
2024_09_26_T21:57:08 -  Model step started
2024_09_26_T21:57:10 -  Model step took 2.7348580360412598 seconds
2024_09_26_T21:57:44 -  Model step started
2024_09_26_T21:57:47 -  Model step took 3.0348119735717773 seconds
2024_09_26_T21:58:20 -  Model step started
2024_09_26_T21:58:23 -  Model step took 3.2503209114074707 seconds
2024_09_26_T21:58:56 -  Model step started
2024_09_26_T21:59:00 -  Model step took 3.8097429275512695 seconds
2024_09_26_T21:59:32 -  Model step started
2024_09_26_T21:59:37 -  Model step took 4.182446002960205 seconds
2024_09_26_T22:00:10 -  Model step started
2024_09_26_T22:00:14 -  Model step took 4.485121011734009 seconds
2024_09_26_T22:00:47 -  Model step started
2024_09_26_T22:00:52 -  Model step took 4.699690818786621 seconds
2024_09_26_T22:01:25 -  Model step started
2024_09_26_T22:01:30 -  Model step took 4.7135210037231445 seconds
2024_09_26_T22:02:03 -  Model step started
2024_09_26_T22:02:09 -  Model step took 5.139548063278198 seconds
2024_09_26_T22:02:42 -  Model step started
2024_09_26_T22:02:48 -  Model step took 5.353955984115601 seconds
2024_09_26_T22:03:21 -  Model step started
2024_09_26_T22:03:27 -  Model step took 5.48064112663269 seconds
2024_09_26_T22:04:01 -  Model step started
2024_09_26_T22:04:07 -  Model step took 5.7327680587768555 seconds
2024_09_26_T22:04:40 -  Model step started
2024_09_26_T22:04:46 -  Model step took 5.660578966140747 seconds
2024_09_26_T22:05:20 -  Model step started
2024_09_26_T22:05:26 -  Model step took 5.897850036621094 seconds
2024_09_26_T22:05:59 -  Model step started
2024_09_26_T22:06:06 -  Model step took 6.232862949371338 seconds
2024_09_26_T22:06:40 -  Model step started
2024_09_26_T22:06:47 -  Model step took 6.722872972488403 seconds
2024_09_26_T22:07:21 -  Model step started
2024_09_26_T22:07:28 -  Model step took 6.99717903137207 seconds
2024_09_26_T22:08:03 -  Model step started
2024_09_26_T22:08:10 -  Model step took 7.110121011734009 seconds
2024_09_26_T22:08:44 -  Model step started
2024_09_26_T22:08:51 -  Model step took 7.208054065704346 seconds
2024_09_26_T22:09:26 -  Model step started
2024_09_26_T22:09:33 -  Model step took 7.531630039215088 seconds
2024_09_26_T22:10:08 -  Model step started
2024_09_26_T22:10:16 -  Model step took 7.688565015792847 seconds
2024_09_26_T22:10:50 -  Model step started
2024_09_26_T22:10:58 -  Model step took 7.814382076263428 seconds
2024_09_26_T22:11:33 -  Model step started
2024_09_26_T22:11:41 -  Model step took 7.9651758670806885 seconds
2024_09_26_T22:12:16 -  Model step started
2024_09_26_T22:12:24 -  Model step took 7.9435508251190186 seconds
2024_09_26_T22:13:00 -  Model step started
2024_09_26_T22:13:08 -  Model step took 8.00589895248413 seconds
2024_09_26_T22:13:43 -  Model step started
2024_09_26_T22:13:51 -  Model step took 8.212449073791504 seconds
2024_09_26_T22:14:26 -  Model step started
2024_09_26_T22:14:35 -  Model step took 8.423916101455688 seconds
2024_09_26_T22:15:10 -  Model step started
2024_09_26_T22:15:19 -  Model step took 8.858360052108765 seconds
2024_09_26_T22:15:55 -  Model step started
2024_09_26_T22:16:04 -  Model step took 8.931472778320312 seconds
2024_09_26_T22:16:40 -  Model step started
2024_09_26_T22:16:48 -  Model step took 8.877644062042236 seconds
2024_09_26_T22:17:23 -  Model step started
2024_09_26_T22:17:33 -  Model step took 9.078679084777832 seconds
2024_09_26_T22:18:07 -  Model step started
2024_09_26_T22:18:16 -  Model step took 8.812722206115723 seconds
2024_09_26_T22:18:52 -  Model step started
2024_09_26_T22:19:01 -  Model step took 8.988460063934326 seconds
2024_09_26_T22:19:36 -  Model step started
2024_09_26_T22:19:45 -  Model step took 9.435197114944458 seconds
2024_09_26_T22:20:21 -  Model step started
2024_09_26_T22:20:30 -  Model step took 8.905364036560059 seconds
2024_09_26_T22:21:05 -  Model step started
2024_09_26_T22:21:14 -  Model step took 8.721291065216064 seconds
2024_09_26_T22:21:50 -  Model step started
2024_09_26_T22:21:59 -  Model step took 8.682408094406128 seconds
2024_09_26_T22:22:35 -  Model step started
2024_09_26_T22:22:44 -  Model step took 9.00211501121521 seconds
2024_09_26_T22:23:20 -  Model step started
2024_09_26_T22:23:29 -  Model step took 9.152703046798706 seconds
2024_09_26_T22:24:05 -  Model step started
2024_09_26_T22:24:14 -  Model step took 9.327737092971802 seconds
2024_09_26_T22:24:51 -  Model step started
2024_09_26_T22:25:00 -  Model step took 9.367802143096924 seconds
2024_09_26_T22:25:36 -  Model step started
2024_09_26_T22:25:46 -  Model step took 9.562458038330078 seconds
2024_09_26_T22:26:22 -  Model step started
2024_09_26_T22:26:32 -  Model step took 9.601256132125854 seconds
2024_09_26_T22:27:08 -  Model step started
2024_09_26_T22:27:18 -  Model step took 9.478310108184814 seconds
2024_09_26_T22:27:55 -  Model step started
2024_09_26_T22:28:04 -  Model step took 9.722487926483154 seconds
2024_09_26_T22:28:41 -  Model step started
2024_09_26_T22:28:51 -  Model step took 9.553924083709717 seconds
2024_09_26_T22:29:27 -  Model step started
2024_09_26_T22:29:37 -  Model step took 9.47529911994934 seconds
2024_09_26_T22:30:14 -  Model step started
2024_09_26_T22:30:24 -  Model step took 9.625959157943726 seconds
2024_09_26_T22:31:01 -  Model step started
2024_09_26_T22:31:10 -  Model step took 9.132397890090942 seconds
2024_09_26_T22:31:47 -  Model step started
2024_09_26_T22:31:57 -  Model step took 9.437423944473267 seconds
2024_09_26_T22:32:34 -  Model step started
2024_09_26_T22:32:43 -  Model step took 9.412499904632568 seconds
2024_09_26_T22:33:22 -  Model step started
2024_09_26_T22:33:31 -  Model step took 9.10421895980835 seconds
2024_09_26_T22:34:08 -  Model step started
2024_09_26_T22:34:17 -  Model step took 9.153954029083252 seconds
2024_09_26_T22:34:54 -  Model step started
2024_09_26_T22:35:03 -  Model step took 8.906850099563599 seconds
2024_09_26_T22:35:40 -  Model step started
2024_09_26_T22:35:49 -  Model step took 8.749636888504028 seconds
