2024_09_03_T22:36:31 -  finished initateHouses in 0.4747581481933594 seconds
2024_09_03_T22:36:31 -  finished initiateHouseholds in 0.7162280082702637 seconds
2024_09_03_T22:36:32 -  finished assignHousesToHouseholds in 0.9419519901275635 seconds
2024_09_03_T22:36:45 -  Model step started
2024_09_03_T22:36:46 -  Model step took 0.8021290302276611 seconds
2024_09_03_T22:36:47 -  Model step started
2024_09_03_T22:36:47 -  Model step took 0.013159036636352539 seconds
2024_09_03_T22:36:48 -  Model step started
2024_09_03_T22:36:48 -  Model step took 0.025545120239257812 seconds
2024_09_03_T22:36:49 -  Model step started
2024_09_03_T22:36:49 -  Model step took 0.024378061294555664 seconds
2024_09_03_T22:36:50 -  Model step started
2024_09_03_T22:36:50 -  Model step took 0.019572019577026367 seconds
2024_09_03_T22:36:51 -  Model step started
2024_09_03_T22:36:51 -  Model step took 0.015025854110717773 seconds
2024_09_03_T22:36:52 -  Model step started
2024_09_03_T22:36:52 -  Model step took 0.024326086044311523 seconds
2024_09_03_T22:36:54 -  Model step started
2024_09_03_T22:36:54 -  Model step took 0.016287803649902344 seconds
2024_09_03_T22:36:55 -  Model step started
2024_09_03_T22:36:55 -  Model step took 0.023467063903808594 seconds
2024_09_03_T22:36:56 -  Model step started
2024_09_03_T22:36:56 -  Model step took 0.013921976089477539 seconds
2024_09_03_T22:36:57 -  Model step started
2024_09_03_T22:36:57 -  Model step took 0.022484779357910156 seconds
2024_09_03_T22:36:58 -  Model step started
2024_09_03_T22:36:58 -  Model step took 0.024770021438598633 seconds
2024_09_03_T22:37:00 -  Model step started
2024_09_03_T22:37:00 -  Model step took 0.01725602149963379 seconds
2024_09_03_T22:37:01 -  Model step started
2024_09_03_T22:37:01 -  Model step took 0.022027015686035156 seconds
2024_09_03_T22:37:02 -  Model step started
2024_09_03_T22:37:02 -  Model step took 0.01988387107849121 seconds
2024_09_03_T22:37:03 -  Model step started
2024_09_03_T22:37:03 -  Model step took 0.017713069915771484 seconds
