2024_09_18_T23:17:00 -  finished initateHouses in 0.35134410858154297 seconds
2024_09_18_T23:17:00 -  finished initiateHouseholds in 0.5637590885162354 seconds
2024_09_18_T23:17:00 -  finished assignHousesToHouseholds in 0.7349491119384766 seconds
2024_09_18_T23:18:03 -  Model step started
2024_09_18_T23:19:13 -  Model step took 70.77170300483704 seconds
2024_09_18_T23:20:14 -  Model step started
2024_09_18_T23:20:35 -  Model step took 20.90209698677063 seconds
2024_09_18_T23:21:37 -  Model step started
2024_09_18_T23:21:39 -  Model step took 2.643470048904419 seconds
2024_09_18_T23:22:39 -  Model step started
2024_09_18_T23:22:40 -  Model step took 1.7701020240783691 seconds
2024_09_18_T23:23:40 -  Model step started
2024_09_18_T23:23:42 -  Model step took 1.5550200939178467 seconds
2024_09_18_T23:24:41 -  Model step started
2024_09_18_T23:24:42 -  Model step took 1.589082956314087 seconds
2024_09_18_T23:25:41 -  Model step started
2024_09_18_T23:25:43 -  Model step took 1.4552459716796875 seconds
2024_09_18_T23:26:42 -  Model step started
2024_09_18_T23:26:43 -  Model step took 1.644454002380371 seconds
2024_09_18_T23:27:42 -  Model step started
2024_09_18_T23:27:44 -  Model step took 1.5234789848327637 seconds
2024_09_18_T23:28:43 -  Model step started
2024_09_18_T23:28:44 -  Model step took 1.5140080451965332 seconds
2024_09_18_T23:29:43 -  Model step started
2024_09_18_T23:29:45 -  Model step took 1.5897800922393799 seconds
2024_09_18_T23:30:44 -  Model step started
2024_09_18_T23:30:45 -  Model step took 1.5502259731292725 seconds
