2024_09_22_T17:29:14 -  finished initateHouses in 0.41799497604370117 seconds
2024_09_22_T17:29:14 -  finished initiateHouseholds in 0.5844681262969971 seconds
2024_09_22_T17:29:14 -  finished assignHousesToHouseholds in 0.7585010528564453 seconds
2024_09_22_T17:29:39 -  Model step started
2024_09_22_T17:29:47 -  Model step took 7.458436012268066 seconds
2024_09_22_T17:30:08 -  Model step started
2024_09_22_T17:30:17 -  Model step took 8.313139915466309 seconds
2024_09_22_T17:30:39 -  Model step started
2024_09_22_T17:30:47 -  Model step took 8.142805099487305 seconds
2024_09_22_T17:31:09 -  Model step started
2024_09_22_T17:31:17 -  Model step took 7.392138957977295 seconds
2024_09_22_T17:31:39 -  Model step started
2024_09_22_T17:31:46 -  Model step took 6.9461610317230225 seconds
2024_09_22_T17:32:08 -  Model step started
2024_09_22_T17:32:15 -  Model step took 6.1512451171875 seconds
2024_09_22_T17:32:37 -  Model step started
2024_09_22_T17:32:43 -  Model step took 5.765039920806885 seconds
2024_09_22_T17:33:05 -  Model step started
2024_09_22_T17:33:10 -  Model step took 5.3736841678619385 seconds
2024_09_22_T17:33:33 -  Model step started
2024_09_22_T17:33:38 -  Model step took 5.329600811004639 seconds
2024_09_22_T17:34:00 -  Model step started
2024_09_22_T17:34:05 -  Model step took 4.9095799922943115 seconds
2024_09_22_T17:34:28 -  Model step started
2024_09_22_T17:34:32 -  Model step took 4.636867046356201 seconds
2024_09_22_T17:34:55 -  Model step started
2024_09_22_T17:35:00 -  Model step took 4.396811008453369 seconds
2024_09_22_T17:35:22 -  Model step started
2024_09_22_T17:35:27 -  Model step took 4.552158832550049 seconds
2024_09_22_T17:35:50 -  Model step started
2024_09_22_T17:35:54 -  Model step took 4.391945838928223 seconds
2024_09_22_T17:36:17 -  Model step started
2024_09_22_T17:36:21 -  Model step took 4.148406982421875 seconds
2024_09_22_T17:36:44 -  Model step started
2024_09_22_T17:36:47 -  Model step took 3.4175398349761963 seconds
2024_09_22_T17:37:10 -  Model step started
2024_09_22_T17:37:13 -  Model step took 3.552381992340088 seconds
2024_09_22_T17:37:36 -  Model step started
2024_09_22_T17:37:39 -  Model step took 3.3022429943084717 seconds
2024_09_22_T17:38:02 -  Model step started
2024_09_22_T17:38:05 -  Model step took 3.213308095932007 seconds
2024_09_22_T17:38:28 -  Model step started
2024_09_22_T17:38:32 -  Model step took 3.277323007583618 seconds
2024_09_22_T17:38:55 -  Model step started
2024_09_22_T17:38:57 -  Model step took 2.9402129650115967 seconds
2024_09_22_T17:39:21 -  Model step started
2024_09_22_T17:39:23 -  Model step took 2.8270270824432373 seconds
2024_09_22_T17:39:47 -  Model step started
2024_09_22_T17:39:49 -  Model step took 2.759895086288452 seconds
2024_09_22_T17:40:12 -  Model step started
2024_09_22_T17:40:15 -  Model step took 2.6333510875701904 seconds
2024_09_22_T17:40:38 -  Model step started
2024_09_22_T17:40:41 -  Model step took 2.715419054031372 seconds
2024_09_22_T17:41:04 -  Model step started
2024_09_22_T17:41:06 -  Model step took 2.3992919921875 seconds
2024_09_22_T17:41:29 -  Model step started
2024_09_22_T17:41:32 -  Model step took 2.444833993911743 seconds
2024_09_22_T17:41:53 -  Model step started
2024_09_22_T17:41:55 -  Model step took 2.3656489849090576 seconds
2024_09_22_T17:42:18 -  Model step started
2024_09_22_T17:42:20 -  Model step took 2.4542148113250732 seconds
2024_09_22_T17:42:43 -  Model step started
2024_09_22_T17:42:45 -  Model step took 2.4450252056121826 seconds
2024_09_22_T17:43:08 -  Model step started
2024_09_22_T17:43:10 -  Model step took 2.5001449584960938 seconds
2024_09_22_T17:43:32 -  Model step started
2024_09_22_T17:43:35 -  Model step took 2.4728190898895264 seconds
2024_09_22_T17:43:57 -  Model step started
2024_09_22_T17:44:00 -  Model step took 2.650162935256958 seconds
2024_09_22_T17:44:22 -  Model step started
2024_09_22_T17:44:25 -  Model step took 2.593597888946533 seconds
2024_09_22_T17:44:47 -  Model step started
2024_09_22_T17:44:49 -  Model step took 2.6939280033111572 seconds
2024_09_22_T17:45:11 -  Model step started
2024_09_22_T17:45:14 -  Model step took 2.622130870819092 seconds
2024_09_22_T17:45:36 -  Model step started
2024_09_22_T17:45:39 -  Model step took 2.6407740116119385 seconds
2024_09_22_T17:46:00 -  Model step started
2024_09_22_T17:46:03 -  Model step took 2.672366142272949 seconds
2024_09_22_T17:46:24 -  Model step started
2024_09_22_T17:46:27 -  Model step took 2.66314697265625 seconds
2024_09_22_T17:46:48 -  Model step started
2024_09_22_T17:46:51 -  Model step took 2.6748151779174805 seconds
2024_09_22_T17:47:12 -  Model step started
2024_09_22_T17:47:15 -  Model step took 2.86155104637146 seconds
2024_09_22_T17:47:36 -  Model step started
2024_09_22_T17:47:39 -  Model step took 2.890977144241333 seconds
2024_09_22_T17:48:00 -  Model step started
2024_09_22_T17:48:03 -  Model step took 2.9724318981170654 seconds
2024_09_22_T17:48:23 -  Model step started
2024_09_22_T17:48:26 -  Model step took 2.9179508686065674 seconds
2024_09_22_T17:48:46 -  Model step started
2024_09_22_T17:48:49 -  Model step took 2.825685977935791 seconds
2024_09_22_T17:49:09 -  Model step started
2024_09_22_T17:49:12 -  Model step took 2.9210078716278076 seconds
2024_09_22_T17:49:32 -  Model step started
2024_09_22_T17:49:35 -  Model step took 2.77266788482666 seconds
2024_09_22_T17:49:54 -  Model step started
2024_09_22_T17:49:57 -  Model step took 2.7931089401245117 seconds
2024_09_22_T17:50:16 -  Model step started
2024_09_22_T17:50:19 -  Model step took 2.7554969787597656 seconds
2024_09_22_T17:50:37 -  Model step started
2024_09_22_T17:50:40 -  Model step took 2.797106981277466 seconds
2024_09_22_T17:50:59 -  Model step started
2024_09_22_T17:51:01 -  Model step took 2.717331886291504 seconds
2024_09_22_T17:51:20 -  Model step started
2024_09_22_T17:51:23 -  Model step took 2.6646909713745117 seconds
2024_09_22_T17:51:40 -  Model step started
2024_09_22_T17:51:43 -  Model step took 2.6973018646240234 seconds
2024_09_22_T17:52:00 -  Model step started
2024_09_22_T17:52:03 -  Model step took 2.6503779888153076 seconds
2024_09_22_T17:52:20 -  Model step started
2024_09_22_T17:52:23 -  Model step took 2.6791188716888428 seconds
2024_09_22_T17:52:40 -  Model step started
2024_09_22_T17:52:43 -  Model step took 2.511486053466797 seconds
2024_09_22_T17:53:00 -  Model step started
2024_09_22_T17:53:02 -  Model step took 2.3842649459838867 seconds
2024_09_22_T17:53:19 -  Model step started
2024_09_22_T17:53:21 -  Model step took 2.246377944946289 seconds
2024_09_22_T17:53:37 -  Model step started
2024_09_22_T17:53:39 -  Model step took 2.1555449962615967 seconds
2024_09_22_T17:53:56 -  Model step started
2024_09_22_T17:53:58 -  Model step took 2.1070950031280518 seconds
2024_09_22_T17:54:13 -  Model step started
2024_09_22_T17:54:15 -  Model step took 1.994084119796753 seconds
2024_09_22_T17:54:31 -  Model step started
2024_09_22_T17:54:33 -  Model step took 1.7959449291229248 seconds
2024_09_22_T17:54:48 -  Model step started
2024_09_22_T17:54:50 -  Model step took 1.7280941009521484 seconds
2024_09_22_T17:55:05 -  Model step started
2024_09_22_T17:55:07 -  Model step took 1.7379429340362549 seconds
2024_09_22_T17:55:22 -  Model step started
2024_09_22_T17:55:23 -  Model step took 1.5449020862579346 seconds
2024_09_22_T17:55:38 -  Model step started
2024_09_22_T17:55:39 -  Model step took 1.4582960605621338 seconds
2024_09_22_T17:55:53 -  Model step started
2024_09_22_T17:55:55 -  Model step took 1.3629679679870605 seconds
2024_09_22_T17:56:09 -  Model step started
2024_09_22_T17:56:10 -  Model step took 1.2940027713775635 seconds
2024_09_22_T17:56:24 -  Model step started
2024_09_22_T17:56:25 -  Model step took 1.162553071975708 seconds
2024_09_22_T17:56:39 -  Model step started
2024_09_22_T17:56:40 -  Model step took 1.0394001007080078 seconds
2024_09_22_T17:56:53 -  Model step started
2024_09_22_T17:56:54 -  Model step took 0.9197311401367188 seconds
2024_09_22_T17:57:07 -  Model step started
2024_09_22_T17:57:08 -  Model step took 0.9675998687744141 seconds
2024_09_22_T17:57:21 -  Model step started
2024_09_22_T17:57:22 -  Model step took 0.7848050594329834 seconds
2024_09_22_T17:57:35 -  Model step started
2024_09_22_T17:57:35 -  Model step took 0.7427771091461182 seconds
2024_09_22_T17:57:48 -  Model step started
2024_09_22_T17:57:48 -  Model step took 0.6338541507720947 seconds
2024_09_22_T17:58:01 -  Model step started
2024_09_22_T17:58:01 -  Model step took 0.6130011081695557 seconds
2024_09_22_T17:58:13 -  Model step started
2024_09_22_T17:58:14 -  Model step took 0.6264231204986572 seconds
2024_09_22_T17:58:25 -  Model step started
2024_09_22_T17:58:26 -  Model step took 0.55405592918396 seconds
2024_09_22_T17:58:37 -  Model step started
2024_09_22_T17:58:37 -  Model step took 0.39002203941345215 seconds
2024_09_22_T17:58:49 -  Model step started
2024_09_22_T17:58:49 -  Model step took 0.5049498081207275 seconds
2024_09_22_T17:59:00 -  Model step started
2024_09_22_T17:59:01 -  Model step took 0.40699100494384766 seconds
2024_09_22_T17:59:11 -  Model step started
2024_09_22_T17:59:12 -  Model step took 0.3544161319732666 seconds
2024_09_22_T17:59:22 -  Model step started
2024_09_22_T17:59:22 -  Model step took 0.23331379890441895 seconds
2024_09_22_T17:59:33 -  Model step started
2024_09_22_T17:59:33 -  Model step took 0.2501339912414551 seconds
2024_09_22_T17:59:43 -  Model step started
2024_09_22_T17:59:43 -  Model step took 0.20065617561340332 seconds
2024_09_22_T17:59:53 -  Model step started
2024_09_22_T17:59:53 -  Model step took 0.17604279518127441 seconds
2024_09_22_T18:00:03 -  Model step started
2024_09_22_T18:00:03 -  Model step took 0.1769411563873291 seconds
2024_09_22_T18:00:13 -  Model step started
2024_09_22_T18:00:13 -  Model step took 0.1449909210205078 seconds
2024_09_22_T18:00:22 -  Model step started
2024_09_22_T18:00:22 -  Model step took 0.1742720603942871 seconds
2024_09_22_T18:00:31 -  Model step started
2024_09_22_T18:00:32 -  Model step took 0.14967799186706543 seconds
2024_09_22_T18:00:40 -  Model step started
2024_09_22_T18:00:41 -  Model step took 0.1107938289642334 seconds
2024_09_22_T18:00:49 -  Model step started
2024_09_22_T18:00:49 -  Model step took 0.11146688461303711 seconds
2024_09_22_T18:00:58 -  Model step started
2024_09_22_T18:00:58 -  Model step took 0.09148097038269043 seconds
2024_09_22_T18:01:06 -  Model step started
2024_09_22_T18:01:06 -  Model step took 0.07329988479614258 seconds
2024_09_22_T18:01:15 -  Model step started
2024_09_22_T18:01:15 -  Model step took 0.07689213752746582 seconds
2024_09_22_T18:01:23 -  Model step started
2024_09_22_T18:01:23 -  Model step took 0.07709312438964844 seconds
2024_09_22_T18:01:31 -  Model step started
2024_09_22_T18:01:31 -  Model step took 0.06471610069274902 seconds
2024_09_22_T18:01:38 -  Model step started
2024_09_22_T18:01:38 -  Model step took 0.06176304817199707 seconds
2024_09_22_T18:01:46 -  Model step started
2024_09_22_T18:01:46 -  Model step took 0.08419084548950195 seconds
2024_09_22_T18:01:53 -  Model step started
2024_09_22_T18:01:53 -  Model step took 0.04831695556640625 seconds
2024_09_22_T18:02:00 -  Model step started
2024_09_22_T18:02:00 -  Model step took 0.04639005661010742 seconds
2024_09_22_T18:02:07 -  Model step started
2024_09_22_T18:02:07 -  Model step took 0.0541529655456543 seconds
2024_09_22_T18:02:14 -  Model step started
2024_09_22_T18:02:14 -  Model step took 0.04499506950378418 seconds
2024_09_22_T18:02:21 -  Model step started
2024_09_22_T18:02:21 -  Model step took 0.057058095932006836 seconds
2024_09_22_T18:02:27 -  Model step started
2024_09_22_T18:02:27 -  Model step took 0.04027700424194336 seconds
2024_09_22_T18:02:34 -  Model step started
2024_09_22_T18:02:34 -  Model step took 0.062188148498535156 seconds
2024_09_22_T18:02:40 -  Model step started
2024_09_22_T18:02:40 -  Model step took 0.038796186447143555 seconds
2024_09_22_T18:02:46 -  Model step started
2024_09_22_T18:02:46 -  Model step took 0.03190803527832031 seconds
2024_09_22_T18:02:52 -  Model step started
2024_09_22_T18:02:52 -  Model step took 0.025393009185791016 seconds
2024_09_22_T18:02:58 -  Model step started
2024_09_22_T18:02:58 -  Model step took 0.03895902633666992 seconds
2024_09_22_T18:03:04 -  Model step started
2024_09_22_T18:03:04 -  Model step took 0.019791841506958008 seconds
2024_09_22_T18:03:09 -  Model step started
2024_09_22_T18:03:09 -  Model step took 0.026211023330688477 seconds
2024_09_22_T18:03:15 -  Model step started
2024_09_22_T18:03:15 -  Model step took 0.0247499942779541 seconds
2024_09_22_T18:03:20 -  Model step started
2024_09_22_T18:03:20 -  Model step took 0.034776926040649414 seconds
2024_09_22_T18:03:25 -  Model step started
2024_09_22_T18:03:25 -  Model step took 0.027265071868896484 seconds
2024_09_22_T18:03:30 -  Model step started
2024_09_22_T18:03:30 -  Model step took 0.019089221954345703 seconds
2024_09_22_T18:03:35 -  Model step started
2024_09_22_T18:03:35 -  Model step took 0.02408909797668457 seconds
2024_09_22_T18:03:40 -  Model step started
2024_09_22_T18:03:40 -  Model step took 0.01949310302734375 seconds
2024_09_22_T18:03:45 -  Model step started
2024_09_22_T18:03:45 -  Model step took 0.013279914855957031 seconds
2024_09_22_T18:03:49 -  Model step started
2024_09_22_T18:03:49 -  Model step took 0.012428998947143555 seconds
2024_09_22_T18:03:53 -  Model step started
2024_09_22_T18:03:53 -  Model step took 0.018253087997436523 seconds
2024_09_22_T18:03:58 -  Model step started
2024_09_22_T18:03:58 -  Model step took 0.02056097984313965 seconds
2024_09_22_T18:04:02 -  Model step started
2024_09_22_T18:04:02 -  Model step took 0.023181915283203125 seconds
2024_09_22_T18:04:06 -  Model step started
2024_09_22_T18:04:06 -  Model step took 0.013805150985717773 seconds
2024_09_22_T18:04:10 -  Model step started
2024_09_22_T18:04:10 -  Model step took 0.013663053512573242 seconds
2024_09_22_T18:04:14 -  Model step started
2024_09_22_T18:04:14 -  Model step took 0.017409086227416992 seconds
2024_09_22_T18:04:18 -  Model step started
2024_09_22_T18:04:18 -  Model step took 0.015518903732299805 seconds
2024_09_22_T18:04:22 -  Model step started
2024_09_22_T18:04:22 -  Model step took 0.009504079818725586 seconds
2024_09_22_T18:04:25 -  Model step started
2024_09_22_T18:04:25 -  Model step took 0.009916067123413086 seconds
2024_09_22_T18:04:29 -  Model step started
2024_09_22_T18:04:29 -  Model step took 0.05398702621459961 seconds
2024_09_22_T18:04:32 -  Model step started
2024_09_22_T18:04:32 -  Model step took 0.013208866119384766 seconds
2024_09_22_T18:04:36 -  Model step started
2024_09_22_T18:04:36 -  Model step took 0.00990605354309082 seconds
2024_09_22_T18:04:39 -  Model step started
2024_09_22_T18:04:39 -  Model step took 0.01644611358642578 seconds
2024_09_22_T18:04:42 -  Model step started
2024_09_22_T18:04:42 -  Model step took 0.012784004211425781 seconds
2024_09_22_T18:04:45 -  Model step started
2024_09_22_T18:04:45 -  Model step took 0.010232210159301758 seconds
2024_09_22_T18:04:49 -  Model step started
2024_09_22_T18:04:49 -  Model step took 0.012979984283447266 seconds
2024_09_22_T18:04:52 -  Model step started
2024_09_22_T18:04:52 -  Model step took 0.01152491569519043 seconds
2024_09_22_T18:04:55 -  Model step started
2024_09_22_T18:04:55 -  Model step took 0.009350061416625977 seconds
2024_09_22_T18:04:57 -  Model step started
2024_09_22_T18:04:57 -  Model step took 0.011573076248168945 seconds
2024_09_22_T18:05:00 -  Model step started
2024_09_22_T18:05:00 -  Model step took 0.017560958862304688 seconds
2024_09_22_T18:05:03 -  Model step started
2024_09_22_T18:05:03 -  Model step took 0.013382911682128906 seconds
2024_09_22_T18:05:06 -  Model step started
2024_09_22_T18:05:06 -  Model step took 0.011450052261352539 seconds
2024_09_22_T18:05:08 -  Model step started
2024_09_22_T18:05:08 -  Model step took 0.010699987411499023 seconds
2024_09_22_T18:05:11 -  Model step started
2024_09_22_T18:05:11 -  Model step took 0.010259151458740234 seconds
2024_09_22_T18:05:13 -  Model step started
2024_09_22_T18:05:13 -  Model step took 0.011559009552001953 seconds
2024_09_22_T18:05:16 -  Model step started
2024_09_22_T18:05:16 -  Model step took 0.011854887008666992 seconds
2024_09_22_T18:05:18 -  Model step started
2024_09_22_T18:05:18 -  Model step took 0.011359930038452148 seconds
2024_09_22_T18:05:20 -  Model step started
2024_09_22_T18:05:20 -  Model step took 0.012113094329833984 seconds
2024_09_22_T18:05:23 -  Model step started
2024_09_22_T18:05:23 -  Model step took 0.009738922119140625 seconds
2024_09_22_T18:05:25 -  Model step started
2024_09_22_T18:05:25 -  Model step took 0.013568878173828125 seconds
2024_09_22_T18:05:27 -  Model step started
2024_09_22_T18:05:27 -  Model step took 0.010555028915405273 seconds
2024_09_22_T18:05:29 -  Model step started
2024_09_22_T18:05:29 -  Model step took 0.008256196975708008 seconds
2024_09_22_T18:05:31 -  Model step started
2024_09_22_T18:05:31 -  Model step took 0.00774383544921875 seconds
2024_09_22_T18:05:33 -  Model step started
2024_09_22_T18:05:33 -  Model step took 0.007888078689575195 seconds
2024_09_22_T18:05:35 -  Model step started
2024_09_22_T18:05:35 -  Model step took 0.00993204116821289 seconds
2024_09_22_T18:05:37 -  Model step started
2024_09_22_T18:05:37 -  Model step took 0.010113000869750977 seconds
2024_09_22_T18:05:38 -  Model step started
2024_09_22_T18:05:38 -  Model step took 0.008603096008300781 seconds
2024_09_22_T18:05:40 -  Model step started
2024_09_22_T18:05:40 -  Model step took 0.008330821990966797 seconds
2024_09_22_T18:05:42 -  Model step started
2024_09_22_T18:05:42 -  Model step took 0.009022951126098633 seconds
2024_09_22_T18:05:44 -  Model step started
2024_09_22_T18:05:44 -  Model step took 0.008337974548339844 seconds
2024_09_22_T18:05:45 -  Model step started
2024_09_22_T18:05:45 -  Model step took 0.010074138641357422 seconds
2024_09_22_T18:05:47 -  Model step started
2024_09_22_T18:05:47 -  Model step took 0.007718086242675781 seconds
2024_09_22_T18:05:48 -  Model step started
2024_09_22_T18:05:48 -  Model step took 0.010116100311279297 seconds
2024_09_22_T18:05:50 -  Model step started
2024_09_22_T18:05:50 -  Model step took 0.009071826934814453 seconds
2024_09_22_T18:05:51 -  Model step started
2024_09_22_T18:05:51 -  Model step took 0.007296085357666016 seconds
2024_09_22_T18:05:53 -  Model step started
2024_09_22_T18:05:53 -  Model step took 0.009238958358764648 seconds
2024_09_22_T18:05:54 -  Model step started
2024_09_22_T18:05:54 -  Model step took 0.008942127227783203 seconds
2024_09_22_T18:05:55 -  Model step started
2024_09_22_T18:05:55 -  Model step took 0.007227182388305664 seconds
2024_09_22_T18:05:57 -  Model step started
2024_09_22_T18:05:57 -  Model step took 0.010781049728393555 seconds
2024_09_22_T18:05:58 -  Model step started
2024_09_22_T18:05:58 -  Model step took 0.010117053985595703 seconds
2024_09_22_T18:05:59 -  Model step started
2024_09_22_T18:05:59 -  Model step took 0.0070648193359375 seconds
2024_09_22_T18:06:01 -  Model step started
2024_09_22_T18:06:01 -  Model step took 0.009389162063598633 seconds
2024_09_22_T18:06:02 -  Model step started
2024_09_22_T18:06:02 -  Model step took 0.0061228275299072266 seconds
2024_09_22_T18:06:03 -  Model step started
2024_09_22_T18:06:03 -  Model step took 0.006104946136474609 seconds
2024_09_22_T18:06:04 -  Model step started
2024_09_22_T18:06:04 -  Model step took 0.006057024002075195 seconds
2024_09_22_T18:06:05 -  Model step started
2024_09_22_T18:06:05 -  Model step took 0.008320093154907227 seconds
2024_09_22_T18:06:06 -  Model step started
2024_09_22_T18:06:06 -  Model step took 0.008396148681640625 seconds
2024_09_22_T18:06:07 -  Model step started
2024_09_22_T18:06:07 -  Model step took 0.0058481693267822266 seconds
2024_09_22_T18:06:08 -  Model step started
2024_09_22_T18:06:08 -  Model step took 0.006065845489501953 seconds
2024_09_22_T18:06:09 -  Model step started
2024_09_22_T18:06:09 -  Model step took 0.008899927139282227 seconds
2024_09_22_T18:06:10 -  Model step started
2024_09_22_T18:06:10 -  Model step took 0.010020017623901367 seconds
2024_09_22_T18:06:11 -  Model step started
2024_09_22_T18:06:11 -  Model step took 0.007793903350830078 seconds
2024_09_22_T18:06:12 -  Model step started
2024_09_22_T18:06:12 -  Model step took 0.005841970443725586 seconds
2024_09_22_T18:06:13 -  Model step started
2024_09_22_T18:06:13 -  Model step took 0.008231878280639648 seconds
2024_09_22_T18:06:14 -  Model step started
2024_09_22_T18:06:14 -  Model step took 0.008675098419189453 seconds
2024_09_22_T18:06:14 -  Model step started
2024_09_22_T18:06:14 -  Model step took 0.007277011871337891 seconds
2024_09_22_T18:06:15 -  Model step started
2024_09_22_T18:06:15 -  Model step took 0.007401943206787109 seconds
2024_09_22_T18:06:16 -  Model step started
2024_09_22_T18:06:16 -  Model step took 0.007915019989013672 seconds
2024_09_22_T18:06:17 -  Model step started
2024_09_22_T18:06:17 -  Model step took 0.005166053771972656 seconds
2024_09_22_T18:06:18 -  Model step started
2024_09_22_T18:06:18 -  Model step took 0.006848812103271484 seconds
2024_09_22_T18:06:18 -  Model step started
2024_09_22_T18:06:18 -  Model step took 0.005341053009033203 seconds
2024_09_22_T18:06:19 -  Model step started
2024_09_22_T18:06:19 -  Model step took 0.014250993728637695 seconds
2024_09_22_T18:06:20 -  Model step started
2024_09_22_T18:06:20 -  Model step took 0.005600929260253906 seconds
2024_09_22_T18:06:20 -  Model step started
2024_09_22_T18:06:20 -  Model step took 0.006454944610595703 seconds
2024_09_22_T18:06:21 -  Model step started
2024_09_22_T18:06:21 -  Model step took 0.006333112716674805 seconds
2024_09_22_T18:06:22 -  Model step started
2024_09_22_T18:06:22 -  Model step took 0.00675201416015625 seconds
2024_09_22_T18:06:22 -  Model step started
2024_09_22_T18:06:22 -  Model step took 0.0073359012603759766 seconds
2024_09_22_T18:06:23 -  Model step started
2024_09_22_T18:06:23 -  Model step took 0.005023002624511719 seconds
2024_09_22_T18:06:23 -  Model step started
2024_09_22_T18:06:23 -  Model step took 0.004781007766723633 seconds
2024_09_22_T18:06:24 -  Model step started
2024_09_22_T18:06:24 -  Model step took 0.006340980529785156 seconds
2024_09_22_T18:06:24 -  Model step started
2024_09_22_T18:06:24 -  Model step took 0.00451207160949707 seconds
2024_09_22_T18:06:25 -  Model step started
2024_09_22_T18:06:25 -  Model step took 0.00459599494934082 seconds
2024_09_22_T18:06:25 -  Model step started
2024_09_22_T18:06:25 -  Model step took 0.005486011505126953 seconds
2024_09_22_T18:06:26 -  Model step started
2024_09_22_T18:06:26 -  Model step took 0.007203817367553711 seconds
2024_09_22_T18:06:26 -  Model step started
2024_09_22_T18:06:26 -  Model step took 0.004615068435668945 seconds
2024_09_22_T18:06:27 -  Model step started
2024_09_22_T18:06:27 -  Model step took 0.0049779415130615234 seconds
2024_09_22_T18:06:27 -  Model step started
2024_09_22_T18:06:27 -  Model step took 0.004521846771240234 seconds
2024_09_22_T18:06:28 -  Model step started
2024_09_22_T18:06:28 -  Model step took 0.004508018493652344 seconds
2024_09_22_T18:06:28 -  Model step started
2024_09_22_T18:06:28 -  Model step took 0.004572153091430664 seconds
2024_09_22_T18:06:29 -  Model step started
2024_09_22_T18:06:29 -  Model step took 0.006752967834472656 seconds
2024_09_22_T18:06:29 -  Model step started
2024_09_22_T18:06:29 -  Model step took 0.0071179866790771484 seconds
2024_09_22_T18:06:30 -  Model step started
2024_09_22_T18:06:30 -  Model step took 0.004705905914306641 seconds
2024_09_22_T18:06:30 -  Model step started
2024_09_22_T18:06:30 -  Model step took 0.005125999450683594 seconds
2024_09_22_T18:06:30 -  Model step started
2024_09_22_T18:06:30 -  Model step took 0.004467010498046875 seconds
2024_09_22_T18:06:31 -  Model step started
2024_09_22_T18:06:31 -  Model step took 0.0042171478271484375 seconds
2024_09_22_T18:06:31 -  Model step started
2024_09_22_T18:06:31 -  Model step took 0.004836082458496094 seconds
2024_09_22_T18:06:32 -  Model step started
2024_09_22_T18:06:32 -  Model step took 0.0040760040283203125 seconds
2024_09_22_T18:06:32 -  Model step started
2024_09_22_T18:06:32 -  Model step took 0.004873991012573242 seconds
2024_09_22_T18:06:32 -  Model step started
2024_09_22_T18:06:32 -  Model step took 0.004136800765991211 seconds
2024_09_22_T18:06:33 -  Model step started
2024_09_22_T18:06:33 -  Model step took 0.0060520172119140625 seconds
2024_09_22_T18:06:33 -  Model step started
2024_09_22_T18:06:33 -  Model step took 0.00392603874206543 seconds
2024_09_22_T18:06:33 -  Model step started
2024_09_22_T18:06:33 -  Model step took 0.00694584846496582 seconds
2024_09_22_T18:06:34 -  Model step started
2024_09_22_T18:06:34 -  Model step took 0.006334781646728516 seconds
2024_09_22_T18:06:34 -  Model step started
2024_09_22_T18:06:34 -  Model step took 0.003818988800048828 seconds
2024_09_22_T18:06:34 -  Model step started
2024_09_22_T18:06:34 -  Model step took 0.006242990493774414 seconds
2024_09_22_T18:06:34 -  Model step started
2024_09_22_T18:06:34 -  Model step took 0.004005908966064453 seconds
2024_09_22_T18:06:35 -  Model step started
2024_09_22_T18:06:35 -  Model step took 0.006063938140869141 seconds
2024_09_22_T18:06:35 -  Model step started
2024_09_22_T18:06:35 -  Model step took 0.004332065582275391 seconds
2024_09_22_T18:06:35 -  Model step started
2024_09_22_T18:06:35 -  Model step took 0.003885984420776367 seconds
2024_09_22_T18:06:36 -  Model step started
2024_09_22_T18:06:36 -  Model step took 0.0047969818115234375 seconds
2024_09_22_T18:06:36 -  Model step started
2024_09_22_T18:06:36 -  Model step took 0.00392913818359375 seconds
2024_09_22_T18:06:36 -  Model step started
2024_09_22_T18:06:36 -  Model step took 0.0036089420318603516 seconds
2024_09_22_T18:06:36 -  Model step started
2024_09_22_T18:06:36 -  Model step took 0.004487037658691406 seconds
2024_09_22_T18:06:36 -  Model step started
2024_09_22_T18:06:36 -  Model step took 0.0038690567016601562 seconds
2024_09_22_T18:06:37 -  Model step started
2024_09_22_T18:06:37 -  Model step took 0.005674839019775391 seconds
2024_09_22_T18:06:37 -  Model step started
2024_09_22_T18:06:37 -  Model step took 0.0036640167236328125 seconds
2024_09_22_T18:06:37 -  Model step started
2024_09_22_T18:06:37 -  Model step took 0.006537914276123047 seconds
2024_09_22_T18:06:37 -  Model step started
2024_09_22_T18:06:37 -  Model step took 0.004813194274902344 seconds
2024_09_22_T18:06:38 -  Model step started
2024_09_22_T18:06:38 -  Model step took 0.003637075424194336 seconds
2024_09_22_T18:06:38 -  Model step started
2024_09_22_T18:06:38 -  Model step took 0.007134914398193359 seconds
2024_09_22_T18:06:38 -  Model step started
2024_09_22_T18:06:38 -  Model step took 0.005059003829956055 seconds
2024_09_22_T18:06:38 -  Model step started
2024_09_22_T18:06:38 -  Model step took 0.0042078495025634766 seconds
2024_09_22_T18:06:38 -  Model step started
2024_09_22_T18:06:38 -  Model step took 0.004085063934326172 seconds
2024_09_22_T18:06:38 -  Model step started
2024_09_22_T18:06:39 -  Model step took 0.005460977554321289 seconds
2024_09_22_T18:06:39 -  Model step started
2024_09_22_T18:06:39 -  Model step took 0.00427699089050293 seconds
2024_09_22_T18:06:39 -  Model step started
2024_09_22_T18:06:39 -  Model step took 0.0033440589904785156 seconds
2024_09_22_T18:06:39 -  Model step started
2024_09_22_T18:06:39 -  Model step took 0.003484010696411133 seconds
2024_09_22_T18:06:39 -  Model step started
2024_09_22_T18:06:39 -  Model step took 0.005259037017822266 seconds
2024_09_22_T18:06:39 -  Model step started
2024_09_22_T18:06:39 -  Model step took 0.005088090896606445 seconds
2024_09_22_T18:06:39 -  Model step started
2024_09_22_T18:06:39 -  Model step took 0.003229856491088867 seconds
2024_09_22_T18:06:40 -  Model step started
2024_09_22_T18:06:40 -  Model step took 0.006057024002075195 seconds
2024_09_22_T18:06:40 -  Model step started
2024_09_22_T18:06:40 -  Model step took 0.0038521289825439453 seconds
2024_09_22_T18:06:40 -  Model step started
2024_09_22_T18:06:40 -  Model step took 0.0034809112548828125 seconds
2024_09_22_T18:06:40 -  Model step started
2024_09_22_T18:06:40 -  Model step took 0.003289937973022461 seconds
2024_09_22_T18:06:40 -  Model step started
2024_09_22_T18:06:40 -  Model step took 0.003222942352294922 seconds
2024_09_22_T18:06:40 -  Model step started
2024_09_22_T18:06:40 -  Model step took 0.0038788318634033203 seconds
2024_09_22_T18:06:40 -  Model step started
2024_09_22_T18:06:40 -  Model step took 0.0037870407104492188 seconds
2024_09_22_T18:06:41 -  Model step started
2024_09_22_T18:06:41 -  Model step took 0.004405975341796875 seconds
2024_09_22_T18:06:41 -  Model step started
2024_09_22_T18:06:41 -  Model step took 0.004881143569946289 seconds
2024_09_22_T18:06:41 -  Model step started
2024_09_22_T18:06:41 -  Model step took 0.0043909549713134766 seconds
2024_09_22_T18:06:41 -  Model step started
2024_09_22_T18:06:41 -  Model step took 0.005460977554321289 seconds
2024_09_22_T18:06:41 -  Model step started
2024_09_22_T18:06:41 -  Model step took 0.002949953079223633 seconds
2024_09_22_T18:06:41 -  Model step started
2024_09_22_T18:06:41 -  Model step took 0.004370927810668945 seconds
2024_09_22_T18:06:41 -  Model step started
2024_09_22_T18:06:41 -  Model step took 0.00564885139465332 seconds
2024_09_22_T18:06:41 -  Model step started
2024_09_22_T18:06:41 -  Model step took 0.005070924758911133 seconds
2024_09_22_T18:06:41 -  Model step started
2024_09_22_T18:06:41 -  Model step took 0.003042936325073242 seconds
2024_09_22_T18:06:41 -  Model step started
2024_09_22_T18:06:41 -  Model step took 0.0027399063110351562 seconds
2024_09_22_T18:06:42 -  Model step started
2024_09_22_T18:06:42 -  Model step took 0.0033419132232666016 seconds
2024_09_22_T18:06:42 -  Model step started
2024_09_22_T18:06:42 -  Model step took 0.003108978271484375 seconds
2024_09_22_T18:06:42 -  Model step started
2024_09_22_T18:06:42 -  Model step took 0.005048990249633789 seconds
2024_09_22_T18:06:42 -  Model step started
2024_09_22_T18:06:42 -  Model step took 0.003381013870239258 seconds
2024_09_22_T18:06:42 -  Model step started
2024_09_22_T18:06:42 -  Model step took 0.0026879310607910156 seconds
2024_09_22_T18:06:42 -  Model step started
2024_09_22_T18:06:42 -  Model step took 0.004991054534912109 seconds
2024_09_22_T18:06:42 -  Model step started
2024_09_22_T18:06:42 -  Model step took 0.002789020538330078 seconds
2024_09_22_T18:06:42 -  Model step started
2024_09_22_T18:06:42 -  Model step took 0.004058122634887695 seconds
2024_09_22_T18:06:42 -  Model step started
2024_09_22_T18:06:42 -  Model step took 0.004731178283691406 seconds
2024_09_22_T18:06:42 -  Model step started
2024_09_22_T18:06:42 -  Model step took 0.004411935806274414 seconds
2024_09_22_T18:06:42 -  Model step started
2024_09_22_T18:06:42 -  Model step took 0.003214120864868164 seconds
2024_09_22_T18:06:42 -  Model step started
2024_09_22_T18:06:42 -  Model step took 0.002713918685913086 seconds
2024_09_22_T18:06:42 -  Model step started
2024_09_22_T18:06:43 -  Model step took 0.0029239654541015625 seconds
2024_09_22_T18:06:43 -  Model step started
2024_09_22_T18:06:43 -  Model step took 0.004266023635864258 seconds
2024_09_22_T18:06:43 -  Model step started
2024_09_22_T18:06:43 -  Model step took 0.0037529468536376953 seconds
2024_09_22_T18:06:43 -  Model step started
2024_09_22_T18:06:43 -  Model step took 0.002444028854370117 seconds
2024_09_22_T18:06:43 -  Model step started
2024_09_22_T18:06:43 -  Model step took 0.002576112747192383 seconds
2024_09_22_T18:06:43 -  Model step started
2024_09_22_T18:06:43 -  Model step took 0.0024809837341308594 seconds
2024_09_22_T18:06:43 -  Model step started
2024_09_22_T18:06:43 -  Model step took 0.0036461353302001953 seconds
2024_09_22_T18:06:43 -  Model step started
2024_09_22_T18:06:43 -  Model step took 0.0032279491424560547 seconds
2024_09_22_T18:06:43 -  Model step started
2024_09_22_T18:06:43 -  Model step took 0.0027990341186523438 seconds
2024_09_22_T18:06:43 -  Model step started
2024_09_22_T18:06:43 -  Model step took 0.002385854721069336 seconds
2024_09_22_T18:06:43 -  Model step started
2024_09_22_T18:06:43 -  Model step took 0.0023980140686035156 seconds
2024_09_22_T18:06:43 -  Model step started
2024_09_22_T18:06:43 -  Model step took 0.004008054733276367 seconds
2024_09_22_T18:06:43 -  Model step started
2024_09_22_T18:06:43 -  Model step took 0.002691984176635742 seconds
2024_09_22_T18:06:43 -  Model step started
2024_09_22_T18:06:43 -  Model step took 0.0023391246795654297 seconds
2024_09_22_T18:06:43 -  Model step started
2024_09_22_T18:06:43 -  Model step took 0.0055539608001708984 seconds
2024_09_22_T18:06:43 -  Model step started
2024_09_22_T18:06:43 -  Model step took 0.0023779869079589844 seconds
2024_09_22_T18:06:43 -  Model step started
2024_09_22_T18:06:43 -  Model step took 0.003776073455810547 seconds
2024_09_22_T18:06:43 -  Model step started
2024_09_22_T18:06:43 -  Model step took 0.0024378299713134766 seconds
2024_09_22_T18:06:43 -  Model step started
2024_09_22_T18:06:43 -  Model step took 0.004700899124145508 seconds
2024_09_22_T18:06:43 -  Model step started
2024_09_22_T18:06:43 -  Model step took 0.0022640228271484375 seconds
2024_09_22_T18:06:44 -  Model step started
2024_09_22_T18:06:44 -  Model step took 0.005146980285644531 seconds
2024_09_22_T18:06:44 -  Model step started
2024_09_22_T18:06:44 -  Model step took 0.0038909912109375 seconds
2024_09_22_T18:06:44 -  Model step started
2024_09_22_T18:06:44 -  Model step took 0.002630949020385742 seconds
2024_09_22_T18:06:44 -  Model step started
2024_09_22_T18:06:44 -  Model step took 0.0025539398193359375 seconds
2024_09_22_T18:06:44 -  Model step started
2024_09_22_T18:06:44 -  Model step took 0.002479076385498047 seconds
2024_09_22_T18:06:44 -  Model step started
2024_09_22_T18:06:44 -  Model step took 0.0022139549255371094 seconds
2024_09_22_T18:06:44 -  Model step started
2024_09_22_T18:06:44 -  Model step took 0.0023331642150878906 seconds
2024_09_22_T18:06:44 -  Model step started
2024_09_22_T18:06:44 -  Model step took 0.0023021697998046875 seconds
2024_09_22_T18:06:44 -  Model step started
2024_09_22_T18:06:44 -  Model step took 0.002129077911376953 seconds
2024_09_22_T18:06:44 -  Model step started
2024_09_22_T18:06:44 -  Model step took 0.004224061965942383 seconds
2024_09_22_T18:06:44 -  Model step started
2024_09_22_T18:06:44 -  Model step took 0.002414226531982422 seconds
2024_09_22_T18:06:44 -  Model step started
2024_09_22_T18:06:44 -  Model step took 0.00397801399230957 seconds
2024_09_22_T18:06:44 -  Model step started
2024_09_22_T18:06:44 -  Model step took 0.0025458335876464844 seconds
2024_09_22_T18:06:44 -  Model step started
2024_09_22_T18:06:44 -  Model step took 0.003889799118041992 seconds
2024_09_22_T18:06:44 -  Model step started
2024_09_22_T18:06:44 -  Model step took 0.0021009445190429688 seconds
2024_09_22_T18:06:44 -  Model step started
2024_09_22_T18:06:44 -  Model step took 0.0019998550415039062 seconds
2024_09_22_T18:06:44 -  Model step started
2024_09_22_T18:06:44 -  Model step took 0.0035400390625 seconds
2024_09_22_T18:06:44 -  Model step started
2024_09_22_T18:06:44 -  Model step took 0.001947164535522461 seconds
2024_09_22_T18:06:44 -  Model step started
2024_09_22_T18:06:44 -  Model step took 0.0026280879974365234 seconds
2024_09_22_T18:06:44 -  Model step started
2024_09_22_T18:06:44 -  Model step took 0.0039098262786865234 seconds
2024_09_22_T18:06:44 -  Model step started
2024_09_22_T18:06:44 -  Model step took 0.003309011459350586 seconds
2024_09_22_T18:06:44 -  Model step started
2024_09_22_T18:06:44 -  Model step took 0.002051115036010742 seconds
2024_09_22_T18:06:44 -  Model step started
2024_09_22_T18:06:44 -  Model step took 0.0027849674224853516 seconds
2024_09_22_T18:06:44 -  Model step started
2024_09_22_T18:06:44 -  Model step took 0.0036399364471435547 seconds
2024_09_22_T18:06:44 -  Model step started
2024_09_22_T18:06:44 -  Model step took 0.0025720596313476562 seconds
2024_09_22_T18:06:44 -  Model step started
2024_09_22_T18:06:44 -  Model step took 0.002268075942993164 seconds
2024_09_22_T18:06:44 -  Model step started
2024_09_22_T18:06:44 -  Model step took 0.004778861999511719 seconds
2024_09_22_T18:06:44 -  Model step started
2024_09_22_T18:06:44 -  Model step took 0.002048015594482422 seconds
2024_09_22_T18:06:44 -  Model step started
2024_09_22_T18:06:44 -  Model step took 0.0019218921661376953 seconds
2024_09_22_T18:06:44 -  Model step started
2024_09_22_T18:06:44 -  Model step took 0.0018949508666992188 seconds
2024_09_22_T18:06:44 -  Model step started
2024_09_22_T18:06:44 -  Model step took 0.0019390583038330078 seconds
2024_09_22_T18:06:44 -  Model step started
2024_09_22_T18:06:44 -  Model step took 0.0020148754119873047 seconds
2024_09_22_T18:06:44 -  Model step started
2024_09_22_T18:06:44 -  Model step took 0.0045320987701416016 seconds
2024_09_22_T18:06:44 -  Model step started
2024_09_22_T18:06:44 -  Model step took 0.004441022872924805 seconds
2024_09_22_T18:06:45 -  Model step started
2024_09_22_T18:06:45 -  Model step took 0.0023708343505859375 seconds
2024_09_22_T18:06:45 -  Model step started
2024_09_22_T18:06:45 -  Model step took 0.00394892692565918 seconds
2024_09_22_T18:06:45 -  Model step started
2024_09_22_T18:06:45 -  Model step took 0.0025801658630371094 seconds
2024_09_22_T18:06:45 -  Model step started
2024_09_22_T18:06:45 -  Model step took 0.0020720958709716797 seconds
2024_09_22_T18:06:45 -  Model step started
2024_09_22_T18:06:45 -  Model step took 0.0018930435180664062 seconds
2024_09_22_T18:06:45 -  Model step started
2024_09_22_T18:06:45 -  Model step took 0.0018808841705322266 seconds
2024_09_22_T18:06:45 -  Model step started
2024_09_22_T18:06:45 -  Model step took 0.002029895782470703 seconds
2024_09_22_T18:06:45 -  Model step started
2024_09_22_T18:06:45 -  Model step took 0.0021390914916992188 seconds
2024_09_22_T18:06:45 -  Model step started
2024_09_22_T18:06:45 -  Model step took 0.0020499229431152344 seconds
2024_09_22_T18:06:45 -  Model step started
2024_09_22_T18:06:45 -  Model step took 0.002151012420654297 seconds
2024_09_22_T18:06:45 -  Model step started
2024_09_22_T18:06:45 -  Model step took 0.004933834075927734 seconds
2024_09_22_T18:06:45 -  Model step started
2024_09_22_T18:06:45 -  Model step took 0.004468202590942383 seconds
2024_09_22_T18:06:45 -  Model step started
2024_09_22_T18:06:45 -  Model step took 0.002407073974609375 seconds
2024_09_22_T18:06:45 -  Model step started
2024_09_22_T18:06:45 -  Model step took 0.0022590160369873047 seconds
2024_09_22_T18:06:45 -  Model step started
2024_09_22_T18:06:45 -  Model step took 0.003437042236328125 seconds
2024_09_22_T18:06:45 -  Model step started
2024_09_22_T18:06:45 -  Model step took 0.0019860267639160156 seconds
2024_09_22_T18:06:45 -  Model step started
2024_09_22_T18:06:45 -  Model step took 0.002763986587524414 seconds
2024_09_22_T18:06:45 -  Model step started
2024_09_22_T18:06:45 -  Model step took 0.0020418167114257812 seconds
2024_09_22_T18:06:45 -  Model step started
2024_09_22_T18:06:45 -  Model step took 0.0023779869079589844 seconds
2024_09_22_T18:06:45 -  Model step started
2024_09_22_T18:06:45 -  Model step took 0.0032989978790283203 seconds
2024_09_22_T18:06:45 -  Model step started
2024_09_22_T18:06:45 -  Model step took 0.0018799304962158203 seconds
2024_09_22_T18:06:45 -  Model step started
2024_09_22_T18:06:45 -  Model step took 0.002638101577758789 seconds
2024_09_22_T18:06:45 -  Model step started
2024_09_22_T18:06:45 -  Model step took 0.0018498897552490234 seconds
2024_09_22_T18:06:45 -  Model step started
2024_09_22_T18:06:45 -  Model step took 0.003244161605834961 seconds
2024_09_22_T18:06:45 -  Model step started
2024_09_22_T18:06:45 -  Model step took 0.0018041133880615234 seconds
2024_09_22_T18:06:45 -  Model step started
2024_09_22_T18:06:45 -  Model step took 0.002053976058959961 seconds
2024_09_22_T18:06:45 -  Model step started
2024_09_22_T18:06:45 -  Model step took 0.0036199092864990234 seconds
2024_09_22_T18:06:45 -  Model step started
2024_09_22_T18:06:45 -  Model step took 0.0018270015716552734 seconds
2024_09_22_T18:06:45 -  Model step started
2024_09_22_T18:06:45 -  Model step took 0.0032269954681396484 seconds
2024_09_22_T18:06:45 -  Model step started
2024_09_22_T18:06:45 -  Model step took 0.001764059066772461 seconds
2024_09_22_T18:06:45 -  Model step started
2024_09_22_T18:06:45 -  Model step took 0.0031070709228515625 seconds
2024_09_22_T18:06:45 -  Model step started
2024_09_22_T18:06:45 -  Model step took 0.001950979232788086 seconds
2024_09_22_T18:06:45 -  Model step started
2024_09_22_T18:06:45 -  Model step took 0.001970052719116211 seconds
2024_09_22_T18:06:45 -  Model step started
2024_09_22_T18:06:45 -  Model step took 0.0019168853759765625 seconds
2024_09_22_T18:06:45 -  Model step started
2024_09_22_T18:06:45 -  Model step took 0.002808809280395508 seconds
2024_09_22_T18:06:45 -  Model step started
2024_09_22_T18:06:45 -  Model step took 0.001953125 seconds
2024_09_22_T18:06:45 -  Model step started
2024_09_22_T18:06:45 -  Model step took 0.002298116683959961 seconds
2024_09_22_T18:06:45 -  Model step started
2024_09_22_T18:06:45 -  Model step took 0.002173900604248047 seconds
2024_09_22_T18:06:45 -  Model step started
2024_09_22_T18:06:45 -  Model step took 0.002351999282836914 seconds
2024_09_22_T18:06:45 -  Model step started
2024_09_22_T18:06:45 -  Model step took 0.0040798187255859375 seconds
2024_09_22_T18:06:45 -  Model step started
2024_09_22_T18:06:45 -  Model step took 0.0019030570983886719 seconds
2024_09_22_T18:06:45 -  Model step started
2024_09_22_T18:06:45 -  Model step took 0.0040569305419921875 seconds
2024_09_22_T18:06:45 -  Model step started
2024_09_22_T18:06:45 -  Model step took 0.001959085464477539 seconds
2024_09_22_T18:06:45 -  Model step started
2024_09_22_T18:06:45 -  Model step took 0.0030770301818847656 seconds
2024_09_22_T18:06:45 -  Model step started
2024_09_22_T18:06:45 -  Model step took 0.0018799304962158203 seconds
2024_09_22_T18:06:45 -  Model step started
2024_09_22_T18:06:45 -  Model step took 0.0019137859344482422 seconds
2024_09_22_T18:06:45 -  Model step started
2024_09_22_T18:06:45 -  Model step took 0.01906609535217285 seconds
2024_09_22_T18:06:45 -  Model step started
2024_09_22_T18:06:45 -  Model step took 0.002045869827270508 seconds
2024_09_22_T18:06:45 -  Model step started
2024_09_22_T18:06:45 -  Model step took 0.004133939743041992 seconds
2024_09_22_T18:06:45 -  Model step started
2024_09_22_T18:06:45 -  Model step took 0.001809835433959961 seconds
2024_09_22_T18:06:45 -  Model step started
2024_09_22_T18:06:45 -  Model step took 0.003921985626220703 seconds
2024_09_22_T18:06:45 -  Model step started
2024_09_22_T18:06:45 -  Model step took 0.0017819404602050781 seconds
2024_09_22_T18:06:45 -  Model step started
2024_09_22_T18:06:45 -  Model step took 0.002624988555908203 seconds
2024_09_22_T18:06:45 -  Model step started
2024_09_22_T18:06:45 -  Model step took 0.002707958221435547 seconds
2024_09_22_T18:06:45 -  Model step started
2024_09_22_T18:06:45 -  Model step took 0.0018649101257324219 seconds
2024_09_22_T18:06:45 -  Model step started
2024_09_22_T18:06:45 -  Model step took 0.002444028854370117 seconds
2024_09_22_T18:06:45 -  Model step started
2024_09_22_T18:06:45 -  Model step took 0.0018510818481445312 seconds
2024_09_22_T18:06:45 -  Model step started
2024_09_22_T18:06:45 -  Model step took 0.0017750263214111328 seconds
2024_09_22_T18:06:45 -  Model step started
2024_09_22_T18:06:45 -  Model step took 0.002073049545288086 seconds
2024_09_22_T18:06:45 -  Model step started
2024_09_22_T18:06:45 -  Model step took 0.0018739700317382812 seconds
2024_09_22_T18:06:45 -  Model step started
2024_09_22_T18:06:45 -  Model step took 0.0032901763916015625 seconds
2024_09_22_T18:06:45 -  Model step started
2024_09_22_T18:06:45 -  Model step took 0.0017740726470947266 seconds
2024_09_22_T18:06:45 -  Model step started
2024_09_22_T18:06:45 -  Model step took 0.002215147018432617 seconds
2024_09_22_T18:06:45 -  Model step started
2024_09_22_T18:06:45 -  Model step took 0.00341796875 seconds
2024_09_22_T18:06:45 -  Model step started
2024_09_22_T18:06:45 -  Model step took 0.0019459724426269531 seconds
2024_09_22_T18:06:45 -  Model step started
2024_09_22_T18:06:45 -  Model step took 0.0019450187683105469 seconds
2024_09_22_T18:06:45 -  Model step started
2024_09_22_T18:06:45 -  Model step took 0.0022280216217041016 seconds
2024_09_22_T18:06:45 -  Model step started
2024_09_22_T18:06:45 -  Model step took 0.001959085464477539 seconds
2024_09_22_T18:06:45 -  Model step started
2024_09_22_T18:06:45 -  Model step took 0.002463102340698242 seconds
2024_09_22_T18:06:45 -  Model step started
2024_09_22_T18:06:45 -  Model step took 0.002187013626098633 seconds
2024_09_22_T18:06:45 -  Model step started
2024_09_22_T18:06:45 -  Model step took 0.0019562244415283203 seconds
2024_09_22_T18:06:45 -  Model step started
2024_09_22_T18:06:45 -  Model step took 0.0026078224182128906 seconds
2024_09_22_T18:06:45 -  Model step started
2024_09_22_T18:06:45 -  Model step took 0.002474069595336914 seconds
2024_09_22_T18:06:45 -  Model step started
2024_09_22_T18:06:45 -  Model step took 0.002017974853515625 seconds
2024_09_22_T18:06:45 -  Model step started
2024_09_22_T18:06:45 -  Model step took 0.0025281906127929688 seconds
2024_09_22_T18:06:45 -  Model step started
2024_09_22_T18:06:45 -  Model step took 0.0019690990447998047 seconds
2024_09_22_T18:06:45 -  Model step started
2024_09_22_T18:06:45 -  Model step took 0.002941131591796875 seconds
2024_09_22_T18:06:45 -  Model step started
2024_09_22_T18:06:45 -  Model step took 0.0032281875610351562 seconds
2024_09_22_T18:06:45 -  Model step started
2024_09_22_T18:06:45 -  Model step took 0.0019109249114990234 seconds
2024_09_22_T18:06:45 -  Model step started
2024_09_22_T18:06:45 -  Model step took 0.0026519298553466797 seconds
2024_09_22_T18:06:45 -  Model step started
2024_09_22_T18:06:45 -  Model step took 0.0018961429595947266 seconds
2024_09_22_T18:06:45 -  Model step started
2024_09_22_T18:06:45 -  Model step took 0.0019598007202148438 seconds
2024_09_22_T18:06:45 -  Model step started
2024_09_22_T18:06:45 -  Model step took 0.0022449493408203125 seconds
2024_09_22_T18:06:45 -  Model step started
2024_09_22_T18:06:45 -  Model step took 0.0021791458129882812 seconds
2024_09_22_T18:06:45 -  Model step started
2024_09_22_T18:06:45 -  Model step took 0.0027570724487304688 seconds
2024_09_22_T18:06:45 -  Model step started
2024_09_22_T18:06:45 -  Model step took 0.0042607784271240234 seconds
2024_09_22_T18:06:45 -  Model step started
2024_09_22_T18:06:45 -  Model step took 0.0028710365295410156 seconds
2024_09_22_T18:06:45 -  Model step started
2024_09_22_T18:06:45 -  Model step took 0.0024590492248535156 seconds
2024_09_22_T18:06:45 -  Model step started
2024_09_22_T18:06:45 -  Model step took 0.0017969608306884766 seconds
2024_09_22_T18:06:45 -  Model step started
2024_09_22_T18:06:45 -  Model step took 0.002373933792114258 seconds
2024_09_22_T18:06:45 -  Model step started
2024_09_22_T18:06:45 -  Model step took 0.002660989761352539 seconds
2024_09_22_T18:06:45 -  Model step started
2024_09_22_T18:06:45 -  Model step took 0.0017881393432617188 seconds
2024_09_22_T18:06:45 -  Model step started
2024_09_22_T18:06:45 -  Model step took 0.0031909942626953125 seconds
2024_09_22_T18:06:45 -  Model step started
2024_09_22_T18:06:45 -  Model step took 0.002096891403198242 seconds
2024_09_22_T18:06:45 -  Model step started
2024_09_22_T18:06:45 -  Model step took 0.0018241405487060547 seconds
2024_09_22_T18:06:45 -  Model step started
2024_09_22_T18:06:45 -  Model step took 0.002225160598754883 seconds
2024_09_22_T18:06:45 -  Model step started
2024_09_22_T18:06:45 -  Model step took 0.0033478736877441406 seconds
2024_09_22_T18:06:46 -  Model step started
2024_09_22_T18:06:46 -  Model step took 0.0018050670623779297 seconds
2024_09_22_T18:06:46 -  Model step started
2024_09_22_T18:06:46 -  Model step took 0.0037012100219726562 seconds
2024_09_22_T18:06:46 -  Model step started
2024_09_22_T18:06:46 -  Model step took 0.0019669532775878906 seconds
2024_09_22_T18:06:46 -  Model step started
2024_09_22_T18:06:46 -  Model step took 0.0029020309448242188 seconds
2024_09_22_T18:06:46 -  Model step started
2024_09_22_T18:06:46 -  Model step took 0.003113985061645508 seconds
2024_09_22_T18:06:46 -  Model step started
2024_09_22_T18:06:46 -  Model step took 0.001809835433959961 seconds
2024_09_22_T18:06:46 -  Model step started
2024_09_22_T18:06:46 -  Model step took 0.0024290084838867188 seconds
2024_09_22_T18:06:46 -  Model step started
2024_09_22_T18:06:46 -  Model step took 0.002004861831665039 seconds
2024_09_22_T18:06:46 -  Model step started
2024_09_22_T18:06:46 -  Model step took 0.0022368431091308594 seconds
2024_09_22_T18:06:46 -  Model step started
2024_09_22_T18:06:46 -  Model step took 0.0032439231872558594 seconds
2024_09_22_T18:06:46 -  Model step started
2024_09_22_T18:06:46 -  Model step took 0.0019431114196777344 seconds
2024_09_22_T18:06:46 -  Model step started
2024_09_22_T18:06:46 -  Model step took 0.002048015594482422 seconds
2024_09_22_T18:06:46 -  Model step started
2024_09_22_T18:06:46 -  Model step took 0.003454923629760742 seconds
2024_09_22_T18:06:46 -  Model step started
2024_09_22_T18:06:46 -  Model step took 0.0025169849395751953 seconds
2024_09_22_T18:06:46 -  Model step started
2024_09_22_T18:06:46 -  Model step took 0.003865957260131836 seconds
2024_09_22_T18:06:46 -  Model step started
2024_09_22_T18:06:46 -  Model step took 0.0020170211791992188 seconds
2024_09_22_T18:06:46 -  Model step started
2024_09_22_T18:06:46 -  Model step took 0.0032591819763183594 seconds
2024_09_22_T18:06:46 -  Model step started
2024_09_22_T18:06:46 -  Model step took 0.0021300315856933594 seconds
2024_09_22_T18:06:46 -  Model step started
2024_09_22_T18:06:46 -  Model step took 0.0019559860229492188 seconds
2024_09_22_T18:06:46 -  Model step started
2024_09_22_T18:06:46 -  Model step took 0.00380706787109375 seconds
2024_09_22_T18:06:46 -  Model step started
2024_09_22_T18:06:46 -  Model step took 0.0019450187683105469 seconds
2024_09_22_T18:06:46 -  Model step started
2024_09_22_T18:06:46 -  Model step took 0.003319978713989258 seconds
2024_09_22_T18:06:46 -  Model step started
2024_09_22_T18:06:46 -  Model step took 0.002023935317993164 seconds
2024_09_22_T18:06:46 -  Model step started
2024_09_22_T18:06:46 -  Model step took 0.002029895782470703 seconds
2024_09_22_T18:06:46 -  Model step started
2024_09_22_T18:06:46 -  Model step took 0.0024220943450927734 seconds
2024_09_22_T18:06:46 -  Model step started
2024_09_22_T18:06:46 -  Model step took 0.0024831295013427734 seconds
2024_09_22_T18:06:46 -  Model step started
2024_09_22_T18:06:46 -  Model step took 0.0019278526306152344 seconds
2024_09_22_T18:06:46 -  Model step started
2024_09_22_T18:06:46 -  Model step took 0.020971059799194336 seconds
2024_09_22_T18:06:46 -  Model step started
2024_09_22_T18:06:46 -  Model step took 0.0021979808807373047 seconds
2024_09_22_T18:06:46 -  Model step started
2024_09_22_T18:06:46 -  Model step took 0.004523038864135742 seconds
2024_09_22_T18:06:46 -  Model step started
2024_09_22_T18:06:46 -  Model step took 0.0018358230590820312 seconds
2024_09_22_T18:06:46 -  Model step started
2024_09_22_T18:06:46 -  Model step took 0.0018270015716552734 seconds
2024_09_22_T18:06:46 -  Model step started
2024_09_22_T18:06:46 -  Model step took 0.002619028091430664 seconds
2024_09_22_T18:06:46 -  Model step started
2024_09_22_T18:06:46 -  Model step took 0.0021779537200927734 seconds
2024_09_22_T18:06:46 -  Model step started
2024_09_22_T18:06:46 -  Model step took 0.003612041473388672 seconds
2024_09_22_T18:06:46 -  Model step started
2024_09_22_T18:06:46 -  Model step took 0.002933979034423828 seconds
2024_09_22_T18:06:46 -  Model step started
2024_09_22_T18:06:46 -  Model step took 0.0018200874328613281 seconds
2024_09_22_T18:06:46 -  Model step started
2024_09_22_T18:06:46 -  Model step took 0.002385854721069336 seconds
2024_09_22_T18:06:46 -  Model step started
2024_09_22_T18:06:46 -  Model step took 0.002713918685913086 seconds
2024_09_22_T18:06:46 -  Model step started
2024_09_22_T18:06:46 -  Model step took 0.0018041133880615234 seconds
2024_09_22_T18:06:46 -  Model step started
2024_09_22_T18:06:46 -  Model step took 0.0018451213836669922 seconds
2024_09_22_T18:06:46 -  Model step started
2024_09_22_T18:06:46 -  Model step took 0.0019240379333496094 seconds
2024_09_22_T18:06:46 -  Model step started
2024_09_22_T18:06:46 -  Model step took 0.004014015197753906 seconds
2024_09_22_T18:06:46 -  Model step started
2024_09_22_T18:06:46 -  Model step took 0.001950979232788086 seconds
2024_09_22_T18:06:46 -  Model step started
2024_09_22_T18:06:46 -  Model step took 0.0032129287719726562 seconds
2024_09_22_T18:06:46 -  Model step started
2024_09_22_T18:06:46 -  Model step took 0.002379894256591797 seconds
2024_09_22_T18:06:46 -  Model step started
2024_09_22_T18:06:46 -  Model step took 0.001802206039428711 seconds
2024_09_22_T18:06:46 -  Model step started
2024_09_22_T18:06:46 -  Model step took 0.003034830093383789 seconds
2024_09_22_T18:06:46 -  Model step started
2024_09_22_T18:06:46 -  Model step took 0.001964092254638672 seconds
2024_09_22_T18:06:46 -  Model step started
2024_09_22_T18:06:46 -  Model step took 0.002296924591064453 seconds
2024_09_22_T18:06:46 -  Model step started
2024_09_22_T18:06:46 -  Model step took 0.002209186553955078 seconds
2024_09_22_T18:06:46 -  Model step started
2024_09_22_T18:06:46 -  Model step took 0.0019440650939941406 seconds
2024_09_22_T18:06:46 -  Model step started
2024_09_22_T18:06:46 -  Model step took 0.002911806106567383 seconds
2024_09_22_T18:06:46 -  Model step started
2024_09_22_T18:06:46 -  Model step took 0.0021560192108154297 seconds
2024_09_22_T18:06:46 -  Model step started
2024_09_22_T18:06:46 -  Model step took 0.0022258758544921875 seconds
2024_09_22_T18:06:46 -  Model step started
2024_09_22_T18:06:46 -  Model step took 0.002288818359375 seconds
2024_09_22_T18:06:46 -  Model step started
2024_09_22_T18:06:46 -  Model step took 0.0019998550415039062 seconds
2024_09_22_T18:06:46 -  Model step started
2024_09_22_T18:06:46 -  Model step took 0.002412080764770508 seconds
2024_09_22_T18:06:46 -  Model step started
2024_09_22_T18:06:46 -  Model step took 0.0027861595153808594 seconds
2024_09_22_T18:06:46 -  Model step started
2024_09_22_T18:06:46 -  Model step took 0.002334117889404297 seconds
2024_09_22_T18:06:46 -  Model step started
2024_09_22_T18:06:46 -  Model step took 0.0025320053100585938 seconds
2024_09_22_T18:06:46 -  Model step started
2024_09_22_T18:06:46 -  Model step took 0.002669095993041992 seconds
2024_09_22_T18:06:46 -  Model step started
2024_09_22_T18:06:46 -  Model step took 0.002466917037963867 seconds
2024_09_22_T18:06:46 -  Model step started
2024_09_22_T18:06:46 -  Model step took 0.002164125442504883 seconds
2024_09_22_T18:06:46 -  Model step started
2024_09_22_T18:06:46 -  Model step took 0.0020341873168945312 seconds
2024_09_22_T18:06:46 -  Model step started
2024_09_22_T18:06:46 -  Model step took 0.002109050750732422 seconds
2024_09_22_T18:06:46 -  Model step started
2024_09_22_T18:06:46 -  Model step took 0.0019750595092773438 seconds
2024_09_22_T18:06:46 -  Model step started
2024_09_22_T18:06:46 -  Model step took 0.002640962600708008 seconds
2024_09_22_T18:06:46 -  Model step started
2024_09_22_T18:06:46 -  Model step took 0.0019860267639160156 seconds
2024_09_22_T18:06:46 -  Model step started
2024_09_22_T18:06:46 -  Model step took 0.002109050750732422 seconds
