2024_09_19_T08:07:40 -  finished initateHouses in 0.3495609760284424 seconds
2024_09_19_T08:07:40 -  finished initiateHouseholds in 0.5058600902557373 seconds
2024_09_19_T08:07:40 -  finished assignHousesToHouseholds in 0.6314339637756348 seconds
2024_09_19_T08:08:04 -  Model step started
2024_09_19_T08:08:11 -  Model step took 7.779417991638184 seconds
2024_09_19_T08:08:32 -  Model step started
2024_09_19_T08:08:33 -  Model step took 1.1414330005645752 seconds
2024_09_19_T08:08:53 -  Model step started
2024_09_19_T08:08:54 -  Model step took 1.105463981628418 seconds
2024_09_19_T08:09:14 -  Model step started
2024_09_19_T08:09:14 -  Model step took 0.541079044342041 seconds
2024_09_19_T08:09:35 -  Model step started
2024_09_19_T08:09:35 -  Model step took 0.4891691207885742 seconds
2024_09_19_T08:09:55 -  Model step started
2024_09_19_T08:09:56 -  Model step took 0.4297969341278076 seconds
2024_09_19_T08:10:16 -  Model step started
2024_09_19_T08:10:16 -  Model step took 0.5135021209716797 seconds
2024_09_19_T08:10:37 -  Model step started
2024_09_19_T08:10:37 -  Model step took 0.6445109844207764 seconds
2024_09_19_T08:10:57 -  Model step started
2024_09_19_T08:10:58 -  Model step took 0.49565601348876953 seconds
2024_09_19_T08:11:18 -  Model step started
2024_09_19_T08:11:19 -  Model step took 0.4285919666290283 seconds
2024_09_19_T08:11:39 -  Model step started
2024_09_19_T08:11:40 -  Model step took 0.6274750232696533 seconds
2024_09_19_T08:12:00 -  Model step started
2024_09_19_T08:12:00 -  Model step took 0.418018102645874 seconds
2024_09_19_T08:12:20 -  Model step started
2024_09_19_T08:12:21 -  Model step took 0.4414849281311035 seconds
2024_09_19_T08:12:42 -  Model step started
2024_09_19_T08:12:42 -  Model step took 0.5823180675506592 seconds
2024_09_19_T08:13:03 -  Model step started
2024_09_19_T08:13:03 -  Model step took 0.4096720218658447 seconds
2024_09_19_T08:13:23 -  Model step started
2024_09_19_T08:13:24 -  Model step took 0.6343169212341309 seconds
2024_09_19_T08:13:44 -  Model step started
2024_09_19_T08:13:46 -  Model step took 1.5773160457611084 seconds
2024_09_19_T08:14:06 -  Model step started
2024_09_19_T08:14:07 -  Model step took 1.6241188049316406 seconds
2024_09_19_T08:14:27 -  Model step started
2024_09_19_T08:14:29 -  Model step took 1.6478700637817383 seconds
2024_09_19_T08:14:49 -  Model step started
2024_09_19_T08:14:50 -  Model step took 1.5800340175628662 seconds
2024_09_19_T08:15:10 -  Model step started
2024_09_19_T08:15:12 -  Model step took 1.6714000701904297 seconds
2024_09_19_T08:15:32 -  Model step started
2024_09_19_T08:15:34 -  Model step took 1.9854059219360352 seconds
2024_09_19_T08:15:54 -  Model step started
2024_09_19_T08:15:57 -  Model step took 3.0158209800720215 seconds
2024_09_19_T08:16:17 -  Model step started
2024_09_19_T08:16:20 -  Model step took 2.407014846801758 seconds
2024_09_19_T08:16:41 -  Model step started
2024_09_19_T08:16:44 -  Model step took 3.9128799438476562 seconds
2024_09_19_T08:17:06 -  Model step started
2024_09_19_T08:17:10 -  Model step took 3.917273998260498 seconds
2024_09_19_T08:17:30 -  Model step started
2024_09_19_T08:17:33 -  Model step took 2.8619890213012695 seconds
2024_09_19_T08:17:53 -  Model step started
2024_09_19_T08:17:57 -  Model step took 3.1206560134887695 seconds
2024_09_19_T08:18:17 -  Model step started
2024_09_19_T08:18:19 -  Model step took 1.757798194885254 seconds
2024_09_19_T08:18:38 -  Model step started
2024_09_19_T08:18:39 -  Model step took 0.5131208896636963 seconds
2024_09_19_T08:18:59 -  Model step started
2024_09_19_T08:18:59 -  Model step took 0.11122322082519531 seconds
2024_09_19_T08:19:19 -  Model step started
2024_09_19_T08:19:19 -  Model step took 0.1342911720275879 seconds
2024_09_19_T08:19:39 -  Model step started
2024_09_19_T08:19:39 -  Model step took 0.11545801162719727 seconds
2024_09_19_T08:19:59 -  Model step started
2024_09_19_T08:19:59 -  Model step took 0.17101097106933594 seconds
2024_09_19_T08:20:19 -  Model step started
2024_09_19_T08:20:19 -  Model step took 0.1721501350402832 seconds
2024_09_19_T08:20:39 -  Model step started
2024_09_19_T08:20:39 -  Model step took 0.11438202857971191 seconds
2024_09_19_T08:20:59 -  Model step started
2024_09_19_T08:20:59 -  Model step took 0.11489605903625488 seconds
2024_09_19_T08:21:19 -  Model step started
2024_09_19_T08:21:19 -  Model step took 0.13247203826904297 seconds
2024_09_19_T08:21:39 -  Model step started
2024_09_19_T08:21:39 -  Model step took 0.18152904510498047 seconds
2024_09_19_T08:21:59 -  Model step started
2024_09_19_T08:21:59 -  Model step took 0.16145896911621094 seconds
2024_09_19_T08:22:19 -  Model step started
2024_09_19_T08:22:19 -  Model step took 0.11499309539794922 seconds
2024_09_19_T08:22:39 -  Model step started
2024_09_19_T08:22:39 -  Model step took 0.10953187942504883 seconds
2024_09_19_T08:22:59 -  Model step started
2024_09_19_T08:22:59 -  Model step took 0.12175917625427246 seconds
2024_09_19_T08:23:19 -  Model step started
2024_09_19_T08:23:19 -  Model step took 0.13259601593017578 seconds
2024_09_19_T08:23:39 -  Model step started
2024_09_19_T08:23:39 -  Model step took 0.1077120304107666 seconds
2024_09_19_T08:23:59 -  Model step started
2024_09_19_T08:23:59 -  Model step took 0.1436479091644287 seconds
2024_09_19_T08:24:19 -  Model step started
2024_09_19_T08:24:19 -  Model step took 0.1331629753112793 seconds
2024_09_19_T08:24:39 -  Model step started
2024_09_19_T08:24:39 -  Model step took 0.10502791404724121 seconds
2024_09_19_T08:24:59 -  Model step started
2024_09_19_T08:24:59 -  Model step took 0.15015816688537598 seconds
2024_09_19_T08:25:18 -  Model step started
2024_09_19_T08:25:19 -  Model step took 0.10164189338684082 seconds
2024_09_19_T08:25:39 -  Model step started
2024_09_19_T08:25:39 -  Model step took 0.11998486518859863 seconds
2024_09_19_T08:25:59 -  Model step started
2024_09_19_T08:25:59 -  Model step took 0.12807393074035645 seconds
2024_09_19_T08:26:19 -  Model step started
2024_09_19_T08:26:19 -  Model step took 0.08676290512084961 seconds
2024_09_19_T08:26:39 -  Model step started
2024_09_19_T08:26:39 -  Model step took 0.08637285232543945 seconds
2024_09_19_T08:26:59 -  Model step started
2024_09_19_T08:26:59 -  Model step took 0.0751039981842041 seconds
2024_09_19_T08:27:19 -  Model step started
2024_09_19_T08:27:19 -  Model step took 0.1159510612487793 seconds
2024_09_19_T08:27:39 -  Model step started
2024_09_19_T08:27:39 -  Model step took 0.07517194747924805 seconds
2024_09_19_T08:27:59 -  Model step started
2024_09_19_T08:27:59 -  Model step took 0.12041282653808594 seconds
2024_09_19_T08:28:19 -  Model step started
2024_09_19_T08:28:19 -  Model step took 0.07233309745788574 seconds
2024_09_19_T08:28:39 -  Model step started
2024_09_19_T08:28:39 -  Model step took 0.07432794570922852 seconds
2024_09_19_T08:28:59 -  Model step started
2024_09_19_T08:28:59 -  Model step took 0.09178805351257324 seconds
2024_09_19_T08:29:19 -  Model step started
2024_09_19_T08:29:19 -  Model step took 0.08039712905883789 seconds
2024_09_19_T08:29:39 -  Model step started
2024_09_19_T08:29:39 -  Model step took 0.07525801658630371 seconds
2024_09_19_T08:29:59 -  Model step started
2024_09_19_T08:29:59 -  Model step took 0.08279585838317871 seconds
2024_09_19_T08:30:19 -  Model step started
2024_09_19_T08:30:19 -  Model step took 0.11800813674926758 seconds
2024_09_19_T08:30:39 -  Model step started
2024_09_19_T08:30:39 -  Model step took 0.06759905815124512 seconds
2024_09_19_T08:30:59 -  Model step started
2024_09_19_T08:30:59 -  Model step took 0.09483909606933594 seconds
2024_09_19_T08:31:19 -  Model step started
2024_09_19_T08:31:19 -  Model step took 0.08352279663085938 seconds
2024_09_19_T08:31:39 -  Model step started
2024_09_19_T08:31:39 -  Model step took 0.10307502746582031 seconds
2024_09_19_T08:31:59 -  Model step started
2024_09_19_T08:31:59 -  Model step took 0.09122490882873535 seconds
2024_09_19_T08:32:17 -  Model step started
2024_09_19_T08:32:18 -  Model step took 0.09058809280395508 seconds
2024_09_19_T08:32:37 -  Model step started
2024_09_19_T08:32:38 -  Model step took 0.11992001533508301 seconds
2024_09_19_T08:32:57 -  Model step started
2024_09_19_T08:32:58 -  Model step took 0.09927797317504883 seconds
2024_09_19_T08:33:17 -  Model step started
2024_09_19_T08:33:17 -  Model step took 0.08658003807067871 seconds
2024_09_19_T08:33:37 -  Model step started
2024_09_19_T08:33:37 -  Model step took 0.1091470718383789 seconds
2024_09_19_T08:33:57 -  Model step started
2024_09_19_T08:33:57 -  Model step took 0.09864020347595215 seconds
2024_09_19_T08:34:17 -  Model step started
2024_09_19_T08:34:17 -  Model step took 0.11864686012268066 seconds
2024_09_19_T08:34:38 -  Model step started
2024_09_19_T08:34:38 -  Model step took 0.06938505172729492 seconds
2024_09_19_T08:34:58 -  Model step started
2024_09_19_T08:34:58 -  Model step took 0.0920710563659668 seconds
2024_09_19_T08:35:18 -  Model step started
2024_09_19_T08:35:18 -  Model step took 0.07585906982421875 seconds
2024_09_19_T08:35:38 -  Model step started
2024_09_19_T08:35:38 -  Model step took 0.11476016044616699 seconds
2024_09_19_T08:35:58 -  Model step started
2024_09_19_T08:35:58 -  Model step took 0.11903882026672363 seconds
2024_09_19_T08:36:18 -  Model step started
2024_09_19_T08:36:18 -  Model step took 0.1121981143951416 seconds
2024_09_19_T08:36:38 -  Model step started
2024_09_19_T08:36:38 -  Model step took 0.07475090026855469 seconds
2024_09_19_T08:36:58 -  Model step started
2024_09_19_T08:36:58 -  Model step took 0.08482217788696289 seconds
2024_09_19_T08:37:18 -  Model step started
2024_09_19_T08:37:18 -  Model step took 0.12466001510620117 seconds
2024_09_19_T08:37:38 -  Model step started
2024_09_19_T08:37:38 -  Model step took 0.08868002891540527 seconds
2024_09_19_T08:37:58 -  Model step started
2024_09_19_T08:37:58 -  Model step took 0.08359813690185547 seconds
2024_09_19_T08:38:18 -  Model step started
2024_09_19_T08:38:19 -  Model step took 0.09093880653381348 seconds
2024_09_19_T08:38:38 -  Model step started
2024_09_19_T08:38:39 -  Model step took 0.07731795310974121 seconds
2024_09_19_T08:38:59 -  Model step started
2024_09_19_T08:38:59 -  Model step took 0.13147807121276855 seconds
2024_09_19_T08:39:19 -  Model step started
2024_09_19_T08:39:19 -  Model step took 0.11672210693359375 seconds
2024_09_19_T08:39:39 -  Model step started
2024_09_19_T08:39:39 -  Model step took 0.10363912582397461 seconds
2024_09_19_T08:39:59 -  Model step started
2024_09_19_T08:39:59 -  Model step took 0.14134502410888672 seconds
2024_09_19_T08:40:19 -  Model step started
2024_09_19_T08:40:19 -  Model step took 0.09622001647949219 seconds
2024_09_19_T08:40:39 -  Model step started
2024_09_19_T08:40:39 -  Model step took 0.08526086807250977 seconds
2024_09_19_T08:40:59 -  Model step started
2024_09_19_T08:41:00 -  Model step took 0.13229799270629883 seconds
2024_09_19_T08:41:20 -  Model step started
2024_09_19_T08:41:20 -  Model step took 0.1182868480682373 seconds
2024_09_19_T08:41:40 -  Model step started
2024_09_19_T08:41:40 -  Model step took 0.07867097854614258 seconds
2024_09_19_T08:42:00 -  Model step started
2024_09_19_T08:42:00 -  Model step took 0.1272289752960205 seconds
2024_09_19_T08:42:20 -  Model step started
2024_09_19_T08:42:20 -  Model step took 0.08402204513549805 seconds
2024_09_19_T08:42:40 -  Model step started
2024_09_19_T08:42:40 -  Model step took 0.09315109252929688 seconds
2024_09_19_T08:43:00 -  Model step started
2024_09_19_T08:43:00 -  Model step took 0.11515998840332031 seconds
2024_09_19_T08:43:21 -  Model step started
2024_09_19_T08:43:21 -  Model step took 0.09598684310913086 seconds
2024_09_19_T08:43:41 -  Model step started
2024_09_19_T08:43:41 -  Model step took 0.08813619613647461 seconds
2024_09_19_T08:44:01 -  Model step started
2024_09_19_T08:44:01 -  Model step took 0.08704280853271484 seconds
2024_09_19_T08:44:21 -  Model step started
2024_09_19_T08:44:21 -  Model step took 0.08713793754577637 seconds
2024_09_19_T08:44:41 -  Model step started
2024_09_19_T08:44:41 -  Model step took 0.12840914726257324 seconds
2024_09_19_T08:45:02 -  Model step started
2024_09_19_T08:45:02 -  Model step took 0.15842008590698242 seconds
2024_09_19_T08:45:22 -  Model step started
2024_09_19_T08:45:22 -  Model step took 0.1279289722442627 seconds
2024_09_19_T08:45:42 -  Model step started
2024_09_19_T08:45:42 -  Model step took 0.09465217590332031 seconds
2024_09_19_T08:46:03 -  Model step started
2024_09_19_T08:46:03 -  Model step took 0.10034608840942383 seconds
2024_09_19_T08:46:23 -  Model step started
2024_09_19_T08:46:23 -  Model step took 0.09905099868774414 seconds
2024_09_19_T08:46:43 -  Model step started
2024_09_19_T08:46:43 -  Model step took 0.11142683029174805 seconds
2024_09_19_T08:47:03 -  Model step started
2024_09_19_T08:47:03 -  Model step took 0.11160492897033691 seconds
2024_09_19_T08:47:23 -  Model step started
2024_09_19_T08:47:23 -  Model step took 0.09051895141601562 seconds
2024_09_19_T08:47:43 -  Model step started
2024_09_19_T08:47:43 -  Model step took 0.08180809020996094 seconds
2024_09_19_T08:48:03 -  Model step started
2024_09_19_T08:48:04 -  Model step took 0.13360309600830078 seconds
2024_09_19_T08:48:24 -  Model step started
2024_09_19_T08:48:24 -  Model step took 0.12490391731262207 seconds
2024_09_19_T08:48:44 -  Model step started
2024_09_19_T08:48:44 -  Model step took 0.16883301734924316 seconds
2024_09_19_T08:49:04 -  Model step started
2024_09_19_T08:49:04 -  Model step took 0.08813881874084473 seconds
2024_09_19_T08:49:24 -  Model step started
2024_09_19_T08:49:24 -  Model step took 0.0935828685760498 seconds
2024_09_19_T08:49:44 -  Model step started
2024_09_19_T08:49:44 -  Model step took 0.09001994132995605 seconds
2024_09_19_T08:50:04 -  Model step started
2024_09_19_T08:50:04 -  Model step took 0.08919000625610352 seconds
2024_09_19_T08:50:25 -  Model step started
2024_09_19_T08:50:25 -  Model step took 0.13243818283081055 seconds
2024_09_19_T08:50:45 -  Model step started
2024_09_19_T08:50:45 -  Model step took 0.12566399574279785 seconds
2024_09_19_T08:51:05 -  Model step started
2024_09_19_T08:51:05 -  Model step took 0.16274595260620117 seconds
2024_09_19_T08:51:25 -  Model step started
2024_09_19_T08:51:25 -  Model step took 0.09007406234741211 seconds
2024_09_19_T08:51:45 -  Model step started
2024_09_19_T08:51:46 -  Model step took 0.12323713302612305 seconds
2024_09_19_T08:52:06 -  Model step started
2024_09_19_T08:52:06 -  Model step took 0.14025402069091797 seconds
2024_09_19_T08:52:26 -  Model step started
2024_09_19_T08:52:26 -  Model step took 0.09304308891296387 seconds
2024_09_19_T08:52:46 -  Model step started
2024_09_19_T08:52:46 -  Model step took 0.09994196891784668 seconds
2024_09_19_T08:53:06 -  Model step started
2024_09_19_T08:53:06 -  Model step took 0.09724187850952148 seconds
2024_09_19_T08:53:27 -  Model step started
2024_09_19_T08:53:27 -  Model step took 0.10075902938842773 seconds
2024_09_19_T08:53:47 -  Model step started
2024_09_19_T08:53:47 -  Model step took 0.09981489181518555 seconds
2024_09_19_T08:54:07 -  Model step started
2024_09_19_T08:54:07 -  Model step took 0.08933401107788086 seconds
2024_09_19_T08:54:27 -  Model step started
2024_09_19_T08:54:27 -  Model step took 0.08834099769592285 seconds
2024_09_19_T08:54:48 -  Model step started
2024_09_19_T08:54:48 -  Model step took 0.09857702255249023 seconds
2024_09_19_T08:55:08 -  Model step started
2024_09_19_T08:55:08 -  Model step took 0.11012387275695801 seconds
2024_09_19_T08:55:28 -  Model step started
2024_09_19_T08:55:29 -  Model step took 0.14949417114257812 seconds
2024_09_19_T08:55:49 -  Model step started
2024_09_19_T08:55:49 -  Model step took 0.09502696990966797 seconds
2024_09_19_T08:56:09 -  Model step started
2024_09_19_T08:56:09 -  Model step took 0.1043238639831543 seconds
2024_09_19_T08:56:30 -  Model step started
2024_09_19_T08:56:30 -  Model step took 0.09578084945678711 seconds
2024_09_19_T08:56:50 -  Model step started
2024_09_19_T08:56:50 -  Model step took 0.1100001335144043 seconds
2024_09_19_T08:57:11 -  Model step started
2024_09_19_T08:57:11 -  Model step took 0.0946660041809082 seconds
2024_09_19_T08:57:31 -  Model step started
2024_09_19_T08:57:31 -  Model step took 0.12215709686279297 seconds
2024_09_19_T08:57:52 -  Model step started
2024_09_19_T08:57:52 -  Model step took 0.09903693199157715 seconds
2024_09_19_T08:58:12 -  Model step started
2024_09_19_T08:58:12 -  Model step took 0.1095728874206543 seconds
2024_09_19_T08:58:32 -  Model step started
2024_09_19_T08:58:33 -  Model step took 0.09837889671325684 seconds
2024_09_19_T08:58:53 -  Model step started
2024_09_19_T08:58:53 -  Model step took 0.09598898887634277 seconds
2024_09_19_T08:59:13 -  Model step started
2024_09_19_T08:59:14 -  Model step took 0.1305370330810547 seconds
2024_09_19_T08:59:34 -  Model step started
2024_09_19_T08:59:34 -  Model step took 0.09794807434082031 seconds
2024_09_19_T08:59:55 -  Model step started
2024_09_19_T08:59:55 -  Model step took 0.09468793869018555 seconds
2024_09_19_T09:00:15 -  Model step started
2024_09_19_T09:00:15 -  Model step took 0.12195801734924316 seconds
2024_09_19_T09:00:36 -  Model step started
2024_09_19_T09:00:36 -  Model step took 0.09735417366027832 seconds
2024_09_19_T09:00:56 -  Model step started
2024_09_19_T09:00:56 -  Model step took 0.1218268871307373 seconds
2024_09_19_T09:01:17 -  Model step started
2024_09_19_T09:01:17 -  Model step took 0.09777688980102539 seconds
2024_09_19_T09:01:37 -  Model step started
2024_09_19_T09:01:38 -  Model step took 0.1041569709777832 seconds
2024_09_19_T09:01:58 -  Model step started
2024_09_19_T09:01:58 -  Model step took 0.10593795776367188 seconds
2024_09_19_T09:02:18 -  Model step started
2024_09_19_T09:02:18 -  Model step took 0.10305404663085938 seconds
2024_09_19_T09:02:39 -  Model step started
2024_09_19_T09:02:39 -  Model step took 0.10209202766418457 seconds
2024_09_19_T09:02:59 -  Model step started
2024_09_19_T09:02:59 -  Model step took 0.09577298164367676 seconds
2024_09_19_T09:03:20 -  Model step started
2024_09_19_T09:03:20 -  Model step took 0.1374809741973877 seconds
2024_09_19_T09:03:40 -  Model step started
2024_09_19_T09:03:40 -  Model step took 0.15526199340820312 seconds
2024_09_19_T09:04:00 -  Model step started
2024_09_19_T09:04:01 -  Model step took 0.10456585884094238 seconds
2024_09_19_T09:04:21 -  Model step started
2024_09_19_T09:04:21 -  Model step took 0.1051630973815918 seconds
2024_09_19_T09:04:41 -  Model step started
2024_09_19_T09:04:41 -  Model step took 0.1242380142211914 seconds
2024_09_19_T09:05:01 -  Model step started
2024_09_19_T09:05:01 -  Model step took 0.10517597198486328 seconds
2024_09_19_T09:05:21 -  Model step started
2024_09_19_T09:05:21 -  Model step took 0.10512018203735352 seconds
2024_09_19_T09:05:41 -  Model step started
2024_09_19_T09:05:41 -  Model step took 0.16446900367736816 seconds
2024_09_19_T09:06:01 -  Model step started
2024_09_19_T09:06:01 -  Model step took 0.09273815155029297 seconds
2024_09_19_T09:06:21 -  Model step started
2024_09_19_T09:06:21 -  Model step took 0.09816193580627441 seconds
2024_09_19_T09:06:41 -  Model step started
2024_09_19_T09:06:42 -  Model step took 0.12874102592468262 seconds
2024_09_19_T09:07:02 -  Model step started
2024_09_19_T09:07:02 -  Model step took 0.12920308113098145 seconds
2024_09_19_T09:07:22 -  Model step started
2024_09_19_T09:07:22 -  Model step took 0.09753799438476562 seconds
2024_09_19_T09:07:42 -  Model step started
2024_09_19_T09:07:42 -  Model step took 0.10965490341186523 seconds
2024_09_19_T09:08:02 -  Model step started
2024_09_19_T09:08:02 -  Model step took 0.10366296768188477 seconds
2024_09_19_T09:08:22 -  Model step started
2024_09_19_T09:08:23 -  Model step took 0.09891104698181152 seconds
2024_09_19_T09:08:43 -  Model step started
2024_09_19_T09:08:43 -  Model step took 0.10494685173034668 seconds
2024_09_19_T09:09:03 -  Model step started
2024_09_19_T09:09:03 -  Model step took 0.132904052734375 seconds
2024_09_19_T09:09:23 -  Model step started
2024_09_19_T09:09:23 -  Model step took 0.10420513153076172 seconds
2024_09_19_T09:09:43 -  Model step started
2024_09_19_T09:09:43 -  Model step took 0.17079997062683105 seconds
2024_09_19_T09:10:04 -  Model step started
2024_09_19_T09:10:04 -  Model step took 0.10762500762939453 seconds
2024_09_19_T09:10:24 -  Model step started
2024_09_19_T09:10:24 -  Model step took 0.13940191268920898 seconds
2024_09_19_T09:10:44 -  Model step started
2024_09_19_T09:10:44 -  Model step took 0.14510202407836914 seconds
2024_09_19_T09:11:05 -  Model step started
2024_09_19_T09:11:05 -  Model step took 0.1381549835205078 seconds
2024_09_19_T09:11:25 -  Model step started
2024_09_19_T09:11:25 -  Model step took 0.19143199920654297 seconds
2024_09_19_T09:11:45 -  Model step started
2024_09_19_T09:11:45 -  Model step took 0.14452290534973145 seconds
2024_09_19_T09:12:05 -  Model step started
2024_09_19_T09:12:05 -  Model step took 0.18903613090515137 seconds
2024_09_19_T09:12:26 -  Model step started
2024_09_19_T09:12:26 -  Model step took 0.13677310943603516 seconds
2024_09_19_T09:12:46 -  Model step started
2024_09_19_T09:12:46 -  Model step took 0.13578391075134277 seconds
2024_09_19_T09:13:06 -  Model step started
2024_09_19_T09:13:06 -  Model step took 0.11138105392456055 seconds
2024_09_19_T09:13:27 -  Model step started
2024_09_19_T09:13:27 -  Model step took 0.12054300308227539 seconds
2024_09_19_T09:13:47 -  Model step started
2024_09_19_T09:13:47 -  Model step took 0.1271820068359375 seconds
2024_09_19_T09:14:07 -  Model step started
2024_09_19_T09:14:07 -  Model step took 0.16732501983642578 seconds
2024_09_19_T09:14:27 -  Model step started
2024_09_19_T09:14:27 -  Model step took 0.10509300231933594 seconds
2024_09_19_T09:14:47 -  Model step started
2024_09_19_T09:14:47 -  Model step took 0.20246410369873047 seconds
2024_09_19_T09:15:07 -  Model step started
2024_09_19_T09:15:07 -  Model step took 0.11515498161315918 seconds
2024_09_19_T09:15:27 -  Model step started
2024_09_19_T09:15:27 -  Model step took 0.11128807067871094 seconds
2024_09_19_T09:15:47 -  Model step started
2024_09_19_T09:15:47 -  Model step took 0.12955999374389648 seconds
2024_09_19_T09:16:07 -  Model step started
2024_09_19_T09:16:08 -  Model step took 0.10999894142150879 seconds
2024_09_19_T09:16:27 -  Model step started
2024_09_19_T09:16:28 -  Model step took 0.11668801307678223 seconds
2024_09_19_T09:16:48 -  Model step started
2024_09_19_T09:16:48 -  Model step took 0.13268303871154785 seconds
2024_09_19_T09:17:08 -  Model step started
2024_09_19_T09:17:08 -  Model step took 0.15466904640197754 seconds
2024_09_19_T09:17:28 -  Model step started
2024_09_19_T09:17:28 -  Model step took 0.12707901000976562 seconds
2024_09_19_T09:17:48 -  Model step started
2024_09_19_T09:17:48 -  Model step took 0.13877105712890625 seconds
2024_09_19_T09:18:08 -  Model step started
2024_09_19_T09:18:08 -  Model step took 0.1732480525970459 seconds
2024_09_19_T09:18:28 -  Model step started
2024_09_19_T09:18:28 -  Model step took 0.1175379753112793 seconds
2024_09_19_T09:18:48 -  Model step started
2024_09_19_T09:18:48 -  Model step took 0.12507200241088867 seconds
2024_09_19_T09:19:08 -  Model step started
2024_09_19_T09:19:08 -  Model step took 0.12255406379699707 seconds
2024_09_19_T09:19:28 -  Model step started
2024_09_19_T09:19:28 -  Model step took 0.18407893180847168 seconds
2024_09_19_T09:19:48 -  Model step started
2024_09_19_T09:19:48 -  Model step took 0.15288996696472168 seconds
2024_09_19_T09:20:08 -  Model step started
2024_09_19_T09:20:08 -  Model step took 0.12988591194152832 seconds
2024_09_19_T09:20:28 -  Model step started
2024_09_19_T09:20:28 -  Model step took 0.11587786674499512 seconds
2024_09_19_T09:20:48 -  Model step started
2024_09_19_T09:20:49 -  Model step took 0.12181615829467773 seconds
2024_09_19_T09:21:09 -  Model step started
2024_09_19_T09:21:09 -  Model step took 0.12019491195678711 seconds
2024_09_19_T09:21:29 -  Model step started
2024_09_19_T09:21:29 -  Model step took 0.15135717391967773 seconds
2024_09_19_T09:21:49 -  Model step started
2024_09_19_T09:21:49 -  Model step took 0.12437081336975098 seconds
2024_09_19_T09:22:09 -  Model step started
2024_09_19_T09:22:09 -  Model step took 0.12074685096740723 seconds
2024_09_19_T09:22:29 -  Model step started
2024_09_19_T09:22:29 -  Model step took 0.11166119575500488 seconds
2024_09_19_T09:22:48 -  Model step started
2024_09_19_T09:22:49 -  Model step took 0.17092609405517578 seconds
2024_09_19_T09:23:08 -  Model step started
2024_09_19_T09:23:08 -  Model step took 0.11916804313659668 seconds
2024_09_19_T09:23:28 -  Model step started
2024_09_19_T09:23:28 -  Model step took 0.18191814422607422 seconds
2024_09_19_T09:23:48 -  Model step started
2024_09_19_T09:23:48 -  Model step took 0.12188887596130371 seconds
2024_09_19_T09:24:08 -  Model step started
2024_09_19_T09:24:08 -  Model step took 0.12566685676574707 seconds
2024_09_19_T09:24:27 -  Model step started
2024_09_19_T09:24:28 -  Model step took 0.1354520320892334 seconds
2024_09_19_T09:24:47 -  Model step started
2024_09_19_T09:24:47 -  Model step took 0.14415383338928223 seconds
2024_09_19_T09:25:07 -  Model step started
2024_09_19_T09:25:07 -  Model step took 0.14050793647766113 seconds
2024_09_19_T09:25:27 -  Model step started
2024_09_19_T09:25:27 -  Model step took 0.12027692794799805 seconds
2024_09_19_T09:25:47 -  Model step started
2024_09_19_T09:25:47 -  Model step took 0.12486600875854492 seconds
2024_09_19_T09:26:07 -  Model step started
2024_09_19_T09:26:07 -  Model step took 0.12957191467285156 seconds
2024_09_19_T09:26:27 -  Model step started
2024_09_19_T09:26:27 -  Model step took 0.14031004905700684 seconds
2024_09_19_T09:26:47 -  Model step started
2024_09_19_T09:26:47 -  Model step took 0.20276999473571777 seconds
2024_09_19_T09:27:07 -  Model step started
2024_09_19_T09:27:07 -  Model step took 0.18437600135803223 seconds
2024_09_19_T09:27:27 -  Model step started
2024_09_19_T09:27:27 -  Model step took 0.16170692443847656 seconds
2024_09_19_T09:27:47 -  Model step started
2024_09_19_T09:27:47 -  Model step took 0.13260102272033691 seconds
2024_09_19_T09:28:07 -  Model step started
2024_09_19_T09:28:07 -  Model step took 0.14389395713806152 seconds
2024_09_19_T09:28:27 -  Model step started
2024_09_19_T09:28:27 -  Model step took 0.14067888259887695 seconds
2024_09_19_T09:28:47 -  Model step started
2024_09_19_T09:28:47 -  Model step took 0.17336797714233398 seconds
2024_09_19_T09:29:06 -  Model step started
2024_09_19_T09:29:06 -  Model step took 0.13271093368530273 seconds
2024_09_19_T09:29:26 -  Model step started
2024_09_19_T09:29:26 -  Model step took 0.12642598152160645 seconds
2024_09_19_T09:29:45 -  Model step started
2024_09_19_T09:29:46 -  Model step took 0.12721681594848633 seconds
2024_09_19_T09:30:05 -  Model step started
2024_09_19_T09:30:05 -  Model step took 0.12553715705871582 seconds
2024_09_19_T09:30:25 -  Model step started
2024_09_19_T09:30:25 -  Model step took 0.12438201904296875 seconds
2024_09_19_T09:30:44 -  Model step started
2024_09_19_T09:30:44 -  Model step took 0.23144817352294922 seconds
2024_09_19_T09:31:04 -  Model step started
2024_09_19_T09:31:04 -  Model step took 0.14602398872375488 seconds
2024_09_19_T09:31:24 -  Model step started
2024_09_19_T09:31:24 -  Model step took 0.1659998893737793 seconds
2024_09_19_T09:31:43 -  Model step started
2024_09_19_T09:31:43 -  Model step took 0.11941814422607422 seconds
2024_09_19_T09:32:03 -  Model step started
2024_09_19_T09:32:03 -  Model step took 0.12241387367248535 seconds
2024_09_19_T09:32:22 -  Model step started
2024_09_19_T09:32:22 -  Model step took 0.12877416610717773 seconds
2024_09_19_T09:32:42 -  Model step started
2024_09_19_T09:32:42 -  Model step took 0.18200087547302246 seconds
2024_09_19_T09:33:02 -  Model step started
2024_09_19_T09:33:02 -  Model step took 0.21408700942993164 seconds
2024_09_19_T09:33:21 -  Model step started
2024_09_19_T09:33:22 -  Model step took 0.1304159164428711 seconds
2024_09_19_T09:33:41 -  Model step started
2024_09_19_T09:33:41 -  Model step took 0.13279104232788086 seconds
2024_09_19_T09:34:01 -  Model step started
2024_09_19_T09:34:01 -  Model step took 0.12770295143127441 seconds
2024_09_19_T09:34:20 -  Model step started
2024_09_19_T09:34:20 -  Model step took 0.218095064163208 seconds
2024_09_19_T09:34:40 -  Model step started
2024_09_19_T09:34:40 -  Model step took 0.1462099552154541 seconds
2024_09_19_T09:35:00 -  Model step started
2024_09_19_T09:35:00 -  Model step took 0.12546086311340332 seconds
2024_09_19_T09:35:19 -  Model step started
2024_09_19_T09:35:19 -  Model step took 0.15368008613586426 seconds
2024_09_19_T09:35:39 -  Model step started
2024_09_19_T09:35:39 -  Model step took 0.12601017951965332 seconds
2024_09_19_T09:35:58 -  Model step started
2024_09_19_T09:35:59 -  Model step took 0.14188694953918457 seconds
2024_09_19_T09:36:18 -  Model step started
2024_09_19_T09:36:18 -  Model step took 0.15329813957214355 seconds
2024_09_19_T09:36:38 -  Model step started
2024_09_19_T09:36:38 -  Model step took 0.12025785446166992 seconds
2024_09_19_T09:36:57 -  Model step started
2024_09_19_T09:36:57 -  Model step took 0.1363050937652588 seconds
2024_09_19_T09:37:17 -  Model step started
2024_09_19_T09:37:17 -  Model step took 0.18584680557250977 seconds
2024_09_19_T09:37:37 -  Model step started
2024_09_19_T09:37:37 -  Model step took 0.12986397743225098 seconds
2024_09_19_T09:37:56 -  Model step started
2024_09_19_T09:37:57 -  Model step took 0.15637898445129395 seconds
2024_09_19_T09:38:16 -  Model step started
2024_09_19_T09:38:16 -  Model step took 0.12935590744018555 seconds
2024_09_19_T09:38:36 -  Model step started
2024_09_19_T09:38:36 -  Model step took 0.1505289077758789 seconds
2024_09_19_T09:38:56 -  Model step started
2024_09_19_T09:38:56 -  Model step took 0.17809700965881348 seconds
2024_09_19_T09:39:15 -  Model step started
2024_09_19_T09:39:16 -  Model step took 0.24755191802978516 seconds
2024_09_19_T09:39:35 -  Model step started
2024_09_19_T09:39:35 -  Model step took 0.1601428985595703 seconds
2024_09_19_T09:39:54 -  Model step started
2024_09_19_T09:39:55 -  Model step took 0.17614412307739258 seconds
2024_09_19_T09:40:14 -  Model step started
2024_09_19_T09:40:14 -  Model step took 0.14130616188049316 seconds
2024_09_19_T09:40:33 -  Model step started
2024_09_19_T09:40:34 -  Model step took 0.16351699829101562 seconds
2024_09_19_T09:40:53 -  Model step started
2024_09_19_T09:40:53 -  Model step took 0.22134113311767578 seconds
2024_09_19_T09:41:12 -  Model step started
2024_09_19_T09:41:12 -  Model step took 0.14184880256652832 seconds
2024_09_19_T09:41:31 -  Model step started
2024_09_19_T09:41:32 -  Model step took 0.13864994049072266 seconds
2024_09_19_T09:41:51 -  Model step started
2024_09_19_T09:41:51 -  Model step took 0.19593596458435059 seconds
2024_09_19_T09:42:10 -  Model step started
2024_09_19_T09:42:10 -  Model step took 0.15703511238098145 seconds
2024_09_19_T09:42:29 -  Model step started
2024_09_19_T09:42:29 -  Model step took 0.21630120277404785 seconds
2024_09_19_T09:42:49 -  Model step started
2024_09_19_T09:42:49 -  Model step took 0.1386101245880127 seconds
2024_09_19_T09:43:08 -  Model step started
2024_09_19_T09:43:08 -  Model step took 0.13726496696472168 seconds
2024_09_19_T09:43:28 -  Model step started
2024_09_19_T09:43:28 -  Model step took 0.14985084533691406 seconds
2024_09_19_T09:43:47 -  Model step started
2024_09_19_T09:43:47 -  Model step took 0.23011398315429688 seconds
2024_09_19_T09:44:06 -  Model step started
2024_09_19_T09:44:06 -  Model step took 0.1979200839996338 seconds
2024_09_19_T09:44:25 -  Model step started
2024_09_19_T09:44:26 -  Model step took 0.22034406661987305 seconds
2024_09_19_T09:44:45 -  Model step started
2024_09_19_T09:44:45 -  Model step took 0.12852811813354492 seconds
2024_09_19_T09:45:04 -  Model step started
2024_09_19_T09:45:05 -  Model step took 0.16222500801086426 seconds
2024_09_19_T09:45:24 -  Model step started
2024_09_19_T09:45:24 -  Model step took 0.13585901260375977 seconds
2024_09_19_T09:45:43 -  Model step started
2024_09_19_T09:45:43 -  Model step took 0.15555596351623535 seconds
2024_09_19_T09:46:03 -  Model step started
2024_09_19_T09:46:03 -  Model step took 0.1396169662475586 seconds
2024_09_19_T09:46:22 -  Model step started
2024_09_19_T09:46:22 -  Model step took 0.12823009490966797 seconds
2024_09_19_T09:46:41 -  Model step started
2024_09_19_T09:46:41 -  Model step took 0.13808298110961914 seconds
2024_09_19_T09:47:01 -  Model step started
2024_09_19_T09:47:01 -  Model step took 0.12159585952758789 seconds
2024_09_19_T09:47:20 -  Model step started
2024_09_19_T09:47:20 -  Model step took 0.1505141258239746 seconds
2024_09_19_T09:47:40 -  Model step started
2024_09_19_T09:47:40 -  Model step took 0.14616894721984863 seconds
2024_09_19_T09:47:59 -  Model step started
2024_09_19_T09:47:59 -  Model step took 0.17885994911193848 seconds
2024_09_19_T09:48:18 -  Model step started
2024_09_19_T09:48:19 -  Model step took 0.18071699142456055 seconds
2024_09_19_T09:48:38 -  Model step started
2024_09_19_T09:48:38 -  Model step took 0.17278003692626953 seconds
2024_09_19_T09:48:57 -  Model step started
2024_09_19_T09:48:57 -  Model step took 0.13243317604064941 seconds
2024_09_19_T09:49:16 -  Model step started
2024_09_19_T09:49:16 -  Model step took 0.12889981269836426 seconds
2024_09_19_T09:49:35 -  Model step started
2024_09_19_T09:49:35 -  Model step took 0.19084692001342773 seconds
2024_09_19_T09:49:54 -  Model step started
2024_09_19_T09:49:54 -  Model step took 0.20050692558288574 seconds
2024_09_19_T09:50:13 -  Model step started
2024_09_19_T09:50:13 -  Model step took 0.17781996726989746 seconds
2024_09_19_T09:50:32 -  Model step started
2024_09_19_T09:50:32 -  Model step took 0.13550305366516113 seconds
2024_09_19_T09:50:51 -  Model step started
2024_09_19_T09:50:51 -  Model step took 0.17922210693359375 seconds
2024_09_19_T09:51:10 -  Model step started
2024_09_19_T09:51:10 -  Model step took 0.1340348720550537 seconds
2024_09_19_T09:51:29 -  Model step started
2024_09_19_T09:51:30 -  Model step took 0.13206100463867188 seconds
2024_09_19_T09:51:48 -  Model step started
2024_09_19_T09:51:49 -  Model step took 0.13298583030700684 seconds
2024_09_19_T09:52:08 -  Model step started
2024_09_19_T09:52:08 -  Model step took 0.18708109855651855 seconds
2024_09_19_T09:52:27 -  Model step started
2024_09_19_T09:52:27 -  Model step took 0.1432030200958252 seconds
2024_09_19_T09:52:45 -  Model step started
2024_09_19_T09:52:46 -  Model step took 0.1643531322479248 seconds
2024_09_19_T09:53:05 -  Model step started
2024_09_19_T09:53:05 -  Model step took 0.14968204498291016 seconds
2024_09_19_T09:53:24 -  Model step started
2024_09_19_T09:53:24 -  Model step took 0.17017889022827148 seconds
2024_09_19_T09:53:43 -  Model step started
2024_09_19_T09:53:43 -  Model step took 0.1573488712310791 seconds
2024_09_19_T09:54:02 -  Model step started
2024_09_19_T09:54:02 -  Model step took 0.13568687438964844 seconds
2024_09_19_T09:54:21 -  Model step started
2024_09_19_T09:54:21 -  Model step took 0.13772296905517578 seconds
2024_09_19_T09:54:40 -  Model step started
2024_09_19_T09:54:40 -  Model step took 0.15955209732055664 seconds
2024_09_19_T09:54:59 -  Model step started
2024_09_19_T09:54:59 -  Model step took 0.17901992797851562 seconds
2024_09_19_T09:55:18 -  Model step started
2024_09_19_T09:55:18 -  Model step took 0.20372414588928223 seconds
2024_09_19_T09:55:37 -  Model step started
2024_09_19_T09:55:37 -  Model step took 0.14230799674987793 seconds
2024_09_19_T09:55:56 -  Model step started
2024_09_19_T09:55:56 -  Model step took 0.18838095664978027 seconds
2024_09_19_T09:56:15 -  Model step started
2024_09_19_T09:56:15 -  Model step took 0.16313505172729492 seconds
2024_09_19_T09:56:34 -  Model step started
2024_09_19_T09:56:34 -  Model step took 0.14310002326965332 seconds
2024_09_19_T09:56:53 -  Model step started
2024_09_19_T09:56:53 -  Model step took 0.1472020149230957 seconds
2024_09_19_T09:57:12 -  Model step started
2024_09_19_T09:57:12 -  Model step took 0.151839017868042 seconds
2024_09_19_T09:57:31 -  Model step started
2024_09_19_T09:57:31 -  Model step took 0.16660189628601074 seconds
2024_09_19_T09:57:50 -  Model step started
2024_09_19_T09:57:50 -  Model step took 0.16779112815856934 seconds
2024_09_19_T09:58:09 -  Model step started
2024_09_19_T09:58:09 -  Model step took 0.13799405097961426 seconds
2024_09_19_T09:58:28 -  Model step started
2024_09_19_T09:58:28 -  Model step took 0.1512751579284668 seconds
2024_09_19_T09:58:47 -  Model step started
2024_09_19_T09:58:47 -  Model step took 0.1423330307006836 seconds
2024_09_19_T09:59:06 -  Model step started
2024_09_19_T09:59:06 -  Model step took 0.2354280948638916 seconds
2024_09_19_T09:59:24 -  Model step started
2024_09_19_T09:59:25 -  Model step took 0.17138004302978516 seconds
2024_09_19_T09:59:43 -  Model step started
2024_09_19_T09:59:43 -  Model step took 0.19237399101257324 seconds
2024_09_19_T10:00:02 -  Model step started
2024_09_19_T10:00:02 -  Model step took 0.14951109886169434 seconds
2024_09_19_T10:00:21 -  Model step started
2024_09_19_T10:00:21 -  Model step took 0.14618992805480957 seconds
2024_09_19_T10:00:40 -  Model step started
2024_09_19_T10:00:40 -  Model step took 0.19600892066955566 seconds
2024_09_19_T10:00:59 -  Model step started
2024_09_19_T10:00:59 -  Model step took 0.19825410842895508 seconds
2024_09_19_T10:01:18 -  Model step started
2024_09_19_T10:01:18 -  Model step took 0.1644909381866455 seconds
2024_09_19_T10:01:36 -  Model step started
2024_09_19_T10:01:36 -  Model step took 0.16120004653930664 seconds
2024_09_19_T10:01:55 -  Model step started
2024_09_19_T10:01:55 -  Model step took 0.13857603073120117 seconds
2024_09_19_T10:02:14 -  Model step started
2024_09_19_T10:02:14 -  Model step took 0.1432199478149414 seconds
2024_09_19_T10:02:33 -  Model step started
2024_09_19_T10:02:33 -  Model step took 0.17482995986938477 seconds
2024_09_19_T10:02:51 -  Model step started
2024_09_19_T10:02:52 -  Model step took 0.1369330883026123 seconds
2024_09_19_T10:03:10 -  Model step started
2024_09_19_T10:03:10 -  Model step took 0.1435079574584961 seconds
2024_09_19_T10:03:29 -  Model step started
2024_09_19_T10:03:29 -  Model step took 0.17074298858642578 seconds
2024_09_19_T10:03:48 -  Model step started
2024_09_19_T10:03:48 -  Model step took 0.14649415016174316 seconds
2024_09_19_T10:04:06 -  Model step started
2024_09_19_T10:04:07 -  Model step took 0.1470189094543457 seconds
2024_09_19_T10:04:25 -  Model step started
2024_09_19_T10:04:25 -  Model step took 0.1332230567932129 seconds
2024_09_19_T10:04:44 -  Model step started
2024_09_19_T10:04:44 -  Model step took 0.13984394073486328 seconds
2024_09_19_T10:05:03 -  Model step started
2024_09_19_T10:05:03 -  Model step took 0.23149800300598145 seconds
2024_09_19_T10:05:21 -  Model step started
2024_09_19_T10:05:22 -  Model step took 0.15632390975952148 seconds
2024_09_19_T10:05:40 -  Model step started
2024_09_19_T10:05:40 -  Model step took 0.13524889945983887 seconds
2024_09_19_T10:05:59 -  Model step started
2024_09_19_T10:05:59 -  Model step took 0.14116621017456055 seconds
2024_09_19_T10:06:17 -  Model step started
2024_09_19_T10:06:17 -  Model step took 0.1562659740447998 seconds
2024_09_19_T10:06:36 -  Model step started
2024_09_19_T10:06:36 -  Model step took 0.19758105278015137 seconds
2024_09_19_T10:06:55 -  Model step started
2024_09_19_T10:06:55 -  Model step took 0.14432597160339355 seconds
2024_09_19_T10:07:13 -  Model step started
2024_09_19_T10:07:13 -  Model step took 0.1567990779876709 seconds
2024_09_19_T10:07:32 -  Model step started
2024_09_19_T10:07:32 -  Model step took 0.15625905990600586 seconds
2024_09_19_T10:07:50 -  Model step started
2024_09_19_T10:07:50 -  Model step took 0.15520286560058594 seconds
2024_09_19_T10:08:09 -  Model step started
2024_09_19_T10:08:09 -  Model step took 0.1629018783569336 seconds
2024_09_19_T10:08:27 -  Model step started
2024_09_19_T10:08:27 -  Model step took 0.17934083938598633 seconds
2024_09_19_T10:08:46 -  Model step started
2024_09_19_T10:08:46 -  Model step took 0.16022086143493652 seconds
2024_09_19_T10:09:04 -  Model step started
2024_09_19_T10:09:04 -  Model step took 0.1430799961090088 seconds
2024_09_19_T10:09:22 -  Model step started
2024_09_19_T10:09:23 -  Model step took 0.1483471393585205 seconds
2024_09_19_T10:09:41 -  Model step started
2024_09_19_T10:09:41 -  Model step took 0.17172694206237793 seconds
2024_09_19_T10:09:59 -  Model step started
2024_09_19_T10:10:00 -  Model step took 0.23990821838378906 seconds
2024_09_19_T10:10:18 -  Model step started
2024_09_19_T10:10:18 -  Model step took 0.1383199691772461 seconds
2024_09_19_T10:10:36 -  Model step started
2024_09_19_T10:10:36 -  Model step took 0.15023493766784668 seconds
2024_09_19_T10:10:55 -  Model step started
2024_09_19_T10:10:55 -  Model step took 0.1438589096069336 seconds
2024_09_19_T10:11:13 -  Model step started
2024_09_19_T10:11:13 -  Model step took 0.16071391105651855 seconds
2024_09_19_T10:11:32 -  Model step started
2024_09_19_T10:11:32 -  Model step took 0.16146111488342285 seconds
2024_09_19_T10:11:50 -  Model step started
2024_09_19_T10:11:50 -  Model step took 0.14579200744628906 seconds
2024_09_19_T10:12:08 -  Model step started
2024_09_19_T10:12:09 -  Model step took 0.15111899375915527 seconds
2024_09_19_T10:12:27 -  Model step started
2024_09_19_T10:12:27 -  Model step took 0.148298978805542 seconds
2024_09_19_T10:12:45 -  Model step started
2024_09_19_T10:12:45 -  Model step took 0.16886401176452637 seconds
2024_09_19_T10:13:04 -  Model step started
2024_09_19_T10:13:04 -  Model step took 0.1486668586730957 seconds
2024_09_19_T10:13:22 -  Model step started
2024_09_19_T10:13:22 -  Model step took 0.15780901908874512 seconds
2024_09_19_T10:13:41 -  Model step started
2024_09_19_T10:13:41 -  Model step took 0.20867609977722168 seconds
2024_09_19_T10:13:59 -  Model step started
2024_09_19_T10:13:59 -  Model step took 0.14137005805969238 seconds
2024_09_19_T10:14:17 -  Model step started
2024_09_19_T10:14:17 -  Model step took 0.15406417846679688 seconds
2024_09_19_T10:14:35 -  Model step started
2024_09_19_T10:14:35 -  Model step took 0.15180015563964844 seconds
2024_09_19_T10:14:53 -  Model step started
2024_09_19_T10:14:53 -  Model step took 0.14464497566223145 seconds
2024_09_19_T10:15:11 -  Model step started
2024_09_19_T10:15:11 -  Model step took 0.14738011360168457 seconds
2024_09_19_T10:15:29 -  Model step started
2024_09_19_T10:15:30 -  Model step took 0.1354820728302002 seconds
2024_09_19_T10:15:47 -  Model step started
2024_09_19_T10:15:48 -  Model step took 0.16460108757019043 seconds
2024_09_19_T10:16:06 -  Model step started
2024_09_19_T10:16:06 -  Model step took 0.19517111778259277 seconds
2024_09_19_T10:16:24 -  Model step started
2024_09_19_T10:16:24 -  Model step took 0.14400792121887207 seconds
2024_09_19_T10:16:42 -  Model step started
2024_09_19_T10:16:42 -  Model step took 0.16028499603271484 seconds
2024_09_19_T10:17:00 -  Model step started
2024_09_19_T10:17:00 -  Model step took 0.1360180377960205 seconds
2024_09_19_T10:17:17 -  Model step started
2024_09_19_T10:17:18 -  Model step took 0.14998698234558105 seconds
2024_09_19_T10:17:35 -  Model step started
2024_09_19_T10:17:36 -  Model step took 0.1658921241760254 seconds
2024_09_19_T10:17:53 -  Model step started
2024_09_19_T10:17:53 -  Model step took 0.16593313217163086 seconds
2024_09_19_T10:18:11 -  Model step started
2024_09_19_T10:18:11 -  Model step took 0.15580987930297852 seconds
2024_09_19_T10:18:29 -  Model step started
2024_09_19_T10:18:29 -  Model step took 0.15044116973876953 seconds
2024_09_19_T10:18:47 -  Model step started
2024_09_19_T10:18:47 -  Model step took 0.1881258487701416 seconds
2024_09_19_T10:19:05 -  Model step started
2024_09_19_T10:19:05 -  Model step took 0.16274714469909668 seconds
2024_09_19_T10:19:23 -  Model step started
2024_09_19_T10:19:23 -  Model step took 0.1480720043182373 seconds
2024_09_19_T10:19:41 -  Model step started
2024_09_19_T10:19:41 -  Model step took 0.1641230583190918 seconds
2024_09_19_T10:19:59 -  Model step started
2024_09_19_T10:19:59 -  Model step took 0.18013215065002441 seconds
2024_09_19_T10:20:17 -  Model step started
2024_09_19_T10:20:17 -  Model step took 0.15111613273620605 seconds
2024_09_19_T10:20:35 -  Model step started
2024_09_19_T10:20:35 -  Model step took 0.1429128646850586 seconds
2024_09_19_T10:20:53 -  Model step started
2024_09_19_T10:20:53 -  Model step took 0.14740514755249023 seconds
2024_09_19_T10:21:10 -  Model step started
2024_09_19_T10:21:11 -  Model step took 0.21644210815429688 seconds
2024_09_19_T10:21:28 -  Model step started
2024_09_19_T10:21:29 -  Model step took 0.18348097801208496 seconds
2024_09_19_T10:21:46 -  Model step started
2024_09_19_T10:21:46 -  Model step took 0.15032505989074707 seconds
2024_09_19_T10:22:04 -  Model step started
2024_09_19_T10:22:04 -  Model step took 0.26178503036499023 seconds
2024_09_19_T10:22:22 -  Model step started
2024_09_19_T10:22:22 -  Model step took 0.15030598640441895 seconds
2024_09_19_T10:22:40 -  Model step started
2024_09_19_T10:22:40 -  Model step took 0.20285701751708984 seconds
2024_09_19_T10:22:57 -  Model step started
2024_09_19_T10:22:57 -  Model step took 0.1567380428314209 seconds
2024_09_19_T10:23:15 -  Model step started
2024_09_19_T10:23:15 -  Model step took 0.15868282318115234 seconds
2024_09_19_T10:23:33 -  Model step started
2024_09_19_T10:23:33 -  Model step took 0.14624309539794922 seconds
2024_09_19_T10:23:51 -  Model step started
2024_09_19_T10:23:51 -  Model step took 0.158674955368042 seconds
2024_09_19_T10:24:08 -  Model step started
2024_09_19_T10:24:09 -  Model step took 0.14088821411132812 seconds
2024_09_19_T10:24:26 -  Model step started
2024_09_19_T10:24:26 -  Model step took 0.17445015907287598 seconds
2024_09_19_T10:24:44 -  Model step started
2024_09_19_T10:24:44 -  Model step took 0.15467095375061035 seconds
2024_09_19_T10:25:02 -  Model step started
2024_09_19_T10:25:02 -  Model step took 0.16270089149475098 seconds
2024_09_19_T10:25:19 -  Model step started
2024_09_19_T10:25:19 -  Model step took 0.18076205253601074 seconds
2024_09_19_T10:25:37 -  Model step started
2024_09_19_T10:25:37 -  Model step took 0.1450498104095459 seconds
2024_09_19_T10:25:54 -  Model step started
2024_09_19_T10:25:55 -  Model step took 0.1378331184387207 seconds
2024_09_19_T10:26:12 -  Model step started
2024_09_19_T10:26:12 -  Model step took 0.15920805931091309 seconds
2024_09_19_T10:26:30 -  Model step started
2024_09_19_T10:26:30 -  Model step took 0.15100789070129395 seconds
2024_09_19_T10:26:48 -  Model step started
2024_09_19_T10:26:48 -  Model step took 0.14647293090820312 seconds
2024_09_19_T10:27:05 -  Model step started
2024_09_19_T10:27:05 -  Model step took 0.15252208709716797 seconds
2024_09_19_T10:27:23 -  Model step started
2024_09_19_T10:27:23 -  Model step took 0.1441490650177002 seconds
2024_09_19_T10:27:41 -  Model step started
2024_09_19_T10:27:41 -  Model step took 0.16594600677490234 seconds
2024_09_19_T10:27:58 -  Model step started
2024_09_19_T10:27:58 -  Model step took 0.18664312362670898 seconds
2024_09_19_T10:28:16 -  Model step started
2024_09_19_T10:28:16 -  Model step took 0.14301395416259766 seconds
2024_09_19_T10:28:34 -  Model step started
2024_09_19_T10:28:34 -  Model step took 0.20645999908447266 seconds
2024_09_19_T10:28:51 -  Model step started
2024_09_19_T10:28:51 -  Model step took 0.16115283966064453 seconds
2024_09_19_T10:29:09 -  Model step started
2024_09_19_T10:29:09 -  Model step took 0.14443421363830566 seconds
2024_09_19_T10:29:26 -  Model step started
2024_09_19_T10:29:26 -  Model step took 0.14165401458740234 seconds
2024_09_19_T10:29:44 -  Model step started
2024_09_19_T10:29:44 -  Model step took 0.15409612655639648 seconds
2024_09_19_T10:30:01 -  Model step started
2024_09_19_T10:30:01 -  Model step took 0.1584310531616211 seconds
2024_09_19_T10:30:19 -  Model step started
2024_09_19_T10:30:19 -  Model step took 0.2068319320678711 seconds
2024_09_19_T10:30:36 -  Model step started
2024_09_19_T10:30:36 -  Model step took 0.16106104850769043 seconds
2024_09_19_T10:30:53 -  Model step started
2024_09_19_T10:30:54 -  Model step took 0.14355993270874023 seconds
2024_09_19_T10:31:11 -  Model step started
2024_09_19_T10:31:11 -  Model step took 0.16743803024291992 seconds
2024_09_19_T10:31:28 -  Model step started
2024_09_19_T10:31:28 -  Model step took 0.15836381912231445 seconds
2024_09_19_T10:31:45 -  Model step started
2024_09_19_T10:31:46 -  Model step took 0.15903306007385254 seconds
2024_09_19_T10:32:03 -  Model step started
2024_09_19_T10:32:03 -  Model step took 0.15005207061767578 seconds
2024_09_19_T10:32:20 -  Model step started
2024_09_19_T10:32:20 -  Model step took 0.1473829746246338 seconds
2024_09_19_T10:32:37 -  Model step started
2024_09_19_T10:32:38 -  Model step took 0.21889495849609375 seconds
2024_09_19_T10:32:55 -  Model step started
2024_09_19_T10:32:55 -  Model step took 0.19153785705566406 seconds
2024_09_19_T10:33:12 -  Model step started
2024_09_19_T10:33:12 -  Model step took 0.18636798858642578 seconds
2024_09_19_T10:33:29 -  Model step started
2024_09_19_T10:33:29 -  Model step took 0.1485600471496582 seconds
2024_09_19_T10:33:46 -  Model step started
2024_09_19_T10:33:46 -  Model step took 0.15088605880737305 seconds
2024_09_19_T10:34:03 -  Model step started
2024_09_19_T10:34:03 -  Model step took 0.18149399757385254 seconds
2024_09_19_T10:34:20 -  Model step started
2024_09_19_T10:34:21 -  Model step took 0.28292012214660645 seconds
2024_09_19_T10:34:37 -  Model step started
2024_09_19_T10:34:38 -  Model step took 0.17812395095825195 seconds
2024_09_19_T10:34:55 -  Model step started
2024_09_19_T10:34:55 -  Model step took 0.1541121006011963 seconds
2024_09_19_T10:35:12 -  Model step started
2024_09_19_T10:35:12 -  Model step took 0.1448349952697754 seconds
2024_09_19_T10:35:29 -  Model step started
2024_09_19_T10:35:29 -  Model step took 0.16732287406921387 seconds
2024_09_19_T10:35:46 -  Model step started
2024_09_19_T10:35:46 -  Model step took 0.17476892471313477 seconds
2024_09_19_T10:36:03 -  Model step started
2024_09_19_T10:36:03 -  Model step took 0.18630313873291016 seconds
2024_09_19_T10:36:20 -  Model step started
2024_09_19_T10:36:20 -  Model step took 0.1404118537902832 seconds
2024_09_19_T10:36:37 -  Model step started
2024_09_19_T10:36:37 -  Model step took 0.15132594108581543 seconds
2024_09_19_T10:36:54 -  Model step started
2024_09_19_T10:36:54 -  Model step took 0.15369105339050293 seconds
2024_09_19_T10:37:11 -  Model step started
2024_09_19_T10:37:11 -  Model step took 0.20380783081054688 seconds
2024_09_19_T10:37:28 -  Model step started
2024_09_19_T10:37:28 -  Model step took 0.15541291236877441 seconds
2024_09_19_T10:37:45 -  Model step started
2024_09_19_T10:37:45 -  Model step took 0.20156407356262207 seconds
2024_09_19_T10:38:02 -  Model step started
2024_09_19_T10:38:02 -  Model step took 0.1569199562072754 seconds
2024_09_19_T10:38:19 -  Model step started
2024_09_19_T10:38:19 -  Model step took 0.15393304824829102 seconds
2024_09_19_T10:38:36 -  Model step started
2024_09_19_T10:38:36 -  Model step took 0.1595170497894287 seconds
2024_09_19_T10:38:53 -  Model step started
2024_09_19_T10:38:53 -  Model step took 0.14578700065612793 seconds
2024_09_19_T10:39:10 -  Model step started
2024_09_19_T10:39:10 -  Model step took 0.22187590599060059 seconds
2024_09_19_T10:39:27 -  Model step started
2024_09_19_T10:39:27 -  Model step took 0.1730661392211914 seconds
2024_09_19_T10:39:44 -  Model step started
2024_09_19_T10:39:44 -  Model step took 0.14121413230895996 seconds
2024_09_19_T10:40:01 -  Model step started
2024_09_19_T10:40:01 -  Model step took 0.16089415550231934 seconds
2024_09_19_T10:40:17 -  Model step started
2024_09_19_T10:40:17 -  Model step took 0.13950896263122559 seconds
2024_09_19_T10:40:34 -  Model step started
2024_09_19_T10:40:34 -  Model step took 0.18194890022277832 seconds
2024_09_19_T10:40:51 -  Model step started
2024_09_19_T10:40:51 -  Model step took 0.1811060905456543 seconds
2024_09_19_T10:41:08 -  Model step started
2024_09_19_T10:41:08 -  Model step took 0.15468597412109375 seconds
2024_09_19_T10:41:25 -  Model step started
2024_09_19_T10:41:25 -  Model step took 0.17508602142333984 seconds
2024_09_19_T10:41:42 -  Model step started
2024_09_19_T10:41:42 -  Model step took 0.16358304023742676 seconds
2024_09_19_T10:41:58 -  Model step started
2024_09_19_T10:41:59 -  Model step took 0.15265107154846191 seconds
2024_09_19_T10:42:15 -  Model step started
2024_09_19_T10:42:15 -  Model step took 0.15381193161010742 seconds
2024_09_19_T10:42:32 -  Model step started
2024_09_19_T10:42:32 -  Model step took 0.14865994453430176 seconds
2024_09_19_T10:42:49 -  Model step started
2024_09_19_T10:42:49 -  Model step took 0.13957500457763672 seconds
2024_09_19_T10:43:05 -  Model step started
2024_09_19_T10:43:06 -  Model step took 0.1466660499572754 seconds
2024_09_19_T10:43:22 -  Model step started
2024_09_19_T10:43:22 -  Model step took 0.1678938865661621 seconds
2024_09_19_T10:43:39 -  Model step started
2024_09_19_T10:43:39 -  Model step took 0.15480995178222656 seconds
2024_09_19_T10:43:56 -  Model step started
2024_09_19_T10:43:56 -  Model step took 0.15851497650146484 seconds
2024_09_19_T10:44:13 -  Model step started
2024_09_19_T10:44:13 -  Model step took 0.1495051383972168 seconds
2024_09_19_T10:44:30 -  Model step started
2024_09_19_T10:44:30 -  Model step took 0.15507006645202637 seconds
2024_09_19_T10:44:46 -  Model step started
2024_09_19_T10:44:46 -  Model step took 0.19914817810058594 seconds
2024_09_19_T10:45:03 -  Model step started
2024_09_19_T10:45:03 -  Model step took 0.1506960391998291 seconds
2024_09_19_T10:45:20 -  Model step started
2024_09_19_T10:45:20 -  Model step took 0.1681358814239502 seconds
2024_09_19_T10:45:36 -  Model step started
2024_09_19_T10:45:36 -  Model step took 0.1862490177154541 seconds
2024_09_19_T10:45:53 -  Model step started
2024_09_19_T10:45:53 -  Model step took 0.1780078411102295 seconds
2024_09_19_T10:46:10 -  Model step started
2024_09_19_T10:46:10 -  Model step took 0.16452813148498535 seconds
2024_09_19_T10:46:26 -  Model step started
2024_09_19_T10:46:27 -  Model step took 0.15630483627319336 seconds
2024_09_19_T10:46:43 -  Model step started
2024_09_19_T10:46:43 -  Model step took 0.15044784545898438 seconds
2024_09_19_T10:47:00 -  Model step started
2024_09_19_T10:47:00 -  Model step took 0.23017001152038574 seconds
2024_09_19_T10:47:16 -  Model step started
2024_09_19_T10:47:17 -  Model step took 0.1557478904724121 seconds
2024_09_19_T10:47:33 -  Model step started
2024_09_19_T10:47:33 -  Model step took 0.2632298469543457 seconds
2024_09_19_T10:47:49 -  Model step started
2024_09_19_T10:47:50 -  Model step took 0.15915608406066895 seconds
2024_09_19_T10:48:06 -  Model step started
2024_09_19_T10:48:06 -  Model step took 0.16934585571289062 seconds
2024_09_19_T10:48:23 -  Model step started
2024_09_19_T10:48:23 -  Model step took 0.17596793174743652 seconds
