2024_09_20_T09:57:03 -  finished initateHouses in 0.3331129550933838 seconds
2024_09_20_T09:57:03 -  finished initiateHouseholds in 0.4822359085083008 seconds
2024_09_20_T09:57:03 -  finished assignHousesToHouseholds in 0.665165901184082 seconds
2024_09_20_T09:57:26 -  Model step started
2024_09_20_T09:57:31 -  Model step took 4.608364105224609 seconds
2024_09_20_T09:57:50 -  Model step started
2024_09_20_T09:57:55 -  Model step took 5.077821969985962 seconds
2024_09_20_T09:58:14 -  Model step started
2024_09_20_T09:58:18 -  Model step took 4.356916189193726 seconds
2024_09_20_T09:58:38 -  Model step started
2024_09_20_T09:58:42 -  Model step took 3.6860249042510986 seconds
2024_09_20_T09:59:01 -  Model step started
2024_09_20_T09:59:04 -  Model step took 3.0276570320129395 seconds
2024_09_20_T09:59:24 -  Model step started
2024_09_20_T09:59:27 -  Model step took 2.586733102798462 seconds
2024_09_20_T09:59:46 -  Model step started
2024_09_20_T09:59:49 -  Model step took 2.3480749130249023 seconds
2024_09_20_T10:00:08 -  Model step started
2024_09_20_T10:00:10 -  Model step took 2.1538591384887695 seconds
2024_09_20_T10:00:30 -  Model step started
2024_09_20_T10:00:32 -  Model step took 2.0552570819854736 seconds
2024_09_20_T10:00:52 -  Model step started
2024_09_20_T10:00:54 -  Model step took 1.8002698421478271 seconds
2024_09_20_T10:01:14 -  Model step started
2024_09_20_T10:01:16 -  Model step took 1.7345669269561768 seconds
2024_09_20_T10:01:36 -  Model step started
2024_09_20_T10:01:37 -  Model step took 1.5502729415893555 seconds
2024_09_20_T10:01:57 -  Model step started
2024_09_20_T10:01:59 -  Model step took 1.4857308864593506 seconds
2024_09_20_T10:02:19 -  Model step started
2024_09_20_T10:02:20 -  Model step took 1.3512239456176758 seconds
2024_09_20_T10:02:40 -  Model step started
2024_09_20_T10:02:42 -  Model step took 1.2331390380859375 seconds
2024_09_20_T10:03:01 -  Model step started
2024_09_20_T10:03:02 -  Model step took 1.163902997970581 seconds
2024_09_20_T10:03:22 -  Model step started
2024_09_20_T10:03:23 -  Model step took 1.1061110496520996 seconds
2024_09_20_T10:03:43 -  Model step started
2024_09_20_T10:03:44 -  Model step took 1.1194109916687012 seconds
2024_09_20_T10:04:04 -  Model step started
2024_09_20_T10:04:05 -  Model step took 1.0156688690185547 seconds
2024_09_20_T10:04:25 -  Model step started
2024_09_20_T10:04:26 -  Model step took 1.0344290733337402 seconds
2024_09_20_T10:04:46 -  Model step started
2024_09_20_T10:04:47 -  Model step took 1.0803418159484863 seconds
2024_09_20_T10:05:07 -  Model step started
2024_09_20_T10:05:08 -  Model step took 0.958794116973877 seconds
2024_09_20_T10:05:28 -  Model step started
2024_09_20_T10:05:29 -  Model step took 0.8970558643341064 seconds
2024_09_20_T10:05:48 -  Model step started
2024_09_20_T10:05:49 -  Model step took 0.950592041015625 seconds
2024_09_20_T10:06:09 -  Model step started
2024_09_20_T10:06:10 -  Model step took 0.8938779830932617 seconds
2024_09_20_T10:06:30 -  Model step started
2024_09_20_T10:06:31 -  Model step took 1.0371840000152588 seconds
2024_09_20_T10:06:52 -  Model step started
2024_09_20_T10:06:53 -  Model step took 0.9494359493255615 seconds
2024_09_20_T10:07:13 -  Model step started
2024_09_20_T10:07:14 -  Model step took 1.056541919708252 seconds
2024_09_20_T10:07:34 -  Model step started
2024_09_20_T10:07:35 -  Model step took 0.9814019203186035 seconds
2024_09_20_T10:07:56 -  Model step started
2024_09_20_T10:07:57 -  Model step took 1.0450611114501953 seconds
2024_09_20_T10:08:17 -  Model step started
2024_09_20_T10:08:19 -  Model step took 1.3523471355438232 seconds
2024_09_20_T10:08:39 -  Model step started
2024_09_20_T10:08:40 -  Model step took 1.0220880508422852 seconds
2024_09_20_T10:09:00 -  Model step started
2024_09_20_T10:09:01 -  Model step took 1.069288969039917 seconds
2024_09_20_T10:09:21 -  Model step started
2024_09_20_T10:09:23 -  Model step took 1.2653639316558838 seconds
2024_09_20_T10:09:42 -  Model step started
2024_09_20_T10:09:43 -  Model step took 1.1505250930786133 seconds
2024_09_20_T10:10:03 -  Model step started
2024_09_20_T10:10:04 -  Model step took 1.1371221542358398 seconds
2024_09_20_T10:10:24 -  Model step started
2024_09_20_T10:10:25 -  Model step took 1.3219220638275146 seconds
2024_09_20_T10:10:45 -  Model step started
2024_09_20_T10:10:46 -  Model step took 1.1346120834350586 seconds
2024_09_20_T10:11:06 -  Model step started
2024_09_20_T10:11:08 -  Model step took 1.2096271514892578 seconds
2024_09_20_T10:11:28 -  Model step started
2024_09_20_T10:11:29 -  Model step took 1.0948610305786133 seconds
2024_09_20_T10:11:49 -  Model step started
2024_09_20_T10:11:50 -  Model step took 1.0712778568267822 seconds
2024_09_20_T10:12:10 -  Model step started
2024_09_20_T10:12:11 -  Model step took 1.1031219959259033 seconds
2024_09_20_T10:12:31 -  Model step started
2024_09_20_T10:12:32 -  Model step took 1.0196759700775146 seconds
2024_09_20_T10:12:52 -  Model step started
2024_09_20_T10:12:53 -  Model step took 1.0099658966064453 seconds
2024_09_20_T10:13:13 -  Model step started
2024_09_20_T10:13:14 -  Model step took 0.9386260509490967 seconds
2024_09_20_T10:13:34 -  Model step started
2024_09_20_T10:13:35 -  Model step took 0.9665820598602295 seconds
2024_09_20_T10:13:56 -  Model step started
2024_09_20_T10:13:57 -  Model step took 0.9298849105834961 seconds
2024_09_20_T10:14:17 -  Model step started
2024_09_20_T10:14:18 -  Model step took 0.9180200099945068 seconds
2024_09_20_T10:14:38 -  Model step started
2024_09_20_T10:14:39 -  Model step took 0.8519449234008789 seconds
2024_09_20_T10:14:59 -  Model step started
2024_09_20_T10:15:00 -  Model step took 1.0196609497070312 seconds
2024_09_20_T10:15:21 -  Model step started
2024_09_20_T10:15:22 -  Model step took 0.9553849697113037 seconds
2024_09_20_T10:15:42 -  Model step started
2024_09_20_T10:15:43 -  Model step took 0.8637051582336426 seconds
2024_09_20_T10:16:03 -  Model step started
2024_09_20_T10:16:04 -  Model step took 0.9863460063934326 seconds
2024_09_20_T10:16:25 -  Model step started
2024_09_20_T10:16:26 -  Model step took 0.9936618804931641 seconds
2024_09_20_T10:16:46 -  Model step started
2024_09_20_T10:16:47 -  Model step took 1.0063741207122803 seconds
2024_09_20_T10:17:07 -  Model step started
2024_09_20_T10:17:08 -  Model step took 1.1224231719970703 seconds
2024_09_20_T10:17:28 -  Model step started
2024_09_20_T10:17:29 -  Model step took 1.059319019317627 seconds
2024_09_20_T10:17:49 -  Model step started
2024_09_20_T10:17:50 -  Model step took 1.0829360485076904 seconds
2024_09_20_T10:18:10 -  Model step started
2024_09_20_T10:18:11 -  Model step took 1.1226239204406738 seconds
2024_09_20_T10:18:31 -  Model step started
2024_09_20_T10:18:32 -  Model step took 1.1097850799560547 seconds
2024_09_20_T10:18:52 -  Model step started
2024_09_20_T10:18:53 -  Model step took 1.1481130123138428 seconds
2024_09_20_T10:19:13 -  Model step started
2024_09_20_T10:19:14 -  Model step took 1.0784211158752441 seconds
2024_09_20_T10:19:34 -  Model step started
2024_09_20_T10:19:36 -  Model step took 1.2132911682128906 seconds
2024_09_20_T10:19:56 -  Model step started
2024_09_20_T10:19:57 -  Model step took 1.3922510147094727 seconds
2024_09_20_T10:20:17 -  Model step started
2024_09_20_T10:20:19 -  Model step took 1.5573949813842773 seconds
2024_09_20_T10:20:39 -  Model step started
2024_09_20_T10:20:40 -  Model step took 1.6782410144805908 seconds
2024_09_20_T10:21:01 -  Model step started
2024_09_20_T10:21:03 -  Model step took 1.9322669506072998 seconds
2024_09_20_T10:21:23 -  Model step started
2024_09_20_T10:21:25 -  Model step took 2.037956953048706 seconds
2024_09_20_T10:21:45 -  Model step started
2024_09_20_T10:21:47 -  Model step took 2.199773073196411 seconds
2024_09_20_T10:22:07 -  Model step started
2024_09_20_T10:22:10 -  Model step took 2.237628936767578 seconds
2024_09_20_T10:22:30 -  Model step started
2024_09_20_T10:22:32 -  Model step took 2.3686721324920654 seconds
2024_09_20_T10:22:53 -  Model step started
2024_09_20_T10:22:55 -  Model step took 2.471412181854248 seconds
2024_09_20_T10:23:15 -  Model step started
2024_09_20_T10:23:18 -  Model step took 2.5397629737854004 seconds
2024_09_20_T10:23:38 -  Model step started
2024_09_20_T10:23:41 -  Model step took 2.525357961654663 seconds
2024_09_20_T10:24:01 -  Model step started
2024_09_20_T10:24:04 -  Model step took 2.6518168449401855 seconds
2024_09_20_T10:24:24 -  Model step started
2024_09_20_T10:24:27 -  Model step took 2.4709959030151367 seconds
2024_09_20_T10:24:47 -  Model step started
2024_09_20_T10:24:49 -  Model step took 2.4666659832000732 seconds
2024_09_20_T10:25:10 -  Model step started
2024_09_20_T10:25:13 -  Model step took 2.676689863204956 seconds
2024_09_20_T10:25:33 -  Model step started
2024_09_20_T10:25:36 -  Model step took 2.572389841079712 seconds
2024_09_20_T10:25:56 -  Model step started
2024_09_20_T10:25:59 -  Model step took 2.519084930419922 seconds
2024_09_20_T10:26:19 -  Model step started
2024_09_20_T10:26:22 -  Model step took 2.5098648071289062 seconds
2024_09_20_T10:26:43 -  Model step started
2024_09_20_T10:26:45 -  Model step took 2.4582180976867676 seconds
2024_09_20_T10:27:06 -  Model step started
2024_09_20_T10:27:08 -  Model step took 2.5420420169830322 seconds
2024_09_20_T10:27:29 -  Model step started
2024_09_20_T10:27:31 -  Model step took 2.4019460678100586 seconds
2024_09_20_T10:27:51 -  Model step started
2024_09_20_T10:27:54 -  Model step took 2.5037240982055664 seconds
2024_09_20_T10:28:14 -  Model step started
2024_09_20_T10:28:17 -  Model step took 2.3866069316864014 seconds
2024_09_20_T10:28:37 -  Model step started
2024_09_20_T10:28:40 -  Model step took 2.398463010787964 seconds
2024_09_20_T10:29:00 -  Model step started
2024_09_20_T10:29:02 -  Model step took 2.2905640602111816 seconds
2024_09_20_T10:29:23 -  Model step started
2024_09_20_T10:29:25 -  Model step took 2.1389880180358887 seconds
2024_09_20_T10:29:46 -  Model step started
2024_09_20_T10:29:48 -  Model step took 2.3096580505371094 seconds
2024_09_20_T10:30:09 -  Model step started
2024_09_20_T10:30:11 -  Model step took 2.2117919921875 seconds
2024_09_20_T10:30:32 -  Model step started
2024_09_20_T10:30:34 -  Model step took 2.252941131591797 seconds
2024_09_20_T10:30:55 -  Model step started
2024_09_20_T10:30:57 -  Model step took 2.147737979888916 seconds
2024_09_20_T10:31:18 -  Model step started
2024_09_20_T10:31:20 -  Model step took 2.118406057357788 seconds
2024_09_20_T10:31:41 -  Model step started
2024_09_20_T10:31:43 -  Model step took 2.0238189697265625 seconds
2024_09_20_T10:32:03 -  Model step started
2024_09_20_T10:32:05 -  Model step took 2.0439140796661377 seconds
2024_09_20_T10:32:26 -  Model step started
2024_09_20_T10:32:28 -  Model step took 2.056497097015381 seconds
2024_09_20_T10:32:48 -  Model step started
2024_09_20_T10:32:50 -  Model step took 1.9983229637145996 seconds
2024_09_20_T10:33:11 -  Model step started
2024_09_20_T10:33:13 -  Model step took 1.9649620056152344 seconds
2024_09_20_T10:33:33 -  Model step started
2024_09_20_T10:33:35 -  Model step took 1.9459350109100342 seconds
2024_09_20_T10:33:56 -  Model step started
2024_09_20_T10:33:58 -  Model step took 1.9828088283538818 seconds
2024_09_20_T10:34:19 -  Model step started
2024_09_20_T10:34:21 -  Model step took 1.971811056137085 seconds
2024_09_20_T10:34:41 -  Model step started
2024_09_20_T10:34:43 -  Model step took 2.0852129459381104 seconds
2024_09_20_T10:35:04 -  Model step started
2024_09_20_T10:35:06 -  Model step took 2.051427125930786 seconds
2024_09_20_T10:35:27 -  Model step started
2024_09_20_T10:35:29 -  Model step took 2.114185094833374 seconds
2024_09_20_T10:35:50 -  Model step started
2024_09_20_T10:35:52 -  Model step took 2.0568690299987793 seconds
2024_09_20_T10:36:13 -  Model step started
2024_09_20_T10:36:15 -  Model step took 2.220798969268799 seconds
2024_09_20_T10:36:35 -  Model step started
2024_09_20_T10:36:37 -  Model step took 2.0697519779205322 seconds
2024_09_20_T10:36:58 -  Model step started
2024_09_20_T10:37:00 -  Model step took 2.2285149097442627 seconds
2024_09_20_T10:37:21 -  Model step started
2024_09_20_T10:37:23 -  Model step took 2.003948926925659 seconds
2024_09_20_T10:37:44 -  Model step started
2024_09_20_T10:37:46 -  Model step took 2.0854990482330322 seconds
2024_09_20_T10:38:07 -  Model step started
2024_09_20_T10:38:09 -  Model step took 1.9300940036773682 seconds
2024_09_20_T10:38:29 -  Model step started
2024_09_20_T10:38:31 -  Model step took 1.9063479900360107 seconds
2024_09_20_T10:38:52 -  Model step started
2024_09_20_T10:38:54 -  Model step took 1.9955217838287354 seconds
2024_09_20_T10:39:15 -  Model step started
2024_09_20_T10:39:17 -  Model step took 1.879667043685913 seconds
2024_09_20_T10:39:37 -  Model step started
2024_09_20_T10:39:39 -  Model step took 1.8733150959014893 seconds
2024_09_20_T10:40:00 -  Model step started
2024_09_20_T10:40:02 -  Model step took 1.912672996520996 seconds
2024_09_20_T10:40:22 -  Model step started
2024_09_20_T10:40:24 -  Model step took 1.7007548809051514 seconds
2024_09_20_T10:40:45 -  Model step started
2024_09_20_T10:40:47 -  Model step took 1.7715001106262207 seconds
2024_09_20_T10:41:08 -  Model step started
2024_09_20_T10:41:10 -  Model step took 1.8261439800262451 seconds
2024_09_20_T10:41:30 -  Model step started
2024_09_20_T10:41:32 -  Model step took 1.8006319999694824 seconds
2024_09_20_T10:41:53 -  Model step started
2024_09_20_T10:41:54 -  Model step took 1.4533531665802002 seconds
2024_09_20_T10:42:15 -  Model step started
2024_09_20_T10:42:16 -  Model step took 1.5220730304718018 seconds
2024_09_20_T10:42:37 -  Model step started
2024_09_20_T10:42:39 -  Model step took 1.4739620685577393 seconds
2024_09_20_T10:42:59 -  Model step started
2024_09_20_T10:43:01 -  Model step took 1.3617100715637207 seconds
2024_09_20_T10:43:22 -  Model step started
2024_09_20_T10:43:23 -  Model step took 1.348639965057373 seconds
2024_09_20_T10:43:44 -  Model step started
2024_09_20_T10:43:46 -  Model step took 1.2686309814453125 seconds
2024_09_20_T10:44:06 -  Model step started
2024_09_20_T10:44:08 -  Model step took 1.2889719009399414 seconds
2024_09_20_T10:44:29 -  Model step started
2024_09_20_T10:44:30 -  Model step took 1.2918648719787598 seconds
2024_09_20_T10:44:51 -  Model step started
2024_09_20_T10:44:52 -  Model step took 1.1071579456329346 seconds
2024_09_20_T10:45:13 -  Model step started
2024_09_20_T10:45:14 -  Model step took 1.1988780498504639 seconds
2024_09_20_T10:45:35 -  Model step started
2024_09_20_T10:45:36 -  Model step took 1.1932101249694824 seconds
2024_09_20_T10:45:56 -  Model step started
2024_09_20_T10:45:58 -  Model step took 1.0891058444976807 seconds
2024_09_20_T10:46:18 -  Model step started
2024_09_20_T10:46:19 -  Model step took 1.085326910018921 seconds
2024_09_20_T10:46:40 -  Model step started
2024_09_20_T10:46:41 -  Model step took 0.8546321392059326 seconds
2024_09_20_T10:47:02 -  Model step started
2024_09_20_T10:47:03 -  Model step took 0.9176099300384521 seconds
2024_09_20_T10:47:24 -  Model step started
2024_09_20_T10:47:25 -  Model step took 0.9232251644134521 seconds
2024_09_20_T10:47:46 -  Model step started
2024_09_20_T10:47:46 -  Model step took 0.8072478771209717 seconds
2024_09_20_T10:48:07 -  Model step started
2024_09_20_T10:48:08 -  Model step took 0.6642630100250244 seconds
2024_09_20_T10:48:29 -  Model step started
2024_09_20_T10:48:30 -  Model step took 0.7807669639587402 seconds
2024_09_20_T10:48:50 -  Model step started
2024_09_20_T10:48:51 -  Model step took 0.7145411968231201 seconds
2024_09_20_T10:49:12 -  Model step started
2024_09_20_T10:49:13 -  Model step took 0.7940158843994141 seconds
2024_09_20_T10:49:33 -  Model step started
2024_09_20_T10:49:34 -  Model step took 0.767301082611084 seconds
2024_09_20_T10:49:55 -  Model step started
2024_09_20_T10:49:55 -  Model step took 0.6495420932769775 seconds
2024_09_20_T10:50:16 -  Model step started
2024_09_20_T10:50:17 -  Model step took 0.7109601497650146 seconds
2024_09_20_T10:50:38 -  Model step started
2024_09_20_T10:50:38 -  Model step took 0.612807035446167 seconds
2024_09_20_T10:50:59 -  Model step started
2024_09_20_T10:50:59 -  Model step took 0.47712087631225586 seconds
2024_09_20_T10:51:20 -  Model step started
2024_09_20_T10:51:21 -  Model step took 0.6003890037536621 seconds
2024_09_20_T10:51:42 -  Model step started
2024_09_20_T10:51:42 -  Model step took 0.397691011428833 seconds
2024_09_20_T10:52:03 -  Model step started
2024_09_20_T10:52:03 -  Model step took 0.6531229019165039 seconds
2024_09_20_T10:52:23 -  Model step started
2024_09_20_T10:52:24 -  Model step took 0.6054708957672119 seconds
2024_09_20_T10:52:44 -  Model step started
2024_09_20_T10:52:45 -  Model step took 0.6232030391693115 seconds
2024_09_20_T10:53:05 -  Model step started
2024_09_20_T10:53:06 -  Model step took 0.44957494735717773 seconds
2024_09_20_T10:53:26 -  Model step started
2024_09_20_T10:53:27 -  Model step took 0.6091749668121338 seconds
2024_09_20_T10:53:47 -  Model step started
2024_09_20_T10:53:48 -  Model step took 0.5194828510284424 seconds
2024_09_20_T10:54:08 -  Model step started
2024_09_20_T10:54:09 -  Model step took 0.4763209819793701 seconds
2024_09_20_T10:54:29 -  Model step started
2024_09_20_T10:54:30 -  Model step took 0.6159379482269287 seconds
2024_09_20_T10:54:50 -  Model step started
2024_09_20_T10:54:51 -  Model step took 0.4824662208557129 seconds
2024_09_20_T10:55:11 -  Model step started
2024_09_20_T10:55:11 -  Model step took 0.539863109588623 seconds
2024_09_20_T10:55:31 -  Model step started
2024_09_20_T10:55:32 -  Model step took 0.4442908763885498 seconds
2024_09_20_T10:55:52 -  Model step started
2024_09_20_T10:55:52 -  Model step took 0.30847692489624023 seconds
2024_09_20_T10:56:12 -  Model step started
2024_09_20_T10:56:13 -  Model step took 0.4019498825073242 seconds
2024_09_20_T10:56:33 -  Model step started
2024_09_20_T10:56:33 -  Model step took 0.3399171829223633 seconds
2024_09_20_T10:56:53 -  Model step started
2024_09_20_T10:56:53 -  Model step took 0.3652181625366211 seconds
2024_09_20_T10:57:13 -  Model step started
2024_09_20_T10:57:14 -  Model step took 0.5469510555267334 seconds
2024_09_20_T10:57:34 -  Model step started
2024_09_20_T10:57:34 -  Model step took 0.36235713958740234 seconds
2024_09_20_T10:57:54 -  Model step started
2024_09_20_T10:57:55 -  Model step took 0.4424889087677002 seconds
2024_09_20_T10:58:15 -  Model step started
2024_09_20_T10:58:15 -  Model step took 0.5299749374389648 seconds
2024_09_20_T10:58:35 -  Model step started
2024_09_20_T10:58:36 -  Model step took 0.47600698471069336 seconds
2024_09_20_T10:58:56 -  Model step started
2024_09_20_T10:58:56 -  Model step took 0.4570901393890381 seconds
2024_09_20_T10:59:17 -  Model step started
2024_09_20_T10:59:17 -  Model step took 0.4853839874267578 seconds
2024_09_20_T10:59:37 -  Model step started
2024_09_20_T10:59:38 -  Model step took 0.34165000915527344 seconds
2024_09_20_T10:59:58 -  Model step started
2024_09_20_T10:59:58 -  Model step took 0.49212193489074707 seconds
2024_09_20_T11:00:18 -  Model step started
2024_09_20_T11:00:19 -  Model step took 0.38167691230773926 seconds
2024_09_20_T11:00:39 -  Model step started
2024_09_20_T11:00:40 -  Model step took 0.5708639621734619 seconds
2024_09_20_T11:01:00 -  Model step started
2024_09_20_T11:01:00 -  Model step took 0.5191841125488281 seconds
2024_09_20_T11:01:21 -  Model step started
2024_09_20_T11:01:21 -  Model step took 0.35078001022338867 seconds
2024_09_20_T11:01:41 -  Model step started
2024_09_20_T11:01:42 -  Model step took 0.4278090000152588 seconds
2024_09_20_T11:02:02 -  Model step started
2024_09_20_T11:02:02 -  Model step took 0.3826630115509033 seconds
2024_09_20_T11:02:22 -  Model step started
2024_09_20_T11:02:23 -  Model step took 0.3657219409942627 seconds
2024_09_20_T11:02:43 -  Model step started
2024_09_20_T11:02:44 -  Model step took 0.3495769500732422 seconds
2024_09_20_T11:03:04 -  Model step started
2024_09_20_T11:03:04 -  Model step took 0.29126501083374023 seconds
2024_09_20_T11:03:25 -  Model step started
2024_09_20_T11:03:25 -  Model step took 0.3483419418334961 seconds
2024_09_20_T11:03:45 -  Model step started
2024_09_20_T11:03:46 -  Model step took 0.28226590156555176 seconds
2024_09_20_T11:04:06 -  Model step started
2024_09_20_T11:04:06 -  Model step took 0.2629411220550537 seconds
2024_09_20_T11:04:27 -  Model step started
2024_09_20_T11:04:27 -  Model step took 0.42470598220825195 seconds
2024_09_20_T11:04:47 -  Model step started
2024_09_20_T11:04:48 -  Model step took 0.44290804862976074 seconds
2024_09_20_T11:05:08 -  Model step started
2024_09_20_T11:05:08 -  Model step took 0.2795720100402832 seconds
2024_09_20_T11:05:29 -  Model step started
2024_09_20_T11:05:29 -  Model step took 0.27585291862487793 seconds
2024_09_20_T11:05:49 -  Model step started
2024_09_20_T11:05:49 -  Model step took 0.33324193954467773 seconds
2024_09_20_T11:06:09 -  Model step started
2024_09_20_T11:06:09 -  Model step took 0.2742331027984619 seconds
2024_09_20_T11:06:29 -  Model step started
2024_09_20_T11:06:29 -  Model step took 0.40158915519714355 seconds
2024_09_20_T11:06:49 -  Model step started
2024_09_20_T11:06:50 -  Model step took 0.373715877532959 seconds
2024_09_20_T11:07:10 -  Model step started
2024_09_20_T11:07:10 -  Model step took 0.28809523582458496 seconds
2024_09_20_T11:07:30 -  Model step started
2024_09_20_T11:07:30 -  Model step took 0.3241589069366455 seconds
2024_09_20_T11:07:50 -  Model step started
2024_09_20_T11:07:50 -  Model step took 0.24378085136413574 seconds
2024_09_20_T11:08:10 -  Model step started
2024_09_20_T11:08:10 -  Model step took 0.2355489730834961 seconds
2024_09_20_T11:08:30 -  Model step started
2024_09_20_T11:08:30 -  Model step took 0.33239102363586426 seconds
2024_09_20_T11:08:50 -  Model step started
2024_09_20_T11:08:50 -  Model step took 0.22222185134887695 seconds
2024_09_20_T11:09:10 -  Model step started
2024_09_20_T11:09:10 -  Model step took 0.20468616485595703 seconds
2024_09_20_T11:09:30 -  Model step started
2024_09_20_T11:09:30 -  Model step took 0.3306288719177246 seconds
2024_09_20_T11:09:50 -  Model step started
2024_09_20_T11:09:50 -  Model step took 0.2015988826751709 seconds
2024_09_20_T11:10:09 -  Model step started
2024_09_20_T11:10:10 -  Model step took 0.19449186325073242 seconds
2024_09_20_T11:10:30 -  Model step started
2024_09_20_T11:10:30 -  Model step took 0.1809389591217041 seconds
2024_09_20_T11:10:50 -  Model step started
2024_09_20_T11:10:50 -  Model step took 0.1969280242919922 seconds
2024_09_20_T11:11:10 -  Model step started
2024_09_20_T11:11:10 -  Model step took 0.19162893295288086 seconds
2024_09_20_T11:11:30 -  Model step started
2024_09_20_T11:11:30 -  Model step took 0.19906997680664062 seconds
2024_09_20_T11:11:50 -  Model step started
2024_09_20_T11:11:50 -  Model step took 0.17022299766540527 seconds
2024_09_20_T11:12:10 -  Model step started
2024_09_20_T11:12:10 -  Model step took 0.29801106452941895 seconds
2024_09_20_T11:12:30 -  Model step started
2024_09_20_T11:12:30 -  Model step took 0.20873188972473145 seconds
2024_09_20_T11:12:50 -  Model step started
2024_09_20_T11:12:50 -  Model step took 0.20864391326904297 seconds
2024_09_20_T11:13:10 -  Model step started
2024_09_20_T11:13:10 -  Model step took 0.14886879920959473 seconds
2024_09_20_T11:13:30 -  Model step started
2024_09_20_T11:13:30 -  Model step took 0.21271300315856934 seconds
2024_09_20_T11:13:50 -  Model step started
2024_09_20_T11:13:50 -  Model step took 0.1556849479675293 seconds
2024_09_20_T11:14:10 -  Model step started
2024_09_20_T11:14:10 -  Model step took 0.13826894760131836 seconds
2024_09_20_T11:14:30 -  Model step started
2024_09_20_T11:14:30 -  Model step took 0.18399405479431152 seconds
2024_09_20_T11:14:49 -  Model step started
2024_09_20_T11:14:50 -  Model step took 0.13664484024047852 seconds
2024_09_20_T11:15:09 -  Model step started
2024_09_20_T11:15:09 -  Model step took 0.12273502349853516 seconds
2024_09_20_T11:15:29 -  Model step started
2024_09_20_T11:15:29 -  Model step took 0.16045188903808594 seconds
2024_09_20_T11:15:49 -  Model step started
2024_09_20_T11:15:49 -  Model step took 0.14953398704528809 seconds
2024_09_20_T11:16:09 -  Model step started
2024_09_20_T11:16:09 -  Model step took 0.11514687538146973 seconds
2024_09_20_T11:16:29 -  Model step started
2024_09_20_T11:16:29 -  Model step took 0.1527099609375 seconds
2024_09_20_T11:16:49 -  Model step started
2024_09_20_T11:16:49 -  Model step took 0.16717195510864258 seconds
2024_09_20_T11:17:09 -  Model step started
2024_09_20_T11:17:09 -  Model step took 0.12456989288330078 seconds
2024_09_20_T11:17:29 -  Model step started
2024_09_20_T11:17:29 -  Model step took 0.12639212608337402 seconds
2024_09_20_T11:17:49 -  Model step started
2024_09_20_T11:17:49 -  Model step took 0.09620499610900879 seconds
2024_09_20_T11:18:08 -  Model step started
2024_09_20_T11:18:09 -  Model step took 0.15225815773010254 seconds
2024_09_20_T11:18:28 -  Model step started
2024_09_20_T11:18:28 -  Model step took 0.10653400421142578 seconds
2024_09_20_T11:18:48 -  Model step started
2024_09_20_T11:18:48 -  Model step took 0.09479403495788574 seconds
2024_09_20_T11:19:07 -  Model step started
2024_09_20_T11:19:07 -  Model step took 0.09728193283081055 seconds
2024_09_20_T11:19:27 -  Model step started
2024_09_20_T11:19:27 -  Model step took 0.09022998809814453 seconds
2024_09_20_T11:19:46 -  Model step started
2024_09_20_T11:19:46 -  Model step took 0.08376812934875488 seconds
2024_09_20_T11:20:06 -  Model step started
2024_09_20_T11:20:06 -  Model step took 0.08314108848571777 seconds
2024_09_20_T11:20:25 -  Model step started
2024_09_20_T11:20:25 -  Model step took 0.08208203315734863 seconds
2024_09_20_T11:20:45 -  Model step started
2024_09_20_T11:20:45 -  Model step took 0.08963894844055176 seconds
2024_09_20_T11:21:04 -  Model step started
2024_09_20_T11:21:04 -  Model step took 0.08229613304138184 seconds
2024_09_20_T11:21:24 -  Model step started
2024_09_20_T11:21:24 -  Model step took 0.06708002090454102 seconds
2024_09_20_T11:21:43 -  Model step started
2024_09_20_T11:21:43 -  Model step took 0.10523819923400879 seconds
2024_09_20_T11:22:03 -  Model step started
2024_09_20_T11:22:03 -  Model step took 0.0814979076385498 seconds
2024_09_20_T11:22:22 -  Model step started
2024_09_20_T11:22:22 -  Model step took 0.06770682334899902 seconds
2024_09_20_T11:22:42 -  Model step started
2024_09_20_T11:22:42 -  Model step took 0.06940317153930664 seconds
2024_09_20_T11:23:01 -  Model step started
2024_09_20_T11:23:01 -  Model step took 0.06774401664733887 seconds
2024_09_20_T11:23:20 -  Model step started
2024_09_20_T11:23:20 -  Model step took 0.06043601036071777 seconds
2024_09_20_T11:23:40 -  Model step started
2024_09_20_T11:23:40 -  Model step took 0.05521202087402344 seconds
2024_09_20_T11:23:59 -  Model step started
2024_09_20_T11:23:59 -  Model step took 0.05024099349975586 seconds
2024_09_20_T11:24:18 -  Model step started
2024_09_20_T11:24:18 -  Model step took 0.06943106651306152 seconds
2024_09_20_T11:24:37 -  Model step started
2024_09_20_T11:24:38 -  Model step took 0.05047178268432617 seconds
2024_09_20_T11:24:57 -  Model step started
2024_09_20_T11:24:57 -  Model step took 0.04585003852844238 seconds
2024_09_20_T11:25:16 -  Model step started
2024_09_20_T11:25:16 -  Model step took 0.07359600067138672 seconds
2024_09_20_T11:25:35 -  Model step started
2024_09_20_T11:25:35 -  Model step took 0.05011892318725586 seconds
2024_09_20_T11:25:54 -  Model step started
2024_09_20_T11:25:54 -  Model step took 0.04836297035217285 seconds
2024_09_20_T11:26:13 -  Model step started
2024_09_20_T11:26:13 -  Model step took 0.05255293846130371 seconds
2024_09_20_T11:26:32 -  Model step started
2024_09_20_T11:26:32 -  Model step took 0.046983957290649414 seconds
2024_09_20_T11:26:51 -  Model step started
2024_09_20_T11:26:51 -  Model step took 0.06162691116333008 seconds
2024_09_20_T11:27:10 -  Model step started
2024_09_20_T11:27:10 -  Model step took 0.04186201095581055 seconds
2024_09_20_T11:27:30 -  Model step started
2024_09_20_T11:27:30 -  Model step took 0.03670382499694824 seconds
2024_09_20_T11:27:49 -  Model step started
2024_09_20_T11:27:49 -  Model step took 0.041639089584350586 seconds
2024_09_20_T11:28:08 -  Model step started
2024_09_20_T11:28:08 -  Model step took 0.0380549430847168 seconds
2024_09_20_T11:28:27 -  Model step started
2024_09_20_T11:28:27 -  Model step took 0.0348660945892334 seconds
2024_09_20_T11:28:46 -  Model step started
2024_09_20_T11:28:46 -  Model step took 0.03801393508911133 seconds
2024_09_20_T11:29:05 -  Model step started
2024_09_20_T11:29:05 -  Model step took 0.03805804252624512 seconds
2024_09_20_T11:29:24 -  Model step started
2024_09_20_T11:29:24 -  Model step took 0.025712966918945312 seconds
2024_09_20_T11:29:43 -  Model step started
2024_09_20_T11:29:43 -  Model step took 0.030472993850708008 seconds
2024_09_20_T11:30:02 -  Model step started
2024_09_20_T11:30:02 -  Model step took 0.026679039001464844 seconds
2024_09_20_T11:30:21 -  Model step started
2024_09_20_T11:30:21 -  Model step took 0.028736114501953125 seconds
2024_09_20_T11:30:40 -  Model step started
2024_09_20_T11:30:40 -  Model step took 0.0267789363861084 seconds
2024_09_20_T11:30:59 -  Model step started
2024_09_20_T11:30:59 -  Model step took 0.024836063385009766 seconds
2024_09_20_T11:31:18 -  Model step started
2024_09_20_T11:31:18 -  Model step took 0.028266191482543945 seconds
2024_09_20_T11:31:37 -  Model step started
2024_09_20_T11:31:37 -  Model step took 0.02774190902709961 seconds
2024_09_20_T11:31:56 -  Model step started
2024_09_20_T11:31:56 -  Model step took 0.021399974822998047 seconds
2024_09_20_T11:32:15 -  Model step started
2024_09_20_T11:32:15 -  Model step took 0.020392179489135742 seconds
2024_09_20_T11:32:34 -  Model step started
2024_09_20_T11:32:35 -  Model step took 0.023030996322631836 seconds
2024_09_20_T11:32:54 -  Model step started
2024_09_20_T11:32:54 -  Model step took 0.02018594741821289 seconds
2024_09_20_T11:33:13 -  Model step started
2024_09_20_T11:33:13 -  Model step took 0.030548095703125 seconds
2024_09_20_T11:33:32 -  Model step started
2024_09_20_T11:33:32 -  Model step took 0.019371986389160156 seconds
2024_09_20_T11:33:51 -  Model step started
2024_09_20_T11:33:51 -  Model step took 0.02371501922607422 seconds
2024_09_20_T11:34:10 -  Model step started
2024_09_20_T11:34:10 -  Model step took 0.018294811248779297 seconds
2024_09_20_T11:34:29 -  Model step started
2024_09_20_T11:34:29 -  Model step took 0.02423691749572754 seconds
2024_09_20_T11:34:48 -  Model step started
2024_09_20_T11:34:48 -  Model step took 0.019240856170654297 seconds
2024_09_20_T11:35:07 -  Model step started
2024_09_20_T11:35:07 -  Model step took 0.01601696014404297 seconds
2024_09_20_T11:35:25 -  Model step started
2024_09_20_T11:35:25 -  Model step took 0.01783299446105957 seconds
2024_09_20_T11:35:44 -  Model step started
2024_09_20_T11:35:44 -  Model step took 0.021059036254882812 seconds
2024_09_20_T11:36:03 -  Model step started
2024_09_20_T11:36:03 -  Model step took 0.021003007888793945 seconds
2024_09_20_T11:36:22 -  Model step started
2024_09_20_T11:36:22 -  Model step took 0.018328189849853516 seconds
2024_09_20_T11:36:41 -  Model step started
2024_09_20_T11:36:41 -  Model step took 0.018185138702392578 seconds
2024_09_20_T11:36:59 -  Model step started
2024_09_20_T11:36:59 -  Model step took 0.01658797264099121 seconds
2024_09_20_T11:37:18 -  Model step started
2024_09_20_T11:37:18 -  Model step took 0.018448829650878906 seconds
2024_09_20_T11:37:37 -  Model step started
2024_09_20_T11:37:37 -  Model step took 0.019607067108154297 seconds
2024_09_20_T11:37:55 -  Model step started
2024_09_20_T11:37:55 -  Model step took 0.015991926193237305 seconds
2024_09_20_T11:38:14 -  Model step started
2024_09_20_T11:38:14 -  Model step took 0.017857074737548828 seconds
2024_09_20_T11:38:32 -  Model step started
2024_09_20_T11:38:32 -  Model step took 0.011523962020874023 seconds
2024_09_20_T11:38:51 -  Model step started
2024_09_20_T11:38:51 -  Model step took 0.016551971435546875 seconds
2024_09_20_T11:39:10 -  Model step started
2024_09_20_T11:39:10 -  Model step took 0.018100976943969727 seconds
2024_09_20_T11:39:28 -  Model step started
2024_09_20_T11:39:28 -  Model step took 0.01662278175354004 seconds
2024_09_20_T11:39:47 -  Model step started
2024_09_20_T11:39:47 -  Model step took 0.019238948822021484 seconds
2024_09_20_T11:40:06 -  Model step started
2024_09_20_T11:40:06 -  Model step took 0.017493009567260742 seconds
2024_09_20_T11:40:25 -  Model step started
2024_09_20_T11:40:25 -  Model step took 0.018723011016845703 seconds
2024_09_20_T11:40:43 -  Model step started
2024_09_20_T11:40:44 -  Model step took 0.01740288734436035 seconds
2024_09_20_T11:41:02 -  Model step started
2024_09_20_T11:41:02 -  Model step took 0.015399932861328125 seconds
2024_09_20_T11:41:21 -  Model step started
2024_09_20_T11:41:21 -  Model step took 0.01882481575012207 seconds
2024_09_20_T11:41:39 -  Model step started
2024_09_20_T11:41:39 -  Model step took 0.018991947174072266 seconds
2024_09_20_T11:41:58 -  Model step started
2024_09_20_T11:41:58 -  Model step took 0.017482995986938477 seconds
2024_09_20_T11:42:17 -  Model step started
2024_09_20_T11:42:17 -  Model step took 0.02507615089416504 seconds
2024_09_20_T11:42:35 -  Model step started
2024_09_20_T11:42:35 -  Model step took 0.013931989669799805 seconds
2024_09_20_T11:42:54 -  Model step started
2024_09_20_T11:42:54 -  Model step took 0.012650012969970703 seconds
2024_09_20_T11:43:13 -  Model step started
2024_09_20_T11:43:13 -  Model step took 0.034265995025634766 seconds
2024_09_20_T11:43:31 -  Model step started
2024_09_20_T11:43:31 -  Model step took 0.014053106307983398 seconds
2024_09_20_T11:43:49 -  Model step started
2024_09_20_T11:43:49 -  Model step took 0.013514995574951172 seconds
2024_09_20_T11:44:07 -  Model step started
2024_09_20_T11:44:07 -  Model step took 0.014554977416992188 seconds
2024_09_20_T11:44:26 -  Model step started
2024_09_20_T11:44:26 -  Model step took 0.014338970184326172 seconds
2024_09_20_T11:44:44 -  Model step started
2024_09_20_T11:44:44 -  Model step took 0.015092849731445312 seconds
2024_09_20_T11:45:02 -  Model step started
2024_09_20_T11:45:02 -  Model step took 0.015075922012329102 seconds
2024_09_20_T11:45:21 -  Model step started
2024_09_20_T11:45:21 -  Model step took 0.012499809265136719 seconds
2024_09_20_T11:45:39 -  Model step started
2024_09_20_T11:45:39 -  Model step took 0.017678022384643555 seconds
2024_09_20_T11:45:57 -  Model step started
2024_09_20_T11:45:57 -  Model step took 0.014061927795410156 seconds
2024_09_20_T11:46:16 -  Model step started
2024_09_20_T11:46:16 -  Model step took 0.012222766876220703 seconds
2024_09_20_T11:46:34 -  Model step started
2024_09_20_T11:46:34 -  Model step took 0.016843080520629883 seconds
2024_09_20_T11:46:53 -  Model step started
2024_09_20_T11:46:53 -  Model step took 0.02098703384399414 seconds
2024_09_20_T11:47:11 -  Model step started
2024_09_20_T11:47:11 -  Model step took 0.018698930740356445 seconds
2024_09_20_T11:47:29 -  Model step started
2024_09_20_T11:47:29 -  Model step took 0.01709604263305664 seconds
2024_09_20_T11:47:48 -  Model step started
2024_09_20_T11:47:48 -  Model step took 0.01742386817932129 seconds
2024_09_20_T11:48:06 -  Model step started
2024_09_20_T11:48:06 -  Model step took 0.01671004295349121 seconds
2024_09_20_T11:48:24 -  Model step started
2024_09_20_T11:48:24 -  Model step took 0.017575979232788086 seconds
2024_09_20_T11:48:42 -  Model step started
2024_09_20_T11:48:42 -  Model step took 0.013460874557495117 seconds
2024_09_20_T11:49:01 -  Model step started
2024_09_20_T11:49:01 -  Model step took 0.018402814865112305 seconds
2024_09_20_T11:49:19 -  Model step started
2024_09_20_T11:49:19 -  Model step took 0.011742115020751953 seconds
2024_09_20_T11:49:37 -  Model step started
2024_09_20_T11:49:37 -  Model step took 0.012989997863769531 seconds
2024_09_20_T11:49:55 -  Model step started
2024_09_20_T11:49:55 -  Model step took 0.017798900604248047 seconds
2024_09_20_T11:50:13 -  Model step started
2024_09_20_T11:50:13 -  Model step took 0.015262126922607422 seconds
2024_09_20_T11:50:31 -  Model step started
2024_09_20_T11:50:31 -  Model step took 0.012481212615966797 seconds
2024_09_20_T11:50:50 -  Model step started
2024_09_20_T11:50:50 -  Model step took 0.014348030090332031 seconds
2024_09_20_T11:51:08 -  Model step started
2024_09_20_T11:51:08 -  Model step took 0.01335287094116211 seconds
2024_09_20_T11:51:27 -  Model step started
2024_09_20_T11:51:27 -  Model step took 0.011065006256103516 seconds
2024_09_20_T11:51:45 -  Model step started
2024_09_20_T11:51:45 -  Model step took 0.014084100723266602 seconds
2024_09_20_T11:52:03 -  Model step started
2024_09_20_T11:52:03 -  Model step took 0.012037992477416992 seconds
2024_09_20_T11:52:21 -  Model step started
2024_09_20_T11:52:21 -  Model step took 0.017409086227416992 seconds
2024_09_20_T11:52:39 -  Model step started
2024_09_20_T11:52:39 -  Model step took 0.012508153915405273 seconds
2024_09_20_T11:52:57 -  Model step started
2024_09_20_T11:52:57 -  Model step took 0.015697956085205078 seconds
2024_09_20_T11:53:15 -  Model step started
2024_09_20_T11:53:15 -  Model step took 0.015316009521484375 seconds
2024_09_20_T11:53:33 -  Model step started
2024_09_20_T11:53:33 -  Model step took 0.013028144836425781 seconds
2024_09_20_T11:53:51 -  Model step started
2024_09_20_T11:53:51 -  Model step took 0.014429092407226562 seconds
2024_09_20_T11:54:09 -  Model step started
2024_09_20_T11:54:09 -  Model step took 0.013908147811889648 seconds
2024_09_20_T11:54:27 -  Model step started
2024_09_20_T11:54:27 -  Model step took 0.012922048568725586 seconds
2024_09_20_T11:54:45 -  Model step started
2024_09_20_T11:54:45 -  Model step took 0.015469074249267578 seconds
2024_09_20_T11:55:03 -  Model step started
2024_09_20_T11:55:03 -  Model step took 0.02351689338684082 seconds
2024_09_20_T11:55:21 -  Model step started
2024_09_20_T11:55:21 -  Model step took 0.016571044921875 seconds
2024_09_20_T11:55:39 -  Model step started
2024_09_20_T11:55:39 -  Model step took 0.01964592933654785 seconds
2024_09_20_T11:55:57 -  Model step started
2024_09_20_T11:55:57 -  Model step took 0.01541900634765625 seconds
2024_09_20_T11:56:15 -  Model step started
2024_09_20_T11:56:15 -  Model step took 0.018748998641967773 seconds
2024_09_20_T11:56:33 -  Model step started
2024_09_20_T11:56:33 -  Model step took 0.017745018005371094 seconds
2024_09_20_T11:56:51 -  Model step started
2024_09_20_T11:56:51 -  Model step took 0.01943206787109375 seconds
2024_09_20_T11:57:09 -  Model step started
2024_09_20_T11:57:09 -  Model step took 0.01909780502319336 seconds
2024_09_20_T11:57:27 -  Model step started
2024_09_20_T11:57:27 -  Model step took 0.02200913429260254 seconds
2024_09_20_T11:57:45 -  Model step started
2024_09_20_T11:57:45 -  Model step took 0.01585102081298828 seconds
2024_09_20_T11:58:03 -  Model step started
2024_09_20_T11:58:03 -  Model step took 0.014395952224731445 seconds
2024_09_20_T11:58:21 -  Model step started
2024_09_20_T11:58:21 -  Model step took 0.017992019653320312 seconds
2024_09_20_T11:58:39 -  Model step started
2024_09_20_T11:58:39 -  Model step took 0.012376070022583008 seconds
2024_09_20_T11:58:57 -  Model step started
2024_09_20_T11:58:57 -  Model step took 0.013075113296508789 seconds
2024_09_20_T11:59:14 -  Model step started
2024_09_20_T11:59:14 -  Model step took 0.016242027282714844 seconds
2024_09_20_T11:59:32 -  Model step started
2024_09_20_T11:59:32 -  Model step took 0.017167091369628906 seconds
2024_09_20_T11:59:50 -  Model step started
2024_09_20_T11:59:50 -  Model step took 0.011434078216552734 seconds
2024_09_20_T12:00:08 -  Model step started
2024_09_20_T12:00:08 -  Model step took 0.01384115219116211 seconds
2024_09_20_T12:00:25 -  Model step started
2024_09_20_T12:00:25 -  Model step took 0.024296998977661133 seconds
2024_09_20_T12:00:43 -  Model step started
2024_09_20_T12:00:43 -  Model step took 0.011185884475708008 seconds
2024_09_20_T12:01:01 -  Model step started
2024_09_20_T12:01:01 -  Model step took 0.014340877532958984 seconds
2024_09_20_T12:01:18 -  Model step started
2024_09_20_T12:01:18 -  Model step took 0.013987064361572266 seconds
2024_09_20_T12:01:36 -  Model step started
2024_09_20_T12:01:36 -  Model step took 0.010800838470458984 seconds
2024_09_20_T12:01:54 -  Model step started
2024_09_20_T12:01:54 -  Model step took 0.013081073760986328 seconds
2024_09_20_T12:02:11 -  Model step started
2024_09_20_T12:02:11 -  Model step took 0.011800050735473633 seconds
2024_09_20_T12:02:29 -  Model step started
2024_09_20_T12:02:29 -  Model step took 0.010264873504638672 seconds
2024_09_20_T12:02:47 -  Model step started
2024_09_20_T12:02:47 -  Model step took 0.01551198959350586 seconds
2024_09_20_T12:03:04 -  Model step started
2024_09_20_T12:03:04 -  Model step took 0.016128063201904297 seconds
2024_09_20_T12:03:22 -  Model step started
2024_09_20_T12:03:22 -  Model step took 0.013803958892822266 seconds
2024_09_20_T12:03:40 -  Model step started
2024_09_20_T12:03:40 -  Model step took 0.011942148208618164 seconds
2024_09_20_T12:03:57 -  Model step started
2024_09_20_T12:03:57 -  Model step took 0.0190889835357666 seconds
2024_09_20_T12:04:15 -  Model step started
2024_09_20_T12:04:15 -  Model step took 0.03384900093078613 seconds
2024_09_20_T12:04:32 -  Model step started
2024_09_20_T12:04:32 -  Model step took 0.013154983520507812 seconds
2024_09_20_T12:04:50 -  Model step started
2024_09_20_T12:04:50 -  Model step took 0.03512406349182129 seconds
2024_09_20_T12:05:07 -  Model step started
2024_09_20_T12:05:07 -  Model step took 0.0173799991607666 seconds
2024_09_20_T12:05:24 -  Model step started
2024_09_20_T12:05:24 -  Model step took 0.014503002166748047 seconds
2024_09_20_T12:05:42 -  Model step started
2024_09_20_T12:05:42 -  Model step took 0.011108875274658203 seconds
2024_09_20_T12:06:00 -  Model step started
2024_09_20_T12:06:00 -  Model step took 0.010284900665283203 seconds
2024_09_20_T12:06:17 -  Model step started
2024_09_20_T12:06:17 -  Model step took 0.009036064147949219 seconds
2024_09_20_T12:06:34 -  Model step started
2024_09_20_T12:06:34 -  Model step took 0.012485027313232422 seconds
2024_09_20_T12:06:52 -  Model step started
2024_09_20_T12:06:52 -  Model step took 0.00964498519897461 seconds
2024_09_20_T12:07:09 -  Model step started
2024_09_20_T12:07:09 -  Model step took 0.014415979385375977 seconds
2024_09_20_T12:07:27 -  Model step started
2024_09_20_T12:07:27 -  Model step took 0.013421058654785156 seconds
2024_09_20_T12:07:45 -  Model step started
2024_09_20_T12:07:45 -  Model step took 0.01573014259338379 seconds
2024_09_20_T12:08:02 -  Model step started
2024_09_20_T12:08:02 -  Model step took 0.012099027633666992 seconds
2024_09_20_T12:08:20 -  Model step started
2024_09_20_T12:08:20 -  Model step took 0.01241302490234375 seconds
2024_09_20_T12:08:37 -  Model step started
2024_09_20_T12:08:37 -  Model step took 0.013144969940185547 seconds
2024_09_20_T12:08:54 -  Model step started
2024_09_20_T12:08:54 -  Model step took 0.016176223754882812 seconds
2024_09_20_T12:09:11 -  Model step started
2024_09_20_T12:09:11 -  Model step took 0.017879009246826172 seconds
2024_09_20_T12:09:29 -  Model step started
2024_09_20_T12:09:29 -  Model step took 0.01155996322631836 seconds
2024_09_20_T12:09:46 -  Model step started
2024_09_20_T12:09:46 -  Model step took 0.011075019836425781 seconds
2024_09_20_T12:10:03 -  Model step started
2024_09_20_T12:10:03 -  Model step took 0.01500391960144043 seconds
2024_09_20_T12:10:21 -  Model step started
2024_09_20_T12:10:21 -  Model step took 0.015195131301879883 seconds
2024_09_20_T12:10:38 -  Model step started
2024_09_20_T12:10:38 -  Model step took 0.016885995864868164 seconds
2024_09_20_T12:10:56 -  Model step started
2024_09_20_T12:10:56 -  Model step took 0.019238948822021484 seconds
2024_09_20_T12:11:13 -  Model step started
2024_09_20_T12:11:13 -  Model step took 0.011028051376342773 seconds
2024_09_20_T12:11:30 -  Model step started
2024_09_20_T12:11:30 -  Model step took 0.027065038681030273 seconds
2024_09_20_T12:11:47 -  Model step started
2024_09_20_T12:11:47 -  Model step took 0.01233816146850586 seconds
2024_09_20_T12:12:05 -  Model step started
2024_09_20_T12:12:05 -  Model step took 0.04691195487976074 seconds
2024_09_20_T12:12:22 -  Model step started
2024_09_20_T12:12:22 -  Model step took 0.012673139572143555 seconds
2024_09_20_T12:12:39 -  Model step started
2024_09_20_T12:12:39 -  Model step took 0.019036054611206055 seconds
2024_09_20_T12:12:57 -  Model step started
2024_09_20_T12:12:57 -  Model step took 0.011605978012084961 seconds
2024_09_20_T12:13:14 -  Model step started
2024_09_20_T12:13:14 -  Model step took 0.011146068572998047 seconds
2024_09_20_T12:13:31 -  Model step started
2024_09_20_T12:13:31 -  Model step took 0.010747909545898438 seconds
2024_09_20_T12:13:48 -  Model step started
2024_09_20_T12:13:48 -  Model step took 0.010281085968017578 seconds
2024_09_20_T12:14:05 -  Model step started
2024_09_20_T12:14:05 -  Model step took 0.012706995010375977 seconds
2024_09_20_T12:14:23 -  Model step started
2024_09_20_T12:14:23 -  Model step took 0.01402592658996582 seconds
2024_09_20_T12:14:40 -  Model step started
2024_09_20_T12:14:40 -  Model step took 0.012211084365844727 seconds
2024_09_20_T12:14:57 -  Model step started
2024_09_20_T12:14:57 -  Model step took 0.017495155334472656 seconds
2024_09_20_T12:15:14 -  Model step started
2024_09_20_T12:15:14 -  Model step took 0.017560958862304688 seconds
2024_09_20_T12:15:32 -  Model step started
2024_09_20_T12:15:32 -  Model step took 0.014434099197387695 seconds
2024_09_20_T12:15:49 -  Model step started
2024_09_20_T12:15:49 -  Model step took 0.013103961944580078 seconds
2024_09_20_T12:16:06 -  Model step started
2024_09_20_T12:16:06 -  Model step took 0.012211084365844727 seconds
2024_09_20_T12:16:23 -  Model step started
2024_09_20_T12:16:23 -  Model step took 0.010662078857421875 seconds
2024_09_20_T12:16:40 -  Model step started
2024_09_20_T12:16:40 -  Model step took 0.017166852951049805 seconds
2024_09_20_T12:16:57 -  Model step started
2024_09_20_T12:16:57 -  Model step took 0.011620044708251953 seconds
2024_09_20_T12:17:14 -  Model step started
2024_09_20_T12:17:14 -  Model step took 0.008556127548217773 seconds
2024_09_20_T12:17:31 -  Model step started
2024_09_20_T12:17:31 -  Model step took 0.013328075408935547 seconds
2024_09_20_T12:17:48 -  Model step started
2024_09_20_T12:17:48 -  Model step took 0.012291908264160156 seconds
2024_09_20_T12:18:05 -  Model step started
2024_09_20_T12:18:05 -  Model step took 0.011853933334350586 seconds
2024_09_20_T12:18:21 -  Model step started
2024_09_20_T12:18:21 -  Model step took 0.010153055191040039 seconds
2024_09_20_T12:18:38 -  Model step started
2024_09_20_T12:18:38 -  Model step took 0.022246122360229492 seconds
2024_09_20_T12:18:55 -  Model step started
2024_09_20_T12:18:55 -  Model step took 0.016455888748168945 seconds
2024_09_20_T12:19:12 -  Model step started
2024_09_20_T12:19:12 -  Model step took 0.013946056365966797 seconds
2024_09_20_T12:19:29 -  Model step started
2024_09_20_T12:19:29 -  Model step took 0.015908002853393555 seconds
2024_09_20_T12:19:46 -  Model step started
2024_09_20_T12:19:46 -  Model step took 0.014210939407348633 seconds
2024_09_20_T12:20:03 -  Model step started
2024_09_20_T12:20:03 -  Model step took 0.01329493522644043 seconds
2024_09_20_T12:20:20 -  Model step started
2024_09_20_T12:20:20 -  Model step took 0.014334917068481445 seconds
2024_09_20_T12:20:37 -  Model step started
2024_09_20_T12:20:37 -  Model step took 0.012912988662719727 seconds
2024_09_20_T12:20:53 -  Model step started
2024_09_20_T12:20:53 -  Model step took 0.012736082077026367 seconds
2024_09_20_T12:21:10 -  Model step started
2024_09_20_T12:21:10 -  Model step took 0.014940023422241211 seconds
2024_09_20_T12:21:27 -  Model step started
2024_09_20_T12:21:27 -  Model step took 0.01237797737121582 seconds
2024_09_20_T12:21:43 -  Model step started
2024_09_20_T12:21:43 -  Model step took 0.016448020935058594 seconds
2024_09_20_T12:22:00 -  Model step started
2024_09_20_T12:22:00 -  Model step took 0.018739938735961914 seconds
2024_09_20_T12:22:17 -  Model step started
2024_09_20_T12:22:17 -  Model step took 0.021019935607910156 seconds
2024_09_20_T12:22:33 -  Model step started
2024_09_20_T12:22:34 -  Model step took 0.017531156539916992 seconds
2024_09_20_T12:22:50 -  Model step started
2024_09_20_T12:22:50 -  Model step took 0.017225027084350586 seconds
2024_09_20_T12:23:07 -  Model step started
2024_09_20_T12:23:07 -  Model step took 0.014733076095581055 seconds
2024_09_20_T12:23:24 -  Model step started
2024_09_20_T12:23:24 -  Model step took 0.014693975448608398 seconds
2024_09_20_T12:23:41 -  Model step started
2024_09_20_T12:23:41 -  Model step took 0.014878034591674805 seconds
2024_09_20_T12:23:58 -  Model step started
2024_09_20_T12:23:58 -  Model step took 0.012849092483520508 seconds
2024_09_20_T12:24:14 -  Model step started
2024_09_20_T12:24:14 -  Model step took 0.011677026748657227 seconds
2024_09_20_T12:24:31 -  Model step started
2024_09_20_T12:24:31 -  Model step took 0.011006832122802734 seconds
2024_09_20_T12:24:47 -  Model step started
2024_09_20_T12:24:47 -  Model step took 0.015355110168457031 seconds
2024_09_20_T12:25:04 -  Model step started
2024_09_20_T12:25:04 -  Model step took 0.0123748779296875 seconds
2024_09_20_T12:25:20 -  Model step started
2024_09_20_T12:25:20 -  Model step took 0.01246500015258789 seconds
2024_09_20_T12:25:37 -  Model step started
2024_09_20_T12:25:37 -  Model step took 0.010681867599487305 seconds
2024_09_20_T12:25:53 -  Model step started
2024_09_20_T12:25:53 -  Model step took 0.016481876373291016 seconds
2024_09_20_T12:26:10 -  Model step started
2024_09_20_T12:26:10 -  Model step took 0.014638900756835938 seconds
2024_09_20_T12:26:27 -  Model step started
2024_09_20_T12:26:27 -  Model step took 0.023108959197998047 seconds
2024_09_20_T12:26:44 -  Model step started
2024_09_20_T12:26:44 -  Model step took 0.014325857162475586 seconds
2024_09_20_T12:27:00 -  Model step started
2024_09_20_T12:27:00 -  Model step took 0.016164064407348633 seconds
2024_09_20_T12:27:17 -  Model step started
2024_09_20_T12:27:17 -  Model step took 0.024126052856445312 seconds
2024_09_20_T12:27:33 -  Model step started
2024_09_20_T12:27:33 -  Model step took 0.02328205108642578 seconds
2024_09_20_T12:27:49 -  Model step started
2024_09_20_T12:27:49 -  Model step took 0.015271902084350586 seconds
2024_09_20_T12:28:06 -  Model step started
2024_09_20_T12:28:06 -  Model step took 0.011647939682006836 seconds
2024_09_20_T12:28:23 -  Model step started
2024_09_20_T12:28:23 -  Model step took 0.03128194808959961 seconds
2024_09_20_T12:28:39 -  Model step started
2024_09_20_T12:28:39 -  Model step took 0.01276397705078125 seconds
2024_09_20_T12:28:55 -  Model step started
2024_09_20_T12:28:55 -  Model step took 0.019868135452270508 seconds
2024_09_20_T12:29:12 -  Model step started
2024_09_20_T12:29:12 -  Model step took 0.017548084259033203 seconds
2024_09_20_T12:29:28 -  Model step started
2024_09_20_T12:29:28 -  Model step took 0.014387845993041992 seconds
2024_09_20_T12:29:45 -  Model step started
2024_09_20_T12:29:45 -  Model step took 0.01861715316772461 seconds
2024_09_20_T12:30:01 -  Model step started
2024_09_20_T12:30:01 -  Model step took 0.021322011947631836 seconds
2024_09_20_T12:30:17 -  Model step started
2024_09_20_T12:30:17 -  Model step took 0.01929187774658203 seconds
2024_09_20_T12:30:34 -  Model step started
2024_09_20_T12:30:34 -  Model step took 0.01677107810974121 seconds
2024_09_20_T12:30:50 -  Model step started
2024_09_20_T12:30:50 -  Model step took 0.01965498924255371 seconds
2024_09_20_T12:31:07 -  Model step started
2024_09_20_T12:31:07 -  Model step took 0.017886877059936523 seconds
2024_09_20_T12:31:23 -  Model step started
2024_09_20_T12:31:23 -  Model step took 0.023801088333129883 seconds
2024_09_20_T12:31:39 -  Model step started
2024_09_20_T12:31:39 -  Model step took 0.0160520076751709 seconds
2024_09_20_T12:31:56 -  Model step started
2024_09_20_T12:31:56 -  Model step took 0.01551198959350586 seconds
2024_09_20_T12:32:12 -  Model step started
2024_09_20_T12:32:12 -  Model step took 0.015301942825317383 seconds
2024_09_20_T12:32:28 -  Model step started
2024_09_20_T12:32:28 -  Model step took 0.015276908874511719 seconds
2024_09_20_T12:32:44 -  Model step started
2024_09_20_T12:32:44 -  Model step took 0.020066022872924805 seconds
2024_09_20_T12:33:01 -  Model step started
2024_09_20_T12:33:01 -  Model step took 0.012892961502075195 seconds
2024_09_20_T12:33:17 -  Model step started
2024_09_20_T12:33:17 -  Model step took 0.012997150421142578 seconds
2024_09_20_T12:33:33 -  Model step started
2024_09_20_T12:33:33 -  Model step took 0.021277904510498047 seconds
2024_09_20_T12:33:49 -  Model step started
2024_09_20_T12:33:49 -  Model step took 0.018217086791992188 seconds
2024_09_20_T12:34:06 -  Model step started
2024_09_20_T12:34:06 -  Model step took 0.013183832168579102 seconds
2024_09_20_T12:34:22 -  Model step started
2024_09_20_T12:34:22 -  Model step took 0.010274887084960938 seconds
2024_09_20_T12:34:38 -  Model step started
2024_09_20_T12:34:38 -  Model step took 0.008371829986572266 seconds
2024_09_20_T12:34:54 -  Model step started
2024_09_20_T12:34:54 -  Model step took 0.01790308952331543 seconds
2024_09_20_T12:35:11 -  Model step started
2024_09_20_T12:35:11 -  Model step took 0.01549220085144043 seconds
2024_09_20_T12:35:27 -  Model step started
2024_09_20_T12:35:27 -  Model step took 0.022317886352539062 seconds
2024_09_20_T12:35:44 -  Model step started
2024_09_20_T12:35:44 -  Model step took 0.024937868118286133 seconds
2024_09_20_T12:36:00 -  Model step started
2024_09_20_T12:36:00 -  Model step took 0.014984846115112305 seconds
2024_09_20_T12:36:16 -  Model step started
2024_09_20_T12:36:16 -  Model step took 0.02766895294189453 seconds
2024_09_20_T12:36:32 -  Model step started
2024_09_20_T12:36:32 -  Model step took 0.009331941604614258 seconds
2024_09_20_T12:36:49 -  Model step started
2024_09_20_T12:36:49 -  Model step took 0.017734050750732422 seconds
2024_09_20_T12:37:05 -  Model step started
2024_09_20_T12:37:05 -  Model step took 0.016720056533813477 seconds
2024_09_20_T12:37:21 -  Model step started
2024_09_20_T12:37:21 -  Model step took 0.013090133666992188 seconds
2024_09_20_T12:37:37 -  Model step started
2024_09_20_T12:37:37 -  Model step took 0.019181013107299805 seconds
2024_09_20_T12:37:53 -  Model step started
2024_09_20_T12:37:53 -  Model step took 0.017448902130126953 seconds
2024_09_20_T12:38:09 -  Model step started
2024_09_20_T12:38:09 -  Model step took 0.025361061096191406 seconds
2024_09_20_T12:38:25 -  Model step started
2024_09_20_T12:38:25 -  Model step took 0.010722875595092773 seconds
2024_09_20_T12:38:42 -  Model step started
2024_09_20_T12:38:42 -  Model step took 0.015638113021850586 seconds
2024_09_20_T12:38:58 -  Model step started
2024_09_20_T12:38:58 -  Model step took 0.013870954513549805 seconds
