2024_09_03_T22:42:46 -  finished initateHouses in 0.25014781951904297 seconds
2024_09_03_T22:42:46 -  finished initiateHouseholds in 0.4152679443359375 seconds
2024_09_03_T22:42:46 -  finished assignHousesToHouseholds in 0.6435708999633789 seconds
2024_09_03_T22:43:29 -  Model step started
2024_09_03_T22:44:37 -  Model step took 68.37351584434509 seconds
2024_09_03_T22:45:17 -  Model step started
2024_09_03_T22:45:59 -  Model step took 41.98958992958069 seconds
2024_09_03_T22:46:38 -  Model step started
2024_09_03_T22:47:21 -  Model step took 43.18435001373291 seconds
2024_09_03_T22:48:01 -  Model step started
2024_09_03_T22:48:44 -  Model step took 43.550337076187134 seconds
2024_09_03_T22:49:23 -  Model step started
2024_09_03_T22:50:09 -  Model step took 45.719919204711914 seconds
2024_09_03_T22:50:49 -  Model step started
2024_09_03_T22:51:38 -  Model step took 48.70016407966614 seconds
2024_09_03_T22:52:18 -  Model step started
2024_09_03_T22:53:05 -  Model step took 47.06320381164551 seconds
2024_09_03_T22:53:45 -  Model step started
2024_09_03_T22:54:30 -  Model step took 45.097033977508545 seconds
2024_09_03_T22:55:10 -  Model step started
2024_09_03_T22:55:59 -  Model step took 49.050734996795654 seconds
2024_09_03_T22:56:39 -  Model step started
2024_09_03_T22:57:28 -  Model step took 49.26958203315735 seconds
2024_09_03_T22:58:08 -  Model step started
2024_09_03_T22:58:59 -  Model step took 51.01513600349426 seconds
2024_09_03_T22:59:39 -  Model step started
2024_09_03_T23:00:29 -  Model step took 50.66650605201721 seconds
2024_09_03_T23:01:08 -  Model step started
2024_09_03_T23:01:59 -  Model step took 50.872581005096436 seconds
2024_09_03_T23:02:38 -  Model step started
2024_09_03_T23:03:30 -  Model step took 52.21557402610779 seconds
2024_09_03_T23:04:09 -  Model step started
2024_09_03_T23:05:03 -  Model step took 53.09586000442505 seconds
