2024_09_19_T19:25:25 -  finished initateHouses in 0.5320098400115967 seconds
2024_09_19_T19:25:25 -  finished initiateHouseholds in 0.7721319198608398 seconds
2024_09_19_T19:25:25 -  finished assignHousesToHouseholds in 0.9247889518737793 seconds
2024_09_19_T19:25:39 -  Model step started
2024_09_19_T19:25:41 -  Model step took 1.9507310390472412 seconds
2024_09_19_T19:25:48 -  Model step started
2024_09_19_T19:25:49 -  Model step took 0.6530020236968994 seconds
2024_09_19_T19:25:56 -  Model step started
2024_09_19_T19:25:57 -  Model step took 0.7479019165039062 seconds
2024_09_19_T19:26:07 -  Model step started
2024_09_19_T19:26:07 -  Model step took 0.7936279773712158 seconds
2024_09_19_T19:26:15 -  Model step started
2024_09_19_T19:26:15 -  Model step took 0.6047158241271973 seconds
2024_09_19_T19:26:22 -  Model step started
2024_09_19_T19:26:23 -  Model step took 0.6430268287658691 seconds
2024_09_19_T19:26:30 -  Model step started
2024_09_19_T19:26:31 -  Model step took 0.6042511463165283 seconds
2024_09_19_T19:26:38 -  Model step started
2024_09_19_T19:26:39 -  Model step took 0.5996799468994141 seconds
2024_09_19_T19:26:46 -  Model step started
2024_09_19_T19:26:46 -  Model step took 0.6155109405517578 seconds
2024_09_19_T19:26:54 -  Model step started
2024_09_19_T19:26:55 -  Model step took 0.6210329532623291 seconds
2024_09_19_T19:27:02 -  Model step started
2024_09_19_T19:27:02 -  Model step took 0.6485199928283691 seconds
2024_09_19_T19:27:10 -  Model step started
2024_09_19_T19:27:10 -  Model step took 0.6260390281677246 seconds
2024_09_19_T19:27:17 -  Model step started
2024_09_19_T19:27:18 -  Model step took 0.6498501300811768 seconds
2024_09_19_T19:27:25 -  Model step started
2024_09_19_T19:27:26 -  Model step took 0.615664005279541 seconds
2024_09_19_T19:27:33 -  Model step started
2024_09_19_T19:27:34 -  Model step took 0.6065130233764648 seconds
2024_09_19_T19:27:41 -  Model step started
2024_09_19_T19:27:42 -  Model step took 0.6166379451751709 seconds
2024_09_19_T19:27:49 -  Model step started
2024_09_19_T19:27:50 -  Model step took 1.103132963180542 seconds
2024_09_19_T19:27:57 -  Model step started
2024_09_19_T19:27:58 -  Model step took 1.0000648498535156 seconds
2024_09_19_T19:28:05 -  Model step started
2024_09_19_T19:28:06 -  Model step took 0.9603750705718994 seconds
2024_09_19_T19:28:14 -  Model step started
2024_09_19_T19:28:15 -  Model step took 0.9533259868621826 seconds
2024_09_19_T19:28:22 -  Model step started
2024_09_19_T19:28:23 -  Model step took 1.0394368171691895 seconds
2024_09_19_T19:28:30 -  Model step started
2024_09_19_T19:28:31 -  Model step took 1.1393039226531982 seconds
2024_09_19_T19:28:38 -  Model step started
2024_09_19_T19:28:40 -  Model step took 1.099374771118164 seconds
2024_09_19_T19:28:47 -  Model step started
2024_09_19_T19:28:48 -  Model step took 1.1702330112457275 seconds
2024_09_19_T19:28:56 -  Model step started
2024_09_19_T19:28:57 -  Model step took 1.143261194229126 seconds
2024_09_19_T19:29:04 -  Model step started
2024_09_19_T19:29:05 -  Model step took 0.9420309066772461 seconds
2024_09_19_T19:29:12 -  Model step started
2024_09_19_T19:29:13 -  Model step took 0.8306329250335693 seconds
2024_09_19_T19:29:20 -  Model step started
2024_09_19_T19:29:21 -  Model step took 0.8105611801147461 seconds
2024_09_19_T19:29:29 -  Model step started
2024_09_19_T19:29:29 -  Model step took 0.666780948638916 seconds
2024_09_19_T19:29:37 -  Model step started
2024_09_19_T19:29:37 -  Model step took 0.5805859565734863 seconds
