2024_09_01_T18:38:18 -  finished initateHouses in 0.2643890380859375 seconds
2024_09_01_T18:38:18 -  finished initiateHouseholds in 0.4228229522705078 seconds
2024_09_01_T18:38:18 -  finished assignHousesToHouseholds in 0.6554911136627197 seconds
2024_09_01_T18:39:01 -  Model step started
2024_09_01_T18:40:05 -  Model step took 63.94394016265869 seconds
2024_09_01_T18:40:43 -  Model step started
2024_09_01_T18:41:22 -  Model step took 39.293416023254395 seconds
2024_09_01_T18:42:01 -  Model step started
2024_09_01_T18:42:42 -  Model step took 40.8644859790802 seconds
2024_09_01_T18:43:20 -  Model step started
2024_09_01_T18:44:02 -  Model step took 41.963582038879395 seconds
2024_09_01_T18:44:41 -  Model step started
2024_09_01_T18:45:24 -  Model step took 43.1052770614624 seconds
2024_09_01_T18:46:03 -  Model step started
2024_09_01_T18:46:46 -  Model step took 43.63186192512512 seconds
2024_09_01_T18:47:26 -  Model step started
2024_09_01_T18:48:11 -  Model step took 45.093409061431885 seconds
2024_09_01_T18:48:50 -  Model step started
2024_09_01_T18:49:34 -  Model step took 44.338523149490356 seconds
2024_09_01_T18:50:13 -  Model step started
2024_09_01_T18:50:56 -  Model step took 43.95384097099304 seconds
2024_09_01_T18:51:35 -  Model step started
2024_09_01_T18:52:20 -  Model step took 44.940505027770996 seconds
2024_09_01_T18:52:59 -  Model step started
2024_09_01_T18:53:46 -  Model step took 46.7536358833313 seconds
2024_09_01_T18:54:25 -  Model step started
2024_09_01_T18:55:12 -  Model step took 47.595170974731445 seconds
2024_09_01_T18:55:51 -  Model step started
2024_09_01_T18:56:41 -  Model step took 49.54628086090088 seconds
2024_09_01_T18:57:20 -  Model step started
2024_09_01_T18:58:11 -  Model step took 51.706866979599 seconds
2024_09_01_T18:58:51 -  Model step started
2024_09_01_T18:59:46 -  Model step took 55.10633897781372 seconds
2024_09_01_T19:00:26 -  Model step started
2024_09_01_T19:01:21 -  Model step took 55.509581089019775 seconds
2024_09_01_T19:02:01 -  Model step started
2024_09_01_T19:02:55 -  Model step took 54.69735383987427 seconds
2024_09_01_T19:03:35 -  Model step started
2024_09_01_T19:04:30 -  Model step took 54.27288794517517 seconds
2024_09_01_T19:05:09 -  Model step started
2024_09_01_T19:06:05 -  Model step took 55.61783814430237 seconds
2024_09_01_T19:06:45 -  Model step started
2024_09_01_T19:07:43 -  Model step took 58.19391417503357 seconds
2024_09_01_T19:08:23 -  Model step started
2024_09_01_T19:09:18 -  Model step took 55.176111936569214 seconds
2024_09_01_T19:09:58 -  Model step started
2024_09_01_T19:10:54 -  Model step took 56.460829973220825 seconds
2024_09_01_T19:11:34 -  Model step started
2024_09_01_T19:12:31 -  Model step took 57.09621596336365 seconds
2024_09_01_T19:13:11 -  Model step started
2024_09_01_T19:14:07 -  Model step took 55.70239281654358 seconds
2024_09_01_T19:14:47 -  Model step started
2024_09_01_T19:15:39 -  Model step took 52.07907199859619 seconds
2024_09_01_T19:16:19 -  Model step started
2024_09_01_T19:17:07 -  Model step took 48.1547269821167 seconds
2024_09_01_T19:17:47 -  Model step started
2024_09_01_T19:18:34 -  Model step took 46.60525894165039 seconds
2024_09_01_T19:19:15 -  Model step started
2024_09_01_T19:20:00 -  Model step took 44.95190095901489 seconds
2024_09_01_T19:20:40 -  Model step started
2024_09_01_T19:21:23 -  Model step took 43.36954998970032 seconds
2024_09_01_T19:22:03 -  Model step started
2024_09_01_T19:22:45 -  Model step took 42.18406081199646 seconds
2024_09_01_T19:23:26 -  Model step started
2024_09_01_T19:24:04 -  Model step took 37.97636914253235 seconds
2024_09_01_T19:24:43 -  Model step started
2024_09_01_T19:25:20 -  Model step took 36.453696966171265 seconds
2024_09_01_T19:25:59 -  Model step started
2024_09_01_T19:26:35 -  Model step took 35.32183790206909 seconds
2024_09_01_T19:27:15 -  Model step started
2024_09_01_T19:27:49 -  Model step took 34.3276150226593 seconds
2024_09_01_T19:28:30 -  Model step started
2024_09_01_T19:29:00 -  Model step took 30.79192590713501 seconds
2024_09_01_T19:29:40 -  Model step started
2024_09_01_T19:30:10 -  Model step took 29.306523084640503 seconds
2024_09_01_T19:30:49 -  Model step started
2024_09_01_T19:31:18 -  Model step took 28.709309101104736 seconds
2024_09_01_T19:31:58 -  Model step started
2024_09_01_T19:32:26 -  Model step took 27.887278079986572 seconds
2024_09_01_T19:33:06 -  Model step started
2024_09_01_T19:33:33 -  Model step took 27.353508949279785 seconds
2024_09_01_T19:34:13 -  Model step started
2024_09_01_T19:34:40 -  Model step took 27.10736894607544 seconds
2024_09_01_T19:35:21 -  Model step started
2024_09_01_T19:35:48 -  Model step took 26.647206783294678 seconds
2024_09_01_T19:36:28 -  Model step started
2024_09_01_T19:36:54 -  Model step took 26.74942898750305 seconds
2024_09_01_T19:37:35 -  Model step started
2024_09_01_T19:38:01 -  Model step took 26.51658010482788 seconds
2024_09_01_T19:38:42 -  Model step started
2024_09_01_T19:39:09 -  Model step took 26.420498847961426 seconds
2024_09_01_T19:39:50 -  Model step started
2024_09_01_T19:40:15 -  Model step took 25.849910020828247 seconds
2024_09_01_T19:40:57 -  Model step started
2024_09_01_T19:41:20 -  Model step took 23.80204701423645 seconds
2024_09_01_T19:42:00 -  Model step started
2024_09_01_T19:42:24 -  Model step took 23.261641025543213 seconds
2024_09_01_T19:43:04 -  Model step started
2024_09_01_T19:43:28 -  Model step took 23.37088108062744 seconds
2024_09_01_T19:44:09 -  Model step started
2024_09_01_T19:44:32 -  Model step took 22.95030403137207 seconds
2024_09_01_T19:45:13 -  Model step started
2024_09_01_T19:45:35 -  Model step took 22.1941020488739 seconds
2024_09_01_T19:46:16 -  Model step started
2024_09_01_T19:46:38 -  Model step took 21.90906000137329 seconds
2024_09_01_T19:47:20 -  Model step started
2024_09_01_T19:47:41 -  Model step took 21.27810788154602 seconds
2024_09_01_T19:48:23 -  Model step started
2024_09_01_T19:48:44 -  Model step took 20.79853391647339 seconds
2024_09_01_T19:49:26 -  Model step started
2024_09_01_T19:49:46 -  Model step took 20.552276134490967 seconds
2024_09_01_T19:50:28 -  Model step started
2024_09_01_T19:50:48 -  Model step took 19.992873907089233 seconds
2024_09_01_T19:51:30 -  Model step started
2024_09_01_T19:51:50 -  Model step took 19.64285111427307 seconds
2024_09_01_T19:52:32 -  Model step started
2024_09_01_T19:52:51 -  Model step took 19.182700872421265 seconds
2024_09_01_T19:53:32 -  Model step started
2024_09_01_T19:53:51 -  Model step took 18.405125856399536 seconds
2024_09_01_T19:54:32 -  Model step started
2024_09_01_T19:54:49 -  Model step took 17.87586283683777 seconds
2024_09_01_T19:55:31 -  Model step started
2024_09_01_T19:55:48 -  Model step took 17.33087992668152 seconds
2024_09_01_T19:56:30 -  Model step started
2024_09_01_T19:56:48 -  Model step took 17.806106090545654 seconds
2024_09_01_T19:57:30 -  Model step started
2024_09_01_T19:57:47 -  Model step took 17.130812168121338 seconds
2024_09_01_T19:58:30 -  Model step started
2024_09_01_T19:58:48 -  Model step took 17.706984996795654 seconds
2024_09_01_T19:59:31 -  Model step started
2024_09_01_T19:59:48 -  Model step took 17.393752098083496 seconds
2024_09_01_T20:00:31 -  Model step started
2024_09_01_T20:00:48 -  Model step took 16.80109405517578 seconds
2024_09_01_T20:01:30 -  Model step started
2024_09_01_T20:01:47 -  Model step took 16.98851490020752 seconds
2024_09_01_T20:02:30 -  Model step started
2024_09_01_T20:02:47 -  Model step took 17.03633403778076 seconds
2024_09_01_T20:03:30 -  Model step started
2024_09_01_T20:03:46 -  Model step took 15.925847053527832 seconds
2024_09_01_T20:04:28 -  Model step started
2024_09_01_T20:04:44 -  Model step took 15.876373767852783 seconds
2024_09_01_T20:05:27 -  Model step started
2024_09_01_T20:05:42 -  Model step took 15.123122930526733 seconds
2024_09_01_T20:06:23 -  Model step started
2024_09_01_T20:06:38 -  Model step took 15.118283033370972 seconds
2024_09_01_T20:07:20 -  Model step started
2024_09_01_T20:07:34 -  Model step took 14.84215784072876 seconds
2024_09_01_T20:08:16 -  Model step started
2024_09_01_T20:08:31 -  Model step took 14.762820959091187 seconds
2024_09_01_T20:09:12 -  Model step started
2024_09_01_T20:09:27 -  Model step took 14.829224109649658 seconds
2024_09_01_T20:10:09 -  Model step started
2024_09_01_T20:10:24 -  Model step took 14.77848505973816 seconds
2024_09_01_T20:11:06 -  Model step started
2024_09_01_T20:11:20 -  Model step took 14.726497888565063 seconds
2024_09_01_T20:12:03 -  Model step started
2024_09_01_T20:12:17 -  Model step took 14.457435846328735 seconds
2024_09_01_T20:13:00 -  Model step started
2024_09_01_T20:13:14 -  Model step took 14.319638013839722 seconds
2024_09_01_T20:13:56 -  Model step started
2024_09_01_T20:14:10 -  Model step took 13.887962818145752 seconds
2024_09_01_T20:14:53 -  Model step started
2024_09_01_T20:15:06 -  Model step took 13.263839960098267 seconds
2024_09_01_T20:15:49 -  Model step started
2024_09_01_T20:16:02 -  Model step took 12.887847900390625 seconds
2024_09_01_T20:16:44 -  Model step started
2024_09_01_T20:16:57 -  Model step took 12.544780969619751 seconds
2024_09_01_T20:17:38 -  Model step started
2024_09_01_T20:17:51 -  Model step took 12.90730905532837 seconds
2024_09_01_T20:18:33 -  Model step started
2024_09_01_T20:18:45 -  Model step took 12.025444030761719 seconds
2024_09_01_T20:19:26 -  Model step started
2024_09_01_T20:19:38 -  Model step took 11.854547023773193 seconds
2024_09_01_T20:20:19 -  Model step started
2024_09_01_T20:20:31 -  Model step took 12.059328079223633 seconds
2024_09_01_T20:21:12 -  Model step started
2024_09_01_T20:21:24 -  Model step took 11.708413124084473 seconds
2024_09_01_T20:22:05 -  Model step started
2024_09_01_T20:22:17 -  Model step took 12.256345987319946 seconds
2024_09_01_T20:22:58 -  Model step started
2024_09_01_T20:23:10 -  Model step took 11.833801031112671 seconds
2024_09_01_T20:23:52 -  Model step started
2024_09_01_T20:24:04 -  Model step took 11.693753957748413 seconds
2024_09_01_T20:24:46 -  Model step started
2024_09_01_T20:24:57 -  Model step took 11.560832023620605 seconds
2024_09_01_T20:25:39 -  Model step started
2024_09_01_T20:25:51 -  Model step took 11.722089052200317 seconds
2024_09_01_T20:26:33 -  Model step started
2024_09_01_T20:26:45 -  Model step took 11.948693990707397 seconds
2024_09_01_T20:27:27 -  Model step started
2024_09_01_T20:27:38 -  Model step took 11.155388116836548 seconds
2024_09_01_T20:28:21 -  Model step started
2024_09_01_T20:28:32 -  Model step took 10.962033033370972 seconds
2024_09_01_T20:29:13 -  Model step started
2024_09_01_T20:29:24 -  Model step took 10.61578106880188 seconds
2024_09_01_T20:30:06 -  Model step started
2024_09_01_T20:30:17 -  Model step took 11.022826910018921 seconds
2024_09_01_T20:30:59 -  Model step started
2024_09_01_T20:31:09 -  Model step took 10.311117887496948 seconds
2024_09_01_T20:31:50 -  Model step started
2024_09_01_T20:32:00 -  Model step took 10.451535940170288 seconds
2024_09_01_T20:32:41 -  Model step started
2024_09_01_T20:32:52 -  Model step took 10.382282018661499 seconds
2024_09_01_T20:33:33 -  Model step started
2024_09_01_T20:33:43 -  Model step took 10.407688856124878 seconds
2024_09_01_T20:34:25 -  Model step started
2024_09_01_T20:34:36 -  Model step took 10.233009099960327 seconds
2024_09_01_T20:35:17 -  Model step started
2024_09_01_T20:35:28 -  Model step took 10.719316959381104 seconds
2024_09_01_T20:36:09 -  Model step started
2024_09_01_T20:36:20 -  Model step took 10.72211480140686 seconds
2024_09_01_T20:37:01 -  Model step started
2024_09_01_T20:37:12 -  Model step took 10.356848001480103 seconds
2024_09_01_T20:37:53 -  Model step started
2024_09_01_T20:38:04 -  Model step took 10.626132011413574 seconds
2024_09_01_T20:38:46 -  Model step started
2024_09_01_T20:38:56 -  Model step took 10.160758972167969 seconds
2024_09_01_T20:39:38 -  Model step started
2024_09_01_T20:39:48 -  Model step took 9.901988983154297 seconds
2024_09_01_T20:40:29 -  Model step started
2024_09_01_T20:40:39 -  Model step took 9.993726015090942 seconds
2024_09_01_T20:41:21 -  Model step started
2024_09_01_T20:41:31 -  Model step took 10.18920087814331 seconds
2024_09_01_T20:42:13 -  Model step started
2024_09_01_T20:42:22 -  Model step took 9.498539924621582 seconds
2024_09_01_T20:43:03 -  Model step started
2024_09_01_T20:43:13 -  Model step took 9.49604320526123 seconds
2024_09_01_T20:43:54 -  Model step started
2024_09_01_T20:44:03 -  Model step took 9.637977123260498 seconds
2024_09_01_T20:44:45 -  Model step started
2024_09_01_T20:44:55 -  Model step took 9.888305902481079 seconds
2024_09_01_T20:45:36 -  Model step started
2024_09_01_T20:45:46 -  Model step took 10.201050996780396 seconds
2024_09_01_T20:46:27 -  Model step started
2024_09_01_T20:46:36 -  Model step took 9.372621059417725 seconds
2024_09_01_T20:47:18 -  Model step started
2024_09_01_T20:47:27 -  Model step took 9.62773084640503 seconds
2024_09_01_T20:48:08 -  Model step started
2024_09_01_T20:48:18 -  Model step took 9.62204909324646 seconds
2024_09_01_T20:48:59 -  Model step started
2024_09_01_T20:49:09 -  Model step took 9.293107032775879 seconds
2024_09_01_T20:49:50 -  Model step started
2024_09_01_T20:50:00 -  Model step took 9.335783004760742 seconds
2024_09_01_T20:50:41 -  Model step started
2024_09_01_T20:50:51 -  Model step took 9.61544394493103 seconds
2024_09_01_T20:51:34 -  Model step started
2024_09_01_T20:51:44 -  Model step took 10.350528001785278 seconds
2024_09_01_T20:52:27 -  Model step started
2024_09_01_T20:52:37 -  Model step took 9.388902187347412 seconds
2024_09_01_T20:53:18 -  Model step started
2024_09_01_T20:53:28 -  Model step took 9.296915054321289 seconds
2024_09_01_T20:54:09 -  Model step started
2024_09_01_T20:54:18 -  Model step took 9.325885772705078 seconds
2024_09_01_T20:54:59 -  Model step started
2024_09_01_T20:55:08 -  Model step took 9.292280197143555 seconds
2024_09_01_T20:55:50 -  Model step started
2024_09_01_T20:55:59 -  Model step took 9.476711988449097 seconds
2024_09_01_T20:56:40 -  Model step started
2024_09_01_T20:56:50 -  Model step took 9.374149084091187 seconds
2024_09_01_T20:57:32 -  Model step started
2024_09_01_T20:57:41 -  Model step took 9.360225915908813 seconds
2024_09_01_T20:58:23 -  Model step started
2024_09_01_T20:58:32 -  Model step took 9.152247905731201 seconds
2024_09_01_T20:59:14 -  Model step started
2024_09_01_T20:59:23 -  Model step took 9.206331968307495 seconds
2024_09_01_T21:00:04 -  Model step started
2024_09_01_T21:00:14 -  Model step took 9.28319787979126 seconds
2024_09_01_T21:00:56 -  Model step started
2024_09_01_T21:01:05 -  Model step took 9.264189958572388 seconds
2024_09_01_T21:01:47 -  Model step started
2024_09_01_T21:01:58 -  Model step took 10.143982887268066 seconds
2024_09_01_T21:02:39 -  Model step started
2024_09_01_T21:02:48 -  Model step took 8.8910231590271 seconds
2024_09_01_T21:03:29 -  Model step started
2024_09_01_T21:03:38 -  Model step took 8.85849380493164 seconds
2024_09_01_T21:04:19 -  Model step started
2024_09_01_T21:04:28 -  Model step took 9.033131837844849 seconds
2024_09_01_T21:05:10 -  Model step started
2024_09_01_T21:05:19 -  Model step took 9.092101097106934 seconds
2024_09_01_T21:06:01 -  Model step started
2024_09_01_T21:06:09 -  Model step took 8.822585105895996 seconds
2024_09_01_T21:06:51 -  Model step started
2024_09_01_T21:07:00 -  Model step took 9.023106098175049 seconds
2024_09_01_T21:07:42 -  Model step started
2024_09_01_T21:07:51 -  Model step took 8.985163927078247 seconds
2024_09_01_T21:08:33 -  Model step started
2024_09_01_T21:08:42 -  Model step took 8.696182012557983 seconds
2024_09_01_T21:09:24 -  Model step started
2024_09_01_T21:09:33 -  Model step took 8.573584079742432 seconds
2024_09_01_T21:10:15 -  Model step started
2024_09_01_T21:10:24 -  Model step took 9.072110891342163 seconds
