2024_09_06_T04:20:40 -  finished initateHouses in 0.29012298583984375 seconds
2024_09_06_T04:20:41 -  finished initiateHouseholds in 0.5172088146209717 seconds
2024_09_06_T04:20:41 -  finished assignHousesToHouseholds in 0.8557949066162109 seconds
2024_09_06_T04:21:46 -  Model step started
2024_09_06_T04:26:16 -  Model step took 270.6504099369049 seconds
2024_09_06_T04:27:17 -  Model step started
2024_09_06_T04:28:13 -  Model step took 56.17183995246887 seconds
2024_09_06_T04:29:14 -  Model step started
2024_09_06_T04:30:11 -  Model step took 57.29994511604309 seconds
2024_09_06_T04:31:12 -  Model step started
2024_09_06_T04:32:10 -  Model step took 57.304283142089844 seconds
2024_09_06_T04:33:11 -  Model step started
2024_09_06_T04:34:10 -  Model step took 59.19657802581787 seconds
2024_09_06_T04:35:11 -  Model step started
2024_09_06_T04:36:11 -  Model step took 59.34261512756348 seconds
2024_09_06_T04:37:13 -  Model step started
2024_09_06_T04:38:14 -  Model step took 61.320409059524536 seconds
2024_09_06_T04:39:15 -  Model step started
2024_09_06_T04:40:18 -  Model step took 62.653409004211426 seconds
2024_09_06_T04:41:19 -  Model step started
2024_09_06_T04:42:22 -  Model step took 63.50667595863342 seconds
2024_09_06_T04:43:23 -  Model step started
2024_09_06_T04:44:28 -  Model step took 64.93820810317993 seconds
2024_09_06_T04:45:30 -  Model step started
2024_09_06_T04:46:35 -  Model step took 65.3031599521637 seconds
2024_09_06_T04:47:37 -  Model step started
2024_09_06_T04:48:45 -  Model step took 67.62865400314331 seconds
2024_09_06_T04:49:47 -  Model step started
2024_09_06_T04:50:53 -  Model step took 66.44284391403198 seconds
2024_09_06_T04:51:55 -  Model step started
2024_09_06_T04:53:03 -  Model step took 68.03269982337952 seconds
2024_09_06_T04:54:05 -  Model step started
2024_09_06_T04:55:14 -  Model step took 68.52190804481506 seconds
