2024_09_06_T03:47:19 -  finished initateHouses in 0.33745694160461426 seconds
2024_09_06_T03:47:20 -  finished initiateHouseholds in 0.5816018581390381 seconds
2024_09_06_T03:47:20 -  finished assignHousesToHouseholds in 0.9238038063049316 seconds
2024_09_06_T03:48:26 -  Model step started
2024_09_06_T03:53:18 -  Model step took 292.15594005584717 seconds
2024_09_06_T03:54:20 -  Model step started
2024_09_06_T03:55:18 -  Model step took 57.2726571559906 seconds
2024_09_06_T03:56:21 -  Model step started
2024_09_06_T03:57:13 -  Model step took 51.21045279502869 seconds
2024_09_06_T03:58:14 -  Model step started
2024_09_06_T03:59:05 -  Model step took 50.51964712142944 seconds
2024_09_06_T04:00:06 -  Model step started
2024_09_06_T04:00:57 -  Model step took 50.748420000076294 seconds
2024_09_06_T04:01:58 -  Model step started
2024_09_06_T04:02:49 -  Model step took 50.80250692367554 seconds
2024_09_06_T04:03:51 -  Model step started
2024_09_06_T04:04:44 -  Model step took 53.22772693634033 seconds
2024_09_06_T04:05:47 -  Model step started
2024_09_06_T04:06:40 -  Model step took 53.6793909072876 seconds
2024_09_06_T04:07:43 -  Model step started
2024_09_06_T04:08:36 -  Model step took 52.908329010009766 seconds
2024_09_06_T04:09:38 -  Model step started
2024_09_06_T04:10:31 -  Model step took 52.51812791824341 seconds
2024_09_06_T04:11:33 -  Model step started
2024_09_06_T04:12:27 -  Model step took 53.516534090042114 seconds
2024_09_06_T04:13:29 -  Model step started
2024_09_06_T04:14:24 -  Model step took 55.0807158946991 seconds
2024_09_06_T04:15:26 -  Model step started
2024_09_06_T04:16:21 -  Model step took 54.0859739780426 seconds
2024_09_06_T04:17:24 -  Model step started
2024_09_06_T04:18:21 -  Model step took 56.87005090713501 seconds
2024_09_06_T04:19:24 -  Model step started
2024_09_06_T04:20:20 -  Model step took 56.325210094451904 seconds
