2024_07_26_T12:40:05 -  finished initateHouses in 0.2368171215057373 seconds
2024_07_26_T12:40:05 -  finished initiateHouseholds in 0.37415313720703125 seconds
2024_07_26_T12:40:05 -  finished assignHousesToHouseholds in 0.5268621444702148 seconds
2024_07_26_T12:40:24 -  Model step started
2024_07_26_T12:40:33 -  Model step took 9.2053542137146 seconds
2024_07_26_T12:40:49 -  Model step started
2024_07_26_T12:40:54 -  Model step took 5.3961920738220215 seconds
2024_07_26_T12:41:09 -  Model step started
2024_07_26_T12:41:15 -  Model step took 5.535588026046753 seconds
2024_07_26_T12:41:30 -  Model step started
2024_07_26_T12:41:36 -  Model step took 5.826548099517822 seconds
2024_07_26_T12:41:51 -  Model step started
2024_07_26_T12:41:57 -  Model step took 6.0114500522613525 seconds
2024_07_26_T12:42:12 -  Model step started
2024_07_26_T12:42:19 -  Model step took 6.371295928955078 seconds
2024_07_26_T12:42:34 -  Model step started
2024_07_26_T12:42:41 -  Model step took 6.377695798873901 seconds
2024_07_26_T12:42:56 -  Model step started
2024_07_26_T12:43:02 -  Model step took 6.240344047546387 seconds
2024_07_26_T12:43:18 -  Model step started
2024_07_26_T12:43:24 -  Model step took 6.235292911529541 seconds
2024_07_26_T12:43:40 -  Model step started
2024_07_26_T12:43:46 -  Model step took 6.1022419929504395 seconds
2024_07_26_T12:44:02 -  Model step started
2024_07_26_T12:44:08 -  Model step took 6.160730838775635 seconds
2024_07_26_T12:44:24 -  Model step started
2024_07_26_T12:44:30 -  Model step took 6.287786960601807 seconds
2024_07_26_T12:44:46 -  Model step started
2024_07_26_T12:44:52 -  Model step took 6.355371952056885 seconds
2024_07_26_T12:45:08 -  Model step started
2024_07_26_T12:45:15 -  Model step took 6.6742589473724365 seconds
2024_07_26_T12:45:30 -  Model step started
2024_07_26_T12:45:37 -  Model step took 6.275935888290405 seconds
2024_07_26_T12:45:52 -  Model step started
2024_07_26_T12:45:59 -  Model step took 6.419000864028931 seconds
2024_07_26_T12:46:14 -  Model step started
2024_07_26_T12:46:21 -  Model step took 6.681280136108398 seconds
2024_07_26_T12:46:37 -  Model step started
2024_07_26_T12:46:43 -  Model step took 6.602427959442139 seconds
2024_07_26_T12:46:59 -  Model step started
2024_07_26_T12:47:06 -  Model step took 6.571691989898682 seconds
2024_07_26_T12:47:22 -  Model step started
2024_07_26_T12:47:28 -  Model step took 6.692671060562134 seconds
2024_07_26_T12:47:44 -  Model step started
2024_07_26_T12:47:51 -  Model step took 6.460916042327881 seconds
2024_07_26_T12:48:07 -  Model step started
2024_07_26_T12:48:13 -  Model step took 6.019356966018677 seconds
2024_07_26_T12:48:28 -  Model step started
2024_07_26_T12:48:34 -  Model step took 5.926196098327637 seconds
2024_07_26_T12:48:50 -  Model step started
2024_07_26_T12:48:56 -  Model step took 5.864663124084473 seconds
