2024_10_03_T10:15:39 -  finished initateHouses in 0.7115890979766846 seconds
2024_10_03_T10:15:39 -  finished initiateHouseholds in 0.9529819488525391 seconds
2024_10_03_T10:15:39 -  finished assignHousesToHouseholds in 1.1962361335754395 seconds
2024_10_03_T10:15:50 -  Model step started
2024_10_03_T10:15:51 -  Model step took 1.1262431144714355 seconds
2024_10_03_T10:15:54 -  Model step started
2024_10_03_T10:15:54 -  Model step took 0.19641590118408203 seconds
2024_10_03_T10:15:57 -  Model step started
2024_10_03_T10:15:57 -  Model step took 0.1589949131011963 seconds
2024_10_03_T10:15:59 -  Model step started
2024_10_03_T10:15:59 -  Model step took 0.15776610374450684 seconds
2024_10_03_T10:16:03 -  Model step started
2024_10_03_T10:16:03 -  Model step took 0.1151878833770752 seconds
2024_10_03_T10:16:06 -  Model step started
2024_10_03_T10:16:06 -  Model step took 0.11847901344299316 seconds
2024_10_03_T10:16:09 -  Model step started
2024_10_03_T10:16:09 -  Model step took 0.11200594902038574 seconds
2024_10_03_T10:16:13 -  Model step started
2024_10_03_T10:16:13 -  Model step took 0.1708841323852539 seconds
2024_10_03_T10:16:19 -  Model step started
2024_10_03_T10:16:19 -  Model step took 0.058653831481933594 seconds
2024_10_03_T10:16:25 -  Model step started
2024_10_03_T10:16:25 -  Model step took 0.20624804496765137 seconds
2024_10_03_T10:16:32 -  Model step started
2024_10_03_T10:16:32 -  Model step took 0.1885089874267578 seconds
2024_10_03_T10:16:38 -  Model step started
2024_10_03_T10:16:38 -  Model step took 0.14730310440063477 seconds
2024_10_03_T10:16:43 -  Model step started
2024_10_03_T10:16:43 -  Model step took 0.09374284744262695 seconds
2024_10_03_T10:16:46 -  Model step started
2024_10_03_T10:16:46 -  Model step took 0.07963991165161133 seconds
2024_10_03_T10:16:49 -  Model step started
2024_10_03_T10:16:49 -  Model step took 0.07579803466796875 seconds
2024_10_03_T10:16:52 -  Model step started
2024_10_03_T10:16:52 -  Model step took 0.06652998924255371 seconds
2024_10_03_T10:16:54 -  Model step started
2024_10_03_T10:16:54 -  Model step took 0.06434893608093262 seconds
2024_10_03_T10:16:57 -  Model step started
2024_10_03_T10:16:57 -  Model step took 0.06307005882263184 seconds
2024_10_03_T10:16:59 -  Model step started
2024_10_03_T10:16:59 -  Model step took 0.06698799133300781 seconds
2024_10_03_T10:17:02 -  Model step started
2024_10_03_T10:17:02 -  Model step took 0.06343698501586914 seconds
2024_10_03_T10:17:04 -  Model step started
2024_10_03_T10:17:04 -  Model step took 0.07434701919555664 seconds
2024_10_03_T10:17:07 -  Model step started
2024_10_03_T10:17:07 -  Model step took 0.05925893783569336 seconds
2024_10_03_T10:17:09 -  Model step started
2024_10_03_T10:17:09 -  Model step took 0.06234312057495117 seconds
2024_10_03_T10:17:12 -  Model step started
2024_10_03_T10:17:12 -  Model step took 0.05961894989013672 seconds
2024_10_03_T10:17:19 -  Model step started
2024_10_03_T10:17:19 -  Model step took 0.1058509349822998 seconds
2024_10_03_T10:17:22 -  Model step started
2024_10_03_T10:17:22 -  Model step took 0.06219005584716797 seconds
2024_10_03_T10:17:25 -  Model step started
2024_10_03_T10:17:25 -  Model step took 0.0666511058807373 seconds
2024_10_03_T10:17:27 -  Model step started
2024_10_03_T10:17:28 -  Model step took 0.06278204917907715 seconds
2024_10_03_T10:17:30 -  Model step started
2024_10_03_T10:17:30 -  Model step took 0.0648031234741211 seconds
2024_10_03_T10:17:32 -  Model step started
2024_10_03_T10:17:32 -  Model step took 0.06902289390563965 seconds
2024_10_03_T10:17:35 -  Model step started
2024_10_03_T10:17:35 -  Model step took 0.05335688591003418 seconds
2024_10_03_T10:17:37 -  Model step started
2024_10_03_T10:17:37 -  Model step took 0.048847198486328125 seconds
2024_10_03_T10:17:39 -  Model step started
2024_10_03_T10:17:39 -  Model step took 0.05646014213562012 seconds
2024_10_03_T10:17:42 -  Model step started
2024_10_03_T10:17:42 -  Model step took 0.07745695114135742 seconds
2024_10_03_T10:17:44 -  Model step started
2024_10_03_T10:17:44 -  Model step took 0.05874300003051758 seconds
2024_10_03_T10:17:46 -  Model step started
2024_10_03_T10:17:46 -  Model step took 0.057325124740600586 seconds
2024_10_03_T10:17:48 -  Model step started
2024_10_03_T10:17:48 -  Model step took 0.04739999771118164 seconds
2024_10_03_T10:17:50 -  Model step started
2024_10_03_T10:17:50 -  Model step took 0.047540903091430664 seconds
2024_10_03_T10:17:52 -  Model step started
2024_10_03_T10:17:52 -  Model step took 0.05161404609680176 seconds
2024_10_03_T10:17:54 -  Model step started
2024_10_03_T10:17:55 -  Model step took 0.04299807548522949 seconds
2024_10_03_T10:17:57 -  Model step started
2024_10_03_T10:17:57 -  Model step took 0.04662609100341797 seconds
2024_10_03_T10:17:59 -  Model step started
2024_10_03_T10:17:59 -  Model step took 0.048874855041503906 seconds
2024_10_03_T10:18:01 -  Model step started
2024_10_03_T10:18:01 -  Model step took 0.04289102554321289 seconds
2024_10_03_T10:18:03 -  Model step started
2024_10_03_T10:18:03 -  Model step took 0.0733339786529541 seconds
2024_10_03_T10:18:05 -  Model step started
2024_10_03_T10:18:05 -  Model step took 0.05184483528137207 seconds
2024_10_03_T10:18:08 -  Model step started
2024_10_03_T10:18:08 -  Model step took 0.050431013107299805 seconds
2024_10_03_T10:18:10 -  Model step started
2024_10_03_T10:18:10 -  Model step took 0.04674100875854492 seconds
2024_10_03_T10:18:12 -  Model step started
2024_10_03_T10:18:12 -  Model step took 0.05444002151489258 seconds
2024_10_03_T10:18:14 -  Model step started
2024_10_03_T10:18:14 -  Model step took 0.053655147552490234 seconds
2024_10_03_T10:18:17 -  Model step started
2024_10_03_T10:18:17 -  Model step took 0.06246805191040039 seconds
