2024_09_14_T23:19:37 -  finished initateHouses in 0.34122419357299805 seconds
2024_09_14_T23:19:37 -  finished initiateHouseholds in 0.5859432220458984 seconds
2024_09_14_T23:19:37 -  finished assignHousesToHouseholds in 0.73468017578125 seconds
2024_09_14_T23:20:39 -  Model step started
2024_09_14_T23:20:53 -  Model step took 14.236816883087158 seconds
2024_09_14_T23:21:52 -  Model step started
2024_09_14_T23:21:55 -  Model step took 2.896393060684204 seconds
2024_09_14_T23:22:54 -  Model step started
2024_09_14_T23:22:54 -  Model step took 0.07535815238952637 seconds
2024_09_14_T23:23:53 -  Model step started
2024_09_14_T23:23:53 -  Model step took 0.06818890571594238 seconds
2024_09_14_T23:24:53 -  Model step started
2024_09_14_T23:24:53 -  Model step took 0.0717020034790039 seconds
2024_09_14_T23:25:53 -  Model step started
2024_09_14_T23:25:54 -  Model step took 0.0791318416595459 seconds
2024_09_14_T23:26:56 -  Model step started
2024_09_14_T23:26:56 -  Model step took 0.07231593132019043 seconds
2024_09_14_T23:27:58 -  Model step started
2024_09_14_T23:27:58 -  Model step took 0.07405710220336914 seconds
2024_09_14_T23:29:03 -  Model step started
2024_09_14_T23:29:03 -  Model step took 0.06990504264831543 seconds
