2024_10_20_T10:46:56 -  finished initateHouses in 0.7337629795074463 seconds
2024_10_20_T10:46:56 -  finished initiateHouseholds in 0.930487871170044 seconds
2024_10_20_T10:46:57 -  finished assignHousesToHouseholds in 1.0964720249176025 seconds
2024_10_20_T10:47:00 -  Metrics: sum_wealth took 1.1920928955078125e-6
2024_10_20_T10:47:01 -  Metrics: wealth_distribution took 4.0531158447265625e-6
2024_10_20_T10:47:01 -  Metrics: money_distribution took 5.0067901611328125e-6
2024_10_20_T10:47:01 -  Metrics: size_distribution took 5.0067901611328125e-6
2024_10_20_T10:47:01 -  Metrics: age_distribution took 4.0531158447265625e-6
2024_10_20_T10:47:03 -  Metrics: sum_wealth took 3.218650817871094e-5
2024_10_20_T10:47:03 -  Metrics: wealth_distribution took 0.010334014892578125
2024_10_20_T10:47:03 -  Metrics: money_distribution took 0.00036215782165527344
2024_10_20_T10:47:04 -  Metrics: size_distribution took 0.007012128829956055
2024_10_20_T10:47:04 -  Metrics: age_distribution took 0.0004279613494873047
2024_10_20_T10:47:06 -  Model step started
2024_10_20_T10:47:06 -  clearHangingSupplies started
2024_10_20_T10:47:06 -  clearHangingSupplies took 0.004911184310913086
2024_10_20_T10:47:06 -  clearHangingRentalSupplies started
2024_10_20_T10:47:06 -  clearHangingRentalSupplies took 0.0032639503479003906
2024_10_20_T10:47:06 -  clearHouseMarket started
2024_10_20_T10:47:06 -  clearHouseMarket - first block took 0.3555588722229004
2024_10_20_T10:47:06 -  clearHouseMarket - second block took 0.1747598648071289
2024_10_20_T10:47:07 -  clearHouseMarket - third block took 0.014563798904418945
2024_10_20_T10:47:07 -  clearRentalMarket started
2024_10_20_T10:47:07 -  clearRentalMarket - first block took 0.07343721389770508
2024_10_20_T10:47:07 -  clearRentalMarket - second block took 2.2172927856445312e-5
2024_10_20_T10:47:07 -  Pushed house into housesBuiltPerRegion (location,size) = (Odivelas, LessThan75)
2024_10_20_T10:47:07 -  Pushed house into housesBuiltPerRegion (location,size) = (Sintra, LessThan50)
2024_10_20_T10:47:07 -  Pushed house into housesBuiltPerRegion (location,size) = (Sintra, LessThan75)
2024_10_20_T10:47:07 -  Pushed house into housesBuiltPerRegion (location,size) = (Sesimbra, More)
2024_10_20_T10:47:07 -  Model step took 1.1693401336669922 seconds
2024_10_20_T10:47:07 -  Metrics: sum_wealth took 4.8160552978515625e-5
2024_10_20_T10:47:07 -  Metrics: wealth_distribution took 0.00042319297790527344
2024_10_20_T10:47:07 -  Metrics: money_distribution took 0.000415802001953125
2024_10_20_T10:47:07 -  Metrics: size_distribution took 0.00033092498779296875
2024_10_20_T10:47:07 -  Metrics: age_distribution took 0.0004119873046875
2024_10_20_T10:47:08 -  Model step started
2024_10_20_T10:47:08 -  clearHangingSupplies started
2024_10_20_T10:47:08 -  clearHangingSupplies took 0.0001690387725830078
2024_10_20_T10:47:08 -  clearHangingRentalSupplies started
2024_10_20_T10:47:08 -  clearHangingRentalSupplies took 5.0067901611328125e-6
2024_10_20_T10:47:08 -  clearHouseMarket started
2024_10_20_T10:47:09 -  clearHouseMarket - first block took 0.20517706871032715
2024_10_20_T10:47:09 -  clearHouseMarket - second block took 0.0018758773803710938
2024_10_20_T10:47:09 -  clearHouseMarket - third block took 0.0001838207244873047
2024_10_20_T10:47:09 -  clearRentalMarket started
2024_10_20_T10:47:09 -  clearRentalMarket - first block took 2.09808349609375e-5
2024_10_20_T10:47:09 -  clearRentalMarket - second block took 3.814697265625e-6
2024_10_20_T10:47:09 -  Pushed house into housesBuiltPerRegion (location,size) = (Cascais, LessThan50)
2024_10_20_T10:47:09 -  Pushed house into housesBuiltPerRegion (location,size) = (Setubal, LessThan50)
2024_10_20_T10:47:09 -  Pushed house into housesBuiltPerRegion (location,size) = (Setubal, LessThan75)
2024_10_20_T10:47:09 -  Model step took 0.2303919792175293 seconds
2024_10_20_T10:47:09 -  Metrics: sum_wealth took 4.696846008300781e-5
2024_10_20_T10:47:09 -  Metrics: wealth_distribution took 0.0003418922424316406
2024_10_20_T10:47:09 -  Metrics: money_distribution took 0.00028896331787109375
2024_10_20_T10:47:09 -  Metrics: size_distribution took 0.0002720355987548828
2024_10_20_T10:47:09 -  Metrics: age_distribution took 0.00033211708068847656
2024_10_20_T10:47:10 -  Model step started
2024_10_20_T10:47:10 -  clearHangingSupplies started
2024_10_20_T10:47:10 -  clearHangingSupplies took 0.010869979858398438
2024_10_20_T10:47:10 -  clearHangingRentalSupplies started
2024_10_20_T10:47:10 -  clearHangingRentalSupplies took 5.0067901611328125e-6
2024_10_20_T10:47:10 -  clearHouseMarket started
2024_10_20_T10:47:11 -  clearHouseMarket - first block took 0.2330920696258545
2024_10_20_T10:47:11 -  clearHouseMarket - second block took 0.04801297187805176
2024_10_20_T10:47:11 -  clearHouseMarket - third block took 0.0001900196075439453
2024_10_20_T10:47:11 -  clearRentalMarket started
2024_10_20_T10:47:11 -  clearRentalMarket - first block took 0.05167198181152344
2024_10_20_T10:47:11 -  clearRentalMarket - second block took 0.0462491512298584
2024_10_20_T10:47:11 -  Pushed house into housesBuiltPerRegion (location,size) = (Lisboa, LessThan75)
2024_10_20_T10:47:11 -  Pushed house into housesBuiltPerRegion (location,size) = (Seixal, LessThan75)
2024_10_20_T10:47:11 -  Model step took 0.41241002082824707 seconds
2024_10_20_T10:47:11 -  Metrics: sum_wealth took 6.008148193359375e-5
2024_10_20_T10:47:11 -  Metrics: wealth_distribution took 0.0003249645233154297
2024_10_20_T10:47:11 -  Metrics: money_distribution took 0.00034809112548828125
2024_10_20_T10:47:11 -  Metrics: size_distribution took 0.0003008842468261719
2024_10_20_T10:47:11 -  Metrics: age_distribution took 0.00033211708068847656
2024_10_20_T10:47:12 -  Model step started
2024_10_20_T10:47:12 -  clearHangingSupplies started
2024_10_20_T10:47:12 -  clearHangingSupplies took 0.00021600723266601562
2024_10_20_T10:47:12 -  clearHangingRentalSupplies started
2024_10_20_T10:47:12 -  clearHangingRentalSupplies took 2.86102294921875e-6
2024_10_20_T10:47:13 -  clearHouseMarket started
2024_10_20_T10:47:13 -  clearHouseMarket - first block took 0.2222130298614502
2024_10_20_T10:47:13 -  clearHouseMarket - second block took 0.0026159286499023438
2024_10_20_T10:47:13 -  clearHouseMarket - third block took 0.0001811981201171875
2024_10_20_T10:47:13 -  clearRentalMarket started
2024_10_20_T10:47:13 -  clearRentalMarket - first block took 0.0015339851379394531
2024_10_20_T10:47:13 -  clearRentalMarket - second block took 7.796287536621094e-5
2024_10_20_T10:47:13 -  Pushed house into housesBuiltPerRegion (location,size) = (Amadora, LessThan125)
2024_10_20_T10:47:13 -  Pushed house into housesBuiltPerRegion (location,size) = (Seixal, LessThan125)
2024_10_20_T10:47:13 -  Pushed house into housesBuiltPerRegion (location,size) = (Setubal, LessThan125)
2024_10_20_T10:47:13 -  Model step took 0.24839997291564941 seconds
2024_10_20_T10:47:13 -  Metrics: sum_wealth took 6.198883056640625e-5
2024_10_20_T10:47:13 -  Metrics: wealth_distribution took 0.00035381317138671875
2024_10_20_T10:47:13 -  Metrics: money_distribution took 0.0003230571746826172
2024_10_20_T10:47:13 -  Metrics: size_distribution took 0.0002410411834716797
2024_10_20_T10:47:13 -  Metrics: age_distribution took 0.0002770423889160156
2024_10_20_T10:47:14 -  Model step started
2024_10_20_T10:47:14 -  clearHangingSupplies started
2024_10_20_T10:47:14 -  clearHangingSupplies took 0.0001900196075439453
2024_10_20_T10:47:14 -  clearHangingRentalSupplies started
2024_10_20_T10:47:14 -  clearHangingRentalSupplies took 2.1457672119140625e-6
2024_10_20_T10:47:14 -  clearHouseMarket started
2024_10_20_T10:47:15 -  clearHouseMarket - first block took 0.22132205963134766
2024_10_20_T10:47:15 -  clearHouseMarket - second block took 0.0008759498596191406
2024_10_20_T10:47:15 -  clearHouseMarket - third block took 0.00013303756713867188
2024_10_20_T10:47:15 -  clearRentalMarket started
2024_10_20_T10:47:15 -  clearRentalMarket - first block took 1.811981201171875e-5
2024_10_20_T10:47:15 -  clearRentalMarket - second block took 1.9073486328125e-6
2024_10_20_T10:47:15 -  Pushed house into housesBuiltPerRegion (location,size) = (Lisboa, LessThan75)
2024_10_20_T10:47:15 -  Pushed house into housesBuiltPerRegion (location,size) = (VilaFrancaDeXira, LessThan50)
2024_10_20_T10:47:15 -  Pushed house into housesBuiltPerRegion (location,size) = (Alcochete, More)
2024_10_20_T10:47:15 -  Pushed house into housesBuiltPerRegion (location,size) = (Almada, LessThan50)
2024_10_20_T10:47:15 -  Pushed house into housesBuiltPerRegion (location,size) = (Palmela, More)
2024_10_20_T10:47:15 -  Pushed house into housesBuiltPerRegion (location,size) = (Seixal, LessThan125)
2024_10_20_T10:47:15 -  Pushed house into housesBuiltPerRegion (location,size) = (Seixal, LessThan75)
2024_10_20_T10:47:15 -  Model step took 0.24822092056274414 seconds
2024_10_20_T10:47:15 -  Metrics: sum_wealth took 3.4809112548828125e-5
2024_10_20_T10:47:15 -  Metrics: wealth_distribution took 0.0003921985626220703
2024_10_20_T10:47:15 -  Metrics: money_distribution took 0.0003540515899658203
2024_10_20_T10:47:15 -  Metrics: size_distribution took 0.0002810955047607422
2024_10_20_T10:47:15 -  Metrics: age_distribution took 0.00041794776916503906
2024_10_20_T10:47:16 -  Model step started
2024_10_20_T10:47:16 -  clearHangingSupplies started
2024_10_20_T10:47:16 -  clearHangingSupplies took 0.00014781951904296875
2024_10_20_T10:47:16 -  clearHangingRentalSupplies started
2024_10_20_T10:47:16 -  clearHangingRentalSupplies took 2.1457672119140625e-6
2024_10_20_T10:47:16 -  clearHouseMarket started
2024_10_20_T10:47:17 -  clearHouseMarket - first block took 0.22629690170288086
2024_10_20_T10:47:17 -  clearHouseMarket - second block took 0.000982046127319336
2024_10_20_T10:47:17 -  clearHouseMarket - third block took 0.00013899803161621094
2024_10_20_T10:47:17 -  clearRentalMarket started
2024_10_20_T10:47:17 -  clearRentalMarket - first block took 1.3828277587890625e-5
2024_10_20_T10:47:17 -  clearRentalMarket - second block took 9.5367431640625e-7
2024_10_20_T10:47:17 -  Pushed house into housesBuiltPerRegion (location,size) = (Lisboa, LessThan50)
2024_10_20_T10:47:17 -  Model step took 0.25986599922180176 seconds
2024_10_20_T10:47:17 -  Metrics: sum_wealth took 5.602836608886719e-5
2024_10_20_T10:47:17 -  Metrics: wealth_distribution took 0.00042819976806640625
2024_10_20_T10:47:17 -  Metrics: money_distribution took 0.0003609657287597656
2024_10_20_T10:47:17 -  Metrics: size_distribution took 0.00025081634521484375
2024_10_20_T10:47:17 -  Metrics: age_distribution took 0.0003178119659423828
2024_10_20_T10:47:18 -  Model step started
2024_10_20_T10:47:18 -  clearHangingSupplies started
2024_10_20_T10:47:18 -  clearHangingSupplies took 0.00020503997802734375
2024_10_20_T10:47:18 -  clearHangingRentalSupplies started
2024_10_20_T10:47:18 -  clearHangingRentalSupplies took 9.5367431640625e-7
2024_10_20_T10:47:18 -  clearHouseMarket started
2024_10_20_T10:47:18 -  clearHouseMarket - first block took 0.2222139835357666
2024_10_20_T10:47:18 -  clearHouseMarket - second block took 0.0016980171203613281
2024_10_20_T10:47:18 -  clearHouseMarket - third block took 0.00024509429931640625
2024_10_20_T10:47:18 -  clearRentalMarket started
2024_10_20_T10:47:18 -  clearRentalMarket - first block took 0.00023698806762695312
2024_10_20_T10:47:18 -  clearRentalMarket - second block took 1.811981201171875e-5
2024_10_20_T10:47:18 -  Pushed house into housesBuiltPerRegion (location,size) = (Mafra, More)
2024_10_20_T10:47:18 -  Pushed house into housesBuiltPerRegion (location,size) = (Oeiras, More)
2024_10_20_T10:47:18 -  Pushed house into housesBuiltPerRegion (location,size) = (Alcochete, LessThan50)
2024_10_20_T10:47:18 -  Pushed house into housesBuiltPerRegion (location,size) = (Montijo, LessThan50)
2024_10_20_T10:47:18 -  Model step took 0.24672508239746094 seconds
2024_10_20_T10:47:18 -  Metrics: sum_wealth took 7.987022399902344e-5
2024_10_20_T10:47:18 -  Metrics: wealth_distribution took 0.0003609657287597656
2024_10_20_T10:47:18 -  Metrics: money_distribution took 0.0003669261932373047
2024_10_20_T10:47:18 -  Metrics: size_distribution took 0.0002598762512207031
2024_10_20_T10:47:18 -  Metrics: age_distribution took 0.000270843505859375
2024_10_20_T10:47:20 -  Model step started
2024_10_20_T10:47:20 -  clearHangingSupplies started
2024_10_20_T10:47:20 -  clearHangingSupplies took 0.000225067138671875
2024_10_20_T10:47:20 -  clearHangingRentalSupplies started
2024_10_20_T10:47:20 -  clearHangingRentalSupplies took 1.9073486328125e-6
2024_10_20_T10:47:20 -  clearHouseMarket started
2024_10_20_T10:47:20 -  clearHouseMarket - first block took 0.2217710018157959
2024_10_20_T10:47:20 -  clearHouseMarket - second block took 0.00030803680419921875
2024_10_20_T10:47:20 -  clearHouseMarket - third block took 0.0001251697540283203
2024_10_20_T10:47:20 -  clearRentalMarket started
2024_10_20_T10:47:20 -  clearRentalMarket - first block took 1.1920928955078125e-5
2024_10_20_T10:47:20 -  clearRentalMarket - second block took 9.5367431640625e-7
2024_10_20_T10:47:20 -  Pushed house into housesBuiltPerRegion (location,size) = (Lisboa, LessThan125)
2024_10_20_T10:47:20 -  Pushed house into housesBuiltPerRegion (location,size) = (Mafra, LessThan125)
2024_10_20_T10:47:20 -  Pushed house into housesBuiltPerRegion (location,size) = (Sintra, More)
2024_10_20_T10:47:20 -  Pushed house into housesBuiltPerRegion (location,size) = (Seixal, More)
2024_10_20_T10:47:20 -  Model step took 0.24530792236328125 seconds
2024_10_20_T10:47:20 -  Metrics: sum_wealth took 4.38690185546875e-5
2024_10_20_T10:47:20 -  Metrics: wealth_distribution took 0.00035190582275390625
2024_10_20_T10:47:20 -  Metrics: money_distribution took 0.0003559589385986328
2024_10_20_T10:47:20 -  Metrics: size_distribution took 0.00026488304138183594
2024_10_20_T10:47:20 -  Metrics: age_distribution took 0.0003139972686767578
2024_10_20_T10:47:22 -  Model step started
2024_10_20_T10:47:22 -  clearHangingSupplies started
2024_10_20_T10:47:22 -  clearHangingSupplies took 0.0002410411834716797
2024_10_20_T10:47:22 -  clearHangingRentalSupplies started
2024_10_20_T10:47:22 -  clearHangingRentalSupplies took 9.5367431640625e-7
2024_10_20_T10:47:22 -  clearHouseMarket started
2024_10_20_T10:47:22 -  clearHouseMarket - first block took 0.25337791442871094
2024_10_20_T10:47:22 -  clearHouseMarket - second block took 0.0012180805206298828
2024_10_20_T10:47:22 -  clearHouseMarket - third block took 0.0002009868621826172
2024_10_20_T10:47:22 -  clearRentalMarket started
2024_10_20_T10:47:22 -  clearRentalMarket - first block took 3.1948089599609375e-5
2024_10_20_T10:47:22 -  clearRentalMarket - second block took 9.5367431640625e-7
2024_10_20_T10:47:22 -  Pushed house into housesBuiltPerRegion (location,size) = (Odivelas, LessThan125)
2024_10_20_T10:47:22 -  Model step took 0.27603793144226074 seconds
2024_10_20_T10:47:22 -  Metrics: sum_wealth took 5.602836608886719e-5
2024_10_20_T10:47:22 -  Metrics: wealth_distribution took 0.0003600120544433594
2024_10_20_T10:47:22 -  Metrics: money_distribution took 0.00039196014404296875
2024_10_20_T10:47:22 -  Metrics: size_distribution took 0.0003161430358886719
2024_10_20_T10:47:22 -  Metrics: age_distribution took 0.00037288665771484375
2024_10_20_T10:47:24 -  Model step started
2024_10_20_T10:47:24 -  clearHangingSupplies started
2024_10_20_T10:47:24 -  clearHangingSupplies took 0.00015401840209960938
2024_10_20_T10:47:24 -  clearHangingRentalSupplies started
2024_10_20_T10:47:24 -  clearHangingRentalSupplies took 1.9073486328125e-6
2024_10_20_T10:47:24 -  clearHouseMarket started
2024_10_20_T10:47:24 -  clearHouseMarket - first block took 0.23163414001464844
2024_10_20_T10:47:24 -  clearHouseMarket - second block took 0.0017719268798828125
2024_10_20_T10:47:24 -  clearHouseMarket - third block took 0.0001659393310546875
2024_10_20_T10:47:24 -  clearRentalMarket started
2024_10_20_T10:47:24 -  clearRentalMarket - first block took 1.7881393432617188e-5
2024_10_20_T10:47:24 -  clearRentalMarket - second block took 9.5367431640625e-7
2024_10_20_T10:47:24 -  Model step took 0.25500011444091797 seconds
2024_10_20_T10:47:24 -  Metrics: sum_wealth took 9.083747863769531e-5
2024_10_20_T10:47:24 -  Metrics: wealth_distribution took 0.00043702125549316406
2024_10_20_T10:47:24 -  Metrics: money_distribution took 0.0004239082336425781
2024_10_20_T10:47:24 -  Metrics: size_distribution took 0.0003681182861328125
2024_10_20_T10:47:24 -  Metrics: age_distribution took 0.0003180503845214844
2024_10_20_T10:47:26 -  Model step started
2024_10_20_T10:47:26 -  clearHangingSupplies started
2024_10_20_T10:47:26 -  clearHangingSupplies took 0.00014019012451171875
2024_10_20_T10:47:26 -  clearHangingRentalSupplies started
2024_10_20_T10:47:26 -  clearHangingRentalSupplies took 9.5367431640625e-7
2024_10_20_T10:47:26 -  clearHouseMarket started
2024_10_20_T10:47:26 -  clearHouseMarket - first block took 0.22798514366149902
2024_10_20_T10:47:26 -  clearHouseMarket - second block took 0.0003418922424316406
2024_10_20_T10:47:26 -  clearHouseMarket - third block took 0.0001780986785888672
2024_10_20_T10:47:26 -  clearRentalMarket started
2024_10_20_T10:47:26 -  clearRentalMarket - first block took 3.0994415283203125e-5
2024_10_20_T10:47:26 -  clearRentalMarket - second block took 1.1920928955078125e-6
2024_10_20_T10:47:26 -  Pushed house into housesBuiltPerRegion (location,size) = (Amadora, LessThan50)
2024_10_20_T10:47:26 -  Pushed house into housesBuiltPerRegion (location,size) = (Cascais, More)
2024_10_20_T10:47:26 -  Pushed house into housesBuiltPerRegion (location,size) = (Lisboa, More)
2024_10_20_T10:47:26 -  Pushed house into housesBuiltPerRegion (location,size) = (Seixal, LessThan75)
2024_10_20_T10:47:26 -  Model step took 0.25715184211730957 seconds
2024_10_20_T10:47:26 -  Metrics: sum_wealth took 0.00010800361633300781
2024_10_20_T10:47:26 -  Metrics: wealth_distribution took 0.0003459453582763672
2024_10_20_T10:47:26 -  Metrics: money_distribution took 0.00036406517028808594
2024_10_20_T10:47:26 -  Metrics: size_distribution took 0.00025081634521484375
2024_10_20_T10:47:26 -  Metrics: age_distribution took 0.0003829002380371094
2024_10_20_T10:47:28 -  Model step started
2024_10_20_T10:47:28 -  clearHangingSupplies started
2024_10_20_T10:47:28 -  clearHangingSupplies took 0.0001361370086669922
2024_10_20_T10:47:28 -  clearHangingRentalSupplies started
2024_10_20_T10:47:28 -  clearHangingRentalSupplies took 9.5367431640625e-7
2024_10_20_T10:47:28 -  clearHouseMarket started
2024_10_20_T10:47:28 -  clearHouseMarket - first block took 0.23204398155212402
2024_10_20_T10:47:28 -  clearHouseMarket - second block took 0.0003178119659423828
2024_10_20_T10:47:28 -  clearHouseMarket - third block took 0.00016808509826660156
2024_10_20_T10:47:28 -  clearRentalMarket started
2024_10_20_T10:47:28 -  clearRentalMarket - first block took 1.5020370483398438e-5
2024_10_20_T10:47:28 -  clearRentalMarket - second block took 9.5367431640625e-7
2024_10_20_T10:47:28 -  Pushed house into housesBuiltPerRegion (location,size) = (Lisboa, More)
2024_10_20_T10:47:28 -  Model step took 0.25347900390625 seconds
2024_10_20_T10:47:28 -  Metrics: sum_wealth took 6.985664367675781e-5
2024_10_20_T10:47:28 -  Metrics: wealth_distribution took 0.00036406517028808594
2024_10_20_T10:47:28 -  Metrics: money_distribution took 0.00036406517028808594
2024_10_20_T10:47:28 -  Metrics: size_distribution took 0.0003139972686767578
2024_10_20_T10:47:28 -  Metrics: age_distribution took 0.0002779960632324219
2024_10_20_T10:47:30 -  Model step started
2024_10_20_T10:47:30 -  clearHangingSupplies started
2024_10_20_T10:47:30 -  clearHangingSupplies took 0.00021600723266601562
2024_10_20_T10:47:30 -  clearHangingRentalSupplies started
2024_10_20_T10:47:30 -  clearHangingRentalSupplies took 9.5367431640625e-7
2024_10_20_T10:47:30 -  clearHouseMarket started
2024_10_20_T10:47:30 -  clearHouseMarket - first block took 0.24557280540466309
2024_10_20_T10:47:30 -  clearHouseMarket - second block took 0.0006248950958251953
2024_10_20_T10:47:30 -  clearHouseMarket - third block took 0.0004520416259765625
2024_10_20_T10:47:30 -  clearRentalMarket started
2024_10_20_T10:47:30 -  clearRentalMarket - first block took 1.5974044799804688e-5
2024_10_20_T10:47:30 -  clearRentalMarket - second block took 0.0
2024_10_20_T10:47:30 -  Pushed house into housesBuiltPerRegion (location,size) = (Lisboa, LessThan75)
2024_10_20_T10:47:30 -  Pushed house into housesBuiltPerRegion (location,size) = (Moita, LessThan75)
2024_10_20_T10:47:30 -  Pushed house into housesBuiltPerRegion (location,size) = (Seixal, LessThan125)
2024_10_20_T10:47:30 -  Model step took 0.26859188079833984 seconds
2024_10_20_T10:47:30 -  Metrics: sum_wealth took 3.600120544433594e-5
2024_10_20_T10:47:30 -  Metrics: wealth_distribution took 0.0003609657287597656
2024_10_20_T10:47:30 -  Metrics: money_distribution took 0.0003609657287597656
2024_10_20_T10:47:30 -  Metrics: size_distribution took 0.00026702880859375
2024_10_20_T10:47:30 -  Metrics: age_distribution took 0.0003528594970703125
2024_10_20_T10:47:32 -  Model step started
2024_10_20_T10:47:32 -  clearHangingSupplies started
2024_10_20_T10:47:32 -  clearHangingSupplies took 0.000247955322265625
2024_10_20_T10:47:32 -  clearHangingRentalSupplies started
2024_10_20_T10:47:32 -  clearHangingRentalSupplies took 2.1457672119140625e-6
2024_10_20_T10:47:32 -  clearHouseMarket started
2024_10_20_T10:47:32 -  clearHouseMarket - first block took 0.2331230640411377
2024_10_20_T10:47:32 -  clearHouseMarket - second block took 0.00030994415283203125
2024_10_20_T10:47:32 -  clearHouseMarket - third block took 0.000141143798828125
2024_10_20_T10:47:32 -  clearRentalMarket started
2024_10_20_T10:47:32 -  clearRentalMarket - first block took 2.8133392333984375e-5
2024_10_20_T10:47:32 -  clearRentalMarket - second block took 9.5367431640625e-7
2024_10_20_T10:47:32 -  Model step took 0.2585580348968506 seconds
2024_10_20_T10:47:32 -  Metrics: sum_wealth took 0.00011706352233886719
2024_10_20_T10:47:32 -  Metrics: wealth_distribution took 0.0004451274871826172
2024_10_20_T10:47:32 -  Metrics: money_distribution took 0.00037097930908203125
2024_10_20_T10:47:32 -  Metrics: size_distribution took 0.00028896331787109375
2024_10_20_T10:47:32 -  Metrics: age_distribution took 0.00035309791564941406
2024_10_20_T10:47:34 -  Model step started
2024_10_20_T10:47:34 -  clearHangingSupplies started
2024_10_20_T10:47:34 -  clearHangingSupplies took 0.0001480579376220703
2024_10_20_T10:47:34 -  clearHangingRentalSupplies started
2024_10_20_T10:47:34 -  clearHangingRentalSupplies took 9.5367431640625e-7
2024_10_20_T10:47:34 -  clearHouseMarket started
2024_10_20_T10:47:34 -  clearHouseMarket - first block took 0.24153518676757812
2024_10_20_T10:47:34 -  clearHouseMarket - second block took 0.00092315673828125
2024_10_20_T10:47:34 -  clearHouseMarket - third block took 0.0001380443572998047
2024_10_20_T10:47:34 -  clearRentalMarket started
2024_10_20_T10:47:34 -  clearRentalMarket - first block took 0.0015170574188232422
2024_10_20_T10:47:34 -  clearRentalMarket - second block took 7.700920104980469e-5
2024_10_20_T10:47:34 -  Pushed house into housesBuiltPerRegion (location,size) = (Lisboa, LessThan75)
2024_10_20_T10:47:34 -  Pushed house into housesBuiltPerRegion (location,size) = (Mafra, LessThan125)
2024_10_20_T10:47:34 -  Model step took 0.2650418281555176 seconds
2024_10_20_T10:47:34 -  Metrics: sum_wealth took 6.604194641113281e-5
2024_10_20_T10:47:34 -  Metrics: wealth_distribution took 0.0003540515899658203
2024_10_20_T10:47:34 -  Metrics: money_distribution took 0.0004260540008544922
2024_10_20_T10:47:34 -  Metrics: size_distribution took 0.0002560615539550781
2024_10_20_T10:47:34 -  Metrics: age_distribution took 0.0002999305725097656
2024_10_20_T10:47:36 -  Model step started
2024_10_20_T10:47:36 -  clearHangingSupplies started
2024_10_20_T10:47:36 -  clearHangingSupplies took 0.00018715858459472656
2024_10_20_T10:47:36 -  clearHangingRentalSupplies started
2024_10_20_T10:47:36 -  clearHangingRentalSupplies took 1.9073486328125e-6
2024_10_20_T10:47:36 -  clearHouseMarket started
2024_10_20_T10:47:36 -  clearHouseMarket - first block took 0.2345139980316162
2024_10_20_T10:47:36 -  clearHouseMarket - second block took 0.001194000244140625
2024_10_20_T10:47:36 -  clearHouseMarket - third block took 0.0001327991485595703
2024_10_20_T10:47:36 -  clearRentalMarket started
2024_10_20_T10:47:36 -  clearRentalMarket - first block took 0.003904104232788086
2024_10_20_T10:47:36 -  clearRentalMarket - second block took 9.012222290039062e-5
2024_10_20_T10:47:36 -  Pushed house into housesBuiltPerRegion (location,size) = (Cascais, More)
2024_10_20_T10:47:36 -  Pushed house into housesBuiltPerRegion (location,size) = (Sintra, LessThan75)
2024_10_20_T10:47:36 -  Model step took 0.2609131336212158 seconds
2024_10_20_T10:47:36 -  Metrics: sum_wealth took 3.790855407714844e-5
2024_10_20_T10:47:36 -  Metrics: wealth_distribution took 0.0003731250762939453
2024_10_20_T10:47:36 -  Metrics: money_distribution took 0.0004611015319824219
2024_10_20_T10:47:36 -  Metrics: size_distribution took 0.0003020763397216797
2024_10_20_T10:47:36 -  Metrics: age_distribution took 0.0003299713134765625
2024_10_20_T10:47:37 -  Model step started
2024_10_20_T10:47:37 -  clearHangingSupplies started
2024_10_20_T10:47:37 -  clearHangingSupplies took 0.0001552104949951172
2024_10_20_T10:47:37 -  clearHangingRentalSupplies started
2024_10_20_T10:47:37 -  clearHangingRentalSupplies took 1.9073486328125e-6
2024_10_20_T10:47:37 -  clearHouseMarket started
2024_10_20_T10:47:38 -  clearHouseMarket - first block took 0.25304484367370605
2024_10_20_T10:47:38 -  clearHouseMarket - second block took 0.0014889240264892578
2024_10_20_T10:47:38 -  clearHouseMarket - third block took 0.0001590251922607422
2024_10_20_T10:47:38 -  clearRentalMarket started
2024_10_20_T10:47:38 -  clearRentalMarket - first block took 0.000514984130859375
2024_10_20_T10:47:38 -  clearRentalMarket - second block took 1.6927719116210938e-5
2024_10_20_T10:47:38 -  Pushed house into housesBuiltPerRegion (location,size) = (Cascais, LessThan125)
2024_10_20_T10:47:38 -  Pushed house into housesBuiltPerRegion (location,size) = (Seixal, LessThan75)
2024_10_20_T10:47:38 -  Pushed house into housesBuiltPerRegion (location,size) = (Sesimbra, LessThan75)
2024_10_20_T10:47:38 -  Model step took 0.27639102935791016 seconds
2024_10_20_T10:47:38 -  Metrics: sum_wealth took 0.00015401840209960938
2024_10_20_T10:47:38 -  Metrics: wealth_distribution took 0.00042510032653808594
2024_10_20_T10:47:38 -  Metrics: money_distribution took 0.0003719329833984375
2024_10_20_T10:47:38 -  Metrics: size_distribution took 0.0002739429473876953
2024_10_20_T10:47:38 -  Metrics: age_distribution took 0.00030994415283203125
2024_10_20_T10:47:39 -  Model step started
2024_10_20_T10:47:39 -  clearHangingSupplies started
2024_10_20_T10:47:39 -  clearHangingSupplies took 0.00015783309936523438
2024_10_20_T10:47:39 -  clearHangingRentalSupplies started
2024_10_20_T10:47:39 -  clearHangingRentalSupplies took 5.0067901611328125e-6
2024_10_20_T10:47:39 -  clearHouseMarket started
2024_10_20_T10:47:40 -  clearHouseMarket - first block took 0.2304379940032959
2024_10_20_T10:47:40 -  clearHouseMarket - second block took 0.000885009765625
2024_10_20_T10:47:40 -  clearHouseMarket - third block took 0.00013589859008789062
2024_10_20_T10:47:40 -  clearRentalMarket started
2024_10_20_T10:47:40 -  clearRentalMarket - first block took 0.0010612010955810547
2024_10_20_T10:47:40 -  clearRentalMarket - second block took 4.100799560546875e-5
2024_10_20_T10:47:40 -  Pushed house into housesBuiltPerRegion (location,size) = (Odivelas, LessThan125)
2024_10_20_T10:47:40 -  Pushed house into housesBuiltPerRegion (location,size) = (Seixal, LessThan50)
2024_10_20_T10:47:40 -  Model step took 0.25255894660949707 seconds
2024_10_20_T10:47:40 -  Metrics: sum_wealth took 4.315376281738281e-5
2024_10_20_T10:47:40 -  Metrics: wealth_distribution took 0.0004589557647705078
2024_10_20_T10:47:40 -  Metrics: money_distribution took 0.0004558563232421875
2024_10_20_T10:47:40 -  Metrics: size_distribution took 0.00030803680419921875
2024_10_20_T10:47:40 -  Metrics: age_distribution took 0.0002880096435546875
2024_10_20_T10:47:41 -  Model step started
2024_10_20_T10:47:41 -  clearHangingSupplies started
2024_10_20_T10:47:41 -  clearHangingSupplies took 0.0001289844512939453
2024_10_20_T10:47:41 -  clearHangingRentalSupplies started
2024_10_20_T10:47:41 -  clearHangingRentalSupplies took 3.0994415283203125e-6
2024_10_20_T10:47:41 -  clearHouseMarket started
2024_10_20_T10:47:42 -  clearHouseMarket - first block took 0.22812914848327637
2024_10_20_T10:47:42 -  clearHouseMarket - second block took 0.0006120204925537109
2024_10_20_T10:47:42 -  clearHouseMarket - third block took 0.00015497207641601562
2024_10_20_T10:47:42 -  clearRentalMarket started
2024_10_20_T10:47:42 -  clearRentalMarket - first block took 0.0010111331939697266
2024_10_20_T10:47:42 -  clearRentalMarket - second block took 4.1961669921875e-5
2024_10_20_T10:47:42 -  Pushed house into housesBuiltPerRegion (location,size) = (Alcochete, More)
2024_10_20_T10:47:42 -  Pushed house into housesBuiltPerRegion (location,size) = (Montijo, More)
2024_10_20_T10:47:42 -  Model step took 0.25682902336120605 seconds
2024_10_20_T10:47:42 -  Metrics: sum_wealth took 5.1975250244140625e-5
2024_10_20_T10:47:42 -  Metrics: wealth_distribution took 0.0003719329833984375
2024_10_20_T10:47:42 -  Metrics: money_distribution took 0.00039887428283691406
2024_10_20_T10:47:42 -  Metrics: size_distribution took 0.00026297569274902344
2024_10_20_T10:47:42 -  Metrics: age_distribution took 0.0002739429473876953
2024_10_20_T10:47:43 -  Model step started
2024_10_20_T10:47:43 -  clearHangingSupplies started
2024_10_20_T10:47:43 -  clearHangingSupplies took 0.0001239776611328125
2024_10_20_T10:47:43 -  clearHangingRentalSupplies started
2024_10_20_T10:47:43 -  clearHangingRentalSupplies took 3.0994415283203125e-6
2024_10_20_T10:47:43 -  clearHouseMarket started
2024_10_20_T10:47:43 -  clearHouseMarket - first block took 0.23000192642211914
2024_10_20_T10:47:43 -  clearHouseMarket - second block took 0.0006020069122314453
2024_10_20_T10:47:43 -  clearHouseMarket - third block took 0.00019979476928710938
2024_10_20_T10:47:43 -  clearRentalMarket started
2024_10_20_T10:47:43 -  clearRentalMarket - first block took 1.4066696166992188e-5
2024_10_20_T10:47:43 -  clearRentalMarket - second block took 9.5367431640625e-7
2024_10_20_T10:47:44 -  Model step took 0.25092506408691406 seconds
2024_10_20_T10:47:44 -  Metrics: sum_wealth took 6.914138793945312e-5
2024_10_20_T10:47:44 -  Metrics: wealth_distribution took 0.0003559589385986328
2024_10_20_T10:47:44 -  Metrics: money_distribution took 0.00039005279541015625
2024_10_20_T10:47:44 -  Metrics: size_distribution took 0.0002541542053222656
2024_10_20_T10:47:44 -  Metrics: age_distribution took 0.0002899169921875
2024_10_20_T10:47:45 -  Model step started
2024_10_20_T10:47:45 -  clearHangingSupplies started
2024_10_20_T10:47:45 -  clearHangingSupplies took 0.00013899803161621094
2024_10_20_T10:47:45 -  clearHangingRentalSupplies started
2024_10_20_T10:47:45 -  clearHangingRentalSupplies took 5.0067901611328125e-6
2024_10_20_T10:47:45 -  clearHouseMarket started
2024_10_20_T10:47:46 -  clearHouseMarket - first block took 0.3087739944458008
2024_10_20_T10:47:46 -  clearHouseMarket - second block took 0.0005650520324707031
2024_10_20_T10:47:46 -  clearHouseMarket - third block took 0.0001468658447265625
2024_10_20_T10:47:46 -  clearRentalMarket started
2024_10_20_T10:47:46 -  clearRentalMarket - first block took 1.5020370483398438e-5
2024_10_20_T10:47:46 -  clearRentalMarket - second block took 9.5367431640625e-7
2024_10_20_T10:47:46 -  Pushed house into housesBuiltPerRegion (location,size) = (Odivelas, LessThan50)
2024_10_20_T10:47:46 -  Pushed house into housesBuiltPerRegion (location,size) = (Odivelas, More)
2024_10_20_T10:47:46 -  Model step took 0.35007214546203613 seconds
2024_10_20_T10:47:46 -  Metrics: sum_wealth took 4.291534423828125e-5
2024_10_20_T10:47:46 -  Metrics: wealth_distribution took 0.00036406517028808594
2024_10_20_T10:47:46 -  Metrics: money_distribution took 0.0003879070281982422
2024_10_20_T10:47:46 -  Metrics: size_distribution took 0.0002980232238769531
2024_10_20_T10:47:46 -  Metrics: age_distribution took 0.00028896331787109375
2024_10_20_T10:47:48 -  Model step started
2024_10_20_T10:47:48 -  clearHangingSupplies started
2024_10_20_T10:47:48 -  clearHangingSupplies took 0.00013399124145507812
2024_10_20_T10:47:48 -  clearHangingRentalSupplies started
2024_10_20_T10:47:48 -  clearHangingRentalSupplies took 5.0067901611328125e-6
2024_10_20_T10:47:48 -  clearHouseMarket started
2024_10_20_T10:47:48 -  clearHouseMarket - first block took 0.275892972946167
2024_10_20_T10:47:48 -  clearHouseMarket - second block took 0.0006449222564697266
2024_10_20_T10:47:48 -  clearHouseMarket - third block took 0.0001590251922607422
2024_10_20_T10:47:48 -  clearRentalMarket started
2024_10_20_T10:47:48 -  clearRentalMarket - first block took 0.0005629062652587891
2024_10_20_T10:47:48 -  clearRentalMarket - second block took 2.4080276489257812e-5
2024_10_20_T10:47:48 -  Pushed house into housesBuiltPerRegion (location,size) = (Loures, LessThan50)
2024_10_20_T10:47:48 -  Pushed house into housesBuiltPerRegion (location,size) = (Oeiras, LessThan125)
2024_10_20_T10:47:48 -  Pushed house into housesBuiltPerRegion (location,size) = (Palmela, LessThan50)
2024_10_20_T10:47:48 -  Model step took 0.3002650737762451 seconds
2024_10_20_T10:47:48 -  Metrics: sum_wealth took 3.910064697265625e-5
2024_10_20_T10:47:48 -  Metrics: wealth_distribution took 0.00036597251892089844
2024_10_20_T10:47:48 -  Metrics: money_distribution took 0.0003981590270996094
2024_10_20_T10:47:48 -  Metrics: size_distribution took 0.0002868175506591797
2024_10_20_T10:47:48 -  Metrics: age_distribution took 0.0003638267517089844
2024_10_20_T10:47:50 -  Model step started
2024_10_20_T10:47:50 -  clearHangingSupplies started
2024_10_20_T10:47:50 -  clearHangingSupplies took 0.0001468658447265625
2024_10_20_T10:47:50 -  clearHangingRentalSupplies started
2024_10_20_T10:47:50 -  clearHangingRentalSupplies took 2.1457672119140625e-6
2024_10_20_T10:47:50 -  clearHouseMarket started
2024_10_20_T10:47:50 -  clearHouseMarket - first block took 0.23943614959716797
2024_10_20_T10:47:50 -  clearHouseMarket - second block took 0.009217977523803711
2024_10_20_T10:47:50 -  clearHouseMarket - third block took 0.0002269744873046875
2024_10_20_T10:47:50 -  clearRentalMarket started
2024_10_20_T10:47:50 -  clearRentalMarket - first block took 0.005499839782714844
2024_10_20_T10:47:50 -  clearRentalMarket - second block took 0.0001220703125
2024_10_20_T10:47:50 -  Pushed house into housesBuiltPerRegion (location,size) = (Lisboa, LessThan75)
2024_10_20_T10:47:50 -  Model step took 0.28104114532470703 seconds
2024_10_20_T10:47:50 -  Metrics: sum_wealth took 5.698204040527344e-5
2024_10_20_T10:47:50 -  Metrics: wealth_distribution took 0.0003631114959716797
2024_10_20_T10:47:50 -  Metrics: money_distribution took 0.0003581047058105469
2024_10_20_T10:47:50 -  Metrics: size_distribution took 0.0002961158752441406
2024_10_20_T10:47:50 -  Metrics: age_distribution took 0.0003437995910644531
2024_10_20_T10:47:51 -  Model step started
2024_10_20_T10:47:51 -  clearHangingSupplies started
2024_10_20_T10:47:51 -  clearHangingSupplies took 0.00017404556274414062
2024_10_20_T10:47:51 -  clearHangingRentalSupplies started
2024_10_20_T10:47:51 -  clearHangingRentalSupplies took 5.0067901611328125e-6
2024_10_20_T10:47:51 -  clearHouseMarket started
2024_10_20_T10:47:52 -  clearHouseMarket - first block took 0.24846482276916504
2024_10_20_T10:47:52 -  clearHouseMarket - second block took 0.0016450881958007812
2024_10_20_T10:47:52 -  clearHouseMarket - third block took 0.00015807151794433594
2024_10_20_T10:47:52 -  clearRentalMarket started
2024_10_20_T10:47:52 -  clearRentalMarket - first block took 0.0016679763793945312
2024_10_20_T10:47:52 -  clearRentalMarket - second block took 8.606910705566406e-5
2024_10_20_T10:47:52 -  Model step took 0.27274584770202637 seconds
2024_10_20_T10:47:52 -  Metrics: sum_wealth took 5.1021575927734375e-5
2024_10_20_T10:47:52 -  Metrics: wealth_distribution took 0.0004780292510986328
2024_10_20_T10:47:52 -  Metrics: money_distribution took 0.0005059242248535156
2024_10_20_T10:47:52 -  Metrics: size_distribution took 0.0002830028533935547
2024_10_20_T10:47:52 -  Metrics: age_distribution took 0.00028896331787109375
