2024_10_13_T14:49:48 -  finished initateHouses in 0.45723986625671387 seconds
2024_10_13_T14:49:48 -  finished initiateHouseholds in 0.6367018222808838 seconds
2024_10_13_T14:49:48 -  finished assignHousesToHouseholds in 0.8001558780670166 seconds
2024_10_13_T14:49:50 -  Metrics: sum_wealth took 1.9073486328125e-6
2024_10_13_T14:49:51 -  Metrics: wealth_distribution took 5.0067901611328125e-6
2024_10_13_T14:49:51 -  Metrics: money_distribution took 5.0067901611328125e-6
2024_10_13_T14:49:51 -  Metrics: size_distribution took 5.0067901611328125e-6
2024_10_13_T14:49:51 -  Metrics: age_distribution took 4.0531158447265625e-6
2024_10_13_T14:49:52 -  Metrics: sum_wealth took 0.0013740062713623047
2024_10_13_T14:49:52 -  Metrics: wealth_distribution took 0.025224924087524414
2024_10_13_T14:49:53 -  Metrics: money_distribution took 0.016632080078125
2024_10_13_T14:49:53 -  Metrics: size_distribution took 0.01812601089477539
2024_10_13_T14:49:53 -  Metrics: age_distribution took 0.014420032501220703
2024_10_13_T14:50:31 -  Model step started
2024_10_13_T14:50:31 -  clearHangingSupplies started
2024_10_13_T14:50:31 -  clearHangingSupplies took 0.0030770301818847656
2024_10_13_T14:50:31 -  clearHangingRentalSupplies started
2024_10_13_T14:50:31 -  clearHangingRentalSupplies took 0.0032219886779785156
2024_10_13_T14:50:31 -  clearHouseMarket started
2024_10_13_T14:51:15 -  clearHouseMarket - first block took 43.31410193443298
2024_10_13_T14:51:15 -  clearHouseMarket - second block took 0.14606595039367676
2024_10_13_T14:51:15 -  clearHouseMarket - third block took 0.013534069061279297
2024_10_13_T14:51:15 -  clearRentalMarket started
2024_10_13_T14:51:15 -  clearRentalMarket - first block took 0.0591120719909668
2024_10_13_T14:51:15 -  clearRentalMarket - second block took 1.0013580322265625e-5
2024_10_13_T14:51:15 -  Pushed house into housesBuiltPerRegion (location,size) = (Amadora, LessThan50)
2024_10_13_T14:51:15 -  Pushed house into housesBuiltPerRegion (location,size) = (Amadora, LessThan125)
2024_10_13_T14:51:15 -  Pushed house into housesBuiltPerRegion (location,size) = (Amadora, LessThan125)
2024_10_13_T14:51:15 -  Pushed house into housesBuiltPerRegion (location,size) = (Amadora, LessThan75)
2024_10_13_T14:51:15 -  Pushed house into housesBuiltPerRegion (location,size) = (Amadora, LessThan75)
2024_10_13_T14:51:15 -  Pushed house into housesBuiltPerRegion (location,size) = (Amadora, LessThan125)
2024_10_13_T14:51:15 -  Pushed house into housesBuiltPerRegion (location,size) = (Amadora, More)
2024_10_13_T14:51:15 -  Pushed house into housesBuiltPerRegion (location,size) = (Amadora, More)
2024_10_13_T14:51:15 -  Pushed house into housesBuiltPerRegion (location,size) = (Cascais, LessThan125)
2024_10_13_T14:51:15 -  Pushed house into housesBuiltPerRegion (location,size) = (Cascais, LessThan125)
2024_10_13_T14:51:15 -  Pushed house into housesBuiltPerRegion (location,size) = (Cascais, LessThan75)
2024_10_13_T14:51:15 -  Pushed house into housesBuiltPerRegion (location,size) = (Cascais, LessThan75)
2024_10_13_T14:51:15 -  Pushed house into housesBuiltPerRegion (location,size) = (Cascais, LessThan50)
2024_10_13_T14:51:15 -  Pushed house into housesBuiltPerRegion (location,size) = (Cascais, LessThan50)
2024_10_13_T14:51:15 -  Pushed house into housesBuiltPerRegion (location,size) = (Cascais, LessThan50)
2024_10_13_T14:51:15 -  Pushed house into housesBuiltPerRegion (location,size) = (Cascais, More)
2024_10_13_T14:51:15 -  Pushed house into housesBuiltPerRegion (location,size) = (Lisboa, LessThan75)
2024_10_13_T14:51:15 -  Pushed house into housesBuiltPerRegion (location,size) = (Lisboa, LessThan75)
2024_10_13_T14:51:15 -  Pushed house into housesBuiltPerRegion (location,size) = (Lisboa, LessThan75)
2024_10_13_T14:51:15 -  Pushed house into housesBuiltPerRegion (location,size) = (Lisboa, LessThan125)
2024_10_13_T14:51:15 -  Pushed house into housesBuiltPerRegion (location,size) = (Lisboa, LessThan125)
2024_10_13_T14:51:15 -  Pushed house into housesBuiltPerRegion (location,size) = (Lisboa, LessThan125)
2024_10_13_T14:51:15 -  Pushed house into housesBuiltPerRegion (location,size) = (Lisboa, More)
2024_10_13_T14:51:15 -  Pushed house into housesBuiltPerRegion (location,size) = (Lisboa, More)
2024_10_13_T14:51:15 -  Pushed house into housesBuiltPerRegion (location,size) = (Lisboa, More)
2024_10_13_T14:51:15 -  Pushed house into housesBuiltPerRegion (location,size) = (Lisboa, More)
2024_10_13_T14:51:15 -  Pushed house into housesBuiltPerRegion (location,size) = (Lisboa, More)
2024_10_13_T14:51:15 -  Pushed house into housesBuiltPerRegion (location,size) = (Lisboa, LessThan50)
2024_10_13_T14:51:15 -  Pushed house into housesBuiltPerRegion (location,size) = (Lisboa, LessThan50)
2024_10_13_T14:51:15 -  Pushed house into housesBuiltPerRegion (location,size) = (Lisboa, LessThan50)
2024_10_13_T14:51:15 -  Pushed house into housesBuiltPerRegion (location,size) = (Lisboa, LessThan50)
2024_10_13_T14:51:15 -  Pushed house into housesBuiltPerRegion (location,size) = (Lisboa, LessThan50)
2024_10_13_T14:51:15 -  Pushed house into housesBuiltPerRegion (location,size) = (Lisboa, LessThan50)
2024_10_13_T14:51:15 -  Pushed house into housesBuiltPerRegion (location,size) = (Lisboa, LessThan75)
2024_10_13_T14:51:15 -  Pushed house into housesBuiltPerRegion (location,size) = (Lisboa, LessThan50)
2024_10_13_T14:51:15 -  Pushed house into housesBuiltPerRegion (location,size) = (Loures, LessThan50)
2024_10_13_T14:51:15 -  Pushed house into housesBuiltPerRegion (location,size) = (Loures, LessThan50)
2024_10_13_T14:51:15 -  Pushed house into housesBuiltPerRegion (location,size) = (Loures, LessThan50)
2024_10_13_T14:51:15 -  Pushed house into housesBuiltPerRegion (location,size) = (Loures, LessThan50)
2024_10_13_T14:51:15 -  Pushed house into housesBuiltPerRegion (location,size) = (Loures, LessThan75)
2024_10_13_T14:51:15 -  Pushed house into housesBuiltPerRegion (location,size) = (Loures, LessThan75)
2024_10_13_T14:51:15 -  Pushed house into housesBuiltPerRegion (location,size) = (Loures, More)
2024_10_13_T14:51:15 -  Pushed house into housesBuiltPerRegion (location,size) = (Loures, More)
2024_10_13_T14:51:15 -  Pushed house into housesBuiltPerRegion (location,size) = (Loures, More)
2024_10_13_T14:51:15 -  Pushed house into housesBuiltPerRegion (location,size) = (Loures, More)
2024_10_13_T14:51:15 -  Pushed house into housesBuiltPerRegion (location,size) = (Loures, More)
2024_10_13_T14:51:15 -  Pushed house into housesBuiltPerRegion (location,size) = (Loures, LessThan125)
2024_10_13_T14:51:15 -  Pushed house into housesBuiltPerRegion (location,size) = (Mafra, LessThan125)
2024_10_13_T14:51:15 -  Pushed house into housesBuiltPerRegion (location,size) = (Mafra, LessThan75)
2024_10_13_T14:51:15 -  Pushed house into housesBuiltPerRegion (location,size) = (Mafra, LessThan125)
2024_10_13_T14:51:15 -  Pushed house into housesBuiltPerRegion (location,size) = (Mafra, LessThan125)
2024_10_13_T14:51:15 -  Pushed house into housesBuiltPerRegion (location,size) = (Mafra, More)
2024_10_13_T14:51:15 -  Pushed house into housesBuiltPerRegion (location,size) = (Mafra, LessThan50)
2024_10_13_T14:51:15 -  Pushed house into housesBuiltPerRegion (location,size) = (Mafra, LessThan50)
2024_10_13_T14:51:15 -  Pushed house into housesBuiltPerRegion (location,size) = (Odivelas, LessThan75)
2024_10_13_T14:51:15 -  Pushed house into housesBuiltPerRegion (location,size) = (Odivelas, LessThan75)
2024_10_13_T14:51:15 -  Pushed house into housesBuiltPerRegion (location,size) = (Odivelas, LessThan125)
2024_10_13_T14:51:15 -  Pushed house into housesBuiltPerRegion (location,size) = (Odivelas, LessThan125)
2024_10_13_T14:51:15 -  Pushed house into housesBuiltPerRegion (location,size) = (Odivelas, LessThan125)
2024_10_13_T14:51:15 -  Pushed house into housesBuiltPerRegion (location,size) = (Odivelas, LessThan125)
2024_10_13_T14:51:15 -  Pushed house into housesBuiltPerRegion (location,size) = (Odivelas, More)
2024_10_13_T14:51:15 -  Pushed house into housesBuiltPerRegion (location,size) = (Odivelas, More)
2024_10_13_T14:51:15 -  Pushed house into housesBuiltPerRegion (location,size) = (Odivelas, LessThan50)
2024_10_13_T14:51:15 -  Pushed house into housesBuiltPerRegion (location,size) = (Odivelas, LessThan50)
2024_10_13_T14:51:15 -  Pushed house into housesBuiltPerRegion (location,size) = (Oeiras, LessThan125)
2024_10_13_T14:51:15 -  Pushed house into housesBuiltPerRegion (location,size) = (Oeiras, LessThan50)
2024_10_13_T14:51:15 -  Pushed house into housesBuiltPerRegion (location,size) = (Oeiras, LessThan125)
2024_10_13_T14:51:15 -  Pushed house into housesBuiltPerRegion (location,size) = (Oeiras, LessThan125)
2024_10_13_T14:51:15 -  Pushed house into housesBuiltPerRegion (location,size) = (Sintra, LessThan125)
2024_10_13_T14:51:15 -  Pushed house into housesBuiltPerRegion (location,size) = (Sintra, LessThan125)
2024_10_13_T14:51:15 -  Pushed house into housesBuiltPerRegion (location,size) = (Sintra, LessThan125)
2024_10_13_T14:51:15 -  Pushed house into housesBuiltPerRegion (location,size) = (Sintra, LessThan125)
2024_10_13_T14:51:15 -  Pushed house into housesBuiltPerRegion (location,size) = (Sintra, More)
2024_10_13_T14:51:15 -  Pushed house into housesBuiltPerRegion (location,size) = (Sintra, More)
2024_10_13_T14:51:15 -  Pushed house into housesBuiltPerRegion (location,size) = (Sintra, LessThan75)
2024_10_13_T14:51:15 -  Pushed house into housesBuiltPerRegion (location,size) = (Sintra, LessThan75)
2024_10_13_T14:51:15 -  Pushed house into housesBuiltPerRegion (location,size) = (Sintra, LessThan50)
2024_10_13_T14:51:15 -  Pushed house into housesBuiltPerRegion (location,size) = (Sintra, LessThan50)
2024_10_13_T14:51:15 -  Pushed house into housesBuiltPerRegion (location,size) = (Sintra, LessThan50)
2024_10_13_T14:51:15 -  Pushed house into housesBuiltPerRegion (location,size) = (VilaFrancaDeXira, LessThan125)
2024_10_13_T14:51:15 -  Pushed house into housesBuiltPerRegion (location,size) = (VilaFrancaDeXira, LessThan125)
2024_10_13_T14:51:15 -  Pushed house into housesBuiltPerRegion (location,size) = (VilaFrancaDeXira, LessThan75)
2024_10_13_T14:51:15 -  Pushed house into housesBuiltPerRegion (location,size) = (VilaFrancaDeXira, LessThan125)
2024_10_13_T14:51:15 -  Pushed house into housesBuiltPerRegion (location,size) = (VilaFrancaDeXira, LessThan50)
2024_10_13_T14:51:15 -  Pushed house into housesBuiltPerRegion (location,size) = (VilaFrancaDeXira, LessThan50)
2024_10_13_T14:51:15 -  Pushed house into housesBuiltPerRegion (location,size) = (VilaFrancaDeXira, More)
2024_10_13_T14:51:15 -  Pushed house into housesBuiltPerRegion (location,size) = (Alcochete, LessThan50)
2024_10_13_T14:51:15 -  Pushed house into housesBuiltPerRegion (location,size) = (Alcochete, LessThan50)
2024_10_13_T14:51:15 -  Pushed house into housesBuiltPerRegion (location,size) = (Alcochete, LessThan75)
2024_10_13_T14:51:15 -  Pushed house into housesBuiltPerRegion (location,size) = (Alcochete, More)
2024_10_13_T14:51:15 -  Pushed house into housesBuiltPerRegion (location,size) = (Alcochete, More)
2024_10_13_T14:51:15 -  Pushed house into housesBuiltPerRegion (location,size) = (Almada, More)
2024_10_13_T14:51:15 -  Pushed house into housesBuiltPerRegion (location,size) = (Almada, More)
2024_10_13_T14:51:15 -  Pushed house into housesBuiltPerRegion (location,size) = (Almada, More)
2024_10_13_T14:51:15 -  Pushed house into housesBuiltPerRegion (location,size) = (Almada, LessThan125)
2024_10_13_T14:51:15 -  Pushed house into housesBuiltPerRegion (location,size) = (Almada, LessThan125)
2024_10_13_T14:51:15 -  Pushed house into housesBuiltPerRegion (location,size) = (Almada, LessThan125)
2024_10_13_T14:51:15 -  Pushed house into housesBuiltPerRegion (location,size) = (Almada, More)
2024_10_13_T14:51:15 -  Pushed house into housesBuiltPerRegion (location,size) = (Almada, LessThan125)
2024_10_13_T14:51:15 -  Pushed house into housesBuiltPerRegion (location,size) = (Almada, LessThan125)
2024_10_13_T14:51:16 -  Pushed house into housesBuiltPerRegion (location,size) = (Almada, LessThan50)
2024_10_13_T14:51:16 -  Pushed house into housesBuiltPerRegion (location,size) = (Almada, LessThan50)
2024_10_13_T14:51:16 -  Pushed house into housesBuiltPerRegion (location,size) = (Almada, LessThan50)
2024_10_13_T14:51:16 -  Pushed house into housesBuiltPerRegion (location,size) = (Almada, LessThan50)
2024_10_13_T14:51:16 -  Pushed house into housesBuiltPerRegion (location,size) = (Almada, LessThan50)
2024_10_13_T14:51:16 -  Pushed house into housesBuiltPerRegion (location,size) = (Almada, LessThan75)
2024_10_13_T14:51:16 -  Pushed house into housesBuiltPerRegion (location,size) = (Almada, LessThan75)
2024_10_13_T14:51:16 -  Pushed house into housesBuiltPerRegion (location,size) = (Almada, LessThan75)
2024_10_13_T14:51:16 -  Pushed house into housesBuiltPerRegion (location,size) = (Barreiro, LessThan75)
2024_10_13_T14:51:16 -  Pushed house into housesBuiltPerRegion (location,size) = (Moita, More)
2024_10_13_T14:51:16 -  Pushed house into housesBuiltPerRegion (location,size) = (Montijo, LessThan75)
2024_10_13_T14:51:16 -  Pushed house into housesBuiltPerRegion (location,size) = (Montijo, LessThan75)
2024_10_13_T14:51:16 -  Pushed house into housesBuiltPerRegion (location,size) = (Montijo, More)
2024_10_13_T14:51:16 -  Pushed house into housesBuiltPerRegion (location,size) = (Montijo, More)
2024_10_13_T14:51:16 -  Pushed house into housesBuiltPerRegion (location,size) = (Montijo, More)
2024_10_13_T14:51:16 -  Pushed house into housesBuiltPerRegion (location,size) = (Palmela, LessThan125)
2024_10_13_T14:51:16 -  Pushed house into housesBuiltPerRegion (location,size) = (Palmela, LessThan50)
2024_10_13_T14:51:16 -  Pushed house into housesBuiltPerRegion (location,size) = (Palmela, LessThan75)
2024_10_13_T14:51:16 -  Pushed house into housesBuiltPerRegion (location,size) = (Seixal, LessThan125)
2024_10_13_T14:51:16 -  Pushed house into housesBuiltPerRegion (location,size) = (Seixal, LessThan125)
2024_10_13_T14:51:16 -  Pushed house into housesBuiltPerRegion (location,size) = (Seixal, LessThan125)
2024_10_13_T14:51:16 -  Pushed house into housesBuiltPerRegion (location,size) = (Seixal, LessThan125)
2024_10_13_T14:51:16 -  Pushed house into housesBuiltPerRegion (location,size) = (Seixal, LessThan125)
2024_10_13_T14:51:16 -  Pushed house into housesBuiltPerRegion (location,size) = (Seixal, LessThan125)
2024_10_13_T14:51:16 -  Pushed house into housesBuiltPerRegion (location,size) = (Seixal, LessThan125)
2024_10_13_T14:51:16 -  Pushed house into housesBuiltPerRegion (location,size) = (Seixal, More)
2024_10_13_T14:51:16 -  Pushed house into housesBuiltPerRegion (location,size) = (Seixal, More)
2024_10_13_T14:51:16 -  Pushed house into housesBuiltPerRegion (location,size) = (Seixal, More)
2024_10_13_T14:51:16 -  Pushed house into housesBuiltPerRegion (location,size) = (Seixal, More)
2024_10_13_T14:51:16 -  Pushed house into housesBuiltPerRegion (location,size) = (Seixal, More)
2024_10_13_T14:51:16 -  Pushed house into housesBuiltPerRegion (location,size) = (Seixal, LessThan50)
2024_10_13_T14:51:16 -  Pushed house into housesBuiltPerRegion (location,size) = (Seixal, LessThan50)
2024_10_13_T14:51:16 -  Pushed house into housesBuiltPerRegion (location,size) = (Seixal, LessThan75)
2024_10_13_T14:51:16 -  Pushed house into housesBuiltPerRegion (location,size) = (Seixal, LessThan50)
2024_10_13_T14:51:16 -  Pushed house into housesBuiltPerRegion (location,size) = (Seixal, LessThan50)
2024_10_13_T14:51:16 -  Pushed house into housesBuiltPerRegion (location,size) = (Seixal, LessThan50)
2024_10_13_T14:51:16 -  Pushed house into housesBuiltPerRegion (location,size) = (Seixal, LessThan75)
2024_10_13_T14:51:16 -  Pushed house into housesBuiltPerRegion (location,size) = (Seixal, LessThan75)
2024_10_13_T14:51:16 -  Pushed house into housesBuiltPerRegion (location,size) = (Seixal, LessThan75)
2024_10_13_T14:51:16 -  Pushed house into housesBuiltPerRegion (location,size) = (Seixal, LessThan125)
2024_10_13_T14:51:16 -  Pushed house into housesBuiltPerRegion (location,size) = (Seixal, LessThan75)
2024_10_13_T14:51:16 -  Pushed house into housesBuiltPerRegion (location,size) = (Seixal, LessThan75)
2024_10_13_T14:51:16 -  Pushed house into housesBuiltPerRegion (location,size) = (Sesimbra, LessThan125)
2024_10_13_T14:51:16 -  Pushed house into housesBuiltPerRegion (location,size) = (Sesimbra, More)
2024_10_13_T14:51:16 -  Pushed house into housesBuiltPerRegion (location,size) = (Setubal, More)
2024_10_13_T14:51:16 -  Pushed house into housesBuiltPerRegion (location,size) = (Setubal, More)
2024_10_13_T14:51:16 -  Pushed house into housesBuiltPerRegion (location,size) = (Setubal, LessThan50)
2024_10_13_T14:51:16 -  Pushed house into housesBuiltPerRegion (location,size) = (Setubal, LessThan50)
2024_10_13_T14:51:16 -  Pushed house into housesBuiltPerRegion (location,size) = (Setubal, LessThan50)
2024_10_13_T14:51:16 -  Pushed house into housesBuiltPerRegion (location,size) = (Setubal, LessThan75)
2024_10_13_T14:51:16 -  Model step took 44.35102105140686 seconds
2024_10_13_T14:51:16 -  Metrics: sum_wealth took 0.001363992691040039
2024_10_13_T14:51:16 -  Metrics: wealth_distribution took 0.015325069427490234
2024_10_13_T14:51:16 -  Metrics: money_distribution took 0.015666961669921875
2024_10_13_T14:51:16 -  Metrics: size_distribution took 0.013483047485351562
2024_10_13_T14:51:16 -  Metrics: age_distribution took 0.01413416862487793
2024_10_13_T14:51:55 -  Model step started
