2024_09_16_T19:27:42 -  finished initateHouses in 0.33826494216918945 seconds
2024_09_16_T19:27:43 -  finished initiateHouseholds in 0.48160886764526367 seconds
2024_09_16_T19:27:43 -  finished assignHousesToHouseholds in 0.5759789943695068 seconds
2024_09_16_T19:27:52 -  Model step started
2024_09_16_T19:27:53 -  Model step took 1.0364370346069336 seconds
2024_09_16_T19:27:59 -  Model step started
2024_09_16_T19:27:59 -  Model step took 0.13479900360107422 seconds
2024_09_16_T19:28:05 -  Model step started
2024_09_16_T19:28:05 -  Model step took 0.16417312622070312 seconds
2024_09_16_T19:28:11 -  Model step started
2024_09_16_T19:28:11 -  Model step took 0.1287670135498047 seconds
2024_09_16_T19:28:17 -  Model step started
2024_09_16_T19:28:17 -  Model step took 0.14528799057006836 seconds
2024_09_16_T19:28:23 -  Model step started
2024_09_16_T19:28:23 -  Model step took 0.11882495880126953 seconds
2024_09_16_T19:28:29 -  Model step started
2024_09_16_T19:28:29 -  Model step took 0.08910703659057617 seconds
2024_09_16_T19:28:35 -  Model step started
2024_09_16_T19:28:35 -  Model step took 0.07755589485168457 seconds
2024_09_16_T19:28:41 -  Model step started
2024_09_16_T19:28:41 -  Model step took 0.11747598648071289 seconds
2024_09_16_T19:28:47 -  Model step started
2024_09_16_T19:28:47 -  Model step took 0.08123302459716797 seconds
2024_09_16_T19:28:53 -  Model step started
2024_09_16_T19:28:53 -  Model step took 0.09555482864379883 seconds
2024_09_16_T19:28:59 -  Model step started
2024_09_16_T19:28:59 -  Model step took 0.10867094993591309 seconds
2024_09_16_T19:29:05 -  Model step started
2024_09_16_T19:29:05 -  Model step took 0.07977104187011719 seconds
2024_09_16_T19:29:11 -  Model step started
2024_09_16_T19:29:11 -  Model step took 0.08839702606201172 seconds
2024_09_16_T19:29:17 -  Model step started
2024_09_16_T19:29:17 -  Model step took 0.07715201377868652 seconds
2024_09_16_T19:29:23 -  Model step started
2024_09_16_T19:29:23 -  Model step took 0.07943511009216309 seconds
2024_09_16_T19:29:29 -  Model step started
2024_09_16_T19:29:29 -  Model step took 0.38940906524658203 seconds
2024_09_16_T19:29:35 -  Model step started
2024_09_16_T19:29:35 -  Model step took 0.3747251033782959 seconds
2024_09_16_T19:29:41 -  Model step started
2024_09_16_T19:29:42 -  Model step took 0.37245702743530273 seconds
2024_09_16_T19:29:47 -  Model step started
2024_09_16_T19:29:48 -  Model step took 0.36432695388793945 seconds
2024_09_16_T19:29:54 -  Model step started
2024_09_16_T19:29:54 -  Model step took 0.39505982398986816 seconds
2024_09_16_T19:30:00 -  Model step started
2024_09_16_T19:30:00 -  Model step took 0.4157531261444092 seconds
2024_09_16_T19:30:06 -  Model step started
2024_09_16_T19:30:07 -  Model step took 0.586068868637085 seconds
2024_09_16_T19:30:12 -  Model step started
2024_09_16_T19:30:13 -  Model step took 0.45224809646606445 seconds
2024_09_16_T19:30:19 -  Model step started
2024_09_16_T19:30:19 -  Model step took 0.42383599281311035 seconds
2024_09_16_T19:30:25 -  Model step started
2024_09_16_T19:30:26 -  Model step took 0.45020008087158203 seconds
2024_09_16_T19:30:32 -  Model step started
2024_09_16_T19:30:32 -  Model step took 0.30504798889160156 seconds
2024_09_16_T19:30:38 -  Model step started
2024_09_16_T19:30:38 -  Model step took 0.3053159713745117 seconds
2024_09_16_T19:30:44 -  Model step started
2024_09_16_T19:30:44 -  Model step took 0.20189499855041504 seconds
2024_09_16_T19:30:50 -  Model step started
2024_09_16_T19:30:50 -  Model step took 0.0623018741607666 seconds
2024_09_16_T19:30:56 -  Model step started
2024_09_16_T19:30:56 -  Model step took 0.02536487579345703 seconds
2024_09_16_T19:31:02 -  Model step started
2024_09_16_T19:31:02 -  Model step took 0.012106180191040039 seconds
2024_09_16_T19:31:08 -  Model step started
2024_09_16_T19:31:08 -  Model step took 0.008800029754638672 seconds
2024_09_16_T19:31:14 -  Model step started
2024_09_16_T19:31:14 -  Model step took 0.012438058853149414 seconds
2024_09_16_T19:31:20 -  Model step started
2024_09_16_T19:31:20 -  Model step took 0.011541128158569336 seconds
2024_09_16_T19:31:26 -  Model step started
2024_09_16_T19:31:26 -  Model step took 0.01288604736328125 seconds
2024_09_16_T19:31:32 -  Model step started
2024_09_16_T19:31:32 -  Model step took 0.01126408576965332 seconds
2024_09_16_T19:31:38 -  Model step started
2024_09_16_T19:31:38 -  Model step took 0.013214111328125 seconds
2024_09_16_T19:31:44 -  Model step started
2024_09_16_T19:31:44 -  Model step took 0.012185096740722656 seconds
2024_09_16_T19:31:50 -  Model step started
2024_09_16_T19:31:50 -  Model step took 0.01282501220703125 seconds
2024_09_16_T19:31:56 -  Model step started
2024_09_16_T19:31:56 -  Model step took 0.011121034622192383 seconds
2024_09_16_T19:32:01 -  Model step started
2024_09_16_T19:32:01 -  Model step took 0.014187812805175781 seconds
2024_09_16_T19:32:07 -  Model step started
2024_09_16_T19:32:07 -  Model step took 0.012541055679321289 seconds
2024_09_16_T19:32:13 -  Model step started
2024_09_16_T19:32:13 -  Model step took 0.012009859085083008 seconds
2024_09_16_T19:32:19 -  Model step started
2024_09_16_T19:32:19 -  Model step took 0.012681007385253906 seconds
2024_09_16_T19:32:25 -  Model step started
2024_09_16_T19:32:25 -  Model step took 0.01317596435546875 seconds
2024_09_16_T19:32:31 -  Model step started
2024_09_16_T19:32:31 -  Model step took 0.009259939193725586 seconds
2024_09_16_T19:32:37 -  Model step started
2024_09_16_T19:32:37 -  Model step took 0.012285947799682617 seconds
2024_09_16_T19:32:43 -  Model step started
2024_09_16_T19:32:43 -  Model step took 0.008810043334960938 seconds
2024_09_16_T19:32:49 -  Model step started
2024_09_16_T19:32:49 -  Model step took 0.008125782012939453 seconds
2024_09_16_T19:32:55 -  Model step started
2024_09_16_T19:32:55 -  Model step took 0.010066032409667969 seconds
2024_09_16_T19:33:01 -  Model step started
2024_09_16_T19:33:01 -  Model step took 0.008906841278076172 seconds
2024_09_16_T19:33:07 -  Model step started
2024_09_16_T19:33:07 -  Model step took 0.010944843292236328 seconds
2024_09_16_T19:33:13 -  Model step started
2024_09_16_T19:33:13 -  Model step took 0.010276079177856445 seconds
2024_09_16_T19:33:19 -  Model step started
2024_09_16_T19:33:19 -  Model step took 0.010483026504516602 seconds
2024_09_16_T19:33:25 -  Model step started
2024_09_16_T19:33:25 -  Model step took 0.008805990219116211 seconds
2024_09_16_T19:33:30 -  Model step started
2024_09_16_T19:33:30 -  Model step took 0.008162975311279297 seconds
2024_09_16_T19:33:36 -  Model step started
2024_09_16_T19:33:36 -  Model step took 0.010490179061889648 seconds
2024_09_16_T19:33:42 -  Model step started
2024_09_16_T19:33:42 -  Model step took 0.016587018966674805 seconds
2024_09_16_T19:33:48 -  Model step started
2024_09_16_T19:33:48 -  Model step took 0.010210037231445312 seconds
2024_09_16_T19:33:54 -  Model step started
2024_09_16_T19:33:54 -  Model step took 0.012771129608154297 seconds
2024_09_16_T19:34:00 -  Model step started
2024_09_16_T19:34:00 -  Model step took 0.013163089752197266 seconds
2024_09_16_T19:34:06 -  Model step started
2024_09_16_T19:34:06 -  Model step took 0.011316061019897461 seconds
2024_09_16_T19:34:12 -  Model step started
2024_09_16_T19:34:12 -  Model step took 0.010123968124389648 seconds
2024_09_16_T19:34:18 -  Model step started
2024_09_16_T19:34:18 -  Model step took 0.009013175964355469 seconds
2024_09_16_T19:34:24 -  Model step started
2024_09_16_T19:34:24 -  Model step took 0.007849931716918945 seconds
2024_09_16_T19:34:30 -  Model step started
2024_09_16_T19:34:30 -  Model step took 0.008975982666015625 seconds
2024_09_16_T19:34:36 -  Model step started
2024_09_16_T19:34:36 -  Model step took 0.014529943466186523 seconds
2024_09_16_T19:34:42 -  Model step started
2024_09_16_T19:34:42 -  Model step took 0.01006007194519043 seconds
2024_09_16_T19:34:48 -  Model step started
2024_09_16_T19:34:48 -  Model step took 0.011184930801391602 seconds
2024_09_16_T19:34:54 -  Model step started
2024_09_16_T19:34:54 -  Model step took 0.01093912124633789 seconds
2024_09_16_T19:35:00 -  Model step started
2024_09_16_T19:35:00 -  Model step took 0.015028953552246094 seconds
2024_09_16_T19:35:06 -  Model step started
2024_09_16_T19:35:06 -  Model step took 0.010084152221679688 seconds
2024_09_16_T19:35:11 -  Model step started
2024_09_16_T19:35:12 -  Model step took 0.010538101196289062 seconds
2024_09_16_T19:35:17 -  Model step started
2024_09_16_T19:35:17 -  Model step took 0.011520862579345703 seconds
2024_09_16_T19:35:23 -  Model step started
2024_09_16_T19:35:23 -  Model step took 0.01131296157836914 seconds
2024_09_16_T19:35:29 -  Model step started
2024_09_16_T19:35:29 -  Model step took 0.01149892807006836 seconds
2024_09_16_T19:35:35 -  Model step started
2024_09_16_T19:35:35 -  Model step took 0.00982213020324707 seconds
2024_09_16_T19:35:41 -  Model step started
2024_09_16_T19:35:41 -  Model step took 0.011992216110229492 seconds
2024_09_16_T19:35:47 -  Model step started
2024_09_16_T19:35:47 -  Model step took 0.010154008865356445 seconds
2024_09_16_T19:35:53 -  Model step started
2024_09_16_T19:35:53 -  Model step took 0.013002157211303711 seconds
2024_09_16_T19:35:59 -  Model step started
2024_09_16_T19:35:59 -  Model step took 0.011427879333496094 seconds
2024_09_16_T19:36:05 -  Model step started
2024_09_16_T19:36:05 -  Model step took 0.008648872375488281 seconds
2024_09_16_T19:36:11 -  Model step started
2024_09_16_T19:36:11 -  Model step took 0.010302066802978516 seconds
2024_09_16_T19:36:17 -  Model step started
2024_09_16_T19:36:17 -  Model step took 0.015271902084350586 seconds
2024_09_16_T19:36:23 -  Model step started
2024_09_16_T19:36:23 -  Model step took 0.011883020401000977 seconds
2024_09_16_T19:36:29 -  Model step started
2024_09_16_T19:36:29 -  Model step took 0.014778852462768555 seconds
2024_09_16_T19:36:35 -  Model step started
2024_09_16_T19:36:35 -  Model step took 0.011255979537963867 seconds
2024_09_16_T19:36:41 -  Model step started
2024_09_16_T19:36:41 -  Model step took 0.012592077255249023 seconds
2024_09_16_T19:36:47 -  Model step started
2024_09_16_T19:36:47 -  Model step took 0.010244131088256836 seconds
2024_09_16_T19:36:53 -  Model step started
2024_09_16_T19:36:53 -  Model step took 0.017757892608642578 seconds
2024_09_16_T19:36:59 -  Model step started
2024_09_16_T19:36:59 -  Model step took 0.010596990585327148 seconds
2024_09_16_T19:37:05 -  Model step started
2024_09_16_T19:37:05 -  Model step took 0.011555910110473633 seconds
2024_09_16_T19:37:11 -  Model step started
2024_09_16_T19:37:11 -  Model step took 0.011070013046264648 seconds
2024_09_16_T19:37:17 -  Model step started
2024_09_16_T19:37:17 -  Model step took 0.014497041702270508 seconds
2024_09_16_T19:37:23 -  Model step started
2024_09_16_T19:37:23 -  Model step took 0.011399984359741211 seconds
2024_09_16_T19:37:29 -  Model step started
2024_09_16_T19:37:29 -  Model step took 0.009104013442993164 seconds
2024_09_16_T19:37:35 -  Model step started
2024_09_16_T19:37:35 -  Model step took 0.012813091278076172 seconds
2024_09_16_T19:37:41 -  Model step started
2024_09_16_T19:37:41 -  Model step took 0.01879596710205078 seconds
2024_09_16_T19:37:47 -  Model step started
2024_09_16_T19:37:47 -  Model step took 0.009268999099731445 seconds
2024_09_16_T19:37:53 -  Model step started
2024_09_16_T19:37:53 -  Model step took 0.012000083923339844 seconds
2024_09_16_T19:37:58 -  Model step started
2024_09_16_T19:37:59 -  Model step took 0.010434150695800781 seconds
2024_09_16_T19:38:04 -  Model step started
2024_09_16_T19:38:05 -  Model step took 0.01019906997680664 seconds
2024_09_16_T19:38:11 -  Model step started
2024_09_16_T19:38:11 -  Model step took 0.011030912399291992 seconds
2024_09_16_T19:38:16 -  Model step started
2024_09_16_T19:38:16 -  Model step took 0.011612176895141602 seconds
2024_09_16_T19:38:22 -  Model step started
2024_09_16_T19:38:22 -  Model step took 0.00923919677734375 seconds
2024_09_16_T19:38:28 -  Model step started
2024_09_16_T19:38:28 -  Model step took 0.009762048721313477 seconds
2024_09_16_T19:38:34 -  Model step started
2024_09_16_T19:38:34 -  Model step took 0.010424137115478516 seconds
2024_09_16_T19:38:40 -  Model step started
2024_09_16_T19:38:41 -  Model step took 0.011040925979614258 seconds
2024_09_16_T19:38:46 -  Model step started
2024_09_16_T19:38:47 -  Model step took 0.009753227233886719 seconds
2024_09_16_T19:38:53 -  Model step started
2024_09_16_T19:38:53 -  Model step took 0.010500907897949219 seconds
2024_09_16_T19:38:59 -  Model step started
2024_09_16_T19:38:59 -  Model step took 0.01020503044128418 seconds
2024_09_16_T19:39:04 -  Model step started
2024_09_16_T19:39:04 -  Model step took 0.010506153106689453 seconds
2024_09_16_T19:39:11 -  Model step started
2024_09_16_T19:39:11 -  Model step took 0.010873079299926758 seconds
2024_09_16_T19:39:17 -  Model step started
2024_09_16_T19:39:17 -  Model step took 0.01088714599609375 seconds
2024_09_16_T19:39:22 -  Model step started
2024_09_16_T19:39:22 -  Model step took 0.01197504997253418 seconds
2024_09_16_T19:39:28 -  Model step started
2024_09_16_T19:39:28 -  Model step took 0.010374069213867188 seconds
2024_09_16_T19:39:34 -  Model step started
2024_09_16_T19:39:34 -  Model step took 0.011806964874267578 seconds
2024_09_16_T19:39:40 -  Model step started
2024_09_16_T19:39:40 -  Model step took 0.016061067581176758 seconds
2024_09_16_T19:39:46 -  Model step started
2024_09_16_T19:39:46 -  Model step took 0.013092041015625 seconds
2024_09_16_T19:39:52 -  Model step started
2024_09_16_T19:39:52 -  Model step took 0.03371405601501465 seconds
2024_09_16_T19:39:58 -  Model step started
2024_09_16_T19:39:58 -  Model step took 0.014095783233642578 seconds
2024_09_16_T19:40:04 -  Model step started
2024_09_16_T19:40:04 -  Model step took 0.015085935592651367 seconds
2024_09_16_T19:40:10 -  Model step started
2024_09_16_T19:40:10 -  Model step took 0.016488075256347656 seconds
2024_09_16_T19:40:17 -  Model step started
2024_09_16_T19:40:17 -  Model step took 0.01222991943359375 seconds
2024_09_16_T19:40:23 -  Model step started
2024_09_16_T19:40:23 -  Model step took 0.012140035629272461 seconds
2024_09_16_T19:40:29 -  Model step started
2024_09_16_T19:40:29 -  Model step took 0.012324094772338867 seconds
2024_09_16_T19:40:35 -  Model step started
2024_09_16_T19:40:35 -  Model step took 0.01406407356262207 seconds
2024_09_16_T19:40:41 -  Model step started
2024_09_16_T19:40:41 -  Model step took 0.01295781135559082 seconds
2024_09_16_T19:40:47 -  Model step started
2024_09_16_T19:40:47 -  Model step took 0.015681028366088867 seconds
2024_09_16_T19:40:53 -  Model step started
2024_09_16_T19:40:53 -  Model step took 0.011260986328125 seconds
2024_09_16_T19:40:59 -  Model step started
2024_09_16_T19:40:59 -  Model step took 0.013285160064697266 seconds
2024_09_16_T19:41:05 -  Model step started
2024_09_16_T19:41:05 -  Model step took 0.015252828598022461 seconds
2024_09_16_T19:41:11 -  Model step started
2024_09_16_T19:41:11 -  Model step took 0.012362003326416016 seconds
2024_09_16_T19:41:17 -  Model step started
2024_09_16_T19:41:17 -  Model step took 0.010491132736206055 seconds
2024_09_16_T19:41:23 -  Model step started
2024_09_16_T19:41:23 -  Model step took 0.011718988418579102 seconds
2024_09_16_T19:41:28 -  Model step started
2024_09_16_T19:41:28 -  Model step took 0.01616215705871582 seconds
2024_09_16_T19:41:34 -  Model step started
2024_09_16_T19:41:34 -  Model step took 0.018280982971191406 seconds
2024_09_16_T19:41:40 -  Model step started
2024_09_16_T19:41:40 -  Model step took 0.012220144271850586 seconds
2024_09_16_T19:41:46 -  Model step started
2024_09_16_T19:41:46 -  Model step took 0.010914802551269531 seconds
2024_09_16_T19:41:52 -  Model step started
2024_09_16_T19:41:52 -  Model step took 0.012742996215820312 seconds
2024_09_16_T19:41:58 -  Model step started
2024_09_16_T19:41:58 -  Model step took 0.012035131454467773 seconds
2024_09_16_T19:42:04 -  Model step started
2024_09_16_T19:42:04 -  Model step took 0.019678115844726562 seconds
2024_09_16_T19:42:10 -  Model step started
2024_09_16_T19:42:10 -  Model step took 0.011529922485351562 seconds
2024_09_16_T19:42:16 -  Model step started
2024_09_16_T19:42:16 -  Model step took 0.010959863662719727 seconds
2024_09_16_T19:42:22 -  Model step started
2024_09_16_T19:42:22 -  Model step took 0.013076066970825195 seconds
2024_09_16_T19:42:28 -  Model step started
2024_09_16_T19:42:28 -  Model step took 0.011890888214111328 seconds
2024_09_16_T19:42:34 -  Model step started
2024_09_16_T19:42:34 -  Model step took 0.012017011642456055 seconds
2024_09_16_T19:42:40 -  Model step started
2024_09_16_T19:42:40 -  Model step took 0.014297962188720703 seconds
2024_09_16_T19:42:46 -  Model step started
2024_09_16_T19:42:46 -  Model step took 0.01408696174621582 seconds
2024_09_16_T19:42:52 -  Model step started
2024_09_16_T19:42:52 -  Model step took 0.01037287712097168 seconds
2024_09_16_T19:42:58 -  Model step started
2024_09_16_T19:42:58 -  Model step took 0.0116729736328125 seconds
2024_09_16_T19:43:04 -  Model step started
2024_09_16_T19:43:04 -  Model step took 0.010210990905761719 seconds
2024_09_16_T19:43:09 -  Model step started
2024_09_16_T19:43:10 -  Model step took 0.011013031005859375 seconds
2024_09_16_T19:43:15 -  Model step started
2024_09_16_T19:43:15 -  Model step took 0.016638994216918945 seconds
2024_09_16_T19:43:21 -  Model step started
2024_09_16_T19:43:21 -  Model step took 0.02248096466064453 seconds
2024_09_16_T19:43:27 -  Model step started
2024_09_16_T19:43:27 -  Model step took 0.014755010604858398 seconds
2024_09_16_T19:43:33 -  Model step started
2024_09_16_T19:43:33 -  Model step took 0.01396489143371582 seconds
2024_09_16_T19:43:39 -  Model step started
2024_09_16_T19:43:39 -  Model step took 0.018522024154663086 seconds
2024_09_16_T19:43:45 -  Model step started
2024_09_16_T19:43:45 -  Model step took 0.011171817779541016 seconds
2024_09_16_T19:43:51 -  Model step started
2024_09_16_T19:43:51 -  Model step took 0.012986898422241211 seconds
2024_09_16_T19:43:57 -  Model step started
2024_09_16_T19:43:57 -  Model step took 0.01332998275756836 seconds
2024_09_16_T19:44:03 -  Model step started
2024_09_16_T19:44:03 -  Model step took 0.013351917266845703 seconds
2024_09_16_T19:44:09 -  Model step started
2024_09_16_T19:44:09 -  Model step took 0.01417398452758789 seconds
2024_09_16_T19:44:15 -  Model step started
2024_09_16_T19:44:15 -  Model step took 0.011375904083251953 seconds
2024_09_16_T19:44:21 -  Model step started
2024_09_16_T19:44:21 -  Model step took 0.013734102249145508 seconds
2024_09_16_T19:44:27 -  Model step started
2024_09_16_T19:44:27 -  Model step took 0.013875961303710938 seconds
2024_09_16_T19:44:33 -  Model step started
2024_09_16_T19:44:33 -  Model step took 0.012388944625854492 seconds
2024_09_16_T19:44:39 -  Model step started
2024_09_16_T19:44:39 -  Model step took 0.01473689079284668 seconds
2024_09_16_T19:44:45 -  Model step started
2024_09_16_T19:44:45 -  Model step took 0.014760017395019531 seconds
2024_09_16_T19:44:51 -  Model step started
2024_09_16_T19:44:51 -  Model step took 0.014241933822631836 seconds
2024_09_16_T19:44:57 -  Model step started
2024_09_16_T19:44:57 -  Model step took 0.01824188232421875 seconds
2024_09_16_T19:45:03 -  Model step started
2024_09_16_T19:45:03 -  Model step took 0.015494108200073242 seconds
2024_09_16_T19:45:09 -  Model step started
2024_09_16_T19:45:09 -  Model step took 0.015256166458129883 seconds
2024_09_16_T19:45:15 -  Model step started
2024_09_16_T19:45:15 -  Model step took 0.014234066009521484 seconds
2024_09_16_T19:45:21 -  Model step started
2024_09_16_T19:45:21 -  Model step took 0.019526004791259766 seconds
2024_09_16_T19:45:27 -  Model step started
2024_09_16_T19:45:27 -  Model step took 0.015205144882202148 seconds
2024_09_16_T19:45:33 -  Model step started
2024_09_16_T19:45:33 -  Model step took 0.012727022171020508 seconds
2024_09_16_T19:45:39 -  Model step started
2024_09_16_T19:45:39 -  Model step took 0.014721870422363281 seconds
2024_09_16_T19:45:45 -  Model step started
2024_09_16_T19:45:45 -  Model step took 0.014432907104492188 seconds
2024_09_16_T19:45:51 -  Model step started
2024_09_16_T19:45:51 -  Model step took 0.014544963836669922 seconds
2024_09_16_T19:45:57 -  Model step started
2024_09_16_T19:45:57 -  Model step took 0.014622211456298828 seconds
2024_09_16_T19:46:03 -  Model step started
2024_09_16_T19:46:03 -  Model step took 0.011057138442993164 seconds
2024_09_16_T19:46:09 -  Model step started
2024_09_16_T19:46:09 -  Model step took 0.013090133666992188 seconds
2024_09_16_T19:46:15 -  Model step started
2024_09_16_T19:46:15 -  Model step took 0.012986898422241211 seconds
2024_09_16_T19:46:20 -  Model step started
2024_09_16_T19:46:20 -  Model step took 0.012832880020141602 seconds
2024_09_16_T19:46:26 -  Model step started
2024_09_16_T19:46:26 -  Model step took 0.019469022750854492 seconds
2024_09_16_T19:46:32 -  Model step started
2024_09_16_T19:46:32 -  Model step took 0.014011859893798828 seconds
2024_09_16_T19:46:38 -  Model step started
2024_09_16_T19:46:38 -  Model step took 0.01339101791381836 seconds
2024_09_16_T19:46:44 -  Model step started
2024_09_16_T19:46:44 -  Model step took 0.014626026153564453 seconds
2024_09_16_T19:46:50 -  Model step started
2024_09_16_T19:46:50 -  Model step took 0.012016057968139648 seconds
2024_09_16_T19:46:56 -  Model step started
2024_09_16_T19:46:56 -  Model step took 0.013200998306274414 seconds
2024_09_16_T19:47:02 -  Model step started
2024_09_16_T19:47:02 -  Model step took 0.017602920532226562 seconds
2024_09_16_T19:47:08 -  Model step started
2024_09_16_T19:47:08 -  Model step took 0.012160062789916992 seconds
2024_09_16_T19:47:14 -  Model step started
2024_09_16_T19:47:14 -  Model step took 0.012672901153564453 seconds
2024_09_16_T19:47:20 -  Model step started
2024_09_16_T19:47:20 -  Model step took 0.01213693618774414 seconds
2024_09_16_T19:47:25 -  Model step started
2024_09_16_T19:47:25 -  Model step took 0.011124134063720703 seconds
2024_09_16_T19:47:31 -  Model step started
2024_09_16_T19:47:31 -  Model step took 0.013469934463500977 seconds
2024_09_16_T19:47:38 -  Model step started
2024_09_16_T19:47:38 -  Model step took 0.015924930572509766 seconds
2024_09_16_T19:47:43 -  Model step started
2024_09_16_T19:47:43 -  Model step took 0.011644840240478516 seconds
