2024_10_02_T19:39:17 -  finished initateHouses in 0.4061279296875 seconds
2024_10_02_T19:39:18 -  finished initiateHouseholds in 0.5585229396820068 seconds
2024_10_02_T19:39:18 -  finished assignHousesToHouseholds in 0.6939048767089844 seconds
2024_10_02_T19:39:27 -  Model step started
2024_10_02_T19:39:29 -  Model step took 1.50901198387146 seconds
2024_10_02_T19:39:35 -  Model step started
2024_10_02_T19:39:36 -  Model step took 0.9324159622192383 seconds
2024_10_02_T19:39:42 -  Model step started
2024_10_02_T19:39:43 -  Model step took 0.8812510967254639 seconds
2024_10_02_T19:39:48 -  Model step started
2024_10_02_T19:39:49 -  Model step took 0.8416359424591064 seconds
2024_10_02_T19:39:55 -  Model step started
2024_10_02_T19:39:56 -  Model step took 0.7011680603027344 seconds
2024_10_02_T19:40:02 -  Model step started
2024_10_02_T19:40:02 -  Model step took 0.6286790370941162 seconds
2024_10_02_T19:40:08 -  Model step started
2024_10_02_T19:40:09 -  Model step took 0.6976151466369629 seconds
2024_10_02_T19:40:15 -  Model step started
2024_10_02_T19:40:15 -  Model step took 0.48663997650146484 seconds
2024_10_02_T19:40:21 -  Model step started
2024_10_02_T19:40:22 -  Model step took 0.48575282096862793 seconds
2024_10_02_T19:40:28 -  Model step started
2024_10_02_T19:40:28 -  Model step took 0.45052003860473633 seconds
2024_10_02_T19:40:34 -  Model step started
2024_10_02_T19:40:35 -  Model step took 0.40732717514038086 seconds
2024_10_02_T19:40:41 -  Model step started
2024_10_02_T19:40:41 -  Model step took 0.42403292655944824 seconds
2024_10_02_T19:40:47 -  Model step started
2024_10_02_T19:40:48 -  Model step took 0.41044187545776367 seconds
2024_10_02_T19:40:54 -  Model step started
2024_10_02_T19:40:54 -  Model step took 0.3881227970123291 seconds
2024_10_02_T19:41:00 -  Model step started
2024_10_02_T19:41:01 -  Model step took 0.47606992721557617 seconds
2024_10_02_T19:41:07 -  Model step started
2024_10_02_T19:41:07 -  Model step took 0.28602099418640137 seconds
2024_10_02_T19:41:14 -  Model step started
2024_10_02_T19:41:14 -  Model step took 0.2642989158630371 seconds
2024_10_02_T19:41:20 -  Model step started
2024_10_02_T19:41:20 -  Model step took 0.25295090675354004 seconds
2024_10_02_T19:41:27 -  Model step started
2024_10_02_T19:41:27 -  Model step took 0.22365903854370117 seconds
2024_10_02_T19:41:33 -  Model step started
2024_10_02_T19:41:34 -  Model step took 0.2001171112060547 seconds
2024_10_02_T19:41:40 -  Model step started
2024_10_02_T19:41:40 -  Model step took 0.21392202377319336 seconds
2024_10_02_T19:41:47 -  Model step started
2024_10_02_T19:41:47 -  Model step took 0.18827199935913086 seconds
2024_10_02_T19:41:53 -  Model step started
2024_10_02_T19:41:53 -  Model step took 0.17188096046447754 seconds
2024_10_02_T19:42:00 -  Model step started
2024_10_02_T19:42:00 -  Model step took 0.17049503326416016 seconds
2024_10_02_T19:42:07 -  Model step started
2024_10_02_T19:42:07 -  Model step took 0.1592268943786621 seconds
2024_10_02_T19:42:13 -  Model step started
2024_10_02_T19:42:14 -  Model step took 0.12203693389892578 seconds
2024_10_02_T19:42:20 -  Model step started
2024_10_02_T19:42:20 -  Model step took 0.13042402267456055 seconds
2024_10_02_T19:42:27 -  Model step started
2024_10_02_T19:42:27 -  Model step took 0.11326003074645996 seconds
2024_10_02_T19:42:34 -  Model step started
2024_10_02_T19:42:34 -  Model step took 0.1092081069946289 seconds
2024_10_02_T19:42:41 -  Model step started
2024_10_02_T19:42:41 -  Model step took 0.09983181953430176 seconds
2024_10_02_T19:42:47 -  Model step started
2024_10_02_T19:42:47 -  Model step took 0.10843300819396973 seconds
2024_10_02_T19:42:54 -  Model step started
2024_10_02_T19:42:54 -  Model step took 0.10606718063354492 seconds
2024_10_02_T19:43:01 -  Model step started
2024_10_02_T19:43:01 -  Model step took 0.1141359806060791 seconds
2024_10_02_T19:43:08 -  Model step started
2024_10_02_T19:43:08 -  Model step took 0.09276819229125977 seconds
2024_10_02_T19:43:15 -  Model step started
2024_10_02_T19:43:15 -  Model step took 0.08800506591796875 seconds
2024_10_02_T19:43:22 -  Model step started
2024_10_02_T19:43:22 -  Model step took 0.08411693572998047 seconds
2024_10_02_T19:43:29 -  Model step started
2024_10_02_T19:43:29 -  Model step took 0.07895016670227051 seconds
2024_10_02_T19:43:36 -  Model step started
2024_10_02_T19:43:36 -  Model step took 0.07331609725952148 seconds
2024_10_02_T19:43:43 -  Model step started
2024_10_02_T19:43:43 -  Model step took 0.0645451545715332 seconds
2024_10_02_T19:43:50 -  Model step started
2024_10_02_T19:43:50 -  Model step took 0.07227802276611328 seconds
2024_10_02_T19:43:57 -  Model step started
2024_10_02_T19:43:57 -  Model step took 0.055387020111083984 seconds
2024_10_02_T19:44:04 -  Model step started
2024_10_02_T19:44:04 -  Model step took 0.05812215805053711 seconds
2024_10_02_T19:44:11 -  Model step started
2024_10_02_T19:44:11 -  Model step took 0.05397605895996094 seconds
2024_10_02_T19:44:18 -  Model step started
2024_10_02_T19:44:18 -  Model step took 0.042230844497680664 seconds
2024_10_02_T19:44:25 -  Model step started
2024_10_02_T19:44:25 -  Model step took 0.05449795722961426 seconds
2024_10_02_T19:44:32 -  Model step started
2024_10_02_T19:44:32 -  Model step took 0.04538893699645996 seconds
2024_10_02_T19:44:39 -  Model step started
2024_10_02_T19:44:39 -  Model step took 0.05238914489746094 seconds
2024_10_02_T19:44:46 -  Model step started
2024_10_02_T19:44:46 -  Model step took 0.0512540340423584 seconds
2024_10_02_T19:44:53 -  Model step started
2024_10_02_T19:44:53 -  Model step took 0.054229021072387695 seconds
2024_10_02_T19:45:00 -  Model step started
2024_10_02_T19:45:00 -  Model step took 0.05111193656921387 seconds
2024_10_02_T19:45:07 -  Model step started
2024_10_02_T19:45:07 -  Model step took 0.043840885162353516 seconds
2024_10_02_T19:45:14 -  Model step started
2024_10_02_T19:45:14 -  Model step took 0.03998208045959473 seconds
2024_10_02_T19:45:22 -  Model step started
2024_10_02_T19:45:22 -  Model step took 0.04128003120422363 seconds
2024_10_02_T19:45:29 -  Model step started
2024_10_02_T19:45:29 -  Model step took 0.03949379920959473 seconds
2024_10_02_T19:45:36 -  Model step started
2024_10_02_T19:45:36 -  Model step took 0.041892051696777344 seconds
2024_10_02_T19:45:43 -  Model step started
2024_10_02_T19:45:43 -  Model step took 0.04404497146606445 seconds
2024_10_02_T19:45:51 -  Model step started
2024_10_02_T19:45:51 -  Model step took 0.04436302185058594 seconds
2024_10_02_T19:45:58 -  Model step started
2024_10_02_T19:45:58 -  Model step took 0.043662071228027344 seconds
2024_10_02_T19:46:06 -  Model step started
2024_10_02_T19:46:06 -  Model step took 0.047102928161621094 seconds
2024_10_02_T19:46:13 -  Model step started
2024_10_02_T19:46:13 -  Model step took 0.043718814849853516 seconds
2024_10_02_T19:46:21 -  Model step started
2024_10_02_T19:46:21 -  Model step took 0.04574108123779297 seconds
2024_10_02_T19:46:28 -  Model step started
2024_10_02_T19:46:28 -  Model step took 0.04832100868225098 seconds
2024_10_02_T19:46:36 -  Model step started
2024_10_02_T19:46:36 -  Model step took 0.0593109130859375 seconds
2024_10_02_T19:46:44 -  Model step started
2024_10_02_T19:46:44 -  Model step took 0.055815935134887695 seconds
2024_10_02_T19:46:51 -  Model step started
2024_10_02_T19:46:51 -  Model step took 0.04126405715942383 seconds
2024_10_02_T19:46:59 -  Model step started
2024_10_02_T19:46:59 -  Model step took 0.051941871643066406 seconds
2024_10_02_T19:47:06 -  Model step started
2024_10_02_T19:47:06 -  Model step took 0.04349184036254883 seconds
2024_10_02_T19:47:14 -  Model step started
2024_10_02_T19:47:14 -  Model step took 0.044773101806640625 seconds
2024_10_02_T19:47:22 -  Model step started
2024_10_02_T19:47:22 -  Model step took 0.050521135330200195 seconds
2024_10_02_T19:47:30 -  Model step started
2024_10_02_T19:47:30 -  Model step took 0.0536351203918457 seconds
2024_10_02_T19:47:37 -  Model step started
2024_10_02_T19:47:37 -  Model step took 0.045719146728515625 seconds
2024_10_02_T19:47:45 -  Model step started
2024_10_02_T19:47:45 -  Model step took 0.05112814903259277 seconds
2024_10_02_T19:47:53 -  Model step started
2024_10_02_T19:47:53 -  Model step took 0.04802203178405762 seconds
2024_10_02_T19:48:01 -  Model step started
2024_10_02_T19:48:01 -  Model step took 0.05073690414428711 seconds
2024_10_02_T19:48:08 -  Model step started
2024_10_02_T19:48:08 -  Model step took 0.04861283302307129 seconds
2024_10_02_T19:48:16 -  Model step started
2024_10_02_T19:48:16 -  Model step took 0.049430131912231445 seconds
2024_10_02_T19:48:24 -  Model step started
2024_10_02_T19:48:24 -  Model step took 0.04627490043640137 seconds
2024_10_02_T19:48:32 -  Model step started
2024_10_02_T19:48:32 -  Model step took 0.044209957122802734 seconds
2024_10_02_T19:48:40 -  Model step started
2024_10_02_T19:48:40 -  Model step took 0.053893089294433594 seconds
2024_10_02_T19:48:48 -  Model step started
2024_10_02_T19:48:48 -  Model step took 0.05264782905578613 seconds
2024_10_02_T19:48:56 -  Model step started
2024_10_02_T19:48:56 -  Model step took 0.06231403350830078 seconds
2024_10_02_T19:49:04 -  Model step started
2024_10_02_T19:49:04 -  Model step took 0.048390865325927734 seconds
2024_10_02_T19:49:12 -  Model step started
2024_10_02_T19:49:12 -  Model step took 0.048304080963134766 seconds
2024_10_02_T19:49:20 -  Model step started
2024_10_02_T19:49:20 -  Model step took 0.05609011650085449 seconds
2024_10_02_T19:49:28 -  Model step started
2024_10_02_T19:49:28 -  Model step took 0.05141782760620117 seconds
2024_10_02_T19:49:36 -  Model step started
2024_10_02_T19:49:36 -  Model step took 0.05570793151855469 seconds
2024_10_02_T19:49:45 -  Model step started
2024_10_02_T19:49:45 -  Model step took 0.048135995864868164 seconds
2024_10_02_T19:49:53 -  Model step started
2024_10_02_T19:49:53 -  Model step took 0.0536041259765625 seconds
2024_10_02_T19:50:01 -  Model step started
2024_10_02_T19:50:01 -  Model step took 0.05447816848754883 seconds
2024_10_02_T19:50:09 -  Model step started
2024_10_02_T19:50:10 -  Model step took 0.06474590301513672 seconds
2024_10_02_T19:50:18 -  Model step started
2024_10_02_T19:50:18 -  Model step took 0.05665087699890137 seconds
2024_10_02_T19:50:26 -  Model step started
2024_10_02_T19:50:27 -  Model step took 0.05488705635070801 seconds
2024_10_02_T19:50:35 -  Model step started
2024_10_02_T19:50:35 -  Model step took 0.057279109954833984 seconds
2024_10_02_T19:50:44 -  Model step started
2024_10_02_T19:50:44 -  Model step took 0.052488088607788086 seconds
2024_10_02_T19:50:52 -  Model step started
2024_10_02_T19:50:52 -  Model step took 0.06210803985595703 seconds
2024_10_02_T19:51:01 -  Model step started
2024_10_02_T19:51:01 -  Model step took 0.05616307258605957 seconds
2024_10_02_T19:51:09 -  Model step started
2024_10_02_T19:51:09 -  Model step took 0.07740497589111328 seconds
2024_10_02_T19:51:18 -  Model step started
2024_10_02_T19:51:18 -  Model step took 0.059123992919921875 seconds
2024_10_02_T19:51:27 -  Model step started
2024_10_02_T19:51:27 -  Model step took 0.06615018844604492 seconds
2024_10_02_T19:51:36 -  Model step started
2024_10_02_T19:51:36 -  Model step took 0.05893206596374512 seconds
2024_10_02_T19:51:45 -  Model step started
2024_10_02_T19:51:45 -  Model step took 0.06850814819335938 seconds
2024_10_02_T19:51:54 -  Model step started
2024_10_02_T19:51:54 -  Model step took 0.061428070068359375 seconds
2024_10_02_T19:52:03 -  Model step started
2024_10_02_T19:52:03 -  Model step took 0.054913997650146484 seconds
2024_10_02_T19:52:12 -  Model step started
2024_10_02_T19:52:12 -  Model step took 0.07983207702636719 seconds
2024_10_02_T19:52:21 -  Model step started
2024_10_02_T19:52:21 -  Model step took 0.07141399383544922 seconds
