2024_09_08_T18:58:27 -  finished initateHouses in 0.29218602180480957 seconds
2024_09_08_T18:58:27 -  finished initiateHouseholds in 0.5121481418609619 seconds
2024_09_08_T18:58:28 -  finished assignHousesToHouseholds in 0.7927589416503906 seconds
2024_09_08_T18:59:31 -  Model step started
2024_09_08_T19:07:32 -  Model step took 480.991916179657 seconds
2024_09_08_T19:08:33 -  Model step started
2024_09_08_T19:10:24 -  Model step took 110.72486710548401 seconds
2024_09_08_T19:11:28 -  Model step started
2024_09_08_T19:13:07 -  Model step took 98.70244717597961 seconds
2024_09_08_T19:14:09 -  Model step started
2024_09_08_T19:15:48 -  Model step took 99.3907527923584 seconds
2024_09_08_T19:16:49 -  Model step started
2024_09_08_T19:18:34 -  Model step took 104.80377006530762 seconds
2024_09_08_T19:19:35 -  Model step started
2024_09_08_T19:21:21 -  Model step took 105.64911389350891 seconds
2024_09_08_T19:22:21 -  Model step started
2024_09_08_T19:24:13 -  Model step took 111.56814098358154 seconds
2024_09_08_T19:25:15 -  Model step started
2024_09_08_T19:27:19 -  Model step took 123.99587988853455 seconds
2024_09_08_T19:28:22 -  Model step started
2024_09_08_T19:30:32 -  Model step took 130.6193289756775 seconds
2024_09_08_T19:31:34 -  Model step started
2024_09_08_T19:33:35 -  Model step took 120.51246404647827 seconds
2024_09_08_T19:34:37 -  Model step started
2024_09_08_T19:36:45 -  Model step took 127.5274748802185 seconds
2024_09_08_T19:37:46 -  Model step started
2024_09_08_T19:39:56 -  Model step took 129.7087390422821 seconds
2024_09_08_T19:40:58 -  Model step started
2024_09_08_T19:43:20 -  Model step took 141.69976592063904 seconds
2024_09_08_T19:44:24 -  Model step started
2024_09_08_T19:46:50 -  Model step took 145.99822402000427 seconds
2024_09_08_T19:47:51 -  Model step started
2024_09_08_T19:50:27 -  Model step took 155.33733892440796 seconds
