2024_09_22_T19:03:15 -  finished initateHouses in 0.4181339740753174 seconds
2024_09_22_T19:03:15 -  finished initiateHouseholds in 0.5745100975036621 seconds
2024_09_22_T19:03:15 -  finished assignHousesToHouseholds in 0.7431759834289551 seconds
2024_09_22_T19:03:38 -  Model step started
2024_09_22_T19:03:45 -  Model step took 7.201556921005249 seconds
2024_09_22_T19:04:04 -  Model step started
2024_09_22_T19:04:12 -  Model step took 7.889218091964722 seconds
2024_09_22_T19:04:32 -  Model step started
2024_09_22_T19:04:40 -  Model step took 7.742204904556274 seconds
2024_09_22_T19:04:59 -  Model step started
2024_09_22_T19:05:06 -  Model step took 7.017733097076416 seconds
2024_09_22_T19:05:26 -  Model step started
2024_09_22_T19:05:33 -  Model step took 6.48619818687439 seconds
2024_09_22_T19:05:53 -  Model step started
2024_09_22_T19:05:59 -  Model step took 5.770644903182983 seconds
2024_09_22_T19:06:19 -  Model step started
2024_09_22_T19:06:24 -  Model step took 5.384887933731079 seconds
2024_09_22_T19:06:45 -  Model step started
2024_09_22_T19:06:50 -  Model step took 5.176035165786743 seconds
2024_09_22_T19:07:10 -  Model step started
2024_09_22_T19:07:15 -  Model step took 4.77168083190918 seconds
2024_09_22_T19:07:35 -  Model step started
2024_09_22_T19:07:40 -  Model step took 4.669425010681152 seconds
2024_09_22_T19:08:00 -  Model step started
2024_09_22_T19:08:05 -  Model step took 4.568938970565796 seconds
2024_09_22_T19:08:25 -  Model step started
2024_09_22_T19:08:29 -  Model step took 4.139009952545166 seconds
2024_09_22_T19:08:50 -  Model step started
2024_09_22_T19:08:54 -  Model step took 4.031584978103638 seconds
2024_09_22_T19:09:15 -  Model step started
2024_09_22_T19:09:19 -  Model step took 3.8159220218658447 seconds
2024_09_22_T19:09:39 -  Model step started
2024_09_22_T19:09:43 -  Model step took 3.553307056427002 seconds
2024_09_22_T19:10:04 -  Model step started
2024_09_22_T19:10:08 -  Model step took 3.4004619121551514 seconds
2024_09_22_T19:10:29 -  Model step started
2024_09_22_T19:10:32 -  Model step took 3.42956805229187 seconds
2024_09_22_T19:10:53 -  Model step started
2024_09_22_T19:10:57 -  Model step took 3.1590681076049805 seconds
2024_09_22_T19:11:18 -  Model step started
2024_09_22_T19:11:21 -  Model step took 3.031651020050049 seconds
2024_09_22_T19:11:43 -  Model step started
2024_09_22_T19:11:45 -  Model step took 2.942512035369873 seconds
2024_09_22_T19:12:07 -  Model step started
2024_09_22_T19:12:10 -  Model step took 2.88122296333313 seconds
2024_09_22_T19:12:32 -  Model step started
2024_09_22_T19:12:34 -  Model step took 2.6611931324005127 seconds
2024_09_22_T19:12:56 -  Model step started
2024_09_22_T19:12:59 -  Model step took 2.5209078788757324 seconds
2024_09_22_T19:13:21 -  Model step started
2024_09_22_T19:13:23 -  Model step took 2.5069050788879395 seconds
2024_09_22_T19:13:46 -  Model step started
2024_09_22_T19:13:48 -  Model step took 2.4736931324005127 seconds
2024_09_22_T19:14:10 -  Model step started
2024_09_22_T19:14:13 -  Model step took 2.2423558235168457 seconds
2024_09_22_T19:14:35 -  Model step started
2024_09_22_T19:14:37 -  Model step took 2.0332720279693604 seconds
2024_09_22_T19:14:59 -  Model step started
2024_09_22_T19:15:01 -  Model step took 2.018599033355713 seconds
2024_09_22_T19:15:24 -  Model step started
2024_09_22_T19:15:26 -  Model step took 2.1615588665008545 seconds
2024_09_22_T19:15:48 -  Model step started
2024_09_22_T19:15:51 -  Model step took 2.3244881629943848 seconds
2024_09_22_T19:16:13 -  Model step started
2024_09_22_T19:16:16 -  Model step took 2.338942050933838 seconds
2024_09_22_T19:16:39 -  Model step started
2024_09_22_T19:16:41 -  Model step took 2.3572030067443848 seconds
2024_09_22_T19:17:04 -  Model step started
2024_09_22_T19:17:06 -  Model step took 2.286436080932617 seconds
2024_09_22_T19:17:29 -  Model step started
2024_09_22_T19:17:31 -  Model step took 2.3265249729156494 seconds
2024_09_22_T19:17:54 -  Model step started
2024_09_22_T19:17:57 -  Model step took 2.3396708965301514 seconds
2024_09_22_T19:18:20 -  Model step started
2024_09_22_T19:18:22 -  Model step took 2.2578978538513184 seconds
2024_09_22_T19:18:45 -  Model step started
2024_09_22_T19:18:48 -  Model step took 2.4451448917388916 seconds
2024_09_22_T19:19:11 -  Model step started
2024_09_22_T19:19:13 -  Model step took 1.9886350631713867 seconds
2024_09_22_T19:19:36 -  Model step started
2024_09_22_T19:19:38 -  Model step took 2.034965991973877 seconds
2024_09_22_T19:20:02 -  Model step started
2024_09_22_T19:20:03 -  Model step took 1.9731049537658691 seconds
2024_09_22_T19:20:27 -  Model step started
2024_09_22_T19:20:29 -  Model step took 1.7694590091705322 seconds
2024_09_22_T19:20:52 -  Model step started
2024_09_22_T19:20:54 -  Model step took 1.8690040111541748 seconds
2024_09_22_T19:21:18 -  Model step started
2024_09_22_T19:21:20 -  Model step took 1.84312105178833 seconds
2024_09_22_T19:21:44 -  Model step started
2024_09_22_T19:21:46 -  Model step took 1.775393009185791 seconds
2024_09_22_T19:22:10 -  Model step started
2024_09_22_T19:22:12 -  Model step took 1.7481060028076172 seconds
2024_09_22_T19:22:36 -  Model step started
2024_09_22_T19:22:38 -  Model step took 1.72865891456604 seconds
2024_09_22_T19:23:02 -  Model step started
2024_09_22_T19:23:04 -  Model step took 1.5786068439483643 seconds
2024_09_22_T19:23:29 -  Model step started
2024_09_22_T19:23:30 -  Model step took 1.6211941242218018 seconds
2024_09_22_T19:23:55 -  Model step started
2024_09_22_T19:23:57 -  Model step took 1.8671331405639648 seconds
2024_09_22_T19:24:21 -  Model step started
2024_09_22_T19:24:22 -  Model step took 1.464111089706421 seconds
2024_09_22_T19:24:47 -  Model step started
2024_09_22_T19:24:48 -  Model step took 1.3820760250091553 seconds
2024_09_22_T19:25:12 -  Model step started
2024_09_22_T19:25:14 -  Model step took 1.26670503616333 seconds
2024_09_22_T19:25:38 -  Model step started
2024_09_22_T19:25:39 -  Model step took 1.3136649131774902 seconds
2024_09_22_T19:26:04 -  Model step started
2024_09_22_T19:26:05 -  Model step took 1.2966971397399902 seconds
2024_09_22_T19:26:30 -  Model step started
2024_09_22_T19:26:31 -  Model step took 1.2362830638885498 seconds
2024_09_22_T19:26:56 -  Model step started
2024_09_22_T19:26:57 -  Model step took 1.1664769649505615 seconds
2024_09_22_T19:27:22 -  Model step started
2024_09_22_T19:27:23 -  Model step took 1.1948778629302979 seconds
2024_09_22_T19:27:49 -  Model step started
2024_09_22_T19:27:50 -  Model step took 1.2140867710113525 seconds
2024_09_22_T19:28:15 -  Model step started
2024_09_22_T19:28:17 -  Model step took 1.3011271953582764 seconds
2024_09_22_T19:28:42 -  Model step started
2024_09_22_T19:28:43 -  Model step took 1.3288371562957764 seconds
2024_09_22_T19:29:09 -  Model step started
2024_09_22_T19:29:11 -  Model step took 1.430652141571045 seconds
2024_09_22_T19:29:37 -  Model step started
2024_09_22_T19:29:38 -  Model step took 1.207352876663208 seconds
2024_09_22_T19:30:04 -  Model step started
2024_09_22_T19:30:05 -  Model step took 1.0847601890563965 seconds
2024_09_22_T19:30:32 -  Model step started
2024_09_22_T19:30:33 -  Model step took 1.0486290454864502 seconds
2024_09_22_T19:30:59 -  Model step started
2024_09_22_T19:31:00 -  Model step took 1.5029990673065186 seconds
2024_09_22_T19:31:26 -  Model step started
2024_09_22_T19:31:28 -  Model step took 1.5806939601898193 seconds
2024_09_22_T19:31:54 -  Model step started
2024_09_22_T19:31:56 -  Model step took 1.7109508514404297 seconds
2024_09_22_T19:32:22 -  Model step started
2024_09_22_T19:32:24 -  Model step took 1.8877840042114258 seconds
2024_09_22_T19:32:51 -  Model step started
2024_09_22_T19:32:53 -  Model step took 2.0098581314086914 seconds
2024_09_22_T19:33:20 -  Model step started
2024_09_22_T19:33:22 -  Model step took 2.173264980316162 seconds
2024_09_22_T19:33:49 -  Model step started
2024_09_22_T19:33:51 -  Model step took 2.297900915145874 seconds
2024_09_22_T19:34:18 -  Model step started
2024_09_22_T19:34:21 -  Model step took 2.5224030017852783 seconds
2024_09_22_T19:34:48 -  Model step started
2024_09_22_T19:34:50 -  Model step took 2.665891170501709 seconds
2024_09_22_T19:35:17 -  Model step started
2024_09_22_T19:35:20 -  Model step took 2.4404609203338623 seconds
2024_09_22_T19:35:47 -  Model step started
2024_09_22_T19:35:49 -  Model step took 2.7789299488067627 seconds
2024_09_22_T19:36:17 -  Model step started
2024_09_22_T19:36:20 -  Model step took 3.0334129333496094 seconds
2024_09_22_T19:36:47 -  Model step started
2024_09_22_T19:36:50 -  Model step took 3.402122974395752 seconds
2024_09_22_T19:37:17 -  Model step started
2024_09_22_T19:37:20 -  Model step took 3.467879056930542 seconds
2024_09_22_T19:37:47 -  Model step started
2024_09_22_T19:37:51 -  Model step took 3.9422991275787354 seconds
2024_09_22_T19:38:19 -  Model step started
2024_09_22_T19:38:23 -  Model step took 4.054257154464722 seconds
2024_09_22_T19:38:50 -  Model step started
2024_09_22_T19:38:54 -  Model step took 4.292371988296509 seconds
2024_09_22_T19:39:22 -  Model step started
2024_09_22_T19:39:26 -  Model step took 4.361556053161621 seconds
2024_09_22_T19:39:53 -  Model step started
2024_09_22_T19:39:58 -  Model step took 4.527158975601196 seconds
2024_09_22_T19:40:26 -  Model step started
2024_09_22_T19:40:31 -  Model step took 4.775943040847778 seconds
2024_09_22_T19:40:58 -  Model step started
2024_09_22_T19:41:03 -  Model step took 4.852013111114502 seconds
2024_09_22_T19:41:31 -  Model step started
2024_09_22_T19:41:36 -  Model step took 4.80425500869751 seconds
2024_09_22_T19:42:04 -  Model step started
2024_09_22_T19:42:09 -  Model step took 4.912868976593018 seconds
2024_09_22_T19:42:37 -  Model step started
2024_09_22_T19:42:42 -  Model step took 4.94327187538147 seconds
2024_09_22_T19:43:10 -  Model step started
2024_09_22_T19:43:16 -  Model step took 5.337124824523926 seconds
2024_09_22_T19:43:44 -  Model step started
2024_09_22_T19:43:50 -  Model step took 5.5482800006866455 seconds
2024_09_22_T19:44:18 -  Model step started
2024_09_22_T19:44:24 -  Model step took 5.564046859741211 seconds
2024_09_22_T19:44:53 -  Model step started
2024_09_22_T19:44:58 -  Model step took 5.564229965209961 seconds
2024_09_22_T19:45:27 -  Model step started
2024_09_22_T19:45:33 -  Model step took 5.5764479637146 seconds
2024_09_22_T19:46:02 -  Model step started
2024_09_22_T19:46:08 -  Model step took 5.779829025268555 seconds
2024_09_22_T19:46:37 -  Model step started
2024_09_22_T19:46:43 -  Model step took 5.624780893325806 seconds
2024_09_22_T19:47:12 -  Model step started
2024_09_22_T19:47:18 -  Model step took 5.762481927871704 seconds
2024_09_22_T19:47:48 -  Model step started
2024_09_22_T19:47:54 -  Model step took 6.112504005432129 seconds
2024_09_22_T19:48:23 -  Model step started
2024_09_22_T19:48:29 -  Model step took 5.753108978271484 seconds
2024_09_22_T19:48:58 -  Model step started
2024_09_22_T19:49:04 -  Model step took 6.094357013702393 seconds
2024_09_22_T19:49:34 -  Model step started
2024_09_22_T19:49:40 -  Model step took 6.398000001907349 seconds
2024_09_22_T19:50:10 -  Model step started
2024_09_22_T19:50:16 -  Model step took 6.57897686958313 seconds
2024_09_22_T19:50:46 -  Model step started
2024_09_22_T19:50:53 -  Model step took 6.911962032318115 seconds
2024_09_22_T19:51:23 -  Model step started
2024_09_22_T19:51:30 -  Model step took 7.146164894104004 seconds
2024_09_22_T19:52:00 -  Model step started
2024_09_22_T19:52:08 -  Model step took 7.2189319133758545 seconds
2024_09_22_T19:52:38 -  Model step started
2024_09_22_T19:52:45 -  Model step took 7.431287050247192 seconds
2024_09_22_T19:53:16 -  Model step started
2024_09_22_T19:53:23 -  Model step took 7.709847927093506 seconds
2024_09_22_T19:53:54 -  Model step started
2024_09_22_T19:54:01 -  Model step took 7.727041006088257 seconds
2024_09_22_T19:54:32 -  Model step started
2024_09_22_T19:54:40 -  Model step took 7.848878860473633 seconds
2024_09_22_T19:55:10 -  Model step started
2024_09_22_T19:55:18 -  Model step took 8.151561975479126 seconds
2024_09_22_T19:55:49 -  Model step started
2024_09_22_T19:55:56 -  Model step took 7.643509149551392 seconds
2024_09_22_T19:56:28 -  Model step started
2024_09_22_T19:56:35 -  Model step took 7.682229995727539 seconds
2024_09_22_T19:57:07 -  Model step started
2024_09_22_T19:57:14 -  Model step took 7.83644700050354 seconds
2024_09_22_T19:57:46 -  Model step started
2024_09_22_T19:57:54 -  Model step took 8.01206922531128 seconds
2024_09_22_T19:58:25 -  Model step started
2024_09_22_T19:58:33 -  Model step took 8.020129919052124 seconds
2024_09_22_T19:59:04 -  Model step started
2024_09_22_T19:59:12 -  Model step took 7.872875928878784 seconds
2024_09_22_T19:59:44 -  Model step started
2024_09_22_T19:59:52 -  Model step took 7.969996929168701 seconds
2024_09_22_T20:00:23 -  Model step started
2024_09_22_T20:00:31 -  Model step took 7.931833982467651 seconds
2024_09_22_T20:01:03 -  Model step started
2024_09_22_T20:01:11 -  Model step took 7.765585899353027 seconds
2024_09_22_T20:01:43 -  Model step started
2024_09_22_T20:01:50 -  Model step took 7.855603933334351 seconds
2024_09_22_T20:02:22 -  Model step started
2024_09_22_T20:02:30 -  Model step took 7.85249400138855 seconds
2024_09_22_T20:03:02 -  Model step started
2024_09_22_T20:03:10 -  Model step took 7.9713451862335205 seconds
2024_09_22_T20:03:42 -  Model step started
2024_09_22_T20:03:50 -  Model step took 8.080322027206421 seconds
2024_09_22_T20:04:22 -  Model step started
2024_09_22_T20:04:31 -  Model step took 8.425156116485596 seconds
2024_09_22_T20:05:03 -  Model step started
2024_09_22_T20:05:11 -  Model step took 8.56174087524414 seconds
2024_09_22_T20:05:44 -  Model step started
2024_09_22_T20:05:53 -  Model step took 9.282289028167725 seconds
2024_09_22_T20:06:25 -  Model step started
2024_09_22_T20:06:35 -  Model step took 9.218204021453857 seconds
2024_09_22_T20:07:07 -  Model step started
2024_09_22_T20:07:17 -  Model step took 9.45700216293335 seconds
2024_09_22_T20:07:49 -  Model step started
2024_09_22_T20:07:59 -  Model step took 9.661232948303223 seconds
2024_09_22_T20:08:32 -  Model step started
2024_09_22_T20:08:42 -  Model step took 9.753530979156494 seconds
2024_09_22_T20:09:15 -  Model step started
2024_09_22_T20:09:25 -  Model step took 10.081952095031738 seconds
2024_09_22_T20:09:58 -  Model step started
2024_09_22_T20:10:08 -  Model step took 10.232070207595825 seconds
2024_09_22_T20:10:41 -  Model step started
2024_09_22_T20:10:51 -  Model step took 10.139131784439087 seconds
2024_09_22_T20:11:24 -  Model step started
2024_09_22_T20:11:35 -  Model step took 10.353981971740723 seconds
2024_09_22_T20:12:08 -  Model step started
2024_09_22_T20:12:19 -  Model step took 10.28205394744873 seconds
2024_09_22_T20:12:52 -  Model step started
2024_09_22_T20:13:03 -  Model step took 10.506362915039062 seconds
2024_09_22_T20:13:36 -  Model step started
2024_09_22_T20:13:47 -  Model step took 10.751317977905273 seconds
2024_09_22_T20:14:21 -  Model step started
2024_09_22_T20:14:32 -  Model step took 10.94957685470581 seconds
2024_09_22_T20:15:06 -  Model step started
2024_09_22_T20:15:17 -  Model step took 10.910114049911499 seconds
2024_09_22_T20:15:51 -  Model step started
2024_09_22_T20:16:02 -  Model step took 11.177407026290894 seconds
2024_09_22_T20:16:36 -  Model step started
2024_09_22_T20:16:47 -  Model step took 11.427756071090698 seconds
2024_09_22_T20:17:22 -  Model step started
2024_09_22_T20:17:33 -  Model step took 11.198044061660767 seconds
2024_09_22_T20:18:07 -  Model step started
2024_09_22_T20:18:19 -  Model step took 11.577692031860352 seconds
2024_09_22_T20:18:53 -  Model step started
2024_09_22_T20:19:05 -  Model step took 11.56714415550232 seconds
2024_09_22_T20:19:39 -  Model step started
2024_09_22_T20:19:50 -  Model step took 11.185040950775146 seconds
2024_09_22_T20:20:23 -  Model step started
2024_09_22_T20:20:35 -  Model step took 11.519082069396973 seconds
2024_09_22_T20:21:08 -  Model step started
2024_09_22_T20:21:19 -  Model step took 11.100974082946777 seconds
2024_09_22_T20:21:53 -  Model step started
2024_09_22_T20:22:04 -  Model step took 10.80254602432251 seconds
2024_09_22_T20:22:38 -  Model step started
2024_09_22_T20:22:49 -  Model step took 11.18759298324585 seconds
2024_09_22_T20:23:23 -  Model step started
2024_09_22_T20:23:34 -  Model step took 11.042585849761963 seconds
2024_09_22_T20:24:08 -  Model step started
2024_09_22_T20:24:19 -  Model step took 11.26356291770935 seconds
2024_09_22_T20:24:53 -  Model step started
2024_09_22_T20:25:05 -  Model step took 11.371115922927856 seconds
2024_09_22_T20:25:39 -  Model step started
2024_09_22_T20:25:51 -  Model step took 11.45411491394043 seconds
2024_09_22_T20:26:25 -  Model step started
2024_09_22_T20:26:36 -  Model step took 11.219724893569946 seconds
2024_09_22_T20:27:11 -  Model step started
2024_09_22_T20:27:22 -  Model step took 11.051257848739624 seconds
2024_09_22_T20:27:57 -  Model step started
2024_09_22_T20:28:08 -  Model step took 11.539685010910034 seconds
2024_09_22_T20:28:43 -  Model step started
2024_09_22_T20:28:54 -  Model step took 11.218867778778076 seconds
2024_09_22_T20:29:29 -  Model step started
2024_09_22_T20:29:40 -  Model step took 10.892361164093018 seconds
2024_09_22_T20:30:15 -  Model step started
2024_09_22_T20:30:25 -  Model step took 10.46088194847107 seconds
2024_09_22_T20:30:59 -  Model step started
2024_09_22_T20:31:10 -  Model step took 10.569565057754517 seconds
2024_09_22_T20:31:44 -  Model step started
2024_09_22_T20:31:55 -  Model step took 10.54873013496399 seconds
2024_09_22_T20:32:29 -  Model step started
2024_09_22_T20:32:40 -  Model step took 10.452047109603882 seconds
2024_09_22_T20:33:14 -  Model step started
2024_09_22_T20:33:25 -  Model step took 10.5622079372406 seconds
2024_09_22_T20:33:59 -  Model step started
2024_09_22_T20:34:10 -  Model step took 10.39191722869873 seconds
2024_09_22_T20:34:45 -  Model step started
2024_09_22_T20:34:56 -  Model step took 10.61159610748291 seconds
2024_09_22_T20:35:30 -  Model step started
2024_09_22_T20:35:41 -  Model step took 10.244402885437012 seconds
2024_09_22_T20:36:16 -  Model step started
2024_09_22_T20:36:26 -  Model step took 10.213789939880371 seconds
2024_09_22_T20:37:01 -  Model step started
2024_09_22_T20:37:11 -  Model step took 10.273756980895996 seconds
2024_09_22_T20:37:47 -  Model step started
2024_09_22_T20:37:57 -  Model step took 9.976351022720337 seconds
2024_09_22_T20:38:33 -  Model step started
2024_09_22_T20:38:43 -  Model step took 10.128955841064453 seconds
2024_09_22_T20:39:19 -  Model step started
2024_09_22_T20:39:28 -  Model step took 9.697690963745117 seconds
2024_09_22_T20:40:04 -  Model step started
2024_09_22_T20:40:14 -  Model step took 9.561623811721802 seconds
2024_09_22_T20:40:50 -  Model step started
2024_09_22_T20:41:00 -  Model step took 9.770267009735107 seconds
2024_09_22_T20:41:36 -  Model step started
2024_09_22_T20:41:46 -  Model step took 9.911266088485718 seconds
2024_09_22_T20:42:22 -  Model step started
2024_09_22_T20:42:32 -  Model step took 9.807213068008423 seconds
2024_09_22_T20:43:09 -  Model step started
2024_09_22_T20:43:18 -  Model step took 9.5764000415802 seconds
2024_09_22_T20:43:55 -  Model step started
2024_09_22_T20:44:05 -  Model step took 9.691060066223145 seconds
2024_09_22_T20:44:42 -  Model step started
2024_09_22_T20:44:51 -  Model step took 9.789495944976807 seconds
2024_09_22_T20:45:29 -  Model step started
2024_09_22_T20:45:39 -  Model step took 9.820308923721313 seconds
2024_09_22_T20:46:16 -  Model step started
2024_09_22_T20:46:26 -  Model step took 9.89500093460083 seconds
2024_09_22_T20:47:03 -  Model step started
2024_09_22_T20:47:12 -  Model step took 9.571870803833008 seconds
2024_09_22_T20:47:50 -  Model step started
2024_09_22_T20:47:59 -  Model step took 9.707844018936157 seconds
2024_09_22_T20:48:37 -  Model step started
2024_09_22_T20:48:46 -  Model step took 9.425309896469116 seconds
2024_09_22_T20:49:24 -  Model step started
2024_09_22_T20:49:33 -  Model step took 9.302603006362915 seconds
2024_09_22_T20:50:11 -  Model step started
2024_09_22_T20:50:20 -  Model step took 8.983351945877075 seconds
2024_09_22_T20:50:58 -  Model step started
2024_09_22_T20:51:06 -  Model step took 8.60000991821289 seconds
2024_09_22_T20:51:45 -  Model step started
2024_09_22_T20:51:54 -  Model step took 8.827361106872559 seconds
2024_09_22_T20:52:32 -  Model step started
2024_09_22_T20:52:40 -  Model step took 8.319722890853882 seconds
2024_09_22_T20:53:19 -  Model step started
2024_09_22_T20:53:27 -  Model step took 8.44298005104065 seconds
2024_09_22_T20:54:05 -  Model step started
2024_09_22_T20:54:14 -  Model step took 8.380844831466675 seconds
2024_09_22_T20:54:52 -  Model step started
2024_09_22_T20:55:00 -  Model step took 7.940463066101074 seconds
2024_09_22_T20:55:39 -  Model step started
2024_09_22_T20:55:47 -  Model step took 8.023783922195435 seconds
2024_09_22_T20:56:25 -  Model step started
2024_09_22_T20:56:33 -  Model step took 8.002441883087158 seconds
2024_09_22_T20:57:13 -  Model step started
2024_09_22_T20:57:20 -  Model step took 7.7418129444122314 seconds
2024_09_22_T20:58:00 -  Model step started
2024_09_22_T20:58:07 -  Model step took 7.638992071151733 seconds
2024_09_22_T20:58:47 -  Model step started
2024_09_22_T20:58:54 -  Model step took 7.471319913864136 seconds
2024_09_22_T20:59:34 -  Model step started
2024_09_22_T20:59:41 -  Model step took 6.781348943710327 seconds
2024_09_22_T21:00:21 -  Model step started
2024_09_22_T21:00:28 -  Model step took 7.125678062438965 seconds
2024_09_22_T21:01:07 -  Model step started
2024_09_22_T21:01:14 -  Model step took 6.310853004455566 seconds
2024_09_22_T21:01:54 -  Model step started
2024_09_22_T21:02:00 -  Model step took 6.785096168518066 seconds
2024_09_22_T21:02:40 -  Model step started
2024_09_22_T21:02:47 -  Model step took 6.597419023513794 seconds
2024_09_22_T21:03:28 -  Model step started
2024_09_22_T21:03:34 -  Model step took 6.182876110076904 seconds
2024_09_22_T21:04:14 -  Model step started
2024_09_22_T21:04:20 -  Model step took 6.123019218444824 seconds
2024_09_22_T21:05:01 -  Model step started
2024_09_22_T21:05:07 -  Model step took 6.087047100067139 seconds
2024_09_22_T21:05:48 -  Model step started
2024_09_22_T21:05:54 -  Model step took 5.829725027084351 seconds
2024_09_22_T21:06:34 -  Model step started
2024_09_22_T21:06:40 -  Model step took 5.85179591178894 seconds
2024_09_22_T21:07:20 -  Model step started
2024_09_22_T21:07:25 -  Model step took 5.2681379318237305 seconds
2024_09_22_T21:08:06 -  Model step started
2024_09_22_T21:08:12 -  Model step took 5.683639049530029 seconds
2024_09_22_T21:08:52 -  Model step started
2024_09_22_T21:08:58 -  Model step took 6.076269865036011 seconds
2024_09_22_T21:09:39 -  Model step started
2024_09_22_T21:09:45 -  Model step took 6.1053690910339355 seconds
2024_09_22_T21:10:25 -  Model step started
2024_09_22_T21:10:32 -  Model step took 6.441982984542847 seconds
2024_09_22_T21:11:13 -  Model step started
2024_09_22_T21:11:19 -  Model step took 6.663433074951172 seconds
2024_09_22_T21:12:01 -  Model step started
2024_09_22_T21:12:07 -  Model step took 6.895917177200317 seconds
2024_09_22_T21:12:49 -  Model step started
2024_09_22_T21:12:56 -  Model step took 7.1179280281066895 seconds
2024_09_22_T21:13:37 -  Model step started
2024_09_22_T21:13:44 -  Model step took 7.201960802078247 seconds
2024_09_22_T21:14:25 -  Model step started
2024_09_22_T21:14:33 -  Model step took 7.544442892074585 seconds
2024_09_22_T21:15:15 -  Model step started
2024_09_22_T21:15:22 -  Model step took 7.3458569049835205 seconds
2024_09_22_T21:16:04 -  Model step started
2024_09_22_T21:16:11 -  Model step took 7.377915859222412 seconds
2024_09_22_T21:16:53 -  Model step started
2024_09_22_T21:17:00 -  Model step took 7.20081901550293 seconds
2024_09_22_T21:17:42 -  Model step started
2024_09_22_T21:17:49 -  Model step took 6.841768026351929 seconds
2024_09_22_T21:18:31 -  Model step started
2024_09_22_T21:18:38 -  Model step took 6.588985919952393 seconds
2024_09_22_T21:19:20 -  Model step started
2024_09_22_T21:19:27 -  Model step took 6.73350191116333 seconds
2024_09_22_T21:20:10 -  Model step started
2024_09_22_T21:20:16 -  Model step took 6.798717021942139 seconds
2024_09_22_T21:21:00 -  Model step started
2024_09_22_T21:21:06 -  Model step took 6.706840991973877 seconds
2024_09_22_T21:21:49 -  Model step started
2024_09_22_T21:21:56 -  Model step took 6.399738073348999 seconds
2024_09_22_T21:22:38 -  Model step started
2024_09_22_T21:22:45 -  Model step took 6.719066143035889 seconds
2024_09_22_T21:23:28 -  Model step started
2024_09_22_T21:23:35 -  Model step took 6.471328020095825 seconds
2024_09_22_T21:24:17 -  Model step started
2024_09_22_T21:24:23 -  Model step took 5.993912935256958 seconds
2024_09_22_T21:25:07 -  Model step started
2024_09_22_T21:25:13 -  Model step took 6.1096038818359375 seconds
2024_09_22_T21:25:56 -  Model step started
2024_09_22_T21:26:02 -  Model step took 6.024553060531616 seconds
2024_09_22_T21:26:46 -  Model step started
2024_09_22_T21:26:51 -  Model step took 5.41774320602417 seconds
2024_09_22_T21:27:35 -  Model step started
2024_09_22_T21:27:40 -  Model step took 5.205594062805176 seconds
2024_09_22_T21:28:25 -  Model step started
2024_09_22_T21:28:30 -  Model step took 5.3001790046691895 seconds
2024_09_22_T21:29:14 -  Model step started
2024_09_22_T21:29:19 -  Model step took 5.363384962081909 seconds
2024_09_22_T21:30:03 -  Model step started
2024_09_22_T21:30:08 -  Model step took 5.333872079849243 seconds
2024_09_22_T21:30:52 -  Model step started
2024_09_22_T21:30:57 -  Model step took 4.995958089828491 seconds
2024_09_22_T21:31:41 -  Model step started
2024_09_22_T21:31:46 -  Model step took 5.347151041030884 seconds
2024_09_22_T21:32:30 -  Model step started
2024_09_22_T21:32:35 -  Model step took 5.026721954345703 seconds
2024_09_22_T21:33:20 -  Model step started
2024_09_22_T21:33:25 -  Model step took 5.141433000564575 seconds
2024_09_22_T21:34:10 -  Model step started
2024_09_22_T21:34:15 -  Model step took 5.163815975189209 seconds
2024_09_22_T21:35:00 -  Model step started
2024_09_22_T21:35:05 -  Model step took 5.2445361614227295 seconds
2024_09_22_T21:35:50 -  Model step started
2024_09_22_T21:35:55 -  Model step took 5.154898166656494 seconds
2024_09_22_T21:36:40 -  Model step started
2024_09_22_T21:36:45 -  Model step took 5.292675971984863 seconds
2024_09_22_T21:37:30 -  Model step started
2024_09_22_T21:37:36 -  Model step took 6.051324844360352 seconds
2024_09_22_T21:38:22 -  Model step started
2024_09_22_T21:38:29 -  Model step took 6.801040887832642 seconds
2024_09_22_T21:39:15 -  Model step started
2024_09_22_T21:39:22 -  Model step took 7.368189096450806 seconds
2024_09_22_T21:40:07 -  Model step started
2024_09_22_T21:40:15 -  Model step took 7.717407941818237 seconds
2024_09_22_T21:41:01 -  Model step started
2024_09_22_T21:41:09 -  Model step took 8.106199979782104 seconds
2024_09_22_T21:41:55 -  Model step started
2024_09_22_T21:42:04 -  Model step took 8.26426386833191 seconds
2024_09_22_T21:42:49 -  Model step started
2024_09_22_T21:42:58 -  Model step took 8.867541074752808 seconds
2024_09_22_T21:43:44 -  Model step started
2024_09_22_T21:43:53 -  Model step took 9.158967971801758 seconds
2024_09_22_T21:44:39 -  Model step started
2024_09_22_T21:44:49 -  Model step took 9.332503080368042 seconds
2024_09_22_T21:45:35 -  Model step started
2024_09_22_T21:45:45 -  Model step took 9.4479820728302 seconds
2024_09_22_T21:46:32 -  Model step started
2024_09_22_T21:46:41 -  Model step took 9.113415002822876 seconds
2024_09_22_T21:47:27 -  Model step started
2024_09_22_T21:47:37 -  Model step took 9.734176874160767 seconds
2024_09_22_T21:48:23 -  Model step started
2024_09_22_T21:48:33 -  Model step took 10.212126016616821 seconds
2024_09_22_T21:49:19 -  Model step started
2024_09_22_T21:49:29 -  Model step took 10.247999906539917 seconds
2024_09_22_T21:50:15 -  Model step started
2024_09_22_T21:50:26 -  Model step took 10.779700994491577 seconds
2024_09_22_T21:51:12 -  Model step started
2024_09_22_T21:51:23 -  Model step took 10.910107135772705 seconds
2024_09_22_T21:52:09 -  Model step started
2024_09_22_T21:52:21 -  Model step took 11.215008020401001 seconds
2024_09_22_T21:53:07 -  Model step started
2024_09_22_T21:53:19 -  Model step took 11.313976049423218 seconds
2024_09_22_T21:54:05 -  Model step started
2024_09_22_T21:54:16 -  Model step took 11.096824884414673 seconds
2024_09_22_T21:55:03 -  Model step started
2024_09_22_T21:55:14 -  Model step took 11.297845840454102 seconds
2024_09_22_T21:56:01 -  Model step started
2024_09_22_T21:56:13 -  Model step took 11.350667953491211 seconds
2024_09_22_T21:57:00 -  Model step started
2024_09_22_T21:57:11 -  Model step took 11.473911046981812 seconds
2024_09_22_T21:57:58 -  Model step started
2024_09_22_T21:58:10 -  Model step took 11.671081066131592 seconds
2024_09_22_T21:58:57 -  Model step started
2024_09_22_T21:59:08 -  Model step took 11.362627983093262 seconds
2024_09_22_T21:59:56 -  Model step started
2024_09_22_T22:00:07 -  Model step took 11.698570013046265 seconds
2024_09_22_T22:00:55 -  Model step started
2024_09_22_T22:01:07 -  Model step took 11.670293092727661 seconds
2024_09_22_T22:01:54 -  Model step started
2024_09_22_T22:02:06 -  Model step took 11.770259857177734 seconds
2024_09_22_T22:02:54 -  Model step started
2024_09_22_T22:03:06 -  Model step took 11.715413093566895 seconds
2024_09_22_T22:03:53 -  Model step started
2024_09_22_T22:04:06 -  Model step took 12.264956951141357 seconds
2024_09_22_T22:04:55 -  Model step started
2024_09_22_T22:05:06 -  Model step took 11.818847179412842 seconds
2024_09_22_T22:05:54 -  Model step started
2024_09_22_T22:06:06 -  Model step took 12.011608123779297 seconds
2024_09_22_T22:06:54 -  Model step started
2024_09_22_T22:07:06 -  Model step took 11.591550827026367 seconds
2024_09_22_T22:07:54 -  Model step started
2024_09_22_T22:08:06 -  Model step took 11.518476009368896 seconds
2024_09_22_T22:08:54 -  Model step started
2024_09_22_T22:09:06 -  Model step took 11.27995491027832 seconds
2024_09_22_T22:09:54 -  Model step started
2024_09_22_T22:10:06 -  Model step took 11.593914031982422 seconds
2024_09_22_T22:10:54 -  Model step started
2024_09_22_T22:11:05 -  Model step took 10.727751970291138 seconds
2024_09_22_T22:11:53 -  Model step started
2024_09_22_T22:12:04 -  Model step took 10.762463092803955 seconds
2024_09_22_T22:12:53 -  Model step started
2024_09_22_T22:13:03 -  Model step took 10.507855892181396 seconds
2024_09_22_T22:13:52 -  Model step started
2024_09_22_T22:14:03 -  Model step took 10.560948848724365 seconds
2024_09_22_T22:14:52 -  Model step started
2024_09_22_T22:15:03 -  Model step took 10.6720609664917 seconds
2024_09_22_T22:15:53 -  Model step started
2024_09_22_T22:16:03 -  Model step took 10.678966999053955 seconds
2024_09_22_T22:16:53 -  Model step started
2024_09_22_T22:17:03 -  Model step took 10.226893901824951 seconds
2024_09_22_T22:17:52 -  Model step started
2024_09_22_T22:18:03 -  Model step took 10.650243043899536 seconds
2024_09_22_T22:18:52 -  Model step started
2024_09_22_T22:19:03 -  Model step took 10.481917142868042 seconds
2024_09_22_T22:19:52 -  Model step started
2024_09_22_T22:20:02 -  Model step took 10.036237001419067 seconds
2024_09_22_T22:20:52 -  Model step started
2024_09_22_T22:21:02 -  Model step took 10.23861312866211 seconds
2024_09_22_T22:21:52 -  Model step started
2024_09_22_T22:22:02 -  Model step took 10.60991096496582 seconds
2024_09_22_T22:22:52 -  Model step started
2024_09_22_T22:23:02 -  Model step took 10.039608001708984 seconds
2024_09_22_T22:23:52 -  Model step started
2024_09_22_T22:24:03 -  Model step took 10.488792896270752 seconds
2024_09_22_T22:24:52 -  Model step started
2024_09_22_T22:25:03 -  Model step took 10.788578987121582 seconds
2024_09_22_T22:25:53 -  Model step started
2024_09_22_T22:26:05 -  Model step took 11.55519700050354 seconds
2024_09_22_T22:26:55 -  Model step started
2024_09_22_T22:27:07 -  Model step took 11.985774040222168 seconds
2024_09_22_T22:27:58 -  Model step started
2024_09_22_T22:28:10 -  Model step took 12.26944613456726 seconds
2024_09_22_T22:29:00 -  Model step started
2024_09_22_T22:29:12 -  Model step took 12.096324920654297 seconds
2024_09_22_T22:30:03 -  Model step started
2024_09_22_T22:30:16 -  Model step took 12.33137583732605 seconds
2024_09_22_T22:31:07 -  Model step started
2024_09_22_T22:31:19 -  Model step took 12.761338949203491 seconds
2024_09_22_T22:32:10 -  Model step started
2024_09_22_T22:32:23 -  Model step took 12.92224407196045 seconds
2024_09_22_T22:33:13 -  Model step started
2024_09_22_T22:33:26 -  Model step took 12.982387065887451 seconds
2024_09_22_T22:34:17 -  Model step started
2024_09_22_T22:34:30 -  Model step took 13.029876947402954 seconds
2024_09_22_T22:35:22 -  Model step started
2024_09_22_T22:35:35 -  Model step took 13.294327974319458 seconds
2024_09_22_T22:36:26 -  Model step started
2024_09_22_T22:36:40 -  Model step took 14.077139854431152 seconds
2024_09_22_T22:37:31 -  Model step started
2024_09_22_T22:37:45 -  Model step took 14.017083168029785 seconds
2024_09_22_T22:38:37 -  Model step started
2024_09_22_T22:38:52 -  Model step took 14.957528829574585 seconds
2024_09_22_T22:39:44 -  Model step started
2024_09_22_T22:39:58 -  Model step took 14.936843872070312 seconds
2024_09_22_T22:40:50 -  Model step started
2024_09_22_T22:41:06 -  Model step took 15.555377006530762 seconds
2024_09_22_T22:41:58 -  Model step started
2024_09_22_T22:42:13 -  Model step took 15.679051876068115 seconds
2024_09_22_T22:43:05 -  Model step started
2024_09_22_T22:43:21 -  Model step took 15.781375885009766 seconds
2024_09_22_T22:44:12 -  Model step started
2024_09_22_T22:44:28 -  Model step took 15.830423831939697 seconds
2024_09_22_T22:45:20 -  Model step started
2024_09_22_T22:45:36 -  Model step took 16.21367907524109 seconds
2024_09_22_T22:46:28 -  Model step started
2024_09_22_T22:46:45 -  Model step took 16.451551914215088 seconds
2024_09_22_T22:47:36 -  Model step started
2024_09_22_T22:47:53 -  Model step took 16.192851066589355 seconds
2024_09_22_T22:48:45 -  Model step started
2024_09_22_T22:49:01 -  Model step took 16.36242413520813 seconds
2024_09_22_T22:49:53 -  Model step started
2024_09_22_T22:50:09 -  Model step took 16.251121044158936 seconds
2024_09_22_T22:51:03 -  Model step started
2024_09_22_T22:51:20 -  Model step took 16.62463903427124 seconds
2024_09_22_T22:52:14 -  Model step started
2024_09_22_T22:52:31 -  Model step took 17.022846937179565 seconds
2024_09_22_T22:53:23 -  Model step started
2024_09_22_T22:53:40 -  Model step took 17.163273096084595 seconds
2024_09_22_T22:54:33 -  Model step started
2024_09_22_T22:54:50 -  Model step took 17.508612871170044 seconds
2024_09_22_T22:55:43 -  Model step started
2024_09_22_T22:56:00 -  Model step took 17.71786904335022 seconds
2024_09_22_T22:56:53 -  Model step started
2024_09_22_T22:57:10 -  Model step took 17.38897705078125 seconds
2024_09_22_T22:58:03 -  Model step started
2024_09_22_T22:58:20 -  Model step took 17.328190088272095 seconds
2024_09_22_T22:59:14 -  Model step started
2024_09_22_T22:59:31 -  Model step took 17.437141180038452 seconds
2024_09_22_T23:00:24 -  Model step started
2024_09_22_T23:00:42 -  Model step took 17.435017824172974 seconds
2024_09_22_T23:01:34 -  Model step started
2024_09_22_T23:01:52 -  Model step took 17.236963987350464 seconds
2024_09_22_T23:02:45 -  Model step started
2024_09_22_T23:03:02 -  Model step took 17.135268926620483 seconds
2024_09_22_T23:03:56 -  Model step started
2024_09_22_T23:04:13 -  Model step took 17.207319974899292 seconds
2024_09_22_T23:05:06 -  Model step started
2024_09_22_T23:05:23 -  Model step took 17.164461851119995 seconds
2024_09_22_T23:06:17 -  Model step started
2024_09_22_T23:06:33 -  Model step took 16.835445880889893 seconds
2024_09_22_T23:07:27 -  Model step started
2024_09_22_T23:07:44 -  Model step took 16.56628108024597 seconds
2024_09_22_T23:08:38 -  Model step started
2024_09_22_T23:08:54 -  Model step took 16.378922939300537 seconds
2024_09_22_T23:09:48 -  Model step started
2024_09_22_T23:10:04 -  Model step took 16.067436933517456 seconds
2024_09_22_T23:10:58 -  Model step started
2024_09_22_T23:11:15 -  Model step took 16.390151023864746 seconds
2024_09_22_T23:12:09 -  Model step started
2024_09_22_T23:12:25 -  Model step took 16.143391132354736 seconds
2024_09_22_T23:13:19 -  Model step started
2024_09_22_T23:13:35 -  Model step took 16.617336988449097 seconds
2024_09_22_T23:14:30 -  Model step started
2024_09_22_T23:14:46 -  Model step took 16.001636028289795 seconds
2024_09_22_T23:15:39 -  Model step started
2024_09_22_T23:15:55 -  Model step took 15.285270929336548 seconds
2024_09_22_T23:16:50 -  Model step started
2024_09_22_T23:17:05 -  Model step took 15.282306909561157 seconds
2024_09_22_T23:18:00 -  Model step started
2024_09_22_T23:18:16 -  Model step took 15.402622938156128 seconds
2024_09_22_T23:19:12 -  Model step started
2024_09_22_T23:19:27 -  Model step took 14.93008303642273 seconds
2024_09_22_T23:20:21 -  Model step started
2024_09_22_T23:20:37 -  Model step took 15.494379043579102 seconds
2024_09_22_T23:21:32 -  Model step started
2024_09_22_T23:21:47 -  Model step took 15.442800045013428 seconds
2024_09_22_T23:22:42 -  Model step started
2024_09_22_T23:22:58 -  Model step took 16.030349016189575 seconds
2024_09_22_T23:23:53 -  Model step started
2024_09_22_T23:24:09 -  Model step took 15.743206024169922 seconds
2024_09_22_T23:25:04 -  Model step started
2024_09_22_T23:25:20 -  Model step took 15.719795942306519 seconds
2024_09_22_T23:26:15 -  Model step started
2024_09_22_T23:26:30 -  Model step took 15.306701183319092 seconds
2024_09_22_T23:27:26 -  Model step started
2024_09_22_T23:27:41 -  Model step took 14.954884052276611 seconds
2024_09_22_T23:28:37 -  Model step started
2024_09_22_T23:28:52 -  Model step took 14.949747085571289 seconds
2024_09_22_T23:29:47 -  Model step started
2024_09_22_T23:30:02 -  Model step took 14.794162034988403 seconds
2024_09_22_T23:30:58 -  Model step started
2024_09_22_T23:31:12 -  Model step took 14.585203886032104 seconds
2024_09_22_T23:32:08 -  Model step started
2024_09_22_T23:32:23 -  Model step took 14.316253900527954 seconds
2024_09_22_T23:33:19 -  Model step started
2024_09_22_T23:33:34 -  Model step took 14.67303204536438 seconds
2024_09_22_T23:34:30 -  Model step started
2024_09_22_T23:34:44 -  Model step took 14.567785024642944 seconds
2024_09_22_T23:35:41 -  Model step started
2024_09_22_T23:35:55 -  Model step took 14.523231029510498 seconds
2024_09_22_T23:36:52 -  Model step started
2024_09_22_T23:37:07 -  Model step took 14.956290006637573 seconds
2024_09_22_T23:38:04 -  Model step started
2024_09_22_T23:38:17 -  Model step took 13.800398826599121 seconds
2024_09_22_T23:39:14 -  Model step started
2024_09_22_T23:39:29 -  Model step took 14.227650165557861 seconds
2024_09_22_T23:40:26 -  Model step started
2024_09_22_T23:40:40 -  Model step took 13.910315036773682 seconds
2024_09_22_T23:41:36 -  Model step started
2024_09_22_T23:41:50 -  Model step took 13.871896982192993 seconds
2024_09_22_T23:42:47 -  Model step started
2024_09_22_T23:43:02 -  Model step took 14.289479970932007 seconds
2024_09_22_T23:43:58 -  Model step started
2024_09_22_T23:44:12 -  Model step took 13.727883100509644 seconds
2024_09_22_T23:45:08 -  Model step started
2024_09_22_T23:45:21 -  Model step took 13.046435832977295 seconds
2024_09_22_T23:46:19 -  Model step started
2024_09_22_T23:46:33 -  Model step took 13.764413833618164 seconds
2024_09_22_T23:47:30 -  Model step started
2024_09_22_T23:47:44 -  Model step took 13.985728025436401 seconds
2024_09_22_T23:48:41 -  Model step started
2024_09_22_T23:48:53 -  Model step took 12.94327688217163 seconds
2024_09_22_T23:49:50 -  Model step started
2024_09_22_T23:50:04 -  Model step took 13.310191869735718 seconds
2024_09_22_T23:51:00 -  Model step started
2024_09_22_T23:51:13 -  Model step took 13.443392038345337 seconds
2024_09_22_T23:52:10 -  Model step started
2024_09_22_T23:52:24 -  Model step took 13.31853699684143 seconds
2024_09_22_T23:53:20 -  Model step started
2024_09_22_T23:53:34 -  Model step took 13.228858947753906 seconds
2024_09_22_T23:54:31 -  Model step started
2024_09_22_T23:54:44 -  Model step took 13.51538896560669 seconds
2024_09_22_T23:55:41 -  Model step started
2024_09_22_T23:55:55 -  Model step took 13.488285064697266 seconds
2024_09_22_T23:56:52 -  Model step started
2024_09_22_T23:57:04 -  Model step took 12.48084306716919 seconds
2024_09_22_T23:58:02 -  Model step started
2024_09_22_T23:58:16 -  Model step took 13.563518047332764 seconds
2024_09_22_T23:59:13 -  Model step started
2024_09_22_T23:59:26 -  Model step took 12.801008939743042 seconds
2024_09_23_T00:00:23 -  Model step started
2024_09_23_T00:00:37 -  Model step took 13.075555086135864 seconds
2024_09_23_T00:01:34 -  Model step started
2024_09_23_T00:01:46 -  Model step took 11.652363061904907 seconds
2024_09_23_T00:02:45 -  Model step started
2024_09_23_T00:02:57 -  Model step took 12.66743803024292 seconds
2024_09_23_T00:03:56 -  Model step started
2024_09_23_T00:04:07 -  Model step took 11.81404709815979 seconds
2024_09_23_T00:05:06 -  Model step started
2024_09_23_T00:05:18 -  Model step took 12.29563593864441 seconds
2024_09_23_T00:06:17 -  Model step started
2024_09_23_T00:06:28 -  Model step took 11.583635091781616 seconds
2024_09_23_T00:07:27 -  Model step started
2024_09_23_T00:07:39 -  Model step took 12.27703595161438 seconds
2024_09_23_T00:08:38 -  Model step started
2024_09_23_T00:08:50 -  Model step took 11.822792053222656 seconds
2024_09_23_T00:09:50 -  Model step started
2024_09_23_T00:10:02 -  Model step took 12.198012828826904 seconds
2024_09_23_T00:11:01 -  Model step started
2024_09_23_T00:11:12 -  Model step took 11.357929944992065 seconds
2024_09_23_T00:12:11 -  Model step started
2024_09_23_T00:12:22 -  Model step took 10.761708974838257 seconds
2024_09_23_T00:13:22 -  Model step started
2024_09_23_T00:13:32 -  Model step took 10.374422788619995 seconds
2024_09_23_T00:14:33 -  Model step started
2024_09_23_T00:14:44 -  Model step took 11.123502016067505 seconds
2024_09_23_T00:15:44 -  Model step started
2024_09_23_T00:15:55 -  Model step took 11.027100086212158 seconds
2024_09_23_T00:16:55 -  Model step started
2024_09_23_T00:17:06 -  Model step took 10.939353942871094 seconds
2024_09_23_T00:18:10 -  Model step started
2024_09_23_T00:18:22 -  Model step took 11.33064603805542 seconds
2024_09_23_T00:19:22 -  Model step started
2024_09_23_T00:19:33 -  Model step took 10.934303998947144 seconds
2024_09_23_T00:20:31 -  Model step started
2024_09_23_T00:20:42 -  Model step took 11.130381107330322 seconds
2024_09_23_T00:21:41 -  Model step started
2024_09_23_T00:21:52 -  Model step took 11.289978981018066 seconds
2024_09_23_T00:22:51 -  Model step started
2024_09_23_T00:23:02 -  Model step took 11.200759172439575 seconds
2024_09_23_T00:24:01 -  Model step started
2024_09_23_T00:24:12 -  Model step took 11.34259581565857 seconds
2024_09_23_T00:25:11 -  Model step started
2024_09_23_T00:25:22 -  Model step took 11.03393006324768 seconds
2024_09_23_T00:26:22 -  Model step started
2024_09_23_T00:26:33 -  Model step took 10.962701082229614 seconds
2024_09_23_T00:27:32 -  Model step started
2024_09_23_T00:27:43 -  Model step took 10.96412181854248 seconds
2024_09_23_T00:28:42 -  Model step started
2024_09_23_T00:28:54 -  Model step took 11.374281883239746 seconds
2024_09_23_T00:29:53 -  Model step started
2024_09_23_T00:30:04 -  Model step took 10.81686806678772 seconds
2024_09_23_T00:31:03 -  Model step started
2024_09_23_T00:31:15 -  Model step took 11.483741998672485 seconds
2024_09_23_T00:32:15 -  Model step started
2024_09_23_T00:32:26 -  Model step took 11.248929977416992 seconds
2024_09_23_T00:33:26 -  Model step started
2024_09_23_T00:33:37 -  Model step took 11.097041130065918 seconds
2024_09_23_T00:34:37 -  Model step started
2024_09_23_T00:34:48 -  Model step took 10.891983032226562 seconds
2024_09_23_T00:35:48 -  Model step started
2024_09_23_T00:35:59 -  Model step took 10.404556035995483 seconds
2024_09_23_T00:36:59 -  Model step started
2024_09_23_T00:37:09 -  Model step took 10.2860848903656 seconds
2024_09_23_T00:38:09 -  Model step started
2024_09_23_T00:38:20 -  Model step took 10.547462940216064 seconds
2024_09_23_T00:39:20 -  Model step started
2024_09_23_T00:39:31 -  Model step took 10.126114130020142 seconds
2024_09_23_T00:40:31 -  Model step started
2024_09_23_T00:40:42 -  Model step took 10.184928178787231 seconds
2024_09_23_T00:41:43 -  Model step started
2024_09_23_T00:41:53 -  Model step took 10.232531785964966 seconds
2024_09_23_T00:42:54 -  Model step started
2024_09_23_T00:43:04 -  Model step took 9.911480903625488 seconds
2024_09_23_T00:44:05 -  Model step started
2024_09_23_T00:44:16 -  Model step took 10.70574402809143 seconds
2024_09_23_T00:45:17 -  Model step started
2024_09_23_T00:45:28 -  Model step took 10.768244981765747 seconds
2024_09_23_T00:46:30 -  Model step started
2024_09_23_T00:46:41 -  Model step took 11.30367112159729 seconds
2024_09_23_T00:47:43 -  Model step started
2024_09_23_T00:47:55 -  Model step took 11.997839212417603 seconds
2024_09_23_T00:48:56 -  Model step started
2024_09_23_T00:49:07 -  Model step took 11.38875699043274 seconds
2024_09_23_T00:50:10 -  Model step started
2024_09_23_T00:50:22 -  Model step took 12.292980194091797 seconds
2024_09_23_T00:51:23 -  Model step started
2024_09_23_T00:51:35 -  Model step took 11.566589832305908 seconds
2024_09_23_T00:52:37 -  Model step started
2024_09_23_T00:52:48 -  Model step took 11.74570894241333 seconds
2024_09_23_T00:53:50 -  Model step started
2024_09_23_T00:54:01 -  Model step took 10.980381965637207 seconds
2024_09_23_T00:55:04 -  Model step started
2024_09_23_T00:55:16 -  Model step took 11.749622106552124 seconds
2024_09_23_T00:56:19 -  Model step started
2024_09_23_T00:56:30 -  Model step took 11.436085939407349 seconds
2024_09_23_T00:57:33 -  Model step started
2024_09_23_T00:57:44 -  Model step took 10.980108976364136 seconds
2024_09_23_T00:58:46 -  Model step started
2024_09_23_T00:58:57 -  Model step took 11.091395854949951 seconds
2024_09_23_T00:59:59 -  Model step started
2024_09_23_T01:00:10 -  Model step took 11.251460075378418 seconds
2024_09_23_T01:01:12 -  Model step started
2024_09_23_T01:01:22 -  Model step took 10.079207181930542 seconds
2024_09_23_T01:02:26 -  Model step started
2024_09_23_T01:02:36 -  Model step took 10.39552903175354 seconds
2024_09_23_T01:03:39 -  Model step started
2024_09_23_T01:03:50 -  Model step took 10.251729011535645 seconds
2024_09_23_T01:04:53 -  Model step started
2024_09_23_T01:05:02 -  Model step took 9.576568126678467 seconds
2024_09_23_T01:06:05 -  Model step started
2024_09_23_T01:06:15 -  Model step took 9.873682022094727 seconds
2024_09_23_T01:07:17 -  Model step started
2024_09_23_T01:07:26 -  Model step took 9.092658996582031 seconds
2024_09_23_T01:08:29 -  Model step started
2024_09_23_T01:08:38 -  Model step took 8.968593120574951 seconds
2024_09_23_T01:09:40 -  Model step started
2024_09_23_T01:09:49 -  Model step took 9.177762031555176 seconds
2024_09_23_T01:10:52 -  Model step started
2024_09_23_T01:11:02 -  Model step took 9.869970083236694 seconds
2024_09_23_T01:12:05 -  Model step started
2024_09_23_T01:12:15 -  Model step took 9.928027868270874 seconds
2024_09_23_T01:13:18 -  Model step started
2024_09_23_T01:13:28 -  Model step took 9.3177330493927 seconds
2024_09_23_T01:14:32 -  Model step started
2024_09_23_T01:14:42 -  Model step took 10.725682020187378 seconds
2024_09_23_T01:15:45 -  Model step started
2024_09_23_T01:15:55 -  Model step took 9.90470004081726 seconds
2024_09_23_T01:16:59 -  Model step started
2024_09_23_T01:17:10 -  Model step took 10.3366858959198 seconds
2024_09_23_T01:18:13 -  Model step started
2024_09_23_T01:18:24 -  Model step took 11.09188985824585 seconds
2024_09_23_T01:19:27 -  Model step started
2024_09_23_T01:19:39 -  Model step took 11.649353981018066 seconds
2024_09_23_T01:20:42 -  Model step started
2024_09_23_T01:20:55 -  Model step took 13.08919095993042 seconds
2024_09_23_T01:21:59 -  Model step started
2024_09_23_T01:22:11 -  Model step took 11.295392990112305 seconds
2024_09_23_T01:23:15 -  Model step started
2024_09_23_T01:23:26 -  Model step took 10.77425217628479 seconds
2024_09_23_T01:24:30 -  Model step started
2024_09_23_T01:24:41 -  Model step took 11.52416706085205 seconds
2024_09_23_T01:25:47 -  Model step started
2024_09_23_T01:25:59 -  Model step took 12.523355960845947 seconds
2024_09_23_T01:27:03 -  Model step started
2024_09_23_T01:27:15 -  Model step took 12.046077966690063 seconds
2024_09_23_T01:28:19 -  Model step started
2024_09_23_T01:28:30 -  Model step took 10.502087116241455 seconds
2024_09_23_T01:29:35 -  Model step started
2024_09_23_T01:29:45 -  Model step took 10.842005968093872 seconds
2024_09_23_T01:30:50 -  Model step started
2024_09_23_T01:31:01 -  Model step took 11.155171155929565 seconds
2024_09_23_T01:32:06 -  Model step started
2024_09_23_T01:32:19 -  Model step took 13.03107213973999 seconds
2024_09_23_T01:33:24 -  Model step started
2024_09_23_T01:33:35 -  Model step took 11.413495063781738 seconds
2024_09_23_T01:34:41 -  Model step started
2024_09_23_T01:34:54 -  Model step took 12.98327112197876 seconds
2024_09_23_T01:35:59 -  Model step started
2024_09_23_T01:36:11 -  Model step took 11.446704864501953 seconds
2024_09_23_T01:37:16 -  Model step started
2024_09_23_T01:37:28 -  Model step took 11.851233005523682 seconds
2024_09_23_T01:38:34 -  Model step started
2024_09_23_T01:38:47 -  Model step took 13.16625189781189 seconds
2024_09_23_T01:39:52 -  Model step started
2024_09_23_T01:40:04 -  Model step took 12.083395957946777 seconds
2024_09_23_T01:41:10 -  Model step started
2024_09_23_T01:41:22 -  Model step took 11.263528108596802 seconds
2024_09_23_T01:42:27 -  Model step started
2024_09_23_T01:42:38 -  Model step took 11.175890922546387 seconds
2024_09_23_T01:43:44 -  Model step started
2024_09_23_T01:43:55 -  Model step took 11.356850862503052 seconds
2024_09_23_T01:45:00 -  Model step started
2024_09_23_T01:45:12 -  Model step took 12.127143859863281 seconds
2024_09_23_T01:46:17 -  Model step started
2024_09_23_T01:46:28 -  Model step took 11.147202014923096 seconds
2024_09_23_T01:47:35 -  Model step started
2024_09_23_T01:47:47 -  Model step took 11.749760866165161 seconds
2024_09_23_T01:48:53 -  Model step started
2024_09_23_T01:49:05 -  Model step took 11.875303030014038 seconds
2024_09_23_T01:50:10 -  Model step started
2024_09_23_T01:50:22 -  Model step took 12.355053186416626 seconds
2024_09_23_T01:51:29 -  Model step started
2024_09_23_T01:51:40 -  Model step took 11.114509105682373 seconds
2024_09_23_T01:53:04 -  Model step started
2024_09_23_T01:53:18 -  Model step took 14.159518957138062 seconds
2024_09_23_T01:54:23 -  Model step started
2024_09_23_T01:54:33 -  Model step took 10.370176076889038 seconds
2024_09_23_T01:55:38 -  Model step started
2024_09_23_T01:55:49 -  Model step took 10.821850776672363 seconds
2024_09_23_T01:56:54 -  Model step started
2024_09_23_T01:57:03 -  Model step took 9.428842067718506 seconds
2024_09_23_T01:58:09 -  Model step started
2024_09_23_T01:58:18 -  Model step took 8.995974779129028 seconds
2024_09_23_T01:59:24 -  Model step started
2024_09_23_T01:59:33 -  Model step took 9.028167009353638 seconds
2024_09_23_T02:00:40 -  Model step started
2024_09_23_T02:00:49 -  Model step took 9.505992889404297 seconds
2024_09_23_T02:01:55 -  Model step started
2024_09_23_T02:02:05 -  Model step took 9.632236003875732 seconds
2024_09_23_T02:03:11 -  Model step started
2024_09_23_T02:03:19 -  Model step took 8.655978918075562 seconds
2024_09_23_T02:04:26 -  Model step started
2024_09_23_T02:04:34 -  Model step took 8.349018096923828 seconds
2024_09_23_T02:05:42 -  Model step started
2024_09_23_T02:05:50 -  Model step took 8.256296157836914 seconds
2024_09_23_T02:06:57 -  Model step started
2024_09_23_T02:07:06 -  Model step took 8.73953890800476 seconds
2024_09_23_T02:08:12 -  Model step started
2024_09_23_T02:08:20 -  Model step took 8.418682098388672 seconds
2024_09_23_T02:09:28 -  Model step started
2024_09_23_T02:09:36 -  Model step took 8.583462953567505 seconds
2024_09_23_T02:10:44 -  Model step started
2024_09_23_T02:10:52 -  Model step took 8.366260051727295 seconds
2024_09_23_T02:11:59 -  Model step started
2024_09_23_T02:12:09 -  Model step took 9.27947187423706 seconds
2024_09_23_T02:13:16 -  Model step started
2024_09_23_T02:13:26 -  Model step took 10.344720125198364 seconds
2024_09_23_T02:14:32 -  Model step started
2024_09_23_T02:14:43 -  Model step took 10.26129698753357 seconds
2024_09_23_T02:15:50 -  Model step started
2024_09_23_T02:16:01 -  Model step took 10.78890085220337 seconds
2024_09_23_T02:17:08 -  Model step started
2024_09_23_T02:17:19 -  Model step took 10.596821069717407 seconds
2024_09_23_T02:18:27 -  Model step started
2024_09_23_T02:18:38 -  Model step took 10.805783987045288 seconds
2024_09_23_T02:19:46 -  Model step started
2024_09_23_T02:19:58 -  Model step took 11.656071901321411 seconds
2024_09_23_T02:21:07 -  Model step started
2024_09_23_T02:21:20 -  Model step took 12.863278150558472 seconds
2024_09_23_T02:22:27 -  Model step started
2024_09_23_T02:22:40 -  Model step took 12.336611032485962 seconds
2024_09_23_T02:23:48 -  Model step started
2024_09_23_T02:24:01 -  Model step took 13.089792013168335 seconds
2024_09_23_T02:25:09 -  Model step started
2024_09_23_T02:25:22 -  Model step took 13.179121971130371 seconds
2024_09_23_T02:26:30 -  Model step started
2024_09_23_T02:26:44 -  Model step took 13.902899980545044 seconds
2024_09_23_T02:27:52 -  Model step started
2024_09_23_T02:28:06 -  Model step took 13.896037101745605 seconds
2024_09_23_T02:29:14 -  Model step started
2024_09_23_T02:29:28 -  Model step took 13.722732067108154 seconds
2024_09_23_T02:30:37 -  Model step started
2024_09_23_T02:30:52 -  Model step took 15.235965013504028 seconds
2024_09_23_T02:32:00 -  Model step started
2024_09_23_T02:32:16 -  Model step took 15.672700881958008 seconds
2024_09_23_T02:33:25 -  Model step started
2024_09_23_T02:33:42 -  Model step took 16.301296949386597 seconds
2024_09_23_T02:34:51 -  Model step started
2024_09_23_T02:35:07 -  Model step took 16.00312304496765 seconds
2024_09_23_T02:36:16 -  Model step started
2024_09_23_T02:36:32 -  Model step took 16.779369115829468 seconds
