2024_09_06_T03:14:09 -  finished initateHouses in 0.2933011054992676 seconds
2024_09_06_T03:14:10 -  finished initiateHouseholds in 0.5235869884490967 seconds
2024_09_06_T03:14:10 -  finished assignHousesToHouseholds in 0.8524229526519775 seconds
2024_09_06_T03:15:14 -  Model step started
2024_09_06_T03:19:48 -  Model step took 273.47166109085083 seconds
2024_09_06_T03:20:48 -  Model step started
2024_09_06_T03:21:41 -  Model step took 53.422476053237915 seconds
2024_09_06_T03:22:42 -  Model step started
2024_09_06_T03:23:34 -  Model step took 51.93861198425293 seconds
2024_09_06_T03:24:35 -  Model step started
2024_09_06_T03:25:27 -  Model step took 52.507609844207764 seconds
2024_09_06_T03:26:28 -  Model step started
2024_09_06_T03:27:21 -  Model step took 52.536540031433105 seconds
2024_09_06_T03:28:22 -  Model step started
2024_09_06_T03:29:16 -  Model step took 53.73997902870178 seconds
2024_09_06_T03:30:17 -  Model step started
2024_09_06_T03:31:10 -  Model step took 53.37356996536255 seconds
2024_09_06_T03:32:11 -  Model step started
2024_09_06_T03:33:05 -  Model step took 54.70356607437134 seconds
2024_09_06_T03:34:06 -  Model step started
2024_09_06_T03:35:01 -  Model step took 55.21285605430603 seconds
2024_09_06_T03:36:02 -  Model step started
2024_09_06_T03:36:58 -  Model step took 55.884511947631836 seconds
2024_09_06_T03:37:59 -  Model step started
2024_09_06_T03:38:56 -  Model step took 56.93640685081482 seconds
2024_09_06_T03:39:57 -  Model step started
2024_09_06_T03:40:55 -  Model step took 57.708685874938965 seconds
2024_09_06_T03:41:56 -  Model step started
2024_09_06_T03:42:54 -  Model step took 58.40577411651611 seconds
2024_09_06_T03:43:55 -  Model step started
2024_09_06_T03:44:54 -  Model step took 58.51515197753906 seconds
2024_09_06_T03:45:56 -  Model step started
2024_09_06_T03:46:58 -  Model step took 62.39261221885681 seconds
