2024_10_03_T22:41:08 -  finished initateHouses in 0.7848420143127441 seconds
2024_10_03_T22:41:08 -  finished initiateHouseholds in 1.0657451152801514 seconds
2024_10_03_T22:41:08 -  finished assignHousesToHouseholds in 1.2867100238800049 seconds
2024_10_03_T22:41:19 -  Model step started
2024_10_03_T22:41:19 -  clearHangingSupplies started
2024_10_03_T22:41:19 -  clearHangingSupplies took 0.005697011947631836
2024_10_03_T22:41:19 -  clearHangingRentalSupplies started
2024_10_03_T22:41:19 -  clearHangingRentalSupplies took 0.012573003768920898
2024_10_03_T22:41:19 -  clearHouseMarket started
2024_10_03_T22:41:19 -  clearHouseMarket - first block took 0.3266921043395996
2024_10_03_T22:41:20 -  clearHouseMarket - second block took 0.30495190620422363
2024_10_03_T22:41:20 -  clearHouseMarket - third block took 0.021545886993408203
2024_10_03_T22:41:20 -  clearRentalMarket started
2024_10_03_T22:41:20 -  clearRentalMarket - first block took 0.16410613059997559
2024_10_03_T22:41:20 -  clearRentalMarket - second block took 0.03565716743469238
2024_10_03_T22:41:20 -  Model step took 1.2206649780273438 seconds
2024_10_03_T22:41:22 -  Model step started
2024_10_03_T22:41:22 -  clearHangingSupplies started
2024_10_03_T22:41:22 -  clearHangingSupplies took 0.000186920166015625
2024_10_03_T22:41:22 -  clearHangingRentalSupplies started
2024_10_03_T22:41:22 -  clearHangingRentalSupplies took 2.6941299438476562e-5
2024_10_03_T22:41:22 -  clearHouseMarket started
2024_10_03_T22:41:22 -  clearHouseMarket - first block took 0.13875508308410645
2024_10_03_T22:41:22 -  clearHouseMarket - second block took 0.006204128265380859
2024_10_03_T22:41:22 -  clearHouseMarket - third block took 0.00018906593322753906
2024_10_03_T22:41:22 -  clearRentalMarket started
2024_10_03_T22:41:22 -  clearRentalMarket - first block took 0.009834051132202148
2024_10_03_T22:41:22 -  clearRentalMarket - second block took 0.00030803680419921875
2024_10_03_T22:41:22 -  Model step took 0.2140040397644043 seconds
2024_10_03_T22:41:24 -  Model step started
2024_10_03_T22:41:24 -  clearHangingSupplies started
2024_10_03_T22:41:24 -  clearHangingSupplies took 0.00023293495178222656
2024_10_03_T22:41:24 -  clearHangingRentalSupplies started
2024_10_03_T22:41:24 -  clearHangingRentalSupplies took 2.9087066650390625e-5
2024_10_03_T22:41:24 -  clearHouseMarket started
2024_10_03_T22:41:25 -  clearHouseMarket - first block took 0.12725400924682617
2024_10_03_T22:41:25 -  clearHouseMarket - second block took 0.004450082778930664
2024_10_03_T22:41:25 -  clearHouseMarket - third block took 0.0002200603485107422
2024_10_03_T22:41:25 -  clearRentalMarket started
2024_10_03_T22:41:25 -  clearRentalMarket - first block took 0.010804891586303711
2024_10_03_T22:41:25 -  clearRentalMarket - second block took 0.000186920166015625
2024_10_03_T22:41:25 -  Model step took 0.22726988792419434 seconds
2024_10_03_T22:41:27 -  Model step started
2024_10_03_T22:41:27 -  clearHangingSupplies started
2024_10_03_T22:41:27 -  clearHangingSupplies took 0.0002529621124267578
2024_10_03_T22:41:27 -  clearHangingRentalSupplies started
2024_10_03_T22:41:27 -  clearHangingRentalSupplies took 4.100799560546875e-5
2024_10_03_T22:41:27 -  clearHouseMarket started
2024_10_03_T22:41:27 -  clearHouseMarket - first block took 0.10042786598205566
2024_10_03_T22:41:27 -  clearHouseMarket - second block took 0.0024950504302978516
2024_10_03_T22:41:27 -  clearHouseMarket - third block took 0.00021505355834960938
2024_10_03_T22:41:27 -  clearRentalMarket started
2024_10_03_T22:41:27 -  clearRentalMarket - first block took 0.005414009094238281
2024_10_03_T22:41:27 -  clearRentalMarket - second block took 9.894371032714844e-5
2024_10_03_T22:41:27 -  Model step took 0.17937493324279785 seconds
2024_10_03_T22:41:29 -  Model step started
2024_10_03_T22:41:29 -  clearHangingSupplies started
2024_10_03_T22:41:29 -  clearHangingSupplies took 0.00012302398681640625
2024_10_03_T22:41:29 -  clearHangingRentalSupplies started
2024_10_03_T22:41:29 -  clearHangingRentalSupplies took 3.0040740966796875e-5
2024_10_03_T22:41:29 -  clearHouseMarket started
2024_10_03_T22:41:29 -  clearHouseMarket - first block took 0.09641504287719727
2024_10_03_T22:41:29 -  clearHouseMarket - second block took 0.0022590160369873047
2024_10_03_T22:41:29 -  clearHouseMarket - third block took 0.0003120899200439453
2024_10_03_T22:41:29 -  clearRentalMarket started
2024_10_03_T22:41:29 -  clearRentalMarket - first block took 0.010967016220092773
2024_10_03_T22:41:29 -  clearRentalMarket - second block took 0.00015115737915039062
2024_10_03_T22:41:29 -  Model step took 0.17214107513427734 seconds
2024_10_03_T22:41:31 -  Model step started
2024_10_03_T22:41:31 -  clearHangingSupplies started
2024_10_03_T22:41:31 -  clearHangingSupplies took 0.0001709461212158203
2024_10_03_T22:41:31 -  clearHangingRentalSupplies started
2024_10_03_T22:41:31 -  clearHangingRentalSupplies took 3.0040740966796875e-5
2024_10_03_T22:41:31 -  clearHouseMarket started
2024_10_03_T22:41:32 -  clearHouseMarket - first block took 0.08156394958496094
2024_10_03_T22:41:32 -  clearHouseMarket - second block took 0.005070924758911133
2024_10_03_T22:41:32 -  clearHouseMarket - third block took 0.00023818016052246094
2024_10_03_T22:41:32 -  clearRentalMarket started
2024_10_03_T22:41:32 -  clearRentalMarket - first block took 0.004508018493652344
2024_10_03_T22:41:32 -  clearRentalMarket - second block took 8.821487426757812e-5
2024_10_03_T22:41:32 -  Model step took 0.16902995109558105 seconds
2024_10_03_T22:41:34 -  Model step started
2024_10_03_T22:41:34 -  clearHangingSupplies started
2024_10_03_T22:41:34 -  clearHangingSupplies took 0.00011396408081054688
2024_10_03_T22:41:34 -  clearHangingRentalSupplies started
2024_10_03_T22:41:34 -  clearHangingRentalSupplies took 3.790855407714844e-5
2024_10_03_T22:41:34 -  clearHouseMarket started
2024_10_03_T22:41:34 -  clearHouseMarket - first block took 0.08373689651489258
2024_10_03_T22:41:34 -  clearHouseMarket - second block took 0.0008800029754638672
2024_10_03_T22:41:34 -  clearHouseMarket - third block took 0.0001690387725830078
2024_10_03_T22:41:34 -  clearRentalMarket started
2024_10_03_T22:41:34 -  clearRentalMarket - first block took 0.0037689208984375
2024_10_03_T22:41:34 -  clearRentalMarket - second block took 7.700920104980469e-5
2024_10_03_T22:41:34 -  Model step took 0.1542818546295166 seconds
2024_10_03_T22:41:36 -  Model step started
2024_10_03_T22:41:36 -  clearHangingSupplies started
2024_10_03_T22:41:36 -  clearHangingSupplies took 0.00011897087097167969
2024_10_03_T22:41:36 -  clearHangingRentalSupplies started
2024_10_03_T22:41:36 -  clearHangingRentalSupplies took 2.8848648071289062e-5
2024_10_03_T22:41:36 -  clearHouseMarket started
2024_10_03_T22:41:36 -  clearHouseMarket - first block took 0.07464313507080078
2024_10_03_T22:41:36 -  clearHouseMarket - second block took 0.001249074935913086
2024_10_03_T22:41:36 -  clearHouseMarket - third block took 0.00026798248291015625
2024_10_03_T22:41:36 -  clearRentalMarket started
2024_10_03_T22:41:36 -  clearRentalMarket - first block took 0.010341167449951172
2024_10_03_T22:41:36 -  clearRentalMarket - second block took 0.0001461505889892578
2024_10_03_T22:41:36 -  Model step took 0.15680694580078125 seconds
2024_10_03_T22:41:38 -  Model step started
2024_10_03_T22:41:38 -  clearHangingSupplies started
2024_10_03_T22:41:38 -  clearHangingSupplies took 0.000125885009765625
2024_10_03_T22:41:38 -  clearHangingRentalSupplies started
2024_10_03_T22:41:38 -  clearHangingRentalSupplies took 3.504753112792969e-5
2024_10_03_T22:41:38 -  clearHouseMarket started
2024_10_03_T22:41:38 -  clearHouseMarket - first block took 0.09824991226196289
2024_10_03_T22:41:38 -  clearHouseMarket - second block took 0.0014519691467285156
2024_10_03_T22:41:38 -  clearHouseMarket - third block took 0.00030994415283203125
2024_10_03_T22:41:38 -  clearRentalMarket started
2024_10_03_T22:41:38 -  clearRentalMarket - first block took 0.003486156463623047
2024_10_03_T22:41:38 -  clearRentalMarket - second block took 7.200241088867188e-5
2024_10_03_T22:41:38 -  Model step took 0.15341591835021973 seconds
2024_10_03_T22:41:41 -  Model step started
2024_10_03_T22:41:41 -  clearHangingSupplies started
2024_10_03_T22:41:41 -  clearHangingSupplies took 0.0001461505889892578
2024_10_03_T22:41:41 -  clearHangingRentalSupplies started
2024_10_03_T22:41:41 -  clearHangingRentalSupplies took 2.5033950805664062e-5
2024_10_03_T22:41:41 -  clearHouseMarket started
2024_10_03_T22:41:41 -  clearHouseMarket - first block took 0.06471896171569824
2024_10_03_T22:41:41 -  clearHouseMarket - second block took 0.0005428791046142578
2024_10_03_T22:41:41 -  clearHouseMarket - third block took 0.0001480579376220703
2024_10_03_T22:41:41 -  clearRentalMarket started
2024_10_03_T22:41:41 -  clearRentalMarket - first block took 0.0039010047912597656
2024_10_03_T22:41:41 -  clearRentalMarket - second block took 0.00020694732666015625
2024_10_03_T22:41:41 -  Model step took 0.1316978931427002 seconds
2024_10_03_T22:41:44 -  Model step started
2024_10_03_T22:41:44 -  clearHangingSupplies started
2024_10_03_T22:41:44 -  clearHangingSupplies took 9.799003601074219e-5
2024_10_03_T22:41:44 -  clearHangingRentalSupplies started
2024_10_03_T22:41:44 -  clearHangingRentalSupplies took 4.1961669921875e-5
2024_10_03_T22:41:44 -  clearHouseMarket started
2024_10_03_T22:41:44 -  clearHouseMarket - first block took 0.07823300361633301
2024_10_03_T22:41:44 -  clearHouseMarket - second block took 0.0013289451599121094
2024_10_03_T22:41:44 -  clearHouseMarket - third block took 0.00020813941955566406
2024_10_03_T22:41:44 -  clearRentalMarket started
2024_10_03_T22:41:44 -  clearRentalMarket - first block took 0.0032501220703125
2024_10_03_T22:41:44 -  clearRentalMarket - second block took 3.0994415283203125e-5
2024_10_03_T22:41:44 -  Model step took 0.13113188743591309 seconds
2024_10_03_T22:41:47 -  Model step started
2024_10_03_T22:41:47 -  clearHangingSupplies started
2024_10_03_T22:41:47 -  clearHangingSupplies took 6.699562072753906e-5
2024_10_03_T22:41:47 -  clearHangingRentalSupplies started
2024_10_03_T22:41:47 -  clearHangingRentalSupplies took 2.5987625122070312e-5
2024_10_03_T22:41:47 -  clearHouseMarket started
2024_10_03_T22:41:47 -  clearHouseMarket - first block took 0.06661200523376465
2024_10_03_T22:41:47 -  clearHouseMarket - second block took 0.0018448829650878906
2024_10_03_T22:41:47 -  clearHouseMarket - third block took 0.00024509429931640625
2024_10_03_T22:41:47 -  clearRentalMarket started
2024_10_03_T22:41:47 -  clearRentalMarket - first block took 0.0037670135498046875
2024_10_03_T22:41:47 -  clearRentalMarket - second block took 6.389617919921875e-5
2024_10_03_T22:41:47 -  Model step took 0.13074302673339844 seconds
2024_10_03_T22:41:49 -  Model step started
2024_10_03_T22:41:49 -  clearHangingSupplies started
2024_10_03_T22:41:49 -  clearHangingSupplies took 7.796287536621094e-5
2024_10_03_T22:41:49 -  clearHangingRentalSupplies started
2024_10_03_T22:41:49 -  clearHangingRentalSupplies took 2.7894973754882812e-5
2024_10_03_T22:41:49 -  clearHouseMarket started
2024_10_03_T22:41:49 -  clearHouseMarket - first block took 0.05675506591796875
2024_10_03_T22:41:49 -  clearHouseMarket - second block took 0.0004889965057373047
2024_10_03_T22:41:49 -  clearHouseMarket - third block took 0.0001811981201171875
2024_10_03_T22:41:49 -  clearRentalMarket started
2024_10_03_T22:41:49 -  clearRentalMarket - first block took 0.011861801147460938
2024_10_03_T22:41:49 -  clearRentalMarket - second block took 7.200241088867188e-5
2024_10_03_T22:41:49 -  Model step took 0.16173100471496582 seconds
2024_10_03_T22:41:52 -  Model step started
2024_10_03_T22:41:52 -  clearHangingSupplies started
2024_10_03_T22:41:52 -  clearHangingSupplies took 0.00017309188842773438
2024_10_03_T22:41:52 -  clearHangingRentalSupplies started
2024_10_03_T22:41:52 -  clearHangingRentalSupplies took 2.7179718017578125e-5
2024_10_03_T22:41:52 -  clearHouseMarket started
2024_10_03_T22:41:52 -  clearHouseMarket - first block took 0.06752514839172363
2024_10_03_T22:41:52 -  clearHouseMarket - second block took 0.0009620189666748047
2024_10_03_T22:41:52 -  clearHouseMarket - third block took 0.00023818016052246094
2024_10_03_T22:41:52 -  clearRentalMarket started
2024_10_03_T22:41:52 -  clearRentalMarket - first block took 0.0044269561767578125
2024_10_03_T22:41:52 -  clearRentalMarket - second block took 0.0001239776611328125
2024_10_03_T22:41:52 -  Model step took 0.13228201866149902 seconds
2024_10_03_T22:41:54 -  Model step started
2024_10_03_T22:41:54 -  clearHangingSupplies started
2024_10_03_T22:41:54 -  clearHangingSupplies took 8.702278137207031e-5
2024_10_03_T22:41:54 -  clearHangingRentalSupplies started
2024_10_03_T22:41:54 -  clearHangingRentalSupplies took 2.384185791015625e-5
2024_10_03_T22:41:54 -  clearHouseMarket started
2024_10_03_T22:41:54 -  clearHouseMarket - first block took 0.06451582908630371
2024_10_03_T22:41:54 -  clearHouseMarket - second block took 0.0002300739288330078
2024_10_03_T22:41:54 -  clearHouseMarket - third block took 0.00022101402282714844
2024_10_03_T22:41:54 -  clearRentalMarket started
2024_10_03_T22:41:54 -  clearRentalMarket - first block took 0.011327981948852539
2024_10_03_T22:41:54 -  clearRentalMarket - second block took 0.00018215179443359375
2024_10_03_T22:41:54 -  Model step took 0.13870596885681152 seconds
2024_10_03_T22:41:56 -  Model step started
2024_10_03_T22:41:56 -  clearHangingSupplies started
2024_10_03_T22:41:56 -  clearHangingSupplies took 7.796287536621094e-5
2024_10_03_T22:41:56 -  clearHangingRentalSupplies started
2024_10_03_T22:41:56 -  clearHangingRentalSupplies took 2.288818359375e-5
2024_10_03_T22:41:56 -  clearHouseMarket started
2024_10_03_T22:41:56 -  clearHouseMarket - first block took 0.06513690948486328
2024_10_03_T22:41:56 -  clearHouseMarket - second block took 0.0012199878692626953
2024_10_03_T22:41:56 -  clearHouseMarket - third block took 0.00021791458129882812
2024_10_03_T22:41:56 -  clearRentalMarket started
2024_10_03_T22:41:56 -  clearRentalMarket - first block took 0.002257823944091797
2024_10_03_T22:41:56 -  clearRentalMarket - second block took 2.09808349609375e-5
2024_10_03_T22:41:56 -  Model step took 0.14135384559631348 seconds
2024_10_03_T22:41:59 -  Model step started
2024_10_03_T22:41:59 -  clearHangingSupplies started
2024_10_03_T22:41:59 -  clearHangingSupplies took 8.082389831542969e-5
2024_10_03_T22:41:59 -  clearHangingRentalSupplies started
2024_10_03_T22:41:59 -  clearHangingRentalSupplies took 2.3126602172851562e-5
2024_10_03_T22:41:59 -  clearHouseMarket started
2024_10_03_T22:41:59 -  clearHouseMarket - first block took 0.05999302864074707
2024_10_03_T22:41:59 -  clearHouseMarket - second block took 0.0031888484954833984
2024_10_03_T22:41:59 -  clearHouseMarket - third block took 0.00024008750915527344
2024_10_03_T22:41:59 -  clearRentalMarket started
2024_10_03_T22:41:59 -  clearRentalMarket - first block took 0.0035009384155273438
2024_10_03_T22:41:59 -  clearRentalMarket - second block took 5.793571472167969e-5
2024_10_03_T22:41:59 -  Model step took 0.13521695137023926 seconds
2024_10_03_T22:42:01 -  Model step started
2024_10_03_T22:42:01 -  clearHangingSupplies started
2024_10_03_T22:42:01 -  clearHangingSupplies took 0.019459009170532227
2024_10_03_T22:42:01 -  clearHangingRentalSupplies started
2024_10_03_T22:42:01 -  clearHangingRentalSupplies took 3.814697265625e-5
2024_10_03_T22:42:01 -  clearHouseMarket started
2024_10_03_T22:42:01 -  clearHouseMarket - first block took 0.06631612777709961
2024_10_03_T22:42:01 -  clearHouseMarket - second block took 0.0026650428771972656
2024_10_03_T22:42:01 -  clearHouseMarket - third block took 0.00022411346435546875
2024_10_03_T22:42:01 -  clearRentalMarket started
2024_10_03_T22:42:01 -  clearRentalMarket - first block took 0.0024039745330810547
2024_10_03_T22:42:01 -  clearRentalMarket - second block took 3.3855438232421875e-5
2024_10_03_T22:42:01 -  Model step took 0.16163992881774902 seconds
2024_10_03_T22:42:04 -  Model step started
2024_10_03_T22:42:04 -  clearHangingSupplies started
2024_10_03_T22:42:04 -  clearHangingSupplies took 5.507469177246094e-5
2024_10_03_T22:42:04 -  clearHangingRentalSupplies started
2024_10_03_T22:42:04 -  clearHangingRentalSupplies took 2.09808349609375e-5
2024_10_03_T22:42:04 -  clearHouseMarket started
2024_10_03_T22:42:04 -  clearHouseMarket - first block took 0.04740309715270996
2024_10_03_T22:42:04 -  clearHouseMarket - second block took 0.0016150474548339844
2024_10_03_T22:42:04 -  clearHouseMarket - third block took 0.00019407272338867188
2024_10_03_T22:42:04 -  clearRentalMarket started
2024_10_03_T22:42:04 -  clearRentalMarket - first block took 0.0022950172424316406
2024_10_03_T22:42:04 -  clearRentalMarket - second block took 3.409385681152344e-5
2024_10_03_T22:42:04 -  Model step took 0.10474205017089844 seconds
2024_10_03_T22:42:06 -  Model step started
2024_10_03_T22:42:06 -  clearHangingSupplies started
2024_10_03_T22:42:06 -  clearHangingSupplies took 6.508827209472656e-5
2024_10_03_T22:42:06 -  clearHangingRentalSupplies started
2024_10_03_T22:42:06 -  clearHangingRentalSupplies took 2.288818359375e-5
2024_10_03_T22:42:06 -  clearHouseMarket started
2024_10_03_T22:42:06 -  clearHouseMarket - first block took 0.05301690101623535
2024_10_03_T22:42:06 -  clearHouseMarket - second block took 0.0013680458068847656
2024_10_03_T22:42:06 -  clearHouseMarket - third block took 0.0001990795135498047
2024_10_03_T22:42:06 -  clearRentalMarket started
2024_10_03_T22:42:06 -  clearRentalMarket - first block took 0.0020928382873535156
2024_10_03_T22:42:06 -  clearRentalMarket - second block took 3.981590270996094e-5
2024_10_03_T22:42:06 -  Model step took 0.12181878089904785 seconds
2024_10_03_T22:42:08 -  Model step started
2024_10_03_T22:42:08 -  clearHangingSupplies started
2024_10_03_T22:42:08 -  clearHangingSupplies took 6.580352783203125e-5
2024_10_03_T22:42:08 -  clearHangingRentalSupplies started
2024_10_03_T22:42:08 -  clearHangingRentalSupplies took 8.392333984375e-5
2024_10_03_T22:42:08 -  clearHouseMarket started
2024_10_03_T22:42:08 -  clearHouseMarket - first block took 0.0611720085144043
2024_10_03_T22:42:08 -  clearHouseMarket - second block took 0.0007939338684082031
2024_10_03_T22:42:08 -  clearHouseMarket - third block took 0.00022292137145996094
2024_10_03_T22:42:08 -  clearRentalMarket started
2024_10_03_T22:42:08 -  clearRentalMarket - first block took 0.002992868423461914
2024_10_03_T22:42:08 -  clearRentalMarket - second block took 5.4836273193359375e-5
2024_10_03_T22:42:08 -  Model step took 0.12674593925476074 seconds
2024_10_03_T22:42:11 -  Model step started
2024_10_03_T22:42:11 -  clearHangingSupplies started
2024_10_03_T22:42:11 -  clearHangingSupplies took 9.012222290039062e-5
2024_10_03_T22:42:11 -  clearHangingRentalSupplies started
2024_10_03_T22:42:11 -  clearHangingRentalSupplies took 3.0994415283203125e-5
2024_10_03_T22:42:11 -  clearHouseMarket started
2024_10_03_T22:42:11 -  clearHouseMarket - first block took 0.04603910446166992
2024_10_03_T22:42:11 -  clearHouseMarket - second block took 0.00037097930908203125
2024_10_03_T22:42:11 -  clearHouseMarket - third block took 0.00023102760314941406
2024_10_03_T22:42:11 -  clearRentalMarket started
2024_10_03_T22:42:11 -  clearRentalMarket - first block took 0.002662181854248047
2024_10_03_T22:42:11 -  clearRentalMarket - second block took 4.696846008300781e-5
2024_10_03_T22:42:11 -  Model step took 0.11879992485046387 seconds
2024_10_03_T22:42:13 -  Model step started
2024_10_03_T22:42:13 -  clearHangingSupplies started
2024_10_03_T22:42:13 -  clearHangingSupplies took 8.106231689453125e-5
2024_10_03_T22:42:13 -  clearHangingRentalSupplies started
2024_10_03_T22:42:13 -  clearHangingRentalSupplies took 2.7894973754882812e-5
2024_10_03_T22:42:13 -  clearHouseMarket started
2024_10_03_T22:42:13 -  clearHouseMarket - first block took 0.04474806785583496
2024_10_03_T22:42:13 -  clearHouseMarket - second block took 0.0008358955383300781
2024_10_03_T22:42:13 -  clearHouseMarket - third block took 0.00018787384033203125
2024_10_03_T22:42:13 -  clearRentalMarket started
2024_10_03_T22:42:13 -  clearRentalMarket - first block took 0.0028607845306396484
2024_10_03_T22:42:13 -  clearRentalMarket - second block took 7.104873657226562e-5
2024_10_03_T22:42:13 -  Model step took 0.1343858242034912 seconds
2024_10_03_T22:42:16 -  Model step started
2024_10_03_T22:42:16 -  clearHangingSupplies started
2024_10_03_T22:42:16 -  clearHangingSupplies took 0.0001819133758544922
2024_10_03_T22:42:16 -  clearHangingRentalSupplies started
2024_10_03_T22:42:16 -  clearHangingRentalSupplies took 3.1948089599609375e-5
2024_10_03_T22:42:16 -  clearHouseMarket started
2024_10_03_T22:42:16 -  clearHouseMarket - first block took 0.061109066009521484
2024_10_03_T22:42:16 -  clearHouseMarket - second block took 0.001544952392578125
2024_10_03_T22:42:16 -  clearHouseMarket - third block took 0.000244140625
2024_10_03_T22:42:16 -  clearRentalMarket started
2024_10_03_T22:42:16 -  clearRentalMarket - first block took 0.008973121643066406
2024_10_03_T22:42:16 -  clearRentalMarket - second block took 7.414817810058594e-5
2024_10_03_T22:42:16 -  Model step took 0.16005206108093262 seconds
2024_10_03_T22:42:19 -  Model step started
2024_10_03_T22:42:19 -  clearHangingSupplies started
2024_10_03_T22:42:19 -  clearHangingSupplies took 6.079673767089844e-5
2024_10_03_T22:42:19 -  clearHangingRentalSupplies started
2024_10_03_T22:42:19 -  clearHangingRentalSupplies took 2.288818359375e-5
2024_10_03_T22:42:19 -  clearHouseMarket started
2024_10_03_T22:42:19 -  clearHouseMarket - first block took 0.04832100868225098
2024_10_03_T22:42:19 -  clearHouseMarket - second block took 0.008300065994262695
2024_10_03_T22:42:19 -  clearHouseMarket - third block took 0.00026416778564453125
2024_10_03_T22:42:19 -  clearRentalMarket started
2024_10_03_T22:42:19 -  clearRentalMarket - first block took 0.0027239322662353516
2024_10_03_T22:42:19 -  clearRentalMarket - second block took 7.796287536621094e-5
2024_10_03_T22:42:19 -  Model step took 0.168503999710083 seconds
2024_10_03_T22:42:22 -  Model step started
2024_10_03_T22:42:22 -  clearHangingSupplies started
2024_10_03_T22:42:22 -  clearHangingSupplies took 4.887580871582031e-5
2024_10_03_T22:42:22 -  clearHangingRentalSupplies started
2024_10_03_T22:42:22 -  clearHangingRentalSupplies took 2.193450927734375e-5
2024_10_03_T22:42:22 -  clearHouseMarket started
2024_10_03_T22:42:22 -  clearHouseMarket - first block took 0.03847694396972656
2024_10_03_T22:42:22 -  clearHouseMarket - second block took 0.0019202232360839844
2024_10_03_T22:42:22 -  clearHouseMarket - third block took 0.0002391338348388672
2024_10_03_T22:42:22 -  clearRentalMarket started
2024_10_03_T22:42:22 -  clearRentalMarket - first block took 0.0022449493408203125
2024_10_03_T22:42:22 -  clearRentalMarket - second block took 3.1948089599609375e-5
2024_10_03_T22:42:23 -  Model step took 0.09389996528625488 seconds
2024_10_03_T22:42:29 -  Model step started
2024_10_03_T22:42:29 -  clearHangingSupplies started
2024_10_03_T22:42:29 -  clearHangingSupplies took 5.91278076171875e-5
2024_10_03_T22:42:29 -  clearHangingRentalSupplies started
2024_10_03_T22:42:29 -  clearHangingRentalSupplies took 2.3126602172851562e-5
2024_10_03_T22:42:29 -  clearHouseMarket started
2024_10_03_T22:42:29 -  clearHouseMarket - first block took 0.11970305442810059
2024_10_03_T22:42:29 -  clearHouseMarket - second block took 0.0009350776672363281
2024_10_03_T22:42:29 -  clearHouseMarket - third block took 0.00027108192443847656
2024_10_03_T22:42:29 -  clearRentalMarket started
2024_10_03_T22:42:29 -  clearRentalMarket - first block took 0.003528118133544922
2024_10_03_T22:42:29 -  clearRentalMarket - second block took 8.106231689453125e-5
2024_10_03_T22:42:29 -  Model step took 0.20754098892211914 seconds
2024_10_03_T22:42:32 -  Model step started
2024_10_03_T22:42:32 -  clearHangingSupplies started
2024_10_03_T22:42:32 -  clearHangingSupplies took 5.1975250244140625e-5
2024_10_03_T22:42:32 -  clearHangingRentalSupplies started
2024_10_03_T22:42:32 -  clearHangingRentalSupplies took 2.193450927734375e-5
2024_10_03_T22:42:32 -  clearHouseMarket started
2024_10_03_T22:42:32 -  clearHouseMarket - first block took 0.03780198097229004
2024_10_03_T22:42:32 -  clearHouseMarket - second block took 0.0032720565795898438
2024_10_03_T22:42:32 -  clearHouseMarket - third block took 0.0002760887145996094
2024_10_03_T22:42:32 -  clearRentalMarket started
2024_10_03_T22:42:32 -  clearRentalMarket - first block took 0.0030639171600341797
2024_10_03_T22:42:32 -  clearRentalMarket - second block took 4.220008850097656e-5
2024_10_03_T22:42:32 -  Model step took 0.10391402244567871 seconds
2024_10_03_T22:42:35 -  Model step started
2024_10_03_T22:42:35 -  clearHangingSupplies started
2024_10_03_T22:42:35 -  clearHangingSupplies took 3.910064697265625e-5
2024_10_03_T22:42:35 -  clearHangingRentalSupplies started
2024_10_03_T22:42:35 -  clearHangingRentalSupplies took 2.002716064453125e-5
2024_10_03_T22:42:35 -  clearHouseMarket started
2024_10_03_T22:42:35 -  clearHouseMarket - first block took 0.03453779220581055
2024_10_03_T22:42:35 -  clearHouseMarket - second block took 0.0013401508331298828
2024_10_03_T22:42:35 -  clearHouseMarket - third block took 0.00026106834411621094
2024_10_03_T22:42:35 -  clearRentalMarket started
2024_10_03_T22:42:35 -  clearRentalMarket - first block took 0.0022590160369873047
2024_10_03_T22:42:35 -  clearRentalMarket - second block took 1.5020370483398438e-5
2024_10_03_T22:42:35 -  Model step took 0.10364913940429688 seconds
2024_10_03_T22:42:38 -  Model step started
2024_10_03_T22:42:38 -  clearHangingSupplies started
2024_10_03_T22:42:38 -  clearHangingSupplies took 8.511543273925781e-5
2024_10_03_T22:42:38 -  clearHangingRentalSupplies started
2024_10_03_T22:42:38 -  clearHangingRentalSupplies took 3.0994415283203125e-5
2024_10_03_T22:42:38 -  clearHouseMarket started
2024_10_03_T22:42:38 -  clearHouseMarket - first block took 0.037698984146118164
2024_10_03_T22:42:38 -  clearHouseMarket - second block took 0.004153013229370117
2024_10_03_T22:42:38 -  clearHouseMarket - third block took 0.0002541542053222656
2024_10_03_T22:42:38 -  clearRentalMarket started
2024_10_03_T22:42:38 -  clearRentalMarket - first block took 0.007800102233886719
2024_10_03_T22:42:38 -  clearRentalMarket - second block took 0.00010180473327636719
2024_10_03_T22:42:38 -  Model step took 0.1147761344909668 seconds
2024_10_03_T22:42:40 -  Model step started
2024_10_03_T22:42:40 -  clearHangingSupplies started
2024_10_03_T22:42:40 -  clearHangingSupplies took 2.6941299438476562e-5
2024_10_03_T22:42:40 -  clearHangingRentalSupplies started
2024_10_03_T22:42:40 -  clearHangingRentalSupplies took 2.47955322265625e-5
2024_10_03_T22:42:40 -  clearHouseMarket started
2024_10_03_T22:42:40 -  clearHouseMarket - first block took 0.019255876541137695
2024_10_03_T22:42:40 -  clearHouseMarket - second block took 0.0003600120544433594
2024_10_03_T22:42:40 -  clearHouseMarket - third block took 0.0002300739288330078
2024_10_03_T22:42:40 -  clearRentalMarket started
2024_10_03_T22:42:40 -  clearRentalMarket - first block took 0.003400087356567383
2024_10_03_T22:42:40 -  clearRentalMarket - second block took 5.1975250244140625e-5
2024_10_03_T22:42:40 -  Model step took 0.09540605545043945 seconds
2024_10_03_T22:42:43 -  Model step started
2024_10_03_T22:42:43 -  clearHangingSupplies started
2024_10_03_T22:42:43 -  clearHangingSupplies took 3.1948089599609375e-5
2024_10_03_T22:42:43 -  clearHangingRentalSupplies started
2024_10_03_T22:42:43 -  clearHangingRentalSupplies took 5.3882598876953125e-5
2024_10_03_T22:42:43 -  clearHouseMarket started
2024_10_03_T22:42:43 -  clearHouseMarket - first block took 0.018226146697998047
2024_10_03_T22:42:43 -  clearHouseMarket - second block took 0.0013470649719238281
2024_10_03_T22:42:43 -  clearHouseMarket - third block took 0.00023984909057617188
2024_10_03_T22:42:43 -  clearRentalMarket started
2024_10_03_T22:42:43 -  clearRentalMarket - first block took 0.0032629966735839844
2024_10_03_T22:42:43 -  clearRentalMarket - second block took 4.792213439941406e-5
2024_10_03_T22:42:43 -  Model step took 0.08520388603210449 seconds
2024_10_03_T22:42:45 -  Model step started
2024_10_03_T22:42:45 -  clearHangingSupplies started
2024_10_03_T22:42:45 -  clearHangingSupplies took 2.6941299438476562e-5
2024_10_03_T22:42:45 -  clearHangingRentalSupplies started
2024_10_03_T22:42:45 -  clearHangingRentalSupplies took 3.2901763916015625e-5
2024_10_03_T22:42:45 -  clearHouseMarket started
2024_10_03_T22:42:45 -  clearHouseMarket - first block took 0.015079975128173828
2024_10_03_T22:42:45 -  clearHouseMarket - second block took 0.001344919204711914
2024_10_03_T22:42:45 -  clearHouseMarket - third block took 0.0003578662872314453
2024_10_03_T22:42:45 -  clearRentalMarket started
2024_10_03_T22:42:45 -  clearRentalMarket - first block took 0.003718852996826172
2024_10_03_T22:42:45 -  clearRentalMarket - second block took 4.601478576660156e-5
2024_10_03_T22:42:45 -  Model step took 0.08892393112182617 seconds
2024_10_03_T22:42:48 -  Model step started
2024_10_03_T22:42:48 -  clearHangingSupplies started
2024_10_03_T22:42:48 -  clearHangingSupplies took 2.7894973754882812e-5
2024_10_03_T22:42:48 -  clearHangingRentalSupplies started
2024_10_03_T22:42:48 -  clearHangingRentalSupplies took 1.9073486328125e-5
2024_10_03_T22:42:48 -  clearHouseMarket started
2024_10_03_T22:42:48 -  clearHouseMarket - first block took 0.014714956283569336
2024_10_03_T22:42:48 -  clearHouseMarket - second block took 0.0005970001220703125
2024_10_03_T22:42:48 -  clearHouseMarket - third block took 0.00023698806762695312
2024_10_03_T22:42:48 -  clearRentalMarket started
2024_10_03_T22:42:48 -  clearRentalMarket - first block took 0.003039836883544922
2024_10_03_T22:42:48 -  clearRentalMarket - second block took 5.602836608886719e-5
2024_10_03_T22:42:48 -  Model step took 0.1007850170135498 seconds
2024_10_03_T22:42:50 -  Model step started
2024_10_03_T22:42:50 -  clearHangingSupplies started
2024_10_03_T22:42:50 -  clearHangingSupplies took 2.5033950805664062e-5
2024_10_03_T22:42:50 -  clearHangingRentalSupplies started
2024_10_03_T22:42:50 -  clearHangingRentalSupplies took 1.5974044799804688e-5
2024_10_03_T22:42:50 -  clearHouseMarket started
2024_10_03_T22:42:50 -  clearHouseMarket - first block took 0.019700050354003906
2024_10_03_T22:42:50 -  clearHouseMarket - second block took 0.01080012321472168
2024_10_03_T22:42:50 -  clearHouseMarket - third block took 0.00025200843811035156
2024_10_03_T22:42:50 -  clearRentalMarket started
2024_10_03_T22:42:50 -  clearRentalMarket - first block took 0.0024099349975585938
2024_10_03_T22:42:50 -  clearRentalMarket - second block took 5.1021575927734375e-5
2024_10_03_T22:42:50 -  Model step took 0.22479701042175293 seconds
2024_10_03_T22:42:53 -  Model step started
2024_10_03_T22:42:53 -  clearHangingSupplies started
2024_10_03_T22:42:53 -  clearHangingSupplies took 2.002716064453125e-5
2024_10_03_T22:42:53 -  clearHangingRentalSupplies started
2024_10_03_T22:42:53 -  clearHangingRentalSupplies took 1.5020370483398438e-5
2024_10_03_T22:42:53 -  clearHouseMarket started
2024_10_03_T22:42:53 -  clearHouseMarket - first block took 0.008059978485107422
2024_10_03_T22:42:53 -  clearHouseMarket - second block took 0.0011119842529296875
2024_10_03_T22:42:53 -  clearHouseMarket - third block took 0.0002701282501220703
2024_10_03_T22:42:53 -  clearRentalMarket started
2024_10_03_T22:42:53 -  clearRentalMarket - first block took 0.0016422271728515625
2024_10_03_T22:42:53 -  clearRentalMarket - second block took 2.4080276489257812e-5
2024_10_03_T22:42:53 -  Model step took 0.10399603843688965 seconds
2024_10_03_T22:42:55 -  Model step started
2024_10_03_T22:42:55 -  clearHangingSupplies started
2024_10_03_T22:42:55 -  clearHangingSupplies took 3.695487976074219e-5
2024_10_03_T22:42:55 -  clearHangingRentalSupplies started
2024_10_03_T22:42:55 -  clearHangingRentalSupplies took 1.5020370483398438e-5
2024_10_03_T22:42:55 -  clearHouseMarket started
2024_10_03_T22:42:55 -  clearHouseMarket - first block took 0.0076751708984375
2024_10_03_T22:42:55 -  clearHouseMarket - second block took 0.0010590553283691406
2024_10_03_T22:42:55 -  clearHouseMarket - third block took 0.0002560615539550781
2024_10_03_T22:42:55 -  clearRentalMarket started
2024_10_03_T22:42:55 -  clearRentalMarket - first block took 0.0019648075103759766
2024_10_03_T22:42:55 -  clearRentalMarket - second block took 3.886222839355469e-5
2024_10_03_T22:42:56 -  Model step took 0.10339093208312988 seconds
2024_10_03_T22:42:58 -  Model step started
2024_10_03_T22:42:58 -  clearHangingSupplies started
2024_10_03_T22:42:58 -  clearHangingSupplies took 1.9073486328125e-5
2024_10_03_T22:42:58 -  clearHangingRentalSupplies started
2024_10_03_T22:42:58 -  clearHangingRentalSupplies took 1.5020370483398438e-5
2024_10_03_T22:42:58 -  clearHouseMarket started
2024_10_03_T22:42:58 -  clearHouseMarket - first block took 0.004299163818359375
2024_10_03_T22:42:58 -  clearHouseMarket - second block took 0.00061798095703125
2024_10_03_T22:42:58 -  clearHouseMarket - third block took 0.00025200843811035156
2024_10_03_T22:42:58 -  clearRentalMarket started
2024_10_03_T22:42:58 -  clearRentalMarket - first block took 0.0016689300537109375
2024_10_03_T22:42:58 -  clearRentalMarket - second block took 5.507469177246094e-5
2024_10_03_T22:42:58 -  Model step took 0.09666991233825684 seconds
2024_10_03_T22:43:01 -  Model step started
2024_10_03_T22:43:01 -  clearHangingSupplies started
2024_10_03_T22:43:01 -  clearHangingSupplies took 1.5020370483398438e-5
2024_10_03_T22:43:01 -  clearHangingRentalSupplies started
2024_10_03_T22:43:01 -  clearHangingRentalSupplies took 1.4066696166992188e-5
2024_10_03_T22:43:01 -  clearHouseMarket started
2024_10_03_T22:43:01 -  clearHouseMarket - first block took 0.0025730133056640625
2024_10_03_T22:43:01 -  clearHouseMarket - second block took 0.0005970001220703125
2024_10_03_T22:43:01 -  clearHouseMarket - third block took 0.00020623207092285156
2024_10_03_T22:43:01 -  clearRentalMarket started
2024_10_03_T22:43:01 -  clearRentalMarket - first block took 0.002073049545288086
2024_10_03_T22:43:01 -  clearRentalMarket - second block took 3.910064697265625e-5
2024_10_03_T22:43:01 -  Model step took 0.10755705833435059 seconds
2024_10_03_T22:43:03 -  Model step started
2024_10_03_T22:43:03 -  clearHangingSupplies started
2024_10_03_T22:43:03 -  clearHangingSupplies took 1.0967254638671875e-5
2024_10_03_T22:43:03 -  clearHangingRentalSupplies started
2024_10_03_T22:43:03 -  clearHangingRentalSupplies took 1.3113021850585938e-5
2024_10_03_T22:43:03 -  clearHouseMarket started
2024_10_03_T22:43:03 -  clearHouseMarket - first block took 0.0018651485443115234
2024_10_03_T22:43:03 -  clearHouseMarket - second block took 0.0008840560913085938
2024_10_03_T22:43:03 -  clearHouseMarket - third block took 0.00021386146545410156
2024_10_03_T22:43:03 -  clearRentalMarket started
2024_10_03_T22:43:03 -  clearRentalMarket - first block took 0.0021829605102539062
2024_10_03_T22:43:03 -  clearRentalMarket - second block took 5.1975250244140625e-5
2024_10_03_T22:43:04 -  Model step took 0.10599780082702637 seconds
2024_10_03_T22:43:06 -  Model step started
2024_10_03_T22:43:06 -  clearHangingSupplies started
2024_10_03_T22:43:06 -  clearHangingSupplies took 1.0013580322265625e-5
2024_10_03_T22:43:06 -  clearHangingRentalSupplies started
2024_10_03_T22:43:06 -  clearHangingRentalSupplies took 1.0967254638671875e-5
2024_10_03_T22:43:06 -  clearHouseMarket started
2024_10_03_T22:43:06 -  clearHouseMarket - first block took 0.0012989044189453125
2024_10_03_T22:43:06 -  clearHouseMarket - second block took 0.00022602081298828125
2024_10_03_T22:43:06 -  clearHouseMarket - third block took 0.00018906593322753906
2024_10_03_T22:43:06 -  clearRentalMarket started
2024_10_03_T22:43:06 -  clearRentalMarket - first block took 0.010515928268432617
2024_10_03_T22:43:06 -  clearRentalMarket - second block took 0.0012772083282470703
2024_10_03_T22:43:06 -  Model step took 0.1262068748474121 seconds
2024_10_03_T22:43:09 -  Model step started
2024_10_03_T22:43:09 -  clearHangingSupplies started
2024_10_03_T22:43:09 -  clearHangingSupplies took 7.867813110351562e-6
2024_10_03_T22:43:09 -  clearHangingRentalSupplies started
2024_10_03_T22:43:09 -  clearHangingRentalSupplies took 2.4080276489257812e-5
2024_10_03_T22:43:09 -  clearHouseMarket started
2024_10_03_T22:43:09 -  clearHouseMarket - first block took 0.0012950897216796875
2024_10_03_T22:43:09 -  clearHouseMarket - second block took 0.0009438991546630859
2024_10_03_T22:43:09 -  clearHouseMarket - third block took 0.0005068778991699219
2024_10_03_T22:43:09 -  clearRentalMarket started
2024_10_03_T22:43:09 -  clearRentalMarket - first block took 0.002031087875366211
2024_10_03_T22:43:09 -  clearRentalMarket - second block took 7.987022399902344e-5
2024_10_03_T22:43:09 -  Model step took 0.0996711254119873 seconds
2024_10_03_T22:43:11 -  Model step started
2024_10_03_T22:43:11 -  clearHangingSupplies started
2024_10_03_T22:43:11 -  clearHangingSupplies took 8.821487426757812e-6
2024_10_03_T22:43:11 -  clearHangingRentalSupplies started
2024_10_03_T22:43:11 -  clearHangingRentalSupplies took 8.821487426757812e-6
2024_10_03_T22:43:11 -  clearHouseMarket started
2024_10_03_T22:43:11 -  clearHouseMarket - first block took 0.0009570121765136719
2024_10_03_T22:43:11 -  clearHouseMarket - second block took 0.0007178783416748047
2024_10_03_T22:43:11 -  clearHouseMarket - third block took 0.0002880096435546875
2024_10_03_T22:43:11 -  clearRentalMarket started
2024_10_03_T22:43:11 -  clearRentalMarket - first block took 0.0005710124969482422
2024_10_03_T22:43:11 -  clearRentalMarket - second block took 1.811981201171875e-5
2024_10_03_T22:43:11 -  Model step took 0.10114407539367676 seconds
2024_10_03_T22:43:14 -  Model step started
2024_10_03_T22:43:14 -  clearHangingSupplies started
2024_10_03_T22:43:14 -  clearHangingSupplies took 3.600120544433594e-5
2024_10_03_T22:43:14 -  clearHangingRentalSupplies started
2024_10_03_T22:43:14 -  clearHangingRentalSupplies took 2.3126602172851562e-5
2024_10_03_T22:43:14 -  clearHouseMarket started
2024_10_03_T22:43:14 -  clearHouseMarket - first block took 0.0008490085601806641
2024_10_03_T22:43:14 -  clearHouseMarket - second block took 0.0003681182861328125
2024_10_03_T22:43:14 -  clearHouseMarket - third block took 0.00024199485778808594
2024_10_03_T22:43:14 -  clearRentalMarket started
2024_10_03_T22:43:14 -  clearRentalMarket - first block took 0.0011749267578125
2024_10_03_T22:43:14 -  clearRentalMarket - second block took 3.0040740966796875e-5
2024_10_03_T22:43:14 -  Pushed house into housesBuiltPerRegion (location,size) = (Lisboa, More)
2024_10_03_T22:43:14 -  Pushed house into housesBuiltPerRegion (location,size) = (Lisboa, More)
2024_10_03_T22:43:14 -  Pushed house into housesBuiltPerRegion (location,size) = (Lisboa, More)
2024_10_03_T22:43:14 -  Model step took 0.18909192085266113 seconds
2024_10_03_T22:43:17 -  Model step started
2024_10_03_T22:43:17 -  clearHangingSupplies started
2024_10_03_T22:43:17 -  clearHangingSupplies took 1.0013580322265625e-5
2024_10_03_T22:43:17 -  clearHangingRentalSupplies started
2024_10_03_T22:43:17 -  clearHangingRentalSupplies took 6.9141387939453125e-6
2024_10_03_T22:43:17 -  clearHouseMarket started
2024_10_03_T22:43:17 -  clearHouseMarket - first block took 0.004110097885131836
2024_10_03_T22:43:17 -  clearHouseMarket - second block took 0.001110076904296875
2024_10_03_T22:43:17 -  clearHouseMarket - third block took 0.0002949237823486328
2024_10_03_T22:43:17 -  clearRentalMarket started
2024_10_03_T22:43:17 -  clearRentalMarket - first block took 0.0002598762512207031
2024_10_03_T22:43:17 -  clearRentalMarket - second block took 1.8835067749023438e-5
2024_10_03_T22:43:17 -  Pushed house into housesBuiltPerRegion (location,size) = (Lisboa, More)
2024_10_03_T22:43:17 -  Model step took 0.10253190994262695 seconds
2024_10_03_T22:43:19 -  Model step started
2024_10_03_T22:43:19 -  clearHangingSupplies started
2024_10_03_T22:43:19 -  clearHangingSupplies took 1.6927719116210938e-5
2024_10_03_T22:43:19 -  clearHangingRentalSupplies started
2024_10_03_T22:43:19 -  clearHangingRentalSupplies took 9.059906005859375e-6
2024_10_03_T22:43:19 -  clearHouseMarket started
2024_10_03_T22:43:19 -  clearHouseMarket - first block took 0.0021300315856933594
2024_10_03_T22:43:19 -  clearHouseMarket - second block took 0.0005168914794921875
2024_10_03_T22:43:19 -  clearHouseMarket - third block took 0.00024509429931640625
2024_10_03_T22:43:19 -  clearRentalMarket started
2024_10_03_T22:43:19 -  clearRentalMarket - first block took 0.00016379356384277344
2024_10_03_T22:43:19 -  clearRentalMarket - second block took 1.2874603271484375e-5
2024_10_03_T22:43:20 -  Pushed house into housesBuiltPerRegion (location,size) = (Lisboa, LessThan125)
2024_10_03_T22:43:20 -  Pushed house into housesBuiltPerRegion (location,size) = (Lisboa, More)
2024_10_03_T22:43:20 -  Pushed house into housesBuiltPerRegion (location,size) = (Lisboa, More)
2024_10_03_T22:43:20 -  Model step took 0.13431501388549805 seconds
2024_10_03_T22:43:22 -  Model step started
2024_10_03_T22:43:22 -  clearHangingSupplies started
2024_10_03_T22:43:22 -  clearHangingSupplies took 9.059906005859375e-6
2024_10_03_T22:43:22 -  clearHangingRentalSupplies started
2024_10_03_T22:43:22 -  clearHangingRentalSupplies took 7.867813110351562e-6
2024_10_03_T22:43:22 -  clearHouseMarket started
2024_10_03_T22:43:22 -  clearHouseMarket - first block took 0.0027980804443359375
2024_10_03_T22:43:22 -  clearHouseMarket - second block took 0.0011069774627685547
2024_10_03_T22:43:22 -  clearHouseMarket - third block took 0.00036597251892089844
2024_10_03_T22:43:22 -  clearRentalMarket started
2024_10_03_T22:43:22 -  clearRentalMarket - first block took 0.0010600090026855469
2024_10_03_T22:43:22 -  clearRentalMarket - second block took 3.600120544433594e-5
2024_10_03_T22:43:22 -  Model step took 0.11431193351745605 seconds
2024_10_03_T22:43:25 -  Model step started
2024_10_03_T22:43:25 -  clearHangingSupplies started
2024_10_03_T22:43:25 -  clearHangingSupplies took 5.9604644775390625e-6
2024_10_03_T22:43:25 -  clearHangingRentalSupplies started
2024_10_03_T22:43:25 -  clearHangingRentalSupplies took 1.0013580322265625e-5
2024_10_03_T22:43:25 -  clearHouseMarket started
2024_10_03_T22:43:25 -  clearHouseMarket - first block took 3.1948089599609375e-5
2024_10_03_T22:43:25 -  clearHouseMarket - second block took 1.9073486328125e-6
2024_10_03_T22:43:25 -  clearHouseMarket - third block took 0.0002810955047607422
2024_10_03_T22:43:25 -  clearRentalMarket started
2024_10_03_T22:43:25 -  clearRentalMarket - first block took 0.0005180835723876953
2024_10_03_T22:43:25 -  clearRentalMarket - second block took 2.9087066650390625e-5
2024_10_03_T22:43:25 -  Pushed house into housesBuiltPerRegion (location,size) = (Lisboa, LessThan75)
2024_10_03_T22:43:25 -  Pushed house into housesBuiltPerRegion (location,size) = (Lisboa, LessThan125)
2024_10_03_T22:43:25 -  Pushed house into housesBuiltPerRegion (location,size) = (Lisboa, More)
2024_10_03_T22:43:25 -  Model step took 0.12282204627990723 seconds
2024_10_03_T22:43:28 -  Model step started
2024_10_03_T22:43:28 -  clearHangingSupplies started
2024_10_03_T22:43:28 -  clearHangingSupplies took 1.0967254638671875e-5
2024_10_03_T22:43:28 -  clearHangingRentalSupplies started
2024_10_03_T22:43:28 -  clearHangingRentalSupplies took 3.0994415283203125e-6
2024_10_03_T22:43:28 -  clearHouseMarket started
2024_10_03_T22:43:28 -  clearHouseMarket - first block took 0.003942966461181641
2024_10_03_T22:43:28 -  clearHouseMarket - second block took 0.0007910728454589844
2024_10_03_T22:43:28 -  clearHouseMarket - third block took 0.0003821849822998047
2024_10_03_T22:43:28 -  clearRentalMarket started
2024_10_03_T22:43:28 -  clearRentalMarket - first block took 3.0040740966796875e-5
2024_10_03_T22:43:28 -  clearRentalMarket - second block took 2.1457672119140625e-6
2024_10_03_T22:43:28 -  Pushed house into housesBuiltPerRegion (location,size) = (Lisboa, LessThan125)
2024_10_03_T22:43:28 -  Pushed house into housesBuiltPerRegion (location,size) = (Lisboa, More)
2024_10_03_T22:43:28 -  Model step took 0.11591506004333496 seconds
2024_10_03_T22:43:30 -  Model step started
2024_10_03_T22:43:30 -  clearHangingSupplies started
2024_10_03_T22:43:30 -  clearHangingSupplies took 2.09808349609375e-5
2024_10_03_T22:43:30 -  clearHangingRentalSupplies started
2024_10_03_T22:43:30 -  clearHangingRentalSupplies took 5.9604644775390625e-6
2024_10_03_T22:43:30 -  clearHouseMarket started
2024_10_03_T22:43:30 -  clearHouseMarket - first block took 0.0034580230712890625
2024_10_03_T22:43:30 -  clearHouseMarket - second block took 0.0007600784301757812
2024_10_03_T22:43:30 -  clearHouseMarket - third block took 0.0003750324249267578
2024_10_03_T22:43:30 -  clearRentalMarket started
2024_10_03_T22:43:30 -  clearRentalMarket - first block took 2.09808349609375e-5
2024_10_03_T22:43:30 -  clearRentalMarket - second block took 0.0
2024_10_03_T22:43:30 -  Pushed house into housesBuiltPerRegion (location,size) = (Lisboa, LessThan125)
2024_10_03_T22:43:30 -  Model step took 0.12775301933288574 seconds
