2024_09_05_T16:12:08 -  finished initateHouses in 0.24024510383605957 seconds
2024_09_05_T16:12:09 -  finished initiateHouseholds in 0.4432411193847656 seconds
2024_09_05_T16:12:09 -  finished assignHousesToHouseholds in 0.8854219913482666 seconds
2024_09_05_T16:13:26 -  Model step started
2024_09_05_T16:22:20 -  Model step took 533.4491679668427 seconds
2024_09_05_T16:23:35 -  Model step started
2024_09_05_T16:26:04 -  Model step took 149.09162497520447 seconds
2024_09_05_T16:27:26 -  Model step started
2024_09_05_T16:29:39 -  Model step took 133.38662099838257 seconds
2024_09_05_T16:30:58 -  Model step started
2024_09_05_T16:32:37 -  Model step took 99.1299901008606 seconds
2024_09_05_T16:33:53 -  Model step started
2024_09_05_T16:35:32 -  Model step took 99.26746988296509 seconds
2024_09_05_T16:36:48 -  Model step started
2024_09_05_T16:38:31 -  Model step took 103.49791288375854 seconds
2024_09_05_T16:39:46 -  Model step started
2024_09_05_T16:41:31 -  Model step took 104.6931459903717 seconds
2024_09_05_T16:42:47 -  Model step started
2024_09_05_T16:44:26 -  Model step took 98.97494602203369 seconds
2024_09_05_T16:45:41 -  Model step started
2024_09_05_T16:47:21 -  Model step took 99.45894813537598 seconds
2024_09_05_T16:48:37 -  Model step started
2024_09_05_T16:50:19 -  Model step took 102.42173600196838 seconds
2024_09_05_T16:51:35 -  Model step started
2024_09_05_T16:53:17 -  Model step took 101.52446413040161 seconds
2024_09_05_T16:54:32 -  Model step started
2024_09_05_T16:56:15 -  Model step took 102.88415312767029 seconds
2024_09_05_T16:57:31 -  Model step started
2024_09_05_T16:59:18 -  Model step took 106.82931804656982 seconds
2024_09_05_T17:00:35 -  Model step started
2024_09_05_T17:02:21 -  Model step took 105.99347114562988 seconds
2024_09_05_T17:03:37 -  Model step started
2024_09_05_T17:05:26 -  Model step took 109.13184595108032 seconds
2024_09_05_T17:06:43 -  Model step started
2024_09_05_T17:08:38 -  Model step took 115.25064492225647 seconds
2024_09_05_T17:09:55 -  Model step started
2024_09_05_T17:11:47 -  Model step took 112.8793249130249 seconds
2024_09_05_T17:13:05 -  Model step started
2024_09_05_T17:14:59 -  Model step took 114.84654211997986 seconds
2024_09_05_T17:16:16 -  Model step started
2024_09_05_T17:18:16 -  Model step took 119.61882400512695 seconds
2024_09_05_T17:19:32 -  Model step started
2024_09_05_T17:21:28 -  Model step took 116.01358318328857 seconds
2024_09_05_T17:22:45 -  Model step started
2024_09_05_T17:24:45 -  Model step took 119.13176703453064 seconds
2024_09_05_T17:26:02 -  Model step started
2024_09_05_T17:28:06 -  Model step took 124.85426688194275 seconds
2024_09_05_T17:29:24 -  Model step started
2024_09_05_T17:31:29 -  Model step took 125.70025205612183 seconds
2024_09_05_T17:32:47 -  Model step started
2024_09_05_T17:34:52 -  Model step took 125.40213012695312 seconds
