2024_09_04_T19:27:33 -  finished initateHouses in 0.23969292640686035 seconds
2024_09_04_T19:27:33 -  finished initiateHouseholds in 0.3986320495605469 seconds
2024_09_04_T19:27:34 -  finished assignHousesToHouseholds in 0.627424955368042 seconds
2024_09_04_T19:28:15 -  Model step started
2024_09_04_T19:29:19 -  Model step took 63.38460898399353 seconds
2024_09_04_T19:29:57 -  Model step started
2024_09_04_T19:30:38 -  Model step took 40.653693199157715 seconds
2024_09_04_T19:31:16 -  Model step started
2024_09_04_T19:31:59 -  Model step took 42.25229096412659 seconds
2024_09_04_T19:32:37 -  Model step started
2024_09_04_T19:33:21 -  Model step took 43.299408197402954 seconds
2024_09_04_T19:33:59 -  Model step started
2024_09_04_T19:34:44 -  Model step took 44.786827087402344 seconds
2024_09_04_T19:35:23 -  Model step started
2024_09_04_T19:36:08 -  Model step took 44.96365284919739 seconds
2024_09_04_T19:36:47 -  Model step started
2024_09_04_T19:37:34 -  Model step took 46.62828278541565 seconds
2024_09_04_T19:38:14 -  Model step started
2024_09_04_T19:39:01 -  Model step took 47.29523587226868 seconds
2024_09_04_T19:39:41 -  Model step started
2024_09_04_T19:40:29 -  Model step took 48.3734028339386 seconds
2024_09_04_T19:41:09 -  Model step started
2024_09_04_T19:41:57 -  Model step took 48.18771982192993 seconds
2024_09_04_T19:42:35 -  Model step started
2024_09_04_T19:43:23 -  Model step took 47.71988320350647 seconds
2024_09_04_T19:44:02 -  Model step started
2024_09_04_T19:44:51 -  Model step took 49.431214809417725 seconds
2024_09_04_T19:45:30 -  Model step started
2024_09_04_T19:46:20 -  Model step took 50.05340003967285 seconds
2024_09_04_T19:46:59 -  Model step started
2024_09_04_T19:47:50 -  Model step took 51.69254016876221 seconds
2024_09_04_T19:48:29 -  Model step started
2024_09_04_T19:49:23 -  Model step took 53.37731194496155 seconds
2024_09_04_T19:50:02 -  Model step started
2024_09_04_T19:50:54 -  Model step took 52.21599292755127 seconds
2024_09_04_T19:51:33 -  Model step started
2024_09_04_T19:52:26 -  Model step took 52.87905693054199 seconds
2024_09_04_T19:53:05 -  Model step started
2024_09_04_T19:53:57 -  Model step took 51.77773594856262 seconds
2024_09_04_T19:54:35 -  Model step started
2024_09_04_T19:55:29 -  Model step took 53.57801604270935 seconds
2024_09_04_T19:56:08 -  Model step started
2024_09_04_T19:57:01 -  Model step took 53.36425495147705 seconds
2024_09_04_T19:57:40 -  Model step started
2024_09_04_T19:58:33 -  Model step took 52.98347592353821 seconds
2024_09_04_T19:59:12 -  Model step started
2024_09_04_T20:00:05 -  Model step took 52.72895622253418 seconds
2024_09_04_T20:00:44 -  Model step started
2024_09_04_T20:01:35 -  Model step took 51.42732381820679 seconds
2024_09_04_T20:02:15 -  Model step started
2024_09_04_T20:03:04 -  Model step took 49.15446996688843 seconds
