2024_10_20_T21:19:43 -  finished initateHouses in 0.46384501457214355 seconds
2024_10_20_T21:19:43 -  finished initiateHouseholds in 0.6093199253082275 seconds
2024_10_20_T21:19:44 -  finished assignHousesToHouseholds in 0.7389078140258789 seconds
2024_10_20_T21:19:46 -  Metrics: sum_wealth took 9.5367431640625e-7
2024_10_20_T21:19:46 -  Metrics: wealth_distribution took 4.0531158447265625e-6
2024_10_20_T21:19:47 -  Metrics: money_distribution took 2.86102294921875e-6
2024_10_20_T21:19:47 -  Metrics: size_distribution took 4.0531158447265625e-6
2024_10_20_T21:19:47 -  Metrics: age_distribution took 4.0531158447265625e-6
2024_10_20_T21:19:48 -  Metrics: sum_wealth took 0.0005359649658203125
2024_10_20_T21:19:48 -  Metrics: wealth_distribution took 0.013730049133300781
2024_10_20_T21:19:48 -  Metrics: money_distribution took 0.0073239803314208984
2024_10_20_T21:19:48 -  Metrics: size_distribution took 0.010159969329833984
2024_10_20_T21:19:48 -  Metrics: age_distribution took 0.006559848785400391
2024_10_20_T21:20:09 -  Model step started
2024_10_20_T21:20:09 -  clearHangingSupplies started
2024_10_20_T21:20:09 -  clearHangingSupplies took 0.00453495979309082
2024_10_20_T21:20:09 -  clearHangingRentalSupplies started
2024_10_20_T21:20:09 -  clearHangingRentalSupplies took 0.0019729137420654297
2024_10_20_T21:20:09 -  clearHouseMarket started
2024_10_20_T21:23:46 -  clearHouseMarket - first block took 217.00407695770264
2024_10_20_T21:23:46 -  clearHouseMarket - second block took 0.1209268569946289
2024_10_20_T21:23:46 -  clearHouseMarket - third block took 0.01070094108581543
2024_10_20_T21:23:46 -  clearRentalMarket started
2024_10_20_T21:23:46 -  clearRentalMarket - first block took 0.06341004371643066
2024_10_20_T21:23:46 -  clearRentalMarket - second block took 9.059906005859375e-6
2024_10_20_T21:23:48 -  Pushed house into housesBuiltPerRegion (location,size) = (Amadora, LessThan50)
2024_10_20_T21:23:48 -  Pushed house into housesBuiltPerRegion (location,size) = (Amadora, LessThan50)
2024_10_20_T21:23:48 -  Pushed house into housesBuiltPerRegion (location,size) = (Amadora, LessThan50)
2024_10_20_T21:23:48 -  Pushed house into housesBuiltPerRegion (location,size) = (Amadora, LessThan75)
2024_10_20_T21:23:48 -  Pushed house into housesBuiltPerRegion (location,size) = (Amadora, LessThan125)
2024_10_20_T21:23:48 -  Pushed house into housesBuiltPerRegion (location,size) = (Amadora, LessThan125)
2024_10_20_T21:23:48 -  Pushed house into housesBuiltPerRegion (location,size) = (Cascais, More)
2024_10_20_T21:23:48 -  Pushed house into housesBuiltPerRegion (location,size) = (Lisboa, LessThan125)
2024_10_20_T21:23:48 -  Pushed house into housesBuiltPerRegion (location,size) = (Lisboa, LessThan75)
2024_10_20_T21:23:48 -  Pushed house into housesBuiltPerRegion (location,size) = (Lisboa, LessThan75)
2024_10_20_T21:23:48 -  Pushed house into housesBuiltPerRegion (location,size) = (Lisboa, More)
2024_10_20_T21:23:48 -  Pushed house into housesBuiltPerRegion (location,size) = (Lisboa, More)
2024_10_20_T21:23:48 -  Pushed house into housesBuiltPerRegion (location,size) = (Lisboa, More)
2024_10_20_T21:23:48 -  Pushed house into housesBuiltPerRegion (location,size) = (Lisboa, LessThan50)
2024_10_20_T21:23:48 -  Pushed house into housesBuiltPerRegion (location,size) = (Lisboa, LessThan50)
2024_10_20_T21:23:48 -  Pushed house into housesBuiltPerRegion (location,size) = (Lisboa, LessThan50)
2024_10_20_T21:23:48 -  Pushed house into housesBuiltPerRegion (location,size) = (Loures, LessThan50)
2024_10_20_T21:23:48 -  Pushed house into housesBuiltPerRegion (location,size) = (Loures, LessThan50)
2024_10_20_T21:23:48 -  Pushed house into housesBuiltPerRegion (location,size) = (Loures, LessThan50)
2024_10_20_T21:23:48 -  Pushed house into housesBuiltPerRegion (location,size) = (Loures, More)
2024_10_20_T21:23:48 -  Pushed house into housesBuiltPerRegion (location,size) = (Loures, More)
2024_10_20_T21:23:48 -  Pushed house into housesBuiltPerRegion (location,size) = (Loures, LessThan75)
2024_10_20_T21:23:48 -  Pushed house into housesBuiltPerRegion (location,size) = (Mafra, LessThan50)
2024_10_20_T21:23:48 -  Pushed house into housesBuiltPerRegion (location,size) = (Mafra, LessThan50)
2024_10_20_T21:23:48 -  Pushed house into housesBuiltPerRegion (location,size) = (Mafra, More)
2024_10_20_T21:23:48 -  Pushed house into housesBuiltPerRegion (location,size) = (Mafra, More)
2024_10_20_T21:23:48 -  Pushed house into housesBuiltPerRegion (location,size) = (Mafra, LessThan75)
2024_10_20_T21:23:48 -  Pushed house into housesBuiltPerRegion (location,size) = (Odivelas, LessThan50)
2024_10_20_T21:23:48 -  Pushed house into housesBuiltPerRegion (location,size) = (Odivelas, LessThan75)
2024_10_20_T21:23:48 -  Pushed house into housesBuiltPerRegion (location,size) = (Odivelas, LessThan75)
2024_10_20_T21:23:48 -  Pushed house into housesBuiltPerRegion (location,size) = (Odivelas, LessThan75)
2024_10_20_T21:23:48 -  Pushed house into housesBuiltPerRegion (location,size) = (Oeiras, LessThan75)
2024_10_20_T21:23:48 -  Pushed house into housesBuiltPerRegion (location,size) = (Oeiras, More)
2024_10_20_T21:23:48 -  Pushed house into housesBuiltPerRegion (location,size) = (Oeiras, LessThan125)
2024_10_20_T21:23:48 -  Pushed house into housesBuiltPerRegion (location,size) = (Sintra, LessThan75)
2024_10_20_T21:23:48 -  Pushed house into housesBuiltPerRegion (location,size) = (Sintra, LessThan75)
2024_10_20_T21:23:48 -  Pushed house into housesBuiltPerRegion (location,size) = (Sintra, LessThan75)
2024_10_20_T21:23:48 -  Pushed house into housesBuiltPerRegion (location,size) = (Sintra, LessThan125)
2024_10_20_T21:23:48 -  Pushed house into housesBuiltPerRegion (location,size) = (Sintra, LessThan125)
2024_10_20_T21:23:48 -  Pushed house into housesBuiltPerRegion (location,size) = (VilaFrancaDeXira, LessThan50)
2024_10_20_T21:23:48 -  Pushed house into housesBuiltPerRegion (location,size) = (VilaFrancaDeXira, LessThan125)
2024_10_20_T21:23:48 -  Pushed house into housesBuiltPerRegion (location,size) = (Alcochete, LessThan125)
2024_10_20_T21:23:48 -  Pushed house into housesBuiltPerRegion (location,size) = (Alcochete, LessThan75)
2024_10_20_T21:23:48 -  Pushed house into housesBuiltPerRegion (location,size) = (Almada, LessThan125)
2024_10_20_T21:23:48 -  Pushed house into housesBuiltPerRegion (location,size) = (Almada, LessThan125)
2024_10_20_T21:23:48 -  Pushed house into housesBuiltPerRegion (location,size) = (Almada, LessThan50)
2024_10_20_T21:23:48 -  Pushed house into housesBuiltPerRegion (location,size) = (Almada, More)
2024_10_20_T21:23:48 -  Pushed house into housesBuiltPerRegion (location,size) = (Almada, More)
2024_10_20_T21:23:48 -  Pushed house into housesBuiltPerRegion (location,size) = (Almada, LessThan75)
2024_10_20_T21:23:48 -  Pushed house into housesBuiltPerRegion (location,size) = (Almada, LessThan75)
2024_10_20_T21:23:48 -  Pushed house into housesBuiltPerRegion (location,size) = (Barreiro, More)
2024_10_20_T21:23:48 -  Pushed house into housesBuiltPerRegion (location,size) = (Moita, LessThan50)
2024_10_20_T21:23:48 -  Pushed house into housesBuiltPerRegion (location,size) = (Moita, LessThan75)
2024_10_20_T21:23:48 -  Pushed house into housesBuiltPerRegion (location,size) = (Montijo, More)
2024_10_20_T21:23:48 -  Pushed house into housesBuiltPerRegion (location,size) = (Palmela, More)
2024_10_20_T21:23:48 -  Pushed house into housesBuiltPerRegion (location,size) = (Palmela, LessThan125)
2024_10_20_T21:23:48 -  Pushed house into housesBuiltPerRegion (location,size) = (Palmela, LessThan50)
2024_10_20_T21:23:48 -  Pushed house into housesBuiltPerRegion (location,size) = (Palmela, LessThan50)
2024_10_20_T21:23:48 -  Pushed house into housesBuiltPerRegion (location,size) = (Palmela, LessThan75)
2024_10_20_T21:23:48 -  Pushed house into housesBuiltPerRegion (location,size) = (Seixal, More)
2024_10_20_T21:23:48 -  Pushed house into housesBuiltPerRegion (location,size) = (Seixal, More)
2024_10_20_T21:23:48 -  Pushed house into housesBuiltPerRegion (location,size) = (Seixal, More)
2024_10_20_T21:23:48 -  Pushed house into housesBuiltPerRegion (location,size) = (Seixal, More)
2024_10_20_T21:23:48 -  Pushed house into housesBuiltPerRegion (location,size) = (Seixal, More)
2024_10_20_T21:23:48 -  Pushed house into housesBuiltPerRegion (location,size) = (Seixal, LessThan75)
2024_10_20_T21:23:48 -  Pushed house into housesBuiltPerRegion (location,size) = (Seixal, LessThan75)
2024_10_20_T21:23:48 -  Pushed house into housesBuiltPerRegion (location,size) = (Seixal, LessThan125)
2024_10_20_T21:23:48 -  Pushed house into housesBuiltPerRegion (location,size) = (Seixal, LessThan125)
2024_10_20_T21:23:48 -  Pushed house into housesBuiltPerRegion (location,size) = (Seixal, LessThan125)
2024_10_20_T21:23:48 -  Pushed house into housesBuiltPerRegion (location,size) = (Seixal, LessThan125)
2024_10_20_T21:23:48 -  Pushed house into housesBuiltPerRegion (location,size) = (Seixal, LessThan50)
2024_10_20_T21:23:48 -  Pushed house into housesBuiltPerRegion (location,size) = (Sesimbra, More)
2024_10_20_T21:23:48 -  Pushed house into housesBuiltPerRegion (location,size) = (Setubal, LessThan75)
2024_10_20_T21:23:48 -  Pushed house into housesBuiltPerRegion (location,size) = (Setubal, LessThan50)
2024_10_20_T21:23:48 -  So far maxMortgageValue has spent 31.380082607269287 seconds
2024_10_20_T21:23:48 -  Model step took 218.95947694778442 seconds
2024_10_20_T21:23:48 -  Metrics: sum_wealth took 0.0005900859832763672
2024_10_20_T21:23:48 -  Metrics: wealth_distribution took 0.007085084915161133
2024_10_20_T21:23:48 -  Metrics: money_distribution took 0.0075969696044921875
2024_10_20_T21:23:48 -  Metrics: size_distribution took 0.006505012512207031
2024_10_20_T21:23:48 -  Metrics: age_distribution took 0.006700038909912109
2024_10_20_T21:24:09 -  Model step started
2024_10_20_T21:24:09 -  clearHangingSupplies started
2024_10_20_T21:24:09 -  clearHangingSupplies took 0.01053309440612793
2024_10_20_T21:24:09 -  clearHangingRentalSupplies started
2024_10_20_T21:24:09 -  clearHangingRentalSupplies took 1.4066696166992188e-5
2024_10_20_T21:24:09 -  clearHouseMarket started
