2024_09_26_T19:36:18 -  finished initateHouses in 0.7409200668334961 seconds
2024_09_26_T19:36:19 -  finished initiateHouseholds in 0.9646060466766357 seconds
2024_09_26_T19:36:19 -  finished assignHousesToHouseholds in 1.1631309986114502 seconds
2024_09_26_T19:36:28 -  Model step started
2024_09_26_T19:36:29 -  Model step took 0.8606760501861572 seconds
2024_09_26_T19:36:31 -  Model step started
2024_09_26_T19:36:31 -  Model step took 0.11076903343200684 seconds
2024_09_26_T19:36:33 -  Model step started
2024_09_26_T19:36:33 -  Model step took 0.1188809871673584 seconds
2024_09_26_T19:36:35 -  Model step started
2024_09_26_T19:36:35 -  Model step took 0.14072012901306152 seconds
2024_09_26_T19:36:37 -  Model step started
2024_09_26_T19:36:37 -  Model step took 0.08688187599182129 seconds
2024_09_26_T19:36:39 -  Model step started
2024_09_26_T19:36:39 -  Model step took 0.09189295768737793 seconds
2024_09_26_T19:36:41 -  Model step started
2024_09_26_T19:36:41 -  Model step took 0.06421303749084473 seconds
2024_09_26_T19:36:43 -  Model step started
2024_09_26_T19:36:43 -  Model step took 0.06512308120727539 seconds
2024_09_26_T19:36:46 -  Model step started
2024_09_26_T19:36:46 -  Model step took 0.06696009635925293 seconds
2024_09_26_T19:36:48 -  Model step started
2024_09_26_T19:36:48 -  Model step took 0.05944490432739258 seconds
2024_09_26_T19:36:50 -  Model step started
2024_09_26_T19:36:50 -  Model step took 0.05588412284851074 seconds
2024_09_26_T19:36:52 -  Model step started
2024_09_26_T19:36:52 -  Model step took 0.058155059814453125 seconds
2024_09_26_T19:36:54 -  Model step started
2024_09_26_T19:36:54 -  Model step took 0.07008194923400879 seconds
2024_09_26_T19:36:56 -  Model step started
2024_09_26_T19:36:56 -  Model step took 0.0504918098449707 seconds
2024_09_26_T19:36:58 -  Model step started
2024_09_26_T19:36:58 -  Model step took 0.054347991943359375 seconds
2024_09_26_T19:37:01 -  Model step started
2024_09_26_T19:37:01 -  Model step took 0.05066418647766113 seconds
2024_09_26_T19:37:03 -  Model step started
2024_09_26_T19:37:03 -  Model step took 0.05585598945617676 seconds
2024_09_26_T19:37:05 -  Model step started
2024_09_26_T19:37:05 -  Model step took 0.05617499351501465 seconds
2024_09_26_T19:37:07 -  Model step started
2024_09_26_T19:37:07 -  Model step took 0.059316158294677734 seconds
2024_09_26_T19:37:09 -  Model step started
2024_09_26_T19:37:09 -  Model step took 0.12274909019470215 seconds
2024_09_26_T19:37:12 -  Model step started
2024_09_26_T19:37:12 -  Model step took 0.04997611045837402 seconds
2024_09_26_T19:37:14 -  Model step started
2024_09_26_T19:37:14 -  Model step took 0.05692791938781738 seconds
2024_09_26_T19:37:16 -  Model step started
2024_09_26_T19:37:16 -  Model step took 0.04739999771118164 seconds
2024_09_26_T19:37:18 -  Model step started
2024_09_26_T19:37:18 -  Model step took 0.048580169677734375 seconds
