2024_09_17_T21:26:37 -  finished initateHouses in 0.6015450954437256 seconds
2024_09_17_T21:26:38 -  finished initiateHouseholds in 0.87825608253479 seconds
2024_09_17_T21:26:38 -  finished assignHousesToHouseholds in 1.0533900260925293 seconds
2024_09_17_T21:26:47 -  Model step started
2024_09_17_T21:26:48 -  Model step took 0.9094657897949219 seconds
2024_09_17_T21:26:50 -  Model step started
2024_09_17_T21:26:50 -  Model step took 0.0505828857421875 seconds
2024_09_17_T21:26:52 -  Model step started
2024_09_17_T21:26:52 -  Model step took 0.011986017227172852 seconds
2024_09_17_T21:26:54 -  Model step started
2024_09_17_T21:26:54 -  Model step took 0.008466005325317383 seconds
2024_09_17_T21:26:56 -  Model step started
2024_09_17_T21:26:56 -  Model step took 0.007709980010986328 seconds
2024_09_17_T21:26:58 -  Model step started
2024_09_17_T21:26:58 -  Model step took 0.007314920425415039 seconds
2024_09_17_T21:27:00 -  Model step started
2024_09_17_T21:27:00 -  Model step took 0.007888078689575195 seconds
2024_09_17_T21:27:02 -  Model step started
2024_09_17_T21:27:02 -  Model step took 0.008066892623901367 seconds
2024_09_17_T21:27:04 -  Model step started
2024_09_17_T21:27:04 -  Model step took 0.009335041046142578 seconds
2024_09_17_T21:27:06 -  Model step started
2024_09_17_T21:27:06 -  Model step took 0.00774693489074707 seconds
2024_09_17_T21:27:08 -  Model step started
2024_09_17_T21:27:08 -  Model step took 0.006286144256591797 seconds
2024_09_17_T21:27:10 -  Model step started
2024_09_17_T21:27:10 -  Model step took 0.007920026779174805 seconds
2024_09_17_T21:27:12 -  Model step started
2024_09_17_T21:27:12 -  Model step took 0.0057430267333984375 seconds
2024_09_17_T21:27:14 -  Model step started
2024_09_17_T21:27:14 -  Model step took 0.0060329437255859375 seconds
2024_09_17_T21:27:16 -  Model step started
2024_09_17_T21:27:16 -  Model step took 0.006579160690307617 seconds
