2024_09_29_T00:00:57 -  finished initateHouses in 0.7623770236968994 seconds
2024_09_29_T00:00:58 -  finished initiateHouseholds in 1.0294790267944336 seconds
2024_09_29_T00:00:58 -  finished assignHousesToHouseholds in 1.3521759510040283 seconds
2024_09_29_T00:01:08 -  Model step started
2024_09_29_T00:01:09 -  Model step took 0.9535679817199707 seconds
2024_09_29_T00:01:11 -  Model step started
2024_09_29_T00:01:11 -  Model step took 0.10326600074768066 seconds
2024_09_29_T00:01:13 -  Model step started
2024_09_29_T00:01:13 -  Model step took 0.1541759967803955 seconds
2024_09_29_T00:01:16 -  Model step started
2024_09_29_T00:01:16 -  Model step took 0.17332720756530762 seconds
2024_09_29_T00:01:18 -  Model step started
2024_09_29_T00:01:18 -  Model step took 0.09155416488647461 seconds
2024_09_29_T00:01:20 -  Model step started
2024_09_29_T00:01:20 -  Model step took 0.08890581130981445 seconds
2024_09_29_T00:01:22 -  Model step started
2024_09_29_T00:01:22 -  Model step took 0.08136987686157227 seconds
2024_09_29_T00:01:25 -  Model step started
2024_09_29_T00:01:25 -  Model step took 0.06852316856384277 seconds
2024_09_29_T00:01:27 -  Model step started
2024_09_29_T00:01:27 -  Model step took 0.0740208625793457 seconds
2024_09_29_T00:01:29 -  Model step started
2024_09_29_T00:01:29 -  Model step took 0.06031990051269531 seconds
2024_09_29_T00:01:31 -  Model step started
2024_09_29_T00:01:32 -  Model step took 0.0495908260345459 seconds
2024_09_29_T00:01:34 -  Model step started
2024_09_29_T00:01:34 -  Model step took 0.04940509796142578 seconds
2024_09_29_T00:01:36 -  Model step started
2024_09_29_T00:01:36 -  Model step took 0.05038905143737793 seconds
2024_09_29_T00:01:38 -  Model step started
2024_09_29_T00:01:38 -  Model step took 0.04713606834411621 seconds
2024_09_29_T00:01:40 -  Model step started
2024_09_29_T00:01:40 -  Model step took 0.04443502426147461 seconds
2024_09_29_T00:01:43 -  Model step started
2024_09_29_T00:01:43 -  Model step took 0.05010700225830078 seconds
2024_09_29_T00:01:47 -  Model step started
2024_09_29_T00:01:47 -  Model step took 0.0742189884185791 seconds
2024_09_29_T00:01:50 -  Model step started
2024_09_29_T00:01:50 -  Model step took 0.08931899070739746 seconds
2024_09_29_T00:01:54 -  Model step started
2024_09_29_T00:01:54 -  Model step took 0.061528921127319336 seconds
2024_09_29_T00:01:56 -  Model step started
2024_09_29_T00:01:57 -  Model step took 0.08386802673339844 seconds
2024_09_29_T00:02:04 -  Model step started
2024_09_29_T00:02:04 -  Model step took 0.09193205833435059 seconds
2024_09_29_T00:02:15 -  Model step started
2024_09_29_T00:02:15 -  Model step took 0.12787795066833496 seconds
2024_09_29_T00:02:22 -  Model step started
2024_09_29_T00:02:22 -  Model step took 0.04304790496826172 seconds
2024_09_29_T00:02:25 -  Model step started
2024_09_29_T00:02:25 -  Model step took 0.05250287055969238 seconds
