2024_10_03_T10:35:05 -  finished initateHouses in 0.632969856262207 seconds
2024_10_03_T10:35:05 -  finished initiateHouseholds in 0.902275800704956 seconds
2024_10_03_T10:35:05 -  finished assignHousesToHouseholds in 1.0805108547210693 seconds
2024_10_03_T10:35:14 -  Model step started
2024_10_03_T10:35:14 -  clearHangingSupplies started
2024_10_03_T10:35:14 -  clearHangingSupplies took 0.00590205192565918
2024_10_03_T10:35:14 -  clearHangingRentalSupplies started
2024_10_03_T10:35:14 -  clearHangingRentalSupplies took 0.012032032012939453
2024_10_03_T10:35:14 -  clearHouseMarket started
2024_10_03_T10:35:14 -  clearHouseMarket - first block took 0.26286983489990234
2024_10_03_T10:35:14 -  clearHouseMarket - second block took 0.22459983825683594
2024_10_03_T10:35:14 -  clearHouseMarket - third block took 0.015022993087768555
2024_10_03_T10:35:14 -  clearRentalMarket started
2024_10_03_T10:35:14 -  clearRentalMarket - first block took 0.1563420295715332
2024_10_03_T10:35:14 -  clearRentalMarket - second block took 0.03218483924865723
2024_10_03_T10:35:14 -  Model step took 0.8926010131835938 seconds
2024_10_03_T10:35:16 -  Model step started
2024_10_03_T10:35:16 -  clearHangingSupplies started
2024_10_03_T10:35:16 -  clearHangingSupplies took 0.00016188621520996094
2024_10_03_T10:35:16 -  clearHangingRentalSupplies started
2024_10_03_T10:35:16 -  clearHangingRentalSupplies took 2.4080276489257812e-5
2024_10_03_T10:35:16 -  clearHouseMarket started
2024_10_03_T10:35:16 -  clearHouseMarket - first block took 0.11370992660522461
2024_10_03_T10:35:16 -  clearHouseMarket - second block took 0.00362396240234375
2024_10_03_T10:35:16 -  clearHouseMarket - third block took 0.00021505355834960938
2024_10_03_T10:35:16 -  clearRentalMarket started
2024_10_03_T10:35:16 -  clearRentalMarket - first block took 0.013760089874267578
2024_10_03_T10:35:16 -  clearRentalMarket - second block took 0.00022792816162109375
2024_10_03_T10:35:16 -  Model step took 0.14023303985595703 seconds
2024_10_03_T10:35:18 -  Model step started
2024_10_03_T10:35:18 -  clearHangingSupplies started
2024_10_03_T10:35:18 -  clearHangingSupplies took 0.0001251697540283203
2024_10_03_T10:35:18 -  clearHangingRentalSupplies started
2024_10_03_T10:35:18 -  clearHangingRentalSupplies took 2.9087066650390625e-5
2024_10_03_T10:35:18 -  clearHouseMarket started
2024_10_03_T10:35:18 -  clearHouseMarket - first block took 0.12677502632141113
2024_10_03_T10:35:18 -  clearHouseMarket - second block took 0.003531932830810547
2024_10_03_T10:35:18 -  clearHouseMarket - third block took 0.0001800060272216797
2024_10_03_T10:35:18 -  clearRentalMarket started
2024_10_03_T10:35:18 -  clearRentalMarket - first block took 0.007505893707275391
2024_10_03_T10:35:18 -  clearRentalMarket - second block took 0.00024509429931640625
2024_10_03_T10:35:18 -  Model step took 0.15946197509765625 seconds
2024_10_03_T10:35:20 -  Model step started
2024_10_03_T10:35:20 -  clearHangingSupplies started
2024_10_03_T10:35:20 -  clearHangingSupplies took 0.011317968368530273
2024_10_03_T10:35:20 -  clearHangingRentalSupplies started
2024_10_03_T10:35:20 -  clearHangingRentalSupplies took 5.0067901611328125e-5
2024_10_03_T10:35:20 -  clearHouseMarket started
2024_10_03_T10:35:20 -  clearHouseMarket - first block took 0.09321403503417969
2024_10_03_T10:35:20 -  clearHouseMarket - second block took 0.004213094711303711
2024_10_03_T10:35:20 -  clearHouseMarket - third block took 0.00025391578674316406
2024_10_03_T10:35:20 -  clearRentalMarket started
2024_10_03_T10:35:20 -  clearRentalMarket - first block took 0.008268117904663086
2024_10_03_T10:35:20 -  clearRentalMarket - second block took 0.0001499652862548828
2024_10_03_T10:35:20 -  Model step took 0.12585020065307617 seconds
2024_10_03_T10:35:22 -  Model step started
2024_10_03_T10:35:22 -  clearHangingSupplies started
2024_10_03_T10:35:22 -  clearHangingSupplies took 0.000102996826171875
2024_10_03_T10:35:22 -  clearHangingRentalSupplies started
2024_10_03_T10:35:22 -  clearHangingRentalSupplies took 3.1948089599609375e-5
2024_10_03_T10:35:22 -  clearHouseMarket started
2024_10_03_T10:35:22 -  clearHouseMarket - first block took 0.08562302589416504
2024_10_03_T10:35:22 -  clearHouseMarket - second block took 0.003256082534790039
2024_10_03_T10:35:22 -  clearHouseMarket - third block took 0.0002148151397705078
2024_10_03_T10:35:22 -  clearRentalMarket started
2024_10_03_T10:35:22 -  clearRentalMarket - first block took 0.011886119842529297
2024_10_03_T10:35:22 -  clearRentalMarket - second block took 0.00023984909057617188
2024_10_03_T10:35:22 -  Model step took 0.11121392250061035 seconds
2024_10_03_T10:35:23 -  Model step started
2024_10_03_T10:35:23 -  clearHangingSupplies started
2024_10_03_T10:35:23 -  clearHangingSupplies took 0.0002110004425048828
2024_10_03_T10:35:23 -  clearHangingRentalSupplies started
2024_10_03_T10:35:23 -  clearHangingRentalSupplies took 3.0994415283203125e-5
2024_10_03_T10:35:23 -  clearHouseMarket started
2024_10_03_T10:35:23 -  clearHouseMarket - first block took 0.05920577049255371
2024_10_03_T10:35:23 -  clearHouseMarket - second block took 0.0038909912109375
2024_10_03_T10:35:23 -  clearHouseMarket - third block took 0.00019097328186035156
2024_10_03_T10:35:23 -  clearRentalMarket started
2024_10_03_T10:35:23 -  clearRentalMarket - first block took 0.005074977874755859
2024_10_03_T10:35:23 -  clearRentalMarket - second block took 8.392333984375e-5
2024_10_03_T10:35:23 -  Model step took 0.0769350528717041 seconds
2024_10_03_T10:35:25 -  Model step started
2024_10_03_T10:35:25 -  clearHangingSupplies started
2024_10_03_T10:35:25 -  clearHangingSupplies took 0.0001990795135498047
2024_10_03_T10:35:25 -  clearHangingRentalSupplies started
2024_10_03_T10:35:25 -  clearHangingRentalSupplies took 3.314018249511719e-5
2024_10_03_T10:35:25 -  clearHouseMarket started
2024_10_03_T10:35:25 -  clearHouseMarket - first block took 0.055487871170043945
2024_10_03_T10:35:25 -  clearHouseMarket - second block took 0.002682924270629883
2024_10_03_T10:35:25 -  clearHouseMarket - third block took 0.00019121170043945312
2024_10_03_T10:35:25 -  clearRentalMarket started
2024_10_03_T10:35:25 -  clearRentalMarket - first block took 0.005558013916015625
2024_10_03_T10:35:25 -  clearRentalMarket - second block took 7.390975952148438e-5
2024_10_03_T10:35:25 -  Model step took 0.07823896408081055 seconds
2024_10_03_T10:35:27 -  Model step started
2024_10_03_T10:35:27 -  clearHangingSupplies started
2024_10_03_T10:35:27 -  clearHangingSupplies took 6.198883056640625e-5
2024_10_03_T10:35:27 -  clearHangingRentalSupplies started
2024_10_03_T10:35:27 -  clearHangingRentalSupplies took 4.887580871582031e-5
2024_10_03_T10:35:27 -  clearHouseMarket started
2024_10_03_T10:35:27 -  clearHouseMarket - first block took 0.06280994415283203
2024_10_03_T10:35:27 -  clearHouseMarket - second block took 0.0017709732055664062
2024_10_03_T10:35:27 -  clearHouseMarket - third block took 0.0001590251922607422
2024_10_03_T10:35:27 -  clearRentalMarket started
2024_10_03_T10:35:27 -  clearRentalMarket - first block took 0.007983922958374023
2024_10_03_T10:35:27 -  clearRentalMarket - second block took 0.00029397010803222656
2024_10_03_T10:35:27 -  Model step took 0.08337688446044922 seconds
2024_10_03_T10:35:29 -  Model step started
2024_10_03_T10:35:29 -  clearHangingSupplies started
2024_10_03_T10:35:29 -  clearHangingSupplies took 7.605552673339844e-5
2024_10_03_T10:35:29 -  clearHangingRentalSupplies started
2024_10_03_T10:35:29 -  clearHangingRentalSupplies took 0.00013399124145507812
2024_10_03_T10:35:29 -  clearHouseMarket started
2024_10_03_T10:35:29 -  clearHouseMarket - first block took 0.044014930725097656
2024_10_03_T10:35:29 -  clearHouseMarket - second block took 0.0004200935363769531
2024_10_03_T10:35:29 -  clearHouseMarket - third block took 0.0001850128173828125
2024_10_03_T10:35:29 -  clearRentalMarket started
2024_10_03_T10:35:29 -  clearRentalMarket - first block took 0.008023977279663086
2024_10_03_T10:35:29 -  clearRentalMarket - second block took 0.0001468658447265625
2024_10_03_T10:35:29 -  Model step took 0.06257510185241699 seconds
2024_10_03_T10:35:30 -  Model step started
2024_10_03_T10:35:30 -  clearHangingSupplies started
2024_10_03_T10:35:30 -  clearHangingSupplies took 0.00010919570922851562
2024_10_03_T10:35:30 -  clearHangingRentalSupplies started
2024_10_03_T10:35:30 -  clearHangingRentalSupplies took 5.698204040527344e-5
2024_10_03_T10:35:30 -  clearHouseMarket started
2024_10_03_T10:35:30 -  clearHouseMarket - first block took 0.04141497611999512
2024_10_03_T10:35:30 -  clearHouseMarket - second block took 0.00234222412109375
2024_10_03_T10:35:30 -  clearHouseMarket - third block took 0.0002658367156982422
2024_10_03_T10:35:30 -  clearRentalMarket started
2024_10_03_T10:35:30 -  clearRentalMarket - first block took 0.007637977600097656
2024_10_03_T10:35:30 -  clearRentalMarket - second block took 0.0001239776611328125
2024_10_03_T10:35:30 -  Model step took 0.060517072677612305 seconds
2024_10_03_T10:35:32 -  Model step started
2024_10_03_T10:35:32 -  clearHangingSupplies started
2024_10_03_T10:35:32 -  clearHangingSupplies took 4.601478576660156e-5
2024_10_03_T10:35:32 -  clearHangingRentalSupplies started
2024_10_03_T10:35:32 -  clearHangingRentalSupplies took 6.198883056640625e-5
2024_10_03_T10:35:32 -  clearHouseMarket started
2024_10_03_T10:35:32 -  clearHouseMarket - first block took 0.03857111930847168
2024_10_03_T10:35:32 -  clearHouseMarket - second block took 0.0022118091583251953
2024_10_03_T10:35:32 -  clearHouseMarket - third block took 0.0002582073211669922
2024_10_03_T10:35:32 -  clearRentalMarket started
2024_10_03_T10:35:32 -  clearRentalMarket - first block took 0.014410972595214844
2024_10_03_T10:35:32 -  clearRentalMarket - second block took 0.00032401084899902344
2024_10_03_T10:35:32 -  Model step took 0.06518912315368652 seconds
2024_10_03_T10:35:34 -  Model step started
2024_10_03_T10:35:34 -  clearHangingSupplies started
2024_10_03_T10:35:34 -  clearHangingSupplies took 9.012222290039062e-5
2024_10_03_T10:35:34 -  clearHangingRentalSupplies started
2024_10_03_T10:35:34 -  clearHangingRentalSupplies took 9.298324584960938e-5
2024_10_03_T10:35:34 -  clearHouseMarket started
2024_10_03_T10:35:34 -  clearHouseMarket - first block took 0.038702964782714844
2024_10_03_T10:35:34 -  clearHouseMarket - second block took 0.0007500648498535156
2024_10_03_T10:35:34 -  clearHouseMarket - third block took 0.00014901161193847656
2024_10_03_T10:35:34 -  clearRentalMarket started
2024_10_03_T10:35:34 -  clearRentalMarket - first block took 0.009519100189208984
2024_10_03_T10:35:34 -  clearRentalMarket - second block took 0.00011587142944335938
2024_10_03_T10:35:34 -  Model step took 0.0591740608215332 seconds
2024_10_03_T10:35:36 -  Model step started
2024_10_03_T10:35:36 -  clearHangingSupplies started
2024_10_03_T10:35:36 -  clearHangingSupplies took 4.696846008300781e-5
2024_10_03_T10:35:36 -  clearHangingRentalSupplies started
2024_10_03_T10:35:36 -  clearHangingRentalSupplies took 9.107589721679688e-5
2024_10_03_T10:35:36 -  clearHouseMarket started
2024_10_03_T10:35:36 -  clearHouseMarket - first block took 0.0365900993347168
2024_10_03_T10:35:36 -  clearHouseMarket - second block took 0.0012309551239013672
2024_10_03_T10:35:36 -  clearHouseMarket - third block took 0.0002079010009765625
2024_10_03_T10:35:36 -  clearRentalMarket started
2024_10_03_T10:35:36 -  clearRentalMarket - first block took 0.010452032089233398
2024_10_03_T10:35:36 -  clearRentalMarket - second block took 0.00011420249938964844
2024_10_03_T10:35:36 -  Model step took 0.057537078857421875 seconds
2024_10_03_T10:35:37 -  Model step started
2024_10_03_T10:35:38 -  clearHangingSupplies started
2024_10_03_T10:35:38 -  clearHangingSupplies took 0.0001380443572998047
2024_10_03_T10:35:38 -  clearHangingRentalSupplies started
2024_10_03_T10:35:38 -  clearHangingRentalSupplies took 0.0001010894775390625
2024_10_03_T10:35:38 -  clearHouseMarket started
2024_10_03_T10:35:38 -  clearHouseMarket - first block took 0.033892154693603516
2024_10_03_T10:35:38 -  clearHouseMarket - second block took 0.0009319782257080078
2024_10_03_T10:35:38 -  clearHouseMarket - third block took 0.0001780986785888672
2024_10_03_T10:35:38 -  clearRentalMarket started
2024_10_03_T10:35:38 -  clearRentalMarket - first block took 0.011247873306274414
2024_10_03_T10:35:38 -  clearRentalMarket - second block took 0.00015497207641601562
2024_10_03_T10:35:38 -  Model step took 0.06062579154968262 seconds
2024_10_03_T10:35:39 -  Model step started
2024_10_03_T10:35:39 -  clearHangingSupplies started
2024_10_03_T10:35:39 -  clearHangingSupplies took 5.793571472167969e-5
2024_10_03_T10:35:39 -  clearHangingRentalSupplies started
2024_10_03_T10:35:39 -  clearHangingRentalSupplies took 0.00013113021850585938
2024_10_03_T10:35:39 -  clearHouseMarket started
2024_10_03_T10:35:39 -  clearHouseMarket - first block took 0.03849005699157715
2024_10_03_T10:35:39 -  clearHouseMarket - second block took 0.0007941722869873047
2024_10_03_T10:35:39 -  clearHouseMarket - third block took 0.00015115737915039062
2024_10_03_T10:35:39 -  clearRentalMarket started
2024_10_03_T10:35:39 -  clearRentalMarket - first block took 0.012405872344970703
2024_10_03_T10:35:39 -  clearRentalMarket - second block took 0.00018978118896484375
2024_10_03_T10:35:39 -  Model step took 0.06129002571105957 seconds
2024_10_03_T10:35:41 -  Model step started
2024_10_03_T10:35:41 -  clearHangingSupplies started
2024_10_03_T10:35:41 -  clearHangingSupplies took 6.4849853515625e-5
2024_10_03_T10:35:41 -  clearHangingRentalSupplies started
2024_10_03_T10:35:41 -  clearHangingRentalSupplies took 0.00013184547424316406
2024_10_03_T10:35:41 -  clearHouseMarket started
2024_10_03_T10:35:41 -  clearHouseMarket - first block took 0.036631107330322266
2024_10_03_T10:35:41 -  clearHouseMarket - second block took 0.0007379055023193359
2024_10_03_T10:35:41 -  clearHouseMarket - third block took 0.00015401840209960938
2024_10_03_T10:35:41 -  clearRentalMarket started
2024_10_03_T10:35:41 -  clearRentalMarket - first block took 0.014365911483764648
2024_10_03_T10:35:41 -  clearRentalMarket - second block took 0.0001938343048095703
2024_10_03_T10:35:41 -  Model step took 0.06123018264770508 seconds
2024_10_03_T10:35:43 -  Model step started
2024_10_03_T10:35:43 -  clearHangingSupplies started
2024_10_03_T10:35:43 -  clearHangingSupplies took 9.298324584960938e-5
2024_10_03_T10:35:43 -  clearHangingRentalSupplies started
2024_10_03_T10:35:43 -  clearHangingRentalSupplies took 0.0001308917999267578
2024_10_03_T10:35:43 -  clearHouseMarket started
2024_10_03_T10:35:43 -  clearHouseMarket - first block took 0.031709909439086914
2024_10_03_T10:35:43 -  clearHouseMarket - second block took 0.0018830299377441406
2024_10_03_T10:35:43 -  clearHouseMarket - third block took 0.00020813941955566406
2024_10_03_T10:35:43 -  clearRentalMarket started
2024_10_03_T10:35:43 -  clearRentalMarket - first block took 0.021942853927612305
2024_10_03_T10:35:43 -  clearRentalMarket - second block took 0.00022101402282714844
2024_10_03_T10:35:43 -  Model step took 0.06503605842590332 seconds
2024_10_03_T10:35:45 -  Model step started
2024_10_03_T10:35:45 -  clearHangingSupplies started
2024_10_03_T10:35:45 -  clearHangingSupplies took 4.38690185546875e-5
2024_10_03_T10:35:45 -  clearHangingRentalSupplies started
2024_10_03_T10:35:45 -  clearHangingRentalSupplies took 0.00013494491577148438
2024_10_03_T10:35:45 -  clearHouseMarket started
2024_10_03_T10:35:45 -  clearHouseMarket - first block took 0.03280806541442871
2024_10_03_T10:35:45 -  clearHouseMarket - second block took 0.0012240409851074219
2024_10_03_T10:35:45 -  clearHouseMarket - third block took 0.00030803680419921875
2024_10_03_T10:35:45 -  clearRentalMarket started
2024_10_03_T10:35:45 -  clearRentalMarket - first block took 0.015906095504760742
2024_10_03_T10:35:45 -  clearRentalMarket - second block took 0.00021600723266601562
2024_10_03_T10:35:45 -  Model step took 0.0593569278717041 seconds
2024_10_03_T10:35:47 -  Model step started
2024_10_03_T10:35:47 -  clearHangingSupplies started
2024_10_03_T10:35:47 -  clearHangingSupplies took 6.699562072753906e-5
2024_10_03_T10:35:47 -  clearHangingRentalSupplies started
2024_10_03_T10:35:47 -  clearHangingRentalSupplies took 0.00011801719665527344
2024_10_03_T10:35:47 -  clearHouseMarket started
2024_10_03_T10:35:47 -  clearHouseMarket - first block took 0.03729701042175293
2024_10_03_T10:35:47 -  clearHouseMarket - second block took 0.0003781318664550781
2024_10_03_T10:35:47 -  clearHouseMarket - third block took 0.00019288063049316406
2024_10_03_T10:35:47 -  clearRentalMarket started
2024_10_03_T10:35:47 -  clearRentalMarket - first block took 0.015876054763793945
2024_10_03_T10:35:47 -  clearRentalMarket - second block took 0.0002090930938720703
2024_10_03_T10:35:47 -  Model step took 0.0658259391784668 seconds
2024_10_03_T10:35:48 -  Model step started
2024_10_03_T10:35:48 -  clearHangingSupplies started
2024_10_03_T10:35:48 -  clearHangingSupplies took 3.814697265625e-5
2024_10_03_T10:35:48 -  clearHangingRentalSupplies started
2024_10_03_T10:35:48 -  clearHangingRentalSupplies took 0.000141143798828125
2024_10_03_T10:35:48 -  clearHouseMarket started
2024_10_03_T10:35:48 -  clearHouseMarket - first block took 0.030234813690185547
2024_10_03_T10:35:48 -  clearHouseMarket - second block took 0.0011551380157470703
2024_10_03_T10:35:48 -  clearHouseMarket - third block took 0.0003631114959716797
2024_10_03_T10:35:48 -  clearRentalMarket started
2024_10_03_T10:35:48 -  clearRentalMarket - first block took 0.019036054611206055
2024_10_03_T10:35:48 -  clearRentalMarket - second block took 0.0001678466796875
2024_10_03_T10:35:48 -  Model step took 0.060070037841796875 seconds
2024_10_03_T10:35:50 -  Model step started
2024_10_03_T10:35:50 -  clearHangingSupplies started
2024_10_03_T10:35:50 -  clearHangingSupplies took 3.600120544433594e-5
2024_10_03_T10:35:50 -  clearHangingRentalSupplies started
2024_10_03_T10:35:50 -  clearHangingRentalSupplies took 0.0001461505889892578
2024_10_03_T10:35:50 -  clearHouseMarket started
2024_10_03_T10:35:50 -  clearHouseMarket - first block took 0.029787063598632812
2024_10_03_T10:35:50 -  clearHouseMarket - second block took 0.0010380744934082031
2024_10_03_T10:35:50 -  clearHouseMarket - third block took 0.000164031982421875
2024_10_03_T10:35:50 -  clearRentalMarket started
2024_10_03_T10:35:50 -  clearRentalMarket - first block took 0.018139123916625977
2024_10_03_T10:35:50 -  clearRentalMarket - second block took 0.0002582073211669922
2024_10_03_T10:35:50 -  Model step took 0.05802202224731445 seconds
2024_10_03_T10:35:52 -  Model step started
2024_10_03_T10:35:52 -  clearHangingSupplies started
2024_10_03_T10:35:52 -  clearHangingSupplies took 3.695487976074219e-5
2024_10_03_T10:35:52 -  clearHangingRentalSupplies started
2024_10_03_T10:35:52 -  clearHangingRentalSupplies took 0.0001399517059326172
2024_10_03_T10:35:52 -  clearHouseMarket started
2024_10_03_T10:35:52 -  clearHouseMarket - first block took 0.02763509750366211
2024_10_03_T10:35:52 -  clearHouseMarket - second block took 0.0016379356384277344
2024_10_03_T10:35:52 -  clearHouseMarket - third block took 0.0002620220184326172
2024_10_03_T10:35:52 -  clearRentalMarket started
2024_10_03_T10:35:52 -  clearRentalMarket - first block took 0.01800680160522461
2024_10_03_T10:35:52 -  clearRentalMarket - second block took 0.000244140625
2024_10_03_T10:35:52 -  Model step took 0.06256985664367676 seconds
2024_10_03_T10:35:54 -  Model step started
2024_10_03_T10:35:54 -  clearHangingSupplies started
2024_10_03_T10:35:54 -  clearHangingSupplies took 5.3882598876953125e-5
2024_10_03_T10:35:54 -  clearHangingRentalSupplies started
2024_10_03_T10:35:54 -  clearHangingRentalSupplies took 0.00018787384033203125
2024_10_03_T10:35:54 -  clearHouseMarket started
2024_10_03_T10:35:54 -  clearHouseMarket - first block took 0.028911113739013672
2024_10_03_T10:35:54 -  clearHouseMarket - second block took 0.0005850791931152344
2024_10_03_T10:35:54 -  clearHouseMarket - third block took 0.00019693374633789062
2024_10_03_T10:35:54 -  clearRentalMarket started
2024_10_03_T10:35:54 -  clearRentalMarket - first block took 0.018862009048461914
2024_10_03_T10:35:54 -  clearRentalMarket - second block took 0.00023508071899414062
2024_10_03_T10:35:54 -  Model step took 0.05810284614562988 seconds
2024_10_03_T10:35:56 -  Model step started
2024_10_03_T10:35:56 -  clearHangingSupplies started
2024_10_03_T10:35:56 -  clearHangingSupplies took 3.3855438232421875e-5
2024_10_03_T10:35:56 -  clearHangingRentalSupplies started
2024_10_03_T10:35:56 -  clearHangingRentalSupplies took 0.0001709461212158203
2024_10_03_T10:35:56 -  clearHouseMarket started
2024_10_03_T10:35:56 -  clearHouseMarket - first block took 0.025096893310546875
2024_10_03_T10:35:56 -  clearHouseMarket - second block took 2.9087066650390625e-5
2024_10_03_T10:35:56 -  clearHouseMarket - third block took 0.00012302398681640625
2024_10_03_T10:35:56 -  clearRentalMarket started
2024_10_03_T10:35:56 -  clearRentalMarket - first block took 0.017822980880737305
2024_10_03_T10:35:56 -  clearRentalMarket - second block took 0.0002079010009765625
2024_10_03_T10:35:56 -  Model step took 0.05243515968322754 seconds
2024_10_03_T10:35:58 -  Model step started
2024_10_03_T10:35:58 -  clearHangingSupplies started
2024_10_03_T10:35:58 -  clearHangingSupplies took 3.0040740966796875e-5
2024_10_03_T10:35:58 -  clearHangingRentalSupplies started
2024_10_03_T10:35:58 -  clearHangingRentalSupplies took 0.00016307830810546875
2024_10_03_T10:35:58 -  clearHouseMarket started
2024_10_03_T10:35:58 -  clearHouseMarket - first block took 0.028445005416870117
2024_10_03_T10:35:58 -  clearHouseMarket - second block took 0.0011410713195800781
2024_10_03_T10:35:58 -  clearHouseMarket - third block took 0.0002319812774658203
2024_10_03_T10:35:58 -  clearRentalMarket started
2024_10_03_T10:35:58 -  clearRentalMarket - first block took 0.018478870391845703
2024_10_03_T10:35:58 -  clearRentalMarket - second block took 0.00015306472778320312
2024_10_03_T10:35:58 -  Model step took 0.05765509605407715 seconds
2024_10_03_T10:36:00 -  Model step started
2024_10_03_T10:36:00 -  clearHangingSupplies started
2024_10_03_T10:36:00 -  clearHangingSupplies took 4.506111145019531e-5
2024_10_03_T10:36:00 -  clearHangingRentalSupplies started
2024_10_03_T10:36:00 -  clearHangingRentalSupplies took 0.0001678466796875
2024_10_03_T10:36:00 -  clearHouseMarket started
2024_10_03_T10:36:00 -  clearHouseMarket - first block took 0.02444005012512207
2024_10_03_T10:36:00 -  clearHouseMarket - second block took 0.00048613548278808594
2024_10_03_T10:36:00 -  clearHouseMarket - third block took 0.0003120899200439453
2024_10_03_T10:36:00 -  clearRentalMarket started
2024_10_03_T10:36:00 -  clearRentalMarket - first block took 0.02319502830505371
2024_10_03_T10:36:00 -  clearRentalMarket - second block took 0.0002620220184326172
2024_10_03_T10:36:00 -  Model step took 0.058075904846191406 seconds
2024_10_03_T10:36:02 -  Model step started
2024_10_03_T10:36:02 -  clearHangingSupplies started
2024_10_03_T10:36:02 -  clearHangingSupplies took 2.8848648071289062e-5
2024_10_03_T10:36:02 -  clearHangingRentalSupplies started
2024_10_03_T10:36:02 -  clearHangingRentalSupplies took 0.0001690387725830078
2024_10_03_T10:36:02 -  clearHouseMarket started
2024_10_03_T10:36:02 -  clearHouseMarket - first block took 0.027085065841674805
2024_10_03_T10:36:02 -  clearHouseMarket - second block took 0.0017218589782714844
2024_10_03_T10:36:02 -  clearHouseMarket - third block took 0.00022101402282714844
2024_10_03_T10:36:02 -  clearRentalMarket started
2024_10_03_T10:36:02 -  clearRentalMarket - first block took 0.021436214447021484
2024_10_03_T10:36:02 -  clearRentalMarket - second block took 0.00027179718017578125
2024_10_03_T10:36:02 -  Model step took 0.05951404571533203 seconds
2024_10_03_T10:36:03 -  Model step started
2024_10_03_T10:36:03 -  clearHangingSupplies started
2024_10_03_T10:36:03 -  clearHangingSupplies took 4.8160552978515625e-5
2024_10_03_T10:36:03 -  clearHangingRentalSupplies started
2024_10_03_T10:36:03 -  clearHangingRentalSupplies took 0.0002529621124267578
2024_10_03_T10:36:03 -  clearHouseMarket started
2024_10_03_T10:36:03 -  clearHouseMarket - first block took 0.020971059799194336
2024_10_03_T10:36:03 -  clearHouseMarket - second block took 0.0003540515899658203
2024_10_03_T10:36:03 -  clearHouseMarket - third block took 0.00016808509826660156
2024_10_03_T10:36:03 -  clearRentalMarket started
2024_10_03_T10:36:04 -  clearRentalMarket - first block took 0.021588802337646484
2024_10_03_T10:36:04 -  clearRentalMarket - second block took 0.0002238750457763672
2024_10_03_T10:36:04 -  Model step took 0.05216097831726074 seconds
2024_10_03_T10:36:05 -  Model step started
2024_10_03_T10:36:05 -  clearHangingSupplies started
2024_10_03_T10:36:05 -  clearHangingSupplies took 4.00543212890625e-5
2024_10_03_T10:36:05 -  clearHangingRentalSupplies started
2024_10_03_T10:36:05 -  clearHangingRentalSupplies took 0.00018095970153808594
2024_10_03_T10:36:05 -  clearHouseMarket started
2024_10_03_T10:36:05 -  clearHouseMarket - first block took 0.02317500114440918
2024_10_03_T10:36:05 -  clearHouseMarket - second block took 0.0016469955444335938
2024_10_03_T10:36:05 -  clearHouseMarket - third block took 0.00023603439331054688
2024_10_03_T10:36:05 -  clearRentalMarket started
2024_10_03_T10:36:05 -  clearRentalMarket - first block took 0.021950960159301758
2024_10_03_T10:36:05 -  clearRentalMarket - second block took 0.0002040863037109375
2024_10_03_T10:36:05 -  Model step took 0.05619096755981445 seconds
2024_10_03_T10:36:07 -  Model step started
2024_10_03_T10:36:07 -  clearHangingSupplies started
2024_10_03_T10:36:07 -  clearHangingSupplies took 3.0994415283203125e-5
2024_10_03_T10:36:07 -  clearHangingRentalSupplies started
2024_10_03_T10:36:07 -  clearHangingRentalSupplies took 0.00016999244689941406
2024_10_03_T10:36:07 -  clearHouseMarket started
2024_10_03_T10:36:07 -  clearHouseMarket - first block took 0.017932891845703125
2024_10_03_T10:36:07 -  clearHouseMarket - second block took 0.0007488727569580078
2024_10_03_T10:36:07 -  clearHouseMarket - third block took 0.0001659393310546875
2024_10_03_T10:36:07 -  clearRentalMarket started
2024_10_03_T10:36:07 -  clearRentalMarket - first block took 0.027306079864501953
2024_10_03_T10:36:07 -  clearRentalMarket - second block took 0.0003459453582763672
2024_10_03_T10:36:07 -  Model step took 0.06508207321166992 seconds
2024_10_03_T10:36:09 -  Model step started
2024_10_03_T10:36:09 -  clearHangingSupplies started
2024_10_03_T10:36:09 -  clearHangingSupplies took 2.5987625122070312e-5
2024_10_03_T10:36:09 -  clearHangingRentalSupplies started
2024_10_03_T10:36:09 -  clearHangingRentalSupplies took 0.002192974090576172
2024_10_03_T10:36:09 -  clearHouseMarket started
2024_10_03_T10:36:09 -  clearHouseMarket - first block took 0.0169830322265625
2024_10_03_T10:36:09 -  clearHouseMarket - second block took 0.0008399486541748047
2024_10_03_T10:36:09 -  clearHouseMarket - third block took 0.00019311904907226562
2024_10_03_T10:36:09 -  clearRentalMarket started
2024_10_03_T10:36:09 -  clearRentalMarket - first block took 0.02428293228149414
2024_10_03_T10:36:09 -  clearRentalMarket - second block took 0.00030303001403808594
2024_10_03_T10:36:09 -  Model step took 0.05351901054382324 seconds
2024_10_03_T10:36:11 -  Model step started
2024_10_03_T10:36:11 -  clearHangingSupplies started
2024_10_03_T10:36:11 -  clearHangingSupplies took 2.193450927734375e-5
2024_10_03_T10:36:11 -  clearHangingRentalSupplies started
2024_10_03_T10:36:11 -  clearHangingRentalSupplies took 0.0002079010009765625
2024_10_03_T10:36:11 -  clearHouseMarket started
2024_10_03_T10:36:11 -  clearHouseMarket - first block took 0.015233993530273438
2024_10_03_T10:36:11 -  clearHouseMarket - second block took 0.0006899833679199219
2024_10_03_T10:36:11 -  clearHouseMarket - third block took 0.0002391338348388672
2024_10_03_T10:36:11 -  clearRentalMarket started
2024_10_03_T10:36:11 -  clearRentalMarket - first block took 0.024306058883666992
2024_10_03_T10:36:11 -  clearRentalMarket - second block took 0.00023102760314941406
2024_10_03_T10:36:11 -  Model step took 0.05527019500732422 seconds
2024_10_03_T10:36:13 -  Model step started
2024_10_03_T10:36:13 -  clearHangingSupplies started
2024_10_03_T10:36:13 -  clearHangingSupplies took 2.002716064453125e-5
2024_10_03_T10:36:13 -  clearHangingRentalSupplies started
2024_10_03_T10:36:13 -  clearHangingRentalSupplies took 0.00021600723266601562
2024_10_03_T10:36:13 -  clearHouseMarket started
2024_10_03_T10:36:13 -  clearHouseMarket - first block took 0.015512943267822266
2024_10_03_T10:36:13 -  clearHouseMarket - second block took 0.0006301403045654297
2024_10_03_T10:36:13 -  clearHouseMarket - third block took 0.0001850128173828125
2024_10_03_T10:36:13 -  clearRentalMarket started
2024_10_03_T10:36:13 -  clearRentalMarket - first block took 0.026361942291259766
2024_10_03_T10:36:13 -  clearRentalMarket - second block took 0.0002999305725097656
2024_10_03_T10:36:13 -  Model step took 0.051998138427734375 seconds
2024_10_03_T10:36:15 -  Model step started
2024_10_03_T10:36:15 -  clearHangingSupplies started
2024_10_03_T10:36:15 -  clearHangingSupplies took 2.002716064453125e-5
2024_10_03_T10:36:15 -  clearHangingRentalSupplies started
2024_10_03_T10:36:15 -  clearHangingRentalSupplies took 0.0002009868621826172
2024_10_03_T10:36:15 -  clearHouseMarket started
2024_10_03_T10:36:15 -  clearHouseMarket - first block took 0.01752018928527832
2024_10_03_T10:36:15 -  clearHouseMarket - second block took 0.0006830692291259766
2024_10_03_T10:36:15 -  clearHouseMarket - third block took 0.0001800060272216797
2024_10_03_T10:36:15 -  clearRentalMarket started
2024_10_03_T10:36:15 -  clearRentalMarket - first block took 0.03258395195007324
2024_10_03_T10:36:15 -  clearRentalMarket - second block took 0.0002841949462890625
2024_10_03_T10:36:15 -  Model step took 0.06021595001220703 seconds
2024_10_03_T10:36:17 -  Model step started
2024_10_03_T10:36:17 -  clearHangingSupplies started
2024_10_03_T10:36:17 -  clearHangingSupplies took 1.811981201171875e-5
2024_10_03_T10:36:17 -  clearHangingRentalSupplies started
2024_10_03_T10:36:17 -  clearHangingRentalSupplies took 0.0002040863037109375
2024_10_03_T10:36:17 -  clearHouseMarket started
2024_10_03_T10:36:17 -  clearHouseMarket - first block took 0.011381149291992188
2024_10_03_T10:36:17 -  clearHouseMarket - second block took 0.0010879039764404297
2024_10_03_T10:36:17 -  clearHouseMarket - third block took 0.00022602081298828125
2024_10_03_T10:36:17 -  clearRentalMarket started
2024_10_03_T10:36:17 -  clearRentalMarket - first block took 0.025803089141845703
2024_10_03_T10:36:17 -  clearRentalMarket - second block took 0.0001881122589111328
2024_10_03_T10:36:17 -  Model step took 0.04779815673828125 seconds
2024_10_03_T10:36:19 -  Model step started
2024_10_03_T10:36:19 -  clearHangingSupplies started
2024_10_03_T10:36:19 -  clearHangingSupplies took 2.193450927734375e-5
2024_10_03_T10:36:19 -  clearHangingRentalSupplies started
2024_10_03_T10:36:19 -  clearHangingRentalSupplies took 0.00022101402282714844
2024_10_03_T10:36:19 -  clearHouseMarket started
2024_10_03_T10:36:19 -  clearHouseMarket - first block took 0.009598970413208008
2024_10_03_T10:36:19 -  clearHouseMarket - second block took 0.0020389556884765625
2024_10_03_T10:36:19 -  clearHouseMarket - third block took 0.0003528594970703125
2024_10_03_T10:36:19 -  clearRentalMarket started
2024_10_03_T10:36:19 -  clearRentalMarket - first block took 0.03121185302734375
2024_10_03_T10:36:19 -  clearRentalMarket - second block took 0.00026416778564453125
2024_10_03_T10:36:19 -  Model step took 0.05309295654296875 seconds
2024_10_03_T10:36:21 -  Model step started
2024_10_03_T10:36:21 -  clearHangingSupplies started
2024_10_03_T10:36:21 -  clearHangingSupplies took 2.5033950805664062e-5
2024_10_03_T10:36:21 -  clearHangingRentalSupplies started
2024_10_03_T10:36:21 -  clearHangingRentalSupplies took 0.00022101402282714844
2024_10_03_T10:36:21 -  clearHouseMarket started
2024_10_03_T10:36:21 -  clearHouseMarket - first block took 0.007976055145263672
2024_10_03_T10:36:21 -  clearHouseMarket - second block took 0.00039005279541015625
2024_10_03_T10:36:21 -  clearHouseMarket - third block took 0.00022482872009277344
2024_10_03_T10:36:21 -  clearRentalMarket started
2024_10_03_T10:36:21 -  clearRentalMarket - first block took 0.028191089630126953
2024_10_03_T10:36:21 -  clearRentalMarket - second block took 0.0002689361572265625
2024_10_03_T10:36:21 -  Model step took 0.04582405090332031 seconds
2024_10_03_T10:36:23 -  Model step started
2024_10_03_T10:36:23 -  clearHangingSupplies started
2024_10_03_T10:36:23 -  clearHangingSupplies took 1.5020370483398438e-5
2024_10_03_T10:36:23 -  clearHangingRentalSupplies started
2024_10_03_T10:36:23 -  clearHangingRentalSupplies took 0.0002181529998779297
2024_10_03_T10:36:23 -  clearHouseMarket started
2024_10_03_T10:36:23 -  clearHouseMarket - first block took 0.007990837097167969
2024_10_03_T10:36:23 -  clearHouseMarket - second block took 0.0017380714416503906
2024_10_03_T10:36:23 -  clearHouseMarket - third block took 0.0002009868621826172
2024_10_03_T10:36:23 -  clearRentalMarket started
2024_10_03_T10:36:23 -  clearRentalMarket - first block took 0.02780294418334961
2024_10_03_T10:36:23 -  clearRentalMarket - second block took 0.00025916099548339844
2024_10_03_T10:36:23 -  Model step took 0.046896934509277344 seconds
2024_10_03_T10:36:25 -  Model step started
2024_10_03_T10:36:25 -  clearHangingSupplies started
2024_10_03_T10:36:25 -  clearHangingSupplies took 1.4066696166992188e-5
2024_10_03_T10:36:25 -  clearHangingRentalSupplies started
2024_10_03_T10:36:25 -  clearHangingRentalSupplies took 0.00028014183044433594
2024_10_03_T10:36:25 -  clearHouseMarket started
2024_10_03_T10:36:25 -  clearHouseMarket - first block took 0.006821870803833008
2024_10_03_T10:36:25 -  clearHouseMarket - second block took 0.0005688667297363281
2024_10_03_T10:36:25 -  clearHouseMarket - third block took 0.00020003318786621094
2024_10_03_T10:36:25 -  clearRentalMarket started
2024_10_03_T10:36:25 -  clearRentalMarket - first block took 0.03020000457763672
2024_10_03_T10:36:25 -  clearRentalMarket - second block took 0.0003180503845214844
2024_10_03_T10:36:25 -  Model step took 0.055133819580078125 seconds
2024_10_03_T10:36:27 -  Model step started
2024_10_03_T10:36:27 -  clearHangingSupplies started
2024_10_03_T10:36:27 -  clearHangingSupplies took 1.0013580322265625e-5
2024_10_03_T10:36:27 -  clearHangingRentalSupplies started
2024_10_03_T10:36:27 -  clearHangingRentalSupplies took 0.00022912025451660156
2024_10_03_T10:36:27 -  clearHouseMarket started
2024_10_03_T10:36:27 -  clearHouseMarket - first block took 0.003995180130004883
2024_10_03_T10:36:27 -  clearHouseMarket - second block took 0.0005850791931152344
2024_10_03_T10:36:27 -  clearHouseMarket - third block took 0.000209808349609375
2024_10_03_T10:36:27 -  clearRentalMarket started
2024_10_03_T10:36:27 -  clearRentalMarket - first block took 0.029522180557250977
2024_10_03_T10:36:27 -  clearRentalMarket - second block took 0.0003380775451660156
2024_10_03_T10:36:27 -  Model step took 0.043779850006103516 seconds
2024_10_03_T10:36:29 -  Model step started
2024_10_03_T10:36:29 -  clearHangingSupplies started
2024_10_03_T10:36:29 -  clearHangingSupplies took 5.698204040527344e-5
2024_10_03_T10:36:29 -  clearHangingRentalSupplies started
2024_10_03_T10:36:29 -  clearHangingRentalSupplies took 0.00025391578674316406
2024_10_03_T10:36:29 -  clearHouseMarket started
2024_10_03_T10:36:29 -  clearHouseMarket - first block took 0.0017919540405273438
2024_10_03_T10:36:29 -  clearHouseMarket - second block took 0.0013511180877685547
2024_10_03_T10:36:29 -  clearHouseMarket - third block took 0.0004248619079589844
2024_10_03_T10:36:29 -  clearRentalMarket started
2024_10_03_T10:36:29 -  clearRentalMarket - first block took 0.03483390808105469
2024_10_03_T10:36:29 -  clearRentalMarket - second block took 0.00026106834411621094
2024_10_03_T10:36:29 -  Model step took 0.04793882369995117 seconds
2024_10_03_T10:36:31 -  Model step started
2024_10_03_T10:36:31 -  clearHangingSupplies started
2024_10_03_T10:36:31 -  clearHangingSupplies took 7.867813110351562e-6
2024_10_03_T10:36:31 -  clearHangingRentalSupplies started
2024_10_03_T10:36:31 -  clearHangingRentalSupplies took 0.0002529621124267578
2024_10_03_T10:36:31 -  clearHouseMarket started
2024_10_03_T10:36:31 -  clearHouseMarket - first block took 0.0007379055023193359
2024_10_03_T10:36:31 -  clearHouseMarket - second block took 0.0005040168762207031
2024_10_03_T10:36:31 -  clearHouseMarket - third block took 0.0002338886260986328
2024_10_03_T10:36:31 -  clearRentalMarket started
2024_10_03_T10:36:31 -  clearRentalMarket - first block took 0.03208112716674805
2024_10_03_T10:36:31 -  clearRentalMarket - second block took 0.0002949237823486328
2024_10_03_T10:36:31 -  Model step took 0.042597055435180664 seconds
2024_10_03_T10:36:33 -  Model step started
2024_10_03_T10:36:33 -  clearHangingSupplies started
2024_10_03_T10:36:33 -  clearHangingSupplies took 1.9073486328125e-6
2024_10_03_T10:36:33 -  clearHangingRentalSupplies started
2024_10_03_T10:36:33 -  clearHangingRentalSupplies took 0.0002429485321044922
2024_10_03_T10:36:33 -  clearHouseMarket started
2024_10_03_T10:36:33 -  clearHouseMarket - first block took 1.811981201171875e-5
2024_10_03_T10:36:33 -  clearHouseMarket - second block took 2.1457672119140625e-6
2024_10_03_T10:36:33 -  clearHouseMarket - third block took 0.00019288063049316406
2024_10_03_T10:36:33 -  clearRentalMarket started
2024_10_03_T10:36:33 -  clearRentalMarket - first block took 0.03572201728820801
2024_10_03_T10:36:33 -  clearRentalMarket - second block took 0.0003199577331542969
2024_10_03_T10:36:33 -  Model step took 0.045105934143066406 seconds
2024_10_03_T10:36:35 -  Model step started
2024_10_03_T10:36:35 -  clearHangingSupplies started
2024_10_03_T10:36:35 -  clearHangingSupplies took 1.0013580322265625e-5
2024_10_03_T10:36:35 -  clearHangingRentalSupplies started
2024_10_03_T10:36:35 -  clearHangingRentalSupplies took 0.0002620220184326172
2024_10_03_T10:36:35 -  clearHouseMarket started
2024_10_03_T10:36:35 -  clearHouseMarket - first block took 0.0006639957427978516
2024_10_03_T10:36:35 -  clearHouseMarket - second block took 0.00048804283142089844
2024_10_03_T10:36:35 -  clearHouseMarket - third block took 0.0002980232238769531
2024_10_03_T10:36:35 -  clearRentalMarket started
2024_10_03_T10:36:35 -  clearRentalMarket - first block took 0.03663516044616699
2024_10_03_T10:36:35 -  clearRentalMarket - second block took 0.00039696693420410156
2024_10_03_T10:36:35 -  Model step took 0.05400490760803223 seconds
2024_10_03_T10:36:37 -  Model step started
2024_10_03_T10:36:37 -  clearHangingSupplies started
2024_10_03_T10:36:37 -  clearHangingSupplies took 3.0994415283203125e-6
2024_10_03_T10:36:37 -  clearHangingRentalSupplies started
2024_10_03_T10:36:37 -  clearHangingRentalSupplies took 0.0002968311309814453
2024_10_03_T10:36:37 -  clearHouseMarket started
2024_10_03_T10:36:37 -  clearHouseMarket - first block took 2.002716064453125e-5
2024_10_03_T10:36:37 -  clearHouseMarket - second block took 2.1457672119140625e-6
2024_10_03_T10:36:37 -  clearHouseMarket - third block took 0.00019598007202148438
2024_10_03_T10:36:37 -  clearRentalMarket started
2024_10_03_T10:36:37 -  clearRentalMarket - first block took 0.035939931869506836
2024_10_03_T10:36:37 -  clearRentalMarket - second block took 0.0005688667297363281
2024_10_03_T10:36:37 -  Model step took 0.0462040901184082 seconds
2024_10_03_T10:36:39 -  Model step started
2024_10_03_T10:36:39 -  clearHangingSupplies started
2024_10_03_T10:36:39 -  clearHangingSupplies took 1.1205673217773438e-5
2024_10_03_T10:36:39 -  clearHangingRentalSupplies started
2024_10_03_T10:36:39 -  clearHangingRentalSupplies took 0.0002582073211669922
2024_10_03_T10:36:39 -  clearHouseMarket started
2024_10_03_T10:36:39 -  clearHouseMarket - first block took 0.0036008358001708984
2024_10_03_T10:36:39 -  clearHouseMarket - second block took 0.0014519691467285156
2024_10_03_T10:36:39 -  clearHouseMarket - third block took 0.00023412704467773438
2024_10_03_T10:36:39 -  clearRentalMarket started
2024_10_03_T10:36:39 -  clearRentalMarket - first block took 0.04489612579345703
2024_10_03_T10:36:39 -  clearRentalMarket - second block took 0.00034999847412109375
2024_10_03_T10:36:39 -  Model step took 0.06134200096130371 seconds
2024_10_03_T10:36:41 -  Model step started
2024_10_03_T10:36:41 -  clearHangingSupplies started
2024_10_03_T10:36:41 -  clearHangingSupplies took 5.9604644775390625e-6
2024_10_03_T10:36:41 -  clearHangingRentalSupplies started
2024_10_03_T10:36:41 -  clearHangingRentalSupplies took 0.000247955322265625
2024_10_03_T10:36:41 -  clearHouseMarket started
2024_10_03_T10:36:41 -  clearHouseMarket - first block took 0.0004401206970214844
2024_10_03_T10:36:41 -  clearHouseMarket - second block took 0.0004489421844482422
2024_10_03_T10:36:41 -  clearHouseMarket - third block took 0.0003771781921386719
2024_10_03_T10:36:41 -  clearRentalMarket started
2024_10_03_T10:36:41 -  clearRentalMarket - first block took 0.04223895072937012
2024_10_03_T10:36:41 -  clearRentalMarket - second block took 0.0003960132598876953
2024_10_03_T10:36:41 -  Model step took 0.05573701858520508 seconds
2024_10_03_T10:36:43 -  Model step started
2024_10_03_T10:36:43 -  clearHangingSupplies started
2024_10_03_T10:36:43 -  clearHangingSupplies took 9.059906005859375e-6
2024_10_03_T10:36:43 -  clearHangingRentalSupplies started
2024_10_03_T10:36:43 -  clearHangingRentalSupplies took 0.00029397010803222656
2024_10_03_T10:36:43 -  clearHouseMarket started
2024_10_03_T10:36:43 -  clearHouseMarket - first block took 0.0004711151123046875
2024_10_03_T10:36:43 -  clearHouseMarket - second block took 0.0002810955047607422
2024_10_03_T10:36:43 -  clearHouseMarket - third block took 0.00023698806762695312
2024_10_03_T10:36:43 -  clearRentalMarket started
2024_10_03_T10:36:43 -  clearRentalMarket - first block took 0.03583788871765137
2024_10_03_T10:36:43 -  clearRentalMarket - second block took 0.00036907196044921875
2024_10_03_T10:36:43 -  Model step took 0.04686117172241211 seconds
2024_10_03_T10:36:46 -  Model step started
2024_10_03_T10:36:46 -  clearHangingSupplies started
2024_10_03_T10:36:46 -  clearHangingSupplies took 6.9141387939453125e-6
2024_10_03_T10:36:46 -  clearHangingRentalSupplies started
2024_10_03_T10:36:46 -  clearHangingRentalSupplies took 0.0002491474151611328
2024_10_03_T10:36:46 -  clearHouseMarket started
2024_10_03_T10:36:46 -  clearHouseMarket - first block took 0.0008339881896972656
2024_10_03_T10:36:46 -  clearHouseMarket - second block took 0.0007519721984863281
2024_10_03_T10:36:46 -  clearHouseMarket - third block took 0.00032520294189453125
2024_10_03_T10:36:46 -  clearRentalMarket started
2024_10_03_T10:36:46 -  clearRentalMarket - first block took 0.03455996513366699
2024_10_03_T10:36:46 -  clearRentalMarket - second block took 0.00030803680419921875
2024_10_03_T10:36:46 -  Model step took 0.04633688926696777 seconds
2024_10_03_T10:36:48 -  Model step started
2024_10_03_T10:36:48 -  clearHangingSupplies started
2024_10_03_T10:36:48 -  clearHangingSupplies took 4.0531158447265625e-6
2024_10_03_T10:36:48 -  clearHangingRentalSupplies started
2024_10_03_T10:36:48 -  clearHangingRentalSupplies took 0.00035500526428222656
2024_10_03_T10:36:48 -  clearHouseMarket started
2024_10_03_T10:36:48 -  clearHouseMarket - first block took 1.9073486328125e-5
2024_10_03_T10:36:48 -  clearHouseMarket - second block took 2.1457672119140625e-6
2024_10_03_T10:36:48 -  clearHouseMarket - third block took 0.00026798248291015625
2024_10_03_T10:36:48 -  clearRentalMarket started
2024_10_03_T10:36:48 -  clearRentalMarket - first block took 0.039515018463134766
2024_10_03_T10:36:48 -  clearRentalMarket - second block took 0.00032591819763183594
2024_10_03_T10:36:48 -  Model step took 0.05088996887207031 seconds
