2024_09_15_T19:26:57 -  finished initateHouses in 0.3395090103149414 seconds
2024_09_15_T19:26:57 -  finished initiateHouseholds in 0.48191118240356445 seconds
2024_09_15_T19:26:57 -  finished assignHousesToHouseholds in 0.5822420120239258 seconds
2024_09_15_T19:27:07 -  Model step started
2024_09_15_T19:27:08 -  Model step took 1.048933982849121 seconds
2024_09_15_T19:27:14 -  Model step started
2024_09_15_T19:27:14 -  Model step took 0.16588497161865234 seconds
2024_09_15_T19:27:20 -  Model step started
2024_09_15_T19:27:20 -  Model step took 0.17731189727783203 seconds
2024_09_15_T19:27:26 -  Model step started
2024_09_15_T19:27:26 -  Model step took 0.13401389122009277 seconds
2024_09_15_T19:27:32 -  Model step started
2024_09_15_T19:27:32 -  Model step took 0.11996698379516602 seconds
2024_09_15_T19:27:38 -  Model step started
2024_09_15_T19:27:38 -  Model step took 0.1092519760131836 seconds
2024_09_15_T19:27:44 -  Model step started
2024_09_15_T19:27:44 -  Model step took 0.12043595314025879 seconds
2024_09_15_T19:27:51 -  Model step started
2024_09_15_T19:27:51 -  Model step took 0.1007390022277832 seconds
2024_09_15_T19:27:57 -  Model step started
2024_09_15_T19:27:57 -  Model step took 0.0907280445098877 seconds
2024_09_15_T19:28:03 -  Model step started
2024_09_15_T19:28:03 -  Model step took 0.1186671257019043 seconds
2024_09_15_T19:28:10 -  Model step started
2024_09_15_T19:28:10 -  Model step took 0.09090900421142578 seconds
2024_09_15_T19:28:16 -  Model step started
2024_09_15_T19:28:16 -  Model step took 0.06192302703857422 seconds
2024_09_15_T19:28:22 -  Model step started
2024_09_15_T19:28:22 -  Model step took 0.06766414642333984 seconds
2024_09_15_T19:28:28 -  Model step started
2024_09_15_T19:28:28 -  Model step took 0.06636500358581543 seconds
2024_09_15_T19:28:34 -  Model step started
2024_09_15_T19:28:34 -  Model step took 0.048529863357543945 seconds
2024_09_15_T19:28:40 -  Model step started
2024_09_15_T19:28:40 -  Model step took 0.06526899337768555 seconds
2024_09_15_T19:28:46 -  Model step started
2024_09_15_T19:28:47 -  Model step took 0.35599780082702637 seconds
2024_09_15_T19:28:53 -  Model step started
2024_09_15_T19:28:53 -  Model step took 0.3616330623626709 seconds
2024_09_15_T19:28:59 -  Model step started
2024_09_15_T19:28:59 -  Model step took 0.3579859733581543 seconds
2024_09_15_T19:29:06 -  Model step started
2024_09_15_T19:29:06 -  Model step took 0.35811710357666016 seconds
2024_09_15_T19:29:12 -  Model step started
2024_09_15_T19:29:12 -  Model step took 0.40772008895874023 seconds
2024_09_15_T19:29:19 -  Model step started
2024_09_15_T19:29:19 -  Model step took 0.4355430603027344 seconds
2024_09_15_T19:29:25 -  Model step started
2024_09_15_T19:29:26 -  Model step took 0.6669960021972656 seconds
2024_09_15_T19:29:32 -  Model step started
2024_09_15_T19:29:33 -  Model step took 0.5298871994018555 seconds
2024_09_15_T19:29:39 -  Model step started
2024_09_15_T19:29:39 -  Model step took 0.537186861038208 seconds
2024_09_15_T19:29:46 -  Model step started
2024_09_15_T19:29:46 -  Model step took 0.49039196968078613 seconds
2024_09_15_T19:29:53 -  Model step started
2024_09_15_T19:29:53 -  Model step took 0.3669910430908203 seconds
2024_09_15_T19:29:59 -  Model step started
2024_09_15_T19:30:00 -  Model step took 0.3423900604248047 seconds
2024_09_15_T19:30:06 -  Model step started
2024_09_15_T19:30:06 -  Model step took 0.21489596366882324 seconds
2024_09_15_T19:30:12 -  Model step started
2024_09_15_T19:30:12 -  Model step took 0.06454586982727051 seconds
2024_09_15_T19:30:19 -  Model step started
2024_09_15_T19:30:19 -  Model step took 0.025622129440307617 seconds
2024_09_15_T19:30:25 -  Model step started
2024_09_15_T19:30:25 -  Model step took 0.01643085479736328 seconds
2024_09_15_T19:30:32 -  Model step started
2024_09_15_T19:30:32 -  Model step took 0.016479969024658203 seconds
2024_09_15_T19:30:38 -  Model step started
2024_09_15_T19:30:38 -  Model step took 0.013741016387939453 seconds
2024_09_15_T19:30:44 -  Model step started
2024_09_15_T19:30:44 -  Model step took 0.016019105911254883 seconds
2024_09_15_T19:30:51 -  Model step started
2024_09_15_T19:30:51 -  Model step took 0.018497943878173828 seconds
2024_09_15_T19:30:57 -  Model step started
2024_09_15_T19:30:57 -  Model step took 0.013730049133300781 seconds
2024_09_15_T19:31:04 -  Model step started
2024_09_15_T19:31:04 -  Model step took 0.012662172317504883 seconds
2024_09_15_T19:31:10 -  Model step started
2024_09_15_T19:31:10 -  Model step took 0.014724016189575195 seconds
2024_09_15_T19:31:17 -  Model step started
2024_09_15_T19:31:17 -  Model step took 0.018637895584106445 seconds
2024_09_15_T19:31:24 -  Model step started
2024_09_15_T19:31:24 -  Model step took 0.021789073944091797 seconds
2024_09_15_T19:31:30 -  Model step started
2024_09_15_T19:31:30 -  Model step took 0.01723194122314453 seconds
2024_09_15_T19:31:37 -  Model step started
2024_09_15_T19:31:37 -  Model step took 0.02013397216796875 seconds
2024_09_15_T19:31:43 -  Model step started
2024_09_15_T19:31:43 -  Model step took 0.021172046661376953 seconds
2024_09_15_T19:31:50 -  Model step started
2024_09_15_T19:31:50 -  Model step took 0.020173072814941406 seconds
2024_09_15_T19:31:56 -  Model step started
2024_09_15_T19:31:56 -  Model step took 0.025425195693969727 seconds
2024_09_15_T19:32:03 -  Model step started
2024_09_15_T19:32:03 -  Model step took 0.022802114486694336 seconds
2024_09_15_T19:32:10 -  Model step started
2024_09_15_T19:32:10 -  Model step took 0.03221392631530762 seconds
2024_09_15_T19:32:16 -  Model step started
2024_09_15_T19:32:16 -  Model step took 0.03148484230041504 seconds
2024_09_15_T19:32:23 -  Model step started
2024_09_15_T19:32:23 -  Model step took 0.030941009521484375 seconds
2024_09_15_T19:32:29 -  Model step started
2024_09_15_T19:32:29 -  Model step took 0.03409981727600098 seconds
2024_09_15_T19:32:36 -  Model step started
2024_09_15_T19:32:36 -  Model step took 0.027785062789916992 seconds
2024_09_15_T19:32:42 -  Model step started
2024_09_15_T19:32:42 -  Model step took 0.030128955841064453 seconds
2024_09_15_T19:32:49 -  Model step started
2024_09_15_T19:32:49 -  Model step took 0.041882991790771484 seconds
2024_09_15_T19:32:55 -  Model step started
2024_09_15_T19:32:55 -  Model step took 0.027513980865478516 seconds
2024_09_15_T19:33:02 -  Model step started
2024_09_15_T19:33:02 -  Model step took 0.0325169563293457 seconds
2024_09_15_T19:33:08 -  Model step started
2024_09_15_T19:33:08 -  Model step took 0.029721975326538086 seconds
2024_09_15_T19:33:15 -  Model step started
2024_09_15_T19:33:15 -  Model step took 0.027276992797851562 seconds
2024_09_15_T19:33:21 -  Model step started
2024_09_15_T19:33:21 -  Model step took 0.03020787239074707 seconds
2024_09_15_T19:33:28 -  Model step started
2024_09_15_T19:33:28 -  Model step took 0.025131940841674805 seconds
2024_09_15_T19:33:34 -  Model step started
2024_09_15_T19:33:34 -  Model step took 0.027058839797973633 seconds
2024_09_15_T19:33:41 -  Model step started
2024_09_15_T19:33:41 -  Model step took 0.025027990341186523 seconds
2024_09_15_T19:33:47 -  Model step started
2024_09_15_T19:33:47 -  Model step took 0.029119014739990234 seconds
2024_09_15_T19:33:54 -  Model step started
2024_09_15_T19:33:54 -  Model step took 0.027740955352783203 seconds
2024_09_15_T19:34:00 -  Model step started
2024_09_15_T19:34:00 -  Model step took 0.025595903396606445 seconds
2024_09_15_T19:34:07 -  Model step started
2024_09_15_T19:34:07 -  Model step took 0.024291038513183594 seconds
2024_09_15_T19:34:13 -  Model step started
2024_09_15_T19:34:13 -  Model step took 0.025318145751953125 seconds
2024_09_15_T19:34:20 -  Model step started
2024_09_15_T19:34:20 -  Model step took 0.024177074432373047 seconds
2024_09_15_T19:34:26 -  Model step started
2024_09_15_T19:34:26 -  Model step took 0.022163867950439453 seconds
2024_09_15_T19:34:33 -  Model step started
2024_09_15_T19:34:33 -  Model step took 0.024053096771240234 seconds
2024_09_15_T19:34:39 -  Model step started
2024_09_15_T19:34:39 -  Model step took 0.021917104721069336 seconds
2024_09_15_T19:34:46 -  Model step started
2024_09_15_T19:34:46 -  Model step took 0.02347397804260254 seconds
2024_09_15_T19:34:52 -  Model step started
2024_09_15_T19:34:52 -  Model step took 0.02184891700744629 seconds
2024_09_15_T19:34:59 -  Model step started
2024_09_15_T19:34:59 -  Model step took 0.019109010696411133 seconds
2024_09_15_T19:35:05 -  Model step started
2024_09_15_T19:35:05 -  Model step took 0.024111032485961914 seconds
2024_09_15_T19:35:12 -  Model step started
2024_09_15_T19:35:12 -  Model step took 0.02205181121826172 seconds
2024_09_15_T19:35:18 -  Model step started
2024_09_15_T19:35:18 -  Model step took 0.01746392250061035 seconds
2024_09_15_T19:35:25 -  Model step started
2024_09_15_T19:35:25 -  Model step took 0.017177820205688477 seconds
2024_09_15_T19:35:31 -  Model step started
2024_09_15_T19:35:31 -  Model step took 0.016543865203857422 seconds
2024_09_15_T19:35:38 -  Model step started
2024_09_15_T19:35:38 -  Model step took 0.016563892364501953 seconds
2024_09_15_T19:35:45 -  Model step started
2024_09_15_T19:35:45 -  Model step took 0.025474071502685547 seconds
2024_09_15_T19:35:51 -  Model step started
2024_09_15_T19:35:51 -  Model step took 0.01805591583251953 seconds
2024_09_15_T19:35:58 -  Model step started
2024_09_15_T19:35:58 -  Model step took 0.018403053283691406 seconds
2024_09_15_T19:36:04 -  Model step started
2024_09_15_T19:36:04 -  Model step took 0.020074844360351562 seconds
2024_09_15_T19:36:11 -  Model step started
2024_09_15_T19:36:11 -  Model step took 0.019849777221679688 seconds
2024_09_15_T19:36:17 -  Model step started
2024_09_15_T19:36:17 -  Model step took 0.019889116287231445 seconds
2024_09_15_T19:36:24 -  Model step started
2024_09_15_T19:36:24 -  Model step took 0.01902914047241211 seconds
2024_09_15_T19:36:30 -  Model step started
2024_09_15_T19:36:30 -  Model step took 0.01694488525390625 seconds
2024_09_15_T19:36:37 -  Model step started
2024_09_15_T19:36:37 -  Model step took 0.017254114151000977 seconds
2024_09_15_T19:36:44 -  Model step started
2024_09_15_T19:36:44 -  Model step took 0.013806819915771484 seconds
2024_09_15_T19:36:50 -  Model step started
2024_09_15_T19:36:50 -  Model step took 0.01506495475769043 seconds
2024_09_15_T19:36:57 -  Model step started
2024_09_15_T19:36:57 -  Model step took 0.01566910743713379 seconds
2024_09_15_T19:37:03 -  Model step started
2024_09_15_T19:37:03 -  Model step took 0.015417814254760742 seconds
2024_09_15_T19:37:10 -  Model step started
2024_09_15_T19:37:10 -  Model step took 0.014830827713012695 seconds
2024_09_15_T19:37:17 -  Model step started
2024_09_15_T19:37:17 -  Model step took 0.014607906341552734 seconds
2024_09_15_T19:37:23 -  Model step started
2024_09_15_T19:37:23 -  Model step took 0.015564918518066406 seconds
2024_09_15_T19:37:30 -  Model step started
2024_09_15_T19:37:30 -  Model step took 0.01356816291809082 seconds
2024_09_15_T19:37:37 -  Model step started
2024_09_15_T19:37:37 -  Model step took 0.016510963439941406 seconds
2024_09_15_T19:37:43 -  Model step started
2024_09_15_T19:37:43 -  Model step took 0.016490936279296875 seconds
2024_09_15_T19:37:50 -  Model step started
2024_09_15_T19:37:50 -  Model step took 0.015141963958740234 seconds
2024_09_15_T19:37:56 -  Model step started
2024_09_15_T19:37:56 -  Model step took 0.015233039855957031 seconds
2024_09_15_T19:38:03 -  Model step started
2024_09_15_T19:38:03 -  Model step took 0.01638007164001465 seconds
2024_09_15_T19:38:10 -  Model step started
2024_09_15_T19:38:10 -  Model step took 0.01402592658996582 seconds
2024_09_15_T19:38:16 -  Model step started
2024_09_15_T19:38:16 -  Model step took 0.014510869979858398 seconds
2024_09_15_T19:38:23 -  Model step started
2024_09_15_T19:38:23 -  Model step took 0.01544499397277832 seconds
2024_09_15_T19:38:29 -  Model step started
2024_09_15_T19:38:29 -  Model step took 0.0175478458404541 seconds
2024_09_15_T19:38:36 -  Model step started
2024_09_15_T19:38:36 -  Model step took 0.014288902282714844 seconds
2024_09_15_T19:38:43 -  Model step started
2024_09_15_T19:38:43 -  Model step took 0.013221025466918945 seconds
2024_09_15_T19:38:49 -  Model step started
2024_09_15_T19:38:49 -  Model step took 0.01301717758178711 seconds
2024_09_15_T19:38:56 -  Model step started
2024_09_15_T19:38:56 -  Model step took 0.01351308822631836 seconds
2024_09_15_T19:39:03 -  Model step started
2024_09_15_T19:39:03 -  Model step took 0.014893770217895508 seconds
2024_09_15_T19:39:10 -  Model step started
2024_09_15_T19:39:10 -  Model step took 0.012566089630126953 seconds
2024_09_15_T19:39:16 -  Model step started
2024_09_15_T19:39:16 -  Model step took 0.013725996017456055 seconds
2024_09_15_T19:39:23 -  Model step started
2024_09_15_T19:39:23 -  Model step took 0.012067079544067383 seconds
2024_09_15_T19:39:30 -  Model step started
2024_09_15_T19:39:30 -  Model step took 0.011652946472167969 seconds
2024_09_15_T19:39:37 -  Model step started
2024_09_15_T19:39:37 -  Model step took 0.011892080307006836 seconds
2024_09_15_T19:39:43 -  Model step started
2024_09_15_T19:39:43 -  Model step took 0.010231971740722656 seconds
2024_09_15_T19:39:50 -  Model step started
2024_09_15_T19:39:50 -  Model step took 0.010334968566894531 seconds
2024_09_15_T19:39:57 -  Model step started
2024_09_15_T19:39:57 -  Model step took 0.009354114532470703 seconds
2024_09_15_T19:40:03 -  Model step started
2024_09_15_T19:40:03 -  Model step took 0.009709835052490234 seconds
2024_09_15_T19:40:10 -  Model step started
2024_09_15_T19:40:10 -  Model step took 0.009073972702026367 seconds
2024_09_15_T19:40:17 -  Model step started
2024_09_15_T19:40:17 -  Model step took 0.007441997528076172 seconds
2024_09_15_T19:40:23 -  Model step started
2024_09_15_T19:40:23 -  Model step took 0.007331132888793945 seconds
2024_09_15_T19:40:30 -  Model step started
2024_09_15_T19:40:30 -  Model step took 0.00792384147644043 seconds
2024_09_15_T19:40:37 -  Model step started
2024_09_15_T19:40:37 -  Model step took 0.008231163024902344 seconds
2024_09_15_T19:40:43 -  Model step started
2024_09_15_T19:40:43 -  Model step took 0.008780956268310547 seconds
2024_09_15_T19:40:50 -  Model step started
2024_09_15_T19:40:50 -  Model step took 0.008310079574584961 seconds
2024_09_15_T19:40:57 -  Model step started
2024_09_15_T19:40:57 -  Model step took 0.01002812385559082 seconds
2024_09_15_T19:41:03 -  Model step started
2024_09_15_T19:41:03 -  Model step took 0.007524967193603516 seconds
2024_09_15_T19:41:10 -  Model step started
2024_09_15_T19:41:10 -  Model step took 0.008272171020507812 seconds
2024_09_15_T19:41:17 -  Model step started
2024_09_15_T19:41:17 -  Model step took 0.00826406478881836 seconds
2024_09_15_T19:41:23 -  Model step started
2024_09_15_T19:41:23 -  Model step took 0.00772404670715332 seconds
2024_09_15_T19:41:30 -  Model step started
2024_09_15_T19:41:30 -  Model step took 0.007765054702758789 seconds
2024_09_15_T19:41:37 -  Model step started
2024_09_15_T19:41:37 -  Model step took 0.010155916213989258 seconds
2024_09_15_T19:41:43 -  Model step started
2024_09_15_T19:41:43 -  Model step took 0.010384082794189453 seconds
2024_09_15_T19:41:50 -  Model step started
2024_09_15_T19:41:50 -  Model step took 0.008322000503540039 seconds
2024_09_15_T19:41:57 -  Model step started
2024_09_15_T19:41:57 -  Model step took 0.008553028106689453 seconds
2024_09_15_T19:42:03 -  Model step started
2024_09_15_T19:42:03 -  Model step took 0.013572216033935547 seconds
2024_09_15_T19:42:10 -  Model step started
2024_09_15_T19:42:10 -  Model step took 0.007787942886352539 seconds
2024_09_15_T19:42:17 -  Model step started
2024_09_15_T19:42:17 -  Model step took 0.0065310001373291016 seconds
2024_09_15_T19:42:23 -  Model step started
2024_09_15_T19:42:23 -  Model step took 0.00698399543762207 seconds
2024_09_15_T19:42:30 -  Model step started
2024_09_15_T19:42:30 -  Model step took 0.005912065505981445 seconds
2024_09_15_T19:42:37 -  Model step started
2024_09_15_T19:42:37 -  Model step took 0.006376028060913086 seconds
2024_09_15_T19:42:44 -  Model step started
2024_09_15_T19:42:44 -  Model step took 0.006999969482421875 seconds
2024_09_15_T19:42:50 -  Model step started
2024_09_15_T19:42:50 -  Model step took 0.005994081497192383 seconds
2024_09_15_T19:42:57 -  Model step started
2024_09_15_T19:42:57 -  Model step took 0.00640106201171875 seconds
2024_09_15_T19:43:04 -  Model step started
2024_09_15_T19:43:04 -  Model step took 0.00725102424621582 seconds
2024_09_15_T19:43:10 -  Model step started
2024_09_15_T19:43:10 -  Model step took 0.00584101676940918 seconds
2024_09_15_T19:43:17 -  Model step started
2024_09_15_T19:43:17 -  Model step took 0.007688999176025391 seconds
2024_09_15_T19:43:23 -  Model step started
2024_09_15_T19:43:23 -  Model step took 0.007354021072387695 seconds
2024_09_15_T19:43:30 -  Model step started
2024_09_15_T19:43:30 -  Model step took 0.008682012557983398 seconds
2024_09_15_T19:43:37 -  Model step started
2024_09_15_T19:43:37 -  Model step took 0.007206916809082031 seconds
2024_09_15_T19:43:43 -  Model step started
2024_09_15_T19:43:43 -  Model step took 0.006137847900390625 seconds
2024_09_15_T19:43:50 -  Model step started
2024_09_15_T19:43:50 -  Model step took 0.007941007614135742 seconds
2024_09_15_T19:43:56 -  Model step started
2024_09_15_T19:43:56 -  Model step took 0.006742000579833984 seconds
2024_09_15_T19:44:03 -  Model step started
2024_09_15_T19:44:03 -  Model step took 0.008632898330688477 seconds
2024_09_15_T19:44:09 -  Model step started
2024_09_15_T19:44:09 -  Model step took 0.005331993103027344 seconds
2024_09_15_T19:44:16 -  Model step started
2024_09_15_T19:44:16 -  Model step took 0.0057239532470703125 seconds
2024_09_15_T19:44:23 -  Model step started
2024_09_15_T19:44:23 -  Model step took 0.006760835647583008 seconds
2024_09_15_T19:44:29 -  Model step started
2024_09_15_T19:44:29 -  Model step took 0.01005697250366211 seconds
2024_09_15_T19:44:36 -  Model step started
2024_09_15_T19:44:36 -  Model step took 0.0072479248046875 seconds
2024_09_15_T19:44:42 -  Model step started
2024_09_15_T19:44:42 -  Model step took 0.006186008453369141 seconds
2024_09_15_T19:44:49 -  Model step started
2024_09_15_T19:44:49 -  Model step took 0.00878000259399414 seconds
2024_09_15_T19:44:55 -  Model step started
2024_09_15_T19:44:55 -  Model step took 0.008057117462158203 seconds
2024_09_15_T19:45:02 -  Model step started
2024_09_15_T19:45:02 -  Model step took 0.006354093551635742 seconds
2024_09_15_T19:45:09 -  Model step started
2024_09_15_T19:45:09 -  Model step took 0.009305953979492188 seconds
2024_09_15_T19:45:15 -  Model step started
2024_09_15_T19:45:15 -  Model step took 0.007552146911621094 seconds
2024_09_15_T19:45:22 -  Model step started
2024_09_15_T19:45:22 -  Model step took 0.013900995254516602 seconds
2024_09_15_T19:45:28 -  Model step started
2024_09_15_T19:45:28 -  Model step took 0.006479978561401367 seconds
2024_09_15_T19:45:35 -  Model step started
2024_09_15_T19:45:35 -  Model step took 0.006841897964477539 seconds
2024_09_15_T19:45:41 -  Model step started
2024_09_15_T19:45:41 -  Model step took 0.00702214241027832 seconds
2024_09_15_T19:45:48 -  Model step started
2024_09_15_T19:45:48 -  Model step took 0.007436037063598633 seconds
2024_09_15_T19:45:54 -  Model step started
2024_09_15_T19:45:54 -  Model step took 0.0060579776763916016 seconds
2024_09_15_T19:46:01 -  Model step started
2024_09_15_T19:46:01 -  Model step took 0.00646209716796875 seconds
2024_09_15_T19:46:08 -  Model step started
2024_09_15_T19:46:08 -  Model step took 0.006245851516723633 seconds
2024_09_15_T19:46:14 -  Model step started
2024_09_15_T19:46:14 -  Model step took 0.0067408084869384766 seconds
2024_09_15_T19:46:21 -  Model step started
2024_09_15_T19:46:21 -  Model step took 0.006672859191894531 seconds
2024_09_15_T19:46:27 -  Model step started
2024_09_15_T19:46:27 -  Model step took 0.007422208786010742 seconds
2024_09_15_T19:46:34 -  Model step started
2024_09_15_T19:46:34 -  Model step took 0.006371974945068359 seconds
2024_09_15_T19:46:41 -  Model step started
2024_09_15_T19:46:41 -  Model step took 0.006536006927490234 seconds
2024_09_15_T19:46:47 -  Model step started
2024_09_15_T19:46:47 -  Model step took 0.006192207336425781 seconds
2024_09_15_T19:46:54 -  Model step started
2024_09_15_T19:46:54 -  Model step took 0.006746053695678711 seconds
2024_09_15_T19:47:01 -  Model step started
2024_09_15_T19:47:01 -  Model step took 0.005666017532348633 seconds
2024_09_15_T19:47:07 -  Model step started
2024_09_15_T19:47:07 -  Model step took 0.0068590641021728516 seconds
2024_09_15_T19:47:14 -  Model step started
2024_09_15_T19:47:14 -  Model step took 0.006033897399902344 seconds
2024_09_15_T19:47:21 -  Model step started
2024_09_15_T19:47:21 -  Model step took 0.007704019546508789 seconds
2024_09_15_T19:47:27 -  Model step started
2024_09_15_T19:47:27 -  Model step took 0.006495952606201172 seconds
2024_09_15_T19:47:34 -  Model step started
2024_09_15_T19:47:34 -  Model step took 0.006764888763427734 seconds
2024_09_15_T19:47:41 -  Model step started
2024_09_15_T19:47:41 -  Model step took 0.006679058074951172 seconds
2024_09_15_T19:47:48 -  Model step started
2024_09_15_T19:47:48 -  Model step took 0.007750988006591797 seconds
2024_09_15_T19:47:54 -  Model step started
2024_09_15_T19:47:54 -  Model step took 0.006880998611450195 seconds
2024_09_15_T19:48:01 -  Model step started
2024_09_15_T19:48:01 -  Model step took 0.006308078765869141 seconds
2024_09_15_T19:48:07 -  Model step started
2024_09_15_T19:48:07 -  Model step took 0.00741887092590332 seconds
2024_09_15_T19:48:14 -  Model step started
2024_09_15_T19:48:14 -  Model step took 0.005295991897583008 seconds
2024_09_15_T19:48:21 -  Model step started
2024_09_15_T19:48:21 -  Model step took 0.008131027221679688 seconds
2024_09_15_T19:48:27 -  Model step started
2024_09_15_T19:48:27 -  Model step took 0.008352994918823242 seconds
2024_09_15_T19:48:34 -  Model step started
2024_09_15_T19:48:34 -  Model step took 0.007174015045166016 seconds
2024_09_15_T19:48:40 -  Model step started
2024_09_15_T19:48:40 -  Model step took 0.006659030914306641 seconds
2024_09_15_T19:48:46 -  Model step started
2024_09_15_T19:48:46 -  Model step took 0.00814199447631836 seconds
2024_09_15_T19:48:53 -  Model step started
2024_09_15_T19:48:53 -  Model step took 0.0067021846771240234 seconds
