2024_09_29_T10:56:08 -  finished initateHouses in 0.44428014755249023 seconds
2024_09_29_T10:56:08 -  finished initiateHouseholds in 0.6160860061645508 seconds
2024_09_29_T10:56:09 -  finished assignHousesToHouseholds in 0.8302879333496094 seconds
2024_09_29_T10:56:32 -  Model step started
2024_09_29_T10:56:43 -  Model step took 11.53434419631958 seconds
2024_09_29_T10:57:03 -  Model step started
2024_09_29_T10:57:11 -  Model step took 7.322448968887329 seconds
2024_09_29_T10:57:31 -  Model step started
2024_09_29_T10:57:38 -  Model step took 7.4819629192352295 seconds
2024_09_29_T10:57:58 -  Model step started
2024_09_29_T10:58:04 -  Model step took 6.529237985610962 seconds
2024_09_29_T10:58:25 -  Model step started
2024_09_29_T10:58:30 -  Model step took 5.847676992416382 seconds
2024_09_29_T10:58:50 -  Model step started
2024_09_29_T10:58:56 -  Model step took 5.555414199829102 seconds
2024_09_29_T10:59:16 -  Model step started
2024_09_29_T10:59:21 -  Model step took 5.259787082672119 seconds
2024_09_29_T10:59:41 -  Model step started
2024_09_29_T10:59:47 -  Model step took 5.090970039367676 seconds
2024_09_29_T11:00:07 -  Model step started
2024_09_29_T11:00:12 -  Model step took 5.259620904922485 seconds
2024_09_29_T11:00:33 -  Model step started
2024_09_29_T11:00:38 -  Model step took 4.869687080383301 seconds
2024_09_29_T11:00:58 -  Model step started
2024_09_29_T11:01:03 -  Model step took 4.869729995727539 seconds
2024_09_29_T11:01:24 -  Model step started
2024_09_29_T11:01:29 -  Model step took 4.765194892883301 seconds
2024_09_29_T11:01:49 -  Model step started
2024_09_29_T11:01:54 -  Model step took 4.2491350173950195 seconds
2024_09_29_T11:02:14 -  Model step started
2024_09_29_T11:02:18 -  Model step took 4.065687894821167 seconds
2024_09_29_T11:02:39 -  Model step started
2024_09_29_T11:02:43 -  Model step took 4.1117939949035645 seconds
2024_09_29_T11:03:03 -  Model step started
2024_09_29_T11:03:07 -  Model step took 3.968636989593506 seconds
2024_09_29_T11:03:28 -  Model step started
2024_09_29_T11:03:32 -  Model step took 4.012830018997192 seconds
2024_09_29_T11:03:53 -  Model step started
2024_09_29_T11:03:56 -  Model step took 3.730010986328125 seconds
2024_09_29_T11:04:17 -  Model step started
2024_09_29_T11:04:21 -  Model step took 3.6982078552246094 seconds
2024_09_29_T11:04:42 -  Model step started
2024_09_29_T11:04:45 -  Model step took 3.5760509967803955 seconds
2024_09_29_T11:05:06 -  Model step started
2024_09_29_T11:05:10 -  Model step took 3.5415380001068115 seconds
2024_09_29_T11:05:31 -  Model step started
2024_09_29_T11:05:35 -  Model step took 3.4883410930633545 seconds
2024_09_29_T11:05:56 -  Model step started
2024_09_29_T11:05:59 -  Model step took 3.5376219749450684 seconds
2024_09_29_T11:06:21 -  Model step started
2024_09_29_T11:06:24 -  Model step took 3.3797028064727783 seconds
2024_09_29_T11:06:46 -  Model step started
2024_09_29_T11:06:49 -  Model step took 3.328594923019409 seconds
2024_09_29_T11:07:10 -  Model step started
2024_09_29_T11:07:14 -  Model step took 3.321382999420166 seconds
2024_09_29_T11:07:35 -  Model step started
2024_09_29_T11:07:38 -  Model step took 3.2531609535217285 seconds
2024_09_29_T11:08:00 -  Model step started
2024_09_29_T11:08:03 -  Model step took 3.165311098098755 seconds
2024_09_29_T11:08:25 -  Model step started
2024_09_29_T11:08:28 -  Model step took 3.1806890964508057 seconds
2024_09_29_T11:08:51 -  Model step started
2024_09_29_T11:08:53 -  Model step took 2.846773147583008 seconds
2024_09_29_T11:09:15 -  Model step started
2024_09_29_T11:09:18 -  Model step took 2.8295230865478516 seconds
2024_09_29_T11:09:40 -  Model step started
2024_09_29_T11:09:43 -  Model step took 2.714895009994507 seconds
2024_09_29_T11:10:05 -  Model step started
2024_09_29_T11:10:08 -  Model step took 2.7685489654541016 seconds
2024_09_29_T11:10:30 -  Model step started
2024_09_29_T11:10:33 -  Model step took 2.6077191829681396 seconds
2024_09_29_T11:10:55 -  Model step started
2024_09_29_T11:10:57 -  Model step took 2.5536959171295166 seconds
2024_09_29_T11:11:20 -  Model step started
2024_09_29_T11:11:23 -  Model step took 2.4921040534973145 seconds
2024_09_29_T11:11:46 -  Model step started
2024_09_29_T11:11:49 -  Model step took 2.4547669887542725 seconds
2024_09_29_T11:12:12 -  Model step started
2024_09_29_T11:12:14 -  Model step took 2.3769688606262207 seconds
2024_09_29_T11:12:37 -  Model step started
2024_09_29_T11:12:39 -  Model step took 2.2664058208465576 seconds
2024_09_29_T11:13:02 -  Model step started
2024_09_29_T11:13:05 -  Model step took 2.2680139541625977 seconds
2024_09_29_T11:13:28 -  Model step started
2024_09_29_T11:13:31 -  Model step took 2.3069958686828613 seconds
2024_09_29_T11:13:55 -  Model step started
2024_09_29_T11:13:57 -  Model step took 2.164212942123413 seconds
2024_09_29_T11:14:21 -  Model step started
2024_09_29_T11:14:23 -  Model step took 2.157405138015747 seconds
2024_09_29_T11:14:47 -  Model step started
2024_09_29_T11:14:49 -  Model step took 2.1161248683929443 seconds
2024_09_29_T11:15:13 -  Model step started
2024_09_29_T11:15:15 -  Model step took 2.2178220748901367 seconds
2024_09_29_T11:15:40 -  Model step started
2024_09_29_T11:15:42 -  Model step took 2.131091833114624 seconds
2024_09_29_T11:16:06 -  Model step started
2024_09_29_T11:16:08 -  Model step took 2.0813040733337402 seconds
2024_09_29_T11:16:32 -  Model step started
2024_09_29_T11:16:34 -  Model step took 2.095924139022827 seconds
2024_09_29_T11:16:59 -  Model step started
2024_09_29_T11:17:01 -  Model step took 1.98891282081604 seconds
2024_09_29_T11:17:25 -  Model step started
2024_09_29_T11:17:27 -  Model step took 1.9327640533447266 seconds
2024_09_29_T11:17:51 -  Model step started
2024_09_29_T11:17:53 -  Model step took 1.9040379524230957 seconds
2024_09_29_T11:18:17 -  Model step started
2024_09_29_T11:18:19 -  Model step took 1.8356850147247314 seconds
2024_09_29_T11:18:44 -  Model step started
2024_09_29_T11:18:46 -  Model step took 2.0370349884033203 seconds
2024_09_29_T11:19:10 -  Model step started
2024_09_29_T11:19:12 -  Model step took 1.6358997821807861 seconds
2024_09_29_T11:19:37 -  Model step started
2024_09_29_T11:19:38 -  Model step took 1.6923279762268066 seconds
2024_09_29_T11:20:03 -  Model step started
2024_09_29_T11:20:05 -  Model step took 1.6177709102630615 seconds
2024_09_29_T11:20:29 -  Model step started
2024_09_29_T11:20:31 -  Model step took 1.5983788967132568 seconds
2024_09_29_T11:20:56 -  Model step started
2024_09_29_T11:20:58 -  Model step took 1.7201879024505615 seconds
2024_09_29_T11:21:23 -  Model step started
2024_09_29_T11:21:24 -  Model step took 1.610718011856079 seconds
2024_09_29_T11:21:49 -  Model step started
2024_09_29_T11:21:51 -  Model step took 1.552563190460205 seconds
2024_09_29_T11:22:16 -  Model step started
2024_09_29_T11:22:18 -  Model step took 1.5426528453826904 seconds
2024_09_29_T11:22:43 -  Model step started
2024_09_29_T11:22:44 -  Model step took 1.6075210571289062 seconds
2024_09_29_T11:23:10 -  Model step started
2024_09_29_T11:23:11 -  Model step took 1.6079051494598389 seconds
2024_09_29_T11:23:37 -  Model step started
2024_09_29_T11:23:38 -  Model step took 1.6093928813934326 seconds
2024_09_29_T11:24:04 -  Model step started
2024_09_29_T11:24:05 -  Model step took 1.552156925201416 seconds
2024_09_29_T11:24:30 -  Model step started
2024_09_29_T11:24:32 -  Model step took 1.5424079895019531 seconds
2024_09_29_T11:24:57 -  Model step started
2024_09_29_T11:24:59 -  Model step took 1.5194649696350098 seconds
2024_09_29_T11:25:24 -  Model step started
2024_09_29_T11:25:26 -  Model step took 1.5409760475158691 seconds
2024_09_29_T11:25:52 -  Model step started
2024_09_29_T11:25:53 -  Model step took 1.467668056488037 seconds
2024_09_29_T11:26:19 -  Model step started
2024_09_29_T11:26:20 -  Model step took 1.4705810546875 seconds
2024_09_29_T11:26:46 -  Model step started
2024_09_29_T11:26:48 -  Model step took 1.400865077972412 seconds
2024_09_29_T11:27:14 -  Model step started
2024_09_29_T11:27:15 -  Model step took 1.4109740257263184 seconds
2024_09_29_T11:27:41 -  Model step started
2024_09_29_T11:27:42 -  Model step took 1.3694190979003906 seconds
2024_09_29_T11:28:09 -  Model step started
2024_09_29_T11:28:10 -  Model step took 1.3738319873809814 seconds
2024_09_29_T11:28:36 -  Model step started
2024_09_29_T11:28:37 -  Model step took 1.3708350658416748 seconds
2024_09_29_T11:29:04 -  Model step started
2024_09_29_T11:29:05 -  Model step took 1.3205249309539795 seconds
2024_09_29_T11:29:31 -  Model step started
2024_09_29_T11:29:33 -  Model step took 1.3029770851135254 seconds
2024_09_29_T11:29:59 -  Model step started
2024_09_29_T11:30:01 -  Model step took 1.4018628597259521 seconds
2024_09_29_T11:30:27 -  Model step started
2024_09_29_T11:30:28 -  Model step took 1.1200249195098877 seconds
2024_09_29_T11:30:54 -  Model step started
2024_09_29_T11:30:56 -  Model step took 1.050041913986206 seconds
2024_09_29_T11:31:22 -  Model step started
2024_09_29_T11:31:23 -  Model step took 1.0557608604431152 seconds
2024_09_29_T11:31:50 -  Model step started
2024_09_29_T11:31:51 -  Model step took 1.0121939182281494 seconds
2024_09_29_T11:32:18 -  Model step started
2024_09_29_T11:32:19 -  Model step took 0.9405670166015625 seconds
2024_09_29_T11:32:46 -  Model step started
2024_09_29_T11:32:47 -  Model step took 0.8413269519805908 seconds
2024_09_29_T11:33:14 -  Model step started
2024_09_29_T11:33:14 -  Model step took 0.8020820617675781 seconds
2024_09_29_T11:33:42 -  Model step started
2024_09_29_T11:33:42 -  Model step took 0.7841382026672363 seconds
2024_09_29_T11:34:10 -  Model step started
2024_09_29_T11:34:10 -  Model step took 0.8242979049682617 seconds
2024_09_29_T11:34:38 -  Model step started
2024_09_29_T11:34:38 -  Model step took 0.6228439807891846 seconds
2024_09_29_T11:35:06 -  Model step started
2024_09_29_T11:35:06 -  Model step took 0.5910232067108154 seconds
2024_09_29_T11:35:34 -  Model step started
2024_09_29_T11:35:34 -  Model step took 0.4488260746002197 seconds
2024_09_29_T11:36:02 -  Model step started
2024_09_29_T11:36:02 -  Model step took 0.35720109939575195 seconds
2024_09_29_T11:36:30 -  Model step started
2024_09_29_T11:36:31 -  Model step took 0.2854909896850586 seconds
2024_09_29_T11:36:58 -  Model step started
2024_09_29_T11:36:58 -  Model step took 0.25117015838623047 seconds
2024_09_29_T11:37:26 -  Model step started
2024_09_29_T11:37:26 -  Model step took 0.23634982109069824 seconds
2024_09_29_T11:37:54 -  Model step started
2024_09_29_T11:37:55 -  Model step took 0.2108440399169922 seconds
2024_09_29_T11:38:23 -  Model step started
2024_09_29_T11:38:23 -  Model step took 0.24484801292419434 seconds
2024_09_29_T11:38:51 -  Model step started
2024_09_29_T11:38:52 -  Model step took 0.21079492568969727 seconds
2024_09_29_T11:39:20 -  Model step started
2024_09_29_T11:39:20 -  Model step took 0.2366328239440918 seconds
2024_09_29_T11:39:50 -  Model step started
2024_09_29_T11:39:50 -  Model step took 0.3346850872039795 seconds
2024_09_29_T11:40:19 -  Model step started
2024_09_29_T11:40:19 -  Model step took 0.3033730983734131 seconds
2024_09_29_T11:40:48 -  Model step started
2024_09_29_T11:40:49 -  Model step took 0.26347899436950684 seconds
2024_09_29_T11:41:18 -  Model step started
2024_09_29_T11:41:18 -  Model step took 0.30026888847351074 seconds
2024_09_29_T11:41:47 -  Model step started
2024_09_29_T11:41:47 -  Model step took 0.22971582412719727 seconds
2024_09_29_T11:42:16 -  Model step started
2024_09_29_T11:42:16 -  Model step took 0.25859785079956055 seconds
2024_09_29_T11:42:45 -  Model step started
2024_09_29_T11:42:46 -  Model step took 0.2700929641723633 seconds
2024_09_29_T11:43:15 -  Model step started
2024_09_29_T11:43:15 -  Model step took 0.2396249771118164 seconds
2024_09_29_T11:43:44 -  Model step started
2024_09_29_T11:43:44 -  Model step took 0.27699708938598633 seconds
2024_09_29_T11:44:14 -  Model step started
2024_09_29_T11:44:14 -  Model step took 0.2614269256591797 seconds
2024_09_29_T11:44:43 -  Model step started
2024_09_29_T11:44:43 -  Model step took 0.2895619869232178 seconds
2024_09_29_T11:45:13 -  Model step started
2024_09_29_T11:45:13 -  Model step took 0.2562718391418457 seconds
2024_09_29_T11:45:43 -  Model step started
2024_09_29_T11:45:43 -  Model step took 0.3126380443572998 seconds
2024_09_29_T11:46:13 -  Model step started
2024_09_29_T11:46:13 -  Model step took 0.3664088249206543 seconds
2024_09_29_T11:46:43 -  Model step started
2024_09_29_T11:46:44 -  Model step took 0.26326608657836914 seconds
2024_09_29_T11:47:13 -  Model step started
2024_09_29_T11:47:14 -  Model step took 0.304872989654541 seconds
2024_09_29_T11:47:44 -  Model step started
2024_09_29_T11:47:44 -  Model step took 0.29410696029663086 seconds
2024_09_29_T11:48:14 -  Model step started
2024_09_29_T11:48:14 -  Model step took 0.2929859161376953 seconds
2024_09_29_T11:48:44 -  Model step started
2024_09_29_T11:48:44 -  Model step took 0.20705389976501465 seconds
2024_09_29_T11:49:14 -  Model step started
2024_09_29_T11:49:15 -  Model step took 0.24113106727600098 seconds
2024_09_29_T11:49:45 -  Model step started
2024_09_29_T11:49:45 -  Model step took 0.23920798301696777 seconds
2024_09_29_T11:50:16 -  Model step started
2024_09_29_T11:50:16 -  Model step took 0.3808560371398926 seconds
2024_09_29_T11:50:46 -  Model step started
2024_09_29_T11:50:47 -  Model step took 0.2564678192138672 seconds
2024_09_29_T11:51:17 -  Model step started
2024_09_29_T11:51:18 -  Model step took 0.27640795707702637 seconds
2024_09_29_T11:51:48 -  Model step started
2024_09_29_T11:51:49 -  Model step took 0.2881438732147217 seconds
2024_09_29_T11:52:19 -  Model step started
2024_09_29_T11:52:20 -  Model step took 0.24103713035583496 seconds
2024_09_29_T11:52:51 -  Model step started
2024_09_29_T11:52:51 -  Model step took 0.2327120304107666 seconds
2024_09_29_T11:53:22 -  Model step started
2024_09_29_T11:53:22 -  Model step took 0.35423707962036133 seconds
2024_09_29_T11:53:53 -  Model step started
2024_09_29_T11:53:54 -  Model step took 0.2785019874572754 seconds
2024_09_29_T11:54:25 -  Model step started
2024_09_29_T11:54:25 -  Model step took 0.31460094451904297 seconds
2024_09_29_T11:54:57 -  Model step started
2024_09_29_T11:54:57 -  Model step took 0.3263239860534668 seconds
2024_09_29_T11:55:28 -  Model step started
2024_09_29_T11:55:29 -  Model step took 0.27573394775390625 seconds
2024_09_29_T11:56:00 -  Model step started
2024_09_29_T11:56:01 -  Model step took 0.3294200897216797 seconds
2024_09_29_T11:56:32 -  Model step started
2024_09_29_T11:56:32 -  Model step took 0.44429802894592285 seconds
2024_09_29_T11:57:03 -  Model step started
2024_09_29_T11:57:04 -  Model step took 0.2768590450286865 seconds
2024_09_29_T11:57:35 -  Model step started
2024_09_29_T11:57:35 -  Model step took 0.20066094398498535 seconds
2024_09_29_T11:58:07 -  Model step started
2024_09_29_T11:58:07 -  Model step took 0.34960198402404785 seconds
2024_09_29_T11:58:39 -  Model step started
2024_09_29_T11:58:39 -  Model step took 0.5767550468444824 seconds
2024_09_29_T11:59:11 -  Model step started
2024_09_29_T11:59:11 -  Model step took 0.29171204566955566 seconds
2024_09_29_T11:59:43 -  Model step started
2024_09_29_T11:59:44 -  Model step took 0.3236088752746582 seconds
2024_09_29_T12:00:16 -  Model step started
2024_09_29_T12:00:16 -  Model step took 0.47289085388183594 seconds
2024_09_29_T12:00:48 -  Model step started
2024_09_29_T12:00:49 -  Model step took 0.33593297004699707 seconds
2024_09_29_T12:01:21 -  Model step started
2024_09_29_T12:01:21 -  Model step took 0.3879129886627197 seconds
2024_09_29_T12:01:54 -  Model step started
2024_09_29_T12:01:54 -  Model step took 0.36181092262268066 seconds
2024_09_29_T12:02:27 -  Model step started
2024_09_29_T12:02:27 -  Model step took 0.33174705505371094 seconds
2024_09_29_T12:03:00 -  Model step started
2024_09_29_T12:03:00 -  Model step took 0.5682659149169922 seconds
2024_09_29_T12:03:33 -  Model step started
2024_09_29_T12:03:34 -  Model step took 0.4328038692474365 seconds
2024_09_29_T12:04:06 -  Model step started
2024_09_29_T12:04:07 -  Model step took 0.48523807525634766 seconds
2024_09_29_T12:04:40 -  Model step started
2024_09_29_T12:04:40 -  Model step took 0.35321688652038574 seconds
2024_09_29_T12:05:13 -  Model step started
2024_09_29_T12:05:14 -  Model step took 0.3684558868408203 seconds
2024_09_29_T12:05:47 -  Model step started
2024_09_29_T12:05:47 -  Model step took 0.5077860355377197 seconds
2024_09_29_T12:06:20 -  Model step started
2024_09_29_T12:06:20 -  Model step took 0.4443490505218506 seconds
2024_09_29_T12:06:53 -  Model step started
2024_09_29_T12:06:54 -  Model step took 0.3580920696258545 seconds
2024_09_29_T12:07:27 -  Model step started
2024_09_29_T12:07:28 -  Model step took 0.3349020481109619 seconds
2024_09_29_T12:08:01 -  Model step started
2024_09_29_T12:08:01 -  Model step took 0.37165212631225586 seconds
2024_09_29_T12:08:34 -  Model step started
2024_09_29_T12:08:35 -  Model step took 0.5016610622406006 seconds
2024_09_29_T12:09:08 -  Model step started
2024_09_29_T12:09:09 -  Model step took 0.334514856338501 seconds
2024_09_29_T12:09:42 -  Model step started
2024_09_29_T12:09:43 -  Model step took 0.33402419090270996 seconds
2024_09_29_T12:10:16 -  Model step started
2024_09_29_T12:10:17 -  Model step took 0.6290187835693359 seconds
2024_09_29_T12:10:50 -  Model step started
2024_09_29_T12:10:51 -  Model step took 0.614875078201294 seconds
2024_09_29_T12:11:24 -  Model step started
2024_09_29_T12:11:25 -  Model step took 0.37549710273742676 seconds
2024_09_29_T12:11:58 -  Model step started
2024_09_29_T12:11:59 -  Model step took 0.32397985458374023 seconds
2024_09_29_T12:12:33 -  Model step started
2024_09_29_T12:12:33 -  Model step took 0.41442394256591797 seconds
2024_09_29_T12:13:07 -  Model step started
2024_09_29_T12:13:08 -  Model step took 0.8874878883361816 seconds
2024_09_29_T12:13:42 -  Model step started
2024_09_29_T12:13:42 -  Model step took 0.46480607986450195 seconds
2024_09_29_T12:14:17 -  Model step started
2024_09_29_T12:14:17 -  Model step took 0.5555408000946045 seconds
2024_09_29_T12:14:51 -  Model step started
2024_09_29_T12:14:52 -  Model step took 0.47048401832580566 seconds
2024_09_29_T12:15:26 -  Model step started
2024_09_29_T12:15:27 -  Model step took 0.4559669494628906 seconds
2024_09_29_T12:16:01 -  Model step started
2024_09_29_T12:16:02 -  Model step took 0.47895097732543945 seconds
2024_09_29_T12:16:37 -  Model step started
2024_09_29_T12:16:37 -  Model step took 0.4363529682159424 seconds
2024_09_29_T12:17:12 -  Model step started
2024_09_29_T12:17:12 -  Model step took 0.5270929336547852 seconds
2024_09_29_T12:17:47 -  Model step started
2024_09_29_T12:17:48 -  Model step took 0.5811870098114014 seconds
2024_09_29_T12:18:23 -  Model step started
2024_09_29_T12:18:23 -  Model step took 0.5361599922180176 seconds
2024_09_29_T12:18:59 -  Model step started
2024_09_29_T12:18:59 -  Model step took 0.6271989345550537 seconds
2024_09_29_T12:19:35 -  Model step started
2024_09_29_T12:19:35 -  Model step took 0.45998311042785645 seconds
2024_09_29_T12:20:11 -  Model step started
2024_09_29_T12:20:11 -  Model step took 0.43758702278137207 seconds
2024_09_29_T12:20:46 -  Model step started
2024_09_29_T12:20:47 -  Model step took 0.44942712783813477 seconds
2024_09_29_T12:21:22 -  Model step started
2024_09_29_T12:21:23 -  Model step took 0.5585198402404785 seconds
2024_09_29_T12:21:59 -  Model step started
2024_09_29_T12:21:59 -  Model step took 0.4325568675994873 seconds
2024_09_29_T12:22:35 -  Model step started
2024_09_29_T12:22:35 -  Model step took 0.40437793731689453 seconds
2024_09_29_T12:23:11 -  Model step started
2024_09_29_T12:23:11 -  Model step took 0.35778307914733887 seconds
2024_09_29_T12:23:47 -  Model step started
2024_09_29_T12:23:47 -  Model step took 0.428447961807251 seconds
2024_09_29_T12:24:23 -  Model step started
2024_09_29_T12:24:23 -  Model step took 0.44584202766418457 seconds
2024_09_29_T12:24:59 -  Model step started
2024_09_29_T12:24:59 -  Model step took 0.3113539218902588 seconds
2024_09_29_T12:25:35 -  Model step started
2024_09_29_T12:25:35 -  Model step took 0.4485499858856201 seconds
2024_09_29_T12:26:11 -  Model step started
2024_09_29_T12:26:11 -  Model step took 0.39739203453063965 seconds
2024_09_29_T12:26:47 -  Model step started
2024_09_29_T12:26:48 -  Model step took 0.6001808643341064 seconds
2024_09_29_T12:27:24 -  Model step started
2024_09_29_T12:27:25 -  Model step took 0.5378720760345459 seconds
2024_09_29_T12:28:01 -  Model step started
2024_09_29_T12:28:01 -  Model step took 0.5075230598449707 seconds
2024_09_29_T12:28:37 -  Model step started
2024_09_29_T12:28:38 -  Model step took 0.5977921485900879 seconds
2024_09_29_T12:29:14 -  Model step started
2024_09_29_T12:29:15 -  Model step took 0.48194384574890137 seconds
2024_09_29_T12:29:51 -  Model step started
2024_09_29_T12:29:52 -  Model step took 0.39333200454711914 seconds
2024_09_29_T12:30:28 -  Model step started
2024_09_29_T12:30:29 -  Model step took 0.6925668716430664 seconds
2024_09_29_T12:31:06 -  Model step started
2024_09_29_T12:31:06 -  Model step took 0.4645419120788574 seconds
2024_09_29_T12:31:43 -  Model step started
2024_09_29_T12:31:44 -  Model step took 0.4530808925628662 seconds
2024_09_29_T12:32:21 -  Model step started
2024_09_29_T12:32:21 -  Model step took 0.4789450168609619 seconds
2024_09_29_T12:32:58 -  Model step started
2024_09_29_T12:32:59 -  Model step took 0.3436911106109619 seconds
2024_09_29_T12:33:36 -  Model step started
2024_09_29_T12:33:36 -  Model step took 0.42873191833496094 seconds
2024_09_29_T12:34:14 -  Model step started
2024_09_29_T12:34:14 -  Model step took 0.4134509563446045 seconds
2024_09_29_T12:34:52 -  Model step started
2024_09_29_T12:34:52 -  Model step took 0.46069884300231934 seconds
2024_09_29_T12:35:30 -  Model step started
2024_09_29_T12:35:30 -  Model step took 0.4146878719329834 seconds
2024_09_29_T12:36:08 -  Model step started
2024_09_29_T12:36:08 -  Model step took 0.48094987869262695 seconds
