2024_10_05_T13:09:43 -  finished initateHouses in 1.357362985610962 seconds
2024_10_05_T13:09:44 -  finished initiateHouseholds in 1.6339571475982666 seconds
2024_10_05_T13:09:44 -  finished assignHousesToHouseholds in 1.8614320755004883 seconds
2024_10_05_T13:10:00 -  Model step started
2024_10_05_T13:10:01 -  clearHangingSupplies started
2024_10_05_T13:10:01 -  clearHangingSupplies took 0.013242006301879883
2024_10_05_T13:10:01 -  clearHangingRentalSupplies started
2024_10_05_T13:10:01 -  clearHangingRentalSupplies took 0.015458106994628906
2024_10_05_T13:10:01 -  clearHouseMarket started
2024_10_05_T13:10:02 -  clearHouseMarket - first block took 1.3068342208862305
2024_10_05_T13:10:02 -  clearHouseMarket - second block took 0.37348103523254395
2024_10_05_T13:10:02 -  clearHouseMarket - third block took 0.026102066040039062
2024_10_05_T13:10:02 -  clearRentalMarket started
2024_10_05_T13:10:03 -  clearRentalMarket - first block took 0.46447014808654785
2024_10_05_T13:10:03 -  clearRentalMarket - second block took 0.0564122200012207
2024_10_05_T13:10:03 -  Model step took 2.7214720249176025 seconds
2024_10_05_T13:10:11 -  Model step started
2024_10_05_T13:10:11 -  clearHangingSupplies started
2024_10_05_T13:10:11 -  clearHangingSupplies took 0.0187530517578125
2024_10_05_T13:10:11 -  clearHangingRentalSupplies started
2024_10_05_T13:10:11 -  clearHangingRentalSupplies took 5.1021575927734375e-5
2024_10_05_T13:10:11 -  clearHouseMarket started
2024_10_05_T13:10:12 -  clearHouseMarket - first block took 1.6785781383514404
2024_10_05_T13:10:12 -  clearHouseMarket - second block took 0.007547855377197266
2024_10_05_T13:10:12 -  clearHouseMarket - third block took 0.00048613548278808594
2024_10_05_T13:10:12 -  clearRentalMarket started
2024_10_05_T13:10:12 -  clearRentalMarket - first block took 0.0959329605102539
2024_10_05_T13:10:12 -  clearRentalMarket - second block took 0.0009357929229736328
2024_10_05_T13:10:13 -  Model step took 1.9495248794555664 seconds
2024_10_05_T13:10:32 -  Model step started
2024_10_05_T13:10:32 -  clearHangingSupplies started
2024_10_05_T13:10:32 -  clearHangingSupplies took 0.0006299018859863281
2024_10_05_T13:10:32 -  clearHangingRentalSupplies started
2024_10_05_T13:10:32 -  clearHangingRentalSupplies took 5.2928924560546875e-5
2024_10_05_T13:10:32 -  clearHouseMarket started
2024_10_05_T13:10:33 -  clearHouseMarket - first block took 1.2216739654541016
2024_10_05_T13:10:33 -  clearHouseMarket - second block took 0.011243104934692383
2024_10_05_T13:10:33 -  clearHouseMarket - third block took 0.0005590915679931641
2024_10_05_T13:10:33 -  clearRentalMarket started
2024_10_05_T13:10:34 -  clearRentalMarket - first block took 0.060463905334472656
2024_10_05_T13:10:34 -  clearRentalMarket - second block took 0.0012679100036621094
2024_10_05_T13:10:34 -  Model step took 1.379580020904541 seconds
2024_10_05_T13:10:49 -  Model step started
2024_10_05_T13:10:49 -  clearHangingSupplies started
2024_10_05_T13:10:49 -  clearHangingSupplies took 0.010993003845214844
2024_10_05_T13:10:49 -  clearHangingRentalSupplies started
2024_10_05_T13:10:49 -  clearHangingRentalSupplies took 3.0994415283203125e-5
2024_10_05_T13:10:49 -  clearHouseMarket started
2024_10_05_T13:10:52 -  clearHouseMarket - first block took 2.9597160816192627
2024_10_05_T13:10:52 -  clearHouseMarket - second block took 0.0056231021881103516
2024_10_05_T13:10:52 -  clearHouseMarket - third block took 0.010585784912109375
2024_10_05_T13:10:52 -  clearRentalMarket started
2024_10_05_T13:10:52 -  clearRentalMarket - first block took 0.06454014778137207
2024_10_05_T13:10:52 -  clearRentalMarket - second block took 0.00044608116149902344
2024_10_05_T13:10:52 -  Model step took 3.182237148284912 seconds
2024_10_05_T13:11:12 -  Model step started
2024_10_05_T13:11:12 -  clearHangingSupplies started
2024_10_05_T13:11:12 -  clearHangingSupplies took 0.0003650188446044922
2024_10_05_T13:11:12 -  clearHangingRentalSupplies started
2024_10_05_T13:11:12 -  clearHangingRentalSupplies took 3.409385681152344e-5
2024_10_05_T13:11:12 -  clearHouseMarket started
2024_10_05_T13:11:13 -  clearHouseMarket - first block took 1.0857250690460205
2024_10_05_T13:11:13 -  clearHouseMarket - second block took 0.007560014724731445
2024_10_05_T13:11:13 -  clearHouseMarket - third block took 0.0005950927734375
2024_10_05_T13:11:13 -  clearRentalMarket started
2024_10_05_T13:11:13 -  clearRentalMarket - first block took 0.028723955154418945
2024_10_05_T13:11:13 -  clearRentalMarket - second block took 0.0003600120544433594
2024_10_05_T13:11:14 -  Model step took 1.1702980995178223 seconds
2024_10_05_T13:11:21 -  Model step started
2024_10_05_T13:11:21 -  clearHangingSupplies started
2024_10_05_T13:11:21 -  clearHangingSupplies took 0.0002830028533935547
2024_10_05_T13:11:21 -  clearHangingRentalSupplies started
2024_10_05_T13:11:21 -  clearHangingRentalSupplies took 1.0967254638671875e-5
2024_10_05_T13:11:21 -  clearHouseMarket started
2024_10_05_T13:11:23 -  clearHouseMarket - first block took 1.1682109832763672
2024_10_05_T13:11:23 -  clearHouseMarket - second block took 0.0073359012603759766
2024_10_05_T13:11:23 -  clearHouseMarket - third block took 0.0006368160247802734
2024_10_05_T13:11:23 -  clearRentalMarket started
2024_10_05_T13:11:23 -  clearRentalMarket - first block took 0.0077860355377197266
2024_10_05_T13:11:23 -  clearRentalMarket - second block took 0.0001728534698486328
2024_10_05_T13:11:23 -  Model step took 1.2374730110168457 seconds
2024_10_05_T13:11:31 -  Model step started
2024_10_05_T13:11:31 -  clearHangingSupplies started
2024_10_05_T13:11:31 -  clearHangingSupplies took 0.00036406517028808594
2024_10_05_T13:11:31 -  clearHangingRentalSupplies started
2024_10_05_T13:11:31 -  clearHangingRentalSupplies took 1.4066696166992188e-5
2024_10_05_T13:11:31 -  clearHouseMarket started
2024_10_05_T13:11:32 -  clearHouseMarket - first block took 0.9375951290130615
2024_10_05_T13:11:32 -  clearHouseMarket - second block took 0.005501985549926758
2024_10_05_T13:11:32 -  clearHouseMarket - third block took 0.0006260871887207031
2024_10_05_T13:11:32 -  clearRentalMarket started
2024_10_05_T13:11:32 -  clearRentalMarket - first block took 0.014955997467041016
2024_10_05_T13:11:32 -  clearRentalMarket - second block took 0.00026106834411621094
2024_10_05_T13:11:32 -  Model step took 1.005100965499878 seconds
2024_10_05_T13:11:41 -  Model step started
2024_10_05_T13:11:41 -  clearHangingSupplies started
2024_10_05_T13:11:41 -  clearHangingSupplies took 0.0002830028533935547
2024_10_05_T13:11:41 -  clearHangingRentalSupplies started
2024_10_05_T13:11:41 -  clearHangingRentalSupplies took 1.4066696166992188e-5
2024_10_05_T13:11:41 -  clearHouseMarket started
2024_10_05_T13:11:42 -  clearHouseMarket - first block took 1.0799050331115723
2024_10_05_T13:11:42 -  clearHouseMarket - second block took 0.004441976547241211
2024_10_05_T13:11:42 -  clearHouseMarket - third block took 0.0007359981536865234
2024_10_05_T13:11:42 -  clearRentalMarket started
2024_10_05_T13:11:42 -  clearRentalMarket - first block took 0.0033469200134277344
2024_10_05_T13:11:42 -  clearRentalMarket - second block took 0.00011777877807617188
2024_10_05_T13:11:42 -  Model step took 1.1824250221252441 seconds
2024_10_05_T13:11:52 -  Model step started
2024_10_05_T13:11:52 -  clearHangingSupplies started
2024_10_05_T13:11:52 -  clearHangingSupplies took 0.0003750324249267578
2024_10_05_T13:11:52 -  clearHangingRentalSupplies started
2024_10_05_T13:11:52 -  clearHangingRentalSupplies took 1.5020370483398438e-5
2024_10_05_T13:11:52 -  clearHouseMarket started
2024_10_05_T13:11:54 -  clearHouseMarket - first block took 1.3451659679412842
2024_10_05_T13:11:54 -  clearHouseMarket - second block took 0.0037407875061035156
2024_10_05_T13:11:54 -  clearHouseMarket - third block took 0.0007331371307373047
2024_10_05_T13:11:54 -  clearRentalMarket started
2024_10_05_T13:11:54 -  clearRentalMarket - first block took 0.0160980224609375
2024_10_05_T13:11:54 -  clearRentalMarket - second block took 0.0006768703460693359
2024_10_05_T13:11:54 -  Model step took 1.4926490783691406 seconds
2024_10_05_T13:12:18 -  Model step started
2024_10_05_T13:12:18 -  clearHangingSupplies started
2024_10_05_T13:12:18 -  clearHangingSupplies took 0.00020384788513183594
2024_10_05_T13:12:18 -  clearHangingRentalSupplies started
2024_10_05_T13:12:18 -  clearHangingRentalSupplies took 1.2159347534179688e-5
2024_10_05_T13:12:18 -  clearHouseMarket started
2024_10_05_T13:12:20 -  clearHouseMarket - first block took 1.185295820236206
2024_10_05_T13:12:20 -  clearHouseMarket - second block took 0.02310800552368164
2024_10_05_T13:12:20 -  clearHouseMarket - third block took 0.0030410289764404297
2024_10_05_T13:12:20 -  clearRentalMarket started
2024_10_05_T13:12:20 -  clearRentalMarket - first block took 0.005933046340942383
2024_10_05_T13:12:20 -  clearRentalMarket - second block took 0.00015997886657714844
2024_10_05_T13:12:20 -  Model step took 1.3744301795959473 seconds
2024_10_05_T13:12:43 -  Model step started
2024_10_05_T13:12:43 -  clearHangingSupplies started
2024_10_05_T13:12:43 -  clearHangingSupplies took 0.00016307830810546875
2024_10_05_T13:12:43 -  clearHangingRentalSupplies started
2024_10_05_T13:12:43 -  clearHangingRentalSupplies took 5.0067901611328125e-6
2024_10_05_T13:12:43 -  clearHouseMarket started
2024_10_05_T13:12:45 -  clearHouseMarket - first block took 1.3397579193115234
2024_10_05_T13:12:45 -  clearHouseMarket - second block took 0.010540962219238281
2024_10_05_T13:12:45 -  clearHouseMarket - third block took 0.0008640289306640625
2024_10_05_T13:12:45 -  clearRentalMarket started
2024_10_05_T13:12:45 -  clearRentalMarket - first block took 3.910064697265625e-5
2024_10_05_T13:12:45 -  clearRentalMarket - second block took 1.9073486328125e-6
2024_10_05_T13:12:45 -  Model step took 1.4675571918487549 seconds
2024_10_05_T13:13:11 -  Model step started
2024_10_05_T13:13:11 -  clearHangingSupplies started
2024_10_05_T13:13:11 -  clearHangingSupplies took 0.00040984153747558594
2024_10_05_T13:13:11 -  clearHangingRentalSupplies started
2024_10_05_T13:13:11 -  clearHangingRentalSupplies took 1.5020370483398438e-5
2024_10_05_T13:13:11 -  clearHouseMarket started
2024_10_05_T13:13:12 -  clearHouseMarket - first block took 1.1214990615844727
2024_10_05_T13:13:12 -  clearHouseMarket - second block took 0.012286901473999023
2024_10_05_T13:13:12 -  clearHouseMarket - third block took 0.0010671615600585938
2024_10_05_T13:13:12 -  clearRentalMarket started
2024_10_05_T13:13:12 -  clearRentalMarket - first block took 0.02607893943786621
2024_10_05_T13:13:12 -  clearRentalMarket - second block took 0.0014150142669677734
2024_10_05_T13:13:12 -  Model step took 1.2994191646575928 seconds
2024_10_05_T13:13:38 -  Model step started
2024_10_05_T13:13:38 -  clearHangingSupplies started
2024_10_05_T13:13:38 -  clearHangingSupplies took 0.0002269744873046875
2024_10_05_T13:13:38 -  clearHangingRentalSupplies started
2024_10_05_T13:13:38 -  clearHangingRentalSupplies took 8.106231689453125e-6
2024_10_05_T13:13:38 -  clearHouseMarket started
2024_10_05_T13:13:39 -  clearHouseMarket - first block took 1.711629867553711
2024_10_05_T13:13:39 -  clearHouseMarket - second block took 0.0031049251556396484
2024_10_05_T13:13:39 -  clearHouseMarket - third block took 0.011065959930419922
2024_10_05_T13:13:39 -  clearRentalMarket started
2024_10_05_T13:13:39 -  clearRentalMarket - first block took 0.0026979446411132812
2024_10_05_T13:13:39 -  clearRentalMarket - second block took 7.104873657226562e-5
2024_10_05_T13:13:40 -  Model step took 1.8936800956726074 seconds
2024_10_05_T13:14:00 -  Model step started
2024_10_05_T13:14:00 -  clearHangingSupplies started
2024_10_05_T13:14:00 -  clearHangingSupplies took 0.0001327991485595703
2024_10_05_T13:14:00 -  clearHangingRentalSupplies started
2024_10_05_T13:14:00 -  clearHangingRentalSupplies took 6.198883056640625e-6
2024_10_05_T13:14:00 -  clearHouseMarket started
2024_10_05_T13:14:01 -  clearHouseMarket - first block took 0.6143641471862793
2024_10_05_T13:14:01 -  clearHouseMarket - second block took 0.00257110595703125
2024_10_05_T13:14:01 -  clearHouseMarket - third block took 0.001035928726196289
2024_10_05_T13:14:01 -  clearRentalMarket started
2024_10_05_T13:14:01 -  clearRentalMarket - first block took 0.0011339187622070312
2024_10_05_T13:14:01 -  clearRentalMarket - second block took 5.602836608886719e-5
2024_10_05_T13:14:01 -  Model step took 0.7362849712371826 seconds
2024_10_05_T13:14:19 -  Model step started
2024_10_05_T13:14:19 -  clearHangingSupplies started
2024_10_05_T13:14:19 -  clearHangingSupplies took 0.00010991096496582031
2024_10_05_T13:14:19 -  clearHangingRentalSupplies started
2024_10_05_T13:14:19 -  clearHangingRentalSupplies took 4.0531158447265625e-6
2024_10_05_T13:14:19 -  clearHouseMarket started
2024_10_05_T13:14:19 -  clearHouseMarket - first block took 0.7977099418640137
2024_10_05_T13:14:19 -  clearHouseMarket - second block took 0.001628875732421875
2024_10_05_T13:14:19 -  clearHouseMarket - third block took 0.0008909702301025391
2024_10_05_T13:14:19 -  clearRentalMarket started
2024_10_05_T13:14:19 -  clearRentalMarket - first block took 2.6941299438476562e-5
2024_10_05_T13:14:19 -  clearRentalMarket - second block took 2.1457672119140625e-6
2024_10_05_T13:14:19 -  Model step took 0.925286054611206 seconds
2024_10_05_T13:14:50 -  Model step started
2024_10_05_T13:14:50 -  clearHangingSupplies started
2024_10_05_T13:14:50 -  clearHangingSupplies took 8.702278137207031e-5
2024_10_05_T13:14:50 -  clearHangingRentalSupplies started
2024_10_05_T13:14:50 -  clearHangingRentalSupplies took 3.814697265625e-6
2024_10_05_T13:14:50 -  clearHouseMarket started
2024_10_05_T13:14:51 -  clearHouseMarket - first block took 0.6787979602813721
2024_10_05_T13:14:51 -  clearHouseMarket - second block took 0.008469104766845703
2024_10_05_T13:14:51 -  clearHouseMarket - third block took 0.0010612010955810547
2024_10_05_T13:14:51 -  clearRentalMarket started
2024_10_05_T13:14:51 -  clearRentalMarket - first block took 3.695487976074219e-5
2024_10_05_T13:14:51 -  clearRentalMarket - second block took 3.0994415283203125e-6
2024_10_05_T13:14:51 -  Model step took 0.9036719799041748 seconds
2024_10_05_T13:15:20 -  Model step started
2024_10_05_T13:15:20 -  clearHangingSupplies started
2024_10_05_T13:15:20 -  clearHangingSupplies took 8.416175842285156e-5
2024_10_05_T13:15:20 -  clearHangingRentalSupplies started
2024_10_05_T13:15:20 -  clearHangingRentalSupplies took 3.0994415283203125e-6
2024_10_05_T13:15:20 -  clearHouseMarket started
2024_10_05_T13:15:20 -  clearHouseMarket - first block took 0.685636043548584
2024_10_05_T13:15:20 -  clearHouseMarket - second block took 0.002251863479614258
2024_10_05_T13:15:20 -  clearHouseMarket - third block took 0.0012049674987792969
2024_10_05_T13:15:20 -  clearRentalMarket started
2024_10_05_T13:15:20 -  clearRentalMarket - first block took 3.886222839355469e-5
2024_10_05_T13:15:20 -  clearRentalMarket - second block took 9.5367431640625e-7
2024_10_05_T13:15:21 -  Model step took 0.868337869644165 seconds
2024_10_05_T13:15:47 -  Model step started
2024_10_05_T13:15:47 -  clearHangingSupplies started
2024_10_05_T13:15:47 -  clearHangingSupplies took 6.794929504394531e-5
2024_10_05_T13:15:47 -  clearHangingRentalSupplies started
2024_10_05_T13:15:47 -  clearHangingRentalSupplies took 9.059906005859375e-6
2024_10_05_T13:15:47 -  clearHouseMarket started
2024_10_05_T13:15:48 -  clearHouseMarket - first block took 0.5601718425750732
2024_10_05_T13:15:48 -  clearHouseMarket - second block took 0.0016908645629882812
2024_10_05_T13:15:48 -  clearHouseMarket - third block took 0.0017580986022949219
2024_10_05_T13:15:48 -  clearRentalMarket started
2024_10_05_T13:15:48 -  clearRentalMarket - first block took 0.010798931121826172
2024_10_05_T13:15:48 -  clearRentalMarket - second block took 0.0001430511474609375
2024_10_05_T13:15:48 -  Model step took 0.702476978302002 seconds
2024_10_05_T13:16:17 -  Model step started
2024_10_05_T13:16:17 -  clearHangingSupplies started
2024_10_05_T13:16:17 -  clearHangingSupplies took 6.699562072753906e-5
2024_10_05_T13:16:17 -  clearHangingRentalSupplies started
2024_10_05_T13:16:17 -  clearHangingRentalSupplies took 5.0067901611328125e-6
2024_10_05_T13:16:17 -  clearHouseMarket started
2024_10_05_T13:16:17 -  clearHouseMarket - first block took 0.4986910820007324
2024_10_05_T13:16:17 -  clearHouseMarket - second block took 0.0016980171203613281
2024_10_05_T13:16:17 -  clearHouseMarket - third block took 0.0010759830474853516
2024_10_05_T13:16:17 -  clearRentalMarket started
2024_10_05_T13:16:17 -  clearRentalMarket - first block took 4.00543212890625e-5
2024_10_05_T13:16:17 -  clearRentalMarket - second block took 2.1457672119140625e-6
2024_10_05_T13:16:17 -  Model step took 0.6915421485900879 seconds
2024_10_05_T13:16:46 -  Model step started
2024_10_05_T13:16:46 -  clearHangingSupplies started
2024_10_05_T13:16:46 -  clearHangingSupplies took 5.0067901611328125e-5
2024_10_05_T13:16:46 -  clearHangingRentalSupplies started
2024_10_05_T13:16:46 -  clearHangingRentalSupplies took 1.0013580322265625e-5
2024_10_05_T13:16:46 -  clearHouseMarket started
2024_10_05_T13:16:46 -  clearHouseMarket - first block took 0.39781904220581055
2024_10_05_T13:16:46 -  clearHouseMarket - second block took 0.0007760524749755859
2024_10_05_T13:16:46 -  clearHouseMarket - third block took 0.0011708736419677734
2024_10_05_T13:16:46 -  clearRentalMarket started
2024_10_05_T13:16:46 -  clearRentalMarket - first block took 0.012264013290405273
2024_10_05_T13:16:46 -  clearRentalMarket - second block took 0.00011086463928222656
2024_10_05_T13:16:47 -  Model step took 0.601780891418457 seconds
2024_10_05_T13:17:20 -  Model step started
2024_10_05_T13:17:20 -  clearHangingSupplies started
2024_10_05_T13:17:20 -  clearHangingSupplies took 5.1975250244140625e-5
2024_10_05_T13:17:20 -  clearHangingRentalSupplies started
2024_10_05_T13:17:20 -  clearHangingRentalSupplies took 1.0013580322265625e-5
2024_10_05_T13:17:20 -  clearHouseMarket started
2024_10_05_T13:17:20 -  clearHouseMarket - first block took 0.26981592178344727
2024_10_05_T13:17:20 -  clearHouseMarket - second block took 0.0008740425109863281
2024_10_05_T13:17:20 -  clearHouseMarket - third block took 0.0010459423065185547
2024_10_05_T13:17:20 -  clearRentalMarket started
2024_10_05_T13:17:20 -  clearRentalMarket - first block took 0.00966501235961914
2024_10_05_T13:17:20 -  clearRentalMarket - second block took 0.00015401840209960938
2024_10_05_T13:17:21 -  Model step took 0.4936649799346924 seconds
2024_10_05_T13:17:56 -  Model step started
2024_10_05_T13:17:56 -  clearHangingSupplies started
2024_10_05_T13:17:56 -  clearHangingSupplies took 4.1961669921875e-5
2024_10_05_T13:17:56 -  clearHangingRentalSupplies started
2024_10_05_T13:17:56 -  clearHangingRentalSupplies took 4.0531158447265625e-6
2024_10_05_T13:17:56 -  clearHouseMarket started
2024_10_05_T13:17:56 -  clearHouseMarket - first block took 0.32776689529418945
2024_10_05_T13:17:56 -  clearHouseMarket - second block took 0.0012371540069580078
2024_10_05_T13:17:56 -  clearHouseMarket - third block took 0.001230001449584961
2024_10_05_T13:17:56 -  clearRentalMarket started
2024_10_05_T13:17:56 -  clearRentalMarket - first block took 4.506111145019531e-5
2024_10_05_T13:17:56 -  clearRentalMarket - second block took 9.5367431640625e-7
2024_10_05_T13:17:56 -  Model step took 0.5126140117645264 seconds
2024_10_05_T13:18:26 -  Model step started
2024_10_05_T13:18:26 -  clearHangingSupplies started
2024_10_05_T13:18:26 -  clearHangingSupplies took 6.103515625e-5
2024_10_05_T13:18:26 -  clearHangingRentalSupplies started
2024_10_05_T13:18:26 -  clearHangingRentalSupplies took 2.86102294921875e-6
2024_10_05_T13:18:26 -  clearHouseMarket started
2024_10_05_T13:18:26 -  clearHouseMarket - first block took 0.17024016380310059
2024_10_05_T13:18:26 -  clearHouseMarket - second block took 0.006254911422729492
2024_10_05_T13:18:26 -  clearHouseMarket - third block took 0.0011730194091796875
2024_10_05_T13:18:26 -  clearRentalMarket started
2024_10_05_T13:18:26 -  clearRentalMarket - first block took 2.7894973754882812e-5
2024_10_05_T13:18:26 -  clearRentalMarket - second block took 1.9073486328125e-6
2024_10_05_T13:18:27 -  Model step took 0.3359560966491699 seconds
2024_10_05_T13:18:58 -  Model step started
2024_10_05_T13:18:58 -  clearHangingSupplies started
2024_10_05_T13:18:58 -  clearHangingSupplies took 3.409385681152344e-5
2024_10_05_T13:18:58 -  clearHangingRentalSupplies started
2024_10_05_T13:18:58 -  clearHangingRentalSupplies took 4.0531158447265625e-6
2024_10_05_T13:18:58 -  clearHouseMarket started
2024_10_05_T13:18:58 -  clearHouseMarket - first block took 0.169281005859375
2024_10_05_T13:18:58 -  clearHouseMarket - second block took 0.0010061264038085938
2024_10_05_T13:18:58 -  clearHouseMarket - third block took 0.004235982894897461
2024_10_05_T13:18:58 -  clearRentalMarket started
2024_10_05_T13:18:58 -  clearRentalMarket - first block took 3.600120544433594e-5
2024_10_05_T13:18:58 -  clearRentalMarket - second block took 5.0067901611328125e-6
2024_10_05_T13:18:58 -  Model step took 0.36025404930114746 seconds
2024_10_05_T13:19:37 -  Model step started
2024_10_05_T13:19:37 -  clearHangingSupplies started
2024_10_05_T13:19:37 -  clearHangingSupplies took 2.7894973754882812e-5
2024_10_05_T13:19:37 -  clearHangingRentalSupplies started
2024_10_05_T13:19:37 -  clearHangingRentalSupplies took 4.0531158447265625e-6
2024_10_05_T13:19:37 -  clearHouseMarket started
2024_10_05_T13:19:37 -  clearHouseMarket - first block took 0.08101892471313477
2024_10_05_T13:19:37 -  clearHouseMarket - second block took 0.0003979206085205078
2024_10_05_T13:19:37 -  clearHouseMarket - third block took 0.0013260841369628906
2024_10_05_T13:19:37 -  clearRentalMarket started
2024_10_05_T13:19:37 -  clearRentalMarket - first block took 2.5033950805664062e-5
2024_10_05_T13:19:37 -  clearRentalMarket - second block took 1.9073486328125e-6
2024_10_05_T13:19:37 -  Model step took 0.33810877799987793 seconds
2024_10_05_T13:20:14 -  Model step started
2024_10_05_T13:20:14 -  clearHangingSupplies started
2024_10_05_T13:20:14 -  clearHangingSupplies took 2.193450927734375e-5
2024_10_05_T13:20:14 -  clearHangingRentalSupplies started
2024_10_05_T13:20:14 -  clearHangingRentalSupplies took 4.0531158447265625e-6
2024_10_05_T13:20:14 -  clearHouseMarket started
2024_10_05_T13:20:14 -  clearHouseMarket - first block took 0.057106971740722656
2024_10_05_T13:20:14 -  clearHouseMarket - second block took 0.00067901611328125
2024_10_05_T13:20:14 -  clearHouseMarket - third block took 0.0012369155883789062
2024_10_05_T13:20:14 -  clearRentalMarket started
2024_10_05_T13:20:14 -  clearRentalMarket - first block took 3.695487976074219e-5
2024_10_05_T13:20:14 -  clearRentalMarket - second block took 9.5367431640625e-7
2024_10_05_T13:20:14 -  Model step took 0.23051095008850098 seconds
2024_10_05_T13:20:43 -  Model step started
2024_10_05_T13:20:43 -  clearHangingSupplies started
2024_10_05_T13:20:43 -  clearHangingSupplies took 1.71661376953125e-5
2024_10_05_T13:20:43 -  clearHangingRentalSupplies started
2024_10_05_T13:20:43 -  clearHangingRentalSupplies took 8.296966552734375e-5
2024_10_05_T13:20:43 -  clearHouseMarket started
2024_10_05_T13:20:43 -  clearHouseMarket - first block took 0.009950876235961914
2024_10_05_T13:20:43 -  clearHouseMarket - second block took 0.0003440380096435547
2024_10_05_T13:20:43 -  clearHouseMarket - third block took 0.0014522075653076172
2024_10_05_T13:20:43 -  clearRentalMarket started
2024_10_05_T13:20:43 -  clearRentalMarket - first block took 0.005071878433227539
2024_10_05_T13:20:43 -  clearRentalMarket - second block took 0.00011801719665527344
2024_10_05_T13:20:43 -  Model step took 0.21285009384155273 seconds
2024_10_05_T13:21:08 -  Model step started
2024_10_05_T13:21:08 -  clearHangingSupplies started
2024_10_05_T13:21:08 -  clearHangingSupplies took 5.9604644775390625e-6
2024_10_05_T13:21:08 -  clearHangingRentalSupplies started
2024_10_05_T13:21:08 -  clearHangingRentalSupplies took 5.9604644775390625e-6
2024_10_05_T13:21:08 -  clearHouseMarket started
2024_10_05_T13:21:08 -  clearHouseMarket - first block took 2.8133392333984375e-5
2024_10_05_T13:21:08 -  clearHouseMarket - second block took 2.1457672119140625e-6
2024_10_05_T13:21:08 -  clearHouseMarket - third block took 0.0012710094451904297
2024_10_05_T13:21:08 -  clearRentalMarket started
2024_10_05_T13:21:08 -  clearRentalMarket - first block took 4.100799560546875e-5
2024_10_05_T13:21:08 -  clearRentalMarket - second block took 2.1457672119140625e-6
2024_10_05_T13:21:08 -  Model step took 0.27829790115356445 seconds
2024_10_05_T13:21:30 -  Model step started
2024_10_05_T13:21:30 -  clearHangingSupplies started
2024_10_05_T13:21:30 -  clearHangingSupplies took 5.9604644775390625e-6
2024_10_05_T13:21:30 -  clearHangingRentalSupplies started
2024_10_05_T13:21:30 -  clearHangingRentalSupplies took 2.86102294921875e-6
2024_10_05_T13:21:30 -  clearHouseMarket started
2024_10_05_T13:21:30 -  clearHouseMarket - first block took 2.2172927856445312e-5
2024_10_05_T13:21:30 -  clearHouseMarket - second block took 2.86102294921875e-6
2024_10_05_T13:21:30 -  clearHouseMarket - third block took 0.0010638236999511719
2024_10_05_T13:21:30 -  clearRentalMarket started
2024_10_05_T13:21:30 -  clearRentalMarket - first block took 1.5974044799804688e-5
2024_10_05_T13:21:30 -  clearRentalMarket - second block took 9.5367431640625e-7
2024_10_05_T13:21:30 -  Model step took 0.12723994255065918 seconds
2024_10_05_T13:21:44 -  Model step started
2024_10_05_T13:21:44 -  clearHangingSupplies started
2024_10_05_T13:21:44 -  clearHangingSupplies took 9.059906005859375e-6
2024_10_05_T13:21:44 -  clearHangingRentalSupplies started
2024_10_05_T13:21:44 -  clearHangingRentalSupplies took 2.86102294921875e-6
2024_10_05_T13:21:44 -  clearHouseMarket started
2024_10_05_T13:21:44 -  clearHouseMarket - first block took 0.0051000118255615234
2024_10_05_T13:21:44 -  clearHouseMarket - second block took 0.00033593177795410156
2024_10_05_T13:21:44 -  clearHouseMarket - third block took 0.002592802047729492
2024_10_05_T13:21:44 -  clearRentalMarket started
2024_10_05_T13:21:44 -  clearRentalMarket - first block took 2.7894973754882812e-5
2024_10_05_T13:21:44 -  clearRentalMarket - second block took 1.1920928955078125e-6
2024_10_05_T13:21:44 -  Model step took 0.10784912109375 seconds
2024_10_05_T13:21:57 -  Model step started
2024_10_05_T13:21:57 -  clearHangingSupplies started
2024_10_05_T13:21:57 -  clearHangingSupplies took 8.106231689453125e-6
2024_10_05_T13:21:57 -  clearHangingRentalSupplies started
2024_10_05_T13:21:57 -  clearHangingRentalSupplies took 4.0531158447265625e-6
2024_10_05_T13:21:57 -  clearHouseMarket started
2024_10_05_T13:21:57 -  clearHouseMarket - first block took 0.004926919937133789
2024_10_05_T13:21:57 -  clearHouseMarket - second block took 0.0032219886779785156
2024_10_05_T13:21:57 -  clearHouseMarket - third block took 0.0011098384857177734
2024_10_05_T13:21:57 -  clearRentalMarket started
2024_10_05_T13:21:57 -  clearRentalMarket - first block took 2.4080276489257812e-5
2024_10_05_T13:21:57 -  clearRentalMarket - second block took 1.9073486328125e-6
2024_10_05_T13:21:57 -  Model step took 0.10073995590209961 seconds
2024_10_05_T13:22:10 -  Model step started
2024_10_05_T13:22:10 -  clearHangingSupplies started
2024_10_05_T13:22:10 -  clearHangingSupplies took 4.0531158447265625e-6
2024_10_05_T13:22:10 -  clearHangingRentalSupplies started
2024_10_05_T13:22:10 -  clearHangingRentalSupplies took 2.86102294921875e-6
2024_10_05_T13:22:10 -  clearHouseMarket started
2024_10_05_T13:22:10 -  clearHouseMarket - first block took 2.193450927734375e-5
2024_10_05_T13:22:10 -  clearHouseMarket - second block took 1.9073486328125e-6
2024_10_05_T13:22:10 -  clearHouseMarket - third block took 0.001291036605834961
2024_10_05_T13:22:10 -  clearRentalMarket started
2024_10_05_T13:22:10 -  clearRentalMarket - first block took 2.384185791015625e-5
2024_10_05_T13:22:10 -  clearRentalMarket - second block took 2.1457672119140625e-6
2024_10_05_T13:22:10 -  Model step took 0.10109114646911621 seconds
2024_10_05_T13:22:23 -  Model step started
2024_10_05_T13:22:23 -  clearHangingSupplies started
2024_10_05_T13:22:23 -  clearHangingSupplies took 2.86102294921875e-6
2024_10_05_T13:22:24 -  clearHangingRentalSupplies started
2024_10_05_T13:22:24 -  clearHangingRentalSupplies took 3.0994415283203125e-6
2024_10_05_T13:22:24 -  clearHouseMarket started
2024_10_05_T13:22:24 -  clearHouseMarket - first block took 2.5033950805664062e-5
2024_10_05_T13:22:24 -  clearHouseMarket - second block took 1.9073486328125e-6
2024_10_05_T13:22:24 -  clearHouseMarket - third block took 0.0024461746215820312
2024_10_05_T13:22:24 -  clearRentalMarket started
2024_10_05_T13:22:24 -  clearRentalMarket - first block took 2.9087066650390625e-5
2024_10_05_T13:22:24 -  clearRentalMarket - second block took 9.5367431640625e-7
2024_10_05_T13:22:24 -  Model step took 0.11592602729797363 seconds
2024_10_05_T13:22:37 -  Model step started
2024_10_05_T13:22:37 -  clearHangingSupplies started
2024_10_05_T13:22:37 -  clearHangingSupplies took 1.4066696166992188e-5
2024_10_05_T13:22:37 -  clearHangingRentalSupplies started
2024_10_05_T13:22:37 -  clearHangingRentalSupplies took 1.9073486328125e-6
2024_10_05_T13:22:37 -  clearHouseMarket started
2024_10_05_T13:22:37 -  clearHouseMarket - first block took 0.017599105834960938
2024_10_05_T13:22:37 -  clearHouseMarket - second block took 0.00030303001403808594
2024_10_05_T13:22:37 -  clearHouseMarket - third block took 0.001313924789428711
2024_10_05_T13:22:37 -  clearRentalMarket started
2024_10_05_T13:22:37 -  clearRentalMarket - first block took 3.314018249511719e-5
2024_10_05_T13:22:37 -  clearRentalMarket - second block took 2.1457672119140625e-6
2024_10_05_T13:22:37 -  Model step took 0.17847990989685059 seconds
2024_10_05_T13:22:51 -  Model step started
2024_10_05_T13:22:51 -  clearHangingSupplies started
2024_10_05_T13:22:51 -  clearHangingSupplies took 7.867813110351562e-6
2024_10_05_T13:22:51 -  clearHangingRentalSupplies started
2024_10_05_T13:22:51 -  clearHangingRentalSupplies took 1.6927719116210938e-5
2024_10_05_T13:22:51 -  clearHouseMarket started
2024_10_05_T13:22:51 -  clearHouseMarket - first block took 0.011734962463378906
2024_10_05_T13:22:51 -  clearHouseMarket - second block took 0.0004489421844482422
2024_10_05_T13:22:51 -  clearHouseMarket - third block took 0.0015139579772949219
2024_10_05_T13:22:51 -  clearRentalMarket started
2024_10_05_T13:22:51 -  clearRentalMarket - first block took 2.002716064453125e-5
2024_10_05_T13:22:51 -  clearRentalMarket - second block took 1.9073486328125e-6
2024_10_05_T13:22:51 -  Model step took 0.12511301040649414 seconds
2024_10_05_T13:23:05 -  Model step started
2024_10_05_T13:23:05 -  clearHangingSupplies started
2024_10_05_T13:23:05 -  clearHangingSupplies took 4.0531158447265625e-6
2024_10_05_T13:23:05 -  clearHangingRentalSupplies started
2024_10_05_T13:23:05 -  clearHangingRentalSupplies took 3.0994415283203125e-6
2024_10_05_T13:23:05 -  clearHouseMarket started
2024_10_05_T13:23:05 -  clearHouseMarket - first block took 2.5033950805664062e-5
2024_10_05_T13:23:05 -  clearHouseMarket - second block took 9.5367431640625e-7
2024_10_05_T13:23:05 -  clearHouseMarket - third block took 0.0018107891082763672
2024_10_05_T13:23:05 -  clearRentalMarket started
2024_10_05_T13:23:05 -  clearRentalMarket - first block took 2.193450927734375e-5
2024_10_05_T13:23:05 -  clearRentalMarket - second block took 2.1457672119140625e-6
2024_10_05_T13:23:05 -  Model step took 0.12389516830444336 seconds
2024_10_05_T13:23:19 -  Model step started
2024_10_05_T13:23:19 -  clearHangingSupplies started
2024_10_05_T13:23:19 -  clearHangingSupplies took 1.2874603271484375e-5
2024_10_05_T13:23:19 -  clearHangingRentalSupplies started
2024_10_05_T13:23:19 -  clearHangingRentalSupplies took 3.0994415283203125e-6
2024_10_05_T13:23:19 -  clearHouseMarket started
2024_10_05_T13:23:19 -  clearHouseMarket - first block took 0.014282941818237305
2024_10_05_T13:23:19 -  clearHouseMarket - second block took 0.00047707557678222656
2024_10_05_T13:23:19 -  clearHouseMarket - third block took 0.0013768672943115234
2024_10_05_T13:23:19 -  clearRentalMarket started
2024_10_05_T13:23:19 -  clearRentalMarket - first block took 2.193450927734375e-5
2024_10_05_T13:23:19 -  clearRentalMarket - second block took 2.1457672119140625e-6
2024_10_05_T13:23:19 -  Model step took 0.13698291778564453 seconds
2024_10_05_T13:23:34 -  Model step started
2024_10_05_T13:23:34 -  clearHangingSupplies started
2024_10_05_T13:23:34 -  clearHangingSupplies took 1.2874603271484375e-5
2024_10_05_T13:23:34 -  clearHangingRentalSupplies started
2024_10_05_T13:23:34 -  clearHangingRentalSupplies took 4.00543212890625e-5
2024_10_05_T13:23:34 -  clearHouseMarket started
2024_10_05_T13:23:34 -  clearHouseMarket - first block took 0.008656978607177734
2024_10_05_T13:23:34 -  clearHouseMarket - second block took 0.0003490447998046875
2024_10_05_T13:23:34 -  clearHouseMarket - third block took 0.0012819766998291016
2024_10_05_T13:23:34 -  clearRentalMarket started
2024_10_05_T13:23:34 -  clearRentalMarket - first block took 1.6927719116210938e-5
2024_10_05_T13:23:34 -  clearRentalMarket - second block took 1.1920928955078125e-6
2024_10_05_T13:23:34 -  Model step took 0.1667790412902832 seconds
2024_10_05_T13:23:48 -  Model step started
2024_10_05_T13:23:48 -  clearHangingSupplies started
2024_10_05_T13:23:48 -  clearHangingSupplies took 1.0013580322265625e-5
2024_10_05_T13:23:48 -  clearHangingRentalSupplies started
2024_10_05_T13:23:48 -  clearHangingRentalSupplies took 2.1457672119140625e-6
2024_10_05_T13:23:48 -  clearHouseMarket started
2024_10_05_T13:23:48 -  clearHouseMarket - first block took 0.043112993240356445
2024_10_05_T13:23:48 -  clearHouseMarket - second block took 0.00351715087890625
2024_10_05_T13:23:48 -  clearHouseMarket - third block took 0.0013608932495117188
2024_10_05_T13:23:48 -  clearRentalMarket started
2024_10_05_T13:23:48 -  clearRentalMarket - first block took 2.2172927856445312e-5
2024_10_05_T13:23:48 -  clearRentalMarket - second block took 1.9073486328125e-6
2024_10_05_T13:23:48 -  Model step took 0.16003704071044922 seconds
2024_10_05_T13:24:04 -  Model step started
2024_10_05_T13:24:04 -  clearHangingSupplies started
2024_10_05_T13:24:04 -  clearHangingSupplies took 1.0967254638671875e-5
2024_10_05_T13:24:04 -  clearHangingRentalSupplies started
2024_10_05_T13:24:04 -  clearHangingRentalSupplies took 5.0067901611328125e-6
2024_10_05_T13:24:04 -  clearHouseMarket started
2024_10_05_T13:24:04 -  clearHouseMarket - first block took 0.023662090301513672
2024_10_05_T13:24:04 -  clearHouseMarket - second block took 0.001444101333618164
2024_10_05_T13:24:04 -  clearHouseMarket - third block took 0.0015249252319335938
2024_10_05_T13:24:04 -  clearRentalMarket started
2024_10_05_T13:24:04 -  clearRentalMarket - first block took 0.01200413703918457
2024_10_05_T13:24:04 -  clearRentalMarket - second block took 0.0002448558807373047
2024_10_05_T13:24:04 -  Pushed house into housesBuiltPerRegion (location,size) = (Lisboa, LessThan125)
2024_10_05_T13:24:04 -  Model step took 0.27595090866088867 seconds
2024_10_05_T13:24:19 -  Model step started
2024_10_05_T13:24:19 -  clearHangingSupplies started
2024_10_05_T13:24:19 -  clearHangingSupplies took 2.4080276489257812e-5
2024_10_05_T13:24:19 -  clearHangingRentalSupplies started
2024_10_05_T13:24:19 -  clearHangingRentalSupplies took 1.9073486328125e-5
2024_10_05_T13:24:19 -  clearHouseMarket started
2024_10_05_T13:24:19 -  clearHouseMarket - first block took 0.042443037033081055
2024_10_05_T13:24:19 -  clearHouseMarket - second block took 0.004550933837890625
2024_10_05_T13:24:19 -  clearHouseMarket - third block took 0.0015289783477783203
2024_10_05_T13:24:19 -  clearRentalMarket started
2024_10_05_T13:24:19 -  clearRentalMarket - first block took 0.04030799865722656
2024_10_05_T13:24:19 -  clearRentalMarket - second block took 0.0007369518280029297
2024_10_05_T13:24:19 -  Model step took 0.23658514022827148 seconds
2024_10_05_T13:24:35 -  Model step started
2024_10_05_T13:24:35 -  clearHangingSupplies started
2024_10_05_T13:24:35 -  clearHangingSupplies took 8.821487426757812e-6
2024_10_05_T13:24:35 -  clearHangingRentalSupplies started
2024_10_05_T13:24:35 -  clearHangingRentalSupplies took 3.504753112792969e-5
2024_10_05_T13:24:35 -  clearHouseMarket started
2024_10_05_T13:24:35 -  clearHouseMarket - first block took 0.015373945236206055
2024_10_05_T13:24:35 -  clearHouseMarket - second block took 0.0010221004486083984
2024_10_05_T13:24:35 -  clearHouseMarket - third block took 0.0025398731231689453
2024_10_05_T13:24:35 -  clearRentalMarket started
2024_10_05_T13:24:35 -  clearRentalMarket - first block took 2.9802322387695312e-5
2024_10_05_T13:24:35 -  clearRentalMarket - second block took 1.9073486328125e-6
2024_10_05_T13:24:35 -  Pushed house into housesBuiltPerRegion (location,size) = (Lisboa, More)
2024_10_05_T13:24:35 -  Model step took 0.17012906074523926 seconds
2024_10_05_T13:24:50 -  Model step started
2024_10_05_T13:24:50 -  clearHangingSupplies started
2024_10_05_T13:24:50 -  clearHangingSupplies took 1.0013580322265625e-5
2024_10_05_T13:24:50 -  clearHangingRentalSupplies started
2024_10_05_T13:24:50 -  clearHangingRentalSupplies took 2.1457672119140625e-6
2024_10_05_T13:24:50 -  clearHouseMarket started
2024_10_05_T13:24:50 -  clearHouseMarket - first block took 0.02392721176147461
2024_10_05_T13:24:50 -  clearHouseMarket - second block took 0.0006890296936035156
2024_10_05_T13:24:50 -  clearHouseMarket - third block took 0.0016069412231445312
2024_10_05_T13:24:50 -  clearRentalMarket started
2024_10_05_T13:24:50 -  clearRentalMarket - first block took 2.09808349609375e-5
2024_10_05_T13:24:50 -  clearRentalMarket - second block took 9.5367431640625e-7
2024_10_05_T13:24:50 -  Pushed house into housesBuiltPerRegion (location,size) = (Lisboa, More)
2024_10_05_T13:24:50 -  Model step took 0.16731595993041992 seconds
2024_10_05_T13:25:06 -  Model step started
2024_10_05_T13:25:06 -  clearHangingSupplies started
2024_10_05_T13:25:06 -  clearHangingSupplies took 6.9141387939453125e-6
2024_10_05_T13:25:06 -  clearHangingRentalSupplies started
2024_10_05_T13:25:06 -  clearHangingRentalSupplies took 1.9073486328125e-6
2024_10_05_T13:25:06 -  clearHouseMarket started
2024_10_05_T13:25:06 -  clearHouseMarket - first block took 0.016317129135131836
2024_10_05_T13:25:06 -  clearHouseMarket - second block took 0.0008428096771240234
2024_10_05_T13:25:06 -  clearHouseMarket - third block took 0.0015730857849121094
2024_10_05_T13:25:06 -  clearRentalMarket started
2024_10_05_T13:25:06 -  clearRentalMarket - first block took 2.4080276489257812e-5
2024_10_05_T13:25:06 -  clearRentalMarket - second block took 2.86102294921875e-6
2024_10_05_T13:25:06 -  Model step took 0.1657729148864746 seconds
2024_10_05_T13:25:22 -  Model step started
2024_10_05_T13:25:22 -  clearHangingSupplies started
2024_10_05_T13:25:22 -  clearHangingSupplies took 4.0531158447265625e-6
2024_10_05_T13:25:22 -  clearHangingRentalSupplies started
2024_10_05_T13:25:22 -  clearHangingRentalSupplies took 1.9073486328125e-6
2024_10_05_T13:25:22 -  clearHouseMarket started
2024_10_05_T13:25:22 -  clearHouseMarket - first block took 1.5020370483398438e-5
2024_10_05_T13:25:22 -  clearHouseMarket - second block took 9.5367431640625e-7
2024_10_05_T13:25:22 -  clearHouseMarket - third block took 0.0014271736145019531
2024_10_05_T13:25:22 -  clearRentalMarket started
2024_10_05_T13:25:22 -  clearRentalMarket - first block took 1.2159347534179688e-5
2024_10_05_T13:25:22 -  clearRentalMarket - second block took 9.5367431640625e-7
2024_10_05_T13:25:22 -  Model step took 0.15993905067443848 seconds
2024_10_05_T13:25:39 -  Model step started
2024_10_05_T13:25:39 -  clearHangingSupplies started
2024_10_05_T13:25:39 -  clearHangingSupplies took 8.106231689453125e-6
2024_10_05_T13:25:39 -  clearHangingRentalSupplies started
2024_10_05_T13:25:39 -  clearHangingRentalSupplies took 2.86102294921875e-6
2024_10_05_T13:25:39 -  clearHouseMarket started
2024_10_05_T13:25:39 -  clearHouseMarket - first block took 0.004170894622802734
2024_10_05_T13:25:39 -  clearHouseMarket - second block took 0.000308990478515625
2024_10_05_T13:25:39 -  clearHouseMarket - third block took 0.001669168472290039
2024_10_05_T13:25:39 -  clearRentalMarket started
2024_10_05_T13:25:39 -  clearRentalMarket - first block took 2.5033950805664062e-5
2024_10_05_T13:25:39 -  clearRentalMarket - second block took 5.0067901611328125e-6
2024_10_05_T13:25:39 -  Pushed house into housesBuiltPerRegion (location,size) = (Lisboa, LessThan50)
2024_10_05_T13:25:39 -  Model step took 0.1534109115600586 seconds
2024_10_05_T13:25:57 -  Model step started
2024_10_05_T13:25:57 -  clearHangingSupplies started
2024_10_05_T13:25:57 -  clearHangingSupplies took 1.0013580322265625e-5
2024_10_05_T13:25:57 -  clearHangingRentalSupplies started
2024_10_05_T13:25:57 -  clearHangingRentalSupplies took 3.0994415283203125e-6
2024_10_05_T13:25:57 -  clearHouseMarket started
2024_10_05_T13:25:57 -  clearHouseMarket - first block took 0.03261590003967285
2024_10_05_T13:25:57 -  clearHouseMarket - second block took 0.0014829635620117188
2024_10_05_T13:25:57 -  clearHouseMarket - third block took 0.0016541481018066406
2024_10_05_T13:25:57 -  clearRentalMarket started
2024_10_05_T13:25:57 -  clearRentalMarket - first block took 1.9073486328125e-5
2024_10_05_T13:25:57 -  clearRentalMarket - second block took 9.5367431640625e-7
2024_10_05_T13:25:57 -  Pushed house into housesBuiltPerRegion (location,size) = (Lisboa, LessThan50)
2024_10_05_T13:25:57 -  Model step took 0.19142389297485352 seconds
2024_10_05_T13:26:14 -  Model step started
2024_10_05_T13:26:14 -  clearHangingSupplies started
2024_10_05_T13:26:14 -  clearHangingSupplies took 9.059906005859375e-6
2024_10_05_T13:26:14 -  clearHangingRentalSupplies started
2024_10_05_T13:26:14 -  clearHangingRentalSupplies took 9.059906005859375e-6
2024_10_05_T13:26:14 -  clearHouseMarket started
2024_10_05_T13:26:14 -  clearHouseMarket - first block took 0.004866123199462891
2024_10_05_T13:26:14 -  clearHouseMarket - second block took 0.00023102760314941406
2024_10_05_T13:26:14 -  clearHouseMarket - third block took 0.001692056655883789
2024_10_05_T13:26:14 -  clearRentalMarket started
2024_10_05_T13:26:14 -  clearRentalMarket - first block took 0.031096935272216797
2024_10_05_T13:26:14 -  clearRentalMarket - second block took 0.0007159709930419922
2024_10_05_T13:26:14 -  Pushed house into housesBuiltPerRegion (location,size) = (Lisboa, More)
2024_10_05_T13:26:14 -  Pushed house into housesBuiltPerRegion (location,size) = (Lisboa, More)
2024_10_05_T13:26:14 -  Model step took 0.2631239891052246 seconds
2024_10_05_T13:26:31 -  Model step started
2024_10_05_T13:26:31 -  clearHangingSupplies started
2024_10_05_T13:26:31 -  clearHangingSupplies took 7.152557373046875e-6
2024_10_05_T13:26:31 -  clearHangingRentalSupplies started
2024_10_05_T13:26:31 -  clearHangingRentalSupplies took 1.9073486328125e-6
2024_10_05_T13:26:31 -  clearHouseMarket started
2024_10_05_T13:26:31 -  clearHouseMarket - first block took 0.022825002670288086
2024_10_05_T13:26:31 -  clearHouseMarket - second block took 0.0005681514739990234
2024_10_05_T13:26:31 -  clearHouseMarket - third block took 0.0016529560089111328
2024_10_05_T13:26:31 -  clearRentalMarket started
2024_10_05_T13:26:31 -  clearRentalMarket - first block took 2.09808349609375e-5
2024_10_05_T13:26:31 -  clearRentalMarket - second block took 2.1457672119140625e-6
2024_10_05_T13:26:31 -  Model step took 0.19053292274475098 seconds
2024_10_05_T13:26:48 -  Model step started
2024_10_05_T13:26:48 -  clearHangingSupplies started
2024_10_05_T13:26:48 -  clearHangingSupplies took 1.0013580322265625e-5
2024_10_05_T13:26:48 -  clearHangingRentalSupplies started
2024_10_05_T13:26:48 -  clearHangingRentalSupplies took 2.86102294921875e-6
2024_10_05_T13:26:48 -  clearHouseMarket started
2024_10_05_T13:26:48 -  clearHouseMarket - first block took 0.012634038925170898
2024_10_05_T13:26:48 -  clearHouseMarket - second block took 0.00041294097900390625
2024_10_05_T13:26:48 -  clearHouseMarket - third block took 0.0018041133880615234
2024_10_05_T13:26:48 -  clearRentalMarket started
2024_10_05_T13:26:48 -  clearRentalMarket - first block took 2.384185791015625e-5
2024_10_05_T13:26:48 -  clearRentalMarket - second block took 1.9073486328125e-6
2024_10_05_T13:26:48 -  Pushed house into housesBuiltPerRegion (location,size) = (Lisboa, More)
2024_10_05_T13:26:49 -  Model step took 0.2577970027923584 seconds
