2024_10_05_T15:17:20 -  finished initateHouses in 0.7361578941345215 seconds
2024_10_05_T15:17:20 -  finished initiateHouseholds in 0.9621429443359375 seconds
2024_10_05_T15:17:20 -  finished assignHousesToHouseholds in 1.1677570343017578 seconds
2024_10_05_T15:17:36 -  Model step started
2024_10_05_T15:17:36 -  clearHangingSupplies started
2024_10_05_T15:17:36 -  clearHangingSupplies took 0.005254030227661133
2024_10_05_T15:17:36 -  clearHangingRentalSupplies started
2024_10_05_T15:17:36 -  clearHangingRentalSupplies took 0.013290882110595703
2024_10_05_T15:17:36 -  clearHouseMarket started
2024_10_05_T15:17:38 -  clearHouseMarket - first block took 1.7756900787353516
2024_10_05_T15:17:39 -  clearHouseMarket - second block took 0.27501511573791504
2024_10_05_T15:17:39 -  clearHouseMarket - third block took 0.013744115829467773
2024_10_05_T15:17:39 -  clearRentalMarket started
2024_10_05_T15:17:39 -  clearRentalMarket - first block took 0.6642930507659912
2024_10_05_T15:17:39 -  clearRentalMarket - second block took 0.04774594306945801
2024_10_05_T15:17:40 -  Model step took 3.143812894821167 seconds
2024_10_05_T15:17:48 -  Model step started
2024_10_05_T15:17:48 -  clearHangingSupplies started
2024_10_05_T15:17:48 -  clearHangingSupplies took 0.0005240440368652344
2024_10_05_T15:17:48 -  clearHangingRentalSupplies started
2024_10_05_T15:17:48 -  clearHangingRentalSupplies took 7.796287536621094e-5
2024_10_05_T15:17:48 -  clearHouseMarket started
2024_10_05_T15:17:50 -  clearHouseMarket - first block took 2.3304760456085205
2024_10_05_T15:17:50 -  clearHouseMarket - second block took 0.018014907836914062
2024_10_05_T15:17:50 -  clearHouseMarket - third block took 0.000823974609375
2024_10_05_T15:17:50 -  clearRentalMarket started
2024_10_05_T15:17:50 -  clearRentalMarket - first block took 0.1277141571044922
2024_10_05_T15:17:50 -  clearRentalMarket - second block took 0.002017974853515625
2024_10_05_T15:17:50 -  Model step took 2.517102003097534 seconds
2024_10_05_T15:17:59 -  Model step started
2024_10_05_T15:17:59 -  clearHangingSupplies started
2024_10_05_T15:17:59 -  clearHangingSupplies took 0.0004909038543701172
2024_10_05_T15:17:59 -  clearHangingRentalSupplies started
2024_10_05_T15:17:59 -  clearHangingRentalSupplies took 5.1975250244140625e-5
2024_10_05_T15:17:59 -  clearHouseMarket started
2024_10_05_T15:18:01 -  clearHouseMarket - first block took 2.4520490169525146
2024_10_05_T15:18:01 -  clearHouseMarket - second block took 0.01759505271911621
2024_10_05_T15:18:01 -  clearHouseMarket - third block took 0.0006709098815917969
2024_10_05_T15:18:01 -  clearRentalMarket started
2024_10_05_T15:18:01 -  clearRentalMarket - first block took 0.23383307456970215
2024_10_05_T15:18:01 -  clearRentalMarket - second block took 0.003779172897338867
2024_10_05_T15:18:01 -  Model step took 2.7516260147094727 seconds
2024_10_05_T15:18:10 -  Model step started
2024_10_05_T15:18:10 -  clearHangingSupplies started
2024_10_05_T15:18:10 -  clearHangingSupplies took 0.000492095947265625
2024_10_05_T15:18:10 -  clearHangingRentalSupplies started
2024_10_05_T15:18:10 -  clearHangingRentalSupplies took 3.0994415283203125e-5
2024_10_05_T15:18:10 -  clearHouseMarket started
2024_10_05_T15:18:12 -  clearHouseMarket - first block took 2.135175943374634
2024_10_05_T15:18:12 -  clearHouseMarket - second block took 0.00811314582824707
2024_10_05_T15:18:12 -  clearHouseMarket - third block took 0.0008978843688964844
2024_10_05_T15:18:12 -  clearRentalMarket started
2024_10_05_T15:18:12 -  clearRentalMarket - first block took 0.060864925384521484
2024_10_05_T15:18:12 -  clearRentalMarket - second block took 0.0012989044189453125
2024_10_05_T15:18:12 -  Model step took 2.266901969909668 seconds
2024_10_05_T15:18:22 -  Model step started
2024_10_05_T15:18:22 -  clearHangingSupplies started
2024_10_05_T15:18:22 -  clearHangingSupplies took 0.0003600120544433594
2024_10_05_T15:18:22 -  clearHangingRentalSupplies started
2024_10_05_T15:18:22 -  clearHangingRentalSupplies took 1.6927719116210938e-5
2024_10_05_T15:18:22 -  clearHouseMarket started
2024_10_05_T15:18:24 -  clearHouseMarket - first block took 2.0026018619537354
2024_10_05_T15:18:24 -  clearHouseMarket - second block took 0.025903940200805664
2024_10_05_T15:18:24 -  clearHouseMarket - third block took 0.001971006393432617
2024_10_05_T15:18:24 -  clearRentalMarket started
2024_10_05_T15:18:24 -  clearRentalMarket - first block took 0.02170705795288086
2024_10_05_T15:18:24 -  clearRentalMarket - second block took 0.0003609657287597656
2024_10_05_T15:18:24 -  Model step took 2.0986759662628174 seconds
2024_10_05_T15:18:34 -  Model step started
2024_10_05_T15:18:34 -  clearHangingSupplies started
2024_10_05_T15:18:34 -  clearHangingSupplies took 0.000553131103515625
2024_10_05_T15:18:34 -  clearHangingRentalSupplies started
2024_10_05_T15:18:34 -  clearHangingRentalSupplies took 2.9087066650390625e-5
2024_10_05_T15:18:34 -  clearHouseMarket started
2024_10_05_T15:18:36 -  clearHouseMarket - first block took 1.881687879562378
2024_10_05_T15:18:36 -  clearHouseMarket - second block took 0.01034092903137207
2024_10_05_T15:18:36 -  clearHouseMarket - third block took 0.0008261203765869141
2024_10_05_T15:18:36 -  clearRentalMarket started
2024_10_05_T15:18:36 -  clearRentalMarket - first block took 0.024013996124267578
2024_10_05_T15:18:36 -  clearRentalMarket - second block took 0.00047898292541503906
2024_10_05_T15:18:36 -  Model step took 1.9814519882202148 seconds
2024_10_05_T15:18:46 -  Model step started
2024_10_05_T15:18:46 -  clearHangingSupplies started
2024_10_05_T15:18:46 -  clearHangingSupplies took 0.00043702125549316406
2024_10_05_T15:18:46 -  clearHangingRentalSupplies started
2024_10_05_T15:18:46 -  clearHangingRentalSupplies took 1.1205673217773438e-5
2024_10_05_T15:18:46 -  clearHouseMarket started
2024_10_05_T15:18:48 -  clearHouseMarket - first block took 1.8295648097991943
2024_10_05_T15:18:48 -  clearHouseMarket - second block took 0.008169174194335938
2024_10_05_T15:18:48 -  clearHouseMarket - third block took 0.001065969467163086
2024_10_05_T15:18:48 -  clearRentalMarket started
2024_10_05_T15:18:48 -  clearRentalMarket - first block took 0.0340731143951416
2024_10_05_T15:18:48 -  clearRentalMarket - second block took 0.0004718303680419922
2024_10_05_T15:18:48 -  Model step took 1.9307341575622559 seconds
2024_10_05_T15:18:58 -  Model step started
2024_10_05_T15:18:58 -  clearHangingSupplies started
2024_10_05_T15:18:58 -  clearHangingSupplies took 0.000308990478515625
2024_10_05_T15:18:58 -  clearHangingRentalSupplies started
2024_10_05_T15:18:58 -  clearHangingRentalSupplies took 1.0013580322265625e-5
2024_10_05_T15:18:58 -  clearHouseMarket started
2024_10_05_T15:19:00 -  clearHouseMarket - first block took 1.7386338710784912
2024_10_05_T15:19:00 -  clearHouseMarket - second block took 0.010843992233276367
2024_10_05_T15:19:00 -  clearHouseMarket - third block took 0.0009419918060302734
2024_10_05_T15:19:00 -  clearRentalMarket started
2024_10_05_T15:19:00 -  clearRentalMarket - first block took 0.01584315299987793
2024_10_05_T15:19:00 -  clearRentalMarket - second block took 0.0003409385681152344
2024_10_05_T15:19:00 -  Model step took 1.8226499557495117 seconds
2024_10_05_T15:19:10 -  Model step started
2024_10_05_T15:19:10 -  clearHangingSupplies started
2024_10_05_T15:19:10 -  clearHangingSupplies took 0.0002989768981933594
2024_10_05_T15:19:10 -  clearHangingRentalSupplies started
2024_10_05_T15:19:10 -  clearHangingRentalSupplies took 8.106231689453125e-6
2024_10_05_T15:19:10 -  clearHouseMarket started
2024_10_05_T15:19:12 -  clearHouseMarket - first block took 1.6727361679077148
2024_10_05_T15:19:12 -  clearHouseMarket - second block took 0.007133007049560547
2024_10_05_T15:19:12 -  clearHouseMarket - third block took 0.0011048316955566406
2024_10_05_T15:19:12 -  clearRentalMarket started
2024_10_05_T15:19:12 -  clearRentalMarket - first block took 0.013098001480102539
2024_10_05_T15:19:12 -  clearRentalMarket - second block took 0.00020384788513183594
2024_10_05_T15:19:12 -  Model step took 1.7512638568878174 seconds
2024_10_05_T15:19:23 -  Model step started
2024_10_05_T15:19:23 -  clearHangingSupplies started
2024_10_05_T15:19:23 -  clearHangingSupplies took 0.00024008750915527344
2024_10_05_T15:19:23 -  clearHangingRentalSupplies started
2024_10_05_T15:19:23 -  clearHangingRentalSupplies took 8.106231689453125e-6
2024_10_05_T15:19:23 -  clearHouseMarket started
2024_10_05_T15:19:25 -  clearHouseMarket - first block took 1.569998025894165
2024_10_05_T15:19:25 -  clearHouseMarket - second block took 0.008388042449951172
2024_10_05_T15:19:25 -  clearHouseMarket - third block took 0.0010268688201904297
2024_10_05_T15:19:25 -  clearRentalMarket started
2024_10_05_T15:19:25 -  clearRentalMarket - first block took 0.004348039627075195
2024_10_05_T15:19:25 -  clearRentalMarket - second block took 0.0002689361572265625
2024_10_05_T15:19:25 -  Model step took 1.672914981842041 seconds
2024_10_05_T15:19:36 -  Model step started
2024_10_05_T15:19:36 -  clearHangingSupplies started
2024_10_05_T15:19:36 -  clearHangingSupplies took 0.00023293495178222656
2024_10_05_T15:19:36 -  clearHangingRentalSupplies started
2024_10_05_T15:19:36 -  clearHangingRentalSupplies took 1.71661376953125e-5
2024_10_05_T15:19:36 -  clearHouseMarket started
2024_10_05_T15:19:37 -  clearHouseMarket - first block took 1.4671339988708496
2024_10_05_T15:19:37 -  clearHouseMarket - second block took 0.008960962295532227
2024_10_05_T15:19:37 -  clearHouseMarket - third block took 0.001004934310913086
2024_10_05_T15:19:37 -  clearRentalMarket started
2024_10_05_T15:19:37 -  clearRentalMarket - first block took 0.030164003372192383
2024_10_05_T15:19:37 -  clearRentalMarket - second block took 0.00048804283142089844
2024_10_05_T15:19:37 -  Model step took 1.5763700008392334 seconds
2024_10_05_T15:19:49 -  Model step started
2024_10_05_T15:19:49 -  clearHangingSupplies started
2024_10_05_T15:19:49 -  clearHangingSupplies took 0.00017595291137695312
2024_10_05_T15:19:49 -  clearHangingRentalSupplies started
2024_10_05_T15:19:49 -  clearHangingRentalSupplies took 7.867813110351562e-6
2024_10_05_T15:19:49 -  clearHouseMarket started
2024_10_05_T15:19:50 -  clearHouseMarket - first block took 1.3486988544464111
2024_10_05_T15:19:50 -  clearHouseMarket - second block took 0.006389141082763672
2024_10_05_T15:19:50 -  clearHouseMarket - third block took 0.0010819435119628906
2024_10_05_T15:19:50 -  clearRentalMarket started
2024_10_05_T15:19:50 -  clearRentalMarket - first block took 0.01282501220703125
2024_10_05_T15:19:50 -  clearRentalMarket - second block took 0.00016999244689941406
2024_10_05_T15:19:50 -  Model step took 1.428983211517334 seconds
2024_10_05_T15:20:02 -  Model step started
2024_10_05_T15:20:02 -  clearHangingSupplies started
2024_10_05_T15:20:02 -  clearHangingSupplies took 0.0002288818359375
2024_10_05_T15:20:02 -  clearHangingRentalSupplies started
2024_10_05_T15:20:02 -  clearHangingRentalSupplies took 1.0967254638671875e-5
2024_10_05_T15:20:02 -  clearHouseMarket started
2024_10_05_T15:20:03 -  clearHouseMarket - first block took 1.2259838581085205
2024_10_05_T15:20:03 -  clearHouseMarket - second block took 0.004698038101196289
2024_10_05_T15:20:03 -  clearHouseMarket - third block took 0.0011301040649414062
2024_10_05_T15:20:03 -  clearRentalMarket started
2024_10_05_T15:20:03 -  clearRentalMarket - first block took 0.028194904327392578
2024_10_05_T15:20:03 -  clearRentalMarket - second block took 0.0005578994750976562
2024_10_05_T15:20:03 -  Model step took 1.3311679363250732 seconds
2024_10_05_T15:20:15 -  Model step started
2024_10_05_T15:20:15 -  clearHangingSupplies started
2024_10_05_T15:20:15 -  clearHangingSupplies took 0.00024318695068359375
2024_10_05_T15:20:15 -  clearHangingRentalSupplies started
2024_10_05_T15:20:15 -  clearHangingRentalSupplies took 8.106231689453125e-6
2024_10_05_T15:20:15 -  clearHouseMarket started
2024_10_05_T15:20:16 -  clearHouseMarket - first block took 1.1195080280303955
2024_10_05_T15:20:16 -  clearHouseMarket - second block took 0.008259057998657227
2024_10_05_T15:20:16 -  clearHouseMarket - third block took 0.001558065414428711
2024_10_05_T15:20:16 -  clearRentalMarket started
2024_10_05_T15:20:16 -  clearRentalMarket - first block took 0.017192840576171875
2024_10_05_T15:20:16 -  clearRentalMarket - second block took 0.0002200603485107422
2024_10_05_T15:20:16 -  Model step took 1.2194409370422363 seconds
2024_10_05_T15:20:29 -  Model step started
2024_10_05_T15:20:29 -  clearHangingSupplies started
2024_10_05_T15:20:29 -  clearHangingSupplies took 0.00014591217041015625
2024_10_05_T15:20:29 -  clearHangingRentalSupplies started
2024_10_05_T15:20:29 -  clearHangingRentalSupplies took 1.0967254638671875e-5
2024_10_05_T15:20:29 -  clearHouseMarket started
2024_10_05_T15:20:30 -  clearHouseMarket - first block took 1.1447629928588867
2024_10_05_T15:20:30 -  clearHouseMarket - second block took 0.0025908946990966797
2024_10_05_T15:20:30 -  clearHouseMarket - third block took 0.0011830329895019531
2024_10_05_T15:20:30 -  clearRentalMarket started
2024_10_05_T15:20:30 -  clearRentalMarket - first block took 0.02530503273010254
2024_10_05_T15:20:30 -  clearRentalMarket - second block took 0.0002849102020263672
2024_10_05_T15:20:30 -  Model step took 1.239759922027588 seconds
2024_10_05_T15:20:42 -  Model step started
2024_10_05_T15:20:42 -  clearHangingSupplies started
2024_10_05_T15:20:42 -  clearHangingSupplies took 0.0001709461212158203
2024_10_05_T15:20:42 -  clearHangingRentalSupplies started
2024_10_05_T15:20:42 -  clearHangingRentalSupplies took 1.0013580322265625e-5
2024_10_05_T15:20:42 -  clearHouseMarket started
2024_10_05_T15:20:43 -  clearHouseMarket - first block took 0.9678168296813965
2024_10_05_T15:20:43 -  clearHouseMarket - second block took 0.004570960998535156
2024_10_05_T15:20:43 -  clearHouseMarket - third block took 0.0013070106506347656
2024_10_05_T15:20:43 -  clearRentalMarket started
2024_10_05_T15:20:43 -  clearRentalMarket - first block took 0.012377023696899414
2024_10_05_T15:20:43 -  clearRentalMarket - second block took 0.0004119873046875
2024_10_05_T15:20:43 -  Model step took 1.079665184020996 seconds
2024_10_05_T15:20:56 -  Model step started
2024_10_05_T15:20:56 -  clearHangingSupplies started
2024_10_05_T15:20:56 -  clearHangingSupplies took 8.797645568847656e-5
2024_10_05_T15:20:56 -  clearHangingRentalSupplies started
2024_10_05_T15:20:56 -  clearHangingRentalSupplies took 6.9141387939453125e-6
2024_10_05_T15:20:56 -  clearHouseMarket started
2024_10_05_T15:20:57 -  clearHouseMarket - first block took 0.8942620754241943
2024_10_05_T15:20:57 -  clearHouseMarket - second block took 0.0022940635681152344
2024_10_05_T15:20:57 -  clearHouseMarket - third block took 0.0012600421905517578
2024_10_05_T15:20:57 -  clearRentalMarket started
2024_10_05_T15:20:57 -  clearRentalMarket - first block took 0.008227109909057617
2024_10_05_T15:20:57 -  clearRentalMarket - second block took 0.00037384033203125
2024_10_05_T15:20:57 -  Model step took 0.9734289646148682 seconds
2024_10_05_T15:21:11 -  Model step started
2024_10_05_T15:21:11 -  clearHangingSupplies started
2024_10_05_T15:21:11 -  clearHangingSupplies took 0.00015497207641601562
2024_10_05_T15:21:11 -  clearHangingRentalSupplies started
2024_10_05_T15:21:11 -  clearHangingRentalSupplies took 6.9141387939453125e-6
2024_10_05_T15:21:11 -  clearHouseMarket started
2024_10_05_T15:21:12 -  clearHouseMarket - first block took 0.8173580169677734
2024_10_05_T15:21:12 -  clearHouseMarket - second block took 0.0018589496612548828
2024_10_05_T15:21:12 -  clearHouseMarket - third block took 0.0023560523986816406
2024_10_05_T15:21:12 -  clearRentalMarket started
2024_10_05_T15:21:12 -  clearRentalMarket - first block took 0.008283138275146484
2024_10_05_T15:21:12 -  clearRentalMarket - second block took 0.0002269744873046875
2024_10_05_T15:21:12 -  Model step took 0.9045710563659668 seconds
2024_10_05_T15:21:25 -  Model step started
2024_10_05_T15:21:25 -  clearHangingSupplies started
2024_10_05_T15:21:25 -  clearHangingSupplies took 7.104873657226562e-5
2024_10_05_T15:21:25 -  clearHangingRentalSupplies started
2024_10_05_T15:21:25 -  clearHangingRentalSupplies took 4.0531158447265625e-6
2024_10_05_T15:21:25 -  clearHouseMarket started
2024_10_05_T15:21:26 -  clearHouseMarket - first block took 0.7739810943603516
2024_10_05_T15:21:26 -  clearHouseMarket - second block took 0.003245830535888672
2024_10_05_T15:21:26 -  clearHouseMarket - third block took 0.0015380382537841797
2024_10_05_T15:21:26 -  clearRentalMarket started
2024_10_05_T15:21:26 -  clearRentalMarket - first block took 2.8848648071289062e-5
2024_10_05_T15:21:26 -  clearRentalMarket - second block took 3.0994415283203125e-6
2024_10_05_T15:21:26 -  Model step took 0.8555290699005127 seconds
2024_10_05_T15:21:40 -  Model step started
2024_10_05_T15:21:40 -  clearHangingSupplies started
2024_10_05_T15:21:40 -  clearHangingSupplies took 7.796287536621094e-5
2024_10_05_T15:21:40 -  clearHangingRentalSupplies started
2024_10_05_T15:21:40 -  clearHangingRentalSupplies took 8.821487426757812e-6
2024_10_05_T15:21:40 -  clearHouseMarket started
2024_10_05_T15:21:41 -  clearHouseMarket - first block took 0.6957399845123291
2024_10_05_T15:21:41 -  clearHouseMarket - second block took 0.0030279159545898438
2024_10_05_T15:21:41 -  clearHouseMarket - third block took 0.0014719963073730469
2024_10_05_T15:21:41 -  clearRentalMarket started
2024_10_05_T15:21:41 -  clearRentalMarket - first block took 0.009345054626464844
2024_10_05_T15:21:41 -  clearRentalMarket - second block took 0.00013494491577148438
2024_10_05_T15:21:41 -  Model step took 0.7965362071990967 seconds
2024_10_05_T15:21:55 -  Model step started
2024_10_05_T15:21:55 -  clearHangingSupplies started
2024_10_05_T15:21:55 -  clearHangingSupplies took 9.083747863769531e-5
2024_10_05_T15:21:55 -  clearHangingRentalSupplies started
2024_10_05_T15:21:55 -  clearHangingRentalSupplies took 5.0067901611328125e-6
2024_10_05_T15:21:55 -  clearHouseMarket started
2024_10_05_T15:21:56 -  clearHouseMarket - first block took 0.619225025177002
2024_10_05_T15:21:56 -  clearHouseMarket - second block took 0.004461050033569336
2024_10_05_T15:21:56 -  clearHouseMarket - third block took 0.0013880729675292969
2024_10_05_T15:21:56 -  clearRentalMarket started
2024_10_05_T15:21:56 -  clearRentalMarket - first block took 2.002716064453125e-5
2024_10_05_T15:21:56 -  clearRentalMarket - second block took 1.9073486328125e-6
2024_10_05_T15:21:56 -  Model step took 0.7468698024749756 seconds
2024_10_05_T15:22:11 -  Model step started
2024_10_05_T15:22:11 -  clearHangingSupplies started
2024_10_05_T15:22:11 -  clearHangingSupplies took 5.91278076171875e-5
2024_10_05_T15:22:11 -  clearHangingRentalSupplies started
2024_10_05_T15:22:11 -  clearHangingRentalSupplies took 4.0531158447265625e-6
2024_10_05_T15:22:11 -  clearHouseMarket started
2024_10_05_T15:22:11 -  clearHouseMarket - first block took 0.4598541259765625
2024_10_05_T15:22:11 -  clearHouseMarket - second block took 0.002933025360107422
2024_10_05_T15:22:11 -  clearHouseMarket - third block took 0.0016350746154785156
2024_10_05_T15:22:11 -  clearRentalMarket started
2024_10_05_T15:22:11 -  clearRentalMarket - first block took 4.1961669921875e-5
2024_10_05_T15:22:11 -  clearRentalMarket - second block took 2.1457672119140625e-6
2024_10_05_T15:22:11 -  Model step took 0.5441319942474365 seconds
2024_10_05_T15:22:26 -  Model step started
2024_10_05_T15:22:26 -  clearHangingSupplies started
2024_10_05_T15:22:26 -  clearHangingSupplies took 5.698204040527344e-5
2024_10_05_T15:22:26 -  clearHangingRentalSupplies started
2024_10_05_T15:22:26 -  clearHangingRentalSupplies took 4.0531158447265625e-6
2024_10_05_T15:22:26 -  clearHouseMarket started
2024_10_05_T15:22:26 -  clearHouseMarket - first block took 0.38770294189453125
2024_10_05_T15:22:26 -  clearHouseMarket - second block took 0.0015840530395507812
2024_10_05_T15:22:26 -  clearHouseMarket - third block took 0.0015268325805664062
2024_10_05_T15:22:26 -  clearRentalMarket started
2024_10_05_T15:22:26 -  clearRentalMarket - first block took 5.698204040527344e-5
2024_10_05_T15:22:26 -  clearRentalMarket - second block took 3.0994415283203125e-6
2024_10_05_T15:22:26 -  Model step took 0.48157310485839844 seconds
2024_10_05_T15:22:41 -  Model step started
2024_10_05_T15:22:41 -  clearHangingSupplies started
2024_10_05_T15:22:41 -  clearHangingSupplies took 3.314018249511719e-5
2024_10_05_T15:22:41 -  clearHangingRentalSupplies started
2024_10_05_T15:22:41 -  clearHangingRentalSupplies took 7.867813110351562e-6
2024_10_05_T15:22:41 -  clearHouseMarket started
2024_10_05_T15:22:42 -  clearHouseMarket - first block took 0.2884349822998047
2024_10_05_T15:22:42 -  clearHouseMarket - second block took 0.002602100372314453
2024_10_05_T15:22:42 -  clearHouseMarket - third block took 0.0017910003662109375
2024_10_05_T15:22:42 -  clearRentalMarket started
2024_10_05_T15:22:42 -  clearRentalMarket - first block took 0.005258083343505859
2024_10_05_T15:22:42 -  clearRentalMarket - second block took 8.606910705566406e-5
2024_10_05_T15:22:42 -  Model step took 0.38316798210144043 seconds
2024_10_05_T15:22:57 -  Model step started
2024_10_05_T15:22:57 -  clearHangingSupplies started
2024_10_05_T15:22:57 -  clearHangingSupplies took 2.6941299438476562e-5
2024_10_05_T15:22:57 -  clearHangingRentalSupplies started
2024_10_05_T15:22:57 -  clearHangingRentalSupplies took 2.86102294921875e-6
2024_10_05_T15:22:57 -  clearHouseMarket started
2024_10_05_T15:22:58 -  clearHouseMarket - first block took 0.2222127914428711
2024_10_05_T15:22:58 -  clearHouseMarket - second block took 0.003823995590209961
2024_10_05_T15:22:58 -  clearHouseMarket - third block took 0.0021991729736328125
2024_10_05_T15:22:58 -  clearRentalMarket started
2024_10_05_T15:22:58 -  clearRentalMarket - first block took 8.797645568847656e-5
2024_10_05_T15:22:58 -  clearRentalMarket - second block took 2.1457672119140625e-6
2024_10_05_T15:22:58 -  Model step took 0.31430983543395996 seconds
2024_10_05_T15:23:13 -  Model step started
2024_10_05_T15:23:13 -  clearHangingSupplies started
2024_10_05_T15:23:13 -  clearHangingSupplies took 1.7881393432617188e-5
2024_10_05_T15:23:13 -  clearHangingRentalSupplies started
2024_10_05_T15:23:13 -  clearHangingRentalSupplies took 2.86102294921875e-6
2024_10_05_T15:23:13 -  clearHouseMarket started
2024_10_05_T15:23:14 -  clearHouseMarket - first block took 0.1382429599761963
2024_10_05_T15:23:14 -  clearHouseMarket - second block took 0.0013608932495117188
2024_10_05_T15:23:14 -  clearHouseMarket - third block took 0.0016660690307617188
2024_10_05_T15:23:14 -  clearRentalMarket started
2024_10_05_T15:23:14 -  clearRentalMarket - first block took 2.288818359375e-5
2024_10_05_T15:23:14 -  clearRentalMarket - second block took 2.1457672119140625e-6
2024_10_05_T15:23:14 -  Model step took 0.26213908195495605 seconds
2024_10_05_T15:23:30 -  Model step started
2024_10_05_T15:23:30 -  clearHangingSupplies started
2024_10_05_T15:23:30 -  clearHangingSupplies took 4.1961669921875e-5
2024_10_05_T15:23:30 -  clearHangingRentalSupplies started
2024_10_05_T15:23:30 -  clearHangingRentalSupplies took 1.3113021850585938e-5
2024_10_05_T15:23:30 -  clearHouseMarket started
2024_10_05_T15:23:30 -  clearHouseMarket - first block took 0.06467986106872559
2024_10_05_T15:23:30 -  clearHouseMarket - second block took 0.00047707557678222656
2024_10_05_T15:23:30 -  clearHouseMarket - third block took 0.0017309188842773438
2024_10_05_T15:23:30 -  clearRentalMarket started
2024_10_05_T15:23:30 -  clearRentalMarket - first block took 0.002496957778930664
2024_10_05_T15:23:30 -  clearRentalMarket - second block took 8.0108642578125e-5
2024_10_05_T15:23:30 -  Model step took 0.18480587005615234 seconds
2024_10_05_T15:23:46 -  Model step started
2024_10_05_T15:23:46 -  clearHangingSupplies started
2024_10_05_T15:23:46 -  clearHangingSupplies took 1.5020370483398438e-5
2024_10_05_T15:23:46 -  clearHangingRentalSupplies started
2024_10_05_T15:23:46 -  clearHangingRentalSupplies took 1.9073486328125e-6
2024_10_05_T15:23:46 -  clearHouseMarket started
2024_10_05_T15:23:47 -  clearHouseMarket - first block took 0.11537408828735352
2024_10_05_T15:23:47 -  clearHouseMarket - second block took 0.0013079643249511719
2024_10_05_T15:23:47 -  clearHouseMarket - third block took 0.0019121170043945312
2024_10_05_T15:23:47 -  clearRentalMarket started
2024_10_05_T15:23:47 -  clearRentalMarket - first block took 3.3855438232421875e-5
2024_10_05_T15:23:47 -  clearRentalMarket - second block took 2.86102294921875e-6
2024_10_05_T15:23:47 -  Model step took 0.250324010848999 seconds
2024_10_05_T15:24:04 -  Model step started
2024_10_05_T15:24:04 -  clearHangingSupplies started
2024_10_05_T15:24:04 -  clearHangingSupplies took 1.0967254638671875e-5
2024_10_05_T15:24:04 -  clearHangingRentalSupplies started
2024_10_05_T15:24:04 -  clearHangingRentalSupplies took 1.4066696166992188e-5
2024_10_05_T15:24:04 -  clearHouseMarket started
2024_10_05_T15:24:04 -  clearHouseMarket - first block took 0.0533449649810791
2024_10_05_T15:24:04 -  clearHouseMarket - second block took 0.0008978843688964844
2024_10_05_T15:24:04 -  clearHouseMarket - third block took 0.002179861068725586
2024_10_05_T15:24:04 -  clearRentalMarket started
2024_10_05_T15:24:04 -  clearRentalMarket - first block took 0.005601167678833008
2024_10_05_T15:24:04 -  clearRentalMarket - second block took 0.00013208389282226562
2024_10_05_T15:24:04 -  Model step took 0.20000910758972168 seconds
2024_10_05_T15:24:21 -  Model step started
2024_10_05_T15:24:21 -  clearHangingSupplies started
2024_10_05_T15:24:21 -  clearHangingSupplies took 3.2901763916015625e-5
2024_10_05_T15:24:21 -  clearHangingRentalSupplies started
2024_10_05_T15:24:21 -  clearHangingRentalSupplies took 4.0531158447265625e-6
2024_10_05_T15:24:21 -  clearHouseMarket started
2024_10_05_T15:24:21 -  clearHouseMarket - first block took 0.029247045516967773
2024_10_05_T15:24:21 -  clearHouseMarket - second block took 0.0029850006103515625
2024_10_05_T15:24:21 -  clearHouseMarket - third block took 0.0016639232635498047
2024_10_05_T15:24:21 -  clearRentalMarket started
2024_10_05_T15:24:21 -  clearRentalMarket - first block took 1.8835067749023438e-5
2024_10_05_T15:24:21 -  clearRentalMarket - second block took 2.1457672119140625e-6
2024_10_05_T15:24:21 -  Model step took 0.15367913246154785 seconds
2024_10_05_T15:24:39 -  Model step started
2024_10_05_T15:24:39 -  clearHangingSupplies started
2024_10_05_T15:24:39 -  clearHangingSupplies took 1.0967254638671875e-5
2024_10_05_T15:24:39 -  clearHangingRentalSupplies started
2024_10_05_T15:24:39 -  clearHangingRentalSupplies took 2.86102294921875e-6
2024_10_05_T15:24:39 -  clearHouseMarket started
2024_10_05_T15:24:39 -  clearHouseMarket - first block took 0.03238701820373535
2024_10_05_T15:24:39 -  clearHouseMarket - second block took 0.0005831718444824219
2024_10_05_T15:24:39 -  clearHouseMarket - third block took 0.002006053924560547
2024_10_05_T15:24:39 -  clearRentalMarket started
2024_10_05_T15:24:39 -  clearRentalMarket - first block took 2.5033950805664062e-5
2024_10_05_T15:24:39 -  clearRentalMarket - second block took 3.0994415283203125e-6
2024_10_05_T15:24:39 -  Model step took 0.1497180461883545 seconds
2024_10_05_T15:24:57 -  Model step started
2024_10_05_T15:24:57 -  clearHangingSupplies started
2024_10_05_T15:24:57 -  clearHangingSupplies took 2.86102294921875e-6
2024_10_05_T15:24:57 -  clearHangingRentalSupplies started
2024_10_05_T15:24:57 -  clearHangingRentalSupplies took 4.0531158447265625e-6
2024_10_05_T15:24:57 -  clearHouseMarket started
2024_10_05_T15:24:57 -  clearHouseMarket - first block took 1.811981201171875e-5
2024_10_05_T15:24:57 -  clearHouseMarket - second block took 9.5367431640625e-7
2024_10_05_T15:24:57 -  clearHouseMarket - third block took 0.0021219253540039062
2024_10_05_T15:24:57 -  clearRentalMarket started
2024_10_05_T15:24:57 -  clearRentalMarket - first block took 2.5033950805664062e-5
2024_10_05_T15:24:57 -  clearRentalMarket - second block took 2.86102294921875e-6
2024_10_05_T15:24:57 -  Model step took 0.11910700798034668 seconds
2024_10_05_T15:25:15 -  Model step started
2024_10_05_T15:25:15 -  clearHangingSupplies started
2024_10_05_T15:25:15 -  clearHangingSupplies took 7.152557373046875e-6
2024_10_05_T15:25:15 -  clearHangingRentalSupplies started
2024_10_05_T15:25:15 -  clearHangingRentalSupplies took 1.4066696166992188e-5
2024_10_05_T15:25:15 -  clearHouseMarket started
2024_10_05_T15:25:15 -  clearHouseMarket - first block took 2.193450927734375e-5
2024_10_05_T15:25:15 -  clearHouseMarket - second block took 1.1920928955078125e-6
2024_10_05_T15:25:15 -  clearHouseMarket - third block took 0.0023488998413085938
2024_10_05_T15:25:15 -  clearRentalMarket started
2024_10_05_T15:25:15 -  clearRentalMarket - first block took 0.006365060806274414
2024_10_05_T15:25:15 -  clearRentalMarket - second block took 0.00046706199645996094
2024_10_05_T15:25:15 -  Model step took 0.13224506378173828 seconds
2024_10_05_T15:25:34 -  Model step started
2024_10_05_T15:25:34 -  clearHangingSupplies started
2024_10_05_T15:25:34 -  clearHangingSupplies took 1.5020370483398438e-5
2024_10_05_T15:25:34 -  clearHangingRentalSupplies started
2024_10_05_T15:25:34 -  clearHangingRentalSupplies took 3.0994415283203125e-6
2024_10_05_T15:25:34 -  clearHouseMarket started
2024_10_05_T15:25:34 -  clearHouseMarket - first block took 0.014278888702392578
2024_10_05_T15:25:34 -  clearHouseMarket - second block took 0.0003440380096435547
2024_10_05_T15:25:34 -  clearHouseMarket - third block took 0.00214385986328125
2024_10_05_T15:25:34 -  clearRentalMarket started
2024_10_05_T15:25:34 -  clearRentalMarket - first block took 2.9087066650390625e-5
2024_10_05_T15:25:34 -  clearRentalMarket - second block took 3.0994415283203125e-6
2024_10_05_T15:25:34 -  Model step took 0.1358788013458252 seconds
2024_10_05_T15:25:53 -  Model step started
2024_10_05_T15:25:53 -  clearHangingSupplies started
2024_10_05_T15:25:53 -  clearHangingSupplies took 1.1205673217773438e-5
2024_10_05_T15:25:53 -  clearHangingRentalSupplies started
2024_10_05_T15:25:53 -  clearHangingRentalSupplies took 2.86102294921875e-6
2024_10_05_T15:25:53 -  clearHouseMarket started
2024_10_05_T15:25:53 -  clearHouseMarket - first block took 0.08547782897949219
2024_10_05_T15:25:53 -  clearHouseMarket - second block took 0.002986907958984375
2024_10_05_T15:25:53 -  clearHouseMarket - third block took 0.0021669864654541016
2024_10_05_T15:25:53 -  clearRentalMarket started
2024_10_05_T15:25:53 -  clearRentalMarket - first block took 2.09808349609375e-5
2024_10_05_T15:25:53 -  clearRentalMarket - second block took 3.0994415283203125e-6
2024_10_05_T15:25:53 -  Model step took 0.22932887077331543 seconds
2024_10_05_T15:26:13 -  Model step started
2024_10_05_T15:26:13 -  clearHangingSupplies started
2024_10_05_T15:26:13 -  clearHangingSupplies took 1.811981201171875e-5
2024_10_05_T15:26:13 -  clearHangingRentalSupplies started
2024_10_05_T15:26:13 -  clearHangingRentalSupplies took 2.86102294921875e-6
2024_10_05_T15:26:13 -  clearHouseMarket started
2024_10_05_T15:26:13 -  clearHouseMarket - first block took 0.06023812294006348
2024_10_05_T15:26:13 -  clearHouseMarket - second block took 0.0012140274047851562
2024_10_05_T15:26:13 -  clearHouseMarket - third block took 0.0029671192169189453
2024_10_05_T15:26:13 -  clearRentalMarket started
2024_10_05_T15:26:13 -  clearRentalMarket - first block took 3.0994415283203125e-5
2024_10_05_T15:26:13 -  clearRentalMarket - second block took 4.506111145019531e-5
2024_10_05_T15:26:13 -  Model step took 0.21750807762145996 seconds
2024_10_05_T15:26:33 -  Model step started
2024_10_05_T15:26:33 -  clearHangingSupplies started
2024_10_05_T15:26:33 -  clearHangingSupplies took 9.059906005859375e-6
2024_10_05_T15:26:33 -  clearHangingRentalSupplies started
2024_10_05_T15:26:33 -  clearHangingRentalSupplies took 3.0994415283203125e-6
2024_10_05_T15:26:33 -  clearHouseMarket started
2024_10_05_T15:26:33 -  clearHouseMarket - first block took 0.011219024658203125
2024_10_05_T15:26:33 -  clearHouseMarket - second block took 0.0002498626708984375
2024_10_05_T15:26:33 -  clearHouseMarket - third block took 0.0019659996032714844
2024_10_05_T15:26:33 -  clearRentalMarket started
2024_10_05_T15:26:33 -  clearRentalMarket - first block took 1.9788742065429688e-5
2024_10_05_T15:26:33 -  clearRentalMarket - second block took 1.9073486328125e-6
2024_10_05_T15:26:33 -  Model step took 0.14589881896972656 seconds
2024_10_05_T15:26:52 -  Model step started
2024_10_05_T15:26:52 -  clearHangingSupplies started
2024_10_05_T15:26:52 -  clearHangingSupplies took 9.775161743164062e-6
2024_10_05_T15:26:52 -  clearHangingRentalSupplies started
2024_10_05_T15:26:52 -  clearHangingRentalSupplies took 4.0531158447265625e-6
2024_10_05_T15:26:52 -  clearHouseMarket started
2024_10_05_T15:26:52 -  clearHouseMarket - first block took 0.023849010467529297
2024_10_05_T15:26:52 -  clearHouseMarket - second block took 0.0007951259613037109
2024_10_05_T15:26:52 -  clearHouseMarket - third block took 0.0021359920501708984
2024_10_05_T15:26:52 -  clearRentalMarket started
2024_10_05_T15:26:52 -  clearRentalMarket - first block took 2.3126602172851562e-5
2024_10_05_T15:26:52 -  clearRentalMarket - second block took 1.9073486328125e-6
2024_10_05_T15:26:53 -  Model step took 0.16410517692565918 seconds
2024_10_05_T15:27:12 -  Model step started
2024_10_05_T15:27:12 -  clearHangingSupplies started
2024_10_05_T15:27:12 -  clearHangingSupplies took 6.9141387939453125e-6
2024_10_05_T15:27:12 -  clearHangingRentalSupplies started
2024_10_05_T15:27:12 -  clearHangingRentalSupplies took 1.1920928955078125e-5
2024_10_05_T15:27:12 -  clearHouseMarket started
2024_10_05_T15:27:12 -  clearHouseMarket - first block took 0.009186029434204102
2024_10_05_T15:27:12 -  clearHouseMarket - second block took 0.00047707557678222656
2024_10_05_T15:27:12 -  clearHouseMarket - third block took 0.002109050750732422
2024_10_05_T15:27:12 -  clearRentalMarket started
2024_10_05_T15:27:12 -  clearRentalMarket - first block took 0.003954172134399414
2024_10_05_T15:27:12 -  clearRentalMarket - second block took 0.00012993812561035156
2024_10_05_T15:27:13 -  Model step took 0.15960001945495605 seconds
2024_10_05_T15:27:33 -  Model step started
2024_10_05_T15:27:33 -  clearHangingSupplies started
2024_10_05_T15:27:33 -  clearHangingSupplies took 4.0531158447265625e-6
2024_10_05_T15:27:33 -  clearHangingRentalSupplies started
2024_10_05_T15:27:33 -  clearHangingRentalSupplies took 2.1457672119140625e-6
2024_10_05_T15:27:33 -  clearHouseMarket started
2024_10_05_T15:27:33 -  clearHouseMarket - first block took 1.3113021850585938e-5
2024_10_05_T15:27:33 -  clearHouseMarket - second block took 1.9073486328125e-6
2024_10_05_T15:27:33 -  clearHouseMarket - third block took 0.002006053924560547
2024_10_05_T15:27:33 -  clearRentalMarket started
2024_10_05_T15:27:33 -  clearRentalMarket - first block took 1.5974044799804688e-5
2024_10_05_T15:27:33 -  clearRentalMarket - second block took 1.9073486328125e-6
2024_10_05_T15:27:33 -  Model step took 0.18661808967590332 seconds
2024_10_05_T15:27:53 -  Model step started
2024_10_05_T15:27:53 -  clearHangingSupplies started
2024_10_05_T15:27:53 -  clearHangingSupplies took 8.106231689453125e-6
2024_10_05_T15:27:53 -  clearHangingRentalSupplies started
2024_10_05_T15:27:53 -  clearHangingRentalSupplies took 8.106231689453125e-6
2024_10_05_T15:27:53 -  clearHouseMarket started
2024_10_05_T15:27:53 -  clearHouseMarket - first block took 0.006700992584228516
2024_10_05_T15:27:53 -  clearHouseMarket - second block took 0.00015497207641601562
2024_10_05_T15:27:53 -  clearHouseMarket - third block took 0.002454042434692383
2024_10_05_T15:27:53 -  clearRentalMarket started
2024_10_05_T15:27:53 -  clearRentalMarket - first block took 0.05857706069946289
2024_10_05_T15:27:53 -  clearRentalMarket - second block took 0.0012199878692626953
2024_10_05_T15:27:53 -  Model step took 0.21800994873046875 seconds
2024_10_05_T15:28:15 -  Model step started
2024_10_05_T15:28:15 -  clearHangingSupplies started
2024_10_05_T15:28:15 -  clearHangingSupplies took 1.1920928955078125e-5
2024_10_05_T15:28:15 -  clearHangingRentalSupplies started
2024_10_05_T15:28:15 -  clearHangingRentalSupplies took 2.1457672119140625e-6
2024_10_05_T15:28:15 -  clearHouseMarket started
2024_10_05_T15:28:15 -  clearHouseMarket - first block took 0.05617713928222656
2024_10_05_T15:28:15 -  clearHouseMarket - second block took 0.0022928714752197266
2024_10_05_T15:28:15 -  clearHouseMarket - third block took 0.0021250247955322266
2024_10_05_T15:28:15 -  clearRentalMarket started
2024_10_05_T15:28:15 -  clearRentalMarket - first block took 2.09808349609375e-5
2024_10_05_T15:28:15 -  clearRentalMarket - second block took 2.1457672119140625e-6
2024_10_05_T15:28:15 -  Model step took 0.22708892822265625 seconds
2024_10_05_T15:28:35 -  Model step started
2024_10_05_T15:28:35 -  clearHangingSupplies started
2024_10_05_T15:28:35 -  clearHangingSupplies took 9.059906005859375e-6
2024_10_05_T15:28:35 -  clearHangingRentalSupplies started
2024_10_05_T15:28:35 -  clearHangingRentalSupplies took 2.1457672119140625e-6
2024_10_05_T15:28:35 -  clearHouseMarket started
2024_10_05_T15:28:35 -  clearHouseMarket - first block took 0.022788047790527344
2024_10_05_T15:28:35 -  clearHouseMarket - second block took 0.0009069442749023438
2024_10_05_T15:28:35 -  clearHouseMarket - third block took 0.0026988983154296875
2024_10_05_T15:28:35 -  clearRentalMarket started
2024_10_05_T15:28:35 -  clearRentalMarket - first block took 2.8133392333984375e-5
2024_10_05_T15:28:35 -  clearRentalMarket - second block took 1.9073486328125e-6
2024_10_05_T15:28:36 -  Model step took 0.21103596687316895 seconds
2024_10_05_T15:28:57 -  Model step started
2024_10_05_T15:28:57 -  clearHangingSupplies started
2024_10_05_T15:28:57 -  clearHangingSupplies took 9.059906005859375e-6
2024_10_05_T15:28:57 -  clearHangingRentalSupplies started
2024_10_05_T15:28:57 -  clearHangingRentalSupplies took 2.1457672119140625e-6
2024_10_05_T15:28:57 -  clearHouseMarket started
2024_10_05_T15:28:57 -  clearHouseMarket - first block took 0.01232600212097168
2024_10_05_T15:28:57 -  clearHouseMarket - second block took 0.0003399848937988281
2024_10_05_T15:28:57 -  clearHouseMarket - third block took 0.0021429061889648438
2024_10_05_T15:28:57 -  clearRentalMarket started
2024_10_05_T15:28:57 -  clearRentalMarket - first block took 3.0994415283203125e-5
2024_10_05_T15:28:57 -  clearRentalMarket - second block took 1.9073486328125e-6
2024_10_05_T15:28:57 -  Model step took 0.18967509269714355 seconds
2024_10_05_T15:29:18 -  Model step started
2024_10_05_T15:29:18 -  clearHangingSupplies started
2024_10_05_T15:29:18 -  clearHangingSupplies took 3.0994415283203125e-6
2024_10_05_T15:29:18 -  clearHangingRentalSupplies started
2024_10_05_T15:29:18 -  clearHangingRentalSupplies took 3.0994415283203125e-6
2024_10_05_T15:29:18 -  clearHouseMarket started
2024_10_05_T15:29:18 -  clearHouseMarket - first block took 1.5020370483398438e-5
2024_10_05_T15:29:18 -  clearHouseMarket - second block took 1.9073486328125e-6
2024_10_05_T15:29:18 -  clearHouseMarket - third block took 0.0020248889923095703
2024_10_05_T15:29:18 -  clearRentalMarket started
2024_10_05_T15:29:18 -  clearRentalMarket - first block took 1.5974044799804688e-5
2024_10_05_T15:29:18 -  clearRentalMarket - second block took 1.1920928955078125e-6
2024_10_05_T15:29:18 -  Pushed house into housesBuiltPerRegion (location,size) = (Lisboa, LessThan50)
2024_10_05_T15:29:18 -  Model step took 0.24300193786621094 seconds
2024_10_05_T15:29:40 -  Model step started
2024_10_05_T15:29:40 -  clearHangingSupplies started
2024_10_05_T15:29:40 -  clearHangingSupplies took 8.821487426757812e-6
2024_10_05_T15:29:40 -  clearHangingRentalSupplies started
2024_10_05_T15:29:40 -  clearHangingRentalSupplies took 3.0994415283203125e-6
2024_10_05_T15:29:40 -  clearHouseMarket started
2024_10_05_T15:29:40 -  clearHouseMarket - first block took 0.013306140899658203
2024_10_05_T15:29:40 -  clearHouseMarket - second block took 0.0005030632019042969
2024_10_05_T15:29:40 -  clearHouseMarket - third block took 0.0027761459350585938
2024_10_05_T15:29:40 -  clearRentalMarket started
2024_10_05_T15:29:40 -  clearRentalMarket - first block took 2.4080276489257812e-5
2024_10_05_T15:29:40 -  clearRentalMarket - second block took 1.9073486328125e-6
2024_10_05_T15:29:40 -  Model step took 0.18629980087280273 seconds
2024_10_05_T15:30:02 -  Model step started
2024_10_05_T15:30:02 -  clearHangingSupplies started
2024_10_05_T15:30:02 -  clearHangingSupplies took 9.059906005859375e-6
2024_10_05_T15:30:02 -  clearHangingRentalSupplies started
2024_10_05_T15:30:02 -  clearHangingRentalSupplies took 7.867813110351562e-6
2024_10_05_T15:30:02 -  clearHouseMarket started
2024_10_05_T15:30:02 -  clearHouseMarket - first block took 0.02050614356994629
2024_10_05_T15:30:02 -  clearHouseMarket - second block took 0.0009720325469970703
2024_10_05_T15:30:02 -  clearHouseMarket - third block took 0.0073451995849609375
2024_10_05_T15:30:02 -  clearRentalMarket started
2024_10_05_T15:30:02 -  clearRentalMarket - first block took 0.009591102600097656
2024_10_05_T15:30:02 -  clearRentalMarket - second block took 0.00016117095947265625
2024_10_05_T15:30:02 -  Pushed house into housesBuiltPerRegion (location,size) = (Lisboa, LessThan50)
2024_10_05_T15:30:02 -  Pushed house into housesBuiltPerRegion (location,size) = (Lisboa, LessThan75)
2024_10_05_T15:30:02 -  Pushed house into housesBuiltPerRegion (location,size) = (Lisboa, LessThan125)
2024_10_05_T15:30:02 -  Pushed house into housesBuiltPerRegion (location,size) = (Lisboa, More)
2024_10_05_T15:30:02 -  Model step took 0.2158350944519043 seconds
2024_10_05_T15:30:24 -  Model step started
2024_10_05_T15:30:24 -  clearHangingSupplies started
2024_10_05_T15:30:24 -  clearHangingSupplies took 1.0967254638671875e-5
2024_10_05_T15:30:24 -  clearHangingRentalSupplies started
2024_10_05_T15:30:24 -  clearHangingRentalSupplies took 3.814697265625e-6
2024_10_05_T15:30:24 -  clearHouseMarket started
2024_10_05_T15:30:24 -  clearHouseMarket - first block took 0.05637097358703613
2024_10_05_T15:30:24 -  clearHouseMarket - second block took 0.0011968612670898438
2024_10_05_T15:30:24 -  clearHouseMarket - third block took 0.0023441314697265625
2024_10_05_T15:30:24 -  clearRentalMarket started
2024_10_05_T15:30:24 -  clearRentalMarket - first block took 2.4080276489257812e-5
2024_10_05_T15:30:24 -  clearRentalMarket - second block took 1.9073486328125e-6
2024_10_05_T15:30:24 -  Pushed house into housesBuiltPerRegion (location,size) = (Lisboa, LessThan75)
2024_10_05_T15:30:25 -  Model step took 0.24172401428222656 seconds
2024_10_05_T15:30:47 -  Model step started
2024_10_05_T15:30:47 -  clearHangingSupplies started
2024_10_05_T15:30:47 -  clearHangingSupplies took 7.867813110351562e-6
2024_10_05_T15:30:47 -  clearHangingRentalSupplies started
2024_10_05_T15:30:47 -  clearHangingRentalSupplies took 6.9141387939453125e-6
2024_10_05_T15:30:47 -  clearHouseMarket started
2024_10_05_T15:30:47 -  clearHouseMarket - first block took 0.011349201202392578
2024_10_05_T15:30:47 -  clearHouseMarket - second block took 0.0002601146697998047
2024_10_05_T15:30:47 -  clearHouseMarket - third block took 0.002393007278442383
2024_10_05_T15:30:47 -  clearRentalMarket started
2024_10_05_T15:30:47 -  clearRentalMarket - first block took 0.01623392105102539
2024_10_05_T15:30:47 -  clearRentalMarket - second block took 0.00032210350036621094
2024_10_05_T15:30:47 -  Pushed house into housesBuiltPerRegion (location,size) = (Lisboa, LessThan75)
2024_10_05_T15:30:47 -  Model step took 0.2097930908203125 seconds
2024_10_05_T15:31:11 -  Model step started
2024_10_05_T15:31:11 -  clearHangingSupplies started
2024_10_05_T15:31:11 -  clearHangingSupplies took 1.4066696166992188e-5
2024_10_05_T15:31:11 -  clearHangingRentalSupplies started
2024_10_05_T15:31:11 -  clearHangingRentalSupplies took 7.867813110351562e-6
2024_10_05_T15:31:11 -  clearHouseMarket started
2024_10_05_T15:31:11 -  clearHouseMarket - first block took 0.044348955154418945
2024_10_05_T15:31:11 -  clearHouseMarket - second block took 0.0010979175567626953
2024_10_05_T15:31:11 -  clearHouseMarket - third block took 0.002505064010620117
2024_10_05_T15:31:11 -  clearRentalMarket started
2024_10_05_T15:31:11 -  clearRentalMarket - first block took 0.011523962020874023
2024_10_05_T15:31:11 -  clearRentalMarket - second block took 0.00034117698669433594
2024_10_05_T15:31:11 -  Pushed house into housesBuiltPerRegion (location,size) = (Lisboa, LessThan75)
2024_10_05_T15:31:11 -  Model step took 0.2835061550140381 seconds
