2024_09_08_T15:35:19 -  finished initateHouses in 1.247196912765503 seconds
2024_09_08_T15:35:19 -  finished initiateHouseholds in 1.7550718784332275 seconds
2024_09_08_T15:35:20 -  finished assignHousesToHouseholds in 2.1929969787597656 seconds
2024_09_08_T15:36:04 -  Model step started
2024_09_08_T15:36:15 -  Model step took 10.38708782196045 seconds
2024_09_08_T15:36:43 -  Model step started
2024_09_08_T15:36:45 -  Model step took 2.5455949306488037 seconds
2024_09_08_T15:37:14 -  Model step started
2024_09_08_T15:37:16 -  Model step took 2.359761953353882 seconds
2024_09_08_T15:37:44 -  Model step started
2024_09_08_T15:37:46 -  Model step took 2.534891128540039 seconds
2024_09_08_T15:38:17 -  Model step started
2024_09_08_T15:38:20 -  Model step took 2.4501469135284424 seconds
2024_09_08_T15:38:49 -  Model step started
2024_09_08_T15:38:52 -  Model step took 2.2368850708007812 seconds
2024_09_08_T15:39:18 -  Model step started
2024_09_08_T15:39:21 -  Model step took 2.736638069152832 seconds
2024_09_08_T15:39:53 -  Model step started
2024_09_08_T15:39:57 -  Model step took 3.955756902694702 seconds
2024_09_08_T15:40:43 -  Model step started
2024_09_08_T15:40:45 -  Model step took 2.5111770629882812 seconds
2024_09_08_T15:41:15 -  Model step started
2024_09_08_T15:41:17 -  Model step took 2.484238862991333 seconds
2024_09_08_T15:41:54 -  Model step started
2024_09_08_T15:41:57 -  Model step took 2.5435709953308105 seconds
2024_09_08_T15:42:27 -  Model step started
2024_09_08_T15:42:29 -  Model step took 2.2667300701141357 seconds
2024_09_08_T15:43:00 -  Model step started
2024_09_08_T15:43:03 -  Model step took 2.945124864578247 seconds
2024_09_08_T15:43:31 -  Model step started
2024_09_08_T15:43:34 -  Model step took 2.6999218463897705 seconds
2024_09_08_T15:43:59 -  Model step started
2024_09_08_T15:44:02 -  Model step took 2.663370132446289 seconds
