2024_09_22_T18:52:08 -  finished initateHouses in 0.763617992401123 seconds
2024_09_22_T18:52:08 -  finished initiateHouseholds in 1.0148630142211914 seconds
2024_09_22_T18:52:08 -  finished assignHousesToHouseholds in 1.2191898822784424 seconds
2024_09_22_T18:52:18 -  Model step started
2024_09_22_T18:52:19 -  Model step took 0.9076390266418457 seconds
2024_09_22_T18:52:21 -  Model step started
2024_09_22_T18:52:21 -  Model step took 0.11433696746826172 seconds
2024_09_22_T18:52:23 -  Model step started
2024_09_22_T18:52:23 -  Model step took 0.11401700973510742 seconds
2024_09_22_T18:52:25 -  Model step started
2024_09_22_T18:52:25 -  Model step took 0.11985397338867188 seconds
2024_09_22_T18:52:27 -  Model step started
2024_09_22_T18:52:28 -  Model step took 0.12410306930541992 seconds
2024_09_22_T18:52:30 -  Model step started
2024_09_22_T18:52:30 -  Model step took 0.0773019790649414 seconds
2024_09_22_T18:52:32 -  Model step started
2024_09_22_T18:52:32 -  Model step took 0.08646297454833984 seconds
2024_09_22_T18:52:34 -  Model step started
2024_09_22_T18:52:34 -  Model step took 0.06990909576416016 seconds
2024_09_22_T18:52:37 -  Model step started
2024_09_22_T18:52:37 -  Model step took 0.08083295822143555 seconds
2024_09_22_T18:52:39 -  Model step started
2024_09_22_T18:52:39 -  Model step took 0.06413698196411133 seconds
2024_09_22_T18:52:41 -  Model step started
2024_09_22_T18:52:41 -  Model step took 0.0742790699005127 seconds
2024_09_22_T18:52:43 -  Model step started
2024_09_22_T18:52:43 -  Model step took 0.06619906425476074 seconds
2024_09_22_T18:52:46 -  Model step started
2024_09_22_T18:52:46 -  Model step took 0.09283685684204102 seconds
2024_09_22_T18:52:49 -  Model step started
2024_09_22_T18:52:49 -  Model step took 0.08461904525756836 seconds
2024_09_22_T18:52:51 -  Model step started
2024_09_22_T18:52:51 -  Model step took 0.06072497367858887 seconds
2024_09_22_T18:52:54 -  Model step started
2024_09_22_T18:52:54 -  Model step took 0.05917096138000488 seconds
2024_09_22_T18:52:57 -  Model step started
2024_09_22_T18:52:57 -  Model step took 0.08923912048339844 seconds
2024_09_22_T18:53:00 -  Model step started
2024_09_22_T18:53:00 -  Model step took 0.08327221870422363 seconds
2024_09_22_T18:53:02 -  Model step started
2024_09_22_T18:53:02 -  Model step took 0.06304502487182617 seconds
2024_09_22_T18:53:04 -  Model step started
2024_09_22_T18:53:05 -  Model step took 0.12565898895263672 seconds
2024_09_22_T18:53:07 -  Model step started
2024_09_22_T18:53:07 -  Model step took 0.09035086631774902 seconds
2024_09_22_T18:53:09 -  Model step started
2024_09_22_T18:53:10 -  Model step took 0.05718207359313965 seconds
2024_09_22_T18:53:12 -  Model step started
2024_09_22_T18:53:12 -  Model step took 0.056353092193603516 seconds
2024_09_22_T18:53:14 -  Model step started
2024_09_22_T18:53:14 -  Model step took 0.05722188949584961 seconds
2024_09_22_T18:53:17 -  Model step started
2024_09_22_T18:53:17 -  Model step took 0.07579898834228516 seconds
2024_09_22_T18:53:19 -  Model step started
2024_09_22_T18:53:19 -  Model step took 0.054316043853759766 seconds
2024_09_22_T18:53:22 -  Model step started
2024_09_22_T18:53:22 -  Model step took 0.04805707931518555 seconds
2024_09_22_T18:53:24 -  Model step started
2024_09_22_T18:53:24 -  Model step took 0.05399012565612793 seconds
2024_09_22_T18:53:27 -  Model step started
2024_09_22_T18:53:27 -  Model step took 0.04915499687194824 seconds
2024_09_22_T18:53:30 -  Model step started
2024_09_22_T18:53:30 -  Model step took 0.043615102767944336 seconds
2024_09_22_T18:53:32 -  Model step started
2024_09_22_T18:53:32 -  Model step took 0.0482480525970459 seconds
2024_09_22_T18:53:35 -  Model step started
2024_09_22_T18:53:35 -  Model step took 0.04725503921508789 seconds
2024_09_22_T18:53:37 -  Model step started
2024_09_22_T18:53:37 -  Model step took 0.0464329719543457 seconds
2024_09_22_T18:53:40 -  Model step started
2024_09_22_T18:53:40 -  Model step took 0.04275107383728027 seconds
2024_09_22_T18:53:43 -  Model step started
2024_09_22_T18:53:43 -  Model step took 0.04527997970581055 seconds
2024_09_22_T18:53:45 -  Model step started
2024_09_22_T18:53:45 -  Model step took 0.045495033264160156 seconds
2024_09_22_T18:53:48 -  Model step started
2024_09_22_T18:53:48 -  Model step took 0.049780845642089844 seconds
2024_09_22_T18:53:51 -  Model step started
2024_09_22_T18:53:51 -  Model step took 0.03711700439453125 seconds
2024_09_22_T18:53:54 -  Model step started
2024_09_22_T18:53:54 -  Model step took 0.045922040939331055 seconds
2024_09_22_T18:53:56 -  Model step started
2024_09_22_T18:53:56 -  Model step took 0.03667020797729492 seconds
2024_09_22_T18:53:59 -  Model step started
2024_09_22_T18:53:59 -  Model step took 0.05136704444885254 seconds
2024_09_22_T18:54:02 -  Model step started
2024_09_22_T18:54:02 -  Model step took 0.04599905014038086 seconds
2024_09_22_T18:54:05 -  Model step started
2024_09_22_T18:54:05 -  Model step took 0.04382014274597168 seconds
2024_09_22_T18:54:08 -  Model step started
2024_09_22_T18:54:08 -  Model step took 0.0551149845123291 seconds
2024_09_22_T18:54:10 -  Model step started
2024_09_22_T18:54:10 -  Model step took 0.045339107513427734 seconds
2024_09_22_T18:54:13 -  Model step started
2024_09_22_T18:54:13 -  Model step took 0.04544401168823242 seconds
2024_09_22_T18:54:17 -  Model step started
2024_09_22_T18:54:17 -  Model step took 0.06763815879821777 seconds
2024_09_22_T18:54:21 -  Model step started
2024_09_22_T18:54:21 -  Model step took 0.03473401069641113 seconds
2024_09_22_T18:54:24 -  Model step started
2024_09_22_T18:54:24 -  Model step took 0.07578206062316895 seconds
2024_09_22_T18:54:27 -  Model step started
2024_09_22_T18:54:28 -  Model step took 0.03391695022583008 seconds
2024_09_22_T18:54:31 -  Model step started
2024_09_22_T18:54:31 -  Model step took 0.034725189208984375 seconds
2024_09_22_T18:54:34 -  Model step started
2024_09_22_T18:54:34 -  Model step took 0.03197002410888672 seconds
2024_09_22_T18:54:37 -  Model step started
2024_09_22_T18:54:37 -  Model step took 0.035726070404052734 seconds
2024_09_22_T18:54:40 -  Model step started
2024_09_22_T18:54:40 -  Model step took 0.03306388854980469 seconds
2024_09_22_T18:54:43 -  Model step started
2024_09_22_T18:54:43 -  Model step took 0.028124094009399414 seconds
2024_09_22_T18:54:46 -  Model step started
2024_09_22_T18:54:46 -  Model step took 0.028432846069335938 seconds
2024_09_22_T18:54:49 -  Model step started
2024_09_22_T18:54:49 -  Model step took 0.029117822647094727 seconds
2024_09_22_T18:54:52 -  Model step started
2024_09_22_T18:54:52 -  Model step took 0.029142141342163086 seconds
2024_09_22_T18:54:55 -  Model step started
2024_09_22_T18:54:55 -  Model step took 0.02369379997253418 seconds
2024_09_22_T18:54:58 -  Model step started
2024_09_22_T18:54:58 -  Model step took 0.026428937911987305 seconds
