2024_10_03_T22:30:22 -  finished initateHouses in 1.024656057357788 seconds
2024_10_03_T22:30:22 -  finished initiateHouseholds in 1.2941920757293701 seconds
2024_10_03_T22:30:23 -  finished assignHousesToHouseholds in 1.6331980228424072 seconds
2024_10_03_T22:30:36 -  Model step started
2024_10_03_T22:30:36 -  clearHangingSupplies started
2024_10_03_T22:30:36 -  clearHangingSupplies took 0.0056841373443603516
2024_10_03_T22:30:36 -  clearHangingRentalSupplies started
2024_10_03_T22:30:36 -  clearHangingRentalSupplies took 0.013545989990234375
2024_10_03_T22:30:36 -  clearHouseMarket started
2024_10_03_T22:30:36 -  clearHouseMarket - first block took 0.3463289737701416
2024_10_03_T22:30:36 -  clearHouseMarket - second block took 0.3448359966278076
2024_10_03_T22:30:36 -  clearHouseMarket - third block took 0.01871800422668457
2024_10_03_T22:30:36 -  clearRentalMarket started
2024_10_03_T22:30:37 -  clearRentalMarket - first block took 0.17171192169189453
2024_10_03_T22:30:37 -  clearRentalMarket - second block took 0.03618788719177246
2024_10_03_T22:30:37 -  Model step took 1.146056890487671 seconds
2024_10_03_T22:30:39 -  Model step started
2024_10_03_T22:30:39 -  clearHangingSupplies started
2024_10_03_T22:30:39 -  clearHangingSupplies took 0.00019884109497070312
2024_10_03_T22:30:39 -  clearHangingRentalSupplies started
2024_10_03_T22:30:39 -  clearHangingRentalSupplies took 3.790855407714844e-5
2024_10_03_T22:30:39 -  clearHouseMarket started
2024_10_03_T22:30:39 -  clearHouseMarket - first block took 0.1349010467529297
2024_10_03_T22:30:39 -  clearHouseMarket - second block took 0.004576921463012695
2024_10_03_T22:30:39 -  clearHouseMarket - third block took 0.0002300739288330078
2024_10_03_T22:30:39 -  clearRentalMarket started
2024_10_03_T22:30:39 -  clearRentalMarket - first block took 0.008788824081420898
2024_10_03_T22:30:39 -  clearRentalMarket - second block took 0.0002510547637939453
2024_10_03_T22:30:39 -  Model step took 0.16654491424560547 seconds
2024_10_03_T22:30:41 -  Model step started
2024_10_03_T22:30:41 -  clearHangingSupplies started
2024_10_03_T22:30:41 -  clearHangingSupplies took 0.0001919269561767578
2024_10_03_T22:30:41 -  clearHangingRentalSupplies started
2024_10_03_T22:30:41 -  clearHangingRentalSupplies took 2.5033950805664062e-5
2024_10_03_T22:30:41 -  clearHouseMarket started
2024_10_03_T22:30:41 -  clearHouseMarket - first block took 0.12351799011230469
2024_10_03_T22:30:41 -  clearHouseMarket - second block took 0.004456996917724609
2024_10_03_T22:30:41 -  clearHouseMarket - third block took 0.0002830028533935547
2024_10_03_T22:30:41 -  clearRentalMarket started
2024_10_03_T22:30:41 -  clearRentalMarket - first block took 0.007460832595825195
2024_10_03_T22:30:41 -  clearRentalMarket - second block took 0.00013399124145507812
2024_10_03_T22:30:41 -  Model step took 0.15197992324829102 seconds
2024_10_03_T22:30:44 -  Model step started
2024_10_03_T22:30:44 -  clearHangingSupplies started
2024_10_03_T22:30:44 -  clearHangingSupplies took 0.013435125350952148
2024_10_03_T22:30:44 -  clearHangingRentalSupplies started
2024_10_03_T22:30:44 -  clearHangingRentalSupplies took 3.790855407714844e-5
2024_10_03_T22:30:44 -  clearHouseMarket started
2024_10_03_T22:30:44 -  clearHouseMarket - first block took 0.10918807983398438
2024_10_03_T22:30:44 -  clearHouseMarket - second block took 0.003052949905395508
2024_10_03_T22:30:44 -  clearHouseMarket - third block took 0.00022101402282714844
2024_10_03_T22:30:44 -  clearRentalMarket started
2024_10_03_T22:30:44 -  clearRentalMarket - first block took 0.009150028228759766
2024_10_03_T22:30:44 -  clearRentalMarket - second block took 0.00028014183044433594
2024_10_03_T22:30:44 -  Model step took 0.16564297676086426 seconds
2024_10_03_T22:30:46 -  Model step started
2024_10_03_T22:30:46 -  clearHangingSupplies started
2024_10_03_T22:30:46 -  clearHangingSupplies took 0.00012493133544921875
2024_10_03_T22:30:46 -  clearHangingRentalSupplies started
2024_10_03_T22:30:46 -  clearHangingRentalSupplies took 3.504753112792969e-5
2024_10_03_T22:30:46 -  clearHouseMarket started
2024_10_03_T22:30:46 -  clearHouseMarket - first block took 0.0942230224609375
2024_10_03_T22:30:46 -  clearHouseMarket - second block took 0.0027010440826416016
2024_10_03_T22:30:46 -  clearHouseMarket - third block took 0.0002288818359375
2024_10_03_T22:30:46 -  clearRentalMarket started
2024_10_03_T22:30:46 -  clearRentalMarket - first block took 0.013252019882202148
2024_10_03_T22:30:46 -  clearRentalMarket - second block took 0.0003387928009033203
2024_10_03_T22:30:46 -  Model step took 0.12768220901489258 seconds
2024_10_03_T22:30:48 -  Model step started
2024_10_03_T22:30:48 -  clearHangingSupplies started
2024_10_03_T22:30:48 -  clearHangingSupplies took 0.0001850128173828125
2024_10_03_T22:30:48 -  clearHangingRentalSupplies started
2024_10_03_T22:30:48 -  clearHangingRentalSupplies took 3.0040740966796875e-5
2024_10_03_T22:30:48 -  clearHouseMarket started
2024_10_03_T22:30:48 -  clearHouseMarket - first block took 0.06881594657897949
2024_10_03_T22:30:48 -  clearHouseMarket - second block took 0.002051830291748047
2024_10_03_T22:30:48 -  clearHouseMarket - third block took 0.0002110004425048828
2024_10_03_T22:30:48 -  clearRentalMarket started
2024_10_03_T22:30:48 -  clearRentalMarket - first block took 0.0055768489837646484
2024_10_03_T22:30:48 -  clearRentalMarket - second block took 0.0001659393310546875
2024_10_03_T22:30:48 -  Model step took 0.10173392295837402 seconds
2024_10_03_T22:30:50 -  Model step started
2024_10_03_T22:30:50 -  clearHangingSupplies started
2024_10_03_T22:30:50 -  clearHangingSupplies took 7.605552673339844e-5
2024_10_03_T22:30:50 -  clearHangingRentalSupplies started
2024_10_03_T22:30:50 -  clearHangingRentalSupplies took 3.0994415283203125e-5
2024_10_03_T22:30:50 -  clearHouseMarket started
2024_10_03_T22:30:50 -  clearHouseMarket - first block took 0.06772708892822266
2024_10_03_T22:30:50 -  clearHouseMarket - second block took 0.005650997161865234
2024_10_03_T22:30:50 -  clearHouseMarket - third block took 0.0002071857452392578
2024_10_03_T22:30:50 -  clearRentalMarket started
2024_10_03_T22:30:50 -  clearRentalMarket - first block took 0.006597042083740234
2024_10_03_T22:30:50 -  clearRentalMarket - second block took 9.393692016601562e-5
2024_10_03_T22:30:51 -  Model step took 0.09766602516174316 seconds
2024_10_03_T22:30:53 -  Model step started
2024_10_03_T22:30:53 -  clearHangingSupplies started
2024_10_03_T22:30:53 -  clearHangingSupplies took 6.890296936035156e-5
2024_10_03_T22:30:53 -  clearHangingRentalSupplies started
2024_10_03_T22:30:53 -  clearHangingRentalSupplies took 5.1021575927734375e-5
2024_10_03_T22:30:53 -  clearHouseMarket started
2024_10_03_T22:30:53 -  clearHouseMarket - first block took 0.055497169494628906
2024_10_03_T22:30:53 -  clearHouseMarket - second block took 0.001828908920288086
2024_10_03_T22:30:53 -  clearHouseMarket - third block took 0.00016498565673828125
2024_10_03_T22:30:53 -  clearRentalMarket started
2024_10_03_T22:30:53 -  clearRentalMarket - first block took 0.008487939834594727
2024_10_03_T22:30:53 -  clearRentalMarket - second block took 0.0002410411834716797
2024_10_03_T22:30:53 -  Model step took 0.08335185050964355 seconds
2024_10_03_T22:30:55 -  Model step started
2024_10_03_T22:30:55 -  clearHangingSupplies started
2024_10_03_T22:30:55 -  clearHangingSupplies took 7.987022399902344e-5
2024_10_03_T22:30:55 -  clearHangingRentalSupplies started
2024_10_03_T22:30:55 -  clearHangingRentalSupplies took 6.699562072753906e-5
2024_10_03_T22:30:55 -  clearHouseMarket started
2024_10_03_T22:30:55 -  clearHouseMarket - first block took 0.04618096351623535
2024_10_03_T22:30:55 -  clearHouseMarket - second block took 0.00046896934509277344
2024_10_03_T22:30:55 -  clearHouseMarket - third block took 0.0002269744873046875
2024_10_03_T22:30:55 -  clearRentalMarket started
2024_10_03_T22:30:55 -  clearRentalMarket - first block took 0.008948087692260742
2024_10_03_T22:30:55 -  clearRentalMarket - second block took 0.00021982192993164062
2024_10_03_T22:30:55 -  Model step took 0.07838797569274902 seconds
2024_10_03_T22:30:57 -  Model step started
2024_10_03_T22:30:57 -  clearHangingSupplies started
2024_10_03_T22:30:57 -  clearHangingSupplies took 0.0002639293670654297
2024_10_03_T22:30:57 -  clearHangingRentalSupplies started
2024_10_03_T22:30:57 -  clearHangingRentalSupplies took 5.698204040527344e-5
2024_10_03_T22:30:57 -  clearHouseMarket started
2024_10_03_T22:30:57 -  clearHouseMarket - first block took 0.05235695838928223
2024_10_03_T22:30:57 -  clearHouseMarket - second block took 0.005318880081176758
2024_10_03_T22:30:57 -  clearHouseMarket - third block took 0.00023484230041503906
2024_10_03_T22:30:57 -  clearRentalMarket started
2024_10_03_T22:30:57 -  clearRentalMarket - first block took 0.00949406623840332
2024_10_03_T22:30:57 -  clearRentalMarket - second block took 0.00022101402282714844
2024_10_03_T22:30:57 -  Model step took 0.08890604972839355 seconds
2024_10_03_T22:31:00 -  Model step started
2024_10_03_T22:31:00 -  clearHangingSupplies started
2024_10_03_T22:31:00 -  clearHangingSupplies took 6.699562072753906e-5
2024_10_03_T22:31:00 -  clearHangingRentalSupplies started
2024_10_03_T22:31:00 -  clearHangingRentalSupplies took 7.200241088867188e-5
2024_10_03_T22:31:00 -  clearHouseMarket started
2024_10_03_T22:31:00 -  clearHouseMarket - first block took 0.04490208625793457
2024_10_03_T22:31:00 -  clearHouseMarket - second block took 0.0009109973907470703
2024_10_03_T22:31:00 -  clearHouseMarket - third block took 0.00019097328186035156
2024_10_03_T22:31:00 -  clearRentalMarket started
2024_10_03_T22:31:00 -  clearRentalMarket - first block took 0.008968114852905273
2024_10_03_T22:31:00 -  clearRentalMarket - second block took 0.00010800361633300781
2024_10_03_T22:31:00 -  Model step took 0.07109904289245605 seconds
2024_10_03_T22:31:02 -  Model step started
2024_10_03_T22:31:02 -  clearHangingSupplies started
2024_10_03_T22:31:02 -  clearHangingSupplies took 6.890296936035156e-5
2024_10_03_T22:31:02 -  clearHangingRentalSupplies started
2024_10_03_T22:31:02 -  clearHangingRentalSupplies took 7.390975952148438e-5
2024_10_03_T22:31:02 -  clearHouseMarket started
2024_10_03_T22:31:02 -  clearHouseMarket - first block took 0.048753976821899414
2024_10_03_T22:31:02 -  clearHouseMarket - second block took 0.00039696693420410156
2024_10_03_T22:31:02 -  clearHouseMarket - third block took 0.00021505355834960938
2024_10_03_T22:31:02 -  clearRentalMarket started
2024_10_03_T22:31:02 -  clearRentalMarket - first block took 0.009453058242797852
2024_10_03_T22:31:02 -  clearRentalMarket - second block took 0.0001049041748046875
2024_10_03_T22:31:02 -  Model step took 0.08394885063171387 seconds
2024_10_03_T22:31:04 -  Model step started
2024_10_03_T22:31:04 -  clearHangingSupplies started
2024_10_03_T22:31:04 -  clearHangingSupplies took 6.699562072753906e-5
2024_10_03_T22:31:04 -  clearHangingRentalSupplies started
2024_10_03_T22:31:04 -  clearHangingRentalSupplies took 8.0108642578125e-5
2024_10_03_T22:31:04 -  clearHouseMarket started
2024_10_03_T22:31:04 -  clearHouseMarket - first block took 0.04470992088317871
2024_10_03_T22:31:04 -  clearHouseMarket - second block took 0.0024111270904541016
2024_10_03_T22:31:04 -  clearHouseMarket - third block took 0.00024890899658203125
2024_10_03_T22:31:04 -  clearRentalMarket started
2024_10_03_T22:31:04 -  clearRentalMarket - first block took 0.010712862014770508
2024_10_03_T22:31:04 -  clearRentalMarket - second block took 9.799003601074219e-5
2024_10_03_T22:31:04 -  Model step took 0.07889294624328613 seconds
2024_10_03_T22:31:07 -  Model step started
2024_10_03_T22:31:07 -  clearHangingSupplies started
2024_10_03_T22:31:07 -  clearHangingSupplies took 7.295608520507812e-5
2024_10_03_T22:31:07 -  clearHangingRentalSupplies started
2024_10_03_T22:31:07 -  clearHangingRentalSupplies took 0.00011897087097167969
2024_10_03_T22:31:07 -  clearHouseMarket started
2024_10_03_T22:31:07 -  clearHouseMarket - first block took 0.041274070739746094
2024_10_03_T22:31:07 -  clearHouseMarket - second block took 0.0007050037384033203
2024_10_03_T22:31:07 -  clearHouseMarket - third block took 0.00020003318786621094
2024_10_03_T22:31:07 -  clearRentalMarket started
2024_10_03_T22:31:07 -  clearRentalMarket - first block took 0.012434005737304688
2024_10_03_T22:31:07 -  clearRentalMarket - second block took 0.00013518333435058594
2024_10_03_T22:31:07 -  Model step took 0.07092809677124023 seconds
2024_10_03_T22:31:09 -  Model step started
2024_10_03_T22:31:09 -  clearHangingSupplies started
2024_10_03_T22:31:09 -  clearHangingSupplies took 8.296966552734375e-5
2024_10_03_T22:31:09 -  clearHangingRentalSupplies started
2024_10_03_T22:31:09 -  clearHangingRentalSupplies took 0.00011491775512695312
2024_10_03_T22:31:09 -  clearHouseMarket started
2024_10_03_T22:31:09 -  clearHouseMarket - first block took 0.03965902328491211
2024_10_03_T22:31:09 -  clearHouseMarket - second block took 0.0005319118499755859
2024_10_03_T22:31:09 -  clearHouseMarket - third block took 0.00019121170043945312
2024_10_03_T22:31:09 -  clearRentalMarket started
2024_10_03_T22:31:09 -  clearRentalMarket - first block took 0.01382899284362793
2024_10_03_T22:31:09 -  clearRentalMarket - second block took 0.00022912025451660156
2024_10_03_T22:31:09 -  Model step took 0.0792088508605957 seconds
2024_10_03_T22:31:11 -  Model step started
2024_10_03_T22:31:11 -  clearHangingSupplies started
2024_10_03_T22:31:11 -  clearHangingSupplies took 5.3882598876953125e-5
2024_10_03_T22:31:11 -  clearHangingRentalSupplies started
2024_10_03_T22:31:11 -  clearHangingRentalSupplies took 0.0001239776611328125
2024_10_03_T22:31:11 -  clearHouseMarket started
2024_10_03_T22:31:11 -  clearHouseMarket - first block took 0.04134202003479004
2024_10_03_T22:31:11 -  clearHouseMarket - second block took 0.0008668899536132812
2024_10_03_T22:31:11 -  clearHouseMarket - third block took 0.00021910667419433594
2024_10_03_T22:31:11 -  clearRentalMarket started
2024_10_03_T22:31:11 -  clearRentalMarket - first block took 0.015855789184570312
2024_10_03_T22:31:11 -  clearRentalMarket - second block took 0.0002739429473876953
2024_10_03_T22:31:11 -  Model step took 0.07676482200622559 seconds
2024_10_03_T22:31:14 -  Model step started
2024_10_03_T22:31:14 -  clearHangingSupplies started
2024_10_03_T22:31:14 -  clearHangingSupplies took 0.0001468658447265625
2024_10_03_T22:31:14 -  clearHangingRentalSupplies started
2024_10_03_T22:31:14 -  clearHangingRentalSupplies took 0.00013589859008789062
2024_10_03_T22:31:14 -  clearHouseMarket started
2024_10_03_T22:31:14 -  clearHouseMarket - first block took 0.0576629638671875
2024_10_03_T22:31:14 -  clearHouseMarket - second block took 0.0008540153503417969
2024_10_03_T22:31:14 -  clearHouseMarket - third block took 0.0002448558807373047
2024_10_03_T22:31:14 -  clearRentalMarket started
2024_10_03_T22:31:14 -  clearRentalMarket - first block took 0.024406909942626953
2024_10_03_T22:31:14 -  clearRentalMarket - second block took 0.00022292137145996094
2024_10_03_T22:31:14 -  Model step took 0.10556292533874512 seconds
2024_10_03_T22:31:17 -  Model step started
2024_10_03_T22:31:17 -  clearHangingSupplies started
2024_10_03_T22:31:17 -  clearHangingSupplies took 5.1021575927734375e-5
2024_10_03_T22:31:17 -  clearHangingRentalSupplies started
2024_10_03_T22:31:17 -  clearHangingRentalSupplies took 0.00011301040649414062
2024_10_03_T22:31:17 -  clearHouseMarket started
2024_10_03_T22:31:17 -  clearHouseMarket - first block took 0.04702115058898926
2024_10_03_T22:31:17 -  clearHouseMarket - second block took 0.0005991458892822266
2024_10_03_T22:31:17 -  clearHouseMarket - third block took 0.00027108192443847656
2024_10_03_T22:31:17 -  clearRentalMarket started
2024_10_03_T22:31:17 -  clearRentalMarket - first block took 0.03673195838928223
2024_10_03_T22:31:17 -  clearRentalMarket - second block took 0.0002551078796386719
2024_10_03_T22:31:17 -  Model step took 0.11085200309753418 seconds
2024_10_03_T22:31:20 -  Model step started
2024_10_03_T22:31:20 -  clearHangingSupplies started
2024_10_03_T22:31:20 -  clearHangingSupplies took 5.1975250244140625e-5
2024_10_03_T22:31:20 -  clearHangingRentalSupplies started
2024_10_03_T22:31:20 -  clearHangingRentalSupplies took 0.0001819133758544922
2024_10_03_T22:31:20 -  clearHouseMarket started
2024_10_03_T22:31:20 -  clearHouseMarket - first block took 0.03388690948486328
2024_10_03_T22:31:20 -  clearHouseMarket - second block took 0.0004420280456542969
2024_10_03_T22:31:20 -  clearHouseMarket - third block took 0.0002338886260986328
2024_10_03_T22:31:20 -  clearRentalMarket started
2024_10_03_T22:31:20 -  clearRentalMarket - first block took 0.017019033432006836
2024_10_03_T22:31:20 -  clearRentalMarket - second block took 0.00017404556274414062
2024_10_03_T22:31:20 -  Model step took 0.07073807716369629 seconds
2024_10_03_T22:31:25 -  Model step started
2024_10_03_T22:31:25 -  clearHangingSupplies started
2024_10_03_T22:31:25 -  clearHangingSupplies took 6.699562072753906e-5
2024_10_03_T22:31:25 -  clearHangingRentalSupplies started
2024_10_03_T22:31:25 -  clearHangingRentalSupplies took 0.00017595291137695312
2024_10_03_T22:31:25 -  clearHouseMarket started
2024_10_03_T22:31:25 -  clearHouseMarket - first block took 0.037214040756225586
2024_10_03_T22:31:25 -  clearHouseMarket - second block took 0.003522157669067383
2024_10_03_T22:31:25 -  clearHouseMarket - third block took 0.0002799034118652344
2024_10_03_T22:31:25 -  clearRentalMarket started
2024_10_03_T22:31:25 -  clearRentalMarket - first block took 0.020527124404907227
2024_10_03_T22:31:25 -  clearRentalMarket - second block took 0.00028204917907714844
2024_10_03_T22:31:25 -  Model step took 0.09175300598144531 seconds
2024_10_03_T22:31:28 -  Model step started
2024_10_03_T22:31:28 -  clearHangingSupplies started
2024_10_03_T22:31:28 -  clearHangingSupplies took 6.890296936035156e-5
2024_10_03_T22:31:28 -  clearHangingRentalSupplies started
2024_10_03_T22:31:28 -  clearHangingRentalSupplies took 0.00015282630920410156
2024_10_03_T22:31:28 -  clearHouseMarket started
2024_10_03_T22:31:28 -  clearHouseMarket - first block took 0.04354405403137207
2024_10_03_T22:31:28 -  clearHouseMarket - second block took 0.0010759830474853516
2024_10_03_T22:31:28 -  clearHouseMarket - third block took 0.00023508071899414062
2024_10_03_T22:31:28 -  clearRentalMarket started
2024_10_03_T22:31:28 -  clearRentalMarket - first block took 0.03173184394836426
2024_10_03_T22:31:28 -  clearRentalMarket - second block took 0.00025391578674316406
2024_10_03_T22:31:28 -  Model step took 0.10163283348083496 seconds
2024_10_03_T22:31:31 -  Model step started
2024_10_03_T22:31:31 -  clearHangingSupplies started
2024_10_03_T22:31:31 -  clearHangingSupplies took 4.100799560546875e-5
2024_10_03_T22:31:31 -  clearHangingRentalSupplies started
2024_10_03_T22:31:31 -  clearHangingRentalSupplies took 0.00012993812561035156
2024_10_03_T22:31:31 -  clearHouseMarket started
2024_10_03_T22:31:31 -  clearHouseMarket - first block took 0.03103494644165039
2024_10_03_T22:31:31 -  clearHouseMarket - second block took 0.0009419918060302734
2024_10_03_T22:31:31 -  clearHouseMarket - third block took 0.00025200843811035156
2024_10_03_T22:31:31 -  clearRentalMarket started
2024_10_03_T22:31:31 -  clearRentalMarket - first block took 0.019919157028198242
2024_10_03_T22:31:31 -  clearRentalMarket - second block took 0.0002911090850830078
2024_10_03_T22:31:31 -  Model step took 0.06930994987487793 seconds
2024_10_03_T22:31:34 -  Model step started
2024_10_03_T22:31:34 -  clearHangingSupplies started
2024_10_03_T22:31:34 -  clearHangingSupplies took 4.410743713378906e-5
2024_10_03_T22:31:34 -  clearHangingRentalSupplies started
2024_10_03_T22:31:34 -  clearHangingRentalSupplies took 0.00017309188842773438
2024_10_03_T22:31:34 -  clearHouseMarket started
2024_10_03_T22:31:34 -  clearHouseMarket - first block took 0.04220104217529297
2024_10_03_T22:31:34 -  clearHouseMarket - second block took 0.0008540153503417969
2024_10_03_T22:31:34 -  clearHouseMarket - third block took 0.00023698806762695312
2024_10_03_T22:31:34 -  clearRentalMarket started
2024_10_03_T22:31:34 -  clearRentalMarket - first block took 0.023062944412231445
2024_10_03_T22:31:34 -  clearRentalMarket - second block took 0.0002219676971435547
2024_10_03_T22:31:35 -  Model step took 0.08410120010375977 seconds
2024_10_03_T22:31:39 -  Model step started
2024_10_03_T22:31:39 -  clearHangingSupplies started
2024_10_03_T22:31:39 -  clearHangingSupplies took 4.1961669921875e-5
2024_10_03_T22:31:39 -  clearHangingRentalSupplies started
2024_10_03_T22:31:39 -  clearHangingRentalSupplies took 0.00016307830810546875
2024_10_03_T22:31:39 -  clearHouseMarket started
2024_10_03_T22:31:39 -  clearHouseMarket - first block took 0.03726315498352051
2024_10_03_T22:31:39 -  clearHouseMarket - second block took 3.695487976074219e-5
2024_10_03_T22:31:39 -  clearHouseMarket - third block took 0.00016999244689941406
2024_10_03_T22:31:39 -  clearRentalMarket started
2024_10_03_T22:31:39 -  clearRentalMarket - first block took 0.023774147033691406
2024_10_03_T22:31:39 -  clearRentalMarket - second block took 0.00031685829162597656
2024_10_03_T22:31:39 -  Model step took 0.08603501319885254 seconds
2024_10_03_T22:31:41 -  Model step started
2024_10_03_T22:31:41 -  clearHangingSupplies started
2024_10_03_T22:31:41 -  clearHangingSupplies took 6.198883056640625e-5
2024_10_03_T22:31:41 -  clearHangingRentalSupplies started
2024_10_03_T22:31:41 -  clearHangingRentalSupplies took 0.00019502639770507812
2024_10_03_T22:31:41 -  clearHouseMarket started
2024_10_03_T22:31:41 -  clearHouseMarket - first block took 0.03101205825805664
2024_10_03_T22:31:41 -  clearHouseMarket - second block took 0.0007679462432861328
2024_10_03_T22:31:41 -  clearHouseMarket - third block took 0.00021409988403320312
2024_10_03_T22:31:41 -  clearRentalMarket started
2024_10_03_T22:31:41 -  clearRentalMarket - first block took 0.01904296875
2024_10_03_T22:31:41 -  clearRentalMarket - second block took 0.0001361370086669922
2024_10_03_T22:31:41 -  Model step took 0.06804704666137695 seconds
2024_10_03_T22:31:43 -  Model step started
2024_10_03_T22:31:43 -  clearHangingSupplies started
2024_10_03_T22:31:43 -  clearHangingSupplies took 5.507469177246094e-5
2024_10_03_T22:31:43 -  clearHangingRentalSupplies started
2024_10_03_T22:31:43 -  clearHangingRentalSupplies took 0.00017189979553222656
2024_10_03_T22:31:43 -  clearHouseMarket started
2024_10_03_T22:31:44 -  clearHouseMarket - first block took 0.035830020904541016
2024_10_03_T22:31:44 -  clearHouseMarket - second block took 0.0017468929290771484
2024_10_03_T22:31:44 -  clearHouseMarket - third block took 0.0002899169921875
2024_10_03_T22:31:44 -  clearRentalMarket started
2024_10_03_T22:31:44 -  clearRentalMarket - first block took 0.05240988731384277
2024_10_03_T22:31:44 -  clearRentalMarket - second block took 0.00035500526428222656
2024_10_03_T22:31:44 -  Model step took 0.11459803581237793 seconds
2024_10_03_T22:31:46 -  Model step started
2024_10_03_T22:31:46 -  clearHangingSupplies started
2024_10_03_T22:31:46 -  clearHangingSupplies took 3.695487976074219e-5
2024_10_03_T22:31:46 -  clearHangingRentalSupplies started
2024_10_03_T22:31:46 -  clearHangingRentalSupplies took 0.00015807151794433594
2024_10_03_T22:31:46 -  clearHouseMarket started
2024_10_03_T22:31:46 -  clearHouseMarket - first block took 0.03307795524597168
2024_10_03_T22:31:46 -  clearHouseMarket - second block took 0.00152587890625
2024_10_03_T22:31:46 -  clearHouseMarket - third block took 0.00021409988403320312
2024_10_03_T22:31:46 -  clearRentalMarket started
2024_10_03_T22:31:46 -  clearRentalMarket - first block took 0.02466607093811035
2024_10_03_T22:31:46 -  clearRentalMarket - second block took 0.0002720355987548828
2024_10_03_T22:31:46 -  Model step took 0.0762789249420166 seconds
2024_10_03_T22:31:49 -  Model step started
2024_10_03_T22:31:49 -  clearHangingSupplies started
2024_10_03_T22:31:49 -  clearHangingSupplies took 3.2901763916015625e-5
2024_10_03_T22:31:49 -  clearHangingRentalSupplies started
2024_10_03_T22:31:49 -  clearHangingRentalSupplies took 0.00017595291137695312
2024_10_03_T22:31:49 -  clearHouseMarket started
2024_10_03_T22:31:49 -  clearHouseMarket - first block took 0.022639036178588867
2024_10_03_T22:31:49 -  clearHouseMarket - second block took 0.0005559921264648438
2024_10_03_T22:31:49 -  clearHouseMarket - third block took 0.00016379356384277344
2024_10_03_T22:31:49 -  clearRentalMarket started
2024_10_03_T22:31:49 -  clearRentalMarket - first block took 0.022135019302368164
2024_10_03_T22:31:49 -  clearRentalMarket - second block took 0.0003352165222167969
2024_10_03_T22:31:49 -  Model step took 0.0685429573059082 seconds
2024_10_03_T22:31:51 -  Model step started
2024_10_03_T22:31:51 -  clearHangingSupplies started
2024_10_03_T22:31:51 -  clearHangingSupplies took 3.0040740966796875e-5
2024_10_03_T22:31:51 -  clearHangingRentalSupplies started
2024_10_03_T22:31:51 -  clearHangingRentalSupplies took 0.00023508071899414062
2024_10_03_T22:31:51 -  clearHouseMarket started
2024_10_03_T22:31:51 -  clearHouseMarket - first block took 0.025578975677490234
2024_10_03_T22:31:51 -  clearHouseMarket - second block took 0.0008940696716308594
2024_10_03_T22:31:51 -  clearHouseMarket - third block took 0.00020503997802734375
2024_10_03_T22:31:51 -  clearRentalMarket started
2024_10_03_T22:31:51 -  clearRentalMarket - first block took 0.023751020431518555
2024_10_03_T22:31:51 -  clearRentalMarket - second block took 0.00021195411682128906
2024_10_03_T22:31:51 -  Model step took 0.06540894508361816 seconds
2024_10_03_T22:31:54 -  Model step started
2024_10_03_T22:31:54 -  clearHangingSupplies started
2024_10_03_T22:31:54 -  clearHangingSupplies took 3.0994415283203125e-5
2024_10_03_T22:31:54 -  clearHangingRentalSupplies started
2024_10_03_T22:31:54 -  clearHangingRentalSupplies took 0.0002079010009765625
2024_10_03_T22:31:54 -  clearHouseMarket started
2024_10_03_T22:31:54 -  clearHouseMarket - first block took 0.021544218063354492
2024_10_03_T22:31:54 -  clearHouseMarket - second block took 0.0006458759307861328
2024_10_03_T22:31:54 -  clearHouseMarket - third block took 0.00017499923706054688
2024_10_03_T22:31:54 -  clearRentalMarket started
2024_10_03_T22:31:54 -  clearRentalMarket - first block took 0.03405594825744629
2024_10_03_T22:31:54 -  clearRentalMarket - second block took 0.0003440380096435547
2024_10_03_T22:31:54 -  Model step took 0.0738980770111084 seconds
2024_10_03_T22:31:56 -  Model step started
2024_10_03_T22:31:56 -  clearHangingSupplies started
2024_10_03_T22:31:56 -  clearHangingSupplies took 3.0994415283203125e-5
2024_10_03_T22:31:56 -  clearHangingRentalSupplies started
2024_10_03_T22:31:56 -  clearHangingRentalSupplies took 0.00022482872009277344
2024_10_03_T22:31:56 -  clearHouseMarket started
2024_10_03_T22:31:56 -  clearHouseMarket - first block took 0.01744699478149414
2024_10_03_T22:31:56 -  clearHouseMarket - second block took 0.0005450248718261719
2024_10_03_T22:31:56 -  clearHouseMarket - third block took 0.00018596649169921875
2024_10_03_T22:31:56 -  clearRentalMarket started
2024_10_03_T22:31:56 -  clearRentalMarket - first block took 0.0256500244140625
2024_10_03_T22:31:56 -  clearRentalMarket - second block took 0.00021791458129882812
2024_10_03_T22:31:56 -  Model step took 0.05822014808654785 seconds
2024_10_03_T22:31:58 -  Model step started
2024_10_03_T22:31:58 -  clearHangingSupplies started
2024_10_03_T22:31:58 -  clearHangingSupplies took 4.315376281738281e-5
2024_10_03_T22:31:58 -  clearHangingRentalSupplies started
2024_10_03_T22:31:58 -  clearHangingRentalSupplies took 0.00026297569274902344
2024_10_03_T22:31:58 -  clearHouseMarket started
2024_10_03_T22:31:58 -  clearHouseMarket - first block took 0.015683889389038086
2024_10_03_T22:31:58 -  clearHouseMarket - second block took 0.000492095947265625
2024_10_03_T22:31:58 -  clearHouseMarket - third block took 0.0002040863037109375
2024_10_03_T22:31:58 -  clearRentalMarket started
2024_10_03_T22:31:58 -  clearRentalMarket - first block took 0.03207087516784668
2024_10_03_T22:31:58 -  clearRentalMarket - second block took 0.00022292137145996094
2024_10_03_T22:31:58 -  Model step took 0.06529402732849121 seconds
2024_10_03_T22:32:00 -  Model step started
2024_10_03_T22:32:00 -  clearHangingSupplies started
2024_10_03_T22:32:00 -  clearHangingSupplies took 4.315376281738281e-5
2024_10_03_T22:32:00 -  clearHangingRentalSupplies started
2024_10_03_T22:32:00 -  clearHangingRentalSupplies took 0.00022912025451660156
2024_10_03_T22:32:00 -  clearHouseMarket started
2024_10_03_T22:32:00 -  clearHouseMarket - first block took 0.015497922897338867
2024_10_03_T22:32:00 -  clearHouseMarket - second block took 0.001920938491821289
2024_10_03_T22:32:00 -  clearHouseMarket - third block took 0.0002357959747314453
2024_10_03_T22:32:00 -  clearRentalMarket started
2024_10_03_T22:32:00 -  clearRentalMarket - first block took 0.026765108108520508
2024_10_03_T22:32:00 -  clearRentalMarket - second block took 0.0002930164337158203
2024_10_03_T22:32:00 -  Model step took 0.06069302558898926 seconds
2024_10_03_T22:32:02 -  Model step started
2024_10_03_T22:32:02 -  clearHangingSupplies started
2024_10_03_T22:32:02 -  clearHangingSupplies took 3.0040740966796875e-5
2024_10_03_T22:32:02 -  clearHangingRentalSupplies started
2024_10_03_T22:32:02 -  clearHangingRentalSupplies took 0.000225067138671875
2024_10_03_T22:32:02 -  clearHouseMarket started
2024_10_03_T22:32:02 -  clearHouseMarket - first block took 0.01752305030822754
2024_10_03_T22:32:02 -  clearHouseMarket - second block took 0.0007541179656982422
2024_10_03_T22:32:02 -  clearHouseMarket - third block took 0.00018906593322753906
2024_10_03_T22:32:02 -  clearRentalMarket started
2024_10_03_T22:32:02 -  clearRentalMarket - first block took 0.028435945510864258
2024_10_03_T22:32:02 -  clearRentalMarket - second block took 0.00035500526428222656
2024_10_03_T22:32:02 -  Model step took 0.06439805030822754 seconds
2024_10_03_T22:32:04 -  Model step started
2024_10_03_T22:32:04 -  clearHangingSupplies started
2024_10_03_T22:32:04 -  clearHangingSupplies took 2.5033950805664062e-5
2024_10_03_T22:32:04 -  clearHangingRentalSupplies started
2024_10_03_T22:32:04 -  clearHangingRentalSupplies took 0.000202178955078125
2024_10_03_T22:32:04 -  clearHouseMarket started
2024_10_03_T22:32:04 -  clearHouseMarket - first block took 0.012008905410766602
2024_10_03_T22:32:04 -  clearHouseMarket - second block took 0.001956939697265625
2024_10_03_T22:32:04 -  clearHouseMarket - third block took 0.0002129077911376953
2024_10_03_T22:32:04 -  clearRentalMarket started
2024_10_03_T22:32:04 -  clearRentalMarket - first block took 0.026269912719726562
2024_10_03_T22:32:04 -  clearRentalMarket - second block took 0.0002071857452392578
2024_10_03_T22:32:04 -  Model step took 0.06688904762268066 seconds
2024_10_03_T22:32:07 -  Model step started
2024_10_03_T22:32:07 -  clearHangingSupplies started
2024_10_03_T22:32:07 -  clearHangingSupplies took 2.002716064453125e-5
2024_10_03_T22:32:07 -  clearHangingRentalSupplies started
2024_10_03_T22:32:07 -  clearHangingRentalSupplies took 0.00024008750915527344
2024_10_03_T22:32:07 -  clearHouseMarket started
2024_10_03_T22:32:07 -  clearHouseMarket - first block took 0.013128995895385742
2024_10_03_T22:32:07 -  clearHouseMarket - second block took 0.0010089874267578125
2024_10_03_T22:32:07 -  clearHouseMarket - third block took 0.00027298927307128906
2024_10_03_T22:32:07 -  clearRentalMarket started
2024_10_03_T22:32:07 -  clearRentalMarket - first block took 0.03386187553405762
2024_10_03_T22:32:07 -  clearRentalMarket - second block took 0.00032591819763183594
2024_10_03_T22:32:07 -  Model step took 0.07042288780212402 seconds
2024_10_03_T22:32:10 -  Model step started
2024_10_03_T22:32:10 -  clearHangingSupplies started
2024_10_03_T22:32:10 -  clearHangingSupplies took 2.5033950805664062e-5
2024_10_03_T22:32:10 -  clearHangingRentalSupplies started
2024_10_03_T22:32:10 -  clearHangingRentalSupplies took 0.00021696090698242188
2024_10_03_T22:32:10 -  clearHouseMarket started
2024_10_03_T22:32:10 -  clearHouseMarket - first block took 0.015508174896240234
2024_10_03_T22:32:10 -  clearHouseMarket - second block took 0.0005218982696533203
2024_10_03_T22:32:10 -  clearHouseMarket - third block took 0.0002651214599609375
2024_10_03_T22:32:10 -  clearRentalMarket started
2024_10_03_T22:32:10 -  clearRentalMarket - first block took 0.039222002029418945
2024_10_03_T22:32:10 -  clearRentalMarket - second block took 0.00031685829162597656
2024_10_03_T22:32:10 -  Model step took 0.07552385330200195 seconds
2024_10_03_T22:32:13 -  Model step started
2024_10_03_T22:32:13 -  clearHangingSupplies started
2024_10_03_T22:32:13 -  clearHangingSupplies took 1.9073486328125e-5
2024_10_03_T22:32:13 -  clearHangingRentalSupplies started
2024_10_03_T22:32:13 -  clearHangingRentalSupplies took 0.00028705596923828125
2024_10_03_T22:32:13 -  clearHouseMarket started
2024_10_03_T22:32:13 -  clearHouseMarket - first block took 0.006524085998535156
2024_10_03_T22:32:13 -  clearHouseMarket - second block took 0.0022771358489990234
2024_10_03_T22:32:13 -  clearHouseMarket - third block took 0.0003390312194824219
2024_10_03_T22:32:13 -  clearRentalMarket started
2024_10_03_T22:32:13 -  clearRentalMarket - first block took 0.03107595443725586
2024_10_03_T22:32:13 -  clearRentalMarket - second block took 0.00026488304138183594
2024_10_03_T22:32:13 -  Model step took 0.06407594680786133 seconds
2024_10_03_T22:32:16 -  Model step started
2024_10_03_T22:32:16 -  clearHangingSupplies started
2024_10_03_T22:32:16 -  clearHangingSupplies took 1.5974044799804688e-5
2024_10_03_T22:32:16 -  clearHangingRentalSupplies started
2024_10_03_T22:32:16 -  clearHangingRentalSupplies took 0.0003018379211425781
2024_10_03_T22:32:16 -  clearHouseMarket started
2024_10_03_T22:32:16 -  clearHouseMarket - first block took 0.006548166275024414
2024_10_03_T22:32:16 -  clearHouseMarket - second block took 0.0007190704345703125
2024_10_03_T22:32:16 -  clearHouseMarket - third block took 0.00019788742065429688
2024_10_03_T22:32:16 -  clearRentalMarket started
2024_10_03_T22:32:16 -  clearRentalMarket - first block took 0.0339810848236084
2024_10_03_T22:32:16 -  clearRentalMarket - second block took 0.00030517578125
2024_10_03_T22:32:16 -  Model step took 0.0567011833190918 seconds
2024_10_03_T22:32:18 -  Model step started
2024_10_03_T22:32:18 -  clearHangingSupplies started
2024_10_03_T22:32:18 -  clearHangingSupplies took 1.3113021850585938e-5
2024_10_03_T22:32:18 -  clearHangingRentalSupplies started
2024_10_03_T22:32:18 -  clearHangingRentalSupplies took 0.0002288818359375
2024_10_03_T22:32:18 -  clearHouseMarket started
2024_10_03_T22:32:18 -  clearHouseMarket - first block took 0.004263877868652344
2024_10_03_T22:32:18 -  clearHouseMarket - second block took 0.0007510185241699219
2024_10_03_T22:32:18 -  clearHouseMarket - third block took 0.00022792816162109375
2024_10_03_T22:32:18 -  clearRentalMarket started
2024_10_03_T22:32:18 -  clearRentalMarket - first block took 0.029575109481811523
2024_10_03_T22:32:18 -  clearRentalMarket - second block took 0.00019311904907226562
2024_10_03_T22:32:18 -  Model step took 0.06113600730895996 seconds
2024_10_03_T22:32:20 -  Model step started
2024_10_03_T22:32:20 -  clearHangingSupplies started
2024_10_03_T22:32:20 -  clearHangingSupplies took 1.0013580322265625e-5
2024_10_03_T22:32:20 -  clearHangingRentalSupplies started
2024_10_03_T22:32:20 -  clearHangingRentalSupplies took 0.00031185150146484375
2024_10_03_T22:32:20 -  clearHouseMarket started
2024_10_03_T22:32:20 -  clearHouseMarket - first block took 0.0018138885498046875
2024_10_03_T22:32:20 -  clearHouseMarket - second block took 0.0003941059112548828
2024_10_03_T22:32:20 -  clearHouseMarket - third block took 0.0002911090850830078
2024_10_03_T22:32:20 -  clearRentalMarket started
2024_10_03_T22:32:20 -  clearRentalMarket - first block took 0.033592939376831055
2024_10_03_T22:32:20 -  clearRentalMarket - second block took 0.0002830028533935547
2024_10_03_T22:32:20 -  Model step took 0.0526580810546875 seconds
2024_10_03_T22:32:22 -  Model step started
2024_10_03_T22:32:22 -  clearHangingSupplies started
2024_10_03_T22:32:22 -  clearHangingSupplies took 7.867813110351562e-6
2024_10_03_T22:32:22 -  clearHangingRentalSupplies started
2024_10_03_T22:32:22 -  clearHangingRentalSupplies took 0.00036787986755371094
2024_10_03_T22:32:22 -  clearHouseMarket started
2024_10_03_T22:32:22 -  clearHouseMarket - first block took 0.0008869171142578125
2024_10_03_T22:32:22 -  clearHouseMarket - second block took 0.0007808208465576172
2024_10_03_T22:32:22 -  clearHouseMarket - third block took 0.000286102294921875
2024_10_03_T22:32:22 -  clearRentalMarket started
2024_10_03_T22:32:22 -  clearRentalMarket - first block took 0.03843283653259277
2024_10_03_T22:32:22 -  clearRentalMarket - second block took 0.00028896331787109375
2024_10_03_T22:32:22 -  Model step took 0.056268930435180664 seconds
2024_10_03_T22:32:25 -  Model step started
2024_10_03_T22:32:25 -  clearHangingSupplies started
2024_10_03_T22:32:25 -  clearHangingSupplies took 5.0067901611328125e-6
2024_10_03_T22:32:25 -  clearHangingRentalSupplies started
2024_10_03_T22:32:25 -  clearHangingRentalSupplies took 0.00035500526428222656
2024_10_03_T22:32:25 -  clearHouseMarket started
2024_10_03_T22:32:25 -  clearHouseMarket - first block took 2.8133392333984375e-5
2024_10_03_T22:32:25 -  clearHouseMarket - second block took 4.0531158447265625e-6
2024_10_03_T22:32:25 -  clearHouseMarket - third block took 0.0002849102020263672
2024_10_03_T22:32:25 -  clearRentalMarket started
2024_10_03_T22:32:25 -  clearRentalMarket - first block took 0.03784489631652832
2024_10_03_T22:32:25 -  clearRentalMarket - second block took 0.0003330707550048828
2024_10_03_T22:32:25 -  Model step took 0.05598807334899902 seconds
2024_10_03_T22:32:27 -  Model step started
2024_10_03_T22:32:27 -  clearHangingSupplies started
2024_10_03_T22:32:27 -  clearHangingSupplies took 8.106231689453125e-6
2024_10_03_T22:32:27 -  clearHangingRentalSupplies started
2024_10_03_T22:32:27 -  clearHangingRentalSupplies took 0.0002968311309814453
2024_10_03_T22:32:27 -  clearHouseMarket started
2024_10_03_T22:32:27 -  clearHouseMarket - first block took 0.0010900497436523438
2024_10_03_T22:32:27 -  clearHouseMarket - second block took 0.0005431175231933594
2024_10_03_T22:32:27 -  clearHouseMarket - third block took 0.0002989768981933594
2024_10_03_T22:32:27 -  clearRentalMarket started
2024_10_03_T22:32:27 -  clearRentalMarket - first block took 0.043070077896118164
2024_10_03_T22:32:27 -  clearRentalMarket - second block took 0.00051116943359375
2024_10_03_T22:32:27 -  Model step took 0.07002806663513184 seconds
2024_10_03_T22:32:30 -  Model step started
2024_10_03_T22:32:30 -  clearHangingSupplies started
2024_10_03_T22:32:30 -  clearHangingSupplies took 2.86102294921875e-6
2024_10_03_T22:32:30 -  clearHangingRentalSupplies started
2024_10_03_T22:32:30 -  clearHangingRentalSupplies took 0.00024199485778808594
2024_10_03_T22:32:30 -  clearHouseMarket started
2024_10_03_T22:32:30 -  clearHouseMarket - first block took 1.5020370483398438e-5
2024_10_03_T22:32:30 -  clearHouseMarket - second block took 3.0994415283203125e-6
2024_10_03_T22:32:30 -  clearHouseMarket - third block took 0.00018906593322753906
2024_10_03_T22:32:30 -  clearRentalMarket started
2024_10_03_T22:32:30 -  clearRentalMarket - first block took 0.042771100997924805
2024_10_03_T22:32:30 -  clearRentalMarket - second block took 0.00040793418884277344
2024_10_03_T22:32:30 -  Model step took 0.058882951736450195 seconds
2024_10_03_T22:32:33 -  Model step started
2024_10_03_T22:32:33 -  clearHangingSupplies started
2024_10_03_T22:32:33 -  clearHangingSupplies took 9.059906005859375e-6
2024_10_03_T22:32:33 -  clearHangingRentalSupplies started
2024_10_03_T22:32:33 -  clearHangingRentalSupplies took 0.0002911090850830078
2024_10_03_T22:32:33 -  clearHouseMarket started
2024_10_03_T22:32:33 -  clearHouseMarket - first block took 0.0016388893127441406
2024_10_03_T22:32:33 -  clearHouseMarket - second block took 0.0005619525909423828
2024_10_03_T22:32:33 -  clearHouseMarket - third block took 0.00024390220642089844
2024_10_03_T22:32:33 -  clearRentalMarket started
2024_10_03_T22:32:33 -  clearRentalMarket - first block took 0.041999101638793945
2024_10_03_T22:32:33 -  clearRentalMarket - second block took 0.0005738735198974609
2024_10_03_T22:32:33 -  Model step took 0.08074212074279785 seconds
2024_10_03_T22:32:35 -  Model step started
2024_10_03_T22:32:35 -  clearHangingSupplies started
2024_10_03_T22:32:35 -  clearHangingSupplies took 1.0013580322265625e-5
2024_10_03_T22:32:35 -  clearHangingRentalSupplies started
2024_10_03_T22:32:35 -  clearHangingRentalSupplies took 0.0003459453582763672
2024_10_03_T22:32:35 -  clearHouseMarket started
2024_10_03_T22:32:35 -  clearHouseMarket - first block took 0.0006589889526367188
2024_10_03_T22:32:35 -  clearHouseMarket - second block took 0.0005919933319091797
2024_10_03_T22:32:35 -  clearHouseMarket - third block took 0.00020694732666015625
2024_10_03_T22:32:35 -  clearRentalMarket started
2024_10_03_T22:32:35 -  clearRentalMarket - first block took 0.03785991668701172
2024_10_03_T22:32:35 -  clearRentalMarket - second block took 0.0003190040588378906
2024_10_03_T22:32:35 -  Model step took 0.05452704429626465 seconds
2024_10_03_T22:32:38 -  Model step started
2024_10_03_T22:32:38 -  clearHangingSupplies started
2024_10_03_T22:32:38 -  clearHangingSupplies took 1.0013580322265625e-5
2024_10_03_T22:32:38 -  clearHangingRentalSupplies started
2024_10_03_T22:32:38 -  clearHangingRentalSupplies took 0.00037288665771484375
2024_10_03_T22:32:38 -  clearHouseMarket started
2024_10_03_T22:32:38 -  clearHouseMarket - first block took 0.0005078315734863281
2024_10_03_T22:32:38 -  clearHouseMarket - second block took 0.00040984153747558594
2024_10_03_T22:32:38 -  clearHouseMarket - third block took 0.0002448558807373047
2024_10_03_T22:32:38 -  clearRentalMarket started
2024_10_03_T22:32:38 -  clearRentalMarket - first block took 0.040947914123535156
2024_10_03_T22:32:38 -  clearRentalMarket - second block took 0.00039386749267578125
2024_10_03_T22:32:38 -  Model step took 0.0587010383605957 seconds
2024_10_03_T22:32:40 -  Model step started
2024_10_03_T22:32:40 -  clearHangingSupplies started
2024_10_03_T22:32:40 -  clearHangingSupplies took 5.0067901611328125e-6
2024_10_03_T22:32:40 -  clearHangingRentalSupplies started
2024_10_03_T22:32:40 -  clearHangingRentalSupplies took 0.0003211498260498047
2024_10_03_T22:32:40 -  clearHouseMarket started
2024_10_03_T22:32:40 -  clearHouseMarket - first block took 0.0007679462432861328
2024_10_03_T22:32:40 -  clearHouseMarket - second block took 0.0002570152282714844
2024_10_03_T22:32:40 -  clearHouseMarket - third block took 0.000244140625
2024_10_03_T22:32:40 -  clearRentalMarket started
2024_10_03_T22:32:40 -  clearRentalMarket - first block took 0.04172778129577637
2024_10_03_T22:32:40 -  clearRentalMarket - second block took 0.00030684471130371094
2024_10_03_T22:32:40 -  Model step took 0.059979915618896484 seconds
2024_10_03_T22:32:43 -  Model step started
2024_10_03_T22:32:43 -  clearHangingSupplies started
2024_10_03_T22:32:43 -  clearHangingSupplies took 6.198883056640625e-6
2024_10_03_T22:32:43 -  clearHangingRentalSupplies started
2024_10_03_T22:32:43 -  clearHangingRentalSupplies took 0.00032901763916015625
2024_10_03_T22:32:43 -  clearHouseMarket started
2024_10_03_T22:32:43 -  clearHouseMarket - first block took 2.4080276489257812e-5
2024_10_03_T22:32:43 -  clearHouseMarket - second block took 4.0531158447265625e-6
2024_10_03_T22:32:43 -  clearHouseMarket - third block took 0.0002529621124267578
2024_10_03_T22:32:43 -  clearRentalMarket started
2024_10_03_T22:32:43 -  clearRentalMarket - first block took 0.03813886642456055
2024_10_03_T22:32:43 -  clearRentalMarket - second block took 0.00029397010803222656
2024_10_03_T22:32:43 -  Model step took 0.08024001121520996 seconds
