2024_09_06_T10:01:53 -  finished initateHouses in 0.29412388801574707 seconds
2024_09_06_T10:01:53 -  finished initiateHouseholds in 0.5085289478302002 seconds
2024_09_06_T10:01:54 -  finished assignHousesToHouseholds in 0.8240129947662354 seconds
2024_09_06_T10:02:59 -  Model step started
2024_09_06_T10:07:29 -  Model step took 269.48828387260437 seconds
2024_09_06_T10:08:31 -  Model step started
2024_09_06_T10:09:10 -  Model step took 39.570942878723145 seconds
2024_09_06_T10:10:13 -  Model step started
2024_09_06_T10:10:53 -  Model step took 40.154515981674194 seconds
2024_09_06_T10:11:56 -  Model step started
2024_09_06_T10:12:37 -  Model step took 41.22201895713806 seconds
2024_09_06_T10:13:40 -  Model step started
2024_09_06_T10:14:22 -  Model step took 42.27163600921631 seconds
2024_09_06_T10:15:25 -  Model step started
2024_09_06_T10:16:09 -  Model step took 43.95823383331299 seconds
2024_09_06_T10:17:11 -  Model step started
2024_09_06_T10:17:58 -  Model step took 46.43114709854126 seconds
2024_09_06_T10:19:01 -  Model step started
2024_09_06_T10:19:48 -  Model step took 46.74338889122009 seconds
2024_09_06_T10:20:50 -  Model step started
2024_09_06_T10:21:38 -  Model step took 48.40570783615112 seconds
2024_09_06_T10:22:40 -  Model step started
2024_09_06_T10:23:30 -  Model step took 49.79827308654785 seconds
2024_09_06_T10:24:32 -  Model step started
2024_09_06_T10:25:24 -  Model step took 51.57870101928711 seconds
2024_09_06_T10:26:27 -  Model step started
2024_09_06_T10:27:20 -  Model step took 53.52801489830017 seconds
2024_09_06_T10:28:23 -  Model step started
2024_09_06_T10:29:18 -  Model step took 55.478164196014404 seconds
2024_09_06_T10:30:21 -  Model step started
2024_09_06_T10:31:19 -  Model step took 57.66170001029968 seconds
2024_09_06_T10:32:22 -  Model step started
2024_09_06_T10:33:22 -  Model step took 59.896812915802 seconds
