2024_09_17_T21:24:35 -  finished initateHouses in 0.6045482158660889 seconds
2024_09_17_T21:24:35 -  finished initiateHouseholds in 0.8820631504058838 seconds
2024_09_17_T21:24:35 -  finished assignHousesToHouseholds in 1.0485591888427734 seconds
2024_09_17_T21:24:45 -  Model step started
2024_09_17_T21:24:45 -  Model step took 0.9182169437408447 seconds
2024_09_17_T21:24:48 -  Model step started
2024_09_17_T21:24:48 -  Model step took 0.041107177734375 seconds
2024_09_17_T21:24:50 -  Model step started
2024_09_17_T21:24:50 -  Model step took 0.014842033386230469 seconds
2024_09_17_T21:24:52 -  Model step started
2024_09_17_T21:24:52 -  Model step took 0.011262893676757812 seconds
2024_09_17_T21:24:54 -  Model step started
2024_09_17_T21:24:54 -  Model step took 0.009901046752929688 seconds
2024_09_17_T21:24:56 -  Model step started
2024_09_17_T21:24:56 -  Model step took 0.007576942443847656 seconds
2024_09_17_T21:24:58 -  Model step started
2024_09_17_T21:24:58 -  Model step took 0.00892186164855957 seconds
2024_09_17_T21:25:00 -  Model step started
2024_09_17_T21:25:00 -  Model step took 0.006556034088134766 seconds
2024_09_17_T21:25:02 -  Model step started
2024_09_17_T21:25:02 -  Model step took 0.006002902984619141 seconds
2024_09_17_T21:25:04 -  Model step started
2024_09_17_T21:25:04 -  Model step took 0.006784915924072266 seconds
2024_09_17_T21:25:06 -  Model step started
2024_09_17_T21:25:06 -  Model step took 0.00652003288269043 seconds
2024_09_17_T21:25:07 -  Model step started
2024_09_17_T21:25:07 -  Model step took 0.007720947265625 seconds
2024_09_17_T21:25:10 -  Model step started
2024_09_17_T21:25:10 -  Model step took 0.005280017852783203 seconds
2024_09_17_T21:25:12 -  Model step started
2024_09_17_T21:25:12 -  Model step took 0.004997968673706055 seconds
2024_09_17_T21:25:13 -  Model step started
2024_09_17_T21:25:13 -  Model step took 0.0064089298248291016 seconds
