2024_09_19_T23:23:19 -  finished initateHouses in 0.3360259532928467 seconds
2024_09_19_T23:23:19 -  finished initiateHouseholds in 0.48352909088134766 seconds
2024_09_19_T23:23:20 -  finished assignHousesToHouseholds in 0.6709129810333252 seconds
2024_09_19_T23:23:43 -  Model step started
2024_09_19_T23:23:48 -  Model step took 5.710147857666016 seconds
2024_09_19_T23:24:08 -  Model step started
2024_09_19_T23:24:13 -  Model step took 4.834155082702637 seconds
2024_09_19_T23:24:32 -  Model step started
2024_09_19_T23:24:37 -  Model step took 4.4323179721832275 seconds
2024_09_19_T23:24:56 -  Model step started
2024_09_19_T23:25:00 -  Model step took 3.737044095993042 seconds
2024_09_19_T23:25:20 -  Model step started
2024_09_19_T23:25:23 -  Model step took 3.001973867416382 seconds
2024_09_19_T23:25:43 -  Model step started
2024_09_19_T23:25:45 -  Model step took 2.6292049884796143 seconds
2024_09_19_T23:26:05 -  Model step started
2024_09_19_T23:26:08 -  Model step took 2.367971181869507 seconds
2024_09_19_T23:26:27 -  Model step started
2024_09_19_T23:26:30 -  Model step took 2.1961138248443604 seconds
2024_09_19_T23:26:50 -  Model step started
2024_09_19_T23:26:52 -  Model step took 2.0253238677978516 seconds
2024_09_19_T23:27:12 -  Model step started
2024_09_19_T23:27:14 -  Model step took 1.8529770374298096 seconds
2024_09_19_T23:27:34 -  Model step started
2024_09_19_T23:27:35 -  Model step took 1.7237348556518555 seconds
2024_09_19_T23:27:56 -  Model step started
2024_09_19_T23:27:57 -  Model step took 1.6294770240783691 seconds
2024_09_19_T23:28:17 -  Model step started
2024_09_19_T23:28:19 -  Model step took 1.6656379699707031 seconds
2024_09_19_T23:28:39 -  Model step started
2024_09_19_T23:28:40 -  Model step took 1.3654389381408691 seconds
2024_09_19_T23:29:00 -  Model step started
2024_09_19_T23:29:01 -  Model step took 1.3051059246063232 seconds
2024_09_19_T23:29:21 -  Model step started
2024_09_19_T23:29:22 -  Model step took 1.161849021911621 seconds
2024_09_19_T23:29:43 -  Model step started
2024_09_19_T23:29:45 -  Model step took 2.111274003982544 seconds
2024_09_19_T23:30:04 -  Model step started
2024_09_19_T23:30:06 -  Model step took 1.9843411445617676 seconds
2024_09_19_T23:30:26 -  Model step started
2024_09_19_T23:30:28 -  Model step took 1.9240939617156982 seconds
2024_09_19_T23:30:47 -  Model step started
2024_09_19_T23:30:49 -  Model step took 1.9916250705718994 seconds
2024_09_19_T23:31:09 -  Model step started
2024_09_19_T23:31:11 -  Model step took 1.8922550678253174 seconds
2024_09_19_T23:31:30 -  Model step started
2024_09_19_T23:31:32 -  Model step took 2.0324838161468506 seconds
2024_09_19_T23:31:52 -  Model step started
2024_09_19_T23:31:55 -  Model step took 2.9259111881256104 seconds
2024_09_19_T23:32:15 -  Model step started
2024_09_19_T23:32:18 -  Model step took 3.094900131225586 seconds
2024_09_19_T23:32:38 -  Model step started
2024_09_19_T23:32:41 -  Model step took 2.924834966659546 seconds
2024_09_19_T23:33:00 -  Model step started
2024_09_19_T23:33:03 -  Model step took 3.0616650581359863 seconds
2024_09_19_T23:33:23 -  Model step started
2024_09_19_T23:33:26 -  Model step took 3.1973190307617188 seconds
2024_09_19_T23:33:45 -  Model step started
2024_09_19_T23:33:49 -  Model step took 3.8819799423217773 seconds
2024_09_19_T23:34:08 -  Model step started
2024_09_19_T23:34:13 -  Model step took 4.444347143173218 seconds
2024_09_19_T23:34:32 -  Model step started
2024_09_19_T23:34:38 -  Model step took 5.053528070449829 seconds
2024_09_19_T23:34:57 -  Model step started
2024_09_19_T23:35:03 -  Model step took 5.576790809631348 seconds
2024_09_19_T23:35:22 -  Model step started
2024_09_19_T23:35:29 -  Model step took 6.394330978393555 seconds
2024_09_19_T23:35:48 -  Model step started
2024_09_19_T23:35:55 -  Model step took 6.758816957473755 seconds
2024_09_19_T23:36:14 -  Model step started
2024_09_19_T23:36:22 -  Model step took 7.091511011123657 seconds
2024_09_19_T23:36:41 -  Model step started
2024_09_19_T23:36:49 -  Model step took 7.457543849945068 seconds
2024_09_19_T23:37:08 -  Model step started
2024_09_19_T23:37:16 -  Model step took 7.8365638256073 seconds
2024_09_19_T23:37:36 -  Model step started
2024_09_19_T23:37:45 -  Model step took 8.15341305732727 seconds
2024_09_19_T23:38:04 -  Model step started
2024_09_19_T23:38:12 -  Model step took 8.21119499206543 seconds
2024_09_19_T23:38:32 -  Model step started
2024_09_19_T23:38:40 -  Model step took 8.161569833755493 seconds
2024_09_19_T23:39:00 -  Model step started
2024_09_19_T23:39:09 -  Model step took 8.353890895843506 seconds
2024_09_19_T23:39:29 -  Model step started
2024_09_19_T23:39:37 -  Model step took 8.2585608959198 seconds
2024_09_19_T23:39:57 -  Model step started
2024_09_19_T23:40:05 -  Model step took 8.24868106842041 seconds
2024_09_19_T23:40:25 -  Model step started
2024_09_19_T23:40:34 -  Model step took 8.140187978744507 seconds
2024_09_19_T23:40:53 -  Model step started
2024_09_19_T23:41:02 -  Model step took 8.142067193984985 seconds
2024_09_19_T23:41:22 -  Model step started
2024_09_19_T23:41:30 -  Model step took 8.041015148162842 seconds
2024_09_19_T23:41:50 -  Model step started
2024_09_19_T23:41:58 -  Model step took 8.01259994506836 seconds
2024_09_19_T23:42:17 -  Model step started
2024_09_19_T23:42:25 -  Model step took 7.310304880142212 seconds
2024_09_19_T23:42:44 -  Model step started
2024_09_19_T23:42:52 -  Model step took 7.203974008560181 seconds
2024_09_19_T23:43:11 -  Model step started
2024_09_19_T23:43:19 -  Model step took 7.2843918800354 seconds
2024_09_19_T23:43:38 -  Model step started
2024_09_19_T23:43:45 -  Model step took 6.865671157836914 seconds
2024_09_19_T23:44:05 -  Model step started
2024_09_19_T23:44:12 -  Model step took 6.75071382522583 seconds
2024_09_19_T23:44:32 -  Model step started
2024_09_19_T23:44:39 -  Model step took 6.533835172653198 seconds
2024_09_19_T23:44:59 -  Model step started
2024_09_19_T23:45:05 -  Model step took 6.43553614616394 seconds
2024_09_19_T23:45:25 -  Model step started
2024_09_19_T23:45:31 -  Model step took 6.299978971481323 seconds
2024_09_19_T23:45:51 -  Model step started
2024_09_19_T23:45:57 -  Model step took 6.187366008758545 seconds
2024_09_19_T23:46:18 -  Model step started
2024_09_19_T23:46:24 -  Model step took 6.064440011978149 seconds
2024_09_19_T23:46:44 -  Model step started
2024_09_19_T23:46:50 -  Model step took 5.998022079467773 seconds
2024_09_19_T23:47:10 -  Model step started
2024_09_19_T23:47:16 -  Model step took 5.959690093994141 seconds
2024_09_19_T23:47:36 -  Model step started
2024_09_19_T23:47:42 -  Model step took 5.932311058044434 seconds
2024_09_19_T23:48:03 -  Model step started
2024_09_19_T23:48:08 -  Model step took 5.7663679122924805 seconds
2024_09_19_T23:48:29 -  Model step started
2024_09_19_T23:48:34 -  Model step took 5.568753957748413 seconds
2024_09_19_T23:48:55 -  Model step started
2024_09_19_T23:49:00 -  Model step took 5.327901124954224 seconds
2024_09_19_T23:49:21 -  Model step started
2024_09_19_T23:49:26 -  Model step took 5.190263986587524 seconds
2024_09_19_T23:49:46 -  Model step started
2024_09_19_T23:49:51 -  Model step took 5.048579931259155 seconds
2024_09_19_T23:50:12 -  Model step started
2024_09_19_T23:50:17 -  Model step took 4.962692022323608 seconds
2024_09_19_T23:50:37 -  Model step started
2024_09_19_T23:50:42 -  Model step took 4.894618034362793 seconds
2024_09_19_T23:51:03 -  Model step started
2024_09_19_T23:51:08 -  Model step took 4.898827075958252 seconds
2024_09_19_T23:51:28 -  Model step started
2024_09_19_T23:51:33 -  Model step took 4.639504909515381 seconds
2024_09_19_T23:51:54 -  Model step started
2024_09_19_T23:51:58 -  Model step took 4.621952056884766 seconds
2024_09_19_T23:52:19 -  Model step started
2024_09_19_T23:52:23 -  Model step took 4.464905023574829 seconds
2024_09_19_T23:52:44 -  Model step started
2024_09_19_T23:52:49 -  Model step took 4.553819894790649 seconds
2024_09_19_T23:53:09 -  Model step started
2024_09_19_T23:53:14 -  Model step took 4.459104061126709 seconds
2024_09_19_T23:53:35 -  Model step started
2024_09_19_T23:53:39 -  Model step took 4.183046102523804 seconds
2024_09_19_T23:54:00 -  Model step started
2024_09_19_T23:54:04 -  Model step took 3.961066961288452 seconds
2024_09_19_T23:54:24 -  Model step started
2024_09_19_T23:54:28 -  Model step took 3.739593982696533 seconds
2024_09_19_T23:54:49 -  Model step started
2024_09_19_T23:54:53 -  Model step took 3.6565701961517334 seconds
2024_09_19_T23:55:14 -  Model step started
2024_09_19_T23:55:18 -  Model step took 3.5775370597839355 seconds
2024_09_19_T23:55:39 -  Model step started
2024_09_19_T23:55:42 -  Model step took 3.481137990951538 seconds
2024_09_19_T23:56:03 -  Model step started
2024_09_19_T23:56:06 -  Model step took 3.3484959602355957 seconds
2024_09_19_T23:56:27 -  Model step started
2024_09_19_T23:56:30 -  Model step took 3.288512945175171 seconds
2024_09_19_T23:56:51 -  Model step started
2024_09_19_T23:56:54 -  Model step took 3.169466972351074 seconds
2024_09_19_T23:57:15 -  Model step started
2024_09_19_T23:57:18 -  Model step took 3.1746299266815186 seconds
2024_09_19_T23:57:40 -  Model step started
2024_09_19_T23:57:43 -  Model step took 3.0509018898010254 seconds
2024_09_19_T23:58:04 -  Model step started
2024_09_19_T23:58:07 -  Model step took 2.950639009475708 seconds
2024_09_19_T23:58:27 -  Model step started
2024_09_19_T23:58:30 -  Model step took 2.7962160110473633 seconds
2024_09_19_T23:58:51 -  Model step started
2024_09_19_T23:58:54 -  Model step took 2.6080451011657715 seconds
2024_09_19_T23:59:15 -  Model step started
2024_09_19_T23:59:17 -  Model step took 2.429949998855591 seconds
2024_09_19_T23:59:38 -  Model step started
2024_09_19_T23:59:40 -  Model step took 2.329638957977295 seconds
2024_09_20_T00:00:01 -  Model step started
2024_09_20_T00:00:03 -  Model step took 2.286816120147705 seconds
2024_09_20_T00:00:24 -  Model step started
2024_09_20_T00:00:26 -  Model step took 2.2156310081481934 seconds
2024_09_20_T00:00:47 -  Model step started
2024_09_20_T00:00:49 -  Model step took 2.1303248405456543 seconds
2024_09_20_T00:01:10 -  Model step started
2024_09_20_T00:01:12 -  Model step took 2.059037923812866 seconds
2024_09_20_T00:01:33 -  Model step started
2024_09_20_T00:01:35 -  Model step took 1.9698030948638916 seconds
2024_09_20_T00:01:56 -  Model step started
2024_09_20_T00:01:58 -  Model step took 1.9146881103515625 seconds
2024_09_20_T00:02:19 -  Model step started
2024_09_20_T00:02:21 -  Model step took 1.936722993850708 seconds
2024_09_20_T00:02:41 -  Model step started
2024_09_20_T00:02:43 -  Model step took 1.832442045211792 seconds
2024_09_20_T00:03:04 -  Model step started
2024_09_20_T00:03:06 -  Model step took 1.7925570011138916 seconds
2024_09_20_T00:03:27 -  Model step started
2024_09_20_T00:03:28 -  Model step took 1.6575520038604736 seconds
2024_09_20_T00:03:49 -  Model step started
2024_09_20_T00:03:51 -  Model step took 1.525244951248169 seconds
2024_09_20_T00:04:12 -  Model step started
2024_09_20_T00:04:13 -  Model step took 1.45458984375 seconds
2024_09_20_T00:04:34 -  Model step started
2024_09_20_T00:04:36 -  Model step took 1.3659238815307617 seconds
2024_09_20_T00:04:56 -  Model step started
2024_09_20_T00:04:58 -  Model step took 1.3276498317718506 seconds
2024_09_20_T00:05:19 -  Model step started
2024_09_20_T00:05:20 -  Model step took 1.388688087463379 seconds
2024_09_20_T00:05:41 -  Model step started
2024_09_20_T00:05:42 -  Model step took 1.2947630882263184 seconds
2024_09_20_T00:06:03 -  Model step started
2024_09_20_T00:06:05 -  Model step took 1.316046953201294 seconds
2024_09_20_T00:06:26 -  Model step started
2024_09_20_T00:06:27 -  Model step took 1.2406880855560303 seconds
2024_09_20_T00:06:48 -  Model step started
2024_09_20_T00:06:49 -  Model step took 1.1913528442382812 seconds
2024_09_20_T00:07:10 -  Model step started
2024_09_20_T00:07:11 -  Model step took 1.1297690868377686 seconds
2024_09_20_T00:07:32 -  Model step started
2024_09_20_T00:07:33 -  Model step took 1.0631828308105469 seconds
2024_09_20_T00:07:54 -  Model step started
2024_09_20_T00:07:55 -  Model step took 0.9393539428710938 seconds
2024_09_20_T00:08:17 -  Model step started
2024_09_20_T00:08:17 -  Model step took 0.8725681304931641 seconds
2024_09_20_T00:08:38 -  Model step started
2024_09_20_T00:08:39 -  Model step took 0.8437991142272949 seconds
2024_09_20_T00:09:00 -  Model step started
2024_09_20_T00:09:01 -  Model step took 0.8538529872894287 seconds
2024_09_20_T00:09:22 -  Model step started
2024_09_20_T00:09:23 -  Model step took 0.9065589904785156 seconds
2024_09_20_T00:09:44 -  Model step started
2024_09_20_T00:09:45 -  Model step took 0.7645230293273926 seconds
2024_09_20_T00:10:06 -  Model step started
2024_09_20_T00:10:06 -  Model step took 0.6983110904693604 seconds
2024_09_20_T00:10:27 -  Model step started
2024_09_20_T00:10:28 -  Model step took 0.7717139720916748 seconds
2024_09_20_T00:10:49 -  Model step started
2024_09_20_T00:10:50 -  Model step took 0.7774481773376465 seconds
2024_09_20_T00:11:11 -  Model step started
2024_09_20_T00:11:12 -  Model step took 0.7366080284118652 seconds
2024_09_20_T00:11:33 -  Model step started
2024_09_20_T00:11:33 -  Model step took 0.6152899265289307 seconds
2024_09_20_T00:11:54 -  Model step started
2024_09_20_T00:11:55 -  Model step took 0.6062719821929932 seconds
2024_09_20_T00:12:16 -  Model step started
2024_09_20_T00:12:17 -  Model step took 0.5308809280395508 seconds
2024_09_20_T00:12:38 -  Model step started
2024_09_20_T00:12:38 -  Model step took 0.49692296981811523 seconds
2024_09_20_T00:12:59 -  Model step started
2024_09_20_T00:13:00 -  Model step took 0.3973381519317627 seconds
2024_09_20_T00:13:21 -  Model step started
2024_09_20_T00:13:21 -  Model step took 0.4934840202331543 seconds
2024_09_20_T00:13:42 -  Model step started
2024_09_20_T00:13:42 -  Model step took 0.4733908176422119 seconds
2024_09_20_T00:14:03 -  Model step started
2024_09_20_T00:14:04 -  Model step took 0.3559401035308838 seconds
2024_09_20_T00:14:25 -  Model step started
2024_09_20_T00:14:25 -  Model step took 0.4559500217437744 seconds
2024_09_20_T00:14:46 -  Model step started
2024_09_20_T00:14:46 -  Model step took 0.371337890625 seconds
2024_09_20_T00:15:07 -  Model step started
2024_09_20_T00:15:07 -  Model step took 0.23159003257751465 seconds
2024_09_20_T00:15:28 -  Model step started
2024_09_20_T00:15:29 -  Model step took 0.23668193817138672 seconds
2024_09_20_T00:15:49 -  Model step started
2024_09_20_T00:15:49 -  Model step took 0.23188400268554688 seconds
2024_09_20_T00:16:10 -  Model step started
2024_09_20_T00:16:10 -  Model step took 0.33293604850769043 seconds
2024_09_20_T00:16:31 -  Model step started
2024_09_20_T00:16:31 -  Model step took 0.2902181148529053 seconds
2024_09_20_T00:16:52 -  Model step started
2024_09_20_T00:16:52 -  Model step took 0.19274401664733887 seconds
2024_09_20_T00:17:12 -  Model step started
2024_09_20_T00:17:12 -  Model step took 0.22262907028198242 seconds
2024_09_20_T00:17:33 -  Model step started
2024_09_20_T00:17:33 -  Model step took 0.19959807395935059 seconds
2024_09_20_T00:17:54 -  Model step started
2024_09_20_T00:17:54 -  Model step took 0.22533011436462402 seconds
2024_09_20_T00:18:14 -  Model step started
2024_09_20_T00:18:15 -  Model step took 0.17913389205932617 seconds
2024_09_20_T00:18:35 -  Model step started
2024_09_20_T00:18:35 -  Model step took 0.1647050380706787 seconds
2024_09_20_T00:18:56 -  Model step started
2024_09_20_T00:18:56 -  Model step took 0.17488503456115723 seconds
2024_09_20_T00:19:16 -  Model step started
2024_09_20_T00:19:16 -  Model step took 0.12371301651000977 seconds
2024_09_20_T00:19:37 -  Model step started
2024_09_20_T00:19:37 -  Model step took 0.13043904304504395 seconds
2024_09_20_T00:19:57 -  Model step started
2024_09_20_T00:19:57 -  Model step took 0.1345047950744629 seconds
2024_09_20_T00:20:18 -  Model step started
2024_09_20_T00:20:18 -  Model step took 0.10802793502807617 seconds
2024_09_20_T00:20:38 -  Model step started
2024_09_20_T00:20:38 -  Model step took 0.10777401924133301 seconds
2024_09_20_T00:20:58 -  Model step started
2024_09_20_T00:20:58 -  Model step took 0.15199494361877441 seconds
2024_09_20_T00:21:19 -  Model step started
2024_09_20_T00:21:19 -  Model step took 0.09944295883178711 seconds
2024_09_20_T00:21:39 -  Model step started
2024_09_20_T00:21:39 -  Model step took 0.11538290977478027 seconds
2024_09_20_T00:21:59 -  Model step started
2024_09_20_T00:21:59 -  Model step took 0.13747787475585938 seconds
2024_09_20_T00:22:19 -  Model step started
2024_09_20_T00:22:19 -  Model step took 0.0842740535736084 seconds
2024_09_20_T00:22:40 -  Model step started
2024_09_20_T00:22:40 -  Model step took 0.0833749771118164 seconds
2024_09_20_T00:23:00 -  Model step started
2024_09_20_T00:23:00 -  Model step took 0.08067607879638672 seconds
2024_09_20_T00:23:20 -  Model step started
2024_09_20_T00:23:20 -  Model step took 0.11105608940124512 seconds
2024_09_20_T00:23:40 -  Model step started
2024_09_20_T00:23:40 -  Model step took 0.07891583442687988 seconds
2024_09_20_T00:24:01 -  Model step started
2024_09_20_T00:24:01 -  Model step took 0.07593083381652832 seconds
2024_09_20_T00:24:21 -  Model step started
2024_09_20_T00:24:21 -  Model step took 0.10194897651672363 seconds
2024_09_20_T00:24:41 -  Model step started
2024_09_20_T00:24:41 -  Model step took 0.07975387573242188 seconds
2024_09_20_T00:25:01 -  Model step started
2024_09_20_T00:25:01 -  Model step took 0.07973504066467285 seconds
2024_09_20_T00:25:22 -  Model step started
2024_09_20_T00:25:22 -  Model step took 0.06874799728393555 seconds
2024_09_20_T00:25:42 -  Model step started
2024_09_20_T00:25:42 -  Model step took 0.05443596839904785 seconds
2024_09_20_T00:26:03 -  Model step started
2024_09_20_T00:26:03 -  Model step took 0.04896998405456543 seconds
2024_09_20_T00:26:23 -  Model step started
2024_09_20_T00:26:23 -  Model step took 0.050817012786865234 seconds
2024_09_20_T00:26:44 -  Model step started
2024_09_20_T00:26:44 -  Model step took 0.051409006118774414 seconds
2024_09_20_T00:27:04 -  Model step started
2024_09_20_T00:27:04 -  Model step took 0.07410192489624023 seconds
2024_09_20_T00:27:24 -  Model step started
2024_09_20_T00:27:24 -  Model step took 0.03989815711975098 seconds
2024_09_20_T00:27:44 -  Model step started
2024_09_20_T00:27:44 -  Model step took 0.046766042709350586 seconds
2024_09_20_T00:28:05 -  Model step started
2024_09_20_T00:28:05 -  Model step took 0.04873514175415039 seconds
2024_09_20_T00:28:25 -  Model step started
2024_09_20_T00:28:25 -  Model step took 0.040049076080322266 seconds
2024_09_20_T00:28:44 -  Model step started
2024_09_20_T00:28:44 -  Model step took 0.03415989875793457 seconds
2024_09_20_T00:29:04 -  Model step started
2024_09_20_T00:29:04 -  Model step took 0.032853126525878906 seconds
2024_09_20_T00:29:24 -  Model step started
2024_09_20_T00:29:24 -  Model step took 0.03244781494140625 seconds
2024_09_20_T00:29:44 -  Model step started
2024_09_20_T00:29:44 -  Model step took 0.0318300724029541 seconds
2024_09_20_T00:30:04 -  Model step started
2024_09_20_T00:30:04 -  Model step took 0.03080916404724121 seconds
2024_09_20_T00:30:23 -  Model step started
2024_09_20_T00:30:24 -  Model step took 0.02804088592529297 seconds
2024_09_20_T00:30:43 -  Model step started
2024_09_20_T00:30:43 -  Model step took 0.042669057846069336 seconds
2024_09_20_T00:31:03 -  Model step started
2024_09_20_T00:31:03 -  Model step took 0.02472400665283203 seconds
2024_09_20_T00:31:23 -  Model step started
2024_09_20_T00:31:23 -  Model step took 0.022665023803710938 seconds
2024_09_20_T00:31:43 -  Model step started
2024_09_20_T00:31:43 -  Model step took 0.02757096290588379 seconds
2024_09_20_T00:32:03 -  Model step started
2024_09_20_T00:32:03 -  Model step took 0.025807857513427734 seconds
2024_09_20_T00:32:23 -  Model step started
2024_09_20_T00:32:23 -  Model step took 0.02450394630432129 seconds
2024_09_20_T00:32:43 -  Model step started
2024_09_20_T00:32:43 -  Model step took 0.021699905395507812 seconds
2024_09_20_T00:33:03 -  Model step started
2024_09_20_T00:33:03 -  Model step took 0.016373157501220703 seconds
2024_09_20_T00:33:23 -  Model step started
2024_09_20_T00:33:23 -  Model step took 0.014749765396118164 seconds
2024_09_20_T00:33:42 -  Model step started
2024_09_20_T00:33:42 -  Model step took 0.014938831329345703 seconds
2024_09_20_T00:34:02 -  Model step started
2024_09_20_T00:34:02 -  Model step took 0.019002914428710938 seconds
2024_09_20_T00:34:22 -  Model step started
2024_09_20_T00:34:22 -  Model step took 0.013979196548461914 seconds
2024_09_20_T00:34:42 -  Model step started
2024_09_20_T00:34:42 -  Model step took 0.015583992004394531 seconds
2024_09_20_T00:35:02 -  Model step started
2024_09_20_T00:35:02 -  Model step took 0.013372182846069336 seconds
2024_09_20_T00:35:21 -  Model step started
2024_09_20_T00:35:21 -  Model step took 0.012112140655517578 seconds
2024_09_20_T00:35:42 -  Model step started
2024_09_20_T00:35:42 -  Model step took 0.011131048202514648 seconds
2024_09_20_T00:36:02 -  Model step started
2024_09_20_T00:36:02 -  Model step took 0.01099705696105957 seconds
2024_09_20_T00:36:22 -  Model step started
2024_09_20_T00:36:22 -  Model step took 0.01204681396484375 seconds
2024_09_20_T00:36:42 -  Model step started
2024_09_20_T00:36:42 -  Model step took 0.014768838882446289 seconds
2024_09_20_T00:37:02 -  Model step started
2024_09_20_T00:37:02 -  Model step took 0.01294398307800293 seconds
2024_09_20_T00:37:22 -  Model step started
2024_09_20_T00:37:22 -  Model step took 0.011049032211303711 seconds
2024_09_20_T00:37:42 -  Model step started
2024_09_20_T00:37:42 -  Model step took 0.01161503791809082 seconds
2024_09_20_T00:38:01 -  Model step started
2024_09_20_T00:38:01 -  Model step took 0.009480953216552734 seconds
2024_09_20_T00:38:21 -  Model step started
2024_09_20_T00:38:21 -  Model step took 0.012248992919921875 seconds
2024_09_20_T00:38:41 -  Model step started
2024_09_20_T00:38:41 -  Model step took 0.01046895980834961 seconds
2024_09_20_T00:39:00 -  Model step started
2024_09_20_T00:39:00 -  Model step took 0.01153111457824707 seconds
2024_09_20_T00:39:20 -  Model step started
2024_09_20_T00:39:20 -  Model step took 0.011364936828613281 seconds
2024_09_20_T00:39:40 -  Model step started
2024_09_20_T00:39:40 -  Model step took 0.011684894561767578 seconds
2024_09_20_T00:39:59 -  Model step started
2024_09_20_T00:39:59 -  Model step took 0.01403188705444336 seconds
2024_09_20_T00:40:19 -  Model step started
2024_09_20_T00:40:19 -  Model step took 0.01100301742553711 seconds
2024_09_20_T00:40:39 -  Model step started
2024_09_20_T00:40:39 -  Model step took 0.010303974151611328 seconds
2024_09_20_T00:40:59 -  Model step started
2024_09_20_T00:40:59 -  Model step took 0.017429828643798828 seconds
2024_09_20_T00:41:19 -  Model step started
2024_09_20_T00:41:19 -  Model step took 0.010951995849609375 seconds
2024_09_20_T00:41:39 -  Model step started
2024_09_20_T00:41:39 -  Model step took 0.01420903205871582 seconds
2024_09_20_T00:41:59 -  Model step started
2024_09_20_T00:41:59 -  Model step took 0.013635873794555664 seconds
2024_09_20_T00:42:18 -  Model step started
2024_09_20_T00:42:18 -  Model step took 0.010499000549316406 seconds
2024_09_20_T00:42:38 -  Model step started
2024_09_20_T00:42:38 -  Model step took 0.012529134750366211 seconds
2024_09_20_T00:42:57 -  Model step started
2024_09_20_T00:42:57 -  Model step took 0.010799884796142578 seconds
2024_09_20_T00:43:17 -  Model step started
2024_09_20_T00:43:17 -  Model step took 0.010493040084838867 seconds
2024_09_20_T00:43:36 -  Model step started
2024_09_20_T00:43:36 -  Model step took 0.008468866348266602 seconds
2024_09_20_T00:43:56 -  Model step started
2024_09_20_T00:43:56 -  Model step took 0.008955001831054688 seconds
2024_09_20_T00:44:16 -  Model step started
2024_09_20_T00:44:16 -  Model step took 0.01015615463256836 seconds
2024_09_20_T00:44:36 -  Model step started
2024_09_20_T00:44:36 -  Model step took 0.012665033340454102 seconds
2024_09_20_T00:44:56 -  Model step started
2024_09_20_T00:44:56 -  Model step took 0.013364076614379883 seconds
2024_09_20_T00:45:15 -  Model step started
2024_09_20_T00:45:15 -  Model step took 0.012434005737304688 seconds
2024_09_20_T00:45:35 -  Model step started
2024_09_20_T00:45:35 -  Model step took 0.013424158096313477 seconds
2024_09_20_T00:45:54 -  Model step started
2024_09_20_T00:45:54 -  Model step took 0.01937389373779297 seconds
2024_09_20_T00:46:14 -  Model step started
2024_09_20_T00:46:14 -  Model step took 0.011184930801391602 seconds
2024_09_20_T00:46:34 -  Model step started
2024_09_20_T00:46:34 -  Model step took 0.011569976806640625 seconds
2024_09_20_T00:46:53 -  Model step started
2024_09_20_T00:46:53 -  Model step took 0.011497974395751953 seconds
2024_09_20_T00:47:12 -  Model step started
2024_09_20_T00:47:12 -  Model step took 0.01078486442565918 seconds
2024_09_20_T00:47:32 -  Model step started
2024_09_20_T00:47:32 -  Model step took 0.010222911834716797 seconds
2024_09_20_T00:47:52 -  Model step started
2024_09_20_T00:47:52 -  Model step took 0.010949134826660156 seconds
2024_09_20_T00:48:12 -  Model step started
2024_09_20_T00:48:12 -  Model step took 0.008942842483520508 seconds
2024_09_20_T00:48:31 -  Model step started
2024_09_20_T00:48:31 -  Model step took 0.011284112930297852 seconds
2024_09_20_T00:48:51 -  Model step started
2024_09_20_T00:48:51 -  Model step took 0.010460853576660156 seconds
2024_09_20_T00:49:10 -  Model step started
2024_09_20_T00:49:10 -  Model step took 0.010694026947021484 seconds
2024_09_20_T00:49:30 -  Model step started
2024_09_20_T00:49:30 -  Model step took 0.014381885528564453 seconds
2024_09_20_T00:49:49 -  Model step started
2024_09_20_T00:49:49 -  Model step took 0.015328168869018555 seconds
2024_09_20_T00:50:09 -  Model step started
2024_09_20_T00:50:09 -  Model step took 0.010951042175292969 seconds
2024_09_20_T00:50:28 -  Model step started
2024_09_20_T00:50:28 -  Model step took 0.010029077529907227 seconds
2024_09_20_T00:50:48 -  Model step started
2024_09_20_T00:50:48 -  Model step took 0.009057998657226562 seconds
2024_09_20_T00:51:07 -  Model step started
2024_09_20_T00:51:07 -  Model step took 0.010619163513183594 seconds
2024_09_20_T00:51:27 -  Model step started
2024_09_20_T00:51:27 -  Model step took 0.010500907897949219 seconds
2024_09_20_T00:51:47 -  Model step started
2024_09_20_T00:51:47 -  Model step took 0.009107112884521484 seconds
2024_09_20_T00:52:06 -  Model step started
2024_09_20_T00:52:06 -  Model step took 0.00760197639465332 seconds
2024_09_20_T00:52:25 -  Model step started
2024_09_20_T00:52:25 -  Model step took 0.009311914443969727 seconds
2024_09_20_T00:52:44 -  Model step started
2024_09_20_T00:52:44 -  Model step took 0.011718988418579102 seconds
2024_09_20_T00:53:04 -  Model step started
2024_09_20_T00:53:04 -  Model step took 0.009415864944458008 seconds
2024_09_20_T00:53:23 -  Model step started
2024_09_20_T00:53:23 -  Model step took 0.010341882705688477 seconds
2024_09_20_T00:53:42 -  Model step started
2024_09_20_T00:53:42 -  Model step took 0.01711893081665039 seconds
2024_09_20_T00:54:01 -  Model step started
2024_09_20_T00:54:01 -  Model step took 0.010607004165649414 seconds
2024_09_20_T00:54:20 -  Model step started
2024_09_20_T00:54:20 -  Model step took 0.009853124618530273 seconds
2024_09_20_T00:54:40 -  Model step started
2024_09_20_T00:54:40 -  Model step took 0.009292125701904297 seconds
2024_09_20_T00:54:59 -  Model step started
2024_09_20_T00:54:59 -  Model step took 0.009636163711547852 seconds
2024_09_20_T00:55:18 -  Model step started
2024_09_20_T00:55:18 -  Model step took 0.0084228515625 seconds
2024_09_20_T00:55:38 -  Model step started
2024_09_20_T00:55:38 -  Model step took 0.009660005569458008 seconds
2024_09_20_T00:55:57 -  Model step started
2024_09_20_T00:55:57 -  Model step took 0.011898994445800781 seconds
2024_09_20_T00:56:16 -  Model step started
2024_09_20_T00:56:16 -  Model step took 0.007658958435058594 seconds
2024_09_20_T00:56:35 -  Model step started
2024_09_20_T00:56:35 -  Model step took 0.00820612907409668 seconds
2024_09_20_T00:56:54 -  Model step started
2024_09_20_T00:56:54 -  Model step took 0.010069131851196289 seconds
2024_09_20_T00:57:13 -  Model step started
2024_09_20_T00:57:13 -  Model step took 0.013318061828613281 seconds
2024_09_20_T00:57:32 -  Model step started
2024_09_20_T00:57:32 -  Model step took 0.01059103012084961 seconds
2024_09_20_T00:57:51 -  Model step started
2024_09_20_T00:57:51 -  Model step took 0.009020090103149414 seconds
2024_09_20_T00:58:11 -  Model step started
2024_09_20_T00:58:11 -  Model step took 0.008414983749389648 seconds
2024_09_20_T00:58:30 -  Model step started
2024_09_20_T00:58:30 -  Model step took 0.0088958740234375 seconds
2024_09_20_T00:58:49 -  Model step started
2024_09_20_T00:58:49 -  Model step took 0.007302999496459961 seconds
2024_09_20_T00:59:09 -  Model step started
2024_09_20_T00:59:09 -  Model step took 0.01099395751953125 seconds
2024_09_20_T00:59:28 -  Model step started
2024_09_20_T00:59:28 -  Model step took 0.015491008758544922 seconds
2024_09_20_T00:59:47 -  Model step started
2024_09_20_T00:59:47 -  Model step took 0.011778116226196289 seconds
2024_09_20_T01:00:07 -  Model step started
2024_09_20_T01:00:07 -  Model step took 0.009768962860107422 seconds
2024_09_20_T01:00:26 -  Model step started
2024_09_20_T01:00:26 -  Model step took 0.012251138687133789 seconds
2024_09_20_T01:00:45 -  Model step started
2024_09_20_T01:00:45 -  Model step took 0.01322484016418457 seconds
2024_09_20_T01:01:04 -  Model step started
2024_09_20_T01:01:04 -  Model step took 0.011201858520507812 seconds
2024_09_20_T01:01:23 -  Model step started
2024_09_20_T01:01:23 -  Model step took 0.006577968597412109 seconds
2024_09_20_T01:01:42 -  Model step started
2024_09_20_T01:01:42 -  Model step took 0.008986949920654297 seconds
2024_09_20_T01:02:01 -  Model step started
2024_09_20_T01:02:01 -  Model step took 0.013293981552124023 seconds
2024_09_20_T01:02:20 -  Model step started
2024_09_20_T01:02:20 -  Model step took 0.00855112075805664 seconds
2024_09_20_T01:02:39 -  Model step started
2024_09_20_T01:02:39 -  Model step took 0.010571956634521484 seconds
2024_09_20_T01:02:59 -  Model step started
2024_09_20_T01:02:59 -  Model step took 0.012890815734863281 seconds
2024_09_20_T01:03:18 -  Model step started
2024_09_20_T01:03:18 -  Model step took 0.009647130966186523 seconds
2024_09_20_T01:03:37 -  Model step started
2024_09_20_T01:03:37 -  Model step took 0.010030031204223633 seconds
2024_09_20_T01:03:57 -  Model step started
2024_09_20_T01:03:57 -  Model step took 0.012428045272827148 seconds
2024_09_20_T01:04:16 -  Model step started
2024_09_20_T01:04:16 -  Model step took 0.015005826950073242 seconds
2024_09_20_T01:04:35 -  Model step started
2024_09_20_T01:04:35 -  Model step took 0.01111602783203125 seconds
2024_09_20_T01:04:54 -  Model step started
2024_09_20_T01:04:54 -  Model step took 0.013427972793579102 seconds
2024_09_20_T01:05:13 -  Model step started
2024_09_20_T01:05:13 -  Model step took 0.008081912994384766 seconds
2024_09_20_T01:05:32 -  Model step started
2024_09_20_T01:05:32 -  Model step took 0.011698007583618164 seconds
2024_09_20_T01:05:51 -  Model step started
2024_09_20_T01:05:51 -  Model step took 0.00680994987487793 seconds
2024_09_20_T01:06:10 -  Model step started
2024_09_20_T01:06:10 -  Model step took 0.008913040161132812 seconds
2024_09_20_T01:06:29 -  Model step started
2024_09_20_T01:06:29 -  Model step took 0.013050079345703125 seconds
2024_09_20_T01:06:48 -  Model step started
2024_09_20_T01:06:48 -  Model step took 0.01176309585571289 seconds
2024_09_20_T01:07:07 -  Model step started
2024_09_20_T01:07:07 -  Model step took 0.006944894790649414 seconds
2024_09_20_T01:07:26 -  Model step started
2024_09_20_T01:07:26 -  Model step took 0.01958012580871582 seconds
2024_09_20_T01:07:45 -  Model step started
2024_09_20_T01:07:45 -  Model step took 0.011567831039428711 seconds
2024_09_20_T01:08:04 -  Model step started
2024_09_20_T01:08:04 -  Model step took 0.010212898254394531 seconds
2024_09_20_T01:08:23 -  Model step started
2024_09_20_T01:08:23 -  Model step took 0.006922006607055664 seconds
2024_09_20_T01:08:42 -  Model step started
2024_09_20_T01:08:42 -  Model step took 0.009737968444824219 seconds
2024_09_20_T01:09:01 -  Model step started
2024_09_20_T01:09:01 -  Model step took 0.009937047958374023 seconds
2024_09_20_T01:09:19 -  Model step started
2024_09_20_T01:09:19 -  Model step took 0.010111093521118164 seconds
2024_09_20_T01:09:39 -  Model step started
2024_09_20_T01:09:39 -  Model step took 0.009085893630981445 seconds
2024_09_20_T01:09:58 -  Model step started
2024_09_20_T01:09:58 -  Model step took 0.0106048583984375 seconds
2024_09_20_T01:10:17 -  Model step started
2024_09_20_T01:10:17 -  Model step took 0.010728120803833008 seconds
2024_09_20_T01:10:36 -  Model step started
2024_09_20_T01:10:36 -  Model step took 0.010558843612670898 seconds
2024_09_20_T01:10:55 -  Model step started
2024_09_20_T01:10:55 -  Model step took 0.013781070709228516 seconds
2024_09_20_T01:11:14 -  Model step started
2024_09_20_T01:11:14 -  Model step took 0.0074617862701416016 seconds
2024_09_20_T01:11:32 -  Model step started
2024_09_20_T01:11:32 -  Model step took 0.01063394546508789 seconds
2024_09_20_T01:11:51 -  Model step started
2024_09_20_T01:11:51 -  Model step took 0.010163068771362305 seconds
2024_09_20_T01:12:10 -  Model step started
2024_09_20_T01:12:10 -  Model step took 0.014561176300048828 seconds
2024_09_20_T01:12:29 -  Model step started
2024_09_20_T01:12:29 -  Model step took 0.010802030563354492 seconds
2024_09_20_T01:12:47 -  Model step started
2024_09_20_T01:12:47 -  Model step took 0.009594917297363281 seconds
2024_09_20_T01:13:06 -  Model step started
2024_09_20_T01:13:06 -  Model step took 0.00899505615234375 seconds
2024_09_20_T01:13:25 -  Model step started
2024_09_20_T01:13:25 -  Model step took 0.01247096061706543 seconds
2024_09_20_T01:13:44 -  Model step started
2024_09_20_T01:13:44 -  Model step took 0.00868988037109375 seconds
2024_09_20_T01:14:02 -  Model step started
2024_09_20_T01:14:02 -  Model step took 0.010303974151611328 seconds
2024_09_20_T01:14:21 -  Model step started
2024_09_20_T01:14:21 -  Model step took 0.009507179260253906 seconds
2024_09_20_T01:14:40 -  Model step started
2024_09_20_T01:14:40 -  Model step took 0.010616064071655273 seconds
2024_09_20_T01:14:59 -  Model step started
2024_09_20_T01:14:59 -  Model step took 0.013505935668945312 seconds
2024_09_20_T01:15:17 -  Model step started
2024_09_20_T01:15:17 -  Model step took 0.01086115837097168 seconds
2024_09_20_T01:15:36 -  Model step started
2024_09_20_T01:15:36 -  Model step took 0.010159015655517578 seconds
2024_09_20_T01:15:55 -  Model step started
2024_09_20_T01:15:55 -  Model step took 0.012239933013916016 seconds
2024_09_20_T01:16:14 -  Model step started
2024_09_20_T01:16:14 -  Model step took 0.012100934982299805 seconds
2024_09_20_T01:16:33 -  Model step started
2024_09_20_T01:16:33 -  Model step took 0.008203983306884766 seconds
2024_09_20_T01:16:52 -  Model step started
2024_09_20_T01:16:52 -  Model step took 0.015305042266845703 seconds
2024_09_20_T01:17:10 -  Model step started
2024_09_20_T01:17:10 -  Model step took 0.0132598876953125 seconds
2024_09_20_T01:17:29 -  Model step started
2024_09_20_T01:17:29 -  Model step took 0.013186931610107422 seconds
2024_09_20_T01:17:47 -  Model step started
2024_09_20_T01:17:47 -  Model step took 0.017792940139770508 seconds
2024_09_20_T01:18:06 -  Model step started
2024_09_20_T01:18:06 -  Model step took 0.011234045028686523 seconds
2024_09_20_T01:18:24 -  Model step started
2024_09_20_T01:18:24 -  Model step took 0.007667064666748047 seconds
2024_09_20_T01:18:43 -  Model step started
2024_09_20_T01:18:43 -  Model step took 0.011862993240356445 seconds
2024_09_20_T01:19:02 -  Model step started
2024_09_20_T01:19:02 -  Model step took 0.007956981658935547 seconds
2024_09_20_T01:19:20 -  Model step started
2024_09_20_T01:19:20 -  Model step took 0.012605905532836914 seconds
2024_09_20_T01:19:39 -  Model step started
2024_09_20_T01:19:39 -  Model step took 0.014188051223754883 seconds
2024_09_20_T01:19:57 -  Model step started
2024_09_20_T01:19:57 -  Model step took 0.009052038192749023 seconds
2024_09_20_T01:20:15 -  Model step started
2024_09_20_T01:20:15 -  Model step took 0.01371908187866211 seconds
2024_09_20_T01:20:34 -  Model step started
2024_09_20_T01:20:34 -  Model step took 0.012744903564453125 seconds
2024_09_20_T01:20:53 -  Model step started
2024_09_20_T01:20:53 -  Model step took 0.015208959579467773 seconds
2024_09_20_T01:21:12 -  Model step started
2024_09_20_T01:21:12 -  Model step took 0.0124359130859375 seconds
2024_09_20_T01:21:30 -  Model step started
2024_09_20_T01:21:30 -  Model step took 0.01612687110900879 seconds
2024_09_20_T01:21:49 -  Model step started
2024_09_20_T01:21:49 -  Model step took 0.011219978332519531 seconds
2024_09_20_T01:22:07 -  Model step started
2024_09_20_T01:22:07 -  Model step took 0.016865015029907227 seconds
2024_09_20_T01:22:26 -  Model step started
2024_09_20_T01:22:26 -  Model step took 0.020698070526123047 seconds
2024_09_20_T01:22:44 -  Model step started
2024_09_20_T01:22:44 -  Model step took 0.00914311408996582 seconds
2024_09_20_T01:23:03 -  Model step started
2024_09_20_T01:23:03 -  Model step took 0.013436079025268555 seconds
2024_09_20_T01:23:21 -  Model step started
2024_09_20_T01:23:21 -  Model step took 0.01073312759399414 seconds
2024_09_20_T01:23:40 -  Model step started
2024_09_20_T01:23:40 -  Model step took 0.013128995895385742 seconds
2024_09_20_T01:23:58 -  Model step started
2024_09_20_T01:23:58 -  Model step took 0.011445999145507812 seconds
2024_09_20_T01:24:16 -  Model step started
2024_09_20_T01:24:16 -  Model step took 0.010050058364868164 seconds
2024_09_20_T01:24:35 -  Model step started
2024_09_20_T01:24:35 -  Model step took 0.013751029968261719 seconds
2024_09_20_T01:24:53 -  Model step started
2024_09_20_T01:24:53 -  Model step took 0.010617971420288086 seconds
2024_09_20_T01:25:11 -  Model step started
2024_09_20_T01:25:11 -  Model step took 0.012897968292236328 seconds
2024_09_20_T01:25:30 -  Model step started
2024_09_20_T01:25:30 -  Model step took 0.010629892349243164 seconds
2024_09_20_T01:25:48 -  Model step started
2024_09_20_T01:25:48 -  Model step took 0.016531944274902344 seconds
2024_09_20_T01:26:06 -  Model step started
2024_09_20_T01:26:06 -  Model step took 0.011636018753051758 seconds
2024_09_20_T01:26:25 -  Model step started
2024_09_20_T01:26:25 -  Model step took 0.012704133987426758 seconds
2024_09_20_T01:26:43 -  Model step started
2024_09_20_T01:26:43 -  Model step took 0.014137983322143555 seconds
2024_09_20_T01:27:01 -  Model step started
2024_09_20_T01:27:01 -  Model step took 0.012576818466186523 seconds
2024_09_20_T01:27:19 -  Model step started
2024_09_20_T01:27:19 -  Model step took 0.01197504997253418 seconds
2024_09_20_T01:27:38 -  Model step started
2024_09_20_T01:27:38 -  Model step took 0.010746955871582031 seconds
2024_09_20_T01:27:56 -  Model step started
2024_09_20_T01:27:56 -  Model step took 0.01170802116394043 seconds
2024_09_20_T01:28:14 -  Model step started
2024_09_20_T01:28:14 -  Model step took 0.013380050659179688 seconds
2024_09_20_T01:28:32 -  Model step started
2024_09_20_T01:28:32 -  Model step took 0.01196599006652832 seconds
2024_09_20_T01:28:50 -  Model step started
2024_09_20_T01:28:50 -  Model step took 0.016805171966552734 seconds
2024_09_20_T01:29:08 -  Model step started
2024_09_20_T01:29:08 -  Model step took 0.021613121032714844 seconds
2024_09_20_T01:29:26 -  Model step started
2024_09_20_T01:29:27 -  Model step took 0.028365135192871094 seconds
2024_09_20_T01:29:45 -  Model step started
2024_09_20_T01:29:45 -  Model step took 0.02361011505126953 seconds
2024_09_20_T01:30:03 -  Model step started
2024_09_20_T01:30:03 -  Model step took 0.01157379150390625 seconds
2024_09_20_T01:30:22 -  Model step started
2024_09_20_T01:30:22 -  Model step took 0.014374017715454102 seconds
2024_09_20_T01:30:40 -  Model step started
2024_09_20_T01:30:40 -  Model step took 0.012463092803955078 seconds
2024_09_20_T01:30:58 -  Model step started
2024_09_20_T01:30:58 -  Model step took 0.015246868133544922 seconds
2024_09_20_T01:31:16 -  Model step started
2024_09_20_T01:31:16 -  Model step took 0.010688066482543945 seconds
2024_09_20_T01:31:34 -  Model step started
2024_09_20_T01:31:34 -  Model step took 0.014655828475952148 seconds
2024_09_20_T01:31:53 -  Model step started
2024_09_20_T01:31:53 -  Model step took 0.01450490951538086 seconds
2024_09_20_T01:32:11 -  Model step started
2024_09_20_T01:32:11 -  Model step took 0.014050960540771484 seconds
2024_09_20_T01:32:29 -  Model step started
2024_09_20_T01:32:29 -  Model step took 0.010890960693359375 seconds
2024_09_20_T01:32:47 -  Model step started
2024_09_20_T01:32:47 -  Model step took 0.014965057373046875 seconds
2024_09_20_T01:33:05 -  Model step started
2024_09_20_T01:33:05 -  Model step took 0.016375064849853516 seconds
2024_09_20_T01:33:23 -  Model step started
2024_09_20_T01:33:23 -  Model step took 0.012545108795166016 seconds
2024_09_20_T01:33:41 -  Model step started
2024_09_20_T01:33:41 -  Model step took 0.030522823333740234 seconds
2024_09_20_T01:33:59 -  Model step started
2024_09_20_T01:33:59 -  Model step took 0.012480020523071289 seconds
2024_09_20_T01:34:17 -  Model step started
2024_09_20_T01:34:17 -  Model step took 0.01622486114501953 seconds
2024_09_20_T01:34:35 -  Model step started
2024_09_20_T01:34:35 -  Model step took 0.020678997039794922 seconds
2024_09_20_T01:34:53 -  Model step started
2024_09_20_T01:34:53 -  Model step took 0.010423898696899414 seconds
2024_09_20_T01:35:10 -  Model step started
2024_09_20_T01:35:10 -  Model step took 0.012021064758300781 seconds
2024_09_20_T01:35:28 -  Model step started
2024_09_20_T01:35:28 -  Model step took 0.012670040130615234 seconds
2024_09_20_T01:35:46 -  Model step started
2024_09_20_T01:35:46 -  Model step took 0.012716054916381836 seconds
2024_09_20_T01:36:04 -  Model step started
2024_09_20_T01:36:04 -  Model step took 0.01343989372253418 seconds
2024_09_20_T01:36:22 -  Model step started
2024_09_20_T01:36:22 -  Model step took 0.009733915328979492 seconds
2024_09_20_T01:36:40 -  Model step started
2024_09_20_T01:36:40 -  Model step took 0.012491941452026367 seconds
2024_09_20_T01:36:57 -  Model step started
2024_09_20_T01:36:57 -  Model step took 0.012065887451171875 seconds
2024_09_20_T01:37:15 -  Model step started
2024_09_20_T01:37:15 -  Model step took 0.01065516471862793 seconds
2024_09_20_T01:37:33 -  Model step started
2024_09_20_T01:37:33 -  Model step took 0.012006998062133789 seconds
2024_09_20_T01:37:51 -  Model step started
2024_09_20_T01:37:51 -  Model step took 0.01883101463317871 seconds
2024_09_20_T01:38:09 -  Model step started
2024_09_20_T01:38:09 -  Model step took 0.015818119049072266 seconds
2024_09_20_T01:38:26 -  Model step started
2024_09_20_T01:38:26 -  Model step took 0.017322063446044922 seconds
2024_09_20_T01:38:44 -  Model step started
2024_09_20_T01:38:44 -  Model step took 0.013950109481811523 seconds
2024_09_20_T01:39:02 -  Model step started
2024_09_20_T01:39:02 -  Model step took 0.016447067260742188 seconds
2024_09_20_T01:39:20 -  Model step started
2024_09_20_T01:39:20 -  Model step took 0.011703014373779297 seconds
2024_09_20_T01:39:37 -  Model step started
2024_09_20_T01:39:37 -  Model step took 0.01630997657775879 seconds
2024_09_20_T01:39:55 -  Model step started
2024_09_20_T01:39:55 -  Model step took 0.01241302490234375 seconds
2024_09_20_T01:40:13 -  Model step started
2024_09_20_T01:40:13 -  Model step took 0.014921188354492188 seconds
2024_09_20_T01:40:30 -  Model step started
2024_09_20_T01:40:30 -  Model step took 0.025185823440551758 seconds
2024_09_20_T01:40:48 -  Model step started
2024_09_20_T01:40:48 -  Model step took 0.03281807899475098 seconds
2024_09_20_T01:41:05 -  Model step started
2024_09_20_T01:41:05 -  Model step took 0.018764019012451172 seconds
2024_09_20_T01:41:23 -  Model step started
2024_09_20_T01:41:23 -  Model step took 0.01400613784790039 seconds
2024_09_20_T01:41:40 -  Model step started
2024_09_20_T01:41:40 -  Model step took 0.01258397102355957 seconds
2024_09_20_T01:41:58 -  Model step started
2024_09_20_T01:41:58 -  Model step took 0.014014959335327148 seconds
2024_09_20_T01:42:16 -  Model step started
2024_09_20_T01:42:16 -  Model step took 0.014966964721679688 seconds
2024_09_20_T01:42:33 -  Model step started
2024_09_20_T01:42:33 -  Model step took 0.009617090225219727 seconds
2024_09_20_T01:42:51 -  Model step started
2024_09_20_T01:42:51 -  Model step took 0.013202905654907227 seconds
2024_09_20_T01:43:08 -  Model step started
2024_09_20_T01:43:08 -  Model step took 0.01306915283203125 seconds
2024_09_20_T01:43:26 -  Model step started
2024_09_20_T01:43:26 -  Model step took 0.01029205322265625 seconds
2024_09_20_T01:43:43 -  Model step started
2024_09_20_T01:43:43 -  Model step took 0.017702102661132812 seconds
2024_09_20_T01:44:01 -  Model step started
2024_09_20_T01:44:01 -  Model step took 0.010004043579101562 seconds
2024_09_20_T01:44:18 -  Model step started
2024_09_20_T01:44:18 -  Model step took 0.013390779495239258 seconds
2024_09_20_T01:44:36 -  Model step started
2024_09_20_T01:44:36 -  Model step took 0.015913963317871094 seconds
2024_09_20_T01:44:53 -  Model step started
2024_09_20_T01:44:53 -  Model step took 0.012140989303588867 seconds
2024_09_20_T01:45:10 -  Model step started
2024_09_20_T01:45:10 -  Model step took 0.008486032485961914 seconds
2024_09_20_T01:45:28 -  Model step started
2024_09_20_T01:45:28 -  Model step took 0.02302384376525879 seconds
2024_09_20_T01:45:45 -  Model step started
2024_09_20_T01:45:45 -  Model step took 0.028102874755859375 seconds
2024_09_20_T01:46:02 -  Model step started
2024_09_20_T01:46:02 -  Model step took 0.012969017028808594 seconds
2024_09_20_T01:46:20 -  Model step started
2024_09_20_T01:46:20 -  Model step took 0.016318082809448242 seconds
2024_09_20_T01:46:37 -  Model step started
2024_09_20_T01:46:37 -  Model step took 0.026227951049804688 seconds
2024_09_20_T01:46:54 -  Model step started
2024_09_20_T01:46:54 -  Model step took 0.014472007751464844 seconds
2024_09_20_T01:47:12 -  Model step started
2024_09_20_T01:47:12 -  Model step took 0.018661975860595703 seconds
2024_09_20_T01:47:29 -  Model step started
2024_09_20_T01:47:29 -  Model step took 0.021872997283935547 seconds
2024_09_20_T01:47:46 -  Model step started
2024_09_20_T01:47:46 -  Model step took 0.027267932891845703 seconds
2024_09_20_T01:48:04 -  Model step started
2024_09_20_T01:48:04 -  Model step took 0.02851700782775879 seconds
2024_09_20_T01:48:21 -  Model step started
2024_09_20_T01:48:21 -  Model step took 0.025819063186645508 seconds
2024_09_20_T01:48:39 -  Model step started
2024_09_20_T01:48:39 -  Model step took 0.014841079711914062 seconds
2024_09_20_T01:48:56 -  Model step started
2024_09_20_T01:48:56 -  Model step took 0.020010948181152344 seconds
2024_09_20_T01:49:13 -  Model step started
2024_09_20_T01:49:13 -  Model step took 0.018885135650634766 seconds
2024_09_20_T01:49:30 -  Model step started
2024_09_20_T01:49:30 -  Model step took 0.013867855072021484 seconds
2024_09_20_T01:49:47 -  Model step started
2024_09_20_T01:49:47 -  Model step took 0.015189170837402344 seconds
2024_09_20_T01:50:04 -  Model step started
2024_09_20_T01:50:05 -  Model step took 0.010705947875976562 seconds
2024_09_20_T01:50:22 -  Model step started
2024_09_20_T01:50:22 -  Model step took 0.01585102081298828 seconds
2024_09_20_T01:50:39 -  Model step started
2024_09_20_T01:50:39 -  Model step took 0.013870000839233398 seconds
2024_09_20_T01:50:56 -  Model step started
2024_09_20_T01:50:56 -  Model step took 0.016819000244140625 seconds
2024_09_20_T01:51:14 -  Model step started
2024_09_20_T01:51:14 -  Model step took 0.017295122146606445 seconds
2024_09_20_T01:51:31 -  Model step started
2024_09_20_T01:51:31 -  Model step took 0.011488914489746094 seconds
2024_09_20_T01:51:48 -  Model step started
2024_09_20_T01:51:48 -  Model step took 0.026049137115478516 seconds
2024_09_20_T01:52:05 -  Model step started
2024_09_20_T01:52:05 -  Model step took 0.021312952041625977 seconds
2024_09_20_T01:52:22 -  Model step started
2024_09_20_T01:52:22 -  Model step took 0.011858940124511719 seconds
2024_09_20_T01:52:40 -  Model step started
2024_09_20_T01:52:40 -  Model step took 0.011482954025268555 seconds
2024_09_20_T01:52:57 -  Model step started
2024_09_20_T01:52:57 -  Model step took 0.013171195983886719 seconds
2024_09_20_T01:53:14 -  Model step started
2024_09_20_T01:53:14 -  Model step took 0.024107933044433594 seconds
2024_09_20_T01:53:31 -  Model step started
2024_09_20_T01:53:31 -  Model step took 0.016194820404052734 seconds
2024_09_20_T01:53:48 -  Model step started
2024_09_20_T01:53:48 -  Model step took 0.017741918563842773 seconds
2024_09_20_T01:54:05 -  Model step started
2024_09_20_T01:54:05 -  Model step took 0.02024388313293457 seconds
2024_09_20_T01:54:22 -  Model step started
2024_09_20_T01:54:22 -  Model step took 0.013235807418823242 seconds
2024_09_20_T01:54:40 -  Model step started
2024_09_20_T01:54:40 -  Model step took 0.02488398551940918 seconds
2024_09_20_T01:54:57 -  Model step started
2024_09_20_T01:54:57 -  Model step took 0.019469022750854492 seconds
2024_09_20_T01:55:14 -  Model step started
2024_09_20_T01:55:14 -  Model step took 0.0214841365814209 seconds
2024_09_20_T01:55:31 -  Model step started
2024_09_20_T01:55:31 -  Model step took 0.018249988555908203 seconds
2024_09_20_T01:55:48 -  Model step started
2024_09_20_T01:55:48 -  Model step took 0.0257568359375 seconds
2024_09_20_T01:56:05 -  Model step started
2024_09_20_T01:56:05 -  Model step took 0.02702498435974121 seconds
2024_09_20_T01:56:23 -  Model step started
2024_09_20_T01:56:23 -  Model step took 0.01018977165222168 seconds
2024_09_20_T01:56:40 -  Model step started
2024_09_20_T01:56:40 -  Model step took 0.014174938201904297 seconds
2024_09_20_T01:56:57 -  Model step started
2024_09_20_T01:56:57 -  Model step took 0.023617029190063477 seconds
2024_09_20_T01:57:14 -  Model step started
2024_09_20_T01:57:14 -  Model step took 0.01527094841003418 seconds
2024_09_20_T01:57:31 -  Model step started
2024_09_20_T01:57:31 -  Model step took 0.03100895881652832 seconds
2024_09_20_T01:57:48 -  Model step started
2024_09_20_T01:57:48 -  Model step took 0.01886296272277832 seconds
2024_09_20_T01:58:05 -  Model step started
2024_09_20_T01:58:05 -  Model step took 0.026546001434326172 seconds
2024_09_20_T01:58:22 -  Model step started
2024_09_20_T01:58:22 -  Model step took 0.015253782272338867 seconds
2024_09_20_T01:58:39 -  Model step started
2024_09_20_T01:58:39 -  Model step took 0.022130966186523438 seconds
2024_09_20_T01:58:56 -  Model step started
2024_09_20_T01:58:56 -  Model step took 0.010771989822387695 seconds
2024_09_20_T01:59:12 -  Model step started
2024_09_20_T01:59:13 -  Model step took 0.019351959228515625 seconds
2024_09_20_T01:59:29 -  Model step started
2024_09_20_T01:59:29 -  Model step took 0.032054901123046875 seconds
2024_09_20_T01:59:46 -  Model step started
2024_09_20_T01:59:46 -  Model step took 0.013231039047241211 seconds
2024_09_20_T02:00:03 -  Model step started
2024_09_20_T02:00:03 -  Model step took 0.008370161056518555 seconds
2024_09_20_T02:00:20 -  Model step started
2024_09_20_T02:00:20 -  Model step took 0.013535022735595703 seconds
2024_09_20_T02:00:36 -  Model step started
2024_09_20_T02:00:36 -  Model step took 0.024925947189331055 seconds
2024_09_20_T02:00:53 -  Model step started
2024_09_20_T02:00:53 -  Model step took 0.028749942779541016 seconds
2024_09_20_T02:01:10 -  Model step started
2024_09_20_T02:01:10 -  Model step took 0.016360044479370117 seconds
2024_09_20_T02:01:27 -  Model step started
2024_09_20_T02:01:27 -  Model step took 0.02091813087463379 seconds
2024_09_20_T02:01:43 -  Model step started
2024_09_20_T02:01:43 -  Model step took 0.012964010238647461 seconds
2024_09_20_T02:02:00 -  Model step started
2024_09_20_T02:02:00 -  Model step took 0.020406007766723633 seconds
2024_09_20_T02:02:17 -  Model step started
2024_09_20_T02:02:17 -  Model step took 0.023031949996948242 seconds
2024_09_20_T02:02:33 -  Model step started
2024_09_20_T02:02:34 -  Model step took 0.021409988403320312 seconds
2024_09_20_T02:02:51 -  Model step started
2024_09_20_T02:02:51 -  Model step took 0.01413106918334961 seconds
2024_09_20_T02:03:07 -  Model step started
2024_09_20_T02:03:07 -  Model step took 0.016171932220458984 seconds
2024_09_20_T02:03:24 -  Model step started
2024_09_20_T02:03:24 -  Model step took 0.0214998722076416 seconds
2024_09_20_T02:03:41 -  Model step started
2024_09_20_T02:03:41 -  Model step took 0.017001867294311523 seconds
2024_09_20_T02:03:57 -  Model step started
2024_09_20_T02:03:57 -  Model step took 0.01684093475341797 seconds
2024_09_20_T02:04:14 -  Model step started
2024_09_20_T02:04:14 -  Model step took 0.013708114624023438 seconds
2024_09_20_T02:04:31 -  Model step started
2024_09_20_T02:04:31 -  Model step took 0.015783071517944336 seconds
2024_09_20_T02:04:47 -  Model step started
2024_09_20_T02:04:47 -  Model step took 0.018948078155517578 seconds
2024_09_20_T02:05:04 -  Model step started
2024_09_20_T02:05:04 -  Model step took 0.017728805541992188 seconds
2024_09_20_T02:05:21 -  Model step started
2024_09_20_T02:05:21 -  Model step took 0.02011704444885254 seconds
2024_09_20_T02:05:37 -  Model step started
2024_09_20_T02:05:37 -  Model step took 0.02722787857055664 seconds
2024_09_20_T02:05:54 -  Model step started
2024_09_20_T02:05:54 -  Model step took 0.026432037353515625 seconds
2024_09_20_T02:06:10 -  Model step started
2024_09_20_T02:06:10 -  Model step took 0.017732858657836914 seconds
2024_09_20_T02:06:27 -  Model step started
2024_09_20_T02:06:27 -  Model step took 0.015083074569702148 seconds
2024_09_20_T02:06:44 -  Model step started
2024_09_20_T02:06:44 -  Model step took 0.01755809783935547 seconds
2024_09_20_T02:07:00 -  Model step started
2024_09_20_T02:07:00 -  Model step took 0.013740777969360352 seconds
2024_09_20_T02:07:17 -  Model step started
2024_09_20_T02:07:17 -  Model step took 0.018460988998413086 seconds
2024_09_20_T02:07:33 -  Model step started
2024_09_20_T02:07:33 -  Model step took 0.019643783569335938 seconds
2024_09_20_T02:07:50 -  Model step started
2024_09_20_T02:07:50 -  Model step took 0.027870893478393555 seconds
2024_09_20_T02:08:06 -  Model step started
2024_09_20_T02:08:06 -  Model step took 0.016474008560180664 seconds
2024_09_20_T02:08:23 -  Model step started
2024_09_20_T02:08:23 -  Model step took 0.018810033798217773 seconds
2024_09_20_T02:08:39 -  Model step started
2024_09_20_T02:08:39 -  Model step took 0.015986919403076172 seconds
2024_09_20_T02:08:55 -  Model step started
2024_09_20_T02:08:55 -  Model step took 0.015117168426513672 seconds
2024_09_20_T02:09:12 -  Model step started
2024_09_20_T02:09:12 -  Model step took 0.0167081356048584 seconds
2024_09_20_T02:09:28 -  Model step started
2024_09_20_T02:09:28 -  Model step took 0.013803958892822266 seconds
2024_09_20_T02:09:44 -  Model step started
2024_09_20_T02:09:44 -  Model step took 0.012001991271972656 seconds
