2024_09_11_T21:12:11 -  finished initateHouses in 0.7489809989929199 seconds
2024_09_11_T21:12:11 -  finished initiateHouseholds in 0.9910640716552734 seconds
2024_09_11_T21:12:11 -  finished assignHousesToHouseholds in 1.1608810424804688 seconds
2024_09_11_T21:12:20 -  Model step started
2024_09_11_T21:12:21 -  Model step took 0.9241201877593994 seconds
2024_09_11_T21:12:24 -  Model step started
2024_09_11_T21:12:24 -  Model step took 0.12820982933044434 seconds
2024_09_11_T21:12:26 -  Model step started
2024_09_11_T21:12:26 -  Model step took 0.11882185935974121 seconds
2024_09_11_T21:12:28 -  Model step started
2024_09_11_T21:12:28 -  Model step took 0.10359501838684082 seconds
2024_09_11_T21:12:30 -  Model step started
2024_09_11_T21:12:30 -  Model step took 0.096405029296875 seconds
2024_09_11_T21:12:32 -  Model step started
2024_09_11_T21:12:32 -  Model step took 0.08104395866394043 seconds
2024_09_11_T21:12:35 -  Model step started
2024_09_11_T21:12:35 -  Model step took 0.14316892623901367 seconds
2024_09_11_T21:12:39 -  Model step started
2024_09_11_T21:12:39 -  Model step took 0.22618603706359863 seconds
2024_09_11_T21:12:42 -  Model step started
2024_09_11_T21:12:42 -  Model step took 0.08463811874389648 seconds
2024_09_11_T21:12:49 -  Model step started
2024_09_11_T21:12:49 -  Model step took 0.11460614204406738 seconds
2024_09_11_T21:12:55 -  Model step started
2024_09_11_T21:12:55 -  Model step took 0.14945006370544434 seconds
2024_09_11_T21:12:58 -  Model step started
2024_09_11_T21:12:58 -  Model step took 0.06584692001342773 seconds
2024_09_11_T21:13:01 -  Model step started
2024_09_11_T21:13:01 -  Model step took 0.060498952865600586 seconds
2024_09_11_T21:13:03 -  Model step started
2024_09_11_T21:13:03 -  Model step took 0.053832054138183594 seconds
2024_09_11_T21:13:05 -  Model step started
2024_09_11_T21:13:05 -  Model step took 0.06787300109863281 seconds
