2024_09_06_T02:40:38 -  finished initateHouses in 0.29401493072509766 seconds
2024_09_06_T02:40:39 -  finished initiateHouseholds in 0.5115671157836914 seconds
2024_09_06_T02:40:39 -  finished assignHousesToHouseholds in 0.8010039329528809 seconds
2024_09_06_T02:41:43 -  Model step started
2024_09_06_T02:46:18 -  Model step took 275.1171090602875 seconds
2024_09_06_T02:47:20 -  Model step started
2024_09_06_T02:48:11 -  Model step took 51.82488298416138 seconds
2024_09_06_T02:49:13 -  Model step started
2024_09_06_T02:50:04 -  Model step took 51.75624179840088 seconds
2024_09_06_T02:51:05 -  Model step started
2024_09_06_T02:51:57 -  Model step took 52.159363985061646 seconds
2024_09_06_T02:52:58 -  Model step started
2024_09_06_T02:53:51 -  Model step took 52.73716402053833 seconds
2024_09_06_T02:54:53 -  Model step started
2024_09_06_T02:55:46 -  Model step took 53.30302810668945 seconds
2024_09_06_T02:56:48 -  Model step started
2024_09_06_T02:57:43 -  Model step took 54.64045000076294 seconds
2024_09_06_T02:58:44 -  Model step started
2024_09_06_T02:59:40 -  Model step took 55.55294895172119 seconds
2024_09_06_T03:00:42 -  Model step started
2024_09_06_T03:01:39 -  Model step took 56.57471203804016 seconds
2024_09_06_T03:02:41 -  Model step started
2024_09_06_T03:03:38 -  Model step took 56.89956498146057 seconds
2024_09_06_T03:04:40 -  Model step started
2024_09_06_T03:05:39 -  Model step took 58.58744788169861 seconds
2024_09_06_T03:06:42 -  Model step started
2024_09_06_T03:07:41 -  Model step took 58.581522941589355 seconds
2024_09_06_T03:08:44 -  Model step started
2024_09_06_T03:09:43 -  Model step took 59.843360900878906 seconds
2024_09_06_T03:10:47 -  Model step started
2024_09_06_T03:11:47 -  Model step took 60.14191508293152 seconds
2024_09_06_T03:12:50 -  Model step started
2024_09_06_T03:13:51 -  Model step took 60.840481996536255 seconds
