2024_11_13_T23:33:54 -  finished initateHouses in 0.8503670692443848 seconds
2024_11_13_T23:33:54 -  finished initiateHouseholds in 1.0756630897521973 seconds
2024_11_13_T23:33:55 -  All houses for rental were assigned in Lisboa
2024_11_13_T23:33:55 -  All houses for rental were assigned in Lisboa
2024_11_13_T23:33:55 -  All houses for rental were assigned in Lisboa
2024_11_13_T23:33:55 -  All houses for rental were assigned in Lisboa
2024_11_13_T23:33:55 -  All houses for rental were assigned in Lisboa
2024_11_13_T23:33:55 -  All houses for rental were assigned in Lisboa
2024_11_13_T23:33:55 -  All houses for rental were assigned in Lisboa
2024_11_13_T23:33:55 -  All houses for rental were assigned in Lisboa
2024_11_13_T23:33:55 -  All houses for rental were assigned in Lisboa
2024_11_13_T23:33:55 -  All houses for rental were assigned in Lisboa
2024_11_13_T23:33:55 -  All houses for rental were assigned in Lisboa
2024_11_13_T23:33:55 -  All houses for rental were assigned in Lisboa
2024_11_13_T23:33:55 -  All houses for rental were assigned in Lisboa
2024_11_13_T23:33:55 -  All houses for rental were assigned in Lisboa
2024_11_13_T23:33:55 -  All houses for rental were assigned in Lisboa
2024_11_13_T23:33:55 -  All houses for rental were assigned in Lisboa
2024_11_13_T23:33:55 -  All houses for rental were assigned in Lisboa
2024_11_13_T23:33:55 -  All houses for rental were assigned in Lisboa
2024_11_13_T23:33:55 -  All houses for rental were assigned in Lisboa
2024_11_13_T23:33:55 -  All houses for rental were assigned in Lisboa
2024_11_13_T23:33:55 -  All houses for rental were assigned in Lisboa
2024_11_13_T23:33:55 -  All houses for rental were assigned in Lisboa
2024_11_13_T23:33:55 -  All houses for rental were assigned in Lisboa
2024_11_13_T23:33:55 -  All houses for rental were assigned in Lisboa
2024_11_13_T23:33:55 -  All houses for rental were assigned in Lisboa
2024_11_13_T23:33:55 -  All houses for rental were assigned in Lisboa
2024_11_13_T23:33:55 -  All houses for rental were assigned in Lisboa
2024_11_13_T23:33:55 -  All houses for rental were assigned in Lisboa
2024_11_13_T23:33:55 -  All houses for rental were assigned in Lisboa
2024_11_13_T23:33:55 -  All houses for rental were assigned in Lisboa
2024_11_13_T23:33:55 -  All houses for rental were assigned in Lisboa
2024_11_13_T23:33:55 -  All houses for rental were assigned in Lisboa
2024_11_13_T23:33:55 -  All houses for rental were assigned in Lisboa
2024_11_13_T23:33:55 -  All houses for rental were assigned in Lisboa
2024_11_13_T23:33:55 -  All houses for rental were assigned in Lisboa
2024_11_13_T23:33:55 -  All houses for rental were assigned in Lisboa
2024_11_13_T23:33:55 -  All houses for rental were assigned in Lisboa
2024_11_13_T23:33:55 -  All houses for rental were assigned in Lisboa
2024_11_13_T23:33:55 -  All houses for rental were assigned in Lisboa
2024_11_13_T23:33:55 -  All houses for rental were assigned in Lisboa
2024_11_13_T23:33:55 -  All houses for rental were assigned in Lisboa
2024_11_13_T23:33:55 -  All houses for rental were assigned in Lisboa
2024_11_13_T23:33:55 -  All houses for rental were assigned in Lisboa
2024_11_13_T23:33:55 -  All houses for rental were assigned in Lisboa
2024_11_13_T23:33:55 -  All houses for rental were assigned in Lisboa
2024_11_13_T23:33:55 -  All houses for rental were assigned in Lisboa
2024_11_13_T23:33:55 -  All houses for rental were assigned in Lisboa
2024_11_13_T23:33:55 -  All houses for rental were assigned in Lisboa
2024_11_13_T23:33:55 -  All houses for rental were assigned in Lisboa
2024_11_13_T23:33:55 -  All houses for rental were assigned in Lisboa
2024_11_13_T23:33:55 -  All houses for rental were assigned in Lisboa
2024_11_13_T23:33:55 -  All houses for rental were assigned in Lisboa
2024_11_13_T23:33:55 -  All houses for rental were assigned in Lisboa
2024_11_13_T23:33:55 -  All houses for rental were assigned in Lisboa
2024_11_13_T23:33:55 -  All houses for rental were assigned in Lisboa
2024_11_13_T23:33:55 -  All houses for rental were assigned in Lisboa
2024_11_13_T23:33:55 -  All houses for rental were assigned in Lisboa
2024_11_13_T23:33:55 -  All houses for rental were assigned in Lisboa
2024_11_13_T23:33:55 -  All houses for rental were assigned in Lisboa
2024_11_13_T23:33:55 -  All houses for rental were assigned in Lisboa
2024_11_13_T23:33:55 -  All houses for rental were assigned in Lisboa
2024_11_13_T23:33:55 -  All houses for rental were assigned in Lisboa
2024_11_13_T23:33:55 -  All houses for rental were assigned in Lisboa
2024_11_13_T23:33:55 -  All houses for rental were assigned in Lisboa
2024_11_13_T23:33:55 -  All houses for rental were assigned in Lisboa
2024_11_13_T23:33:55 -  All houses for rental were assigned in Lisboa
2024_11_13_T23:33:55 -  All houses for rental were assigned in Lisboa
2024_11_13_T23:33:55 -  All houses for rental were assigned in Lisboa
2024_11_13_T23:33:55 -  All houses for rental were assigned in Lisboa
2024_11_13_T23:33:55 -  All houses for rental were assigned in Lisboa
2024_11_13_T23:33:55 -  All houses for rental were assigned in Lisboa
2024_11_13_T23:33:55 -  All houses for rental were assigned in Lisboa
2024_11_13_T23:33:55 -  All houses for rental were assigned in Lisboa
2024_11_13_T23:33:55 -  All houses for rental were assigned in Lisboa
2024_11_13_T23:33:55 -  All houses for rental were assigned in Lisboa
2024_11_13_T23:33:55 -  All houses for rental were assigned in Lisboa
2024_11_13_T23:33:55 -  All houses for rental were assigned in Lisboa
2024_11_13_T23:33:55 -  All houses for rental were assigned in Lisboa
2024_11_13_T23:33:55 -  All houses for rental were assigned in Lisboa
2024_11_13_T23:33:55 -  All houses for rental were assigned in Lisboa
2024_11_13_T23:33:55 -  All houses for rental were assigned in Lisboa
2024_11_13_T23:33:55 -  All houses for rental were assigned in Lisboa
2024_11_13_T23:33:55 -  All houses for rental were assigned in Lisboa
2024_11_13_T23:33:55 -  All houses for rental were assigned in Lisboa
2024_11_13_T23:33:55 -  All houses for rental were assigned in Lisboa
2024_11_13_T23:33:55 -  All houses for rental were assigned in Lisboa
2024_11_13_T23:33:55 -  All houses for rental were assigned in Lisboa
2024_11_13_T23:33:55 -  All houses for rental were assigned in Lisboa
2024_11_13_T23:33:55 -  All houses for rental were assigned in Lisboa
2024_11_13_T23:33:55 -  All houses for rental were assigned in Lisboa
2024_11_13_T23:33:55 -  All houses for rental were assigned in Lisboa
2024_11_13_T23:33:55 -  All houses for rental were assigned in Lisboa
2024_11_13_T23:33:55 -  All houses for rental were assigned in Lisboa
2024_11_13_T23:33:55 -  All houses for rental were assigned in Lisboa
2024_11_13_T23:33:55 -  All houses for rental were assigned in Lisboa
2024_11_13_T23:33:55 -  All houses for rental were assigned in Lisboa
2024_11_13_T23:33:55 -  All houses for rental were assigned in Lisboa
2024_11_13_T23:33:55 -  All houses for rental were assigned in Lisboa
2024_11_13_T23:33:55 -  All houses for rental were assigned in Lisboa
2024_11_13_T23:33:55 -  All houses for rental were assigned in Lisboa
2024_11_13_T23:33:55 -  All houses for rental were assigned in Lisboa
2024_11_13_T23:33:55 -  All houses for rental were assigned in Lisboa
2024_11_13_T23:33:55 -  All houses for rental were assigned in Lisboa
2024_11_13_T23:33:55 -  All houses for rental were assigned in Lisboa
2024_11_13_T23:33:55 -  All houses for rental were assigned in Lisboa
2024_11_13_T23:33:55 -  All houses for rental were assigned in Lisboa
2024_11_13_T23:33:55 -  All houses for rental were assigned in Lisboa
2024_11_13_T23:33:55 -  All houses for rental were assigned in Lisboa
2024_11_13_T23:33:55 -  All houses for rental were assigned in Lisboa
2024_11_13_T23:33:55 -  All houses for rental were assigned in Lisboa
2024_11_13_T23:33:55 -  All houses for rental were assigned in Lisboa
2024_11_13_T23:33:55 -  All houses for rental were assigned in Lisboa
2024_11_13_T23:33:55 -  All houses for rental were assigned in Lisboa
2024_11_13_T23:33:55 -  All houses for rental were assigned in Lisboa
2024_11_13_T23:33:55 -  All houses for rental were assigned in Lisboa
2024_11_13_T23:33:55 -  All houses for rental were assigned in Lisboa
2024_11_13_T23:33:55 -  All houses for rental were assigned in Lisboa
2024_11_13_T23:33:55 -  All houses for rental were assigned in Lisboa
2024_11_13_T23:33:55 -  All houses for rental were assigned in Lisboa
2024_11_13_T23:33:55 -  All houses for rental were assigned in Lisboa
2024_11_13_T23:33:55 -  All houses for rental were assigned in Lisboa
2024_11_13_T23:33:55 -  All houses for rental were assigned in Lisboa
2024_11_13_T23:33:55 -  All houses for rental were assigned in Lisboa
2024_11_13_T23:33:55 -  All houses for rental were assigned in Lisboa
2024_11_13_T23:33:55 -  All houses for rental were assigned in Lisboa
2024_11_13_T23:33:55 -  All houses for rental were assigned in Lisboa
2024_11_13_T23:33:55 -  All houses for rental were assigned in Lisboa
2024_11_13_T23:33:55 -  All houses for rental were assigned in Lisboa
2024_11_13_T23:33:55 -  All houses for rental were assigned in Lisboa
2024_11_13_T23:33:55 -  All houses for rental were assigned in Lisboa
2024_11_13_T23:33:55 -  All houses for rental were assigned in Lisboa
2024_11_13_T23:33:55 -  All houses for rental were assigned in Lisboa
2024_11_13_T23:33:55 -  All houses for rental were assigned in Lisboa
2024_11_13_T23:33:55 -  All houses for rental were assigned in Lisboa
2024_11_13_T23:33:55 -  All houses for rental were assigned in Lisboa
2024_11_13_T23:33:55 -  All houses for rental were assigned in Lisboa
2024_11_13_T23:33:55 -  All houses for rental were assigned in Lisboa
2024_11_13_T23:33:55 -  All houses for rental were assigned in Lisboa
2024_11_13_T23:33:55 -  All houses for rental were assigned in Lisboa
2024_11_13_T23:33:55 -  All houses for rental were assigned in Lisboa
2024_11_13_T23:33:55 -  All houses for rental were assigned in Lisboa
2024_11_13_T23:33:55 -  All houses for rental were assigned in Lisboa
2024_11_13_T23:33:55 -  All houses for rental were assigned in Lisboa
2024_11_13_T23:33:55 -  All houses for rental were assigned in Lisboa
2024_11_13_T23:33:55 -  All houses for rental were assigned in Lisboa
2024_11_13_T23:33:55 -  All houses for rental were assigned in Lisboa
2024_11_13_T23:33:55 -  All houses for rental were assigned in Lisboa
2024_11_13_T23:33:55 -  All houses for rental were assigned in Lisboa
2024_11_13_T23:33:55 -  All houses for rental were assigned in Lisboa
2024_11_13_T23:33:55 -  All houses for rental were assigned in Lisboa
2024_11_13_T23:33:55 -  All houses for rental were assigned in Lisboa
2024_11_13_T23:33:55 -  All houses for rental were assigned in Lisboa
2024_11_13_T23:33:55 -  All houses for rental were assigned in Lisboa
2024_11_13_T23:33:55 -  All houses for rental were assigned in Lisboa
2024_11_13_T23:33:55 -  All houses for rental were assigned in Lisboa
2024_11_13_T23:33:55 -  All houses for rental were assigned in Lisboa
2024_11_13_T23:33:55 -  All houses for rental were assigned in Lisboa
2024_11_13_T23:33:55 -  All houses for rental were assigned in Lisboa
2024_11_13_T23:33:55 -  All houses for rental were assigned in Lisboa
2024_11_13_T23:33:55 -  All houses for rental were assigned in Lisboa
2024_11_13_T23:33:55 -  All houses for rental were assigned in Lisboa
2024_11_13_T23:33:55 -  All houses for rental were assigned in Lisboa
2024_11_13_T23:33:55 -  All houses for rental were assigned in Lisboa
2024_11_13_T23:33:55 -  All houses for rental were assigned in Lisboa
2024_11_13_T23:33:55 -  All houses for rental were assigned in Lisboa
2024_11_13_T23:33:55 -  All houses for rental were assigned in Lisboa
2024_11_13_T23:33:55 -  All houses for rental were assigned in Lisboa
2024_11_13_T23:33:55 -  All houses for rental were assigned in Lisboa
2024_11_13_T23:33:55 -  All houses for rental were assigned in Lisboa
2024_11_13_T23:33:55 -  All houses for rental were assigned in Lisboa
2024_11_13_T23:33:55 -  All houses for rental were assigned in Lisboa
2024_11_13_T23:33:55 -  All houses for rental were assigned in Lisboa
2024_11_13_T23:33:55 -  All houses for rental were assigned in Lisboa
2024_11_13_T23:33:55 -  All houses for rental were assigned in Lisboa
2024_11_13_T23:33:55 -  All houses for rental were assigned in Lisboa
2024_11_13_T23:33:55 -  All houses for rental were assigned in Lisboa
2024_11_13_T23:33:55 -  All houses for rental were assigned in Lisboa
2024_11_13_T23:33:55 -  All houses for rental were assigned in Lisboa
2024_11_13_T23:33:55 -  All houses for rental were assigned in Lisboa
2024_11_13_T23:33:55 -  All houses for rental were assigned in Lisboa
2024_11_13_T23:33:55 -  All houses for rental were assigned in Lisboa
2024_11_13_T23:33:55 -  All houses for rental were assigned in Lisboa
2024_11_13_T23:33:55 -  All houses for rental were assigned in Lisboa
2024_11_13_T23:33:55 -  All houses for rental were assigned in Lisboa
2024_11_13_T23:33:55 -  All houses for rental were assigned in Lisboa
2024_11_13_T23:33:55 -  All houses for rental were assigned in Lisboa
2024_11_13_T23:33:55 -  All houses for rental were assigned in Lisboa
2024_11_13_T23:33:55 -  All houses for rental were assigned in Lisboa
2024_11_13_T23:33:55 -  All houses for rental were assigned in Lisboa
2024_11_13_T23:33:55 -  All houses for rental were assigned in Lisboa
2024_11_13_T23:33:55 -  All houses for rental were assigned in Lisboa
2024_11_13_T23:33:55 -  All houses for rental were assigned in Lisboa
2024_11_13_T23:33:55 -  All houses for rental were assigned in Lisboa
2024_11_13_T23:33:55 -  All houses for rental were assigned in Lisboa
2024_11_13_T23:33:55 -  All houses for rental were assigned in Lisboa
2024_11_13_T23:33:55 -  All houses for rental were assigned in Lisboa
2024_11_13_T23:33:55 -  All houses for rental were assigned in Lisboa
2024_11_13_T23:33:55 -  All houses for rental were assigned in Lisboa
2024_11_13_T23:33:55 -  All houses for rental were assigned in Lisboa
2024_11_13_T23:33:55 -  All houses for rental were assigned in Lisboa
2024_11_13_T23:33:55 -  All houses for rental were assigned in Lisboa
2024_11_13_T23:33:55 -  finished assignHousesToHouseholds in 1.5337400436401367 seconds
2024_11_13_T23:33:59 -  Metrics: sum_wealth took 9.5367431640625e-7
2024_11_13_T23:34:00 -  Metrics: wealth_distribution took 5.0067901611328125e-6
2024_11_13_T23:34:01 -  Metrics: money_distribution took 6.198883056640625e-6
2024_11_13_T23:34:01 -  Metrics: size_distribution took 5.9604644775390625e-6
2024_11_13_T23:34:01 -  Metrics: age_distribution took 3.814697265625e-6
2024_11_13_T23:34:03 -  Metrics: sum_wealth took 4.00543212890625e-5
2024_11_13_T23:34:03 -  Metrics: wealth_distribution took 0.015321969985961914
2024_11_13_T23:34:03 -  Metrics: money_distribution took 0.00047016143798828125
2024_11_13_T23:34:04 -  Metrics: size_distribution took 0.009810924530029297
2024_11_13_T23:34:04 -  Metrics: age_distribution took 0.00044798851013183594
2024_11_13_T23:34:06 -  Model step started
2024_11_13_T23:34:06 -  clearHangingSupplies started
2024_11_13_T23:34:06 -  clearHangingSupplies took 0.006973981857299805
2024_11_13_T23:34:06 -  clearHangingRentalSupplies started
2024_11_13_T23:34:06 -  clearHangingRentalSupplies took 0.01441192626953125
2024_11_13_T23:34:06 -  clearHouseMarket started
2024_11_13_T23:34:07 -  clearHouseMarket - first block took 0.33503198623657227
2024_11_13_T23:34:07 -  clearHouseMarket - second block took 0.32756614685058594
2024_11_13_T23:34:07 -  clearHouseMarket - third block took 0.01516103744506836
2024_11_13_T23:34:07 -  clearRentalMarket started
2024_11_13_T23:34:07 -  clearRentalMarket - first block took 0.22771286964416504
2024_11_13_T23:34:07 -  clearRentalMarket - second block took 0.06332993507385254
2024_11_13_T23:34:08 -  Model step took 1.4732980728149414 seconds
2024_11_13_T23:34:08 -  Metrics: sum_wealth took 4.8160552978515625e-5
2024_11_13_T23:34:08 -  Metrics: wealth_distribution took 0.0003650188446044922
2024_11_13_T23:34:08 -  Metrics: money_distribution took 0.00036597251892089844
2024_11_13_T23:34:08 -  Metrics: size_distribution took 0.00044918060302734375
2024_11_13_T23:34:08 -  Metrics: age_distribution took 0.00047588348388671875
2024_11_13_T23:34:10 -  Model step started
2024_11_13_T23:34:10 -  clearHangingSupplies started
2024_11_13_T23:34:10 -  clearHangingSupplies took 6.985664367675781e-5
2024_11_13_T23:34:10 -  clearHangingRentalSupplies started
2024_11_13_T23:34:10 -  clearHangingRentalSupplies took 2.7894973754882812e-5
2024_11_13_T23:34:10 -  clearHouseMarket started
2024_11_13_T23:34:10 -  clearHouseMarket - first block took 0.04034900665283203
2024_11_13_T23:34:10 -  clearHouseMarket - second block took 0.06052899360656738
2024_11_13_T23:34:10 -  clearHouseMarket - third block took 0.00017905235290527344
2024_11_13_T23:34:10 -  clearRentalMarket started
2024_11_13_T23:34:10 -  clearRentalMarket - first block took 0.00518488883972168
2024_11_13_T23:34:10 -  clearRentalMarket - second block took 0.0001430511474609375
2024_11_13_T23:34:10 -  Pushed house into housesBuiltPerRegion (location,size) = (Lisboa, LessThan50)
2024_11_13_T23:34:10 -  Model step took 0.18156886100769043 seconds
2024_11_13_T23:34:10 -  Metrics: sum_wealth took 5.507469177246094e-5
2024_11_13_T23:34:10 -  Metrics: wealth_distribution took 0.00037384033203125
2024_11_13_T23:34:10 -  Metrics: money_distribution took 0.0003800392150878906
2024_11_13_T23:34:10 -  Metrics: size_distribution took 0.00034880638122558594
2024_11_13_T23:34:10 -  Metrics: age_distribution took 0.0003800392150878906
2024_11_13_T23:34:12 -  Model step started
2024_11_13_T23:34:12 -  clearHangingSupplies started
2024_11_13_T23:34:12 -  clearHangingSupplies took 7.319450378417969e-5
2024_11_13_T23:34:12 -  clearHangingRentalSupplies started
2024_11_13_T23:34:12 -  clearHangingRentalSupplies took 2.09808349609375e-5
2024_11_13_T23:34:12 -  clearHouseMarket started
2024_11_13_T23:34:12 -  clearHouseMarket - first block took 0.041979074478149414
2024_11_13_T23:34:12 -  clearHouseMarket - second block took 0.0012271404266357422
2024_11_13_T23:34:12 -  clearHouseMarket - third block took 0.00434112548828125
2024_11_13_T23:34:12 -  clearRentalMarket started
2024_11_13_T23:34:12 -  clearRentalMarket - first block took 0.004025936126708984
2024_11_13_T23:34:12 -  clearRentalMarket - second block took 8.177757263183594e-5
2024_11_13_T23:34:12 -  Model step took 0.05874300003051758 seconds
2024_11_13_T23:34:12 -  Metrics: sum_wealth took 7.200241088867188e-5
2024_11_13_T23:34:12 -  Metrics: wealth_distribution took 0.000331878662109375
2024_11_13_T23:34:12 -  Metrics: money_distribution took 0.0004069805145263672
2024_11_13_T23:34:12 -  Metrics: size_distribution took 0.0002689361572265625
2024_11_13_T23:34:12 -  Metrics: age_distribution took 0.00033211708068847656
2024_11_13_T23:34:15 -  Model step started
2024_11_13_T23:34:15 -  clearHangingSupplies started
2024_11_13_T23:34:15 -  clearHangingSupplies took 8.296966552734375e-5
2024_11_13_T23:34:15 -  clearHangingRentalSupplies started
2024_11_13_T23:34:15 -  clearHangingRentalSupplies took 2.8133392333984375e-5
2024_11_13_T23:34:15 -  clearHouseMarket started
2024_11_13_T23:34:15 -  clearHouseMarket - first block took 0.03960704803466797
2024_11_13_T23:34:15 -  clearHouseMarket - second block took 0.0013549327850341797
2024_11_13_T23:34:15 -  clearHouseMarket - third block took 0.00017905235290527344
2024_11_13_T23:34:15 -  clearRentalMarket started
2024_11_13_T23:34:15 -  clearRentalMarket - first block took 0.0034508705139160156
2024_11_13_T23:34:15 -  clearRentalMarket - second block took 6.29425048828125e-5
2024_11_13_T23:34:15 -  Pushed house into housesBuiltPerRegion (location,size) = (Lisboa, LessThan125)
2024_11_13_T23:34:15 -  Model step took 0.05175185203552246 seconds
2024_11_13_T23:34:15 -  Metrics: sum_wealth took 3.218650817871094e-5
2024_11_13_T23:34:15 -  Metrics: wealth_distribution took 0.0003418922424316406
2024_11_13_T23:34:15 -  Metrics: money_distribution took 0.0003871917724609375
2024_11_13_T23:34:15 -  Metrics: size_distribution took 0.0003018379211425781
2024_11_13_T23:34:15 -  Metrics: age_distribution took 0.0003941059112548828
2024_11_13_T23:34:17 -  Model step started
2024_11_13_T23:34:17 -  clearHangingSupplies started
2024_11_13_T23:34:17 -  clearHangingSupplies took 6.318092346191406e-5
2024_11_13_T23:34:17 -  clearHangingRentalSupplies started
2024_11_13_T23:34:17 -  clearHangingRentalSupplies took 2.3126602172851562e-5
2024_11_13_T23:34:17 -  clearHouseMarket started
2024_11_13_T23:34:17 -  clearHouseMarket - first block took 0.038945913314819336
2024_11_13_T23:34:17 -  clearHouseMarket - second block took 0.0013499259948730469
2024_11_13_T23:34:17 -  clearHouseMarket - third block took 0.00019502639770507812
2024_11_13_T23:34:17 -  clearRentalMarket started
2024_11_13_T23:34:17 -  clearRentalMarket - first block took 0.003547191619873047
2024_11_13_T23:34:17 -  clearRentalMarket - second block took 2.4080276489257812e-5
2024_11_13_T23:34:17 -  Model step took 0.04995298385620117 seconds
2024_11_13_T23:34:17 -  Metrics: sum_wealth took 4.792213439941406e-5
2024_11_13_T23:34:17 -  Metrics: wealth_distribution took 0.0003528594970703125
2024_11_13_T23:34:17 -  Metrics: money_distribution took 0.0003299713134765625
2024_11_13_T23:34:17 -  Metrics: size_distribution took 0.0002689361572265625
2024_11_13_T23:34:17 -  Metrics: age_distribution took 0.0003418922424316406
2024_11_13_T23:34:19 -  Model step started
2024_11_13_T23:34:19 -  clearHangingSupplies started
2024_11_13_T23:34:19 -  clearHangingSupplies took 8.797645568847656e-5
2024_11_13_T23:34:19 -  clearHangingRentalSupplies started
2024_11_13_T23:34:19 -  clearHangingRentalSupplies took 2.09808349609375e-5
2024_11_13_T23:34:19 -  clearHouseMarket started
2024_11_13_T23:34:19 -  clearHouseMarket - first block took 0.039392948150634766
2024_11_13_T23:34:19 -  clearHouseMarket - second block took 0.0014750957489013672
2024_11_13_T23:34:19 -  clearHouseMarket - third block took 0.00013709068298339844
2024_11_13_T23:34:19 -  clearRentalMarket started
2024_11_13_T23:34:19 -  clearRentalMarket - first block took 0.002710103988647461
2024_11_13_T23:34:19 -  clearRentalMarket - second block took 2.002716064453125e-5
2024_11_13_T23:34:19 -  Model step took 0.050196170806884766 seconds
2024_11_13_T23:34:19 -  Metrics: sum_wealth took 5.984306335449219e-5
2024_11_13_T23:34:19 -  Metrics: wealth_distribution took 0.0003650188446044922
2024_11_13_T23:34:19 -  Metrics: money_distribution took 0.0003418922424316406
2024_11_13_T23:34:19 -  Metrics: size_distribution took 0.00029015541076660156
2024_11_13_T23:34:19 -  Metrics: age_distribution took 0.0003769397735595703
2024_11_13_T23:34:21 -  Model step started
2024_11_13_T23:34:21 -  clearHangingSupplies started
2024_11_13_T23:34:21 -  clearHangingSupplies took 0.00010395050048828125
2024_11_13_T23:34:21 -  clearHangingRentalSupplies started
2024_11_13_T23:34:21 -  clearHangingRentalSupplies took 2.193450927734375e-5
2024_11_13_T23:34:21 -  clearHouseMarket started
2024_11_13_T23:34:21 -  clearHouseMarket - first block took 0.048249006271362305
2024_11_13_T23:34:21 -  clearHouseMarket - second block took 0.0015368461608886719
2024_11_13_T23:34:21 -  clearHouseMarket - third block took 0.00024509429931640625
2024_11_13_T23:34:21 -  clearRentalMarket started
2024_11_13_T23:34:21 -  clearRentalMarket - first block took 0.005110025405883789
2024_11_13_T23:34:21 -  clearRentalMarket - second block took 9.107589721679688e-5
2024_11_13_T23:34:21 -  Model step took 0.06251406669616699 seconds
2024_11_13_T23:34:21 -  Metrics: sum_wealth took 0.0007729530334472656
2024_11_13_T23:34:21 -  Metrics: wealth_distribution took 0.00036716461181640625
2024_11_13_T23:34:21 -  Metrics: money_distribution took 0.00035190582275390625
2024_11_13_T23:34:21 -  Metrics: size_distribution took 0.0003650188446044922
2024_11_13_T23:34:21 -  Metrics: age_distribution took 0.00036597251892089844
2024_11_13_T23:34:23 -  Model step started
2024_11_13_T23:34:23 -  clearHangingSupplies started
2024_11_13_T23:34:23 -  clearHangingSupplies took 7.319450378417969e-5
2024_11_13_T23:34:23 -  clearHangingRentalSupplies started
2024_11_13_T23:34:23 -  clearHangingRentalSupplies took 2.002716064453125e-5
2024_11_13_T23:34:23 -  clearHouseMarket started
2024_11_13_T23:34:24 -  clearHouseMarket - first block took 0.05007815361022949
2024_11_13_T23:34:24 -  clearHouseMarket - second block took 0.0014388561248779297
2024_11_13_T23:34:24 -  clearHouseMarket - third block took 0.00016808509826660156
2024_11_13_T23:34:24 -  clearRentalMarket started
2024_11_13_T23:34:24 -  clearRentalMarket - first block took 0.007459163665771484
2024_11_13_T23:34:24 -  clearRentalMarket - second block took 0.0001571178436279297
2024_11_13_T23:34:24 -  Model step took 0.07506990432739258 seconds
2024_11_13_T23:34:24 -  Metrics: sum_wealth took 4.100799560546875e-5
2024_11_13_T23:34:24 -  Metrics: wealth_distribution took 0.00047206878662109375
2024_11_13_T23:34:24 -  Metrics: money_distribution took 0.0004150867462158203
2024_11_13_T23:34:24 -  Metrics: size_distribution took 0.0003590583801269531
2024_11_13_T23:34:24 -  Metrics: age_distribution took 0.0005140304565429688
2024_11_13_T23:34:26 -  Model step started
2024_11_13_T23:34:26 -  clearHangingSupplies started
2024_11_13_T23:34:26 -  clearHangingSupplies took 4.982948303222656e-5
2024_11_13_T23:34:26 -  clearHangingRentalSupplies started
2024_11_13_T23:34:26 -  clearHangingRentalSupplies took 1.5974044799804688e-5
2024_11_13_T23:34:26 -  clearHouseMarket started
2024_11_13_T23:34:26 -  clearHouseMarket - first block took 0.035507917404174805
2024_11_13_T23:34:26 -  clearHouseMarket - second block took 0.002361774444580078
2024_11_13_T23:34:26 -  clearHouseMarket - third block took 0.00015592575073242188
2024_11_13_T23:34:26 -  clearRentalMarket started
2024_11_13_T23:34:26 -  clearRentalMarket - first block took 0.0030798912048339844
2024_11_13_T23:34:26 -  clearRentalMarket - second block took 1.811981201171875e-5
2024_11_13_T23:34:26 -  Model step took 0.04794812202453613 seconds
2024_11_13_T23:34:26 -  Metrics: sum_wealth took 0.00010704994201660156
2024_11_13_T23:34:26 -  Metrics: wealth_distribution took 0.0003409385681152344
2024_11_13_T23:34:26 -  Metrics: money_distribution took 0.00039696693420410156
2024_11_13_T23:34:26 -  Metrics: size_distribution took 0.00027108192443847656
2024_11_13_T23:34:26 -  Metrics: age_distribution took 0.0002818107604980469
2024_11_13_T23:34:28 -  Model step started
2024_11_13_T23:34:28 -  clearHangingSupplies started
2024_11_13_T23:34:28 -  clearHangingSupplies took 5.2928924560546875e-5
2024_11_13_T23:34:28 -  clearHangingRentalSupplies started
2024_11_13_T23:34:28 -  clearHangingRentalSupplies took 1.6927719116210938e-5
2024_11_13_T23:34:28 -  clearHouseMarket started
2024_11_13_T23:34:28 -  clearHouseMarket - first block took 0.029752016067504883
2024_11_13_T23:34:28 -  clearHouseMarket - second block took 0.0012018680572509766
2024_11_13_T23:34:28 -  clearHouseMarket - third block took 0.00019097328186035156
2024_11_13_T23:34:28 -  clearRentalMarket started
2024_11_13_T23:34:28 -  clearRentalMarket - first block took 0.0030739307403564453
2024_11_13_T23:34:28 -  clearRentalMarket - second block took 4.887580871582031e-5
2024_11_13_T23:34:28 -  Model step took 0.03940105438232422 seconds
2024_11_13_T23:34:28 -  Metrics: sum_wealth took 3.695487976074219e-5
2024_11_13_T23:34:28 -  Metrics: wealth_distribution took 0.00035381317138671875
2024_11_13_T23:34:28 -  Metrics: money_distribution took 0.0003750324249267578
2024_11_13_T23:34:28 -  Metrics: size_distribution took 0.0003399848937988281
2024_11_13_T23:34:28 -  Metrics: age_distribution took 0.00041794776916503906
2024_11_13_T23:34:30 -  Model step started
2024_11_13_T23:34:30 -  clearHangingSupplies started
2024_11_13_T23:34:30 -  clearHangingSupplies took 5.1021575927734375e-5
2024_11_13_T23:34:30 -  clearHangingRentalSupplies started
2024_11_13_T23:34:30 -  clearHangingRentalSupplies took 2.4080276489257812e-5
2024_11_13_T23:34:30 -  clearHouseMarket started
2024_11_13_T23:34:30 -  clearHouseMarket - first block took 0.03271317481994629
2024_11_13_T23:34:30 -  clearHouseMarket - second block took 0.003345966339111328
2024_11_13_T23:34:30 -  clearHouseMarket - third block took 0.0003108978271484375
2024_11_13_T23:34:30 -  clearRentalMarket started
2024_11_13_T23:34:30 -  clearRentalMarket - first block took 0.0026938915252685547
2024_11_13_T23:34:30 -  clearRentalMarket - second block took 4.100799560546875e-5
2024_11_13_T23:34:30 -  Pushed house into housesBuiltPerRegion (location,size) = (Lisboa, LessThan50)
2024_11_13_T23:34:30 -  Pushed house into housesBuiltPerRegion (location,size) = (Lisboa, More)
2024_11_13_T23:34:30 -  Model step took 0.046156883239746094 seconds
2024_11_13_T23:34:30 -  Metrics: sum_wealth took 6.222724914550781e-5
2024_11_13_T23:34:30 -  Metrics: wealth_distribution took 0.00031304359436035156
2024_11_13_T23:34:30 -  Metrics: money_distribution took 0.00032806396484375
2024_11_13_T23:34:30 -  Metrics: size_distribution took 0.0002658367156982422
2024_11_13_T23:34:30 -  Metrics: age_distribution took 0.0003139972686767578
2024_11_13_T23:34:32 -  Model step started
2024_11_13_T23:34:32 -  clearHangingSupplies started
2024_11_13_T23:34:32 -  clearHangingSupplies took 0.011868000030517578
2024_11_13_T23:34:32 -  clearHangingRentalSupplies started
2024_11_13_T23:34:32 -  clearHangingRentalSupplies took 0.00016999244689941406
2024_11_13_T23:34:32 -  clearHouseMarket started
2024_11_13_T23:34:32 -  clearHouseMarket - first block took 0.027604103088378906
2024_11_13_T23:34:32 -  clearHouseMarket - second block took 0.004112958908081055
2024_11_13_T23:34:32 -  clearHouseMarket - third block took 0.0002751350402832031
2024_11_13_T23:34:32 -  clearRentalMarket started
2024_11_13_T23:34:32 -  clearRentalMarket - first block took 0.0028951168060302734
2024_11_13_T23:34:32 -  clearRentalMarket - second block took 1.811981201171875e-5
2024_11_13_T23:34:32 -  Model step took 0.12299489974975586 seconds
2024_11_13_T23:34:32 -  Metrics: sum_wealth took 5.602836608886719e-5
2024_11_13_T23:34:32 -  Metrics: wealth_distribution took 0.000347137451171875
2024_11_13_T23:34:32 -  Metrics: money_distribution took 0.00042700767517089844
2024_11_13_T23:34:32 -  Metrics: size_distribution took 0.0002758502960205078
2024_11_13_T23:34:32 -  Metrics: age_distribution took 0.0003170967102050781
2024_11_13_T23:34:34 -  Model step started
2024_11_13_T23:34:34 -  clearHangingSupplies started
2024_11_13_T23:34:34 -  clearHangingSupplies took 0.00013303756713867188
2024_11_13_T23:34:34 -  clearHangingRentalSupplies started
2024_11_13_T23:34:34 -  clearHangingRentalSupplies took 0.00010704994201660156
2024_11_13_T23:34:34 -  clearHouseMarket started
2024_11_13_T23:34:34 -  clearHouseMarket - first block took 0.027721166610717773
2024_11_13_T23:34:34 -  clearHouseMarket - second block took 0.0032339096069335938
2024_11_13_T23:34:34 -  clearHouseMarket - third block took 0.0002739429473876953
2024_11_13_T23:34:34 -  clearRentalMarket started
2024_11_13_T23:34:34 -  clearRentalMarket - first block took 0.0022640228271484375
2024_11_13_T23:34:34 -  clearRentalMarket - second block took 7.605552673339844e-5
2024_11_13_T23:34:34 -  Model step took 0.040534019470214844 seconds
2024_11_13_T23:34:34 -  Metrics: sum_wealth took 5.91278076171875e-5
2024_11_13_T23:34:34 -  Metrics: wealth_distribution took 0.0003559589385986328
2024_11_13_T23:34:34 -  Metrics: money_distribution took 0.00032210350036621094
2024_11_13_T23:34:34 -  Metrics: size_distribution took 0.00029587745666503906
2024_11_13_T23:34:34 -  Metrics: age_distribution took 0.0003151893615722656
2024_11_13_T23:34:36 -  Model step started
2024_11_13_T23:34:36 -  clearHangingSupplies started
2024_11_13_T23:34:36 -  clearHangingSupplies took 5.4836273193359375e-5
2024_11_13_T23:34:36 -  clearHangingRentalSupplies started
2024_11_13_T23:34:36 -  clearHangingRentalSupplies took 1.3828277587890625e-5
2024_11_13_T23:34:36 -  clearHouseMarket started
2024_11_13_T23:34:36 -  clearHouseMarket - first block took 0.027117013931274414
2024_11_13_T23:34:36 -  clearHouseMarket - second block took 3.981590270996094e-5
2024_11_13_T23:34:36 -  clearHouseMarket - third block took 0.0001380443572998047
2024_11_13_T23:34:36 -  clearRentalMarket started
2024_11_13_T23:34:36 -  clearRentalMarket - first block took 0.0020449161529541016
2024_11_13_T23:34:36 -  clearRentalMarket - second block took 2.288818359375e-5
2024_11_13_T23:34:36 -  Model step took 0.03606891632080078 seconds
2024_11_13_T23:34:36 -  Metrics: sum_wealth took 4.696846008300781e-5
2024_11_13_T23:34:36 -  Metrics: wealth_distribution took 0.0004050731658935547
2024_11_13_T23:34:36 -  Metrics: money_distribution took 0.0003399848937988281
2024_11_13_T23:34:36 -  Metrics: size_distribution took 0.0003459453582763672
2024_11_13_T23:34:36 -  Metrics: age_distribution took 0.0002949237823486328
2024_11_13_T23:34:38 -  Model step started
2024_11_13_T23:34:38 -  clearHangingSupplies started
2024_11_13_T23:34:38 -  clearHangingSupplies took 8.58306884765625e-5
2024_11_13_T23:34:38 -  clearHangingRentalSupplies started
2024_11_13_T23:34:38 -  clearHangingRentalSupplies took 1.4066696166992188e-5
2024_11_13_T23:34:38 -  clearHouseMarket started
2024_11_13_T23:34:38 -  clearHouseMarket - first block took 0.0282289981842041
2024_11_13_T23:34:38 -  clearHouseMarket - second block took 0.0015680789947509766
2024_11_13_T23:34:38 -  clearHouseMarket - third block took 0.00016188621520996094
2024_11_13_T23:34:38 -  clearRentalMarket started
2024_11_13_T23:34:38 -  clearRentalMarket - first block took 0.0020248889923095703
2024_11_13_T23:34:38 -  clearRentalMarket - second block took 1.5020370483398438e-5
2024_11_13_T23:34:38 -  Model step took 0.03719496726989746 seconds
2024_11_13_T23:34:38 -  Metrics: sum_wealth took 6.794929504394531e-5
2024_11_13_T23:34:38 -  Metrics: wealth_distribution took 0.0003108978271484375
2024_11_13_T23:34:38 -  Metrics: money_distribution took 0.00036597251892089844
2024_11_13_T23:34:38 -  Metrics: size_distribution took 0.0002658367156982422
2024_11_13_T23:34:38 -  Metrics: age_distribution took 0.0003139972686767578
2024_11_13_T23:34:40 -  Model step started
2024_11_13_T23:34:40 -  clearHangingSupplies started
2024_11_13_T23:34:40 -  clearHangingSupplies took 6.890296936035156e-5
2024_11_13_T23:34:40 -  clearHangingRentalSupplies started
2024_11_13_T23:34:40 -  clearHangingRentalSupplies took 1.7881393432617188e-5
2024_11_13_T23:34:40 -  clearHouseMarket started
2024_11_13_T23:34:40 -  clearHouseMarket - first block took 0.02573704719543457
2024_11_13_T23:34:40 -  clearHouseMarket - second block took 0.0017209053039550781
2024_11_13_T23:34:40 -  clearHouseMarket - third block took 0.00019288063049316406
2024_11_13_T23:34:40 -  clearRentalMarket started
2024_11_13_T23:34:40 -  clearRentalMarket - first block took 0.001834869384765625
2024_11_13_T23:34:40 -  clearRentalMarket - second block took 3.719329833984375e-5
2024_11_13_T23:34:40 -  Model step took 0.03542900085449219 seconds
2024_11_13_T23:34:40 -  Metrics: sum_wealth took 5.316734313964844e-5
2024_11_13_T23:34:40 -  Metrics: wealth_distribution took 0.0003509521484375
2024_11_13_T23:34:40 -  Metrics: money_distribution took 0.0003769397735595703
2024_11_13_T23:34:40 -  Metrics: size_distribution took 0.0002791881561279297
2024_11_13_T23:34:40 -  Metrics: age_distribution took 0.0003008842468261719
2024_11_13_T23:34:42 -  Model step started
2024_11_13_T23:34:42 -  clearHangingSupplies started
2024_11_13_T23:34:42 -  clearHangingSupplies took 6.389617919921875e-5
2024_11_13_T23:34:42 -  clearHangingRentalSupplies started
2024_11_13_T23:34:42 -  clearHangingRentalSupplies took 1.5020370483398438e-5
2024_11_13_T23:34:42 -  clearHouseMarket started
2024_11_13_T23:34:42 -  clearHouseMarket - first block took 0.02598404884338379
2024_11_13_T23:34:42 -  clearHouseMarket - second block took 0.0009069442749023438
2024_11_13_T23:34:42 -  clearHouseMarket - third block took 0.0001850128173828125
2024_11_13_T23:34:42 -  clearRentalMarket started
2024_11_13_T23:34:42 -  clearRentalMarket - first block took 0.0017840862274169922
2024_11_13_T23:34:42 -  clearRentalMarket - second block took 1.5974044799804688e-5
2024_11_13_T23:34:42 -  Pushed house into housesBuiltPerRegion (location,size) = (Lisboa, LessThan125)
2024_11_13_T23:34:42 -  Model step took 0.03526592254638672 seconds
2024_11_13_T23:34:42 -  Metrics: sum_wealth took 3.0994415283203125e-5
2024_11_13_T23:34:42 -  Metrics: wealth_distribution took 0.0005230903625488281
2024_11_13_T23:34:42 -  Metrics: money_distribution took 0.0003528594970703125
2024_11_13_T23:34:42 -  Metrics: size_distribution took 0.00029397010803222656
2024_11_13_T23:34:42 -  Metrics: age_distribution took 0.00033593177795410156
2024_11_13_T23:34:45 -  Model step started
2024_11_13_T23:34:45 -  clearHangingSupplies started
2024_11_13_T23:34:45 -  clearHangingSupplies took 6.103515625e-5
2024_11_13_T23:34:45 -  clearHangingRentalSupplies started
2024_11_13_T23:34:45 -  clearHangingRentalSupplies took 2.5987625122070312e-5
2024_11_13_T23:34:45 -  clearHouseMarket started
2024_11_13_T23:34:45 -  clearHouseMarket - first block took 0.02745199203491211
2024_11_13_T23:34:45 -  clearHouseMarket - second block took 0.001322031021118164
2024_11_13_T23:34:45 -  clearHouseMarket - third block took 0.0001609325408935547
2024_11_13_T23:34:45 -  clearRentalMarket started
2024_11_13_T23:34:45 -  clearRentalMarket - first block took 0.002007007598876953
2024_11_13_T23:34:45 -  clearRentalMarket - second block took 3.0994415283203125e-5
2024_11_13_T23:34:45 -  Model step took 0.03806185722351074 seconds
2024_11_13_T23:34:45 -  Metrics: sum_wealth took 7.891654968261719e-5
2024_11_13_T23:34:45 -  Metrics: wealth_distribution took 0.00040912628173828125
2024_11_13_T23:34:45 -  Metrics: money_distribution took 0.0004260540008544922
2024_11_13_T23:34:45 -  Metrics: size_distribution took 0.00032019615173339844
2024_11_13_T23:34:45 -  Metrics: age_distribution took 0.0003349781036376953
2024_11_13_T23:34:47 -  Model step started
2024_11_13_T23:34:47 -  clearHangingSupplies started
2024_11_13_T23:34:47 -  clearHangingSupplies took 5.4836273193359375e-5
2024_11_13_T23:34:47 -  clearHangingRentalSupplies started
2024_11_13_T23:34:47 -  clearHangingRentalSupplies took 1.3113021850585938e-5
2024_11_13_T23:34:47 -  clearHouseMarket started
2024_11_13_T23:34:47 -  clearHouseMarket - first block took 0.026741981506347656
2024_11_13_T23:34:47 -  clearHouseMarket - second block took 0.001981973648071289
2024_11_13_T23:34:47 -  clearHouseMarket - third block took 0.0002181529998779297
2024_11_13_T23:34:47 -  clearRentalMarket started
2024_11_13_T23:34:47 -  clearRentalMarket - first block took 0.002295970916748047
2024_11_13_T23:34:47 -  clearRentalMarket - second block took 4.887580871582031e-5
2024_11_13_T23:34:47 -  Model step took 0.03865385055541992 seconds
2024_11_13_T23:34:47 -  Metrics: sum_wealth took 6.29425048828125e-5
2024_11_13_T23:34:47 -  Metrics: wealth_distribution took 0.000576019287109375
2024_11_13_T23:34:47 -  Metrics: money_distribution took 0.00040602684020996094
2024_11_13_T23:34:47 -  Metrics: size_distribution took 0.0003380775451660156
2024_11_13_T23:34:47 -  Metrics: age_distribution took 0.0003409385681152344
2024_11_13_T23:34:49 -  Model step started
2024_11_13_T23:34:49 -  clearHangingSupplies started
2024_11_13_T23:34:49 -  clearHangingSupplies took 5.1975250244140625e-5
2024_11_13_T23:34:49 -  clearHangingRentalSupplies started
2024_11_13_T23:34:49 -  clearHangingRentalSupplies took 4.1961669921875e-5
2024_11_13_T23:34:49 -  clearHouseMarket started
2024_11_13_T23:34:49 -  clearHouseMarket - first block took 0.022639036178588867
2024_11_13_T23:34:49 -  clearHouseMarket - second block took 0.0032308101654052734
2024_11_13_T23:34:49 -  clearHouseMarket - third block took 0.000209808349609375
2024_11_13_T23:34:49 -  clearRentalMarket started
2024_11_13_T23:34:49 -  clearRentalMarket - first block took 0.0016350746154785156
2024_11_13_T23:34:49 -  clearRentalMarket - second block took 2.7894973754882812e-5
2024_11_13_T23:34:49 -  Model step took 0.03322291374206543 seconds
2024_11_13_T23:34:49 -  Metrics: sum_wealth took 6.079673767089844e-5
2024_11_13_T23:34:49 -  Metrics: wealth_distribution took 0.0003879070281982422
2024_11_13_T23:34:49 -  Metrics: money_distribution took 0.00040912628173828125
2024_11_13_T23:34:49 -  Metrics: size_distribution took 0.00029397010803222656
2024_11_13_T23:34:49 -  Metrics: age_distribution took 0.0003218650817871094
2024_11_13_T23:34:51 -  Model step started
2024_11_13_T23:34:51 -  clearHangingSupplies started
2024_11_13_T23:34:51 -  clearHangingSupplies took 8.797645568847656e-5
2024_11_13_T23:34:51 -  clearHangingRentalSupplies started
2024_11_13_T23:34:51 -  clearHangingRentalSupplies took 1.6927719116210938e-5
2024_11_13_T23:34:51 -  clearHouseMarket started
2024_11_13_T23:34:51 -  clearHouseMarket - first block took 0.04452395439147949
2024_11_13_T23:34:51 -  clearHouseMarket - second block took 0.0011391639709472656
2024_11_13_T23:34:51 -  clearHouseMarket - third block took 0.0001621246337890625
2024_11_13_T23:34:51 -  clearRentalMarket started
2024_11_13_T23:34:51 -  clearRentalMarket - first block took 0.0018608570098876953
2024_11_13_T23:34:51 -  clearRentalMarket - second block took 3.0994415283203125e-5
2024_11_13_T23:34:51 -  Model step took 0.06553506851196289 seconds
2024_11_13_T23:34:51 -  Metrics: sum_wealth took 4.982948303222656e-5
2024_11_13_T23:34:51 -  Metrics: wealth_distribution took 0.0003368854522705078
2024_11_13_T23:34:51 -  Metrics: money_distribution took 0.0003399848937988281
2024_11_13_T23:34:51 -  Metrics: size_distribution took 0.00029587745666503906
2024_11_13_T23:34:51 -  Metrics: age_distribution took 0.00035190582275390625
2024_11_13_T23:34:53 -  Model step started
2024_11_13_T23:34:53 -  clearHangingSupplies started
2024_11_13_T23:34:53 -  clearHangingSupplies took 4.696846008300781e-5
2024_11_13_T23:34:53 -  clearHangingRentalSupplies started
2024_11_13_T23:34:53 -  clearHangingRentalSupplies took 1.2874603271484375e-5
2024_11_13_T23:34:53 -  clearHouseMarket started
2024_11_13_T23:34:53 -  clearHouseMarket - first block took 0.021198034286499023
2024_11_13_T23:34:53 -  clearHouseMarket - second block took 0.001672983169555664
2024_11_13_T23:34:53 -  clearHouseMarket - third block took 0.00023293495178222656
2024_11_13_T23:34:53 -  clearRentalMarket started
2024_11_13_T23:34:53 -  clearRentalMarket - first block took 0.0016651153564453125
2024_11_13_T23:34:53 -  clearRentalMarket - second block took 1.3113021850585938e-5
2024_11_13_T23:34:53 -  Model step took 0.031068086624145508 seconds
2024_11_13_T23:34:53 -  Metrics: sum_wealth took 3.0040740966796875e-5
2024_11_13_T23:34:53 -  Metrics: wealth_distribution took 0.0003879070281982422
2024_11_13_T23:34:53 -  Metrics: money_distribution took 0.00035500526428222656
2024_11_13_T23:34:53 -  Metrics: size_distribution took 0.0003829002380371094
2024_11_13_T23:34:53 -  Metrics: age_distribution took 0.0003650188446044922
2024_11_13_T23:34:55 -  Model step started
2024_11_13_T23:34:55 -  clearHangingSupplies started
2024_11_13_T23:34:55 -  clearHangingSupplies took 5.412101745605469e-5
2024_11_13_T23:34:55 -  clearHangingRentalSupplies started
2024_11_13_T23:34:55 -  clearHangingRentalSupplies took 1.2159347534179688e-5
2024_11_13_T23:34:55 -  clearHouseMarket started
2024_11_13_T23:34:55 -  clearHouseMarket - first block took 0.025651931762695312
2024_11_13_T23:34:55 -  clearHouseMarket - second block took 0.0012581348419189453
2024_11_13_T23:34:55 -  clearHouseMarket - third block took 0.00019097328186035156
2024_11_13_T23:34:55 -  clearRentalMarket started
2024_11_13_T23:34:55 -  clearRentalMarket - first block took 0.0021610260009765625
2024_11_13_T23:34:55 -  clearRentalMarket - second block took 2.9087066650390625e-5
2024_11_13_T23:34:55 -  Model step took 0.03800606727600098 seconds
2024_11_13_T23:34:55 -  Metrics: sum_wealth took 5.602836608886719e-5
2024_11_13_T23:34:55 -  Metrics: wealth_distribution took 0.00033593177795410156
2024_11_13_T23:34:55 -  Metrics: money_distribution took 0.00039196014404296875
2024_11_13_T23:34:55 -  Metrics: size_distribution took 0.0003230571746826172
2024_11_13_T23:34:55 -  Metrics: age_distribution took 0.00035190582275390625
2024_11_13_T23:34:57 -  Model step started
2024_11_13_T23:34:57 -  clearHangingSupplies started
2024_11_13_T23:34:57 -  clearHangingSupplies took 4.696846008300781e-5
2024_11_13_T23:34:57 -  clearHangingRentalSupplies started
2024_11_13_T23:34:57 -  clearHangingRentalSupplies took 2.5033950805664062e-5
2024_11_13_T23:34:57 -  clearHouseMarket started
2024_11_13_T23:34:57 -  clearHouseMarket - first block took 0.020989179611206055
2024_11_13_T23:34:57 -  clearHouseMarket - second block took 0.0011529922485351562
2024_11_13_T23:34:57 -  clearHouseMarket - third block took 0.00034308433532714844
2024_11_13_T23:34:57 -  clearRentalMarket started
2024_11_13_T23:34:57 -  clearRentalMarket - first block took 0.0020029544830322266
2024_11_13_T23:34:57 -  clearRentalMarket - second block took 4.1961669921875e-5
2024_11_13_T23:34:57 -  Model step took 0.03277707099914551 seconds
2024_11_13_T23:34:57 -  Metrics: sum_wealth took 0.00010609626770019531
2024_11_13_T23:34:57 -  Metrics: wealth_distribution took 0.0003409385681152344
2024_11_13_T23:34:57 -  Metrics: money_distribution took 0.0003159046173095703
2024_11_13_T23:34:57 -  Metrics: size_distribution took 0.0002789497375488281
2024_11_13_T23:34:57 -  Metrics: age_distribution took 0.0003058910369873047
