2024_11_03_T13:08:10 -  finished initateHouses in 0.8573100566864014 seconds
2024_11_03_T13:08:10 -  finished initiateHouseholds in 1.0753111839294434 seconds
2024_11_03_T13:08:11 -  All houses for rental were assigned in Lisboa
2024_11_03_T13:08:11 -  All houses for rental were assigned in Lisboa
2024_11_03_T13:08:11 -  All houses for rental were assigned in Lisboa
2024_11_03_T13:08:11 -  All houses for rental were assigned in Lisboa
2024_11_03_T13:08:11 -  All houses for rental were assigned in Lisboa
2024_11_03_T13:08:11 -  All houses for rental were assigned in Lisboa
2024_11_03_T13:08:11 -  All houses for rental were assigned in Lisboa
2024_11_03_T13:08:11 -  All houses for rental were assigned in Lisboa
2024_11_03_T13:08:11 -  All houses for rental were assigned in Lisboa
2024_11_03_T13:08:11 -  All houses for rental were assigned in Lisboa
2024_11_03_T13:08:11 -  All houses for rental were assigned in Lisboa
2024_11_03_T13:08:11 -  All houses for rental were assigned in Lisboa
2024_11_03_T13:08:11 -  All houses for rental were assigned in Lisboa
2024_11_03_T13:08:11 -  All houses for rental were assigned in Lisboa
2024_11_03_T13:08:11 -  All houses for rental were assigned in Lisboa
2024_11_03_T13:08:11 -  All houses for rental were assigned in Lisboa
2024_11_03_T13:08:11 -  All houses for rental were assigned in Lisboa
2024_11_03_T13:08:11 -  All houses for rental were assigned in Lisboa
2024_11_03_T13:08:11 -  All houses for rental were assigned in Lisboa
2024_11_03_T13:08:11 -  All houses for rental were assigned in Lisboa
2024_11_03_T13:08:11 -  All houses for rental were assigned in Lisboa
2024_11_03_T13:08:11 -  All houses for rental were assigned in Lisboa
2024_11_03_T13:08:11 -  All houses for rental were assigned in Lisboa
2024_11_03_T13:08:11 -  All houses for rental were assigned in Lisboa
2024_11_03_T13:08:11 -  All houses for rental were assigned in Lisboa
2024_11_03_T13:08:11 -  All houses for rental were assigned in Lisboa
2024_11_03_T13:08:11 -  All houses for rental were assigned in Lisboa
2024_11_03_T13:08:11 -  All houses for rental were assigned in Lisboa
2024_11_03_T13:08:11 -  All houses for rental were assigned in Lisboa
2024_11_03_T13:08:11 -  All houses for rental were assigned in Lisboa
2024_11_03_T13:08:11 -  All houses for rental were assigned in Lisboa
2024_11_03_T13:08:11 -  All houses for rental were assigned in Lisboa
2024_11_03_T13:08:11 -  All houses for rental were assigned in Lisboa
2024_11_03_T13:08:11 -  All houses for rental were assigned in Lisboa
2024_11_03_T13:08:11 -  All houses for rental were assigned in Lisboa
2024_11_03_T13:08:11 -  All houses for rental were assigned in Lisboa
2024_11_03_T13:08:11 -  All houses for rental were assigned in Lisboa
2024_11_03_T13:08:11 -  All houses for rental were assigned in Lisboa
2024_11_03_T13:08:11 -  All houses for rental were assigned in Lisboa
2024_11_03_T13:08:11 -  All houses for rental were assigned in Lisboa
2024_11_03_T13:08:11 -  All houses for rental were assigned in Lisboa
2024_11_03_T13:08:11 -  All houses for rental were assigned in Lisboa
2024_11_03_T13:08:11 -  All houses for rental were assigned in Lisboa
2024_11_03_T13:08:11 -  All houses for rental were assigned in Lisboa
2024_11_03_T13:08:11 -  All houses for rental were assigned in Lisboa
2024_11_03_T13:08:11 -  All houses for rental were assigned in Lisboa
2024_11_03_T13:08:11 -  All houses for rental were assigned in Lisboa
2024_11_03_T13:08:11 -  All houses for rental were assigned in Lisboa
2024_11_03_T13:08:11 -  All houses for rental were assigned in Lisboa
2024_11_03_T13:08:11 -  All houses for rental were assigned in Lisboa
2024_11_03_T13:08:11 -  All houses for rental were assigned in Lisboa
2024_11_03_T13:08:11 -  All houses for rental were assigned in Lisboa
2024_11_03_T13:08:11 -  All houses for rental were assigned in Lisboa
2024_11_03_T13:08:11 -  All houses for rental were assigned in Lisboa
2024_11_03_T13:08:11 -  All houses for rental were assigned in Lisboa
2024_11_03_T13:08:11 -  All houses for rental were assigned in Lisboa
2024_11_03_T13:08:11 -  All houses for rental were assigned in Lisboa
2024_11_03_T13:08:11 -  All houses for rental were assigned in Lisboa
2024_11_03_T13:08:11 -  All houses for rental were assigned in Lisboa
2024_11_03_T13:08:11 -  All houses for rental were assigned in Lisboa
2024_11_03_T13:08:11 -  All houses for rental were assigned in Lisboa
2024_11_03_T13:08:11 -  All houses for rental were assigned in Lisboa
2024_11_03_T13:08:11 -  All houses for rental were assigned in Lisboa
2024_11_03_T13:08:11 -  All houses for rental were assigned in Lisboa
2024_11_03_T13:08:11 -  All houses for rental were assigned in Lisboa
2024_11_03_T13:08:11 -  All houses for rental were assigned in Lisboa
2024_11_03_T13:08:11 -  All houses for rental were assigned in Lisboa
2024_11_03_T13:08:11 -  All houses for rental were assigned in Lisboa
2024_11_03_T13:08:11 -  All houses for rental were assigned in Lisboa
2024_11_03_T13:08:11 -  All houses for rental were assigned in Lisboa
2024_11_03_T13:08:11 -  All houses for rental were assigned in Lisboa
2024_11_03_T13:08:11 -  All houses for rental were assigned in Lisboa
2024_11_03_T13:08:11 -  All houses for rental were assigned in Lisboa
2024_11_03_T13:08:11 -  All houses for rental were assigned in Lisboa
2024_11_03_T13:08:11 -  All houses for rental were assigned in Lisboa
2024_11_03_T13:08:11 -  All houses for rental were assigned in Lisboa
2024_11_03_T13:08:11 -  All houses for rental were assigned in Lisboa
2024_11_03_T13:08:11 -  All houses for rental were assigned in Lisboa
2024_11_03_T13:08:11 -  All houses for rental were assigned in Lisboa
2024_11_03_T13:08:11 -  All houses for rental were assigned in Lisboa
2024_11_03_T13:08:11 -  All houses for rental were assigned in Lisboa
2024_11_03_T13:08:11 -  All houses for rental were assigned in Lisboa
2024_11_03_T13:08:11 -  All houses for rental were assigned in Lisboa
2024_11_03_T13:08:11 -  All houses for rental were assigned in Lisboa
2024_11_03_T13:08:11 -  All houses for rental were assigned in Lisboa
2024_11_03_T13:08:11 -  All houses for rental were assigned in Lisboa
2024_11_03_T13:08:11 -  All houses for rental were assigned in Lisboa
2024_11_03_T13:08:11 -  All houses for rental were assigned in Lisboa
2024_11_03_T13:08:11 -  All houses for rental were assigned in Lisboa
2024_11_03_T13:08:11 -  All houses for rental were assigned in Lisboa
2024_11_03_T13:08:11 -  All houses for rental were assigned in Lisboa
2024_11_03_T13:08:11 -  All houses for rental were assigned in Lisboa
2024_11_03_T13:08:11 -  All houses for rental were assigned in Lisboa
2024_11_03_T13:08:11 -  All houses for rental were assigned in Lisboa
2024_11_03_T13:08:11 -  All houses for rental were assigned in Lisboa
2024_11_03_T13:08:11 -  All houses for rental were assigned in Lisboa
2024_11_03_T13:08:11 -  All houses for rental were assigned in Lisboa
2024_11_03_T13:08:11 -  All houses for rental were assigned in Lisboa
2024_11_03_T13:08:11 -  All houses for rental were assigned in Lisboa
2024_11_03_T13:08:11 -  All houses for rental were assigned in Lisboa
2024_11_03_T13:08:11 -  All houses for rental were assigned in Lisboa
2024_11_03_T13:08:11 -  All houses for rental were assigned in Lisboa
2024_11_03_T13:08:11 -  All houses for rental were assigned in Lisboa
2024_11_03_T13:08:11 -  All houses for rental were assigned in Lisboa
2024_11_03_T13:08:11 -  All houses for rental were assigned in Lisboa
2024_11_03_T13:08:11 -  All houses for rental were assigned in Lisboa
2024_11_03_T13:08:11 -  All houses for rental were assigned in Lisboa
2024_11_03_T13:08:11 -  All houses for rental were assigned in Lisboa
2024_11_03_T13:08:11 -  All houses for rental were assigned in Lisboa
2024_11_03_T13:08:11 -  All houses for rental were assigned in Lisboa
2024_11_03_T13:08:11 -  All houses for rental were assigned in Lisboa
2024_11_03_T13:08:11 -  All houses for rental were assigned in Lisboa
2024_11_03_T13:08:11 -  All houses for rental were assigned in Lisboa
2024_11_03_T13:08:11 -  All houses for rental were assigned in Lisboa
2024_11_03_T13:08:11 -  All houses for rental were assigned in Lisboa
2024_11_03_T13:08:11 -  All houses for rental were assigned in Lisboa
2024_11_03_T13:08:11 -  All houses for rental were assigned in Lisboa
2024_11_03_T13:08:11 -  All houses for rental were assigned in Lisboa
2024_11_03_T13:08:11 -  All houses for rental were assigned in Lisboa
2024_11_03_T13:08:11 -  All houses for rental were assigned in Lisboa
2024_11_03_T13:08:11 -  All houses for rental were assigned in Lisboa
2024_11_03_T13:08:11 -  All houses for rental were assigned in Lisboa
2024_11_03_T13:08:11 -  All houses for rental were assigned in Lisboa
2024_11_03_T13:08:11 -  All houses for rental were assigned in Lisboa
2024_11_03_T13:08:11 -  All houses for rental were assigned in Lisboa
2024_11_03_T13:08:11 -  All houses for rental were assigned in Lisboa
2024_11_03_T13:08:11 -  All houses for rental were assigned in Lisboa
2024_11_03_T13:08:11 -  All houses for rental were assigned in Lisboa
2024_11_03_T13:08:11 -  All houses for rental were assigned in Lisboa
2024_11_03_T13:08:11 -  All houses for rental were assigned in Lisboa
2024_11_03_T13:08:11 -  All houses for rental were assigned in Lisboa
2024_11_03_T13:08:11 -  All houses for rental were assigned in Lisboa
2024_11_03_T13:08:11 -  All houses for rental were assigned in Lisboa
2024_11_03_T13:08:11 -  All houses for rental were assigned in Lisboa
2024_11_03_T13:08:11 -  All houses for rental were assigned in Lisboa
2024_11_03_T13:08:11 -  All houses for rental were assigned in Lisboa
2024_11_03_T13:08:11 -  All houses for rental were assigned in Lisboa
2024_11_03_T13:08:11 -  All houses for rental were assigned in Lisboa
2024_11_03_T13:08:11 -  All houses for rental were assigned in Lisboa
2024_11_03_T13:08:11 -  All houses for rental were assigned in Lisboa
2024_11_03_T13:08:11 -  All houses for rental were assigned in Lisboa
2024_11_03_T13:08:11 -  All houses for rental were assigned in Lisboa
2024_11_03_T13:08:11 -  All houses for rental were assigned in Lisboa
2024_11_03_T13:08:11 -  All houses for rental were assigned in Lisboa
2024_11_03_T13:08:11 -  All houses for rental were assigned in Lisboa
2024_11_03_T13:08:11 -  All houses for rental were assigned in Lisboa
2024_11_03_T13:08:11 -  All houses for rental were assigned in Lisboa
2024_11_03_T13:08:11 -  All houses for rental were assigned in Lisboa
2024_11_03_T13:08:11 -  All houses for rental were assigned in Lisboa
2024_11_03_T13:08:11 -  All houses for rental were assigned in Lisboa
2024_11_03_T13:08:11 -  All houses for rental were assigned in Lisboa
2024_11_03_T13:08:11 -  All houses for rental were assigned in Lisboa
2024_11_03_T13:08:11 -  All houses for rental were assigned in Lisboa
2024_11_03_T13:08:11 -  All houses for rental were assigned in Lisboa
2024_11_03_T13:08:11 -  All houses for rental were assigned in Lisboa
2024_11_03_T13:08:11 -  All houses for rental were assigned in Lisboa
2024_11_03_T13:08:11 -  All houses for rental were assigned in Lisboa
2024_11_03_T13:08:11 -  All houses for rental were assigned in Lisboa
2024_11_03_T13:08:11 -  All houses for rental were assigned in Lisboa
2024_11_03_T13:08:11 -  All houses for rental were assigned in Lisboa
2024_11_03_T13:08:11 -  All houses for rental were assigned in Lisboa
2024_11_03_T13:08:11 -  All houses for rental were assigned in Lisboa
2024_11_03_T13:08:11 -  All houses for rental were assigned in Lisboa
2024_11_03_T13:08:11 -  All houses for rental were assigned in Lisboa
2024_11_03_T13:08:11 -  All houses for rental were assigned in Lisboa
2024_11_03_T13:08:11 -  All houses for rental were assigned in Lisboa
2024_11_03_T13:08:11 -  All houses for rental were assigned in Lisboa
2024_11_03_T13:08:11 -  All houses for rental were assigned in Lisboa
2024_11_03_T13:08:11 -  All houses for rental were assigned in Lisboa
2024_11_03_T13:08:11 -  All houses for rental were assigned in Lisboa
2024_11_03_T13:08:11 -  All houses for rental were assigned in Lisboa
2024_11_03_T13:08:11 -  All houses for rental were assigned in Lisboa
2024_11_03_T13:08:11 -  All houses for rental were assigned in Lisboa
2024_11_03_T13:08:11 -  All houses for rental were assigned in Lisboa
2024_11_03_T13:08:11 -  All houses for rental were assigned in Lisboa
2024_11_03_T13:08:11 -  All houses for rental were assigned in Lisboa
2024_11_03_T13:08:11 -  All houses for rental were assigned in Lisboa
2024_11_03_T13:08:11 -  All houses for rental were assigned in Lisboa
2024_11_03_T13:08:11 -  All houses for rental were assigned in Lisboa
2024_11_03_T13:08:11 -  All houses for rental were assigned in Lisboa
2024_11_03_T13:08:11 -  All houses for rental were assigned in Lisboa
2024_11_03_T13:08:11 -  All houses for rental were assigned in Lisboa
2024_11_03_T13:08:11 -  All houses for rental were assigned in Lisboa
2024_11_03_T13:08:11 -  All houses for rental were assigned in Lisboa
2024_11_03_T13:08:11 -  All houses for rental were assigned in Lisboa
2024_11_03_T13:08:11 -  All houses for rental were assigned in Lisboa
2024_11_03_T13:08:11 -  All houses for rental were assigned in Lisboa
2024_11_03_T13:08:11 -  All houses for rental were assigned in Lisboa
2024_11_03_T13:08:11 -  All houses for rental were assigned in Lisboa
2024_11_03_T13:08:11 -  All houses for rental were assigned in Lisboa
2024_11_03_T13:08:11 -  All houses for rental were assigned in Lisboa
2024_11_03_T13:08:11 -  All houses for rental were assigned in Lisboa
2024_11_03_T13:08:11 -  All houses for rental were assigned in Lisboa
2024_11_03_T13:08:11 -  All houses for rental were assigned in Lisboa
2024_11_03_T13:08:11 -  All houses for rental were assigned in Lisboa
2024_11_03_T13:08:11 -  All houses for rental were assigned in Lisboa
2024_11_03_T13:08:11 -  All houses for rental were assigned in Lisboa
2024_11_03_T13:08:11 -  All houses for rental were assigned in Lisboa
2024_11_03_T13:08:11 -  All houses for rental were assigned in Lisboa
2024_11_03_T13:08:11 -  All houses for rental were assigned in Lisboa
2024_11_03_T13:08:11 -  All houses for rental were assigned in Lisboa
2024_11_03_T13:08:11 -  All houses for rental were assigned in Lisboa
2024_11_03_T13:08:11 -  All houses for rental were assigned in Lisboa
2024_11_03_T13:08:11 -  All houses for rental were assigned in Lisboa
2024_11_03_T13:08:11 -  All houses for rental were assigned in Lisboa
2024_11_03_T13:08:11 -  All houses for rental were assigned in Lisboa
2024_11_03_T13:08:11 -  All houses for rental were assigned in Lisboa
2024_11_03_T13:08:11 -  All houses for rental were assigned in Lisboa
2024_11_03_T13:08:11 -  All houses for rental were assigned in Lisboa
2024_11_03_T13:08:11 -  All houses for rental were assigned in Lisboa
2024_11_03_T13:08:11 -  All houses for rental were assigned in Lisboa
2024_11_03_T13:08:11 -  All houses for rental were assigned in Lisboa
2024_11_03_T13:08:11 -  All houses for rental were assigned in Lisboa
2024_11_03_T13:08:11 -  All houses for rental were assigned in Lisboa
2024_11_03_T13:08:11 -  All houses for rental were assigned in Lisboa
2024_11_03_T13:08:11 -  All houses for rental were assigned in Lisboa
2024_11_03_T13:08:11 -  All houses for rental were assigned in Lisboa
2024_11_03_T13:08:11 -  All houses for rental were assigned in Lisboa
2024_11_03_T13:08:11 -  All houses for rental were assigned in Lisboa
2024_11_03_T13:08:11 -  All houses for rental were assigned in Lisboa
2024_11_03_T13:08:11 -  All houses for rental were assigned in Lisboa
2024_11_03_T13:08:11 -  All houses for rental were assigned in Lisboa
2024_11_03_T13:08:11 -  All houses for rental were assigned in Lisboa
2024_11_03_T13:08:11 -  All houses for rental were assigned in Lisboa
2024_11_03_T13:08:11 -  All houses for rental were assigned in Lisboa
2024_11_03_T13:08:11 -  All houses for rental were assigned in Lisboa
2024_11_03_T13:08:11 -  All houses for rental were assigned in Lisboa
2024_11_03_T13:08:11 -  All houses for rental were assigned in Lisboa
2024_11_03_T13:08:11 -  All houses for rental were assigned in Lisboa
2024_11_03_T13:08:11 -  All houses for rental were assigned in Lisboa
2024_11_03_T13:08:11 -  All houses for rental were assigned in Lisboa
2024_11_03_T13:08:11 -  All houses for rental were assigned in Lisboa
2024_11_03_T13:08:11 -  All houses for rental were assigned in Lisboa
2024_11_03_T13:08:11 -  All houses for rental were assigned in Lisboa
2024_11_03_T13:08:11 -  All houses for rental were assigned in Lisboa
2024_11_03_T13:08:11 -  All houses for rental were assigned in Lisboa
2024_11_03_T13:08:11 -  All houses for rental were assigned in Lisboa
2024_11_03_T13:08:11 -  All houses for rental were assigned in Lisboa
2024_11_03_T13:08:11 -  All houses for rental were assigned in Lisboa
2024_11_03_T13:08:11 -  All houses for rental were assigned in Lisboa
2024_11_03_T13:08:11 -  All houses for rental were assigned in Lisboa
2024_11_03_T13:08:11 -  All houses for rental were assigned in Lisboa
2024_11_03_T13:08:11 -  All houses for rental were assigned in Lisboa
2024_11_03_T13:08:11 -  All houses for rental were assigned in Lisboa
2024_11_03_T13:08:11 -  All houses for rental were assigned in Lisboa
2024_11_03_T13:08:11 -  All houses for rental were assigned in Lisboa
2024_11_03_T13:08:11 -  All houses for rental were assigned in Lisboa
2024_11_03_T13:08:11 -  All houses for rental were assigned in Lisboa
2024_11_03_T13:08:11 -  All houses for rental were assigned in Lisboa
2024_11_03_T13:08:11 -  All houses for rental were assigned in Lisboa
2024_11_03_T13:08:11 -  All houses for rental were assigned in Lisboa
2024_11_03_T13:08:11 -  All houses for rental were assigned in Lisboa
2024_11_03_T13:08:11 -  All houses for rental were assigned in Lisboa
2024_11_03_T13:08:11 -  All houses for rental were assigned in Lisboa
2024_11_03_T13:08:11 -  All houses for rental were assigned in Lisboa
2024_11_03_T13:08:11 -  All houses for rental were assigned in Lisboa
2024_11_03_T13:08:11 -  All houses for rental were assigned in Lisboa
2024_11_03_T13:08:11 -  All houses for rental were assigned in Lisboa
2024_11_03_T13:08:11 -  All houses for rental were assigned in Lisboa
2024_11_03_T13:08:11 -  All houses for rental were assigned in Lisboa
2024_11_03_T13:08:11 -  All houses for rental were assigned in Lisboa
2024_11_03_T13:08:11 -  All houses for rental were assigned in Lisboa
2024_11_03_T13:08:11 -  All houses for rental were assigned in Lisboa
2024_11_03_T13:08:11 -  All houses for rental were assigned in Lisboa
2024_11_03_T13:08:11 -  All houses for rental were assigned in Lisboa
2024_11_03_T13:08:11 -  All houses for rental were assigned in Lisboa
2024_11_03_T13:08:11 -  All houses for rental were assigned in Lisboa
2024_11_03_T13:08:11 -  All houses for rental were assigned in Lisboa
2024_11_03_T13:08:11 -  All houses for rental were assigned in Lisboa
2024_11_03_T13:08:11 -  All houses for rental were assigned in Lisboa
2024_11_03_T13:08:11 -  All houses for rental were assigned in Lisboa
2024_11_03_T13:08:11 -  All houses for rental were assigned in Lisboa
2024_11_03_T13:08:11 -  All houses for rental were assigned in Lisboa
2024_11_03_T13:08:11 -  All houses for rental were assigned in Lisboa
2024_11_03_T13:08:11 -  All houses for rental were assigned in Lisboa
2024_11_03_T13:08:11 -  All houses for rental were assigned in Lisboa
2024_11_03_T13:08:11 -  All houses for rental were assigned in Lisboa
2024_11_03_T13:08:11 -  All houses for rental were assigned in Lisboa
2024_11_03_T13:08:11 -  All houses for rental were assigned in Lisboa
2024_11_03_T13:08:11 -  All home owners were assigned in Lisboa
2024_11_03_T13:08:11 -  All home owners were assigned in Lisboa
2024_11_03_T13:08:11 -  All home owners were assigned in Lisboa
2024_11_03_T13:08:11 -  All home owners were assigned in Lisboa
2024_11_03_T13:08:11 -  All home owners were assigned in Lisboa
2024_11_03_T13:08:11 -  All home owners were assigned in Lisboa
2024_11_03_T13:08:11 -  All home owners were assigned in Lisboa
2024_11_03_T13:08:11 -  All home owners were assigned in Lisboa
2024_11_03_T13:08:11 -  All home owners were assigned in Lisboa
2024_11_03_T13:08:11 -  All home owners were assigned in Lisboa
2024_11_03_T13:08:11 -  All home owners were assigned in Lisboa
2024_11_03_T13:08:11 -  All home owners were assigned in Lisboa
2024_11_03_T13:08:11 -  All home owners were assigned in Lisboa
2024_11_03_T13:08:11 -  All home owners were assigned in Lisboa
2024_11_03_T13:08:11 -  All home owners were assigned in Lisboa
2024_11_03_T13:08:11 -  All home owners were assigned in Lisboa
2024_11_03_T13:08:11 -  All home owners were assigned in Lisboa
2024_11_03_T13:08:11 -  All home owners were assigned in Lisboa
2024_11_03_T13:08:11 -  All home owners were assigned in Lisboa
2024_11_03_T13:08:11 -  All home owners were assigned in Lisboa
2024_11_03_T13:08:11 -  All home owners were assigned in Lisboa
2024_11_03_T13:08:11 -  All home owners were assigned in Lisboa
2024_11_03_T13:08:11 -  All home owners were assigned in Lisboa
2024_11_03_T13:08:11 -  All home owners were assigned in Lisboa
2024_11_03_T13:08:11 -  All home owners were assigned in Lisboa
2024_11_03_T13:08:11 -  All home owners were assigned in Lisboa
2024_11_03_T13:08:11 -  All home owners were assigned in Lisboa
2024_11_03_T13:08:11 -  All home owners were assigned in Lisboa
2024_11_03_T13:08:11 -  All home owners were assigned in Lisboa
2024_11_03_T13:08:11 -  All home owners were assigned in Lisboa
2024_11_03_T13:08:11 -  All home owners were assigned in Lisboa
2024_11_03_T13:08:11 -  All home owners were assigned in Lisboa
2024_11_03_T13:08:11 -  All home owners were assigned in Lisboa
2024_11_03_T13:08:11 -  All home owners were assigned in Lisboa
2024_11_03_T13:08:11 -  All home owners were assigned in Lisboa
2024_11_03_T13:08:11 -  All home owners were assigned in Lisboa
2024_11_03_T13:08:11 -  All home owners were assigned in Lisboa
2024_11_03_T13:08:11 -  All home owners were assigned in Lisboa
2024_11_03_T13:08:11 -  All home owners were assigned in Lisboa
2024_11_03_T13:08:11 -  All home owners were assigned in Lisboa
2024_11_03_T13:08:11 -  All home owners were assigned in Lisboa
2024_11_03_T13:08:11 -  All home owners were assigned in Lisboa
2024_11_03_T13:08:11 -  All home owners were assigned in Lisboa
2024_11_03_T13:08:11 -  All home owners were assigned in Lisboa
2024_11_03_T13:08:11 -  All home owners were assigned in Lisboa
2024_11_03_T13:08:11 -  All home owners were assigned in Lisboa
2024_11_03_T13:08:11 -  All home owners were assigned in Lisboa
2024_11_03_T13:08:11 -  All home owners were assigned in Lisboa
2024_11_03_T13:08:11 -  All home owners were assigned in Lisboa
2024_11_03_T13:08:11 -  All home owners were assigned in Lisboa
2024_11_03_T13:08:11 -  All home owners were assigned in Lisboa
2024_11_03_T13:08:11 -  All home owners were assigned in Lisboa
2024_11_03_T13:08:11 -  All home owners were assigned in Lisboa
2024_11_03_T13:08:11 -  All home owners were assigned in Lisboa
2024_11_03_T13:08:11 -  All home owners were assigned in Lisboa
2024_11_03_T13:08:11 -  All home owners were assigned in Lisboa
2024_11_03_T13:08:11 -  All home owners were assigned in Lisboa
2024_11_03_T13:08:11 -  All home owners were assigned in Lisboa
2024_11_03_T13:08:11 -  All home owners were assigned in Lisboa
2024_11_03_T13:08:11 -  All home owners were assigned in Lisboa
2024_11_03_T13:08:11 -  All home owners were assigned in Lisboa
2024_11_03_T13:08:11 -  All home owners were assigned in Lisboa
2024_11_03_T13:08:11 -  All home owners were assigned in Lisboa
2024_11_03_T13:08:11 -  All home owners were assigned in Lisboa
2024_11_03_T13:08:11 -  All home owners were assigned in Lisboa
2024_11_03_T13:08:11 -  All home owners were assigned in Lisboa
2024_11_03_T13:08:11 -  All home owners were assigned in Lisboa
2024_11_03_T13:08:11 -  All home owners were assigned in Lisboa
2024_11_03_T13:08:11 -  All home owners were assigned in Lisboa
2024_11_03_T13:08:11 -  All home owners were assigned in Lisboa
2024_11_03_T13:08:11 -  All home owners were assigned in Lisboa
2024_11_03_T13:08:11 -  All home owners were assigned in Lisboa
2024_11_03_T13:08:11 -  All home owners were assigned in Lisboa
2024_11_03_T13:08:11 -  All home owners were assigned in Lisboa
2024_11_03_T13:08:11 -  All home owners were assigned in Lisboa
2024_11_03_T13:08:11 -  All home owners were assigned in Lisboa
2024_11_03_T13:08:11 -  All home owners were assigned in Lisboa
2024_11_03_T13:08:11 -  All home owners were assigned in Lisboa
2024_11_03_T13:08:11 -  All home owners were assigned in Lisboa
2024_11_03_T13:08:11 -  All home owners were assigned in Lisboa
2024_11_03_T13:08:11 -  All home owners were assigned in Lisboa
2024_11_03_T13:08:11 -  All home owners were assigned in Lisboa
2024_11_03_T13:08:11 -  All home owners were assigned in Lisboa
2024_11_03_T13:08:11 -  All home owners were assigned in Lisboa
2024_11_03_T13:08:11 -  All home owners were assigned in Lisboa
2024_11_03_T13:08:11 -  All home owners were assigned in Lisboa
2024_11_03_T13:08:11 -  All home owners were assigned in Lisboa
2024_11_03_T13:08:11 -  All home owners were assigned in Lisboa
2024_11_03_T13:08:11 -  All home owners were assigned in Lisboa
2024_11_03_T13:08:11 -  All home owners were assigned in Lisboa
2024_11_03_T13:08:11 -  All home owners were assigned in Lisboa
2024_11_03_T13:08:11 -  All home owners were assigned in Lisboa
2024_11_03_T13:08:11 -  All home owners were assigned in Lisboa
2024_11_03_T13:08:11 -  All home owners were assigned in Lisboa
2024_11_03_T13:08:11 -  All home owners were assigned in Lisboa
2024_11_03_T13:08:11 -  All home owners were assigned in Lisboa
2024_11_03_T13:08:11 -  All home owners were assigned in Lisboa
2024_11_03_T13:08:11 -  All home owners were assigned in Lisboa
2024_11_03_T13:08:11 -  All home owners were assigned in Lisboa
2024_11_03_T13:08:11 -  All home owners were assigned in Lisboa
2024_11_03_T13:08:11 -  All home owners were assigned in Lisboa
2024_11_03_T13:08:11 -  All home owners were assigned in Lisboa
2024_11_03_T13:08:11 -  All home owners were assigned in Lisboa
2024_11_03_T13:08:11 -  All home owners were assigned in Lisboa
2024_11_03_T13:08:11 -  All home owners were assigned in Lisboa
2024_11_03_T13:08:11 -  All home owners were assigned in Lisboa
2024_11_03_T13:08:11 -  All home owners were assigned in Lisboa
2024_11_03_T13:08:11 -  All home owners were assigned in Lisboa
2024_11_03_T13:08:11 -  All home owners were assigned in Lisboa
2024_11_03_T13:08:11 -  All home owners were assigned in Lisboa
2024_11_03_T13:08:11 -  All home owners were assigned in Lisboa
2024_11_03_T13:08:11 -  All home owners were assigned in Lisboa
2024_11_03_T13:08:11 -  All home owners were assigned in Lisboa
2024_11_03_T13:08:11 -  All home owners were assigned in Lisboa
2024_11_03_T13:08:11 -  All home owners were assigned in Lisboa
2024_11_03_T13:08:11 -  All home owners were assigned in Lisboa
2024_11_03_T13:08:11 -  All home owners were assigned in Lisboa
2024_11_03_T13:08:11 -  All home owners were assigned in Lisboa
2024_11_03_T13:08:11 -  All home owners were assigned in Lisboa
2024_11_03_T13:08:11 -  All home owners were assigned in Lisboa
2024_11_03_T13:08:11 -  All home owners were assigned in Lisboa
2024_11_03_T13:08:11 -  All home owners were assigned in Lisboa
2024_11_03_T13:08:11 -  All home owners were assigned in Lisboa
2024_11_03_T13:08:11 -  All home owners were assigned in Lisboa
2024_11_03_T13:08:11 -  All home owners were assigned in Lisboa
2024_11_03_T13:08:11 -  All home owners were assigned in Lisboa
2024_11_03_T13:08:11 -  All home owners were assigned in Lisboa
2024_11_03_T13:08:11 -  All home owners were assigned in Lisboa
2024_11_03_T13:08:11 -  All home owners were assigned in Lisboa
2024_11_03_T13:08:11 -  All home owners were assigned in Lisboa
2024_11_03_T13:08:11 -  All home owners were assigned in Lisboa
2024_11_03_T13:08:11 -  All home owners were assigned in Lisboa
2024_11_03_T13:08:11 -  All home owners were assigned in Lisboa
2024_11_03_T13:08:11 -  All home owners were assigned in Lisboa
2024_11_03_T13:08:11 -  All home owners were assigned in Lisboa
2024_11_03_T13:08:11 -  All home owners were assigned in Lisboa
2024_11_03_T13:08:11 -  All home owners were assigned in Lisboa
2024_11_03_T13:08:11 -  All home owners were assigned in Lisboa
2024_11_03_T13:08:11 -  All home owners were assigned in Lisboa
2024_11_03_T13:08:11 -  All home owners were assigned in Lisboa
2024_11_03_T13:08:11 -  All home owners were assigned in Lisboa
2024_11_03_T13:08:11 -  All home owners were assigned in Lisboa
2024_11_03_T13:08:11 -  All home owners were assigned in Lisboa
2024_11_03_T13:08:11 -  All home owners were assigned in Lisboa
2024_11_03_T13:08:11 -  All home owners were assigned in Lisboa
2024_11_03_T13:08:11 -  All home owners were assigned in Lisboa
2024_11_03_T13:08:11 -  All home owners were assigned in Lisboa
2024_11_03_T13:08:11 -  All home owners were assigned in Lisboa
2024_11_03_T13:08:11 -  All home owners were assigned in Lisboa
2024_11_03_T13:08:11 -  All home owners were assigned in Lisboa
2024_11_03_T13:08:11 -  All home owners were assigned in Lisboa
2024_11_03_T13:08:11 -  All home owners were assigned in Lisboa
2024_11_03_T13:08:11 -  All home owners were assigned in Lisboa
2024_11_03_T13:08:11 -  All home owners were assigned in Lisboa
2024_11_03_T13:08:11 -  All home owners were assigned in Lisboa
2024_11_03_T13:08:11 -  All home owners were assigned in Lisboa
2024_11_03_T13:08:11 -  All home owners were assigned in Lisboa
2024_11_03_T13:08:11 -  All home owners were assigned in Lisboa
2024_11_03_T13:08:11 -  All home owners were assigned in Lisboa
2024_11_03_T13:08:11 -  All home owners were assigned in Lisboa
2024_11_03_T13:08:11 -  All home owners were assigned in Lisboa
2024_11_03_T13:08:11 -  All home owners were assigned in Lisboa
2024_11_03_T13:08:11 -  All home owners were assigned in Lisboa
2024_11_03_T13:08:11 -  All home owners were assigned in Lisboa
2024_11_03_T13:08:11 -  All home owners were assigned in Lisboa
2024_11_03_T13:08:11 -  All home owners were assigned in Lisboa
2024_11_03_T13:08:11 -  All home owners were assigned in Lisboa
2024_11_03_T13:08:11 -  All home owners were assigned in Lisboa
2024_11_03_T13:08:11 -  All home owners were assigned in Lisboa
2024_11_03_T13:08:11 -  All home owners were assigned in Lisboa
2024_11_03_T13:08:11 -  All home owners were assigned in Lisboa
2024_11_03_T13:08:11 -  All home owners were assigned in Lisboa
2024_11_03_T13:08:11 -  All home owners were assigned in Lisboa
2024_11_03_T13:08:11 -  All home owners were assigned in Lisboa
2024_11_03_T13:08:11 -  All home owners were assigned in Lisboa
2024_11_03_T13:08:11 -  All home owners were assigned in Lisboa
2024_11_03_T13:08:11 -  All home owners were assigned in Lisboa
2024_11_03_T13:08:11 -  All home owners were assigned in Lisboa
2024_11_03_T13:08:11 -  All home owners were assigned in Lisboa
2024_11_03_T13:08:11 -  All home owners were assigned in Lisboa
2024_11_03_T13:08:11 -  All home owners were assigned in Lisboa
2024_11_03_T13:08:11 -  All home owners were assigned in Lisboa
2024_11_03_T13:08:11 -  All home owners were assigned in Lisboa
2024_11_03_T13:08:11 -  All home owners were assigned in Lisboa
2024_11_03_T13:08:11 -  All home owners were assigned in Lisboa
2024_11_03_T13:08:11 -  All home owners were assigned in Lisboa
2024_11_03_T13:08:11 -  All home owners were assigned in Lisboa
2024_11_03_T13:08:11 -  All home owners were assigned in Lisboa
2024_11_03_T13:08:11 -  All home owners were assigned in Lisboa
2024_11_03_T13:08:11 -  All home owners were assigned in Lisboa
2024_11_03_T13:08:11 -  All home owners were assigned in Lisboa
2024_11_03_T13:08:11 -  All home owners were assigned in Lisboa
2024_11_03_T13:08:11 -  All home owners were assigned in Lisboa
2024_11_03_T13:08:11 -  All home owners were assigned in Lisboa
2024_11_03_T13:08:11 -  All home owners were assigned in Lisboa
2024_11_03_T13:08:11 -  All home owners were assigned in Lisboa
2024_11_03_T13:08:11 -  All home owners were assigned in Lisboa
2024_11_03_T13:08:11 -  All home owners were assigned in Lisboa
2024_11_03_T13:08:11 -  All home owners were assigned in Lisboa
2024_11_03_T13:08:11 -  All home owners were assigned in Lisboa
2024_11_03_T13:08:11 -  All home owners were assigned in Lisboa
2024_11_03_T13:08:11 -  All home owners were assigned in Lisboa
2024_11_03_T13:08:11 -  All home owners were assigned in Lisboa
2024_11_03_T13:08:11 -  All home owners were assigned in Lisboa
2024_11_03_T13:08:11 -  All home owners were assigned in Lisboa
2024_11_03_T13:08:11 -  All home owners were assigned in Lisboa
2024_11_03_T13:08:11 -  All home owners were assigned in Lisboa
2024_11_03_T13:08:11 -  All home owners were assigned in Lisboa
2024_11_03_T13:08:11 -  All home owners were assigned in Lisboa
2024_11_03_T13:08:11 -  All home owners were assigned in Lisboa
2024_11_03_T13:08:11 -  All home owners were assigned in Lisboa
2024_11_03_T13:08:11 -  All home owners were assigned in Lisboa
2024_11_03_T13:08:11 -  All home owners were assigned in Lisboa
2024_11_03_T13:08:11 -  All home owners were assigned in Lisboa
2024_11_03_T13:08:11 -  All home owners were assigned in Lisboa
2024_11_03_T13:08:11 -  All home owners were assigned in Lisboa
2024_11_03_T13:08:11 -  All home owners were assigned in Lisboa
2024_11_03_T13:08:11 -  All home owners were assigned in Lisboa
2024_11_03_T13:08:11 -  All home owners were assigned in Lisboa
2024_11_03_T13:08:11 -  All home owners were assigned in Lisboa
2024_11_03_T13:08:11 -  All home owners were assigned in Lisboa
2024_11_03_T13:08:11 -  All home owners were assigned in Lisboa
2024_11_03_T13:08:11 -  All home owners were assigned in Lisboa
2024_11_03_T13:08:11 -  All home owners were assigned in Lisboa
2024_11_03_T13:08:11 -  All home owners were assigned in Lisboa
2024_11_03_T13:08:11 -  All home owners were assigned in Lisboa
2024_11_03_T13:08:11 -  All home owners were assigned in Lisboa
2024_11_03_T13:08:11 -  All home owners were assigned in Lisboa
2024_11_03_T13:08:11 -  All home owners were assigned in Lisboa
2024_11_03_T13:08:11 -  All home owners were assigned in Lisboa
2024_11_03_T13:08:11 -  All home owners were assigned in Lisboa
2024_11_03_T13:08:11 -  All home owners were assigned in Lisboa
2024_11_03_T13:08:11 -  All home owners were assigned in Lisboa
2024_11_03_T13:08:11 -  All home owners were assigned in Lisboa
2024_11_03_T13:08:11 -  All home owners were assigned in Lisboa
2024_11_03_T13:08:11 -  All home owners were assigned in Lisboa
2024_11_03_T13:08:11 -  All home owners were assigned in Lisboa
2024_11_03_T13:08:11 -  All home owners were assigned in Lisboa
2024_11_03_T13:08:11 -  All home owners were assigned in Lisboa
2024_11_03_T13:08:11 -  All home owners were assigned in Lisboa
2024_11_03_T13:08:11 -  All home owners were assigned in Lisboa
2024_11_03_T13:08:11 -  All home owners were assigned in Lisboa
2024_11_03_T13:08:11 -  All home owners were assigned in Lisboa
2024_11_03_T13:08:11 -  All home owners were assigned in Lisboa
2024_11_03_T13:08:11 -  All home owners were assigned in Lisboa
2024_11_03_T13:08:11 -  All home owners were assigned in Lisboa
2024_11_03_T13:08:11 -  All home owners were assigned in Lisboa
2024_11_03_T13:08:11 -  All home owners were assigned in Lisboa
2024_11_03_T13:08:11 -  All home owners were assigned in Lisboa
2024_11_03_T13:08:11 -  All home owners were assigned in Lisboa
2024_11_03_T13:08:11 -  All home owners were assigned in Lisboa
2024_11_03_T13:08:11 -  All home owners were assigned in Lisboa
2024_11_03_T13:08:11 -  All home owners were assigned in Lisboa
2024_11_03_T13:08:11 -  All home owners were assigned in Lisboa
2024_11_03_T13:08:11 -  All home owners were assigned in Lisboa
2024_11_03_T13:08:11 -  All home owners were assigned in Lisboa
2024_11_03_T13:08:11 -  All home owners were assigned in Lisboa
2024_11_03_T13:08:11 -  All home owners were assigned in Lisboa
2024_11_03_T13:08:11 -  All home owners were assigned in Lisboa
2024_11_03_T13:08:11 -  All home owners were assigned in Lisboa
2024_11_03_T13:08:11 -  All home owners were assigned in Lisboa
2024_11_03_T13:08:11 -  All home owners were assigned in Lisboa
2024_11_03_T13:08:11 -  All home owners were assigned in Lisboa
2024_11_03_T13:08:11 -  All home owners were assigned in Lisboa
2024_11_03_T13:08:11 -  All home owners were assigned in Lisboa
2024_11_03_T13:08:11 -  All home owners were assigned in Lisboa
2024_11_03_T13:08:11 -  All home owners were assigned in Lisboa
2024_11_03_T13:08:11 -  All home owners were assigned in Lisboa
2024_11_03_T13:08:11 -  All home owners were assigned in Lisboa
2024_11_03_T13:08:11 -  All home owners were assigned in Lisboa
2024_11_03_T13:08:11 -  All home owners were assigned in Lisboa
2024_11_03_T13:08:11 -  All home owners were assigned in Lisboa
2024_11_03_T13:08:11 -  All home owners were assigned in Lisboa
2024_11_03_T13:08:11 -  All home owners were assigned in Lisboa
2024_11_03_T13:08:11 -  All home owners were assigned in Lisboa
2024_11_03_T13:08:11 -  All home owners were assigned in Lisboa
2024_11_03_T13:08:11 -  All home owners were assigned in Lisboa
2024_11_03_T13:08:11 -  All home owners were assigned in Lisboa
2024_11_03_T13:08:11 -  All home owners were assigned in Lisboa
2024_11_03_T13:08:11 -  All home owners were assigned in Lisboa
2024_11_03_T13:08:11 -  All home owners were assigned in Lisboa
2024_11_03_T13:08:11 -  All home owners were assigned in Lisboa
2024_11_03_T13:08:11 -  All home owners were assigned in Lisboa
2024_11_03_T13:08:11 -  All home owners were assigned in Lisboa
2024_11_03_T13:08:11 -  All home owners were assigned in Lisboa
2024_11_03_T13:08:11 -  All home owners were assigned in Lisboa
2024_11_03_T13:08:11 -  All home owners were assigned in Lisboa
2024_11_03_T13:08:11 -  All home owners were assigned in Lisboa
2024_11_03_T13:08:11 -  All home owners were assigned in Lisboa
2024_11_03_T13:08:11 -  All home owners were assigned in Lisboa
2024_11_03_T13:08:11 -  All home owners were assigned in Lisboa
2024_11_03_T13:08:11 -  All home owners were assigned in Lisboa
2024_11_03_T13:08:11 -  All home owners were assigned in Lisboa
2024_11_03_T13:08:11 -  All home owners were assigned in Lisboa
2024_11_03_T13:08:11 -  All home owners were assigned in Lisboa
2024_11_03_T13:08:11 -  All home owners were assigned in Lisboa
2024_11_03_T13:08:11 -  All home owners were assigned in Lisboa
2024_11_03_T13:08:11 -  All home owners were assigned in Lisboa
2024_11_03_T13:08:11 -  All home owners were assigned in Lisboa
2024_11_03_T13:08:11 -  All home owners were assigned in Lisboa
2024_11_03_T13:08:11 -  All home owners were assigned in Lisboa
2024_11_03_T13:08:11 -  All home owners were assigned in Lisboa
2024_11_03_T13:08:11 -  All home owners were assigned in Lisboa
2024_11_03_T13:08:11 -  All home owners were assigned in Lisboa
2024_11_03_T13:08:11 -  All home owners were assigned in Lisboa
2024_11_03_T13:08:11 -  All home owners were assigned in Lisboa
2024_11_03_T13:08:11 -  All home owners were assigned in Lisboa
2024_11_03_T13:08:11 -  All home owners were assigned in Lisboa
2024_11_03_T13:08:11 -  All home owners were assigned in Lisboa
2024_11_03_T13:08:11 -  All home owners were assigned in Lisboa
2024_11_03_T13:08:11 -  All home owners were assigned in Lisboa
2024_11_03_T13:08:11 -  All home owners were assigned in Lisboa
2024_11_03_T13:08:11 -  All home owners were assigned in Lisboa
2024_11_03_T13:08:11 -  All home owners were assigned in Lisboa
2024_11_03_T13:08:11 -  All home owners were assigned in Lisboa
2024_11_03_T13:08:11 -  All home owners were assigned in Lisboa
2024_11_03_T13:08:11 -  All home owners were assigned in Lisboa
2024_11_03_T13:08:11 -  All home owners were assigned in Lisboa
2024_11_03_T13:08:11 -  All home owners were assigned in Lisboa
2024_11_03_T13:08:11 -  All home owners were assigned in Lisboa
2024_11_03_T13:08:11 -  All home owners were assigned in Lisboa
2024_11_03_T13:08:11 -  All home owners were assigned in Lisboa
2024_11_03_T13:08:11 -  All home owners were assigned in Lisboa
2024_11_03_T13:08:11 -  All home owners were assigned in Lisboa
2024_11_03_T13:08:11 -  All home owners were assigned in Lisboa
2024_11_03_T13:08:11 -  All home owners were assigned in Lisboa
2024_11_03_T13:08:11 -  All home owners were assigned in Lisboa
2024_11_03_T13:08:11 -  All home owners were assigned in Lisboa
2024_11_03_T13:08:11 -  All home owners were assigned in Lisboa
2024_11_03_T13:08:11 -  All home owners were assigned in Lisboa
2024_11_03_T13:08:11 -  All home owners were assigned in Lisboa
2024_11_03_T13:08:11 -  All home owners were assigned in Lisboa
2024_11_03_T13:08:11 -  All home owners were assigned in Lisboa
2024_11_03_T13:08:11 -  All home owners were assigned in Lisboa
2024_11_03_T13:08:11 -  All home owners were assigned in Lisboa
2024_11_03_T13:08:11 -  All home owners were assigned in Lisboa
2024_11_03_T13:08:11 -  All home owners were assigned in Lisboa
2024_11_03_T13:08:11 -  All home owners were assigned in Lisboa
2024_11_03_T13:08:11 -  All home owners were assigned in Lisboa
2024_11_03_T13:08:11 -  All home owners were assigned in Lisboa
2024_11_03_T13:08:11 -  All home owners were assigned in Lisboa
2024_11_03_T13:08:11 -  All home owners were assigned in Lisboa
2024_11_03_T13:08:11 -  All home owners were assigned in Lisboa
2024_11_03_T13:08:11 -  All home owners were assigned in Lisboa
2024_11_03_T13:08:11 -  All home owners were assigned in Lisboa
2024_11_03_T13:08:11 -  All home owners were assigned in Lisboa
2024_11_03_T13:08:11 -  All home owners were assigned in Lisboa
2024_11_03_T13:08:11 -  All home owners were assigned in Lisboa
2024_11_03_T13:08:11 -  All home owners were assigned in Lisboa
2024_11_03_T13:08:11 -  All home owners were assigned in Lisboa
2024_11_03_T13:08:11 -  All home owners were assigned in Lisboa
2024_11_03_T13:08:11 -  All home owners were assigned in Lisboa
2024_11_03_T13:08:11 -  All home owners were assigned in Lisboa
2024_11_03_T13:08:11 -  All home owners were assigned in Lisboa
2024_11_03_T13:08:11 -  All home owners were assigned in Lisboa
2024_11_03_T13:08:11 -  All home owners were assigned in Lisboa
2024_11_03_T13:08:11 -  All home owners were assigned in Lisboa
2024_11_03_T13:08:11 -  All home owners were assigned in Lisboa
2024_11_03_T13:08:11 -  All home owners were assigned in Lisboa
2024_11_03_T13:08:11 -  All home owners were assigned in Lisboa
2024_11_03_T13:08:11 -  All home owners were assigned in Lisboa
2024_11_03_T13:08:11 -  All home owners were assigned in Lisboa
2024_11_03_T13:08:11 -  All home owners were assigned in Lisboa
2024_11_03_T13:08:11 -  All home owners were assigned in Lisboa
2024_11_03_T13:08:11 -  All home owners were assigned in Lisboa
2024_11_03_T13:08:11 -  All home owners were assigned in Lisboa
2024_11_03_T13:08:11 -  All home owners were assigned in Lisboa
2024_11_03_T13:08:11 -  All home owners were assigned in Lisboa
2024_11_03_T13:08:11 -  All home owners were assigned in Lisboa
2024_11_03_T13:08:11 -  All home owners were assigned in Lisboa
2024_11_03_T13:08:11 -  All home owners were assigned in Lisboa
2024_11_03_T13:08:11 -  All home owners were assigned in Lisboa
2024_11_03_T13:08:11 -  All home owners were assigned in Lisboa
2024_11_03_T13:08:11 -  All home owners were assigned in Lisboa
2024_11_03_T13:08:11 -  All home owners were assigned in Lisboa
2024_11_03_T13:08:11 -  All home owners were assigned in Lisboa
2024_11_03_T13:08:11 -  All home owners were assigned in Lisboa
2024_11_03_T13:08:11 -  All home owners were assigned in Lisboa
2024_11_03_T13:08:11 -  All home owners were assigned in Lisboa
2024_11_03_T13:08:11 -  All home owners were assigned in Lisboa
2024_11_03_T13:08:11 -  All home owners were assigned in Lisboa
2024_11_03_T13:08:11 -  All home owners were assigned in Lisboa
2024_11_03_T13:08:11 -  All home owners were assigned in Lisboa
2024_11_03_T13:08:11 -  All home owners were assigned in Lisboa
2024_11_03_T13:08:11 -  All home owners were assigned in Lisboa
2024_11_03_T13:08:11 -  All home owners were assigned in Lisboa
2024_11_03_T13:08:11 -  All home owners were assigned in Lisboa
2024_11_03_T13:08:11 -  All home owners were assigned in Lisboa
2024_11_03_T13:08:11 -  All home owners were assigned in Lisboa
2024_11_03_T13:08:11 -  All home owners were assigned in Lisboa
2024_11_03_T13:08:11 -  All home owners were assigned in Lisboa
2024_11_03_T13:08:11 -  All home owners were assigned in Lisboa
2024_11_03_T13:08:11 -  All home owners were assigned in Lisboa
2024_11_03_T13:08:11 -  All home owners were assigned in Lisboa
2024_11_03_T13:08:11 -  All home owners were assigned in Lisboa
2024_11_03_T13:08:11 -  All home owners were assigned in Lisboa
2024_11_03_T13:08:11 -  All home owners were assigned in Lisboa
2024_11_03_T13:08:11 -  All home owners were assigned in Lisboa
2024_11_03_T13:08:11 -  All home owners were assigned in Lisboa
2024_11_03_T13:08:11 -  All home owners were assigned in Lisboa
2024_11_03_T13:08:11 -  All home owners were assigned in Lisboa
2024_11_03_T13:08:11 -  All home owners were assigned in Lisboa
2024_11_03_T13:08:11 -  All home owners were assigned in Lisboa
2024_11_03_T13:08:11 -  All home owners were assigned in Lisboa
2024_11_03_T13:08:11 -  All home owners were assigned in Lisboa
2024_11_03_T13:08:11 -  All home owners were assigned in Lisboa
2024_11_03_T13:08:11 -  All home owners were assigned in Lisboa
2024_11_03_T13:08:11 -  All home owners were assigned in Lisboa
2024_11_03_T13:08:11 -  All home owners were assigned in Lisboa
2024_11_03_T13:08:11 -  All home owners were assigned in Lisboa
2024_11_03_T13:08:11 -  All home owners were assigned in Lisboa
2024_11_03_T13:08:11 -  All home owners were assigned in Lisboa
2024_11_03_T13:08:11 -  All home owners were assigned in Lisboa
2024_11_03_T13:08:11 -  All home owners were assigned in Lisboa
2024_11_03_T13:08:11 -  All home owners were assigned in Lisboa
2024_11_03_T13:08:11 -  All home owners were assigned in Lisboa
2024_11_03_T13:08:11 -  All home owners were assigned in Lisboa
2024_11_03_T13:08:11 -  All home owners were assigned in Lisboa
2024_11_03_T13:08:11 -  All home owners were assigned in Lisboa
2024_11_03_T13:08:11 -  All home owners were assigned in Lisboa
2024_11_03_T13:08:11 -  All home owners were assigned in Lisboa
2024_11_03_T13:08:11 -  All home owners were assigned in Lisboa
2024_11_03_T13:08:11 -  All home owners were assigned in Lisboa
2024_11_03_T13:08:11 -  All home owners were assigned in Lisboa
2024_11_03_T13:08:11 -  All home owners were assigned in Lisboa
2024_11_03_T13:08:11 -  All home owners were assigned in Lisboa
2024_11_03_T13:08:11 -  All home owners were assigned in Lisboa
2024_11_03_T13:08:11 -  All home owners were assigned in Lisboa
2024_11_03_T13:08:11 -  All home owners were assigned in Lisboa
2024_11_03_T13:08:11 -  All home owners were assigned in Lisboa
2024_11_03_T13:08:11 -  All home owners were assigned in Lisboa
2024_11_03_T13:08:11 -  All home owners were assigned in Lisboa
2024_11_03_T13:08:11 -  All home owners were assigned in Lisboa
2024_11_03_T13:08:11 -  All home owners were assigned in Lisboa
2024_11_03_T13:08:11 -  All home owners were assigned in Lisboa
2024_11_03_T13:08:11 -  All home owners were assigned in Lisboa
2024_11_03_T13:08:11 -  All home owners were assigned in Lisboa
2024_11_03_T13:08:11 -  All home owners were assigned in Lisboa
2024_11_03_T13:08:11 -  All home owners were assigned in Lisboa
2024_11_03_T13:08:11 -  All home owners were assigned in Lisboa
2024_11_03_T13:08:11 -  All home owners were assigned in Lisboa
2024_11_03_T13:08:11 -  All home owners were assigned in Lisboa
2024_11_03_T13:08:11 -  All home owners were assigned in Lisboa
2024_11_03_T13:08:11 -  All home owners were assigned in Lisboa
2024_11_03_T13:08:11 -  All home owners were assigned in Lisboa
2024_11_03_T13:08:11 -  All home owners were assigned in Lisboa
2024_11_03_T13:08:11 -  All home owners were assigned in Lisboa
2024_11_03_T13:08:11 -  All home owners were assigned in Lisboa
2024_11_03_T13:08:11 -  All home owners were assigned in Lisboa
2024_11_03_T13:08:11 -  All home owners were assigned in Lisboa
2024_11_03_T13:08:11 -  All home owners were assigned in Lisboa
2024_11_03_T13:08:11 -  All home owners were assigned in Lisboa
2024_11_03_T13:08:11 -  All home owners were assigned in Lisboa
2024_11_03_T13:08:11 -  All home owners were assigned in Lisboa
2024_11_03_T13:08:11 -  All home owners were assigned in Lisboa
2024_11_03_T13:08:11 -  All home owners were assigned in Lisboa
2024_11_03_T13:08:11 -  All home owners were assigned in Lisboa
2024_11_03_T13:08:11 -  All home owners were assigned in Lisboa
2024_11_03_T13:08:11 -  All home owners were assigned in Lisboa
2024_11_03_T13:08:11 -  All home owners were assigned in Lisboa
2024_11_03_T13:08:11 -  All home owners were assigned in Lisboa
2024_11_03_T13:08:11 -  All home owners were assigned in Lisboa
2024_11_03_T13:08:11 -  All home owners were assigned in Lisboa
2024_11_03_T13:08:11 -  All home owners were assigned in Lisboa
2024_11_03_T13:08:11 -  All home owners were assigned in Lisboa
2024_11_03_T13:08:11 -  All home owners were assigned in Lisboa
2024_11_03_T13:08:11 -  All home owners were assigned in Lisboa
2024_11_03_T13:08:11 -  All home owners were assigned in Lisboa
2024_11_03_T13:08:11 -  All home owners were assigned in Lisboa
2024_11_03_T13:08:11 -  All home owners were assigned in Lisboa
2024_11_03_T13:08:11 -  All home owners were assigned in Lisboa
2024_11_03_T13:08:11 -  All home owners were assigned in Lisboa
2024_11_03_T13:08:11 -  All home owners were assigned in Lisboa
2024_11_03_T13:08:11 -  All home owners were assigned in Lisboa
2024_11_03_T13:08:11 -  All home owners were assigned in Lisboa
2024_11_03_T13:08:11 -  All home owners were assigned in Lisboa
2024_11_03_T13:08:11 -  All home owners were assigned in Lisboa
2024_11_03_T13:08:11 -  All home owners were assigned in Lisboa
2024_11_03_T13:08:11 -  All home owners were assigned in Lisboa
2024_11_03_T13:08:11 -  All home owners were assigned in Lisboa
2024_11_03_T13:08:11 -  All home owners were assigned in Lisboa
2024_11_03_T13:08:11 -  All home owners were assigned in Lisboa
2024_11_03_T13:08:11 -  All home owners were assigned in Lisboa
2024_11_03_T13:08:11 -  All home owners were assigned in Lisboa
2024_11_03_T13:08:11 -  All home owners were assigned in Lisboa
2024_11_03_T13:08:11 -  All home owners were assigned in Lisboa
2024_11_03_T13:08:11 -  All home owners were assigned in Lisboa
2024_11_03_T13:08:11 -  All home owners were assigned in Lisboa
2024_11_03_T13:08:11 -  All home owners were assigned in Lisboa
2024_11_03_T13:08:11 -  All home owners were assigned in Lisboa
2024_11_03_T13:08:11 -  All home owners were assigned in Lisboa
2024_11_03_T13:08:11 -  All home owners were assigned in Lisboa
2024_11_03_T13:08:11 -  All home owners were assigned in Lisboa
2024_11_03_T13:08:11 -  All home owners were assigned in Lisboa
2024_11_03_T13:08:11 -  All home owners were assigned in Lisboa
2024_11_03_T13:08:11 -  All home owners were assigned in Lisboa
2024_11_03_T13:08:11 -  All home owners were assigned in Lisboa
2024_11_03_T13:08:11 -  All home owners were assigned in Lisboa
2024_11_03_T13:08:11 -  All home owners were assigned in Lisboa
2024_11_03_T13:08:11 -  All home owners were assigned in Lisboa
2024_11_03_T13:08:11 -  All home owners were assigned in Lisboa
2024_11_03_T13:08:11 -  All home owners were assigned in Lisboa
2024_11_03_T13:08:11 -  All home owners were assigned in Lisboa
2024_11_03_T13:08:11 -  All home owners were assigned in Lisboa
2024_11_03_T13:08:11 -  All home owners were assigned in Lisboa
2024_11_03_T13:08:11 -  All home owners were assigned in Lisboa
2024_11_03_T13:08:11 -  All home owners were assigned in Lisboa
2024_11_03_T13:08:11 -  All home owners were assigned in Lisboa
2024_11_03_T13:08:11 -  All home owners were assigned in Lisboa
2024_11_03_T13:08:11 -  All home owners were assigned in Lisboa
2024_11_03_T13:08:11 -  All home owners were assigned in Lisboa
2024_11_03_T13:08:11 -  All home owners were assigned in Lisboa
2024_11_03_T13:08:11 -  All home owners were assigned in Lisboa
2024_11_03_T13:08:11 -  All home owners were assigned in Lisboa
2024_11_03_T13:08:11 -  All home owners were assigned in Lisboa
2024_11_03_T13:08:11 -  All home owners were assigned in Lisboa
2024_11_03_T13:08:11 -  All home owners were assigned in Lisboa
2024_11_03_T13:08:11 -  All home owners were assigned in Lisboa
2024_11_03_T13:08:11 -  All home owners were assigned in Lisboa
2024_11_03_T13:08:11 -  All home owners were assigned in Lisboa
2024_11_03_T13:08:11 -  All home owners were assigned in Lisboa
2024_11_03_T13:08:11 -  All home owners were assigned in Lisboa
2024_11_03_T13:08:11 -  All home owners were assigned in Lisboa
2024_11_03_T13:08:11 -  All home owners were assigned in Lisboa
2024_11_03_T13:08:11 -  All home owners were assigned in Lisboa
2024_11_03_T13:08:11 -  All home owners were assigned in Lisboa
2024_11_03_T13:08:11 -  All home owners were assigned in Lisboa
2024_11_03_T13:08:11 -  All home owners were assigned in Lisboa
2024_11_03_T13:08:11 -  All home owners were assigned in Lisboa
2024_11_03_T13:08:11 -  All home owners were assigned in Lisboa
2024_11_03_T13:08:11 -  All home owners were assigned in Lisboa
2024_11_03_T13:08:11 -  All home owners were assigned in Lisboa
2024_11_03_T13:08:11 -  All home owners were assigned in Lisboa
2024_11_03_T13:08:11 -  All home owners were assigned in Lisboa
2024_11_03_T13:08:11 -  All home owners were assigned in Lisboa
2024_11_03_T13:08:11 -  All home owners were assigned in Lisboa
2024_11_03_T13:08:11 -  All home owners were assigned in Lisboa
2024_11_03_T13:08:11 -  All home owners were assigned in Lisboa
2024_11_03_T13:08:11 -  All home owners were assigned in Lisboa
2024_11_03_T13:08:11 -  All home owners were assigned in Lisboa
2024_11_03_T13:08:11 -  All home owners were assigned in Lisboa
2024_11_03_T13:08:11 -  All home owners were assigned in Lisboa
2024_11_03_T13:08:11 -  All home owners were assigned in Lisboa
2024_11_03_T13:08:11 -  All home owners were assigned in Lisboa
2024_11_03_T13:08:11 -  All home owners were assigned in Lisboa
2024_11_03_T13:08:11 -  All home owners were assigned in Lisboa
2024_11_03_T13:08:11 -  All home owners were assigned in Lisboa
2024_11_03_T13:08:11 -  All home owners were assigned in Lisboa
2024_11_03_T13:08:11 -  All home owners were assigned in Lisboa
2024_11_03_T13:08:11 -  All home owners were assigned in Lisboa
2024_11_03_T13:08:11 -  All home owners were assigned in Lisboa
2024_11_03_T13:08:11 -  All home owners were assigned in Lisboa
2024_11_03_T13:08:11 -  All home owners were assigned in Lisboa
2024_11_03_T13:08:11 -  All home owners were assigned in Lisboa
2024_11_03_T13:08:11 -  All home owners were assigned in Lisboa
2024_11_03_T13:08:11 -  All home owners were assigned in Lisboa
2024_11_03_T13:08:11 -  All home owners were assigned in Lisboa
2024_11_03_T13:08:11 -  All home owners were assigned in Lisboa
2024_11_03_T13:08:11 -  All home owners were assigned in Lisboa
2024_11_03_T13:08:11 -  All home owners were assigned in Lisboa
2024_11_03_T13:08:11 -  All home owners were assigned in Lisboa
2024_11_03_T13:08:11 -  All home owners were assigned in Lisboa
2024_11_03_T13:08:11 -  All home owners were assigned in Lisboa
2024_11_03_T13:08:11 -  All home owners were assigned in Lisboa
2024_11_03_T13:08:11 -  All home owners were assigned in Lisboa
2024_11_03_T13:08:11 -  All home owners were assigned in Lisboa
2024_11_03_T13:08:11 -  All home owners were assigned in Lisboa
2024_11_03_T13:08:11 -  All home owners were assigned in Lisboa
2024_11_03_T13:08:11 -  All home owners were assigned in Lisboa
2024_11_03_T13:08:11 -  All home owners were assigned in Lisboa
2024_11_03_T13:08:11 -  All home owners were assigned in Lisboa
2024_11_03_T13:08:11 -  All home owners were assigned in Lisboa
2024_11_03_T13:08:11 -  All home owners were assigned in Lisboa
2024_11_03_T13:08:11 -  All home owners were assigned in Lisboa
2024_11_03_T13:08:11 -  All home owners were assigned in Lisboa
2024_11_03_T13:08:11 -  All home owners were assigned in Lisboa
2024_11_03_T13:08:11 -  All home owners were assigned in Lisboa
2024_11_03_T13:08:11 -  All home owners were assigned in Lisboa
2024_11_03_T13:08:11 -  All home owners were assigned in Lisboa
2024_11_03_T13:08:11 -  All home owners were assigned in Lisboa
2024_11_03_T13:08:11 -  All home owners were assigned in Lisboa
2024_11_03_T13:08:11 -  All home owners were assigned in Lisboa
2024_11_03_T13:08:11 -  All home owners were assigned in Lisboa
2024_11_03_T13:08:11 -  All home owners were assigned in Lisboa
2024_11_03_T13:08:11 -  All home owners were assigned in Lisboa
2024_11_03_T13:08:11 -  All home owners were assigned in Lisboa
2024_11_03_T13:08:11 -  finished assignHousesToHouseholds in 1.5196621417999268 seconds
2024_11_03_T13:08:15 -  Metrics: sum_wealth took 9.5367431640625e-7
2024_11_03_T13:08:16 -  Metrics: wealth_distribution took 6.198883056640625e-6
2024_11_03_T13:08:16 -  Metrics: money_distribution took 4.0531158447265625e-6
2024_11_03_T13:08:16 -  Metrics: size_distribution took 5.0067901611328125e-6
2024_11_03_T13:08:17 -  Metrics: age_distribution took 5.9604644775390625e-6
2024_11_03_T13:08:19 -  Metrics: sum_wealth took 7.414817810058594e-5
2024_11_03_T13:08:19 -  Metrics: wealth_distribution took 0.011518001556396484
2024_11_03_T13:08:19 -  Metrics: money_distribution took 0.0003559589385986328
2024_11_03_T13:08:19 -  Metrics: size_distribution took 0.008833169937133789
2024_11_03_T13:08:19 -  Metrics: age_distribution took 0.00033020973205566406
2024_11_03_T13:08:22 -  Model step started
2024_11_03_T13:08:22 -  clearHangingSupplies started
2024_11_03_T13:08:22 -  clearHangingSupplies took 0.0056951045989990234
2024_11_03_T13:08:22 -  clearHangingRentalSupplies started
2024_11_03_T13:08:22 -  clearHangingRentalSupplies took 0.06670999526977539
2024_11_03_T13:08:22 -  clearHouseMarket started
2024_11_03_T13:08:22 -  clearHouseMarket - first block took 0.251662015914917
2024_11_03_T13:08:23 -  clearHouseMarket - second block took 0.2956669330596924
2024_11_03_T13:08:23 -  clearHouseMarket - third block took 0.013183116912841797
2024_11_03_T13:08:23 -  clearRentalMarket started
2024_11_03_T13:08:23 -  clearRentalMarket - first block took 0.16819500923156738
2024_11_03_T13:08:23 -  clearRentalMarket - second block took 0.014603853225708008
2024_11_03_T13:08:23 -  Model step took 1.340108871459961 seconds
2024_11_03_T13:08:23 -  Metrics: sum_wealth took 4.00543212890625e-5
2024_11_03_T13:08:23 -  Metrics: wealth_distribution took 0.0009770393371582031
2024_11_03_T13:08:23 -  Metrics: money_distribution took 0.00043702125549316406
2024_11_03_T13:08:23 -  Metrics: size_distribution took 0.0002968311309814453
2024_11_03_T13:08:23 -  Metrics: age_distribution took 0.00037789344787597656
2024_11_03_T13:08:25 -  Model step started
2024_11_03_T13:08:25 -  clearHangingSupplies started
2024_11_03_T13:08:25 -  clearHangingSupplies took 0.00010609626770019531
2024_11_03_T13:08:25 -  clearHangingRentalSupplies started
2024_11_03_T13:08:25 -  clearHangingRentalSupplies took 2.7894973754882812e-5
2024_11_03_T13:08:25 -  clearHouseMarket started
2024_11_03_T13:08:25 -  clearHouseMarket - first block took 0.03519797325134277
2024_11_03_T13:08:25 -  clearHouseMarket - second block took 0.0567319393157959
2024_11_03_T13:08:25 -  clearHouseMarket - third block took 0.0001659393310546875
2024_11_03_T13:08:25 -  clearRentalMarket started
2024_11_03_T13:08:25 -  clearRentalMarket - first block took 0.0042760372161865234
2024_11_03_T13:08:25 -  clearRentalMarket - second block took 0.00010991096496582031
2024_11_03_T13:08:25 -  Pushed house into housesBuiltPerRegion (location,size) = (Lisboa, LessThan50)
2024_11_03_T13:08:25 -  Model step took 0.19005417823791504 seconds
2024_11_03_T13:08:25 -  Metrics: sum_wealth took 0.00011801719665527344
2024_11_03_T13:08:25 -  Metrics: wealth_distribution took 0.0003859996795654297
2024_11_03_T13:08:25 -  Metrics: money_distribution took 0.0005390644073486328
2024_11_03_T13:08:25 -  Metrics: size_distribution took 0.0003440380096435547
2024_11_03_T13:08:25 -  Metrics: age_distribution took 0.0004589557647705078
2024_11_03_T13:08:27 -  Model step started
2024_11_03_T13:08:27 -  clearHangingSupplies started
2024_11_03_T13:08:27 -  clearHangingSupplies took 6.794929504394531e-5
2024_11_03_T13:08:27 -  clearHangingRentalSupplies started
2024_11_03_T13:08:27 -  clearHangingRentalSupplies took 3.504753112792969e-5
2024_11_03_T13:08:27 -  clearHouseMarket started
2024_11_03_T13:08:27 -  clearHouseMarket - first block took 0.030330896377563477
2024_11_03_T13:08:27 -  clearHouseMarket - second block took 0.004004001617431641
2024_11_03_T13:08:27 -  clearHouseMarket - third block took 0.004897117614746094
2024_11_03_T13:08:27 -  clearRentalMarket started
2024_11_03_T13:08:27 -  clearRentalMarket - first block took 0.0027670860290527344
2024_11_03_T13:08:27 -  clearRentalMarket - second block took 2.5987625122070312e-5
2024_11_03_T13:08:27 -  Model step took 0.05336308479309082 seconds
2024_11_03_T13:08:27 -  Metrics: sum_wealth took 6.699562072753906e-5
2024_11_03_T13:08:27 -  Metrics: wealth_distribution took 0.0006058216094970703
2024_11_03_T13:08:27 -  Metrics: money_distribution took 0.0003960132598876953
2024_11_03_T13:08:27 -  Metrics: size_distribution took 0.00039196014404296875
2024_11_03_T13:08:27 -  Metrics: age_distribution took 0.0002968311309814453
2024_11_03_T13:08:29 -  Model step started
2024_11_03_T13:08:29 -  clearHangingSupplies started
2024_11_03_T13:08:29 -  clearHangingSupplies took 6.699562072753906e-5
2024_11_03_T13:08:29 -  clearHangingRentalSupplies started
2024_11_03_T13:08:29 -  clearHangingRentalSupplies took 2.002716064453125e-5
2024_11_03_T13:08:29 -  clearHouseMarket started
2024_11_03_T13:08:29 -  clearHouseMarket - first block took 0.028269052505493164
2024_11_03_T13:08:29 -  clearHouseMarket - second block took 0.002039194107055664
2024_11_03_T13:08:29 -  clearHouseMarket - third block took 0.00018405914306640625
2024_11_03_T13:08:29 -  clearRentalMarket started
2024_11_03_T13:08:29 -  clearRentalMarket - first block took 0.0031409263610839844
2024_11_03_T13:08:29 -  clearRentalMarket - second block took 2.3126602172851562e-5
2024_11_03_T13:08:29 -  Pushed house into housesBuiltPerRegion (location,size) = (Lisboa, LessThan125)
2024_11_03_T13:08:29 -  Model step took 0.044381141662597656 seconds
2024_11_03_T13:08:29 -  Metrics: sum_wealth took 3.0994415283203125e-5
2024_11_03_T13:08:29 -  Metrics: wealth_distribution took 0.00032591819763183594
2024_11_03_T13:08:29 -  Metrics: money_distribution took 0.00046515464782714844
2024_11_03_T13:08:29 -  Metrics: size_distribution took 0.00023794174194335938
2024_11_03_T13:08:29 -  Metrics: age_distribution took 0.0003719329833984375
2024_11_03_T13:08:31 -  Model step started
2024_11_03_T13:08:31 -  clearHangingSupplies started
2024_11_03_T13:08:31 -  clearHangingSupplies took 0.0003261566162109375
2024_11_03_T13:08:31 -  clearHangingRentalSupplies started
2024_11_03_T13:08:31 -  clearHangingRentalSupplies took 6.604194641113281e-5
2024_11_03_T13:08:31 -  clearHouseMarket started
2024_11_03_T13:08:31 -  clearHouseMarket - first block took 0.02782893180847168
2024_11_03_T13:08:31 -  clearHouseMarket - second block took 0.0028600692749023438
2024_11_03_T13:08:31 -  clearHouseMarket - third block took 0.0002570152282714844
2024_11_03_T13:08:31 -  clearRentalMarket started
2024_11_03_T13:08:31 -  clearRentalMarket - first block took 0.0033800601959228516
2024_11_03_T13:08:31 -  clearRentalMarket - second block took 4.601478576660156e-5
2024_11_03_T13:08:31 -  Model step took 0.04483914375305176 seconds
2024_11_03_T13:08:31 -  Metrics: sum_wealth took 5.412101745605469e-5
2024_11_03_T13:08:31 -  Metrics: wealth_distribution took 0.0003829002380371094
2024_11_03_T13:08:31 -  Metrics: money_distribution took 0.00043702125549316406
2024_11_03_T13:08:31 -  Metrics: size_distribution took 0.00033092498779296875
2024_11_03_T13:08:31 -  Metrics: age_distribution took 0.0002942085266113281
2024_11_03_T13:08:33 -  Model step started
2024_11_03_T13:08:33 -  clearHangingSupplies started
2024_11_03_T13:08:33 -  clearHangingSupplies took 6.389617919921875e-5
2024_11_03_T13:08:33 -  clearHangingRentalSupplies started
2024_11_03_T13:08:33 -  clearHangingRentalSupplies took 1.7881393432617188e-5
2024_11_03_T13:08:33 -  clearHouseMarket started
2024_11_03_T13:08:33 -  clearHouseMarket - first block took 0.027621030807495117
2024_11_03_T13:08:33 -  clearHouseMarket - second block took 0.0012600421905517578
2024_11_03_T13:08:33 -  clearHouseMarket - third block took 0.00013494491577148438
2024_11_03_T13:08:33 -  clearRentalMarket started
2024_11_03_T13:08:33 -  clearRentalMarket - first block took 0.007236003875732422
2024_11_03_T13:08:33 -  clearRentalMarket - second block took 4.8160552978515625e-5
2024_11_03_T13:08:33 -  Model step took 0.04790902137756348 seconds
2024_11_03_T13:08:33 -  Metrics: sum_wealth took 5.3882598876953125e-5
2024_11_03_T13:08:33 -  Metrics: wealth_distribution took 0.000408172607421875
2024_11_03_T13:08:33 -  Metrics: money_distribution took 0.0004048347473144531
2024_11_03_T13:08:33 -  Metrics: size_distribution took 0.0002880096435546875
2024_11_03_T13:08:33 -  Metrics: age_distribution took 0.0003368854522705078
2024_11_03_T13:08:35 -  Model step started
2024_11_03_T13:08:35 -  clearHangingSupplies started
2024_11_03_T13:08:35 -  clearHangingSupplies took 7.104873657226562e-5
2024_11_03_T13:08:35 -  clearHangingRentalSupplies started
2024_11_03_T13:08:35 -  clearHangingRentalSupplies took 2.09808349609375e-5
2024_11_03_T13:08:35 -  clearHouseMarket started
2024_11_03_T13:08:35 -  clearHouseMarket - first block took 0.02544116973876953
2024_11_03_T13:08:35 -  clearHouseMarket - second block took 0.0029878616333007812
2024_11_03_T13:08:35 -  clearHouseMarket - third block took 0.00018715858459472656
2024_11_03_T13:08:35 -  clearRentalMarket started
2024_11_03_T13:08:35 -  clearRentalMarket - first block took 0.002640962600708008
2024_11_03_T13:08:35 -  clearRentalMarket - second block took 1.5974044799804688e-5
2024_11_03_T13:08:35 -  Model step took 0.04323577880859375 seconds
2024_11_03_T13:08:35 -  Metrics: sum_wealth took 4.601478576660156e-5
2024_11_03_T13:08:35 -  Metrics: wealth_distribution took 0.0003418922424316406
2024_11_03_T13:08:35 -  Metrics: money_distribution took 0.00040411949157714844
2024_11_03_T13:08:35 -  Metrics: size_distribution took 0.00038909912109375
2024_11_03_T13:08:35 -  Metrics: age_distribution took 0.0004019737243652344
2024_11_03_T13:08:37 -  Model step started
2024_11_03_T13:08:37 -  clearHangingSupplies started
2024_11_03_T13:08:37 -  clearHangingSupplies took 5.4836273193359375e-5
2024_11_03_T13:08:37 -  clearHangingRentalSupplies started
2024_11_03_T13:08:37 -  clearHangingRentalSupplies took 1.811981201171875e-5
2024_11_03_T13:08:37 -  clearHouseMarket started
2024_11_03_T13:08:37 -  clearHouseMarket - first block took 0.02630901336669922
2024_11_03_T13:08:37 -  clearHouseMarket - second block took 0.0011839866638183594
2024_11_03_T13:08:37 -  clearHouseMarket - third block took 0.00013017654418945312
2024_11_03_T13:08:37 -  clearRentalMarket started
2024_11_03_T13:08:37 -  clearRentalMarket - first block took 0.0027229785919189453
2024_11_03_T13:08:37 -  clearRentalMarket - second block took 2.09808349609375e-5
2024_11_03_T13:08:37 -  Model step took 0.04224801063537598 seconds
2024_11_03_T13:08:37 -  Metrics: sum_wealth took 3.409385681152344e-5
2024_11_03_T13:08:37 -  Metrics: wealth_distribution took 0.00042891502380371094
2024_11_03_T13:08:37 -  Metrics: money_distribution took 0.0003368854522705078
2024_11_03_T13:08:37 -  Metrics: size_distribution took 0.0002579689025878906
2024_11_03_T13:08:37 -  Metrics: age_distribution took 0.0003490447998046875
2024_11_03_T13:08:39 -  Model step started
2024_11_03_T13:08:39 -  clearHangingSupplies started
2024_11_03_T13:08:39 -  clearHangingSupplies took 6.103515625e-5
2024_11_03_T13:08:39 -  clearHangingRentalSupplies started
2024_11_03_T13:08:39 -  clearHangingRentalSupplies took 1.811981201171875e-5
2024_11_03_T13:08:39 -  clearHouseMarket started
2024_11_03_T13:08:39 -  clearHouseMarket - first block took 0.05701112747192383
2024_11_03_T13:08:39 -  clearHouseMarket - second block took 0.0012199878692626953
2024_11_03_T13:08:39 -  clearHouseMarket - third block took 0.000141143798828125
2024_11_03_T13:08:39 -  clearRentalMarket started
2024_11_03_T13:08:39 -  clearRentalMarket - first block took 0.002772092819213867
2024_11_03_T13:08:39 -  clearRentalMarket - second block took 4.601478576660156e-5
2024_11_03_T13:08:39 -  Model step took 0.07189607620239258 seconds
2024_11_03_T13:08:39 -  Metrics: sum_wealth took 3.504753112792969e-5
2024_11_03_T13:08:39 -  Metrics: wealth_distribution took 0.00034809112548828125
2024_11_03_T13:08:39 -  Metrics: money_distribution took 0.0015709400177001953
2024_11_03_T13:08:39 -  Metrics: size_distribution took 0.0003139972686767578
2024_11_03_T13:08:39 -  Metrics: age_distribution took 0.0003349781036376953
2024_11_03_T13:08:41 -  Model step started
2024_11_03_T13:08:41 -  clearHangingSupplies started
2024_11_03_T13:08:41 -  clearHangingSupplies took 5.698204040527344e-5
2024_11_03_T13:08:41 -  clearHangingRentalSupplies started
2024_11_03_T13:08:41 -  clearHangingRentalSupplies took 2.002716064453125e-5
2024_11_03_T13:08:41 -  clearHouseMarket started
2024_11_03_T13:08:41 -  clearHouseMarket - first block took 0.02447819709777832
2024_11_03_T13:08:41 -  clearHouseMarket - second block took 0.0014429092407226562
2024_11_03_T13:08:41 -  clearHouseMarket - third block took 0.0001518726348876953
2024_11_03_T13:08:41 -  clearRentalMarket started
2024_11_03_T13:08:41 -  clearRentalMarket - first block took 0.003337860107421875
2024_11_03_T13:08:41 -  clearRentalMarket - second block took 5.1021575927734375e-5
2024_11_03_T13:08:41 -  Model step took 0.04118490219116211 seconds
2024_11_03_T13:08:41 -  Metrics: sum_wealth took 3.409385681152344e-5
2024_11_03_T13:08:41 -  Metrics: wealth_distribution took 0.0004978179931640625
2024_11_03_T13:08:41 -  Metrics: money_distribution took 0.00033593177795410156
2024_11_03_T13:08:41 -  Metrics: size_distribution took 0.0002930164337158203
2024_11_03_T13:08:41 -  Metrics: age_distribution took 0.0003108978271484375
2024_11_03_T13:08:43 -  Model step started
2024_11_03_T13:08:43 -  clearHangingSupplies started
2024_11_03_T13:08:43 -  clearHangingSupplies took 6.389617919921875e-5
2024_11_03_T13:08:43 -  clearHangingRentalSupplies started
2024_11_03_T13:08:43 -  clearHangingRentalSupplies took 1.6927719116210938e-5
2024_11_03_T13:08:43 -  clearHouseMarket started
2024_11_03_T13:08:43 -  clearHouseMarket - first block took 0.02428293228149414
2024_11_03_T13:08:43 -  clearHouseMarket - second block took 0.0017461776733398438
2024_11_03_T13:08:43 -  clearHouseMarket - third block took 0.0001690387725830078
2024_11_03_T13:08:43 -  clearRentalMarket started
2024_11_03_T13:08:43 -  clearRentalMarket - first block took 0.003316164016723633
2024_11_03_T13:08:43 -  clearRentalMarket - second block took 4.601478576660156e-5
2024_11_03_T13:08:43 -  Pushed house into housesBuiltPerRegion (location,size) = (Lisboa, LessThan50)
2024_11_03_T13:08:43 -  Pushed house into housesBuiltPerRegion (location,size) = (Lisboa, More)
2024_11_03_T13:08:43 -  Model step took 0.04715704917907715 seconds
2024_11_03_T13:08:43 -  Metrics: sum_wealth took 6.008148193359375e-5
2024_11_03_T13:08:43 -  Metrics: wealth_distribution took 0.00037598609924316406
2024_11_03_T13:08:43 -  Metrics: money_distribution took 0.00033092498779296875
2024_11_03_T13:08:43 -  Metrics: size_distribution took 0.0002701282501220703
2024_11_03_T13:08:43 -  Metrics: age_distribution took 0.0003299713134765625
2024_11_03_T13:08:45 -  Model step started
2024_11_03_T13:08:45 -  clearHangingSupplies started
2024_11_03_T13:08:45 -  clearHangingSupplies took 0.0001251697540283203
2024_11_03_T13:08:45 -  clearHangingRentalSupplies started
2024_11_03_T13:08:45 -  clearHangingRentalSupplies took 6.604194641113281e-5
2024_11_03_T13:08:45 -  clearHouseMarket started
2024_11_03_T13:08:45 -  clearHouseMarket - first block took 0.027741193771362305
2024_11_03_T13:08:45 -  clearHouseMarket - second block took 0.0012218952178955078
2024_11_03_T13:08:45 -  clearHouseMarket - third block took 0.00020599365234375
2024_11_03_T13:08:45 -  clearRentalMarket started
2024_11_03_T13:08:45 -  clearRentalMarket - first block took 0.002651214599609375
2024_11_03_T13:08:45 -  clearRentalMarket - second block took 3.600120544433594e-5
2024_11_03_T13:08:45 -  Model step took 0.11885809898376465 seconds
2024_11_03_T13:08:45 -  Metrics: sum_wealth took 4.100799560546875e-5
2024_11_03_T13:08:45 -  Metrics: wealth_distribution took 0.00039505958557128906
2024_11_03_T13:08:45 -  Metrics: money_distribution took 0.00044798851013183594
2024_11_03_T13:08:45 -  Metrics: size_distribution took 0.00028204917907714844
2024_11_03_T13:08:45 -  Metrics: age_distribution took 0.0002808570861816406
2024_11_03_T13:08:47 -  Model step started
2024_11_03_T13:08:47 -  clearHangingSupplies started
2024_11_03_T13:08:47 -  clearHangingSupplies took 0.00022792816162109375
2024_11_03_T13:08:47 -  clearHangingRentalSupplies started
2024_11_03_T13:08:47 -  clearHangingRentalSupplies took 1.7881393432617188e-5
2024_11_03_T13:08:47 -  clearHouseMarket started
2024_11_03_T13:08:47 -  clearHouseMarket - first block took 0.04155111312866211
2024_11_03_T13:08:47 -  clearHouseMarket - second block took 0.004979848861694336
2024_11_03_T13:08:47 -  clearHouseMarket - third block took 0.00020694732666015625
2024_11_03_T13:08:47 -  clearRentalMarket started
2024_11_03_T13:08:47 -  clearRentalMarket - first block took 0.002772808074951172
2024_11_03_T13:08:47 -  clearRentalMarket - second block took 3.790855407714844e-5
2024_11_03_T13:08:47 -  Model step took 0.0643930435180664 seconds
2024_11_03_T13:08:47 -  Metrics: sum_wealth took 5.1975250244140625e-5
2024_11_03_T13:08:47 -  Metrics: wealth_distribution took 0.0006308555603027344
2024_11_03_T13:08:47 -  Metrics: money_distribution took 0.00038814544677734375
2024_11_03_T13:08:47 -  Metrics: size_distribution took 0.0005290508270263672
2024_11_03_T13:08:47 -  Metrics: age_distribution took 0.0005099773406982422
2024_11_03_T13:08:49 -  Model step started
2024_11_03_T13:08:49 -  clearHangingSupplies started
2024_11_03_T13:08:49 -  clearHangingSupplies took 5.4836273193359375e-5
2024_11_03_T13:08:49 -  clearHangingRentalSupplies started
2024_11_03_T13:08:49 -  clearHangingRentalSupplies took 1.621246337890625e-5
2024_11_03_T13:08:49 -  clearHouseMarket started
2024_11_03_T13:08:49 -  clearHouseMarket - first block took 0.021863222122192383
2024_11_03_T13:08:49 -  clearHouseMarket - second block took 0.0007770061492919922
2024_11_03_T13:08:49 -  clearHouseMarket - third block took 0.00016117095947265625
2024_11_03_T13:08:49 -  clearRentalMarket started
2024_11_03_T13:08:49 -  clearRentalMarket - first block took 0.0029478073120117188
2024_11_03_T13:08:49 -  clearRentalMarket - second block took 4.887580871582031e-5
2024_11_03_T13:08:49 -  Model step took 0.035051822662353516 seconds
2024_11_03_T13:08:49 -  Metrics: sum_wealth took 7.891654968261719e-5
2024_11_03_T13:08:49 -  Metrics: wealth_distribution took 0.0004420280456542969
2024_11_03_T13:08:49 -  Metrics: money_distribution took 0.00032901763916015625
2024_11_03_T13:08:49 -  Metrics: size_distribution took 0.00027298927307128906
2024_11_03_T13:08:49 -  Metrics: age_distribution took 0.0002911090850830078
2024_11_03_T13:08:51 -  Model step started
2024_11_03_T13:08:51 -  clearHangingSupplies started
2024_11_03_T13:08:51 -  clearHangingSupplies took 6.508827209472656e-5
2024_11_03_T13:08:51 -  clearHangingRentalSupplies started
2024_11_03_T13:08:51 -  clearHangingRentalSupplies took 1.5974044799804688e-5
2024_11_03_T13:08:51 -  clearHouseMarket started
2024_11_03_T13:08:51 -  clearHouseMarket - first block took 0.02521514892578125
2024_11_03_T13:08:51 -  clearHouseMarket - second block took 0.0043828487396240234
2024_11_03_T13:08:51 -  clearHouseMarket - third block took 0.00022721290588378906
2024_11_03_T13:08:51 -  clearRentalMarket started
2024_11_03_T13:08:51 -  clearRentalMarket - first block took 0.004071950912475586
2024_11_03_T13:08:51 -  clearRentalMarket - second block took 5.1975250244140625e-5
2024_11_03_T13:08:51 -  Model step took 0.04560112953186035 seconds
2024_11_03_T13:08:51 -  Metrics: sum_wealth took 7.104873657226562e-5
2024_11_03_T13:08:51 -  Metrics: wealth_distribution took 0.00033783912658691406
2024_11_03_T13:08:51 -  Metrics: money_distribution took 0.0003330707550048828
2024_11_03_T13:08:51 -  Metrics: size_distribution took 0.0002739429473876953
2024_11_03_T13:08:51 -  Metrics: age_distribution took 0.0002961158752441406
2024_11_03_T13:08:53 -  Model step started
2024_11_03_T13:08:53 -  clearHangingSupplies started
2024_11_03_T13:08:53 -  clearHangingSupplies took 5.602836608886719e-5
2024_11_03_T13:08:53 -  clearHangingRentalSupplies started
2024_11_03_T13:08:53 -  clearHangingRentalSupplies took 1.5974044799804688e-5
2024_11_03_T13:08:53 -  clearHouseMarket started
2024_11_03_T13:08:53 -  clearHouseMarket - first block took 0.02068495750427246
2024_11_03_T13:08:53 -  clearHouseMarket - second block took 0.0034880638122558594
2024_11_03_T13:08:53 -  clearHouseMarket - third block took 0.00017499923706054688
2024_11_03_T13:08:53 -  clearRentalMarket started
2024_11_03_T13:08:53 -  clearRentalMarket - first block took 0.0022830963134765625
2024_11_03_T13:08:53 -  clearRentalMarket - second block took 2.5987625122070312e-5
2024_11_03_T13:08:53 -  Model step took 0.03625011444091797 seconds
2024_11_03_T13:08:53 -  Metrics: sum_wealth took 9.202957153320312e-5
2024_11_03_T13:08:53 -  Metrics: wealth_distribution took 0.0003559589385986328
2024_11_03_T13:08:53 -  Metrics: money_distribution took 0.00037598609924316406
2024_11_03_T13:08:53 -  Metrics: size_distribution took 0.0002720355987548828
2024_11_03_T13:08:53 -  Metrics: age_distribution took 0.0003390312194824219
2024_11_03_T13:08:55 -  Model step started
2024_11_03_T13:08:55 -  clearHangingSupplies started
2024_11_03_T13:08:55 -  clearHangingSupplies took 5.2928924560546875e-5
2024_11_03_T13:08:55 -  clearHangingRentalSupplies started
2024_11_03_T13:08:55 -  clearHangingRentalSupplies took 1.5020370483398438e-5
2024_11_03_T13:08:55 -  clearHouseMarket started
2024_11_03_T13:08:55 -  clearHouseMarket - first block took 0.025096893310546875
2024_11_03_T13:08:55 -  clearHouseMarket - second block took 0.0018758773803710938
2024_11_03_T13:08:55 -  clearHouseMarket - third block took 0.0005788803100585938
2024_11_03_T13:08:55 -  clearRentalMarket started
2024_11_03_T13:08:55 -  clearRentalMarket - first block took 0.0030059814453125
2024_11_03_T13:08:55 -  clearRentalMarket - second block took 7.319450378417969e-5
2024_11_03_T13:08:55 -  Pushed house into housesBuiltPerRegion (location,size) = (Lisboa, LessThan125)
2024_11_03_T13:08:55 -  Model step took 0.0406649112701416 seconds
2024_11_03_T13:08:55 -  Metrics: sum_wealth took 4.00543212890625e-5
2024_11_03_T13:08:55 -  Metrics: wealth_distribution took 0.0004119873046875
2024_11_03_T13:08:55 -  Metrics: money_distribution took 0.0003819465637207031
2024_11_03_T13:08:55 -  Metrics: size_distribution took 0.0002770423889160156
2024_11_03_T13:08:55 -  Metrics: age_distribution took 0.00032401084899902344
2024_11_03_T13:08:57 -  Model step started
2024_11_03_T13:08:57 -  clearHangingSupplies started
2024_11_03_T13:08:57 -  clearHangingSupplies took 5.1975250244140625e-5
2024_11_03_T13:08:57 -  clearHangingRentalSupplies started
2024_11_03_T13:08:57 -  clearHangingRentalSupplies took 1.7881393432617188e-5
2024_11_03_T13:08:57 -  clearHouseMarket started
2024_11_03_T13:08:57 -  clearHouseMarket - first block took 0.019813060760498047
2024_11_03_T13:08:57 -  clearHouseMarket - second block took 0.0011839866638183594
2024_11_03_T13:08:57 -  clearHouseMarket - third block took 0.000164031982421875
2024_11_03_T13:08:57 -  clearRentalMarket started
2024_11_03_T13:08:57 -  clearRentalMarket - first block took 0.0023241043090820312
2024_11_03_T13:08:57 -  clearRentalMarket - second block took 8.797645568847656e-5
2024_11_03_T13:08:57 -  Model step took 0.0352020263671875 seconds
2024_11_03_T13:08:57 -  Metrics: sum_wealth took 4.410743713378906e-5
2024_11_03_T13:08:57 -  Metrics: wealth_distribution took 0.00035309791564941406
2024_11_03_T13:08:57 -  Metrics: money_distribution took 0.0003490447998046875
2024_11_03_T13:08:57 -  Metrics: size_distribution took 0.0002899169921875
2024_11_03_T13:08:57 -  Metrics: age_distribution took 0.0003561973571777344
2024_11_03_T13:08:59 -  Model step started
2024_11_03_T13:08:59 -  clearHangingSupplies started
2024_11_03_T13:08:59 -  clearHangingSupplies took 6.103515625e-5
2024_11_03_T13:08:59 -  clearHangingRentalSupplies started
2024_11_03_T13:08:59 -  clearHangingRentalSupplies took 1.5020370483398438e-5
2024_11_03_T13:08:59 -  clearHouseMarket started
2024_11_03_T13:08:59 -  clearHouseMarket - first block took 0.020674943923950195
2024_11_03_T13:08:59 -  clearHouseMarket - second block took 0.0008699893951416016
2024_11_03_T13:08:59 -  clearHouseMarket - third block took 0.00014710426330566406
2024_11_03_T13:08:59 -  clearRentalMarket started
2024_11_03_T13:08:59 -  clearRentalMarket - first block took 0.002162933349609375
2024_11_03_T13:08:59 -  clearRentalMarket - second block took 1.6927719116210938e-5
2024_11_03_T13:08:59 -  Model step took 0.033518075942993164 seconds
2024_11_03_T13:08:59 -  Metrics: sum_wealth took 3.790855407714844e-5
2024_11_03_T13:08:59 -  Metrics: wealth_distribution took 0.00037288665771484375
2024_11_03_T13:08:59 -  Metrics: money_distribution took 0.0003600120544433594
2024_11_03_T13:08:59 -  Metrics: size_distribution took 0.0002529621124267578
2024_11_03_T13:08:59 -  Metrics: age_distribution took 0.00028395652770996094
2024_11_03_T13:09:01 -  Model step started
2024_11_03_T13:09:01 -  clearHangingSupplies started
2024_11_03_T13:09:01 -  clearHangingSupplies took 4.792213439941406e-5
2024_11_03_T13:09:01 -  clearHangingRentalSupplies started
2024_11_03_T13:09:01 -  clearHangingRentalSupplies took 1.3113021850585938e-5
2024_11_03_T13:09:01 -  clearHouseMarket started
2024_11_03_T13:09:01 -  clearHouseMarket - first block took 0.017679929733276367
2024_11_03_T13:09:01 -  clearHouseMarket - second block took 0.0010712146759033203
2024_11_03_T13:09:01 -  clearHouseMarket - third block took 0.00011992454528808594
2024_11_03_T13:09:01 -  clearRentalMarket started
2024_11_03_T13:09:01 -  clearRentalMarket - first block took 0.002070188522338867
2024_11_03_T13:09:01 -  clearRentalMarket - second block took 2.2172927856445312e-5
2024_11_03_T13:09:01 -  Model step took 0.029881954193115234 seconds
2024_11_03_T13:09:01 -  Metrics: sum_wealth took 4.482269287109375e-5
2024_11_03_T13:09:01 -  Metrics: wealth_distribution took 0.00032806396484375
2024_11_03_T13:09:01 -  Metrics: money_distribution took 0.00036406517028808594
2024_11_03_T13:09:01 -  Metrics: size_distribution took 0.00026297569274902344
2024_11_03_T13:09:01 -  Metrics: age_distribution took 0.0003299713134765625
2024_11_03_T13:09:03 -  Model step started
2024_11_03_T13:09:03 -  clearHangingSupplies started
2024_11_03_T13:09:03 -  clearHangingSupplies took 8.606910705566406e-5
2024_11_03_T13:09:03 -  clearHangingRentalSupplies started
2024_11_03_T13:09:03 -  clearHangingRentalSupplies took 1.4066696166992188e-5
2024_11_03_T13:09:03 -  clearHouseMarket started
2024_11_03_T13:09:03 -  clearHouseMarket - first block took 0.021702051162719727
2024_11_03_T13:09:03 -  clearHouseMarket - second block took 0.0018811225891113281
2024_11_03_T13:09:03 -  clearHouseMarket - third block took 0.00017380714416503906
2024_11_03_T13:09:03 -  clearRentalMarket started
2024_11_03_T13:09:03 -  clearRentalMarket - first block took 0.002126932144165039
2024_11_03_T13:09:03 -  clearRentalMarket - second block took 3.409385681152344e-5
2024_11_03_T13:09:03 -  Model step took 0.03591513633728027 seconds
2024_11_03_T13:09:03 -  Metrics: sum_wealth took 4.601478576660156e-5
2024_11_03_T13:09:03 -  Metrics: wealth_distribution took 0.0003390312194824219
2024_11_03_T13:09:03 -  Metrics: money_distribution took 0.0003437995910644531
2024_11_03_T13:09:03 -  Metrics: size_distribution took 0.0002949237823486328
2024_11_03_T13:09:03 -  Metrics: age_distribution took 0.00035190582275390625
2024_11_03_T13:09:05 -  Model step started
2024_11_03_T13:09:05 -  clearHangingSupplies started
2024_11_03_T13:09:05 -  clearHangingSupplies took 5.2928924560546875e-5
2024_11_03_T13:09:05 -  clearHangingRentalSupplies started
2024_11_03_T13:09:05 -  clearHangingRentalSupplies took 1.811981201171875e-5
2024_11_03_T13:09:05 -  clearHouseMarket started
2024_11_03_T13:09:05 -  clearHouseMarket - first block took 0.01791095733642578
2024_11_03_T13:09:05 -  clearHouseMarket - second block took 0.0019419193267822266
2024_11_03_T13:09:05 -  clearHouseMarket - third block took 0.00021195411682128906
2024_11_03_T13:09:05 -  clearRentalMarket started
2024_11_03_T13:09:05 -  clearRentalMarket - first block took 0.0035130977630615234
2024_11_03_T13:09:05 -  clearRentalMarket - second block took 4.1961669921875e-5
2024_11_03_T13:09:05 -  Model step took 0.035388946533203125 seconds
2024_11_03_T13:09:05 -  Metrics: sum_wealth took 4.482269287109375e-5
2024_11_03_T13:09:05 -  Metrics: wealth_distribution took 0.0003910064697265625
2024_11_03_T13:09:05 -  Metrics: money_distribution took 0.0004429817199707031
2024_11_03_T13:09:05 -  Metrics: size_distribution took 0.0002689361572265625
2024_11_03_T13:09:05 -  Metrics: age_distribution took 0.0003161430358886719
2024_11_03_T13:09:08 -  Model step started
2024_11_03_T13:09:08 -  clearHangingSupplies started
2024_11_03_T13:09:08 -  clearHangingSupplies took 5.698204040527344e-5
2024_11_03_T13:09:08 -  clearHangingRentalSupplies started
2024_11_03_T13:09:08 -  clearHangingRentalSupplies took 1.4066696166992188e-5
2024_11_03_T13:09:08 -  clearHouseMarket started
2024_11_03_T13:09:08 -  clearHouseMarket - first block took 0.016066789627075195
2024_11_03_T13:09:08 -  clearHouseMarket - second block took 0.0010638236999511719
2024_11_03_T13:09:08 -  clearHouseMarket - third block took 0.00013399124145507812
2024_11_03_T13:09:08 -  clearRentalMarket started
2024_11_03_T13:09:08 -  clearRentalMarket - first block took 0.002042055130004883
2024_11_03_T13:09:08 -  clearRentalMarket - second block took 4.220008850097656e-5
2024_11_03_T13:09:08 -  Model step took 0.03359508514404297 seconds
2024_11_03_T13:09:08 -  Metrics: sum_wealth took 3.695487976074219e-5
2024_11_03_T13:09:08 -  Metrics: wealth_distribution took 0.0003559589385986328
2024_11_03_T13:09:08 -  Metrics: money_distribution took 0.0005040168762207031
2024_11_03_T13:09:08 -  Metrics: size_distribution took 0.00045680999755859375
2024_11_03_T13:09:08 -  Metrics: age_distribution took 0.0004448890686035156
2024_11_03_T13:09:10 -  Model step started
2024_11_03_T13:09:10 -  clearHangingSupplies started
2024_11_03_T13:09:10 -  clearHangingSupplies took 7.510185241699219e-5
2024_11_03_T13:09:10 -  clearHangingRentalSupplies started
2024_11_03_T13:09:10 -  clearHangingRentalSupplies took 1.6927719116210938e-5
2024_11_03_T13:09:10 -  clearHouseMarket started
2024_11_03_T13:09:10 -  clearHouseMarket - first block took 0.036396026611328125
2024_11_03_T13:09:10 -  clearHouseMarket - second block took 0.001605987548828125
2024_11_03_T13:09:10 -  clearHouseMarket - third block took 0.0001888275146484375
2024_11_03_T13:09:10 -  clearRentalMarket started
2024_11_03_T13:09:10 -  clearRentalMarket - first block took 0.0026798248291015625
2024_11_03_T13:09:10 -  clearRentalMarket - second block took 5.2928924560546875e-5
2024_11_03_T13:09:10 -  Model step took 0.07137894630432129 seconds
2024_11_03_T13:09:10 -  Metrics: sum_wealth took 5.817413330078125e-5
2024_11_03_T13:09:10 -  Metrics: wealth_distribution took 0.0003998279571533203
2024_11_03_T13:09:10 -  Metrics: money_distribution took 0.0004069805145263672
2024_11_03_T13:09:10 -  Metrics: size_distribution took 0.0003170967102050781
2024_11_03_T13:09:10 -  Metrics: age_distribution took 0.0003459453582763672
