2024_11_14_T12:21:04 -  finished initateHouses in 0.9334521293640137 seconds
2024_11_14_T12:21:04 -  finished initiateHouseholds in 1.1985740661621094 seconds
2024_11_14_T12:21:05 -  All houses for rental were assigned in Lisboa
2024_11_14_T12:21:05 -  All houses for rental were assigned in Lisboa
2024_11_14_T12:21:05 -  All houses for rental were assigned in Lisboa
2024_11_14_T12:21:05 -  All houses for rental were assigned in Lisboa
2024_11_14_T12:21:05 -  All houses for rental were assigned in Lisboa
2024_11_14_T12:21:05 -  All houses for rental were assigned in Lisboa
2024_11_14_T12:21:05 -  All houses for rental were assigned in Lisboa
2024_11_14_T12:21:05 -  All houses for rental were assigned in Lisboa
2024_11_14_T12:21:05 -  All houses for rental were assigned in Lisboa
2024_11_14_T12:21:05 -  All houses for rental were assigned in Lisboa
2024_11_14_T12:21:05 -  All houses for rental were assigned in Lisboa
2024_11_14_T12:21:05 -  All houses for rental were assigned in Lisboa
2024_11_14_T12:21:05 -  All houses for rental were assigned in Lisboa
2024_11_14_T12:21:05 -  All houses for rental were assigned in Lisboa
2024_11_14_T12:21:05 -  All houses for rental were assigned in Lisboa
2024_11_14_T12:21:05 -  All houses for rental were assigned in Lisboa
2024_11_14_T12:21:05 -  All houses for rental were assigned in Lisboa
2024_11_14_T12:21:05 -  All houses for rental were assigned in Lisboa
2024_11_14_T12:21:05 -  All houses for rental were assigned in Lisboa
2024_11_14_T12:21:05 -  All houses for rental were assigned in Lisboa
2024_11_14_T12:21:05 -  All houses for rental were assigned in Lisboa
2024_11_14_T12:21:05 -  All houses for rental were assigned in Lisboa
2024_11_14_T12:21:05 -  All houses for rental were assigned in Lisboa
2024_11_14_T12:21:05 -  All houses for rental were assigned in Lisboa
2024_11_14_T12:21:05 -  All houses for rental were assigned in Lisboa
2024_11_14_T12:21:05 -  All houses for rental were assigned in Lisboa
2024_11_14_T12:21:05 -  All houses for rental were assigned in Lisboa
2024_11_14_T12:21:05 -  All houses for rental were assigned in Lisboa
2024_11_14_T12:21:05 -  All houses for rental were assigned in Lisboa
2024_11_14_T12:21:05 -  All houses for rental were assigned in Lisboa
2024_11_14_T12:21:05 -  All houses for rental were assigned in Lisboa
2024_11_14_T12:21:05 -  finished assignHousesToHouseholds in 1.677164077758789 seconds
2024_11_14_T12:21:09 -  Metrics: sum_wealth took 1.9073486328125e-6
2024_11_14_T12:21:10 -  Metrics: wealth_distribution took 5.0067901611328125e-6
2024_11_14_T12:21:10 -  Metrics: money_distribution took 4.0531158447265625e-6
2024_11_14_T12:21:10 -  Metrics: size_distribution took 5.0067901611328125e-6
2024_11_14_T12:21:10 -  Metrics: age_distribution took 5.0067901611328125e-6
2024_11_14_T12:21:12 -  Metrics: sum_wealth took 6.9141387939453125e-6
2024_11_14_T12:21:13 -  Metrics: wealth_distribution took 0.009239912033081055
2024_11_14_T12:21:13 -  Metrics: money_distribution took 6.413459777832031e-5
2024_11_14_T12:21:13 -  Metrics: size_distribution took 0.009891986846923828
2024_11_14_T12:21:13 -  Metrics: age_distribution took 7.176399230957031e-5
2024_11_14_T12:21:14 -  Model step started
2024_11_14_T12:21:14 -  clearHangingSupplies started
2024_11_14_T12:21:14 -  clearHangingSupplies took 0.004474163055419922
2024_11_14_T12:21:14 -  clearHangingRentalSupplies started
2024_11_14_T12:21:14 -  clearHangingRentalSupplies took 0.010879993438720703
2024_11_14_T12:21:14 -  clearHouseMarket started
2024_11_14_T12:21:15 -  clearHouseMarket - first block took 0.3009529113769531
2024_11_14_T12:21:15 -  clearHouseMarket - second block took 0.38700389862060547
2024_11_14_T12:21:15 -  clearHouseMarket - third block took 0.018187999725341797
2024_11_14_T12:21:15 -  clearRentalMarket started
2024_11_14_T12:21:15 -  clearRentalMarket - first block took 0.17068982124328613
2024_11_14_T12:21:15 -  clearRentalMarket - second block took 0.0974280834197998
2024_11_14_T12:21:15 -  Model step took 1.5299670696258545 seconds
2024_11_14_T12:21:15 -  Metrics: sum_wealth took 1.2874603271484375e-5
2024_11_14_T12:21:15 -  Metrics: wealth_distribution took 5.3882598876953125e-5
2024_11_14_T12:21:15 -  Metrics: money_distribution took 4.315376281738281e-5
2024_11_14_T12:21:15 -  Metrics: size_distribution took 3.814697265625e-5
2024_11_14_T12:21:15 -  Metrics: age_distribution took 4.291534423828125e-5
2024_11_14_T12:21:16 -  Model step started
2024_11_14_T12:21:16 -  clearHangingSupplies started
2024_11_14_T12:21:16 -  clearHangingSupplies took 2.3126602172851562e-5
2024_11_14_T12:21:16 -  clearHangingRentalSupplies started
2024_11_14_T12:21:16 -  clearHangingRentalSupplies took 1.1920928955078125e-5
2024_11_14_T12:21:16 -  clearHouseMarket started
2024_11_14_T12:21:16 -  clearHouseMarket - first block took 0.013289928436279297
2024_11_14_T12:21:16 -  clearHouseMarket - second block took 0.06020092964172363
2024_11_14_T12:21:16 -  clearHouseMarket - third block took 7.319450378417969e-5
2024_11_14_T12:21:16 -  clearRentalMarket started
2024_11_14_T12:21:16 -  clearRentalMarket - first block took 0.00015783309936523438
2024_11_14_T12:21:16 -  clearRentalMarket - second block took 1.3828277587890625e-5
2024_11_14_T12:21:16 -  Model step took 0.07703900337219238 seconds
2024_11_14_T12:21:16 -  Metrics: sum_wealth took 1.9788742065429688e-5
2024_11_14_T12:21:16 -  Metrics: wealth_distribution took 7.009506225585938e-5
2024_11_14_T12:21:16 -  Metrics: money_distribution took 4.792213439941406e-5
2024_11_14_T12:21:16 -  Metrics: size_distribution took 3.504753112792969e-5
2024_11_14_T12:21:16 -  Metrics: age_distribution took 3.814697265625e-5
2024_11_14_T12:21:17 -  Model step started
2024_11_14_T12:21:17 -  clearHangingSupplies started
2024_11_14_T12:21:17 -  clearHangingSupplies took 3.1948089599609375e-5
2024_11_14_T12:21:17 -  clearHangingRentalSupplies started
2024_11_14_T12:21:17 -  clearHangingRentalSupplies took 8.106231689453125e-6
2024_11_14_T12:21:17 -  clearHouseMarket started
2024_11_14_T12:21:17 -  clearHouseMarket - first block took 0.0010728836059570312
2024_11_14_T12:21:17 -  clearHouseMarket - second block took 1.6927719116210938e-5
2024_11_14_T12:21:17 -  clearHouseMarket - third block took 2.4080276489257812e-5
2024_11_14_T12:21:17 -  clearRentalMarket started
2024_11_14_T12:21:17 -  clearRentalMarket - first block took 9.417533874511719e-5
2024_11_14_T12:21:17 -  clearRentalMarket - second block took 3.409385681152344e-5
2024_11_14_T12:21:17 -  Model step took 0.0044291019439697266 seconds
2024_11_14_T12:21:17 -  Metrics: sum_wealth took 6.9141387939453125e-6
2024_11_14_T12:21:17 -  Metrics: wealth_distribution took 5.698204040527344e-5
2024_11_14_T12:21:17 -  Metrics: money_distribution took 4.482269287109375e-5
2024_11_14_T12:21:17 -  Metrics: size_distribution took 3.4809112548828125e-5
2024_11_14_T12:21:17 -  Metrics: age_distribution took 4.220008850097656e-5
2024_11_14_T12:21:17 -  Model step started
2024_11_14_T12:21:17 -  clearHangingSupplies started
2024_11_14_T12:21:17 -  clearHangingSupplies took 3.409385681152344e-5
2024_11_14_T12:21:17 -  clearHangingRentalSupplies started
2024_11_14_T12:21:17 -  clearHangingRentalSupplies took 9.059906005859375e-6
2024_11_14_T12:21:17 -  clearHouseMarket started
2024_11_14_T12:21:17 -  clearHouseMarket - first block took 0.0011429786682128906
2024_11_14_T12:21:17 -  clearHouseMarket - second block took 2.6941299438476562e-5
2024_11_14_T12:21:17 -  clearHouseMarket - third block took 2.193450927734375e-5
2024_11_14_T12:21:17 -  clearRentalMarket started
2024_11_14_T12:21:17 -  clearRentalMarket - first block took 5.793571472167969e-5
2024_11_14_T12:21:17 -  clearRentalMarket - second block took 5.0067901611328125e-6
2024_11_14_T12:21:17 -  Model step took 0.0039479732513427734 seconds
2024_11_14_T12:21:17 -  Metrics: sum_wealth took 5.0067901611328125e-6
2024_11_14_T12:21:17 -  Metrics: wealth_distribution took 9.584426879882812e-5
2024_11_14_T12:21:17 -  Metrics: money_distribution took 5.91278076171875e-5
2024_11_14_T12:21:17 -  Metrics: size_distribution took 3.695487976074219e-5
2024_11_14_T12:21:17 -  Metrics: age_distribution took 4.00543212890625e-5
2024_11_14_T12:21:17 -  Model step started
2024_11_14_T12:21:17 -  clearHangingSupplies started
2024_11_14_T12:21:17 -  clearHangingSupplies took 2.9087066650390625e-5
2024_11_14_T12:21:17 -  clearHangingRentalSupplies started
2024_11_14_T12:21:17 -  clearHangingRentalSupplies took 1.1205673217773438e-5
2024_11_14_T12:21:17 -  clearHouseMarket started
2024_11_14_T12:21:17 -  clearHouseMarket - first block took 0.001168966293334961
2024_11_14_T12:21:17 -  clearHouseMarket - second block took 0.0007619857788085938
2024_11_14_T12:21:17 -  clearHouseMarket - third block took 3.814697265625e-5
2024_11_14_T12:21:17 -  clearRentalMarket started
2024_11_14_T12:21:17 -  clearRentalMarket - first block took 9.393692016601562e-5
2024_11_14_T12:21:17 -  clearRentalMarket - second block took 2.5033950805664062e-5
2024_11_14_T12:21:17 -  Model step took 0.005928993225097656 seconds
2024_11_14_T12:21:17 -  Metrics: sum_wealth took 3.0994415283203125e-5
2024_11_14_T12:21:17 -  Metrics: wealth_distribution took 8.797645568847656e-5
2024_11_14_T12:21:17 -  Metrics: money_distribution took 7.009506225585938e-5
2024_11_14_T12:21:17 -  Metrics: size_distribution took 4.482269287109375e-5
2024_11_14_T12:21:17 -  Metrics: age_distribution took 0.00010800361633300781
2024_11_14_T12:21:17 -  Model step started
2024_11_14_T12:21:17 -  clearHangingSupplies started
2024_11_14_T12:21:17 -  clearHangingSupplies took 1.5020370483398438e-5
2024_11_14_T12:21:17 -  clearHangingRentalSupplies started
2024_11_14_T12:21:17 -  clearHangingRentalSupplies took 5.9604644775390625e-6
2024_11_14_T12:21:17 -  clearHouseMarket started
2024_11_14_T12:21:17 -  clearHouseMarket - first block took 0.0012121200561523438
2024_11_14_T12:21:17 -  clearHouseMarket - second block took 0.0008139610290527344
2024_11_14_T12:21:17 -  clearHouseMarket - third block took 3.600120544433594e-5
2024_11_14_T12:21:17 -  clearRentalMarket started
2024_11_14_T12:21:17 -  clearRentalMarket - first block took 8.392333984375e-5
2024_11_14_T12:21:17 -  clearRentalMarket - second block took 1.0967254638671875e-5
2024_11_14_T12:21:17 -  Model step took 0.005133152008056641 seconds
2024_11_14_T12:21:17 -  Metrics: sum_wealth took 8.106231689453125e-6
2024_11_14_T12:21:17 -  Metrics: wealth_distribution took 5.316734313964844e-5
2024_11_14_T12:21:17 -  Metrics: money_distribution took 0.00010585784912109375
2024_11_14_T12:21:17 -  Metrics: size_distribution took 9.202957153320312e-5
2024_11_14_T12:21:17 -  Metrics: age_distribution took 4.7206878662109375e-5
2024_11_14_T12:21:18 -  Model step started
2024_11_14_T12:21:18 -  clearHangingSupplies started
2024_11_14_T12:21:18 -  clearHangingSupplies took 4.291534423828125e-5
2024_11_14_T12:21:18 -  clearHangingRentalSupplies started
2024_11_14_T12:21:18 -  clearHangingRentalSupplies took 2.002716064453125e-5
2024_11_14_T12:21:18 -  clearHouseMarket started
2024_11_14_T12:21:18 -  clearHouseMarket - first block took 0.0014729499816894531
2024_11_14_T12:21:18 -  clearHouseMarket - second block took 0.0003581047058105469
2024_11_14_T12:21:18 -  clearHouseMarket - third block took 2.3126602172851562e-5
2024_11_14_T12:21:18 -  clearRentalMarket started
2024_11_14_T12:21:18 -  clearRentalMarket - first block took 8.296966552734375e-5
2024_11_14_T12:21:18 -  clearRentalMarket - second block took 3.910064697265625e-5
2024_11_14_T12:21:18 -  Model step took 0.006675004959106445 seconds
2024_11_14_T12:21:18 -  Metrics: sum_wealth took 1.0967254638671875e-5
2024_11_14_T12:21:18 -  Metrics: wealth_distribution took 5.2928924560546875e-5
2024_11_14_T12:21:18 -  Metrics: money_distribution took 4.792213439941406e-5
2024_11_14_T12:21:18 -  Metrics: size_distribution took 3.504753112792969e-5
2024_11_14_T12:21:18 -  Metrics: age_distribution took 4.792213439941406e-5
2024_11_14_T12:21:18 -  Model step started
2024_11_14_T12:21:18 -  clearHangingSupplies started
2024_11_14_T12:21:18 -  clearHangingSupplies took 1.1920928955078125e-5
2024_11_14_T12:21:18 -  clearHangingRentalSupplies started
2024_11_14_T12:21:18 -  clearHangingRentalSupplies took 6.9141387939453125e-6
2024_11_14_T12:21:18 -  clearHouseMarket started
2024_11_14_T12:21:18 -  clearHouseMarket - first block took 0.0009100437164306641
2024_11_14_T12:21:18 -  clearHouseMarket - second block took 1.3113021850585938e-5
2024_11_14_T12:21:18 -  clearHouseMarket - third block took 2.193450927734375e-5
2024_11_14_T12:21:18 -  clearRentalMarket started
2024_11_14_T12:21:18 -  clearRentalMarket - first block took 5.316734313964844e-5
2024_11_14_T12:21:18 -  clearRentalMarket - second block took 3.814697265625e-6
2024_11_14_T12:21:18 -  Model step took 0.003381967544555664 seconds
2024_11_14_T12:21:18 -  Metrics: sum_wealth took 5.9604644775390625e-6
2024_11_14_T12:21:18 -  Metrics: wealth_distribution took 6.604194641113281e-5
2024_11_14_T12:21:18 -  Metrics: money_distribution took 5.602836608886719e-5
2024_11_14_T12:21:18 -  Metrics: size_distribution took 3.981590270996094e-5
2024_11_14_T12:21:18 -  Metrics: age_distribution took 4.100799560546875e-5
2024_11_14_T12:21:18 -  Model step started
2024_11_14_T12:21:18 -  clearHangingSupplies started
2024_11_14_T12:21:18 -  clearHangingSupplies took 1.2874603271484375e-5
2024_11_14_T12:21:18 -  clearHangingRentalSupplies started
2024_11_14_T12:21:18 -  clearHangingRentalSupplies took 6.9141387939453125e-6
2024_11_14_T12:21:18 -  clearHouseMarket started
2024_11_14_T12:21:18 -  clearHouseMarket - first block took 0.0010750293731689453
2024_11_14_T12:21:18 -  clearHouseMarket - second block took 0.0003211498260498047
2024_11_14_T12:21:18 -  clearHouseMarket - third block took 2.5033950805664062e-5
2024_11_14_T12:21:18 -  clearRentalMarket started
2024_11_14_T12:21:18 -  clearRentalMarket - first block took 7.82012939453125e-5
2024_11_14_T12:21:18 -  clearRentalMarket - second block took 3.0040740966796875e-5
2024_11_14_T12:21:18 -  Model step took 0.0038068294525146484 seconds
2024_11_14_T12:21:18 -  Metrics: sum_wealth took 2.2172927856445312e-5
2024_11_14_T12:21:18 -  Metrics: wealth_distribution took 8.106231689453125e-5
2024_11_14_T12:21:18 -  Metrics: money_distribution took 4.410743713378906e-5
2024_11_14_T12:21:18 -  Metrics: size_distribution took 3.2901763916015625e-5
2024_11_14_T12:21:18 -  Metrics: age_distribution took 4.1961669921875e-5
2024_11_14_T12:21:19 -  Model step started
2024_11_14_T12:21:19 -  clearHangingSupplies started
2024_11_14_T12:21:19 -  clearHangingSupplies took 1.5974044799804688e-5
2024_11_14_T12:21:19 -  clearHangingRentalSupplies started
2024_11_14_T12:21:19 -  clearHangingRentalSupplies took 5.9604644775390625e-6
2024_11_14_T12:21:19 -  clearHouseMarket started
2024_11_14_T12:21:19 -  clearHouseMarket - first block took 0.0009839534759521484
2024_11_14_T12:21:19 -  clearHouseMarket - second block took 0.00030422210693359375
2024_11_14_T12:21:19 -  clearHouseMarket - third block took 2.3126602172851562e-5
2024_11_14_T12:21:19 -  clearRentalMarket started
2024_11_14_T12:21:19 -  clearRentalMarket - first block took 6.198883056640625e-5
2024_11_14_T12:21:19 -  clearRentalMarket - second block took 1.9073486328125e-5
2024_11_14_T12:21:19 -  Model step took 0.004510164260864258 seconds
2024_11_14_T12:21:19 -  Metrics: sum_wealth took 7.867813110351562e-6
2024_11_14_T12:21:19 -  Metrics: wealth_distribution took 4.887580871582031e-5
2024_11_14_T12:21:19 -  Metrics: money_distribution took 4.601478576660156e-5
2024_11_14_T12:21:19 -  Metrics: size_distribution took 5.4836273193359375e-5
2024_11_14_T12:21:19 -  Metrics: age_distribution took 5.1975250244140625e-5
2024_11_14_T12:21:19 -  Model step started
2024_11_14_T12:21:19 -  clearHangingSupplies started
2024_11_14_T12:21:19 -  clearHangingSupplies took 1.0967254638671875e-5
2024_11_14_T12:21:19 -  clearHangingRentalSupplies started
2024_11_14_T12:21:19 -  clearHangingRentalSupplies took 5.0067901611328125e-6
2024_11_14_T12:21:19 -  clearHouseMarket started
2024_11_14_T12:21:19 -  clearHouseMarket - first block took 0.0005819797515869141
2024_11_14_T12:21:19 -  clearHouseMarket - second block took 7.867813110351562e-6
2024_11_14_T12:21:19 -  clearHouseMarket - third block took 2.384185791015625e-5
2024_11_14_T12:21:19 -  clearRentalMarket started
2024_11_14_T12:21:19 -  clearRentalMarket - first block took 4.315376281738281e-5
2024_11_14_T12:21:19 -  clearRentalMarket - second block took 3.3855438232421875e-5
2024_11_14_T12:21:19 -  Model step took 0.0030879974365234375 seconds
2024_11_14_T12:21:19 -  Metrics: sum_wealth took 7.152557373046875e-6
2024_11_14_T12:21:19 -  Metrics: wealth_distribution took 0.00013399124145507812
2024_11_14_T12:21:19 -  Metrics: money_distribution took 7.009506225585938e-5
2024_11_14_T12:21:19 -  Metrics: size_distribution took 3.4809112548828125e-5
2024_11_14_T12:21:19 -  Metrics: age_distribution took 4.506111145019531e-5
2024_11_14_T12:21:19 -  Model step started
2024_11_14_T12:21:19 -  clearHangingSupplies started
2024_11_14_T12:21:19 -  clearHangingSupplies took 1.1205673217773438e-5
2024_11_14_T12:21:19 -  clearHangingRentalSupplies started
2024_11_14_T12:21:19 -  clearHangingRentalSupplies took 1.9073486328125e-6
2024_11_14_T12:21:19 -  clearHouseMarket started
2024_11_14_T12:21:19 -  clearHouseMarket - first block took 0.0006392002105712891
2024_11_14_T12:21:19 -  clearHouseMarket - second block took 1.3113021850585938e-5
2024_11_14_T12:21:19 -  clearHouseMarket - third block took 2.09808349609375e-5
2024_11_14_T12:21:19 -  clearRentalMarket started
2024_11_14_T12:21:19 -  clearRentalMarket - first block took 1.0013580322265625e-5
2024_11_14_T12:21:19 -  clearRentalMarket - second block took 9.5367431640625e-7
2024_11_14_T12:21:19 -  Model step took 0.06514501571655273 seconds
2024_11_14_T12:21:19 -  Metrics: sum_wealth took 7.152557373046875e-6
2024_11_14_T12:21:19 -  Metrics: wealth_distribution took 0.0001239776611328125
2024_11_14_T12:21:19 -  Metrics: money_distribution took 7.390975952148438e-5
2024_11_14_T12:21:19 -  Metrics: size_distribution took 5.1975250244140625e-5
2024_11_14_T12:21:19 -  Metrics: age_distribution took 5.602836608886719e-5
2024_11_14_T12:21:20 -  Model step started
2024_11_14_T12:21:20 -  clearHangingSupplies started
2024_11_14_T12:21:20 -  clearHangingSupplies took 2.8133392333984375e-5
2024_11_14_T12:21:20 -  clearHangingRentalSupplies started
2024_11_14_T12:21:20 -  clearHangingRentalSupplies took 3.0994415283203125e-6
2024_11_14_T12:21:20 -  clearHouseMarket started
2024_11_14_T12:21:20 -  clearHouseMarket - first block took 0.0007071495056152344
2024_11_14_T12:21:20 -  clearHouseMarket - second block took 0.00047707557678222656
2024_11_14_T12:21:20 -  clearHouseMarket - third block took 5.602836608886719e-5
2024_11_14_T12:21:20 -  clearRentalMarket started
2024_11_14_T12:21:20 -  clearRentalMarket - first block took 1.9073486328125e-5
2024_11_14_T12:21:20 -  clearRentalMarket - second block took 1.9073486328125e-6
2024_11_14_T12:21:20 -  Model step took 0.005918979644775391 seconds
2024_11_14_T12:21:20 -  Metrics: sum_wealth took 1.0967254638671875e-5
2024_11_14_T12:21:20 -  Metrics: wealth_distribution took 6.890296936035156e-5
2024_11_14_T12:21:20 -  Metrics: money_distribution took 6.008148193359375e-5
2024_11_14_T12:21:20 -  Metrics: size_distribution took 3.504753112792969e-5
2024_11_14_T12:21:20 -  Metrics: age_distribution took 4.410743713378906e-5
2024_11_14_T12:21:20 -  Model step started
2024_11_14_T12:21:20 -  clearHangingSupplies started
2024_11_14_T12:21:20 -  clearHangingSupplies took 1.3113021850585938e-5
2024_11_14_T12:21:20 -  clearHangingRentalSupplies started
2024_11_14_T12:21:20 -  clearHangingRentalSupplies took 2.1457672119140625e-6
2024_11_14_T12:21:20 -  clearHouseMarket started
2024_11_14_T12:21:20 -  clearHouseMarket - first block took 0.0004699230194091797
2024_11_14_T12:21:20 -  clearHouseMarket - second block took 9.059906005859375e-6
2024_11_14_T12:21:20 -  clearHouseMarket - third block took 2.5033950805664062e-5
2024_11_14_T12:21:20 -  clearRentalMarket started
2024_11_14_T12:21:20 -  clearRentalMarket - first block took 7.867813110351562e-6
2024_11_14_T12:21:20 -  clearRentalMarket - second block took 9.5367431640625e-7
2024_11_14_T12:21:20 -  Model step took 0.002889871597290039 seconds
2024_11_14_T12:21:20 -  Metrics: sum_wealth took 5.9604644775390625e-6
2024_11_14_T12:21:20 -  Metrics: wealth_distribution took 6.103515625e-5
2024_11_14_T12:21:20 -  Metrics: money_distribution took 5.793571472167969e-5
2024_11_14_T12:21:20 -  Metrics: size_distribution took 3.4809112548828125e-5
2024_11_14_T12:21:20 -  Metrics: age_distribution took 5.507469177246094e-5
2024_11_14_T12:21:20 -  Model step started
2024_11_14_T12:21:20 -  clearHangingSupplies started
2024_11_14_T12:21:20 -  clearHangingSupplies took 1.0967254638671875e-5
2024_11_14_T12:21:20 -  clearHangingRentalSupplies started
2024_11_14_T12:21:20 -  clearHangingRentalSupplies took 3.0994415283203125e-6
2024_11_14_T12:21:20 -  clearHouseMarket started
2024_11_14_T12:21:20 -  clearHouseMarket - first block took 0.00039196014404296875
2024_11_14_T12:21:20 -  clearHouseMarket - second block took 2.7179718017578125e-5
2024_11_14_T12:21:20 -  clearHouseMarket - third block took 2.4080276489257812e-5
2024_11_14_T12:21:20 -  clearRentalMarket started
2024_11_14_T12:21:20 -  clearRentalMarket - first block took 1.0013580322265625e-5
2024_11_14_T12:21:20 -  clearRentalMarket - second block took 9.5367431640625e-7
2024_11_14_T12:21:20 -  Model step took 0.002955198287963867 seconds
2024_11_14_T12:21:20 -  Metrics: sum_wealth took 5.9604644775390625e-6
2024_11_14_T12:21:20 -  Metrics: wealth_distribution took 8.893013000488281e-5
2024_11_14_T12:21:20 -  Metrics: money_distribution took 7.295608520507812e-5
2024_11_14_T12:21:20 -  Metrics: size_distribution took 3.504753112792969e-5
2024_11_14_T12:21:20 -  Metrics: age_distribution took 4.887580871582031e-5
2024_11_14_T12:21:21 -  Model step started
2024_11_14_T12:21:21 -  clearHangingSupplies started
2024_11_14_T12:21:21 -  clearHangingSupplies took 1.0967254638671875e-5
2024_11_14_T12:21:21 -  clearHangingRentalSupplies started
2024_11_14_T12:21:21 -  clearHangingRentalSupplies took 1.9073486328125e-6
2024_11_14_T12:21:21 -  clearHouseMarket started
2024_11_14_T12:21:21 -  clearHouseMarket - first block took 0.0007960796356201172
2024_11_14_T12:21:21 -  clearHouseMarket - second block took 0.0012271404266357422
2024_11_14_T12:21:21 -  clearHouseMarket - third block took 6.198883056640625e-5
2024_11_14_T12:21:21 -  clearRentalMarket started
2024_11_14_T12:21:21 -  clearRentalMarket - first block took 1.811981201171875e-5
2024_11_14_T12:21:21 -  clearRentalMarket - second block took 1.9073486328125e-6
2024_11_14_T12:21:21 -  Model step took 0.0063021183013916016 seconds
2024_11_14_T12:21:21 -  Metrics: sum_wealth took 7.867813110351562e-6
2024_11_14_T12:21:21 -  Metrics: wealth_distribution took 0.00015211105346679688
2024_11_14_T12:21:21 -  Metrics: money_distribution took 8.702278137207031e-5
2024_11_14_T12:21:21 -  Metrics: size_distribution took 8.511543273925781e-5
2024_11_14_T12:21:21 -  Metrics: age_distribution took 7.915496826171875e-5
2024_11_14_T12:21:21 -  Model step started
2024_11_14_T12:21:21 -  clearHangingSupplies started
2024_11_14_T12:21:21 -  clearHangingSupplies took 1.5020370483398438e-5
2024_11_14_T12:21:21 -  clearHangingRentalSupplies started
2024_11_14_T12:21:21 -  clearHangingRentalSupplies took 1.9073486328125e-6
2024_11_14_T12:21:21 -  clearHouseMarket started
2024_11_14_T12:21:21 -  clearHouseMarket - first block took 0.0004048347473144531
2024_11_14_T12:21:21 -  clearHouseMarket - second block took 1.0013580322265625e-5
2024_11_14_T12:21:21 -  clearHouseMarket - third block took 2.5987625122070312e-5
2024_11_14_T12:21:21 -  clearRentalMarket started
2024_11_14_T12:21:21 -  clearRentalMarket - first block took 1.0013580322265625e-5
2024_11_14_T12:21:21 -  clearRentalMarket - second block took 9.5367431640625e-7
2024_11_14_T12:21:21 -  Model step took 0.004261970520019531 seconds
2024_11_14_T12:21:21 -  Metrics: sum_wealth took 1.2874603271484375e-5
2024_11_14_T12:21:21 -  Metrics: wealth_distribution took 6.604194641113281e-5
2024_11_14_T12:21:21 -  Metrics: money_distribution took 5.3882598876953125e-5
2024_11_14_T12:21:21 -  Metrics: size_distribution took 3.981590270996094e-5
2024_11_14_T12:21:21 -  Metrics: age_distribution took 5.2928924560546875e-5
2024_11_14_T12:21:22 -  Model step started
2024_11_14_T12:21:22 -  clearHangingSupplies started
2024_11_14_T12:21:22 -  clearHangingSupplies took 2.5033950805664062e-5
2024_11_14_T12:21:22 -  clearHangingRentalSupplies started
2024_11_14_T12:21:22 -  clearHangingRentalSupplies took 2.1457672119140625e-6
2024_11_14_T12:21:22 -  clearHouseMarket started
2024_11_14_T12:21:22 -  clearHouseMarket - first block took 0.0003879070281982422
2024_11_14_T12:21:22 -  clearHouseMarket - second block took 6.9141387939453125e-6
2024_11_14_T12:21:22 -  clearHouseMarket - third block took 2.3126602172851562e-5
2024_11_14_T12:21:22 -  clearRentalMarket started
2024_11_14_T12:21:22 -  clearRentalMarket - first block took 9.059906005859375e-6
2024_11_14_T12:21:22 -  clearRentalMarket - second block took 9.5367431640625e-7
2024_11_14_T12:21:22 -  Model step took 0.003345966339111328 seconds
2024_11_14_T12:21:22 -  Metrics: sum_wealth took 1.0967254638671875e-5
2024_11_14_T12:21:22 -  Metrics: wealth_distribution took 5.3882598876953125e-5
2024_11_14_T12:21:22 -  Metrics: money_distribution took 4.887580871582031e-5
2024_11_14_T12:21:22 -  Metrics: size_distribution took 3.695487976074219e-5
2024_11_14_T12:21:22 -  Metrics: age_distribution took 4.38690185546875e-5
2024_11_14_T12:21:22 -  Model step started
2024_11_14_T12:21:22 -  clearHangingSupplies started
2024_11_14_T12:21:22 -  clearHangingSupplies took 1.5020370483398438e-5
2024_11_14_T12:21:22 -  clearHangingRentalSupplies started
2024_11_14_T12:21:22 -  clearHangingRentalSupplies took 2.1457672119140625e-6
2024_11_14_T12:21:22 -  clearHouseMarket started
2024_11_14_T12:21:22 -  clearHouseMarket - first block took 0.0002880096435546875
2024_11_14_T12:21:22 -  clearHouseMarket - second block took 7.867813110351562e-6
2024_11_14_T12:21:22 -  clearHouseMarket - third block took 2.8133392333984375e-5
2024_11_14_T12:21:22 -  clearRentalMarket started
2024_11_14_T12:21:22 -  clearRentalMarket - first block took 1.1920928955078125e-5
2024_11_14_T12:21:22 -  clearRentalMarket - second block took 1.9073486328125e-6
2024_11_14_T12:21:22 -  Model step took 0.003996849060058594 seconds
2024_11_14_T12:21:22 -  Metrics: sum_wealth took 1.0967254638671875e-5
2024_11_14_T12:21:22 -  Metrics: wealth_distribution took 6.604194641113281e-5
2024_11_14_T12:21:22 -  Metrics: money_distribution took 7.486343383789062e-5
2024_11_14_T12:21:22 -  Metrics: size_distribution took 3.886222839355469e-5
2024_11_14_T12:21:22 -  Metrics: age_distribution took 0.0001201629638671875
2024_11_14_T12:21:23 -  Model step started
2024_11_14_T12:21:23 -  clearHangingSupplies started
2024_11_14_T12:21:23 -  clearHangingSupplies took 7.152557373046875e-6
2024_11_14_T12:21:23 -  clearHangingRentalSupplies started
2024_11_14_T12:21:23 -  clearHangingRentalSupplies took 1.9073486328125e-6
2024_11_14_T12:21:23 -  clearHouseMarket started
2024_11_14_T12:21:23 -  clearHouseMarket - first block took 0.00019884109497070312
2024_11_14_T12:21:23 -  clearHouseMarket - second block took 6.9141387939453125e-6
2024_11_14_T12:21:23 -  clearHouseMarket - third block took 2.5987625122070312e-5
2024_11_14_T12:21:23 -  clearRentalMarket started
2024_11_14_T12:21:23 -  clearRentalMarket - first block took 1.0013580322265625e-5
2024_11_14_T12:21:23 -  clearRentalMarket - second block took 1.1920928955078125e-6
2024_11_14_T12:21:23 -  Model step took 0.0027649402618408203 seconds
2024_11_14_T12:21:23 -  Metrics: sum_wealth took 8.106231689453125e-6
2024_11_14_T12:21:23 -  Metrics: wealth_distribution took 9.489059448242188e-5
2024_11_14_T12:21:23 -  Metrics: money_distribution took 5.1021575927734375e-5
2024_11_14_T12:21:23 -  Metrics: size_distribution took 4.100799560546875e-5
2024_11_14_T12:21:23 -  Metrics: age_distribution took 4.291534423828125e-5
2024_11_14_T12:21:23 -  Model step started
2024_11_14_T12:21:23 -  clearHangingSupplies started
2024_11_14_T12:21:23 -  clearHangingSupplies took 5.9604644775390625e-6
2024_11_14_T12:21:23 -  clearHangingRentalSupplies started
2024_11_14_T12:21:23 -  clearHangingRentalSupplies took 2.86102294921875e-6
2024_11_14_T12:21:23 -  clearHouseMarket started
2024_11_14_T12:21:23 -  clearHouseMarket - first block took 1.4781951904296875e-5
2024_11_14_T12:21:23 -  clearHouseMarket - second block took 9.5367431640625e-7
2024_11_14_T12:21:23 -  clearHouseMarket - third block took 3.695487976074219e-5
2024_11_14_T12:21:23 -  clearRentalMarket started
2024_11_14_T12:21:23 -  clearRentalMarket - first block took 6.9141387939453125e-6
2024_11_14_T12:21:23 -  clearRentalMarket - second block took 9.5367431640625e-7
2024_11_14_T12:21:23 -  Model step took 0.002462148666381836 seconds
2024_11_14_T12:21:23 -  Metrics: sum_wealth took 2.4080276489257812e-5
2024_11_14_T12:21:23 -  Metrics: wealth_distribution took 5.793571472167969e-5
2024_11_14_T12:21:23 -  Metrics: money_distribution took 5.2928924560546875e-5
2024_11_14_T12:21:23 -  Metrics: size_distribution took 3.695487976074219e-5
2024_11_14_T12:21:23 -  Metrics: age_distribution took 5.0067901611328125e-5
2024_11_14_T12:21:23 -  Model step started
2024_11_14_T12:21:23 -  clearHangingSupplies started
2024_11_14_T12:21:23 -  clearHangingSupplies took 5.9604644775390625e-6
2024_11_14_T12:21:23 -  clearHangingRentalSupplies started
2024_11_14_T12:21:23 -  clearHangingRentalSupplies took 2.1457672119140625e-6
2024_11_14_T12:21:23 -  clearHouseMarket started
2024_11_14_T12:21:23 -  clearHouseMarket - first block took 1.71661376953125e-5
2024_11_14_T12:21:23 -  clearHouseMarket - second block took 9.5367431640625e-7
2024_11_14_T12:21:23 -  clearHouseMarket - third block took 5.1975250244140625e-5
2024_11_14_T12:21:23 -  clearRentalMarket started
2024_11_14_T12:21:23 -  clearRentalMarket - first block took 8.106231689453125e-6
2024_11_14_T12:21:23 -  clearRentalMarket - second block took 9.5367431640625e-7
2024_11_14_T12:21:23 -  Model step took 0.002830028533935547 seconds
2024_11_14_T12:21:23 -  Metrics: sum_wealth took 2.193450927734375e-5
2024_11_14_T12:21:23 -  Metrics: wealth_distribution took 5.412101745605469e-5
2024_11_14_T12:21:23 -  Metrics: money_distribution took 4.506111145019531e-5
2024_11_14_T12:21:23 -  Metrics: size_distribution took 3.790855407714844e-5
2024_11_14_T12:21:23 -  Metrics: age_distribution took 4.887580871582031e-5
2024_11_14_T12:21:24 -  Model step started
2024_11_14_T12:21:24 -  clearHangingSupplies started
2024_11_14_T12:21:24 -  clearHangingSupplies took 2.86102294921875e-6
2024_11_14_T12:21:24 -  clearHangingRentalSupplies started
2024_11_14_T12:21:24 -  clearHangingRentalSupplies took 2.86102294921875e-6
2024_11_14_T12:21:24 -  clearHouseMarket started
2024_11_14_T12:21:24 -  clearHouseMarket - first block took 1.71661376953125e-5
2024_11_14_T12:21:24 -  clearHouseMarket - second block took 9.5367431640625e-7
2024_11_14_T12:21:24 -  clearHouseMarket - third block took 4.00543212890625e-5
2024_11_14_T12:21:24 -  clearRentalMarket started
2024_11_14_T12:21:24 -  clearRentalMarket - first block took 6.9141387939453125e-6
2024_11_14_T12:21:24 -  clearRentalMarket - second block took 2.1457672119140625e-6
2024_11_14_T12:21:24 -  Model step took 0.002360105514526367 seconds
2024_11_14_T12:21:24 -  Metrics: sum_wealth took 7.152557373046875e-6
2024_11_14_T12:21:24 -  Metrics: wealth_distribution took 5.412101745605469e-5
2024_11_14_T12:21:24 -  Metrics: money_distribution took 6.604194641113281e-5
2024_11_14_T12:21:24 -  Metrics: size_distribution took 4.100799560546875e-5
2024_11_14_T12:21:24 -  Metrics: age_distribution took 5.1021575927734375e-5
2024_11_14_T12:21:24 -  Model step started
2024_11_14_T12:21:24 -  clearHangingSupplies started
2024_11_14_T12:21:24 -  clearHangingSupplies took 3.0994415283203125e-6
2024_11_14_T12:21:24 -  clearHangingRentalSupplies started
2024_11_14_T12:21:24 -  clearHangingRentalSupplies took 2.86102294921875e-6
2024_11_14_T12:21:24 -  clearHouseMarket started
2024_11_14_T12:21:24 -  clearHouseMarket - first block took 1.621246337890625e-5
2024_11_14_T12:21:24 -  clearHouseMarket - second block took 9.5367431640625e-7
2024_11_14_T12:21:24 -  clearHouseMarket - third block took 3.814697265625e-5
2024_11_14_T12:21:24 -  clearRentalMarket started
2024_11_14_T12:21:24 -  clearRentalMarket - first block took 6.9141387939453125e-6
2024_11_14_T12:21:24 -  clearRentalMarket - second block took 1.1920928955078125e-6
2024_11_14_T12:21:24 -  Model step took 0.0034401416778564453 seconds
2024_11_14_T12:21:24 -  Metrics: sum_wealth took 7.867813110351562e-6
2024_11_14_T12:21:24 -  Metrics: wealth_distribution took 6.890296936035156e-5
2024_11_14_T12:21:24 -  Metrics: money_distribution took 5.1975250244140625e-5
2024_11_14_T12:21:24 -  Metrics: size_distribution took 3.695487976074219e-5
2024_11_14_T12:21:24 -  Metrics: age_distribution took 5.3882598876953125e-5
