2024_12_12_T17:03:50 -  finished initateHouses in 0.044632911682128906 seconds
2024_12_12_T17:03:50 -  finished initiateHouseholds in 0.2663869857788086 seconds
2024_12_12_T17:03:51 -  All houses for rental were assigned in Oeiras
2024_12_12_T17:03:51 -  All houses for rental were assigned in Oeiras
2024_12_12_T17:03:51 -  All houses for rental were assigned in Oeiras
2024_12_12_T17:03:51 -  All houses for rental were assigned in Oeiras
2024_12_12_T17:03:51 -  All houses for rental were assigned in Oeiras
2024_12_12_T17:03:51 -  All houses for rental were assigned in Oeiras
2024_12_12_T17:03:51 -  All houses for rental were assigned in Oeiras
2024_12_12_T17:03:51 -  All houses for rental were assigned in Oeiras
2024_12_12_T17:03:51 -  All houses for rental were assigned in Oeiras
2024_12_12_T17:03:51 -  All houses for rental were assigned in Oeiras
2024_12_12_T17:03:51 -  All houses for rental were assigned in Oeiras
2024_12_12_T17:03:51 -  All houses for rental were assigned in Oeiras
2024_12_12_T17:03:51 -  All houses for rental were assigned in Oeiras
2024_12_12_T17:03:51 -  All houses for rental were assigned in Oeiras
2024_12_12_T17:03:51 -  All houses for rental were assigned in Oeiras
2024_12_12_T17:03:51 -  All houses for rental were assigned in Oeiras
2024_12_12_T17:03:51 -  All houses for rental were assigned in Oeiras
2024_12_12_T17:03:51 -  All houses for rental were assigned in Oeiras
2024_12_12_T17:03:51 -  All houses for rental were assigned in Oeiras
2024_12_12_T17:03:51 -  All houses for rental were assigned in Oeiras
2024_12_12_T17:03:51 -  All houses for rental were assigned in Oeiras
2024_12_12_T17:03:51 -  All houses for rental were assigned in Oeiras
2024_12_12_T17:03:51 -  All houses for rental were assigned in Oeiras
2024_12_12_T17:03:51 -  All houses for rental were assigned in Oeiras
2024_12_12_T17:03:51 -  All houses for rental were assigned in Oeiras
2024_12_12_T17:03:51 -  All houses for rental were assigned in Oeiras
2024_12_12_T17:03:51 -  All houses for rental were assigned in Oeiras
2024_12_12_T17:03:51 -  All houses for rental were assigned in Oeiras
2024_12_12_T17:03:51 -  All houses for rental were assigned in Oeiras
2024_12_12_T17:03:51 -  All houses for rental were assigned in Oeiras
2024_12_12_T17:03:51 -  All houses for rental were assigned in Oeiras
2024_12_12_T17:03:51 -  All houses for rental were assigned in Oeiras
2024_12_12_T17:03:51 -  All houses for rental were assigned in Oeiras
2024_12_12_T17:03:51 -  All houses for rental were assigned in Oeiras
2024_12_12_T17:03:51 -  All houses for rental were assigned in Oeiras
2024_12_12_T17:03:51 -  All houses for rental were assigned in Oeiras
2024_12_12_T17:03:51 -  All houses for rental were assigned in Oeiras
2024_12_12_T17:03:51 -  All houses for rental were assigned in Oeiras
2024_12_12_T17:03:51 -  All houses for rental were assigned in Oeiras
2024_12_12_T17:03:51 -  All houses for rental were assigned in Oeiras
2024_12_12_T17:03:51 -  All houses for rental were assigned in Oeiras
2024_12_12_T17:03:51 -  All houses for rental were assigned in Oeiras
2024_12_12_T17:03:51 -  All houses for rental were assigned in Oeiras
2024_12_12_T17:03:51 -  All houses for rental were assigned in Oeiras
2024_12_12_T17:03:51 -  All houses for rental were assigned in Oeiras
2024_12_12_T17:03:51 -  All houses for rental were assigned in Oeiras
2024_12_12_T17:03:51 -  All houses for rental were assigned in Oeiras
2024_12_12_T17:03:51 -  All houses for rental were assigned in Oeiras
2024_12_12_T17:03:51 -  All houses for rental were assigned in Oeiras
2024_12_12_T17:03:51 -  All houses for rental were assigned in Oeiras
2024_12_12_T17:03:51 -  All houses for rental were assigned in Oeiras
2024_12_12_T17:03:51 -  All houses for rental were assigned in Oeiras
2024_12_12_T17:03:51 -  All houses for rental were assigned in Oeiras
2024_12_12_T17:03:51 -  All houses for rental were assigned in Oeiras
2024_12_12_T17:03:51 -  All houses for rental were assigned in Oeiras
2024_12_12_T17:03:51 -  All houses for rental were assigned in Oeiras
2024_12_12_T17:03:51 -  All houses for rental were assigned in Oeiras
2024_12_12_T17:03:51 -  All houses for rental were assigned in Oeiras
2024_12_12_T17:03:51 -  All houses for rental were assigned in Oeiras
2024_12_12_T17:03:51 -  All houses for rental were assigned in Oeiras
2024_12_12_T17:03:51 -  All houses for rental were assigned in Oeiras
2024_12_12_T17:03:51 -  All houses for rental were assigned in Oeiras
2024_12_12_T17:03:51 -  All houses for rental were assigned in Oeiras
2024_12_12_T17:03:51 -  All houses for rental were assigned in Oeiras
2024_12_12_T17:03:51 -  All houses for rental were assigned in Oeiras
2024_12_12_T17:03:51 -  All houses for rental were assigned in Oeiras
2024_12_12_T17:03:51 -  All houses for rental were assigned in Oeiras
2024_12_12_T17:03:51 -  All houses for rental were assigned in Oeiras
2024_12_12_T17:03:51 -  All houses for rental were assigned in Oeiras
2024_12_12_T17:03:51 -  All houses for rental were assigned in Oeiras
2024_12_12_T17:03:51 -  All houses for rental were assigned in Oeiras
2024_12_12_T17:03:51 -  All houses for rental were assigned in Oeiras
2024_12_12_T17:03:51 -  All houses for rental were assigned in Oeiras
2024_12_12_T17:03:51 -  All houses for rental were assigned in Oeiras
2024_12_12_T17:03:51 -  All houses for rental were assigned in Oeiras
2024_12_12_T17:03:51 -  All houses for rental were assigned in Oeiras
2024_12_12_T17:03:51 -  All houses for rental were assigned in Oeiras
2024_12_12_T17:03:51 -  All houses for rental were assigned in Oeiras
2024_12_12_T17:03:51 -  All houses for rental were assigned in Oeiras
2024_12_12_T17:03:51 -  All houses for rental were assigned in Oeiras
2024_12_12_T17:03:51 -  All houses for rental were assigned in Oeiras
2024_12_12_T17:03:51 -  All houses for rental were assigned in Oeiras
2024_12_12_T17:03:51 -  All houses for rental were assigned in Oeiras
2024_12_12_T17:03:51 -  All houses for rental were assigned in Oeiras
2024_12_12_T17:03:51 -  All houses for rental were assigned in Oeiras
2024_12_12_T17:03:51 -  All houses for rental were assigned in Oeiras
2024_12_12_T17:03:51 -  All houses for rental were assigned in Oeiras
2024_12_12_T17:03:51 -  All houses for rental were assigned in Oeiras
2024_12_12_T17:03:51 -  All houses for rental were assigned in Oeiras
2024_12_12_T17:03:51 -  All houses for rental were assigned in Oeiras
2024_12_12_T17:03:51 -  All houses for rental were assigned in Oeiras
2024_12_12_T17:03:51 -  All houses for rental were assigned in Oeiras
2024_12_12_T17:03:51 -  All houses for rental were assigned in Oeiras
2024_12_12_T17:03:51 -  All houses for rental were assigned in Oeiras
2024_12_12_T17:03:51 -  All houses for rental were assigned in Oeiras
2024_12_12_T17:03:51 -  All houses for rental were assigned in Oeiras
2024_12_12_T17:03:51 -  All houses for rental were assigned in Oeiras
2024_12_12_T17:03:51 -  All houses for rental were assigned in Oeiras
2024_12_12_T17:03:51 -  All houses for rental were assigned in Oeiras
2024_12_12_T17:03:51 -  All houses for rental were assigned in Oeiras
2024_12_12_T17:03:51 -  All houses for rental were assigned in Oeiras
2024_12_12_T17:03:51 -  All houses for rental were assigned in Oeiras
2024_12_12_T17:03:51 -  All houses for rental were assigned in Oeiras
2024_12_12_T17:03:51 -  All houses for rental were assigned in Oeiras
2024_12_12_T17:03:51 -  All houses for rental were assigned in Oeiras
2024_12_12_T17:03:51 -  All houses for rental were assigned in Oeiras
2024_12_12_T17:03:51 -  All houses for rental were assigned in Oeiras
2024_12_12_T17:03:51 -  All houses for rental were assigned in Oeiras
2024_12_12_T17:03:51 -  All houses for rental were assigned in Oeiras
2024_12_12_T17:03:51 -  All houses for rental were assigned in Oeiras
2024_12_12_T17:03:51 -  All houses for rental were assigned in Oeiras
2024_12_12_T17:03:51 -  All houses for rental were assigned in Oeiras
2024_12_12_T17:03:51 -  All houses for rental were assigned in Oeiras
2024_12_12_T17:03:51 -  All houses for rental were assigned in Oeiras
2024_12_12_T17:03:51 -  All houses for rental were assigned in Oeiras
2024_12_12_T17:03:51 -  All houses for rental were assigned in Oeiras
2024_12_12_T17:03:51 -  All houses for rental were assigned in Oeiras
2024_12_12_T17:03:51 -  All houses for rental were assigned in Oeiras
2024_12_12_T17:03:51 -  All houses for rental were assigned in Oeiras
2024_12_12_T17:03:51 -  All houses for rental were assigned in Oeiras
2024_12_12_T17:03:51 -  All houses for rental were assigned in Oeiras
2024_12_12_T17:03:51 -  All houses for rental were assigned in Oeiras
2024_12_12_T17:03:51 -  All houses for rental were assigned in Oeiras
2024_12_12_T17:03:51 -  All houses for rental were assigned in Oeiras
2024_12_12_T17:03:51 -  All houses for rental were assigned in Oeiras
2024_12_12_T17:03:51 -  All houses for rental were assigned in Oeiras
2024_12_12_T17:03:51 -  All houses for rental were assigned in Oeiras
2024_12_12_T17:03:51 -  All houses for rental were assigned in Oeiras
2024_12_12_T17:03:51 -  All houses for rental were assigned in Oeiras
2024_12_12_T17:03:51 -  All houses for rental were assigned in Oeiras
2024_12_12_T17:03:51 -  All houses for rental were assigned in Oeiras
2024_12_12_T17:03:51 -  All houses for rental were assigned in Oeiras
2024_12_12_T17:03:51 -  All houses for rental were assigned in Oeiras
2024_12_12_T17:03:51 -  All houses for rental were assigned in Oeiras
2024_12_12_T17:03:51 -  All houses for rental were assigned in Oeiras
2024_12_12_T17:03:51 -  All houses for rental were assigned in Oeiras
2024_12_12_T17:03:51 -  All houses for rental were assigned in Oeiras
2024_12_12_T17:03:51 -  All houses for rental were assigned in Oeiras
2024_12_12_T17:03:51 -  All houses for rental were assigned in Oeiras
2024_12_12_T17:03:51 -  All houses for rental were assigned in Oeiras
2024_12_12_T17:03:51 -  All houses for rental were assigned in Oeiras
2024_12_12_T17:03:51 -  All houses for rental were assigned in Oeiras
2024_12_12_T17:03:51 -  All houses for rental were assigned in Oeiras
2024_12_12_T17:03:51 -  All houses for rental were assigned in Oeiras
2024_12_12_T17:03:51 -  All houses for rental were assigned in Oeiras
2024_12_12_T17:03:51 -  All houses for rental were assigned in Oeiras
2024_12_12_T17:03:51 -  All houses for rental were assigned in Oeiras
2024_12_12_T17:03:51 -  All houses for rental were assigned in Oeiras
2024_12_12_T17:03:51 -  All houses for rental were assigned in Oeiras
2024_12_12_T17:03:51 -  All houses for rental were assigned in Oeiras
2024_12_12_T17:03:51 -  All houses for rental were assigned in Oeiras
2024_12_12_T17:03:51 -  All houses for rental were assigned in Oeiras
2024_12_12_T17:03:51 -  All houses for rental were assigned in Oeiras
2024_12_12_T17:03:51 -  All houses for rental were assigned in Oeiras
2024_12_12_T17:03:51 -  All houses for rental were assigned in Oeiras
2024_12_12_T17:03:51 -  All houses for rental were assigned in Oeiras
2024_12_12_T17:03:51 -  All houses for rental were assigned in Oeiras
2024_12_12_T17:03:51 -  All houses for rental were assigned in Oeiras
2024_12_12_T17:03:51 -  All houses for rental were assigned in Oeiras
2024_12_12_T17:03:51 -  All houses for rental were assigned in Oeiras
2024_12_12_T17:03:51 -  All houses for rental were assigned in Oeiras
2024_12_12_T17:03:51 -  All houses for rental were assigned in Oeiras
2024_12_12_T17:03:51 -  All houses for rental were assigned in Oeiras
2024_12_12_T17:03:51 -  All houses for rental were assigned in Oeiras
2024_12_12_T17:03:51 -  All houses for rental were assigned in Oeiras
2024_12_12_T17:03:51 -  All houses for rental were assigned in Oeiras
2024_12_12_T17:03:51 -  All houses for rental were assigned in Oeiras
2024_12_12_T17:03:51 -  All houses for rental were assigned in Oeiras
2024_12_12_T17:03:51 -  All houses for rental were assigned in Oeiras
2024_12_12_T17:03:51 -  All houses for rental were assigned in Oeiras
2024_12_12_T17:03:51 -  All houses for rental were assigned in Oeiras
2024_12_12_T17:03:51 -  All houses for rental were assigned in Oeiras
2024_12_12_T17:03:51 -  All houses for rental were assigned in Oeiras
2024_12_12_T17:03:51 -  All houses for rental were assigned in Oeiras
2024_12_12_T17:03:51 -  All houses for rental were assigned in Oeiras
2024_12_12_T17:03:51 -  All houses for rental were assigned in Oeiras
2024_12_12_T17:03:51 -  All houses for rental were assigned in Oeiras
2024_12_12_T17:03:51 -  All houses for rental were assigned in Oeiras
2024_12_12_T17:03:51 -  All houses for rental were assigned in Oeiras
2024_12_12_T17:03:51 -  All houses for rental were assigned in Oeiras
2024_12_12_T17:03:51 -  All houses for rental were assigned in Oeiras
2024_12_12_T17:03:51 -  All houses for rental were assigned in Oeiras
2024_12_12_T17:03:51 -  All houses for rental were assigned in Oeiras
2024_12_12_T17:03:51 -  All houses for rental were assigned in Oeiras
2024_12_12_T17:03:51 -  All houses for rental were assigned in Oeiras
2024_12_12_T17:03:51 -  All houses for rental were assigned in Oeiras
2024_12_12_T17:03:51 -  All houses for rental were assigned in Oeiras
2024_12_12_T17:03:51 -  All houses for rental were assigned in Oeiras
2024_12_12_T17:03:51 -  All houses for rental were assigned in Oeiras
2024_12_12_T17:03:51 -  All houses for rental were assigned in Oeiras
2024_12_12_T17:03:51 -  All houses for rental were assigned in Oeiras
2024_12_12_T17:03:51 -  All houses for rental were assigned in Oeiras
2024_12_12_T17:03:51 -  All houses for rental were assigned in Oeiras
2024_12_12_T17:03:51 -  All houses for rental were assigned in Oeiras
2024_12_12_T17:03:51 -  All houses for rental were assigned in Oeiras
2024_12_12_T17:03:51 -  All houses for rental were assigned in Oeiras
2024_12_12_T17:03:51 -  All houses for rental were assigned in Oeiras
2024_12_12_T17:03:51 -  All houses for rental were assigned in Oeiras
2024_12_12_T17:03:51 -  All houses for rental were assigned in Oeiras
2024_12_12_T17:03:51 -  All houses for rental were assigned in Oeiras
2024_12_12_T17:03:51 -  All home owners were assigned in Oeiras
2024_12_12_T17:03:51 -  All home owners were assigned in Oeiras
2024_12_12_T17:03:51 -  All home owners were assigned in Oeiras
2024_12_12_T17:03:51 -  All home owners were assigned in Oeiras
2024_12_12_T17:03:51 -  All home owners were assigned in Oeiras
2024_12_12_T17:03:51 -  All home owners were assigned in Oeiras
2024_12_12_T17:03:51 -  All home owners were assigned in Oeiras
2024_12_12_T17:03:51 -  All home owners were assigned in Oeiras
2024_12_12_T17:03:51 -  All home owners were assigned in Oeiras
2024_12_12_T17:03:51 -  All home owners were assigned in Oeiras
2024_12_12_T17:03:51 -  All home owners were assigned in Oeiras
2024_12_12_T17:03:51 -  All home owners were assigned in Oeiras
2024_12_12_T17:03:51 -  All home owners were assigned in Oeiras
2024_12_12_T17:03:51 -  All home owners were assigned in Oeiras
2024_12_12_T17:03:51 -  All home owners were assigned in Oeiras
2024_12_12_T17:03:51 -  All home owners were assigned in Oeiras
2024_12_12_T17:03:51 -  All home owners were assigned in Oeiras
2024_12_12_T17:03:51 -  All home owners were assigned in Oeiras
2024_12_12_T17:03:51 -  All home owners were assigned in Oeiras
2024_12_12_T17:03:51 -  All home owners were assigned in Oeiras
2024_12_12_T17:03:51 -  All home owners were assigned in Oeiras
2024_12_12_T17:03:51 -  All home owners were assigned in Oeiras
2024_12_12_T17:03:51 -  All home owners were assigned in Oeiras
2024_12_12_T17:03:51 -  All home owners were assigned in Oeiras
2024_12_12_T17:03:51 -  All home owners were assigned in Oeiras
2024_12_12_T17:03:51 -  All home owners were assigned in Oeiras
2024_12_12_T17:03:51 -  All home owners were assigned in Oeiras
2024_12_12_T17:03:51 -  All home owners were assigned in Oeiras
2024_12_12_T17:03:51 -  All home owners were assigned in Oeiras
2024_12_12_T17:03:51 -  All home owners were assigned in Oeiras
2024_12_12_T17:03:51 -  All home owners were assigned in Oeiras
2024_12_12_T17:03:51 -  All home owners were assigned in Oeiras
2024_12_12_T17:03:51 -  All home owners were assigned in Oeiras
2024_12_12_T17:03:51 -  All home owners were assigned in Oeiras
2024_12_12_T17:03:51 -  All home owners were assigned in Oeiras
2024_12_12_T17:03:51 -  All home owners were assigned in Oeiras
2024_12_12_T17:03:51 -  All home owners were assigned in Oeiras
2024_12_12_T17:03:51 -  All home owners were assigned in Oeiras
2024_12_12_T17:03:51 -  All home owners were assigned in Oeiras
2024_12_12_T17:03:51 -  All home owners were assigned in Oeiras
2024_12_12_T17:03:51 -  All home owners were assigned in Oeiras
2024_12_12_T17:03:51 -  All home owners were assigned in Oeiras
2024_12_12_T17:03:51 -  All home owners were assigned in Oeiras
2024_12_12_T17:03:51 -  All home owners were assigned in Oeiras
2024_12_12_T17:03:51 -  All home owners were assigned in Oeiras
2024_12_12_T17:03:51 -  All home owners were assigned in Oeiras
2024_12_12_T17:03:51 -  All home owners were assigned in Oeiras
2024_12_12_T17:03:51 -  All home owners were assigned in Oeiras
2024_12_12_T17:03:51 -  All home owners were assigned in Oeiras
2024_12_12_T17:03:51 -  All home owners were assigned in Oeiras
2024_12_12_T17:03:51 -  All home owners were assigned in Oeiras
2024_12_12_T17:03:51 -  All home owners were assigned in Oeiras
2024_12_12_T17:03:51 -  All home owners were assigned in Oeiras
2024_12_12_T17:03:51 -  All home owners were assigned in Oeiras
2024_12_12_T17:03:51 -  All home owners were assigned in Oeiras
2024_12_12_T17:03:51 -  All home owners were assigned in Oeiras
2024_12_12_T17:03:51 -  All home owners were assigned in Oeiras
2024_12_12_T17:03:51 -  All home owners were assigned in Oeiras
2024_12_12_T17:03:51 -  All home owners were assigned in Oeiras
2024_12_12_T17:03:51 -  All home owners were assigned in Oeiras
2024_12_12_T17:03:51 -  All home owners were assigned in Oeiras
2024_12_12_T17:03:51 -  All home owners were assigned in Oeiras
2024_12_12_T17:03:51 -  All home owners were assigned in Oeiras
2024_12_12_T17:03:51 -  All home owners were assigned in Oeiras
2024_12_12_T17:03:51 -  All home owners were assigned in Oeiras
2024_12_12_T17:03:51 -  All home owners were assigned in Oeiras
2024_12_12_T17:03:51 -  All home owners were assigned in Oeiras
2024_12_12_T17:03:51 -  All home owners were assigned in Oeiras
2024_12_12_T17:03:51 -  All home owners were assigned in Oeiras
2024_12_12_T17:03:51 -  All home owners were assigned in Oeiras
2024_12_12_T17:03:51 -  All home owners were assigned in Oeiras
2024_12_12_T17:03:51 -  All home owners were assigned in Oeiras
2024_12_12_T17:03:51 -  All home owners were assigned in Oeiras
2024_12_12_T17:03:51 -  All home owners were assigned in Oeiras
2024_12_12_T17:03:51 -  All home owners were assigned in Oeiras
2024_12_12_T17:03:51 -  All home owners were assigned in Oeiras
2024_12_12_T17:03:51 -  All home owners were assigned in Oeiras
2024_12_12_T17:03:51 -  All home owners were assigned in Oeiras
2024_12_12_T17:03:51 -  All home owners were assigned in Oeiras
2024_12_12_T17:03:51 -  All home owners were assigned in Oeiras
2024_12_12_T17:03:51 -  All home owners were assigned in Oeiras
2024_12_12_T17:03:51 -  All home owners were assigned in Oeiras
2024_12_12_T17:03:51 -  All home owners were assigned in Oeiras
2024_12_12_T17:03:51 -  All home owners were assigned in Oeiras
2024_12_12_T17:03:51 -  All home owners were assigned in Oeiras
2024_12_12_T17:03:51 -  All home owners were assigned in Oeiras
2024_12_12_T17:03:51 -  All home owners were assigned in Oeiras
2024_12_12_T17:03:51 -  All home owners were assigned in Oeiras
2024_12_12_T17:03:51 -  All home owners were assigned in Oeiras
2024_12_12_T17:03:51 -  All home owners were assigned in Oeiras
2024_12_12_T17:03:51 -  All home owners were assigned in Oeiras
2024_12_12_T17:03:51 -  All home owners were assigned in Oeiras
2024_12_12_T17:03:51 -  All home owners were assigned in Oeiras
2024_12_12_T17:03:51 -  All home owners were assigned in Oeiras
2024_12_12_T17:03:51 -  All home owners were assigned in Oeiras
2024_12_12_T17:03:51 -  All home owners were assigned in Oeiras
2024_12_12_T17:03:51 -  All home owners were assigned in Oeiras
2024_12_12_T17:03:51 -  All home owners were assigned in Oeiras
2024_12_12_T17:03:51 -  All home owners were assigned in Oeiras
2024_12_12_T17:03:51 -  All home owners were assigned in Oeiras
2024_12_12_T17:03:51 -  All home owners were assigned in Oeiras
2024_12_12_T17:03:51 -  All home owners were assigned in Oeiras
2024_12_12_T17:03:51 -  All home owners were assigned in Oeiras
2024_12_12_T17:03:51 -  All home owners were assigned in Oeiras
2024_12_12_T17:03:51 -  All home owners were assigned in Oeiras
2024_12_12_T17:03:51 -  All home owners were assigned in Oeiras
2024_12_12_T17:03:51 -  All home owners were assigned in Oeiras
2024_12_12_T17:03:51 -  All home owners were assigned in Oeiras
2024_12_12_T17:03:51 -  All home owners were assigned in Oeiras
2024_12_12_T17:03:51 -  All home owners were assigned in Oeiras
2024_12_12_T17:03:51 -  All home owners were assigned in Oeiras
2024_12_12_T17:03:51 -  All home owners were assigned in Oeiras
2024_12_12_T17:03:51 -  All home owners were assigned in Oeiras
2024_12_12_T17:03:51 -  All home owners were assigned in Oeiras
2024_12_12_T17:03:51 -  All home owners were assigned in Oeiras
2024_12_12_T17:03:51 -  All home owners were assigned in Oeiras
2024_12_12_T17:03:51 -  All home owners were assigned in Oeiras
2024_12_12_T17:03:51 -  All home owners were assigned in Oeiras
2024_12_12_T17:03:51 -  All home owners were assigned in Oeiras
2024_12_12_T17:03:51 -  All home owners were assigned in Oeiras
2024_12_12_T17:03:51 -  All home owners were assigned in Oeiras
2024_12_12_T17:03:51 -  All home owners were assigned in Oeiras
2024_12_12_T17:03:51 -  All home owners were assigned in Oeiras
2024_12_12_T17:03:51 -  All home owners were assigned in Oeiras
2024_12_12_T17:03:51 -  All home owners were assigned in Oeiras
2024_12_12_T17:03:51 -  All home owners were assigned in Oeiras
2024_12_12_T17:03:51 -  All home owners were assigned in Oeiras
2024_12_12_T17:03:51 -  All home owners were assigned in Oeiras
2024_12_12_T17:03:51 -  All home owners were assigned in Oeiras
2024_12_12_T17:03:51 -  All home owners were assigned in Oeiras
2024_12_12_T17:03:51 -  All home owners were assigned in Oeiras
2024_12_12_T17:03:51 -  All home owners were assigned in Oeiras
2024_12_12_T17:03:51 -  All home owners were assigned in Oeiras
2024_12_12_T17:03:51 -  All home owners were assigned in Oeiras
2024_12_12_T17:03:51 -  All home owners were assigned in Oeiras
2024_12_12_T17:03:51 -  All home owners were assigned in Oeiras
2024_12_12_T17:03:51 -  All home owners were assigned in Oeiras
2024_12_12_T17:03:51 -  All home owners were assigned in Oeiras
2024_12_12_T17:03:51 -  All home owners were assigned in Oeiras
2024_12_12_T17:03:51 -  All home owners were assigned in Oeiras
2024_12_12_T17:03:51 -  All home owners were assigned in Oeiras
2024_12_12_T17:03:51 -  All home owners were assigned in Oeiras
2024_12_12_T17:03:51 -  All home owners were assigned in Oeiras
2024_12_12_T17:03:51 -  All home owners were assigned in Oeiras
2024_12_12_T17:03:51 -  All home owners were assigned in Oeiras
2024_12_12_T17:03:51 -  All home owners were assigned in Oeiras
2024_12_12_T17:03:51 -  All home owners were assigned in Oeiras
2024_12_12_T17:03:51 -  All home owners were assigned in Oeiras
2024_12_12_T17:03:51 -  All home owners were assigned in Oeiras
2024_12_12_T17:03:51 -  All home owners were assigned in Oeiras
2024_12_12_T17:03:51 -  All home owners were assigned in Oeiras
2024_12_12_T17:03:51 -  All home owners were assigned in Oeiras
2024_12_12_T17:03:51 -  All home owners were assigned in Oeiras
2024_12_12_T17:03:51 -  All home owners were assigned in Oeiras
2024_12_12_T17:03:51 -  All home owners were assigned in Oeiras
2024_12_12_T17:03:51 -  All home owners were assigned in Oeiras
2024_12_12_T17:03:51 -  All home owners were assigned in Oeiras
2024_12_12_T17:03:51 -  All home owners were assigned in Oeiras
2024_12_12_T17:03:51 -  All home owners were assigned in Oeiras
2024_12_12_T17:03:51 -  All home owners were assigned in Oeiras
2024_12_12_T17:03:51 -  All home owners were assigned in Oeiras
2024_12_12_T17:03:51 -  All home owners were assigned in Oeiras
2024_12_12_T17:03:51 -  All home owners were assigned in Oeiras
2024_12_12_T17:03:51 -  All home owners were assigned in Oeiras
2024_12_12_T17:03:51 -  All home owners were assigned in Oeiras
2024_12_12_T17:03:51 -  All home owners were assigned in Oeiras
2024_12_12_T17:03:51 -  All home owners were assigned in Oeiras
2024_12_12_T17:03:51 -  All home owners were assigned in Oeiras
2024_12_12_T17:03:51 -  All home owners were assigned in Oeiras
2024_12_12_T17:03:51 -  All home owners were assigned in Oeiras
2024_12_12_T17:03:51 -  All home owners were assigned in Oeiras
2024_12_12_T17:03:51 -  All home owners were assigned in Oeiras
2024_12_12_T17:03:51 -  All home owners were assigned in Oeiras
2024_12_12_T17:03:51 -  All home owners were assigned in Oeiras
2024_12_12_T17:03:51 -  All home owners were assigned in Oeiras
2024_12_12_T17:03:51 -  All home owners were assigned in Oeiras
2024_12_12_T17:03:51 -  All home owners were assigned in Oeiras
2024_12_12_T17:03:51 -  All home owners were assigned in Oeiras
2024_12_12_T17:03:51 -  All home owners were assigned in Oeiras
2024_12_12_T17:03:51 -  All home owners were assigned in Oeiras
2024_12_12_T17:03:51 -  All home owners were assigned in Oeiras
2024_12_12_T17:03:51 -  All home owners were assigned in Oeiras
2024_12_12_T17:03:51 -  All home owners were assigned in Oeiras
2024_12_12_T17:03:51 -  All home owners were assigned in Oeiras
2024_12_12_T17:03:51 -  All home owners were assigned in Oeiras
2024_12_12_T17:03:51 -  All home owners were assigned in Oeiras
2024_12_12_T17:03:51 -  All home owners were assigned in Oeiras
2024_12_12_T17:03:51 -  All home owners were assigned in Oeiras
2024_12_12_T17:03:51 -  All home owners were assigned in Oeiras
2024_12_12_T17:03:51 -  All home owners were assigned in Oeiras
2024_12_12_T17:03:51 -  All home owners were assigned in Oeiras
2024_12_12_T17:03:51 -  All home owners were assigned in Oeiras
2024_12_12_T17:03:51 -  All home owners were assigned in Oeiras
2024_12_12_T17:03:51 -  All home owners were assigned in Oeiras
2024_12_12_T17:03:51 -  All home owners were assigned in Oeiras
2024_12_12_T17:03:51 -  All home owners were assigned in Oeiras
2024_12_12_T17:03:51 -  All home owners were assigned in Oeiras
2024_12_12_T17:03:51 -  All home owners were assigned in Oeiras
2024_12_12_T17:03:51 -  All home owners were assigned in Oeiras
2024_12_12_T17:03:51 -  All home owners were assigned in Oeiras
2024_12_12_T17:03:51 -  All home owners were assigned in Oeiras
2024_12_12_T17:03:51 -  All home owners were assigned in Oeiras
2024_12_12_T17:03:51 -  All home owners were assigned in Oeiras
2024_12_12_T17:03:51 -  All home owners were assigned in Oeiras
2024_12_12_T17:03:51 -  All home owners were assigned in Oeiras
2024_12_12_T17:03:51 -  All home owners were assigned in Oeiras
2024_12_12_T17:03:51 -  All home owners were assigned in Oeiras
2024_12_12_T17:03:51 -  All home owners were assigned in Oeiras
2024_12_12_T17:03:51 -  All home owners were assigned in Oeiras
2024_12_12_T17:03:51 -  All home owners were assigned in Oeiras
2024_12_12_T17:03:51 -  All home owners were assigned in Oeiras
2024_12_12_T17:03:51 -  All home owners were assigned in Oeiras
2024_12_12_T17:03:51 -  All home owners were assigned in Oeiras
2024_12_12_T17:03:51 -  All home owners were assigned in Oeiras
2024_12_12_T17:03:51 -  All home owners were assigned in Oeiras
2024_12_12_T17:03:51 -  All home owners were assigned in Oeiras
2024_12_12_T17:03:51 -  All home owners were assigned in Oeiras
2024_12_12_T17:03:51 -  All home owners were assigned in Oeiras
2024_12_12_T17:03:51 -  All home owners were assigned in Oeiras
2024_12_12_T17:03:51 -  All home owners were assigned in Oeiras
2024_12_12_T17:03:51 -  All home owners were assigned in Oeiras
2024_12_12_T17:03:51 -  All home owners were assigned in Oeiras
2024_12_12_T17:03:51 -  All home owners were assigned in Oeiras
2024_12_12_T17:03:51 -  All home owners were assigned in Oeiras
2024_12_12_T17:03:51 -  All home owners were assigned in Oeiras
2024_12_12_T17:03:51 -  All home owners were assigned in Oeiras
2024_12_12_T17:03:51 -  All home owners were assigned in Oeiras
2024_12_12_T17:03:51 -  All home owners were assigned in Oeiras
2024_12_12_T17:03:51 -  All home owners were assigned in Oeiras
2024_12_12_T17:03:51 -  All home owners were assigned in Oeiras
2024_12_12_T17:03:51 -  All home owners were assigned in Oeiras
2024_12_12_T17:03:51 -  All home owners were assigned in Oeiras
2024_12_12_T17:03:51 -  All home owners were assigned in Oeiras
2024_12_12_T17:03:51 -  All home owners were assigned in Oeiras
2024_12_12_T17:03:51 -  All home owners were assigned in Oeiras
2024_12_12_T17:03:51 -  All home owners were assigned in Oeiras
2024_12_12_T17:03:51 -  All home owners were assigned in Oeiras
2024_12_12_T17:03:51 -  All home owners were assigned in Oeiras
2024_12_12_T17:03:51 -  All home owners were assigned in Oeiras
2024_12_12_T17:03:51 -  All home owners were assigned in Oeiras
2024_12_12_T17:03:51 -  All home owners were assigned in Oeiras
2024_12_12_T17:03:51 -  All home owners were assigned in Oeiras
2024_12_12_T17:03:51 -  All home owners were assigned in Oeiras
2024_12_12_T17:03:51 -  All home owners were assigned in Oeiras
2024_12_12_T17:03:51 -  All home owners were assigned in Oeiras
2024_12_12_T17:03:51 -  All home owners were assigned in Oeiras
2024_12_12_T17:03:51 -  All home owners were assigned in Oeiras
2024_12_12_T17:03:51 -  All home owners were assigned in Oeiras
2024_12_12_T17:03:51 -  All home owners were assigned in Oeiras
2024_12_12_T17:03:51 -  All home owners were assigned in Oeiras
2024_12_12_T17:03:51 -  All home owners were assigned in Oeiras
2024_12_12_T17:03:51 -  All home owners were assigned in Oeiras
2024_12_12_T17:03:51 -  All home owners were assigned in Oeiras
2024_12_12_T17:03:51 -  All home owners were assigned in Oeiras
2024_12_12_T17:03:51 -  All home owners were assigned in Oeiras
2024_12_12_T17:03:51 -  All home owners were assigned in Oeiras
2024_12_12_T17:03:51 -  All home owners were assigned in Oeiras
2024_12_12_T17:03:51 -  All home owners were assigned in Oeiras
2024_12_12_T17:03:51 -  All home owners were assigned in Oeiras
2024_12_12_T17:03:51 -  All home owners were assigned in Oeiras
2024_12_12_T17:03:51 -  All home owners were assigned in Oeiras
2024_12_12_T17:03:51 -  All home owners were assigned in Oeiras
2024_12_12_T17:03:51 -  All home owners were assigned in Oeiras
2024_12_12_T17:03:51 -  All home owners were assigned in Oeiras
2024_12_12_T17:03:51 -  All home owners were assigned in Oeiras
2024_12_12_T17:03:51 -  All home owners were assigned in Oeiras
2024_12_12_T17:03:51 -  All home owners were assigned in Oeiras
2024_12_12_T17:03:51 -  All home owners were assigned in Oeiras
2024_12_12_T17:03:51 -  All home owners were assigned in Oeiras
2024_12_12_T17:03:51 -  All home owners were assigned in Oeiras
2024_12_12_T17:03:51 -  All home owners were assigned in Oeiras
2024_12_12_T17:03:51 -  All home owners were assigned in Oeiras
2024_12_12_T17:03:51 -  All home owners were assigned in Oeiras
2024_12_12_T17:03:51 -  All home owners were assigned in Oeiras
2024_12_12_T17:03:51 -  All home owners were assigned in Oeiras
2024_12_12_T17:03:51 -  All home owners were assigned in Oeiras
2024_12_12_T17:03:51 -  All home owners were assigned in Oeiras
2024_12_12_T17:03:51 -  All home owners were assigned in Oeiras
2024_12_12_T17:03:51 -  All home owners were assigned in Oeiras
2024_12_12_T17:03:51 -  All home owners were assigned in Oeiras
2024_12_12_T17:03:51 -  All home owners were assigned in Oeiras
2024_12_12_T17:03:51 -  All home owners were assigned in Oeiras
2024_12_12_T17:03:51 -  All home owners were assigned in Oeiras
2024_12_12_T17:03:51 -  All home owners were assigned in Oeiras
2024_12_12_T17:03:51 -  All home owners were assigned in Oeiras
2024_12_12_T17:03:51 -  All home owners were assigned in Oeiras
2024_12_12_T17:03:51 -  All home owners were assigned in Oeiras
2024_12_12_T17:03:51 -  All home owners were assigned in Oeiras
2024_12_12_T17:03:51 -  All home owners were assigned in Oeiras
2024_12_12_T17:03:51 -  All home owners were assigned in Oeiras
2024_12_12_T17:03:51 -  All home owners were assigned in Oeiras
2024_12_12_T17:03:51 -  All home owners were assigned in Oeiras
2024_12_12_T17:03:51 -  All home owners were assigned in Oeiras
2024_12_12_T17:03:51 -  All home owners were assigned in Oeiras
2024_12_12_T17:03:51 -  All home owners were assigned in Oeiras
2024_12_12_T17:03:51 -  All home owners were assigned in Oeiras
2024_12_12_T17:03:51 -  All home owners were assigned in Oeiras
2024_12_12_T17:03:51 -  All home owners were assigned in Oeiras
2024_12_12_T17:03:51 -  All home owners were assigned in Oeiras
2024_12_12_T17:03:51 -  All home owners were assigned in Oeiras
2024_12_12_T17:03:51 -  All home owners were assigned in Oeiras
2024_12_12_T17:03:51 -  All home owners were assigned in Oeiras
2024_12_12_T17:03:51 -  All home owners were assigned in Oeiras
2024_12_12_T17:03:51 -  All home owners were assigned in Oeiras
2024_12_12_T17:03:51 -  All home owners were assigned in Oeiras
2024_12_12_T17:03:51 -  All home owners were assigned in Oeiras
2024_12_12_T17:03:51 -  All home owners were assigned in Oeiras
2024_12_12_T17:03:51 -  All home owners were assigned in Oeiras
2024_12_12_T17:03:51 -  All home owners were assigned in Oeiras
2024_12_12_T17:03:51 -  All home owners were assigned in Oeiras
2024_12_12_T17:03:51 -  All home owners were assigned in Oeiras
2024_12_12_T17:03:51 -  All home owners were assigned in Oeiras
2024_12_12_T17:03:51 -  All home owners were assigned in Oeiras
2024_12_12_T17:03:51 -  All home owners were assigned in Oeiras
2024_12_12_T17:03:51 -  All home owners were assigned in Oeiras
2024_12_12_T17:03:51 -  All home owners were assigned in Oeiras
2024_12_12_T17:03:51 -  All home owners were assigned in Oeiras
2024_12_12_T17:03:51 -  All home owners were assigned in Oeiras
2024_12_12_T17:03:51 -  All home owners were assigned in Oeiras
2024_12_12_T17:03:51 -  All home owners were assigned in Oeiras
2024_12_12_T17:03:51 -  All home owners were assigned in Oeiras
2024_12_12_T17:03:51 -  All home owners were assigned in Oeiras
2024_12_12_T17:03:51 -  All home owners were assigned in Oeiras
2024_12_12_T17:03:51 -  All home owners were assigned in Oeiras
2024_12_12_T17:03:51 -  All home owners were assigned in Oeiras
2024_12_12_T17:03:51 -  All home owners were assigned in Oeiras
2024_12_12_T17:03:51 -  All home owners were assigned in Oeiras
2024_12_12_T17:03:51 -  All home owners were assigned in Oeiras
2024_12_12_T17:03:51 -  All home owners were assigned in Oeiras
2024_12_12_T17:03:51 -  All home owners were assigned in Oeiras
2024_12_12_T17:03:51 -  All home owners were assigned in Oeiras
2024_12_12_T17:03:51 -  All home owners were assigned in Oeiras
2024_12_12_T17:03:51 -  All home owners were assigned in Oeiras
2024_12_12_T17:03:51 -  All home owners were assigned in Oeiras
2024_12_12_T17:03:51 -  All home owners were assigned in Oeiras
2024_12_12_T17:03:51 -  All home owners were assigned in Oeiras
2024_12_12_T17:03:51 -  All home owners were assigned in Oeiras
2024_12_12_T17:03:51 -  All home owners were assigned in Oeiras
2024_12_12_T17:03:51 -  All home owners were assigned in Oeiras
2024_12_12_T17:03:51 -  All home owners were assigned in Oeiras
2024_12_12_T17:03:51 -  All home owners were assigned in Oeiras
2024_12_12_T17:03:51 -  All home owners were assigned in Oeiras
2024_12_12_T17:03:51 -  All home owners were assigned in Oeiras
2024_12_12_T17:03:51 -  All home owners were assigned in Oeiras
2024_12_12_T17:03:51 -  All home owners were assigned in Oeiras
2024_12_12_T17:03:51 -  All home owners were assigned in Oeiras
2024_12_12_T17:03:51 -  All home owners were assigned in Oeiras
2024_12_12_T17:03:51 -  All home owners were assigned in Oeiras
2024_12_12_T17:03:51 -  All home owners were assigned in Oeiras
2024_12_12_T17:03:51 -  All home owners were assigned in Oeiras
2024_12_12_T17:03:51 -  All home owners were assigned in Oeiras
2024_12_12_T17:03:51 -  All home owners were assigned in Oeiras
2024_12_12_T17:03:51 -  All home owners were assigned in Oeiras
2024_12_12_T17:03:51 -  All home owners were assigned in Oeiras
2024_12_12_T17:03:51 -  All home owners were assigned in Oeiras
2024_12_12_T17:03:51 -  All home owners were assigned in Oeiras
2024_12_12_T17:03:51 -  All home owners were assigned in Oeiras
2024_12_12_T17:03:51 -  All home owners were assigned in Oeiras
2024_12_12_T17:03:51 -  All home owners were assigned in Oeiras
2024_12_12_T17:03:51 -  All home owners were assigned in Oeiras
2024_12_12_T17:03:51 -  All home owners were assigned in Oeiras
2024_12_12_T17:03:51 -  All home owners were assigned in Oeiras
2024_12_12_T17:03:51 -  All home owners were assigned in Oeiras
2024_12_12_T17:03:51 -  All home owners were assigned in Oeiras
2024_12_12_T17:03:51 -  All home owners were assigned in Oeiras
2024_12_12_T17:03:51 -  All home owners were assigned in Oeiras
2024_12_12_T17:03:51 -  All home owners were assigned in Oeiras
2024_12_12_T17:03:51 -  All home owners were assigned in Oeiras
2024_12_12_T17:03:51 -  All home owners were assigned in Oeiras
2024_12_12_T17:03:51 -  All home owners were assigned in Oeiras
2024_12_12_T17:03:51 -  All home owners were assigned in Oeiras
2024_12_12_T17:03:51 -  All home owners were assigned in Oeiras
2024_12_12_T17:03:51 -  All home owners were assigned in Oeiras
2024_12_12_T17:03:51 -  All home owners were assigned in Oeiras
2024_12_12_T17:03:51 -  All home owners were assigned in Oeiras
2024_12_12_T17:03:51 -  All home owners were assigned in Oeiras
2024_12_12_T17:03:51 -  All home owners were assigned in Oeiras
2024_12_12_T17:03:51 -  All home owners were assigned in Oeiras
2024_12_12_T17:03:51 -  All home owners were assigned in Oeiras
2024_12_12_T17:03:51 -  All home owners were assigned in Oeiras
2024_12_12_T17:03:51 -  All home owners were assigned in Oeiras
2024_12_12_T17:03:51 -  All home owners were assigned in Oeiras
2024_12_12_T17:03:51 -  All home owners were assigned in Oeiras
2024_12_12_T17:03:51 -  All home owners were assigned in Oeiras
2024_12_12_T17:03:51 -  Total Number of houses_for_rental = 286
2024_12_12_T17:03:51 -  Household 77 wasn't assigned a house for rental
2024_12_12_T17:03:51 -  Household 258 wasn't assigned a house for rental
2024_12_12_T17:03:51 -  Household 433 wasn't assigned a house for rental
2024_12_12_T17:03:51 -  Household 560 wasn't assigned a house for rental
2024_12_12_T17:03:51 -  Household 734 wasn't assigned a house for rental
2024_12_12_T17:03:51 -  Household 877 wasn't assigned a house for rental
2024_12_12_T17:03:51 -  Household 910 wasn't assigned a house for rental
2024_12_12_T17:03:51 -  Household 958 wasn't assigned a house for rental
2024_12_12_T17:03:51 -  Household 986 wasn't assigned a house for rental
2024_12_12_T17:03:51 -  Household 1001 wasn't assigned a house for rental
2024_12_12_T17:03:51 -  Household 1020 wasn't assigned a house for rental
2024_12_12_T17:03:51 -  Household 1028 wasn't assigned a house for rental
2024_12_12_T17:03:51 -  Household 1047 wasn't assigned a house for rental
2024_12_12_T17:03:51 -  Household 1057 wasn't assigned a house for rental
2024_12_12_T17:03:51 -  Household 1058 wasn't assigned a house for rental
2024_12_12_T17:03:51 -  Household 1063 wasn't assigned a house for rental
2024_12_12_T17:03:51 -  Household 1065 wasn't assigned a house for rental
2024_12_12_T17:03:51 -  Household 1074 wasn't assigned a house for rental
2024_12_12_T17:03:51 -  Household 1078 wasn't assigned a house for rental
2024_12_12_T17:03:51 -  Household 1079 wasn't assigned a house for rental
2024_12_12_T17:03:51 -  Household 1084 wasn't assigned a house for rental
2024_12_12_T17:03:51 -  Household 1093 wasn't assigned a house for rental
2024_12_12_T17:03:51 -  Household 1094 wasn't assigned a house for rental
2024_12_12_T17:03:51 -  Household 1098 wasn't assigned a house for rental
2024_12_12_T17:03:51 -  Household 1106 wasn't assigned a house for rental
2024_12_12_T17:03:51 -  Household 1107 wasn't assigned a house for rental
2024_12_12_T17:03:51 -  Household 1108 wasn't assigned a house for rental
2024_12_12_T17:03:51 -  Household 1109 wasn't assigned a house for rental
2024_12_12_T17:03:51 -  Household 1110 wasn't assigned a house for rental
2024_12_12_T17:03:51 -  Household 1112 wasn't assigned a house for rental
2024_12_12_T17:03:51 -  Household 1113 wasn't assigned a house for rental
2024_12_12_T17:03:51 -  Household 1114 wasn't assigned a house for rental
2024_12_12_T17:03:51 -  Household 1115 wasn't assigned a house for rental
2024_12_12_T17:03:51 -  Household 1116 wasn't assigned a house for rental
2024_12_12_T17:03:51 -  Household 1121 wasn't assigned a house for rental
2024_12_12_T17:03:51 -  Household 1122 wasn't assigned a house for rental
2024_12_12_T17:03:51 -  Household 1123 wasn't assigned a house for rental
2024_12_12_T17:03:51 -  Household 1124 wasn't assigned a house for rental
2024_12_12_T17:03:51 -  Household 1125 wasn't assigned a house for rental
2024_12_12_T17:03:51 -  Household 1126 wasn't assigned a house for rental
2024_12_12_T17:03:51 -  Household 1127 wasn't assigned a house for rental
2024_12_12_T17:03:51 -  Household 1128 wasn't assigned a house for rental
2024_12_12_T17:03:51 -  Household 1130 wasn't assigned a house for rental
2024_12_12_T17:03:51 -  Household 1132 wasn't assigned a house for rental
2024_12_12_T17:03:51 -  Household 1133 wasn't assigned a house for rental
2024_12_12_T17:03:51 -  Household 1134 wasn't assigned a house for rental
2024_12_12_T17:03:51 -  Household 1136 wasn't assigned a house for rental
2024_12_12_T17:03:51 -  Household 1137 wasn't assigned a house for rental
2024_12_12_T17:03:51 -  Household 1138 wasn't assigned a house for rental
2024_12_12_T17:03:51 -  Household 1139 wasn't assigned a house for rental
2024_12_12_T17:03:51 -  Household 1140 wasn't assigned a house for rental
2024_12_12_T17:03:51 -  Household 1141 wasn't assigned a house for rental
2024_12_12_T17:03:51 -  Household 1142 wasn't assigned a house for rental
2024_12_12_T17:03:51 -  Household 1143 wasn't assigned a house for rental
2024_12_12_T17:03:51 -  Household 1144 wasn't assigned a house for rental
2024_12_12_T17:03:51 -  Household 1145 wasn't assigned a house for rental
2024_12_12_T17:03:51 -  Household 1146 wasn't assigned a house for rental
2024_12_12_T17:03:51 -  Household 1147 wasn't assigned a house for rental
2024_12_12_T17:03:51 -  Household 1149 wasn't assigned a house for rental
2024_12_12_T17:03:51 -  Household 1150 wasn't assigned a house for rental
2024_12_12_T17:03:51 -  Household 1151 wasn't assigned a house for rental
2024_12_12_T17:03:51 -  Household 1152 wasn't assigned a house for rental
2024_12_12_T17:03:51 -  Household 1153 wasn't assigned a house for rental
2024_12_12_T17:03:51 -  Household 1154 wasn't assigned a house for rental
2024_12_12_T17:03:51 -  Household 1155 wasn't assigned a house for rental
2024_12_12_T17:03:51 -  Household 1156 wasn't assigned a house for rental
2024_12_12_T17:03:51 -  Household 1157 wasn't assigned a house for rental
2024_12_12_T17:03:51 -  Household 1158 wasn't assigned a house for rental
2024_12_12_T17:03:51 -  Household 1159 wasn't assigned a house for rental
2024_12_12_T17:03:51 -  Household 1160 wasn't assigned a house for rental
2024_12_12_T17:03:51 -  Household 1161 wasn't assigned a house for rental
2024_12_12_T17:03:51 -  Household 1162 wasn't assigned a house for rental
2024_12_12_T17:03:51 -  Household 1163 wasn't assigned a house for rental
2024_12_12_T17:03:51 -  Household 1164 wasn't assigned a house for rental
2024_12_12_T17:03:51 -  Household 1165 wasn't assigned a house for rental
2024_12_12_T17:03:51 -  Household 1166 wasn't assigned a house for rental
2024_12_12_T17:03:51 -  Household 1167 wasn't assigned a house for rental
2024_12_12_T17:03:51 -  Household 1168 wasn't assigned a house for rental
2024_12_12_T17:03:51 -  Household 1169 wasn't assigned a house for rental
2024_12_12_T17:03:51 -  Household 1170 wasn't assigned a house for rental
2024_12_12_T17:03:51 -  Household 1171 wasn't assigned a house for rental
2024_12_12_T17:03:51 -  Household 1172 wasn't assigned a house for rental
2024_12_12_T17:03:51 -  Household 1173 wasn't assigned a house for rental
2024_12_12_T17:03:51 -  Household 1174 wasn't assigned a house for rental
2024_12_12_T17:03:51 -  Household 1175 wasn't assigned a house for rental
2024_12_12_T17:03:51 -  Household 1176 wasn't assigned a house for rental
2024_12_12_T17:03:51 -  Household 1177 wasn't assigned a house for rental
2024_12_12_T17:03:51 -  Household 1178 wasn't assigned a house for rental
2024_12_12_T17:03:51 -  Household 1179 wasn't assigned a house for rental
2024_12_12_T17:03:51 -  Household 1180 wasn't assigned a house for rental
2024_12_12_T17:03:51 -  Household 1182 wasn't assigned a house for rental
2024_12_12_T17:03:51 -  Household 1183 wasn't assigned a house for rental
2024_12_12_T17:03:51 -  Household 1184 wasn't assigned a house for rental
2024_12_12_T17:03:51 -  Household 1185 wasn't assigned a house for rental
2024_12_12_T17:03:51 -  Household 1186 wasn't assigned a house for rental
2024_12_12_T17:03:51 -  Household 1187 wasn't assigned a house for rental
2024_12_12_T17:03:51 -  Household 1188 wasn't assigned a house for rental
2024_12_12_T17:03:51 -  Household 1189 wasn't assigned a house for rental
2024_12_12_T17:03:51 -  Household 1190 wasn't assigned a house for rental
2024_12_12_T17:03:51 -  Household 1191 wasn't assigned a house for rental
2024_12_12_T17:03:51 -  Household 1192 wasn't assigned a house for rental
2024_12_12_T17:03:51 -  Household 1193 wasn't assigned a house for rental
2024_12_12_T17:03:51 -  Household 1194 wasn't assigned a house for rental
2024_12_12_T17:03:51 -  Household 1195 wasn't assigned a house for rental
2024_12_12_T17:03:51 -  Household 1196 wasn't assigned a house for rental
2024_12_12_T17:03:51 -  Household 1197 wasn't assigned a house for rental
2024_12_12_T17:03:51 -  Household 1198 wasn't assigned a house for rental
2024_12_12_T17:03:51 -  Household 1200 wasn't assigned a house for rental
2024_12_12_T17:03:51 -  Number of houses_for_rental that weren't assigned = 2
2024_12_12_T17:03:51 -  finished assignHousesToHouseholds in 1.0208029747009277 seconds
2024_12_12_T17:03:55 -  Metrics: sum_wealth took 9.5367431640625e-7
2024_12_12_T17:03:56 -  Metrics: wealth_distribution took 5.0067901611328125e-6
2024_12_12_T17:03:57 -  Metrics: money_distribution took 9.059906005859375e-6
2024_12_12_T17:03:57 -  Metrics: size_distribution took 8.106231689453125e-6
2024_12_12_T17:03:57 -  Metrics: age_distribution took 5.0067901611328125e-6
2024_12_12_T17:03:59 -  Metrics: sum_wealth took 3.314018249511719e-5
2024_12_12_T17:03:59 -  Metrics: wealth_distribution took 0.009982824325561523
2024_12_12_T17:03:59 -  Metrics: money_distribution took 0.00037097930908203125
2024_12_12_T17:03:59 -  Metrics: size_distribution took 0.0067369937896728516
2024_12_12_T17:03:59 -  Metrics: age_distribution took 0.0004069805145263672
2024_12_12_T17:04:01 -  Model step 1 started
2024_12_12_T17:04:01 -  clearHangingSupplies started
2024_12_12_T17:04:01 -  clearHangingSupplies took 0.004508018493652344
2024_12_12_T17:04:01 -  clearHangingRentalSupplies started
2024_12_12_T17:04:01 -  clearHangingRentalSupplies took 0.0076580047607421875
2024_12_12_T17:04:02 -  clearHouseMarket started
2024_12_12_T17:04:02 -  clearHouseMarket - first block took 0.21913409233093262
2024_12_12_T17:04:02 -  clearHouseMarket - second block took 0.4042351245880127
2024_12_12_T17:04:02 -  clearHouseMarket - third block took 0.012112855911254883
2024_12_12_T17:04:02 -  clearRentalMarket started
2024_12_12_T17:04:02 -  clearRentalMarket - first block took 0.13808012008666992
2024_12_12_T17:04:03 -  clearRentalMarket - second block took 0.19089603424072266
2024_12_12_T17:04:03 -  Model step 1 took 1.4437229633331299 seconds
2024_12_12_T17:04:03 -  Metrics: sum_wealth took 5.1975250244140625e-5
2024_12_12_T17:04:03 -  Metrics: wealth_distribution took 0.0004229545593261719
2024_12_12_T17:04:03 -  Metrics: money_distribution took 0.0004589557647705078
2024_12_12_T17:04:03 -  Metrics: size_distribution took 0.0004949569702148438
2024_12_12_T17:04:03 -  Metrics: age_distribution took 0.00044083595275878906
2024_12_12_T17:04:05 -  Model step 2 started
2024_12_12_T17:04:05 -  clearHangingSupplies started
2024_12_12_T17:04:05 -  clearHangingSupplies took 2.5033950805664062e-5
2024_12_12_T17:04:05 -  clearHangingRentalSupplies started
2024_12_12_T17:04:05 -  clearHangingRentalSupplies took 1.0967254638671875e-5
2024_12_12_T17:04:05 -  clearHouseMarket started
2024_12_12_T17:04:05 -  clearHouseMarket - first block took 0.002107858657836914
2024_12_12_T17:04:05 -  clearHouseMarket - second block took 0.008466005325317383
2024_12_12_T17:04:05 -  clearHouseMarket - third block took 0.0040509700775146484
2024_12_12_T17:04:05 -  clearRentalMarket started
2024_12_12_T17:04:05 -  clearRentalMarket - first block took 0.0003199577331542969
2024_12_12_T17:04:05 -  clearRentalMarket - second block took 0.01147603988647461
2024_12_12_T17:04:05 -  Model step 2 took 0.03078293800354004 seconds
2024_12_12_T17:04:05 -  Metrics: sum_wealth took 5.3882598876953125e-5
2024_12_12_T17:04:05 -  Metrics: wealth_distribution took 0.0003600120544433594
2024_12_12_T17:04:05 -  Metrics: money_distribution took 0.0003409385681152344
2024_12_12_T17:04:05 -  Metrics: size_distribution took 0.0003590583801269531
2024_12_12_T17:04:05 -  Metrics: age_distribution took 0.0003228187561035156
2024_12_12_T17:04:06 -  Model step 3 started
2024_12_12_T17:04:06 -  clearHangingSupplies started
2024_12_12_T17:04:06 -  clearHangingSupplies took 2.8133392333984375e-5
2024_12_12_T17:04:06 -  clearHangingRentalSupplies started
2024_12_12_T17:04:06 -  clearHangingRentalSupplies took 1.5020370483398438e-5
2024_12_12_T17:04:06 -  clearHouseMarket started
2024_12_12_T17:04:06 -  clearHouseMarket - first block took 0.002156972885131836
2024_12_12_T17:04:06 -  clearHouseMarket - second block took 0.019733905792236328
2024_12_12_T17:04:06 -  clearHouseMarket - third block took 7.200241088867188e-5
2024_12_12_T17:04:06 -  clearRentalMarket started
2024_12_12_T17:04:06 -  clearRentalMarket - first block took 0.0001399517059326172
2024_12_12_T17:04:06 -  clearRentalMarket - second block took 0.00010204315185546875
2024_12_12_T17:04:07 -  Model step 3 took 0.05630779266357422 seconds
2024_12_12_T17:04:07 -  Metrics: sum_wealth took 4.100799560546875e-5
2024_12_12_T17:04:07 -  Metrics: wealth_distribution took 0.0003781318664550781
2024_12_12_T17:04:07 -  Metrics: money_distribution took 0.0003809928894042969
2024_12_12_T17:04:07 -  Metrics: size_distribution took 0.0002830028533935547
2024_12_12_T17:04:07 -  Metrics: age_distribution took 0.0003209114074707031
2024_12_12_T17:04:08 -  Model step 4 started
2024_12_12_T17:04:08 -  clearHangingSupplies started
2024_12_12_T17:04:08 -  clearHangingSupplies took 2.002716064453125e-5
2024_12_12_T17:04:08 -  clearHangingRentalSupplies started
2024_12_12_T17:04:08 -  clearHangingRentalSupplies took 2.002716064453125e-5
2024_12_12_T17:04:08 -  clearHouseMarket started
2024_12_12_T17:04:08 -  clearHouseMarket - first block took 0.0018680095672607422
2024_12_12_T17:04:08 -  clearHouseMarket - second block took 0.0012540817260742188
2024_12_12_T17:04:08 -  clearHouseMarket - third block took 8.58306884765625e-5
2024_12_12_T17:04:08 -  clearRentalMarket started
2024_12_12_T17:04:08 -  clearRentalMarket - first block took 0.0001900196075439453
2024_12_12_T17:04:08 -  clearRentalMarket - second block took 0.0001571178436279297
2024_12_12_T17:04:08 -  Model step 4 took 0.007195949554443359 seconds
2024_12_12_T17:04:08 -  Metrics: sum_wealth took 4.601478576660156e-5
2024_12_12_T17:04:08 -  Metrics: wealth_distribution took 0.0003669261932373047
2024_12_12_T17:04:08 -  Metrics: money_distribution took 0.000331878662109375
2024_12_12_T17:04:08 -  Metrics: size_distribution took 0.0002849102020263672
2024_12_12_T17:04:08 -  Metrics: age_distribution took 0.0004019737243652344
2024_12_12_T17:04:10 -  Model step 5 started
2024_12_12_T17:04:10 -  clearHangingSupplies started
2024_12_12_T17:04:10 -  clearHangingSupplies took 2.09808349609375e-5
2024_12_12_T17:04:10 -  clearHangingRentalSupplies started
2024_12_12_T17:04:10 -  clearHangingRentalSupplies took 7.867813110351562e-6
2024_12_12_T17:04:10 -  clearHouseMarket started
2024_12_12_T17:04:10 -  clearHouseMarket - first block took 0.0019168853759765625
2024_12_12_T17:04:10 -  clearHouseMarket - second block took 0.0004379749298095703
2024_12_12_T17:04:10 -  clearHouseMarket - third block took 7.605552673339844e-5
2024_12_12_T17:04:10 -  clearRentalMarket started
2024_12_12_T17:04:10 -  clearRentalMarket - first block took 0.00012493133544921875
2024_12_12_T17:04:10 -  clearRentalMarket - second block took 9.202957153320312e-5
2024_12_12_T17:04:10 -  Model step 5 took 0.006147861480712891 seconds
2024_12_12_T17:04:10 -  Metrics: sum_wealth took 4.792213439941406e-5
2024_12_12_T17:04:10 -  Metrics: wealth_distribution took 0.0003418922424316406
2024_12_12_T17:04:10 -  Metrics: money_distribution took 0.0003352165222167969
2024_12_12_T17:04:10 -  Metrics: size_distribution took 0.00036787986755371094
2024_12_12_T17:04:10 -  Metrics: age_distribution took 0.0003459453582763672
2024_12_12_T17:04:12 -  Model step 6 started
2024_12_12_T17:04:12 -  clearHangingSupplies started
2024_12_12_T17:04:12 -  clearHangingSupplies took 1.71661376953125e-5
2024_12_12_T17:04:12 -  clearHangingRentalSupplies started
2024_12_12_T17:04:12 -  clearHangingRentalSupplies took 9.059906005859375e-6
2024_12_12_T17:04:12 -  clearHouseMarket started
2024_12_12_T17:04:12 -  clearHouseMarket - first block took 0.0021719932556152344
2024_12_12_T17:04:12 -  clearHouseMarket - second block took 0.0002200603485107422
2024_12_12_T17:04:12 -  clearHouseMarket - third block took 4.601478576660156e-5
2024_12_12_T17:04:12 -  clearRentalMarket started
2024_12_12_T17:04:12 -  clearRentalMarket - first block took 5.4836273193359375e-5
2024_12_12_T17:04:12 -  clearRentalMarket - second block took 6.103515625e-5
2024_12_12_T17:04:12 -  Model step 6 took 0.005953073501586914 seconds
2024_12_12_T17:04:12 -  Metrics: sum_wealth took 5.1975250244140625e-5
2024_12_12_T17:04:12 -  Metrics: wealth_distribution took 0.00043582916259765625
2024_12_12_T17:04:12 -  Metrics: money_distribution took 0.0004050731658935547
2024_12_12_T17:04:12 -  Metrics: size_distribution took 0.0003039836883544922
2024_12_12_T17:04:12 -  Metrics: age_distribution took 0.0003361701965332031
2024_12_12_T17:04:14 -  Model step 7 started
2024_12_12_T17:04:14 -  clearHangingSupplies started
2024_12_12_T17:04:14 -  clearHangingSupplies took 1.811981201171875e-5
2024_12_12_T17:04:14 -  clearHangingRentalSupplies started
2024_12_12_T17:04:14 -  clearHangingRentalSupplies took 5.9604644775390625e-6
2024_12_12_T17:04:14 -  clearHouseMarket started
2024_12_12_T17:04:14 -  clearHouseMarket - first block took 0.002343893051147461
2024_12_12_T17:04:14 -  clearHouseMarket - second block took 0.00024390220642089844
2024_12_12_T17:04:14 -  clearHouseMarket - third block took 4.601478576660156e-5
2024_12_12_T17:04:14 -  clearRentalMarket started
2024_12_12_T17:04:14 -  clearRentalMarket - first block took 4.100799560546875e-5
2024_12_12_T17:04:14 -  clearRentalMarket - second block took 6.4849853515625e-5
2024_12_12_T17:04:14 -  Model step 7 took 0.0071790218353271484 seconds
2024_12_12_T17:04:14 -  Metrics: sum_wealth took 4.792213439941406e-5
2024_12_12_T17:04:14 -  Metrics: wealth_distribution took 0.00034999847412109375
2024_12_12_T17:04:14 -  Metrics: money_distribution took 0.0007112026214599609
2024_12_12_T17:04:14 -  Metrics: size_distribution took 0.0003249645233154297
2024_12_12_T17:04:14 -  Metrics: age_distribution took 0.0003719329833984375
2024_12_12_T17:04:15 -  Model step 8 started
2024_12_12_T17:04:15 -  clearHangingSupplies started
2024_12_12_T17:04:15 -  clearHangingSupplies took 2.8133392333984375e-5
2024_12_12_T17:04:15 -  clearHangingRentalSupplies started
2024_12_12_T17:04:15 -  clearHangingRentalSupplies took 2.1457672119140625e-6
2024_12_12_T17:04:15 -  clearHouseMarket started
2024_12_12_T17:04:15 -  clearHouseMarket - first block took 0.0274660587310791
2024_12_12_T17:04:15 -  clearHouseMarket - second block took 0.0002779960632324219
2024_12_12_T17:04:15 -  clearHouseMarket - third block took 4.696846008300781e-5
2024_12_12_T17:04:15 -  clearRentalMarket started
2024_12_12_T17:04:15 -  clearRentalMarket - first block took 1.2874603271484375e-5
2024_12_12_T17:04:15 -  clearRentalMarket - second block took 9.5367431640625e-7
2024_12_12_T17:04:15 -  Model step 8 took 0.03402090072631836 seconds
2024_12_12_T17:04:15 -  Metrics: sum_wealth took 5.698204040527344e-5
2024_12_12_T17:04:15 -  Metrics: wealth_distribution took 0.0004138946533203125
2024_12_12_T17:04:15 -  Metrics: money_distribution took 0.0003948211669921875
2024_12_12_T17:04:15 -  Metrics: size_distribution took 0.0002961158752441406
2024_12_12_T17:04:15 -  Metrics: age_distribution took 0.0011479854583740234
2024_12_12_T17:04:17 -  Model step 9 started
2024_12_12_T17:04:17 -  clearHangingSupplies started
2024_12_12_T17:04:17 -  clearHangingSupplies took 1.8835067749023438e-5
2024_12_12_T17:04:17 -  clearHangingRentalSupplies started
2024_12_12_T17:04:17 -  clearHangingRentalSupplies took 2.1457672119140625e-6
2024_12_12_T17:04:17 -  clearHouseMarket started
2024_12_12_T17:04:17 -  clearHouseMarket - first block took 0.002396106719970703
2024_12_12_T17:04:17 -  clearHouseMarket - second block took 0.0006709098815917969
2024_12_12_T17:04:17 -  clearHouseMarket - third block took 7.700920104980469e-5
2024_12_12_T17:04:17 -  clearRentalMarket started
2024_12_12_T17:04:17 -  clearRentalMarket - first block took 1.4066696166992188e-5
2024_12_12_T17:04:17 -  clearRentalMarket - second block took 1.9073486328125e-6
2024_12_12_T17:04:17 -  Model step 9 took 0.010634899139404297 seconds
2024_12_12_T17:04:17 -  Metrics: sum_wealth took 6.699562072753906e-5
2024_12_12_T17:04:17 -  Metrics: wealth_distribution took 0.00039005279541015625
2024_12_12_T17:04:17 -  Metrics: money_distribution took 0.0003437995910644531
2024_12_12_T17:04:17 -  Metrics: size_distribution took 0.00025200843811035156
2024_12_12_T17:04:17 -  Metrics: age_distribution took 0.00029397010803222656
2024_12_12_T17:04:19 -  Model step 10 started
2024_12_12_T17:04:19 -  clearHangingSupplies started
2024_12_12_T17:04:19 -  clearHangingSupplies took 4.7206878662109375e-5
2024_12_12_T17:04:19 -  clearHangingRentalSupplies started
2024_12_12_T17:04:19 -  clearHangingRentalSupplies took 2.002716064453125e-5
2024_12_12_T17:04:19 -  clearHouseMarket started
2024_12_12_T17:04:19 -  clearHouseMarket - first block took 0.002177000045776367
2024_12_12_T17:04:19 -  clearHouseMarket - second block took 0.00041794776916503906
2024_12_12_T17:04:19 -  clearHouseMarket - third block took 4.696846008300781e-5
2024_12_12_T17:04:19 -  clearRentalMarket started
2024_12_12_T17:04:19 -  clearRentalMarket - first block took 4.9114227294921875e-5
2024_12_12_T17:04:19 -  clearRentalMarket - second block took 5.0067901611328125e-6
2024_12_12_T17:04:19 -  Model step 10 took 0.007050037384033203 seconds
2024_12_12_T17:04:19 -  Metrics: sum_wealth took 4.696846008300781e-5
2024_12_12_T17:04:19 -  Metrics: wealth_distribution took 0.00035190582275390625
2024_12_12_T17:04:19 -  Metrics: money_distribution took 0.00035691261291503906
2024_12_12_T17:04:19 -  Metrics: size_distribution took 0.00025200843811035156
2024_12_12_T17:04:19 -  Metrics: age_distribution took 0.0002758502960205078
2024_12_12_T17:04:21 -  Model step 11 started
2024_12_12_T17:04:21 -  clearHangingSupplies started
2024_12_12_T17:04:21 -  clearHangingSupplies took 1.5974044799804688e-5
2024_12_12_T17:04:21 -  clearHangingRentalSupplies started
2024_12_12_T17:04:21 -  clearHangingRentalSupplies took 4.0531158447265625e-6
2024_12_12_T17:04:21 -  clearHouseMarket started
2024_12_12_T17:04:21 -  clearHouseMarket - first block took 0.0020868778228759766
2024_12_12_T17:04:21 -  clearHouseMarket - second block took 0.0006070137023925781
2024_12_12_T17:04:21 -  clearHouseMarket - third block took 7.700920104980469e-5
2024_12_12_T17:04:21 -  clearRentalMarket started
2024_12_12_T17:04:21 -  clearRentalMarket - first block took 0.00018596649169921875
2024_12_12_T17:04:21 -  clearRentalMarket - second block took 0.00013184547424316406
2024_12_12_T17:04:21 -  Pushed house into housesBuiltPerRegion (location,size) = (Oeiras, LessThan125)
2024_12_12_T17:04:21 -  Model step 11 took 0.07315897941589355 seconds
2024_12_12_T17:04:21 -  Metrics: sum_wealth took 9.584426879882812e-5
2024_12_12_T17:04:21 -  Metrics: wealth_distribution took 0.0003790855407714844
2024_12_12_T17:04:21 -  Metrics: money_distribution took 0.00032901763916015625
2024_12_12_T17:04:21 -  Metrics: size_distribution took 0.00027489662170410156
2024_12_12_T17:04:21 -  Metrics: age_distribution took 0.0003101825714111328
2024_12_12_T17:04:22 -  Model step 12 started
2024_12_12_T17:04:22 -  clearHangingSupplies started
2024_12_12_T17:04:22 -  clearHangingSupplies took 1.5974044799804688e-5
2024_12_12_T17:04:22 -  clearHangingRentalSupplies started
2024_12_12_T17:04:22 -  clearHangingRentalSupplies took 4.0531158447265625e-6
2024_12_12_T17:04:22 -  clearHouseMarket started
2024_12_12_T17:04:22 -  clearHouseMarket - first block took 0.0018050670623779297
2024_12_12_T17:04:22 -  clearHouseMarket - second block took 0.0005950927734375
2024_12_12_T17:04:22 -  clearHouseMarket - third block took 7.486343383789062e-5
2024_12_12_T17:04:22 -  clearRentalMarket started
2024_12_12_T17:04:22 -  clearRentalMarket - first block took 6.890296936035156e-5
2024_12_12_T17:04:22 -  clearRentalMarket - second block took 5.316734313964844e-5
2024_12_12_T17:04:22 -  Model step 12 took 0.07009291648864746 seconds
2024_12_12_T17:04:22 -  Metrics: sum_wealth took 0.0006031990051269531
2024_12_12_T17:04:22 -  Metrics: wealth_distribution took 0.0003762245178222656
2024_12_12_T17:04:22 -  Metrics: money_distribution took 0.0003571510314941406
2024_12_12_T17:04:22 -  Metrics: size_distribution took 0.0002980232238769531
2024_12_12_T17:04:22 -  Metrics: age_distribution took 0.0003249645233154297
