2024_12_12_T16:25:33 -  finished initateHouses in 0.04513406753540039 seconds
2024_12_12_T16:25:33 -  finished initiateHouseholds in 0.3340790271759033 seconds
2024_12_12_T16:25:34 -  All home owners were assigned in Amadora
2024_12_12_T16:25:34 -  All home owners were assigned in Amadora
2024_12_12_T16:25:34 -  All home owners were assigned in Amadora
2024_12_12_T16:25:34 -  All home owners were assigned in Amadora
2024_12_12_T16:25:34 -  All home owners were assigned in Amadora
2024_12_12_T16:25:34 -  All home owners were assigned in Amadora
2024_12_12_T16:25:34 -  All home owners were assigned in Amadora
2024_12_12_T16:25:34 -  All home owners were assigned in Amadora
2024_12_12_T16:25:34 -  All home owners were assigned in Amadora
2024_12_12_T16:25:34 -  All home owners were assigned in Amadora
2024_12_12_T16:25:34 -  All home owners were assigned in Amadora
2024_12_12_T16:25:34 -  All home owners were assigned in Amadora
2024_12_12_T16:25:34 -  All home owners were assigned in Amadora
2024_12_12_T16:25:34 -  All home owners were assigned in Amadora
2024_12_12_T16:25:34 -  All home owners were assigned in Amadora
2024_12_12_T16:25:34 -  All home owners were assigned in Amadora
2024_12_12_T16:25:34 -  All home owners were assigned in Amadora
2024_12_12_T16:25:34 -  All home owners were assigned in Amadora
2024_12_12_T16:25:34 -  All home owners were assigned in Amadora
2024_12_12_T16:25:34 -  All home owners were assigned in Amadora
2024_12_12_T16:25:34 -  All home owners were assigned in Amadora
2024_12_12_T16:25:34 -  All home owners were assigned in Amadora
2024_12_12_T16:25:34 -  All home owners were assigned in Amadora
2024_12_12_T16:25:34 -  All home owners were assigned in Amadora
2024_12_12_T16:25:34 -  All houses for rental were assigned in Cascais
2024_12_12_T16:25:34 -  All home owners were assigned in Cascais
2024_12_12_T16:25:34 -  All home owners were assigned in Cascais
2024_12_12_T16:25:34 -  All home owners were assigned in Cascais
2024_12_12_T16:25:34 -  All home owners were assigned in Cascais
2024_12_12_T16:25:34 -  All home owners were assigned in Cascais
2024_12_12_T16:25:34 -  All home owners were assigned in Cascais
2024_12_12_T16:25:34 -  All home owners were assigned in Cascais
2024_12_12_T16:25:34 -  All home owners were assigned in Cascais
2024_12_12_T16:25:34 -  All home owners were assigned in Cascais
2024_12_12_T16:25:34 -  All home owners were assigned in Cascais
2024_12_12_T16:25:34 -  All home owners were assigned in Cascais
2024_12_12_T16:25:34 -  All home owners were assigned in Cascais
2024_12_12_T16:25:34 -  All home owners were assigned in Cascais
2024_12_12_T16:25:34 -  All home owners were assigned in Cascais
2024_12_12_T16:25:34 -  All home owners were assigned in Cascais
2024_12_12_T16:25:34 -  All home owners were assigned in Cascais
2024_12_12_T16:25:34 -  All home owners were assigned in Cascais
2024_12_12_T16:25:34 -  All home owners were assigned in Cascais
2024_12_12_T16:25:34 -  All home owners were assigned in Cascais
2024_12_12_T16:25:34 -  All home owners were assigned in Cascais
2024_12_12_T16:25:34 -  All home owners were assigned in Cascais
2024_12_12_T16:25:34 -  All home owners were assigned in Cascais
2024_12_12_T16:25:34 -  All home owners were assigned in Cascais
2024_12_12_T16:25:34 -  All home owners were assigned in Cascais
2024_12_12_T16:25:34 -  All home owners were assigned in Cascais
2024_12_12_T16:25:34 -  All home owners were assigned in Cascais
2024_12_12_T16:25:34 -  All home owners were assigned in Cascais
2024_12_12_T16:25:34 -  All home owners were assigned in Lisboa
2024_12_12_T16:25:34 -  All home owners were assigned in Lisboa
2024_12_12_T16:25:34 -  All home owners were assigned in Lisboa
2024_12_12_T16:25:34 -  All home owners were assigned in Lisboa
2024_12_12_T16:25:34 -  All home owners were assigned in Lisboa
2024_12_12_T16:25:34 -  All home owners were assigned in Lisboa
2024_12_12_T16:25:34 -  All home owners were assigned in Lisboa
2024_12_12_T16:25:34 -  All home owners were assigned in Lisboa
2024_12_12_T16:25:34 -  All home owners were assigned in Lisboa
2024_12_12_T16:25:34 -  All home owners were assigned in Lisboa
2024_12_12_T16:25:34 -  All home owners were assigned in Lisboa
2024_12_12_T16:25:34 -  All home owners were assigned in Lisboa
2024_12_12_T16:25:34 -  All home owners were assigned in Lisboa
2024_12_12_T16:25:34 -  All home owners were assigned in Lisboa
2024_12_12_T16:25:34 -  All home owners were assigned in Lisboa
2024_12_12_T16:25:34 -  All home owners were assigned in Lisboa
2024_12_12_T16:25:34 -  All home owners were assigned in Lisboa
2024_12_12_T16:25:34 -  All home owners were assigned in Lisboa
2024_12_12_T16:25:34 -  All home owners were assigned in Lisboa
2024_12_12_T16:25:34 -  All home owners were assigned in Lisboa
2024_12_12_T16:25:34 -  All home owners were assigned in Lisboa
2024_12_12_T16:25:34 -  All home owners were assigned in Lisboa
2024_12_12_T16:25:34 -  All home owners were assigned in Lisboa
2024_12_12_T16:25:34 -  All home owners were assigned in Lisboa
2024_12_12_T16:25:34 -  All home owners were assigned in Lisboa
2024_12_12_T16:25:34 -  All home owners were assigned in Lisboa
2024_12_12_T16:25:34 -  All home owners were assigned in Lisboa
2024_12_12_T16:25:34 -  All home owners were assigned in Lisboa
2024_12_12_T16:25:34 -  All home owners were assigned in Lisboa
2024_12_12_T16:25:34 -  All home owners were assigned in Lisboa
2024_12_12_T16:25:34 -  All home owners were assigned in Lisboa
2024_12_12_T16:25:34 -  All home owners were assigned in Lisboa
2024_12_12_T16:25:34 -  All home owners were assigned in Lisboa
2024_12_12_T16:25:34 -  All home owners were assigned in Lisboa
2024_12_12_T16:25:34 -  All home owners were assigned in Lisboa
2024_12_12_T16:25:34 -  All home owners were assigned in Lisboa
2024_12_12_T16:25:34 -  All home owners were assigned in Lisboa
2024_12_12_T16:25:34 -  All home owners were assigned in Lisboa
2024_12_12_T16:25:34 -  All home owners were assigned in Lisboa
2024_12_12_T16:25:34 -  All home owners were assigned in Lisboa
2024_12_12_T16:25:34 -  All home owners were assigned in Lisboa
2024_12_12_T16:25:34 -  All home owners were assigned in Lisboa
2024_12_12_T16:25:34 -  All home owners were assigned in Lisboa
2024_12_12_T16:25:34 -  All home owners were assigned in Lisboa
2024_12_12_T16:25:34 -  All home owners were assigned in Lisboa
2024_12_12_T16:25:34 -  All home owners were assigned in Lisboa
2024_12_12_T16:25:34 -  All home owners were assigned in Lisboa
2024_12_12_T16:25:34 -  All home owners were assigned in Lisboa
2024_12_12_T16:25:34 -  All home owners were assigned in Lisboa
2024_12_12_T16:25:34 -  All home owners were assigned in Lisboa
2024_12_12_T16:25:34 -  All home owners were assigned in Lisboa
2024_12_12_T16:25:34 -  All home owners were assigned in Lisboa
2024_12_12_T16:25:34 -  All home owners were assigned in Lisboa
2024_12_12_T16:25:34 -  All home owners were assigned in Lisboa
2024_12_12_T16:25:34 -  All home owners were assigned in Lisboa
2024_12_12_T16:25:34 -  All home owners were assigned in Lisboa
2024_12_12_T16:25:34 -  All home owners were assigned in Lisboa
2024_12_12_T16:25:34 -  All home owners were assigned in Lisboa
2024_12_12_T16:25:34 -  All home owners were assigned in Lisboa
2024_12_12_T16:25:34 -  All home owners were assigned in Lisboa
2024_12_12_T16:25:34 -  All home owners were assigned in Lisboa
2024_12_12_T16:25:34 -  All home owners were assigned in Lisboa
2024_12_12_T16:25:34 -  All home owners were assigned in Lisboa
2024_12_12_T16:25:34 -  All home owners were assigned in Lisboa
2024_12_12_T16:25:34 -  All home owners were assigned in Lisboa
2024_12_12_T16:25:34 -  All home owners were assigned in Lisboa
2024_12_12_T16:25:34 -  All home owners were assigned in Lisboa
2024_12_12_T16:25:34 -  All home owners were assigned in Lisboa
2024_12_12_T16:25:34 -  All home owners were assigned in Lisboa
2024_12_12_T16:25:34 -  All home owners were assigned in Lisboa
2024_12_12_T16:25:34 -  All home owners were assigned in Lisboa
2024_12_12_T16:25:34 -  All home owners were assigned in Lisboa
2024_12_12_T16:25:34 -  All home owners were assigned in Lisboa
2024_12_12_T16:25:34 -  All home owners were assigned in Lisboa
2024_12_12_T16:25:34 -  All home owners were assigned in Lisboa
2024_12_12_T16:25:34 -  All home owners were assigned in Lisboa
2024_12_12_T16:25:34 -  All home owners were assigned in Lisboa
2024_12_12_T16:25:34 -  All home owners were assigned in Lisboa
2024_12_12_T16:25:34 -  All home owners were assigned in Lisboa
2024_12_12_T16:25:34 -  All home owners were assigned in Lisboa
2024_12_12_T16:25:34 -  All home owners were assigned in Lisboa
2024_12_12_T16:25:34 -  All home owners were assigned in Lisboa
2024_12_12_T16:25:34 -  All home owners were assigned in Lisboa
2024_12_12_T16:25:34 -  All home owners were assigned in Lisboa
2024_12_12_T16:25:34 -  All home owners were assigned in Lisboa
2024_12_12_T16:25:34 -  All home owners were assigned in Lisboa
2024_12_12_T16:25:34 -  All home owners were assigned in Lisboa
2024_12_12_T16:25:34 -  All home owners were assigned in Lisboa
2024_12_12_T16:25:34 -  All home owners were assigned in Lisboa
2024_12_12_T16:25:34 -  All home owners were assigned in Lisboa
2024_12_12_T16:25:34 -  All home owners were assigned in Lisboa
2024_12_12_T16:25:34 -  All home owners were assigned in Lisboa
2024_12_12_T16:25:34 -  All home owners were assigned in Lisboa
2024_12_12_T16:25:34 -  All home owners were assigned in Lisboa
2024_12_12_T16:25:34 -  All home owners were assigned in Lisboa
2024_12_12_T16:25:34 -  All home owners were assigned in Lisboa
2024_12_12_T16:25:34 -  All home owners were assigned in Lisboa
2024_12_12_T16:25:34 -  All home owners were assigned in Lisboa
2024_12_12_T16:25:34 -  All home owners were assigned in Lisboa
2024_12_12_T16:25:34 -  All home owners were assigned in Lisboa
2024_12_12_T16:25:34 -  All home owners were assigned in Lisboa
2024_12_12_T16:25:34 -  All home owners were assigned in Lisboa
2024_12_12_T16:25:34 -  All home owners were assigned in Lisboa
2024_12_12_T16:25:34 -  All home owners were assigned in Lisboa
2024_12_12_T16:25:34 -  All home owners were assigned in Lisboa
2024_12_12_T16:25:34 -  All home owners were assigned in Lisboa
2024_12_12_T16:25:34 -  All home owners were assigned in Lisboa
2024_12_12_T16:25:34 -  All home owners were assigned in Lisboa
2024_12_12_T16:25:34 -  All home owners were assigned in Lisboa
2024_12_12_T16:25:34 -  All home owners were assigned in Lisboa
2024_12_12_T16:25:34 -  All home owners were assigned in Lisboa
2024_12_12_T16:25:34 -  All home owners were assigned in Lisboa
2024_12_12_T16:25:34 -  All home owners were assigned in Lisboa
2024_12_12_T16:25:34 -  All home owners were assigned in Lisboa
2024_12_12_T16:25:34 -  All home owners were assigned in Lisboa
2024_12_12_T16:25:34 -  All home owners were assigned in Lisboa
2024_12_12_T16:25:34 -  All home owners were assigned in Lisboa
2024_12_12_T16:25:34 -  All home owners were assigned in Lisboa
2024_12_12_T16:25:34 -  All home owners were assigned in Lisboa
2024_12_12_T16:25:34 -  All home owners were assigned in Loures
2024_12_12_T16:25:34 -  All home owners were assigned in Loures
2024_12_12_T16:25:34 -  All home owners were assigned in Loures
2024_12_12_T16:25:34 -  All home owners were assigned in Loures
2024_12_12_T16:25:34 -  All home owners were assigned in Loures
2024_12_12_T16:25:34 -  All home owners were assigned in Loures
2024_12_12_T16:25:34 -  All home owners were assigned in Loures
2024_12_12_T16:25:34 -  All home owners were assigned in Loures
2024_12_12_T16:25:34 -  All home owners were assigned in Loures
2024_12_12_T16:25:34 -  All home owners were assigned in Loures
2024_12_12_T16:25:34 -  All home owners were assigned in Loures
2024_12_12_T16:25:34 -  All home owners were assigned in Loures
2024_12_12_T16:25:34 -  All home owners were assigned in Loures
2024_12_12_T16:25:34 -  All home owners were assigned in Loures
2024_12_12_T16:25:34 -  All home owners were assigned in Loures
2024_12_12_T16:25:34 -  All home owners were assigned in Loures
2024_12_12_T16:25:34 -  All home owners were assigned in Loures
2024_12_12_T16:25:34 -  All home owners were assigned in Loures
2024_12_12_T16:25:34 -  All home owners were assigned in Loures
2024_12_12_T16:25:34 -  All home owners were assigned in Loures
2024_12_12_T16:25:34 -  All home owners were assigned in Loures
2024_12_12_T16:25:34 -  All home owners were assigned in Loures
2024_12_12_T16:25:34 -  All home owners were assigned in Loures
2024_12_12_T16:25:34 -  All home owners were assigned in Loures
2024_12_12_T16:25:34 -  All home owners were assigned in Loures
2024_12_12_T16:25:34 -  All home owners were assigned in Loures
2024_12_12_T16:25:34 -  All home owners were assigned in Loures
2024_12_12_T16:25:34 -  All home owners were assigned in Mafra
2024_12_12_T16:25:34 -  All home owners were assigned in Mafra
2024_12_12_T16:25:34 -  All home owners were assigned in Mafra
2024_12_12_T16:25:34 -  All home owners were assigned in Mafra
2024_12_12_T16:25:34 -  All home owners were assigned in Mafra
2024_12_12_T16:25:34 -  All home owners were assigned in Mafra
2024_12_12_T16:25:34 -  All home owners were assigned in Odivelas
2024_12_12_T16:25:34 -  All home owners were assigned in Odivelas
2024_12_12_T16:25:34 -  All home owners were assigned in Odivelas
2024_12_12_T16:25:34 -  All home owners were assigned in Odivelas
2024_12_12_T16:25:34 -  All home owners were assigned in Odivelas
2024_12_12_T16:25:34 -  All home owners were assigned in Odivelas
2024_12_12_T16:25:34 -  All home owners were assigned in Odivelas
2024_12_12_T16:25:34 -  All home owners were assigned in Odivelas
2024_12_12_T16:25:34 -  All home owners were assigned in Odivelas
2024_12_12_T16:25:34 -  All home owners were assigned in Odivelas
2024_12_12_T16:25:34 -  All home owners were assigned in Odivelas
2024_12_12_T16:25:34 -  All home owners were assigned in Odivelas
2024_12_12_T16:25:34 -  All home owners were assigned in Odivelas
2024_12_12_T16:25:34 -  All home owners were assigned in Odivelas
2024_12_12_T16:25:34 -  All home owners were assigned in Odivelas
2024_12_12_T16:25:34 -  All home owners were assigned in Odivelas
2024_12_12_T16:25:34 -  All home owners were assigned in Odivelas
2024_12_12_T16:25:34 -  All home owners were assigned in Oeiras
2024_12_12_T16:25:34 -  All home owners were assigned in Oeiras
2024_12_12_T16:25:34 -  All home owners were assigned in Oeiras
2024_12_12_T16:25:34 -  All home owners were assigned in Oeiras
2024_12_12_T16:25:34 -  All home owners were assigned in Oeiras
2024_12_12_T16:25:34 -  All home owners were assigned in Oeiras
2024_12_12_T16:25:34 -  All home owners were assigned in Oeiras
2024_12_12_T16:25:34 -  All home owners were assigned in Oeiras
2024_12_12_T16:25:34 -  All home owners were assigned in Oeiras
2024_12_12_T16:25:34 -  All home owners were assigned in Oeiras
2024_12_12_T16:25:34 -  All home owners were assigned in Oeiras
2024_12_12_T16:25:34 -  All home owners were assigned in Oeiras
2024_12_12_T16:25:34 -  All home owners were assigned in Oeiras
2024_12_12_T16:25:34 -  All home owners were assigned in Oeiras
2024_12_12_T16:25:34 -  All home owners were assigned in Oeiras
2024_12_12_T16:25:34 -  All home owners were assigned in Oeiras
2024_12_12_T16:25:34 -  All home owners were assigned in Oeiras
2024_12_12_T16:25:34 -  All home owners were assigned in Oeiras
2024_12_12_T16:25:34 -  All home owners were assigned in Oeiras
2024_12_12_T16:25:34 -  All home owners were assigned in Oeiras
2024_12_12_T16:25:34 -  All home owners were assigned in Oeiras
2024_12_12_T16:25:34 -  All home owners were assigned in Oeiras
2024_12_12_T16:25:34 -  All houses for rental were assigned in Sintra
2024_12_12_T16:25:34 -  All houses for rental were assigned in Sintra
2024_12_12_T16:25:34 -  All houses for rental were assigned in Sintra
2024_12_12_T16:25:34 -  All houses for rental were assigned in Sintra
2024_12_12_T16:25:34 -  All houses for rental were assigned in Sintra
2024_12_12_T16:25:34 -  All houses for rental were assigned in Sintra
2024_12_12_T16:25:34 -  All houses for rental were assigned in Sintra
2024_12_12_T16:25:34 -  All houses for rental were assigned in Sintra
2024_12_12_T16:25:34 -  All houses for rental were assigned in Sintra
2024_12_12_T16:25:34 -  All houses for rental were assigned in Sintra
2024_12_12_T16:25:34 -  All houses for rental were assigned in Sintra
2024_12_12_T16:25:34 -  All houses for rental were assigned in Sintra
2024_12_12_T16:25:34 -  All houses for rental were assigned in Sintra
2024_12_12_T16:25:34 -  All houses for rental were assigned in Sintra
2024_12_12_T16:25:34 -  All houses for rental were assigned in Sintra
2024_12_12_T16:25:34 -  All houses for rental were assigned in Sintra
2024_12_12_T16:25:34 -  All houses for rental were assigned in Sintra
2024_12_12_T16:25:34 -  All houses for rental were assigned in Sintra
2024_12_12_T16:25:34 -  All houses for rental were assigned in Sintra
2024_12_12_T16:25:34 -  All houses for rental were assigned in Sintra
2024_12_12_T16:25:34 -  All houses for rental were assigned in Sintra
2024_12_12_T16:25:34 -  All houses for rental were assigned in Sintra
2024_12_12_T16:25:34 -  All houses for rental were assigned in Sintra
2024_12_12_T16:25:34 -  All houses for rental were assigned in Sintra
2024_12_12_T16:25:34 -  All houses for rental were assigned in Sintra
2024_12_12_T16:25:34 -  All houses for rental were assigned in Sintra
2024_12_12_T16:25:34 -  All houses for rental were assigned in Sintra
2024_12_12_T16:25:34 -  All houses for rental were assigned in Sintra
2024_12_12_T16:25:34 -  All houses for rental were assigned in Sintra
2024_12_12_T16:25:34 -  All houses for rental were assigned in Sintra
2024_12_12_T16:25:34 -  All houses for rental were assigned in Sintra
2024_12_12_T16:25:34 -  All home owners were assigned in Sintra
2024_12_12_T16:25:34 -  All home owners were assigned in Sintra
2024_12_12_T16:25:34 -  All home owners were assigned in Sintra
2024_12_12_T16:25:34 -  All home owners were assigned in Sintra
2024_12_12_T16:25:34 -  All home owners were assigned in Sintra
2024_12_12_T16:25:34 -  All home owners were assigned in Sintra
2024_12_12_T16:25:34 -  All home owners were assigned in Sintra
2024_12_12_T16:25:34 -  All home owners were assigned in Sintra
2024_12_12_T16:25:34 -  All home owners were assigned in Sintra
2024_12_12_T16:25:34 -  All home owners were assigned in Sintra
2024_12_12_T16:25:34 -  All home owners were assigned in Sintra
2024_12_12_T16:25:34 -  All home owners were assigned in Sintra
2024_12_12_T16:25:34 -  All home owners were assigned in Sintra
2024_12_12_T16:25:34 -  All home owners were assigned in Sintra
2024_12_12_T16:25:34 -  All home owners were assigned in Sintra
2024_12_12_T16:25:34 -  All home owners were assigned in Sintra
2024_12_12_T16:25:34 -  All home owners were assigned in Sintra
2024_12_12_T16:25:34 -  All home owners were assigned in Sintra
2024_12_12_T16:25:34 -  All home owners were assigned in Sintra
2024_12_12_T16:25:34 -  All home owners were assigned in Sintra
2024_12_12_T16:25:34 -  All home owners were assigned in Sintra
2024_12_12_T16:25:34 -  All home owners were assigned in Sintra
2024_12_12_T16:25:34 -  All home owners were assigned in Sintra
2024_12_12_T16:25:34 -  All home owners were assigned in Sintra
2024_12_12_T16:25:34 -  All home owners were assigned in Sintra
2024_12_12_T16:25:34 -  All home owners were assigned in Sintra
2024_12_12_T16:25:34 -  All home owners were assigned in Sintra
2024_12_12_T16:25:34 -  All home owners were assigned in Sintra
2024_12_12_T16:25:34 -  All home owners were assigned in Sintra
2024_12_12_T16:25:34 -  All home owners were assigned in Sintra
2024_12_12_T16:25:34 -  All home owners were assigned in Sintra
2024_12_12_T16:25:34 -  All home owners were assigned in Sintra
2024_12_12_T16:25:34 -  All home owners were assigned in Sintra
2024_12_12_T16:25:34 -  All home owners were assigned in Sintra
2024_12_12_T16:25:34 -  All home owners were assigned in Sintra
2024_12_12_T16:25:34 -  All home owners were assigned in Sintra
2024_12_12_T16:25:34 -  All home owners were assigned in Sintra
2024_12_12_T16:25:34 -  All home owners were assigned in Sintra
2024_12_12_T16:25:34 -  All home owners were assigned in Sintra
2024_12_12_T16:25:34 -  All home owners were assigned in Sintra
2024_12_12_T16:25:34 -  All home owners were assigned in Sintra
2024_12_12_T16:25:34 -  All home owners were assigned in Sintra
2024_12_12_T16:25:34 -  All home owners were assigned in Sintra
2024_12_12_T16:25:34 -  All home owners were assigned in Sintra
2024_12_12_T16:25:34 -  All home owners were assigned in Sintra
2024_12_12_T16:25:34 -  All home owners were assigned in Sintra
2024_12_12_T16:25:34 -  All home owners were assigned in Sintra
2024_12_12_T16:25:34 -  All houses for rental were assigned in VilaFrancaDeXira
2024_12_12_T16:25:34 -  All houses for rental were assigned in VilaFrancaDeXira
2024_12_12_T16:25:34 -  All houses for rental were assigned in VilaFrancaDeXira
2024_12_12_T16:25:34 -  All houses for rental were assigned in VilaFrancaDeXira
2024_12_12_T16:25:34 -  All houses for rental were assigned in VilaFrancaDeXira
2024_12_12_T16:25:34 -  All houses for rental were assigned in VilaFrancaDeXira
2024_12_12_T16:25:34 -  All houses for rental were assigned in VilaFrancaDeXira
2024_12_12_T16:25:34 -  All houses for rental were assigned in VilaFrancaDeXira
2024_12_12_T16:25:34 -  All houses for rental were assigned in VilaFrancaDeXira
2024_12_12_T16:25:34 -  All houses for rental were assigned in VilaFrancaDeXira
2024_12_12_T16:25:34 -  All houses for rental were assigned in VilaFrancaDeXira
2024_12_12_T16:25:34 -  All houses for rental were assigned in VilaFrancaDeXira
2024_12_12_T16:25:34 -  All home owners were assigned in VilaFrancaDeXira
2024_12_12_T16:25:34 -  All home owners were assigned in VilaFrancaDeXira
2024_12_12_T16:25:34 -  All home owners were assigned in VilaFrancaDeXira
2024_12_12_T16:25:34 -  All home owners were assigned in VilaFrancaDeXira
2024_12_12_T16:25:34 -  All home owners were assigned in VilaFrancaDeXira
2024_12_12_T16:25:34 -  All home owners were assigned in VilaFrancaDeXira
2024_12_12_T16:25:34 -  All home owners were assigned in VilaFrancaDeXira
2024_12_12_T16:25:34 -  All home owners were assigned in VilaFrancaDeXira
2024_12_12_T16:25:34 -  All home owners were assigned in VilaFrancaDeXira
2024_12_12_T16:25:34 -  All home owners were assigned in VilaFrancaDeXira
2024_12_12_T16:25:34 -  All home owners were assigned in VilaFrancaDeXira
2024_12_12_T16:25:34 -  All home owners were assigned in VilaFrancaDeXira
2024_12_12_T16:25:34 -  All home owners were assigned in VilaFrancaDeXira
2024_12_12_T16:25:34 -  All home owners were assigned in Alcochete
2024_12_12_T16:25:34 -  All home owners were assigned in Almada
2024_12_12_T16:25:34 -  All home owners were assigned in Almada
2024_12_12_T16:25:34 -  All home owners were assigned in Almada
2024_12_12_T16:25:34 -  All home owners were assigned in Almada
2024_12_12_T16:25:34 -  All home owners were assigned in Almada
2024_12_12_T16:25:34 -  All home owners were assigned in Almada
2024_12_12_T16:25:34 -  All home owners were assigned in Almada
2024_12_12_T16:25:34 -  All home owners were assigned in Almada
2024_12_12_T16:25:34 -  All home owners were assigned in Almada
2024_12_12_T16:25:34 -  All home owners were assigned in Almada
2024_12_12_T16:25:34 -  All home owners were assigned in Almada
2024_12_12_T16:25:34 -  All home owners were assigned in Almada
2024_12_12_T16:25:34 -  All home owners were assigned in Almada
2024_12_12_T16:25:34 -  All home owners were assigned in Almada
2024_12_12_T16:25:34 -  All home owners were assigned in Almada
2024_12_12_T16:25:34 -  All home owners were assigned in Almada
2024_12_12_T16:25:34 -  All home owners were assigned in Almada
2024_12_12_T16:25:34 -  All home owners were assigned in Almada
2024_12_12_T16:25:34 -  All home owners were assigned in Almada
2024_12_12_T16:25:34 -  All home owners were assigned in Almada
2024_12_12_T16:25:34 -  All home owners were assigned in Almada
2024_12_12_T16:25:34 -  All home owners were assigned in Almada
2024_12_12_T16:25:34 -  All home owners were assigned in Almada
2024_12_12_T16:25:34 -  All home owners were assigned in Almada
2024_12_12_T16:25:34 -  All home owners were assigned in Almada
2024_12_12_T16:25:34 -  All home owners were assigned in Barreiro
2024_12_12_T16:25:34 -  All home owners were assigned in Barreiro
2024_12_12_T16:25:34 -  All home owners were assigned in Barreiro
2024_12_12_T16:25:34 -  All home owners were assigned in Barreiro
2024_12_12_T16:25:34 -  All home owners were assigned in Barreiro
2024_12_12_T16:25:34 -  All home owners were assigned in Barreiro
2024_12_12_T16:25:34 -  All home owners were assigned in Barreiro
2024_12_12_T16:25:34 -  All home owners were assigned in Moita
2024_12_12_T16:25:34 -  All home owners were assigned in Moita
2024_12_12_T16:25:34 -  All home owners were assigned in Moita
2024_12_12_T16:25:34 -  All home owners were assigned in Montijo
2024_12_12_T16:25:34 -  All home owners were assigned in Montijo
2024_12_12_T16:25:34 -  All home owners were assigned in Montijo
2024_12_12_T16:25:34 -  All home owners were assigned in Palmela
2024_12_12_T16:25:34 -  All home owners were assigned in Palmela
2024_12_12_T16:25:34 -  All home owners were assigned in Palmela
2024_12_12_T16:25:34 -  All home owners were assigned in Palmela
2024_12_12_T16:25:34 -  All home owners were assigned in Palmela
2024_12_12_T16:25:34 -  All home owners were assigned in Palmela
2024_12_12_T16:25:34 -  All houses for rental were assigned in Seixal
2024_12_12_T16:25:34 -  All houses for rental were assigned in Seixal
2024_12_12_T16:25:34 -  All houses for rental were assigned in Seixal
2024_12_12_T16:25:34 -  All houses for rental were assigned in Seixal
2024_12_12_T16:25:34 -  All houses for rental were assigned in Seixal
2024_12_12_T16:25:34 -  All houses for rental were assigned in Seixal
2024_12_12_T16:25:34 -  All houses for rental were assigned in Seixal
2024_12_12_T16:25:34 -  All houses for rental were assigned in Seixal
2024_12_12_T16:25:34 -  All houses for rental were assigned in Seixal
2024_12_12_T16:25:34 -  All houses for rental were assigned in Seixal
2024_12_12_T16:25:34 -  All houses for rental were assigned in Seixal
2024_12_12_T16:25:34 -  All houses for rental were assigned in Seixal
2024_12_12_T16:25:34 -  All houses for rental were assigned in Seixal
2024_12_12_T16:25:34 -  All home owners were assigned in Seixal
2024_12_12_T16:25:34 -  All home owners were assigned in Seixal
2024_12_12_T16:25:34 -  All home owners were assigned in Seixal
2024_12_12_T16:25:34 -  All home owners were assigned in Seixal
2024_12_12_T16:25:34 -  All home owners were assigned in Seixal
2024_12_12_T16:25:34 -  All home owners were assigned in Seixal
2024_12_12_T16:25:34 -  All home owners were assigned in Seixal
2024_12_12_T16:25:34 -  All home owners were assigned in Seixal
2024_12_12_T16:25:34 -  All home owners were assigned in Seixal
2024_12_12_T16:25:34 -  All home owners were assigned in Seixal
2024_12_12_T16:25:34 -  All home owners were assigned in Seixal
2024_12_12_T16:25:34 -  All home owners were assigned in Seixal
2024_12_12_T16:25:34 -  All home owners were assigned in Seixal
2024_12_12_T16:25:34 -  All home owners were assigned in Seixal
2024_12_12_T16:25:34 -  All home owners were assigned in Seixal
2024_12_12_T16:25:34 -  All home owners were assigned in Sesimbra
2024_12_12_T16:25:34 -  All home owners were assigned in Sesimbra
2024_12_12_T16:25:34 -  All home owners were assigned in Sesimbra
2024_12_12_T16:25:34 -  All home owners were assigned in Sesimbra
2024_12_12_T16:25:34 -  All home owners were assigned in Sesimbra
2024_12_12_T16:25:34 -  All home owners were assigned in Setubal
2024_12_12_T16:25:34 -  All home owners were assigned in Setubal
2024_12_12_T16:25:34 -  All home owners were assigned in Setubal
2024_12_12_T16:25:34 -  All home owners were assigned in Setubal
2024_12_12_T16:25:34 -  All home owners were assigned in Setubal
2024_12_12_T16:25:34 -  All home owners were assigned in Setubal
2024_12_12_T16:25:34 -  All home owners were assigned in Setubal
2024_12_12_T16:25:34 -  All home owners were assigned in Setubal
2024_12_12_T16:25:34 -  All home owners were assigned in Setubal
2024_12_12_T16:25:34 -  All home owners were assigned in Setubal
2024_12_12_T16:25:34 -  All home owners were assigned in Setubal
2024_12_12_T16:25:34 -  All home owners were assigned in Setubal
2024_12_12_T16:25:34 -  All home owners were assigned in Setubal
2024_12_12_T16:25:34 -  All home owners were assigned in Setubal
2024_12_12_T16:25:34 -  All home owners were assigned in Setubal
2024_12_12_T16:25:34 -  Total Number of houses_for_rental = 318
2024_12_12_T16:25:34 -  Household 3 wasn't assigned a house for rental
2024_12_12_T16:25:34 -  Household 29 wasn't assigned a house for rental
2024_12_12_T16:25:34 -  Household 54 wasn't assigned a house for rental
2024_12_12_T16:25:34 -  Household 58 wasn't assigned a house for rental
2024_12_12_T16:25:34 -  Household 60 wasn't assigned a house for rental
2024_12_12_T16:25:34 -  Household 64 wasn't assigned a house for rental
2024_12_12_T16:25:34 -  Household 65 wasn't assigned a house for rental
2024_12_12_T16:25:34 -  Household 66 wasn't assigned a house for rental
2024_12_12_T16:25:34 -  Household 67 wasn't assigned a house for rental
2024_12_12_T16:25:34 -  Household 68 wasn't assigned a house for rental
2024_12_12_T16:25:34 -  Household 69 wasn't assigned a house for rental
2024_12_12_T16:25:34 -  Household 70 wasn't assigned a house for rental
2024_12_12_T16:25:34 -  Household 71 wasn't assigned a house for rental
2024_12_12_T16:25:34 -  Household 73 wasn't assigned a house for rental
2024_12_12_T16:25:34 -  Household 74 wasn't assigned a house for rental
2024_12_12_T16:25:34 -  Household 77 wasn't assigned a house for rental
2024_12_12_T16:25:34 -  Household 94 wasn't assigned a house for rental
2024_12_12_T16:25:34 -  Household 138 wasn't assigned a house for rental
2024_12_12_T16:25:34 -  Household 139 wasn't assigned a house for rental
2024_12_12_T16:25:34 -  Household 140 wasn't assigned a house for rental
2024_12_12_T16:25:34 -  Household 142 wasn't assigned a house for rental
2024_12_12_T16:25:34 -  Household 157 wasn't assigned a house for rental
2024_12_12_T16:25:34 -  Household 158 wasn't assigned a house for rental
2024_12_12_T16:25:34 -  Household 160 wasn't assigned a house for rental
2024_12_12_T16:25:34 -  Household 161 wasn't assigned a house for rental
2024_12_12_T16:25:34 -  Household 258 wasn't assigned a house for rental
2024_12_12_T16:25:34 -  Household 289 wasn't assigned a house for rental
2024_12_12_T16:25:34 -  Household 329 wasn't assigned a house for rental
2024_12_12_T16:25:34 -  Household 330 wasn't assigned a house for rental
2024_12_12_T16:25:34 -  Household 331 wasn't assigned a house for rental
2024_12_12_T16:25:34 -  Household 332 wasn't assigned a house for rental
2024_12_12_T16:25:34 -  Household 341 wasn't assigned a house for rental
2024_12_12_T16:25:34 -  Household 349 wasn't assigned a house for rental
2024_12_12_T16:25:34 -  Household 350 wasn't assigned a house for rental
2024_12_12_T16:25:34 -  Household 351 wasn't assigned a house for rental
2024_12_12_T16:25:34 -  Household 352 wasn't assigned a house for rental
2024_12_12_T16:25:34 -  Household 353 wasn't assigned a house for rental
2024_12_12_T16:25:34 -  Household 354 wasn't assigned a house for rental
2024_12_12_T16:25:34 -  Household 355 wasn't assigned a house for rental
2024_12_12_T16:25:34 -  Household 357 wasn't assigned a house for rental
2024_12_12_T16:25:34 -  Household 358 wasn't assigned a house for rental
2024_12_12_T16:25:34 -  Household 359 wasn't assigned a house for rental
2024_12_12_T16:25:34 -  Household 360 wasn't assigned a house for rental
2024_12_12_T16:25:34 -  Household 361 wasn't assigned a house for rental
2024_12_12_T16:25:34 -  Household 362 wasn't assigned a house for rental
2024_12_12_T16:25:34 -  Household 363 wasn't assigned a house for rental
2024_12_12_T16:25:34 -  Household 364 wasn't assigned a house for rental
2024_12_12_T16:25:34 -  Household 365 wasn't assigned a house for rental
2024_12_12_T16:25:34 -  Household 366 wasn't assigned a house for rental
2024_12_12_T16:25:34 -  Household 368 wasn't assigned a house for rental
2024_12_12_T16:25:34 -  Household 369 wasn't assigned a house for rental
2024_12_12_T16:25:34 -  Household 370 wasn't assigned a house for rental
2024_12_12_T16:25:34 -  Household 371 wasn't assigned a house for rental
2024_12_12_T16:25:34 -  Household 372 wasn't assigned a house for rental
2024_12_12_T16:25:34 -  Household 373 wasn't assigned a house for rental
2024_12_12_T16:25:34 -  Household 374 wasn't assigned a house for rental
2024_12_12_T16:25:34 -  Household 375 wasn't assigned a house for rental
2024_12_12_T16:25:34 -  Household 376 wasn't assigned a house for rental
2024_12_12_T16:25:34 -  Household 377 wasn't assigned a house for rental
2024_12_12_T16:25:34 -  Household 378 wasn't assigned a house for rental
2024_12_12_T16:25:34 -  Household 379 wasn't assigned a house for rental
2024_12_12_T16:25:34 -  Household 380 wasn't assigned a house for rental
2024_12_12_T16:25:34 -  Household 381 wasn't assigned a house for rental
2024_12_12_T16:25:34 -  Household 382 wasn't assigned a house for rental
2024_12_12_T16:25:34 -  Household 383 wasn't assigned a house for rental
2024_12_12_T16:25:34 -  Household 384 wasn't assigned a house for rental
2024_12_12_T16:25:34 -  Household 385 wasn't assigned a house for rental
2024_12_12_T16:25:34 -  Household 386 wasn't assigned a house for rental
2024_12_12_T16:25:34 -  Household 388 wasn't assigned a house for rental
2024_12_12_T16:25:34 -  Household 389 wasn't assigned a house for rental
2024_12_12_T16:25:34 -  Household 390 wasn't assigned a house for rental
2024_12_12_T16:25:34 -  Household 392 wasn't assigned a house for rental
2024_12_12_T16:25:34 -  Household 393 wasn't assigned a house for rental
2024_12_12_T16:25:34 -  Household 394 wasn't assigned a house for rental
2024_12_12_T16:25:34 -  Household 395 wasn't assigned a house for rental
2024_12_12_T16:25:34 -  Household 396 wasn't assigned a house for rental
2024_12_12_T16:25:34 -  Household 397 wasn't assigned a house for rental
2024_12_12_T16:25:34 -  Household 398 wasn't assigned a house for rental
2024_12_12_T16:25:34 -  Household 399 wasn't assigned a house for rental
2024_12_12_T16:25:34 -  Household 400 wasn't assigned a house for rental
2024_12_12_T16:25:34 -  Household 401 wasn't assigned a house for rental
2024_12_12_T16:25:34 -  Household 402 wasn't assigned a house for rental
2024_12_12_T16:25:34 -  Household 403 wasn't assigned a house for rental
2024_12_12_T16:25:34 -  Household 404 wasn't assigned a house for rental
2024_12_12_T16:25:34 -  Household 405 wasn't assigned a house for rental
2024_12_12_T16:25:34 -  Household 406 wasn't assigned a house for rental
2024_12_12_T16:25:34 -  Household 421 wasn't assigned a house for rental
2024_12_12_T16:25:34 -  Household 433 wasn't assigned a house for rental
2024_12_12_T16:25:34 -  Household 440 wasn't assigned a house for rental
2024_12_12_T16:25:34 -  Household 451 wasn't assigned a house for rental
2024_12_12_T16:25:34 -  Household 473 wasn't assigned a house for rental
2024_12_12_T16:25:34 -  Household 474 wasn't assigned a house for rental
2024_12_12_T16:25:34 -  Household 476 wasn't assigned a house for rental
2024_12_12_T16:25:34 -  Household 478 wasn't assigned a house for rental
2024_12_12_T16:25:34 -  Household 479 wasn't assigned a house for rental
2024_12_12_T16:25:34 -  Household 485 wasn't assigned a house for rental
2024_12_12_T16:25:34 -  Household 486 wasn't assigned a house for rental
2024_12_12_T16:25:34 -  Household 487 wasn't assigned a house for rental
2024_12_12_T16:25:34 -  Household 488 wasn't assigned a house for rental
2024_12_12_T16:25:34 -  Household 504 wasn't assigned a house for rental
2024_12_12_T16:25:34 -  Household 513 wasn't assigned a house for rental
2024_12_12_T16:25:34 -  Household 517 wasn't assigned a house for rental
2024_12_12_T16:25:34 -  Household 519 wasn't assigned a house for rental
2024_12_12_T16:25:34 -  Household 520 wasn't assigned a house for rental
2024_12_12_T16:25:34 -  Household 521 wasn't assigned a house for rental
2024_12_12_T16:25:34 -  Household 560 wasn't assigned a house for rental
2024_12_12_T16:25:34 -  Household 571 wasn't assigned a house for rental
2024_12_12_T16:25:34 -  Household 572 wasn't assigned a house for rental
2024_12_12_T16:25:34 -  Household 577 wasn't assigned a house for rental
2024_12_12_T16:25:34 -  Household 578 wasn't assigned a house for rental
2024_12_12_T16:25:34 -  Household 581 wasn't assigned a house for rental
2024_12_12_T16:25:34 -  Household 582 wasn't assigned a house for rental
2024_12_12_T16:25:34 -  Household 619 wasn't assigned a house for rental
2024_12_12_T16:25:34 -  Household 620 wasn't assigned a house for rental
2024_12_12_T16:25:34 -  Household 638 wasn't assigned a house for rental
2024_12_12_T16:25:34 -  Household 640 wasn't assigned a house for rental
2024_12_12_T16:25:34 -  Household 646 wasn't assigned a house for rental
2024_12_12_T16:25:34 -  Household 647 wasn't assigned a house for rental
2024_12_12_T16:25:34 -  Household 650 wasn't assigned a house for rental
2024_12_12_T16:25:34 -  Household 651 wasn't assigned a house for rental
2024_12_12_T16:25:34 -  Household 652 wasn't assigned a house for rental
2024_12_12_T16:25:34 -  Household 653 wasn't assigned a house for rental
2024_12_12_T16:25:34 -  Household 654 wasn't assigned a house for rental
2024_12_12_T16:25:34 -  Household 655 wasn't assigned a house for rental
2024_12_12_T16:25:34 -  Household 656 wasn't assigned a house for rental
2024_12_12_T16:25:34 -  Household 734 wasn't assigned a house for rental
2024_12_12_T16:25:34 -  Household 794 wasn't assigned a house for rental
2024_12_12_T16:25:34 -  Household 796 wasn't assigned a house for rental
2024_12_12_T16:25:34 -  Household 797 wasn't assigned a house for rental
2024_12_12_T16:25:34 -  Household 803 wasn't assigned a house for rental
2024_12_12_T16:25:34 -  Household 804 wasn't assigned a house for rental
2024_12_12_T16:25:34 -  Household 805 wasn't assigned a house for rental
2024_12_12_T16:25:34 -  Household 806 wasn't assigned a house for rental
2024_12_12_T16:25:34 -  Household 807 wasn't assigned a house for rental
2024_12_12_T16:25:34 -  Household 808 wasn't assigned a house for rental
2024_12_12_T16:25:34 -  Household 809 wasn't assigned a house for rental
2024_12_12_T16:25:34 -  Household 810 wasn't assigned a house for rental
2024_12_12_T16:25:34 -  Household 817 wasn't assigned a house for rental
2024_12_12_T16:25:34 -  Household 855 wasn't assigned a house for rental
2024_12_12_T16:25:34 -  Household 859 wasn't assigned a house for rental
2024_12_12_T16:25:34 -  Household 861 wasn't assigned a house for rental
2024_12_12_T16:25:34 -  Household 862 wasn't assigned a house for rental
2024_12_12_T16:25:34 -  Household 863 wasn't assigned a house for rental
2024_12_12_T16:25:34 -  Household 865 wasn't assigned a house for rental
2024_12_12_T16:25:34 -  Household 870 wasn't assigned a house for rental
2024_12_12_T16:25:34 -  Household 877 wasn't assigned a house for rental
2024_12_12_T16:25:34 -  Household 909 wasn't assigned a house for rental
2024_12_12_T16:25:34 -  Household 910 wasn't assigned a house for rental
2024_12_12_T16:25:34 -  Household 931 wasn't assigned a house for rental
2024_12_12_T16:25:34 -  Household 932 wasn't assigned a house for rental
2024_12_12_T16:25:34 -  Household 934 wasn't assigned a house for rental
2024_12_12_T16:25:34 -  Household 936 wasn't assigned a house for rental
2024_12_12_T16:25:34 -  Household 943 wasn't assigned a house for rental
2024_12_12_T16:25:34 -  Household 944 wasn't assigned a house for rental
2024_12_12_T16:25:34 -  Household 945 wasn't assigned a house for rental
2024_12_12_T16:25:34 -  Household 948 wasn't assigned a house for rental
2024_12_12_T16:25:34 -  Household 949 wasn't assigned a house for rental
2024_12_12_T16:25:34 -  Household 957 wasn't assigned a house for rental
2024_12_12_T16:25:34 -  Household 958 wasn't assigned a house for rental
2024_12_12_T16:25:34 -  Household 963 wasn't assigned a house for rental
2024_12_12_T16:25:34 -  Household 977 wasn't assigned a house for rental
2024_12_12_T16:25:34 -  Household 979 wasn't assigned a house for rental
2024_12_12_T16:25:34 -  Household 980 wasn't assigned a house for rental
2024_12_12_T16:25:34 -  Household 981 wasn't assigned a house for rental
2024_12_12_T16:25:34 -  Household 982 wasn't assigned a house for rental
2024_12_12_T16:25:34 -  Household 983 wasn't assigned a house for rental
2024_12_12_T16:25:34 -  Household 986 wasn't assigned a house for rental
2024_12_12_T16:25:34 -  Household 1001 wasn't assigned a house for rental
2024_12_12_T16:25:34 -  Household 1004 wasn't assigned a house for rental
2024_12_12_T16:25:34 -  Household 1006 wasn't assigned a house for rental
2024_12_12_T16:25:34 -  Household 1010 wasn't assigned a house for rental
2024_12_12_T16:25:34 -  Household 1016 wasn't assigned a house for rental
2024_12_12_T16:25:34 -  Household 1020 wasn't assigned a house for rental
2024_12_12_T16:25:34 -  Household 1030 wasn't assigned a house for rental
2024_12_12_T16:25:34 -  Household 1031 wasn't assigned a house for rental
2024_12_12_T16:25:34 -  Household 1057 wasn't assigned a house for rental
2024_12_12_T16:25:34 -  Household 1058 wasn't assigned a house for rental
2024_12_12_T16:25:34 -  Household 1074 wasn't assigned a house for rental
2024_12_12_T16:25:34 -  Household 1117 wasn't assigned a house for rental
2024_12_12_T16:25:34 -  Household 1119 wasn't assigned a house for rental
2024_12_12_T16:25:34 -  Household 1122 wasn't assigned a house for rental
2024_12_12_T16:25:34 -  Household 1123 wasn't assigned a house for rental
2024_12_12_T16:25:34 -  Household 1125 wasn't assigned a house for rental
2024_12_12_T16:25:34 -  Household 1127 wasn't assigned a house for rental
2024_12_12_T16:25:34 -  Household 1144 wasn't assigned a house for rental
2024_12_12_T16:25:34 -  Household 1147 wasn't assigned a house for rental
2024_12_12_T16:25:34 -  Household 1172 wasn't assigned a house for rental
2024_12_12_T16:25:34 -  Household 1175 wasn't assigned a house for rental
2024_12_12_T16:25:34 -  Household 1187 wasn't assigned a house for rental
2024_12_12_T16:25:34 -  Household 1190 wasn't assigned a house for rental
2024_12_12_T16:25:34 -  Household 1193 wasn't assigned a house for rental
2024_12_12_T16:25:34 -  Household 1194 wasn't assigned a house for rental
2024_12_12_T16:25:34 -  Household 1198 wasn't assigned a house for rental
2024_12_12_T16:25:34 -  Household 1200 wasn't assigned a house for rental
2024_12_12_T16:25:34 -  Number of houses_for_rental that weren't assigned = 77
2024_12_12_T16:25:34 -  finished assignHousesToHouseholds in 1.1887571811676025 seconds
2024_12_12_T16:25:38 -  Metrics: sum_wealth took 9.5367431640625e-7
2024_12_12_T16:25:39 -  Metrics: wealth_distribution took 4.0531158447265625e-6
2024_12_12_T16:25:39 -  Metrics: money_distribution took 5.0067901611328125e-6
2024_12_12_T16:25:39 -  Metrics: size_distribution took 4.76837158203125e-6
2024_12_12_T16:25:39 -  Metrics: age_distribution took 5.9604644775390625e-6
2024_12_12_T16:25:41 -  Metrics: sum_wealth took 3.218650817871094e-5
2024_12_12_T16:25:42 -  Metrics: wealth_distribution took 0.010983943939208984
2024_12_12_T16:25:42 -  Metrics: money_distribution took 0.00041413307189941406
2024_12_12_T16:25:42 -  Metrics: size_distribution took 0.007112979888916016
2024_12_12_T16:25:42 -  Metrics: age_distribution took 0.0004298686981201172
2024_12_12_T16:25:44 -  Model step 1 started
2024_12_12_T16:25:44 -  clearHangingSupplies started
2024_12_12_T16:25:44 -  clearHangingSupplies took 0.0054340362548828125
2024_12_12_T16:25:44 -  clearHangingRentalSupplies started
2024_12_12_T16:25:44 -  clearHangingRentalSupplies took 0.004416942596435547
2024_12_12_T16:25:44 -  clearHouseMarket started
2024_12_12_T16:25:45 -  clearHouseMarket - first block took 0.2018449306488037
2024_12_12_T16:25:45 -  clearHouseMarket - second block took 0.19013309478759766
2024_12_12_T16:25:45 -  clearHouseMarket - third block took 0.012039899826049805
2024_12_12_T16:25:45 -  clearRentalMarket started
2024_12_12_T16:25:45 -  clearRentalMarket - first block took 0.07969999313354492
2024_12_12_T16:25:45 -  clearRentalMarket - second block took 0.16732192039489746
