2024_11_03_T12:17:23 -  finished initateHouses in 1.1434779167175293 seconds
2024_11_03_T12:17:23 -  finished initiateHouseholds in 1.3808000087738037 seconds
2024_11_03_T12:17:24 -  All houses for rental were assigned in Lisboa
2024_11_03_T12:17:24 -  All houses for rental were assigned in Lisboa
2024_11_03_T12:17:24 -  All houses for rental were assigned in Lisboa
2024_11_03_T12:17:24 -  All houses for rental were assigned in Lisboa
2024_11_03_T12:17:24 -  All houses for rental were assigned in Lisboa
2024_11_03_T12:17:24 -  All houses for rental were assigned in Lisboa
2024_11_03_T12:17:24 -  All houses for rental were assigned in Lisboa
2024_11_03_T12:17:24 -  All houses for rental were assigned in Lisboa
2024_11_03_T12:17:24 -  All houses for rental were assigned in Lisboa
2024_11_03_T12:17:24 -  All houses for rental were assigned in Lisboa
2024_11_03_T12:17:24 -  All houses for rental were assigned in Lisboa
2024_11_03_T12:17:24 -  All houses for rental were assigned in Lisboa
2024_11_03_T12:17:24 -  All houses for rental were assigned in Lisboa
2024_11_03_T12:17:24 -  All houses for rental were assigned in Lisboa
2024_11_03_T12:17:24 -  All houses for rental were assigned in Lisboa
2024_11_03_T12:17:24 -  All houses for rental were assigned in Lisboa
2024_11_03_T12:17:24 -  All houses for rental were assigned in Lisboa
2024_11_03_T12:17:24 -  All houses for rental were assigned in Lisboa
2024_11_03_T12:17:24 -  All houses for rental were assigned in Lisboa
2024_11_03_T12:17:24 -  All houses for rental were assigned in Lisboa
2024_11_03_T12:17:24 -  All houses for rental were assigned in Lisboa
2024_11_03_T12:17:24 -  All houses for rental were assigned in Lisboa
2024_11_03_T12:17:24 -  All houses for rental were assigned in Lisboa
2024_11_03_T12:17:24 -  All houses for rental were assigned in Lisboa
2024_11_03_T12:17:24 -  All houses for rental were assigned in Lisboa
2024_11_03_T12:17:24 -  All houses for rental were assigned in Lisboa
2024_11_03_T12:17:24 -  All houses for rental were assigned in Lisboa
2024_11_03_T12:17:24 -  All houses for rental were assigned in Lisboa
2024_11_03_T12:17:24 -  All houses for rental were assigned in Lisboa
2024_11_03_T12:17:24 -  All houses for rental were assigned in Lisboa
2024_11_03_T12:17:24 -  All houses for rental were assigned in Lisboa
2024_11_03_T12:17:24 -  All houses for rental were assigned in Lisboa
2024_11_03_T12:17:24 -  All houses for rental were assigned in Lisboa
2024_11_03_T12:17:24 -  All houses for rental were assigned in Lisboa
2024_11_03_T12:17:24 -  All houses for rental were assigned in Lisboa
2024_11_03_T12:17:24 -  All houses for rental were assigned in Lisboa
2024_11_03_T12:17:24 -  All houses for rental were assigned in Lisboa
2024_11_03_T12:17:24 -  All houses for rental were assigned in Lisboa
2024_11_03_T12:17:24 -  All houses for rental were assigned in Lisboa
2024_11_03_T12:17:24 -  All houses for rental were assigned in Lisboa
2024_11_03_T12:17:24 -  All houses for rental were assigned in Lisboa
2024_11_03_T12:17:24 -  All houses for rental were assigned in Lisboa
2024_11_03_T12:17:24 -  All houses for rental were assigned in Lisboa
2024_11_03_T12:17:24 -  All houses for rental were assigned in Lisboa
2024_11_03_T12:17:24 -  All houses for rental were assigned in Lisboa
2024_11_03_T12:17:24 -  All houses for rental were assigned in Lisboa
2024_11_03_T12:17:24 -  All houses for rental were assigned in Lisboa
2024_11_03_T12:17:24 -  All houses for rental were assigned in Lisboa
2024_11_03_T12:17:24 -  All houses for rental were assigned in Lisboa
2024_11_03_T12:17:24 -  All houses for rental were assigned in Lisboa
2024_11_03_T12:17:24 -  All houses for rental were assigned in Lisboa
2024_11_03_T12:17:24 -  All houses for rental were assigned in Lisboa
2024_11_03_T12:17:24 -  All houses for rental were assigned in Lisboa
2024_11_03_T12:17:24 -  All houses for rental were assigned in Lisboa
2024_11_03_T12:17:24 -  All houses for rental were assigned in Lisboa
2024_11_03_T12:17:24 -  All houses for rental were assigned in Lisboa
2024_11_03_T12:17:24 -  All houses for rental were assigned in Lisboa
2024_11_03_T12:17:24 -  All houses for rental were assigned in Lisboa
2024_11_03_T12:17:24 -  All houses for rental were assigned in Lisboa
2024_11_03_T12:17:24 -  All houses for rental were assigned in Lisboa
2024_11_03_T12:17:24 -  All houses for rental were assigned in Lisboa
2024_11_03_T12:17:24 -  All houses for rental were assigned in Lisboa
2024_11_03_T12:17:24 -  All houses for rental were assigned in Lisboa
2024_11_03_T12:17:24 -  All houses for rental were assigned in Lisboa
2024_11_03_T12:17:24 -  All houses for rental were assigned in Lisboa
2024_11_03_T12:17:24 -  All houses for rental were assigned in Lisboa
2024_11_03_T12:17:24 -  All houses for rental were assigned in Lisboa
2024_11_03_T12:17:24 -  All houses for rental were assigned in Lisboa
2024_11_03_T12:17:24 -  All houses for rental were assigned in Lisboa
2024_11_03_T12:17:24 -  All houses for rental were assigned in Lisboa
2024_11_03_T12:17:24 -  All houses for rental were assigned in Lisboa
2024_11_03_T12:17:24 -  All houses for rental were assigned in Lisboa
2024_11_03_T12:17:24 -  All houses for rental were assigned in Lisboa
2024_11_03_T12:17:24 -  All houses for rental were assigned in Lisboa
2024_11_03_T12:17:24 -  All houses for rental were assigned in Lisboa
2024_11_03_T12:17:24 -  All houses for rental were assigned in Lisboa
2024_11_03_T12:17:24 -  All houses for rental were assigned in Lisboa
2024_11_03_T12:17:24 -  All houses for rental were assigned in Lisboa
2024_11_03_T12:17:24 -  All houses for rental were assigned in Lisboa
2024_11_03_T12:17:24 -  All houses for rental were assigned in Lisboa
2024_11_03_T12:17:24 -  All houses for rental were assigned in Lisboa
2024_11_03_T12:17:24 -  All houses for rental were assigned in Lisboa
2024_11_03_T12:17:24 -  All houses for rental were assigned in Lisboa
2024_11_03_T12:17:24 -  All houses for rental were assigned in Lisboa
2024_11_03_T12:17:24 -  All houses for rental were assigned in Lisboa
2024_11_03_T12:17:24 -  All houses for rental were assigned in Lisboa
2024_11_03_T12:17:24 -  All houses for rental were assigned in Lisboa
2024_11_03_T12:17:24 -  All houses for rental were assigned in Lisboa
2024_11_03_T12:17:24 -  All houses for rental were assigned in Lisboa
2024_11_03_T12:17:24 -  All houses for rental were assigned in Lisboa
2024_11_03_T12:17:24 -  All houses for rental were assigned in Lisboa
2024_11_03_T12:17:24 -  All houses for rental were assigned in Lisboa
2024_11_03_T12:17:24 -  All houses for rental were assigned in Lisboa
2024_11_03_T12:17:24 -  All houses for rental were assigned in Lisboa
2024_11_03_T12:17:24 -  All houses for rental were assigned in Lisboa
2024_11_03_T12:17:24 -  All houses for rental were assigned in Lisboa
2024_11_03_T12:17:24 -  All houses for rental were assigned in Lisboa
2024_11_03_T12:17:24 -  All houses for rental were assigned in Lisboa
2024_11_03_T12:17:24 -  All houses for rental were assigned in Lisboa
2024_11_03_T12:17:24 -  All houses for rental were assigned in Lisboa
2024_11_03_T12:17:24 -  All houses for rental were assigned in Lisboa
2024_11_03_T12:17:24 -  All houses for rental were assigned in Lisboa
2024_11_03_T12:17:24 -  All houses for rental were assigned in Lisboa
2024_11_03_T12:17:24 -  All houses for rental were assigned in Lisboa
2024_11_03_T12:17:24 -  All houses for rental were assigned in Lisboa
2024_11_03_T12:17:24 -  All houses for rental were assigned in Lisboa
2024_11_03_T12:17:24 -  All houses for rental were assigned in Lisboa
2024_11_03_T12:17:24 -  All houses for rental were assigned in Lisboa
2024_11_03_T12:17:24 -  All houses for rental were assigned in Lisboa
2024_11_03_T12:17:24 -  All houses for rental were assigned in Lisboa
2024_11_03_T12:17:24 -  All houses for rental were assigned in Lisboa
2024_11_03_T12:17:24 -  All houses for rental were assigned in Lisboa
2024_11_03_T12:17:24 -  All houses for rental were assigned in Lisboa
2024_11_03_T12:17:24 -  All houses for rental were assigned in Lisboa
2024_11_03_T12:17:24 -  All houses for rental were assigned in Lisboa
2024_11_03_T12:17:24 -  All houses for rental were assigned in Lisboa
2024_11_03_T12:17:24 -  All houses for rental were assigned in Lisboa
2024_11_03_T12:17:24 -  All houses for rental were assigned in Lisboa
2024_11_03_T12:17:24 -  All houses for rental were assigned in Lisboa
2024_11_03_T12:17:24 -  All houses for rental were assigned in Lisboa
2024_11_03_T12:17:24 -  All houses for rental were assigned in Lisboa
2024_11_03_T12:17:24 -  All houses for rental were assigned in Lisboa
2024_11_03_T12:17:24 -  All houses for rental were assigned in Lisboa
2024_11_03_T12:17:24 -  All houses for rental were assigned in Lisboa
2024_11_03_T12:17:24 -  All houses for rental were assigned in Lisboa
2024_11_03_T12:17:24 -  All houses for rental were assigned in Lisboa
2024_11_03_T12:17:24 -  All houses for rental were assigned in Lisboa
2024_11_03_T12:17:24 -  All houses for rental were assigned in Lisboa
2024_11_03_T12:17:24 -  All houses for rental were assigned in Lisboa
2024_11_03_T12:17:24 -  All houses for rental were assigned in Lisboa
2024_11_03_T12:17:24 -  All houses for rental were assigned in Lisboa
2024_11_03_T12:17:24 -  All houses for rental were assigned in Lisboa
2024_11_03_T12:17:24 -  All houses for rental were assigned in Lisboa
2024_11_03_T12:17:24 -  All houses for rental were assigned in Lisboa
2024_11_03_T12:17:24 -  All houses for rental were assigned in Lisboa
2024_11_03_T12:17:24 -  All houses for rental were assigned in Lisboa
2024_11_03_T12:17:24 -  All houses for rental were assigned in Lisboa
2024_11_03_T12:17:24 -  All houses for rental were assigned in Lisboa
2024_11_03_T12:17:24 -  All houses for rental were assigned in Lisboa
2024_11_03_T12:17:24 -  All houses for rental were assigned in Lisboa
2024_11_03_T12:17:24 -  All houses for rental were assigned in Lisboa
2024_11_03_T12:17:24 -  All houses for rental were assigned in Lisboa
2024_11_03_T12:17:24 -  All houses for rental were assigned in Lisboa
2024_11_03_T12:17:24 -  All houses for rental were assigned in Lisboa
2024_11_03_T12:17:24 -  All houses for rental were assigned in Lisboa
2024_11_03_T12:17:24 -  All houses for rental were assigned in Lisboa
2024_11_03_T12:17:24 -  All houses for rental were assigned in Lisboa
2024_11_03_T12:17:24 -  All houses for rental were assigned in Lisboa
2024_11_03_T12:17:24 -  All houses for rental were assigned in Lisboa
2024_11_03_T12:17:24 -  All houses for rental were assigned in Lisboa
2024_11_03_T12:17:24 -  All houses for rental were assigned in Lisboa
2024_11_03_T12:17:24 -  All houses for rental were assigned in Lisboa
2024_11_03_T12:17:24 -  All houses for rental were assigned in Lisboa
2024_11_03_T12:17:24 -  All houses for rental were assigned in Lisboa
2024_11_03_T12:17:24 -  All houses for rental were assigned in Lisboa
2024_11_03_T12:17:24 -  All houses for rental were assigned in Lisboa
2024_11_03_T12:17:24 -  All houses for rental were assigned in Lisboa
2024_11_03_T12:17:24 -  All houses for rental were assigned in Lisboa
2024_11_03_T12:17:24 -  All houses for rental were assigned in Lisboa
2024_11_03_T12:17:24 -  All houses for rental were assigned in Lisboa
2024_11_03_T12:17:24 -  All houses for rental were assigned in Lisboa
2024_11_03_T12:17:24 -  All houses for rental were assigned in Lisboa
2024_11_03_T12:17:24 -  All houses for rental were assigned in Lisboa
2024_11_03_T12:17:24 -  All houses for rental were assigned in Lisboa
2024_11_03_T12:17:24 -  All houses for rental were assigned in Lisboa
2024_11_03_T12:17:24 -  All houses for rental were assigned in Lisboa
2024_11_03_T12:17:24 -  All houses for rental were assigned in Lisboa
2024_11_03_T12:17:24 -  All houses for rental were assigned in Lisboa
2024_11_03_T12:17:24 -  All houses for rental were assigned in Lisboa
2024_11_03_T12:17:24 -  All houses for rental were assigned in Lisboa
2024_11_03_T12:17:24 -  All houses for rental were assigned in Lisboa
2024_11_03_T12:17:24 -  All houses for rental were assigned in Lisboa
2024_11_03_T12:17:24 -  All houses for rental were assigned in Lisboa
2024_11_03_T12:17:24 -  All houses for rental were assigned in Lisboa
2024_11_03_T12:17:24 -  All houses for rental were assigned in Lisboa
2024_11_03_T12:17:24 -  All houses for rental were assigned in Lisboa
2024_11_03_T12:17:24 -  All houses for rental were assigned in Lisboa
2024_11_03_T12:17:24 -  All houses for rental were assigned in Lisboa
2024_11_03_T12:17:24 -  All houses for rental were assigned in Lisboa
2024_11_03_T12:17:24 -  All houses for rental were assigned in Lisboa
2024_11_03_T12:17:24 -  All houses for rental were assigned in Lisboa
2024_11_03_T12:17:24 -  All houses for rental were assigned in Lisboa
2024_11_03_T12:17:24 -  All houses for rental were assigned in Lisboa
2024_11_03_T12:17:24 -  All houses for rental were assigned in Lisboa
2024_11_03_T12:17:24 -  All houses for rental were assigned in Lisboa
2024_11_03_T12:17:24 -  All houses for rental were assigned in Lisboa
2024_11_03_T12:17:24 -  All houses for rental were assigned in Lisboa
2024_11_03_T12:17:24 -  All houses for rental were assigned in Lisboa
2024_11_03_T12:17:24 -  All houses for rental were assigned in Lisboa
2024_11_03_T12:17:24 -  All houses for rental were assigned in Lisboa
2024_11_03_T12:17:24 -  All houses for rental were assigned in Lisboa
2024_11_03_T12:17:24 -  All houses for rental were assigned in Lisboa
2024_11_03_T12:17:24 -  All houses for rental were assigned in Lisboa
2024_11_03_T12:17:24 -  All houses for rental were assigned in Lisboa
2024_11_03_T12:17:24 -  All houses for rental were assigned in Lisboa
2024_11_03_T12:17:24 -  All houses for rental were assigned in Lisboa
2024_11_03_T12:17:24 -  All houses for rental were assigned in Lisboa
2024_11_03_T12:17:24 -  All houses for rental were assigned in Lisboa
2024_11_03_T12:17:24 -  All houses for rental were assigned in Lisboa
2024_11_03_T12:17:24 -  All houses for rental were assigned in Lisboa
2024_11_03_T12:17:24 -  All houses for rental were assigned in Lisboa
2024_11_03_T12:17:24 -  All houses for rental were assigned in Lisboa
2024_11_03_T12:17:24 -  All houses for rental were assigned in Lisboa
2024_11_03_T12:17:24 -  All houses for rental were assigned in Lisboa
2024_11_03_T12:17:24 -  All houses for rental were assigned in Lisboa
2024_11_03_T12:17:24 -  All houses for rental were assigned in Lisboa
2024_11_03_T12:17:24 -  All houses for rental were assigned in Lisboa
2024_11_03_T12:17:24 -  All houses for rental were assigned in Lisboa
2024_11_03_T12:17:24 -  All houses for rental were assigned in Lisboa
2024_11_03_T12:17:24 -  All houses for rental were assigned in Lisboa
2024_11_03_T12:17:24 -  All houses for rental were assigned in Lisboa
2024_11_03_T12:17:24 -  All houses for rental were assigned in Lisboa
2024_11_03_T12:17:24 -  All houses for rental were assigned in Lisboa
2024_11_03_T12:17:24 -  All houses for rental were assigned in Lisboa
2024_11_03_T12:17:24 -  All houses for rental were assigned in Lisboa
2024_11_03_T12:17:24 -  All houses for rental were assigned in Lisboa
2024_11_03_T12:17:24 -  All houses for rental were assigned in Lisboa
2024_11_03_T12:17:24 -  All houses for rental were assigned in Lisboa
2024_11_03_T12:17:24 -  All houses for rental were assigned in Lisboa
2024_11_03_T12:17:24 -  All houses for rental were assigned in Lisboa
2024_11_03_T12:17:24 -  All houses for rental were assigned in Lisboa
2024_11_03_T12:17:24 -  All houses for rental were assigned in Lisboa
2024_11_03_T12:17:24 -  All houses for rental were assigned in Lisboa
2024_11_03_T12:17:24 -  All houses for rental were assigned in Lisboa
2024_11_03_T12:17:24 -  All houses for rental were assigned in Lisboa
2024_11_03_T12:17:24 -  All houses for rental were assigned in Lisboa
2024_11_03_T12:17:24 -  All houses for rental were assigned in Lisboa
2024_11_03_T12:17:24 -  All houses for rental were assigned in Lisboa
2024_11_03_T12:17:24 -  All houses for rental were assigned in Lisboa
2024_11_03_T12:17:24 -  All houses for rental were assigned in Lisboa
2024_11_03_T12:17:24 -  All houses for rental were assigned in Lisboa
2024_11_03_T12:17:24 -  All houses for rental were assigned in Lisboa
2024_11_03_T12:17:24 -  All houses for rental were assigned in Lisboa
2024_11_03_T12:17:24 -  All houses for rental were assigned in Lisboa
2024_11_03_T12:17:24 -  All houses for rental were assigned in Lisboa
2024_11_03_T12:17:24 -  All houses for rental were assigned in Lisboa
2024_11_03_T12:17:24 -  All houses for rental were assigned in Lisboa
2024_11_03_T12:17:24 -  All houses for rental were assigned in Lisboa
2024_11_03_T12:17:24 -  All houses for rental were assigned in Lisboa
2024_11_03_T12:17:24 -  All houses for rental were assigned in Lisboa
2024_11_03_T12:17:24 -  All houses for rental were assigned in Lisboa
2024_11_03_T12:17:24 -  All houses for rental were assigned in Lisboa
2024_11_03_T12:17:24 -  All houses for rental were assigned in Lisboa
2024_11_03_T12:17:24 -  All houses for rental were assigned in Lisboa
2024_11_03_T12:17:24 -  All houses for rental were assigned in Lisboa
2024_11_03_T12:17:24 -  All houses for rental were assigned in Lisboa
2024_11_03_T12:17:24 -  All houses for rental were assigned in Lisboa
2024_11_03_T12:17:24 -  All houses for rental were assigned in Lisboa
2024_11_03_T12:17:24 -  All houses for rental were assigned in Lisboa
2024_11_03_T12:17:24 -  All houses for rental were assigned in Lisboa
2024_11_03_T12:17:24 -  All houses for rental were assigned in Lisboa
2024_11_03_T12:17:24 -  All houses for rental were assigned in Lisboa
2024_11_03_T12:17:24 -  All houses for rental were assigned in Lisboa
2024_11_03_T12:17:24 -  All houses for rental were assigned in Lisboa
2024_11_03_T12:17:24 -  All houses for rental were assigned in Lisboa
2024_11_03_T12:17:24 -  All houses for rental were assigned in Lisboa
2024_11_03_T12:17:24 -  All houses for rental were assigned in Lisboa
2024_11_03_T12:17:24 -  All houses for rental were assigned in Lisboa
2024_11_03_T12:17:24 -  All houses for rental were assigned in Lisboa
2024_11_03_T12:17:24 -  All houses for rental were assigned in Lisboa
2024_11_03_T12:17:24 -  All houses for rental were assigned in Lisboa
2024_11_03_T12:17:24 -  All houses for rental were assigned in Lisboa
2024_11_03_T12:17:24 -  All houses for rental were assigned in Lisboa
2024_11_03_T12:17:24 -  All houses for rental were assigned in Lisboa
2024_11_03_T12:17:24 -  All houses for rental were assigned in Lisboa
2024_11_03_T12:17:24 -  All houses for rental were assigned in Lisboa
2024_11_03_T12:17:24 -  All houses for rental were assigned in Lisboa
2024_11_03_T12:17:24 -  All houses for rental were assigned in Lisboa
2024_11_03_T12:17:24 -  All houses for rental were assigned in Lisboa
2024_11_03_T12:17:24 -  All houses for rental were assigned in Lisboa
2024_11_03_T12:17:24 -  All houses for rental were assigned in Lisboa
2024_11_03_T12:17:24 -  All houses for rental were assigned in Lisboa
2024_11_03_T12:17:24 -  All houses for rental were assigned in Lisboa
2024_11_03_T12:17:24 -  All houses for rental were assigned in Lisboa
2024_11_03_T12:17:24 -  All houses for rental were assigned in Lisboa
2024_11_03_T12:17:24 -  All houses for rental were assigned in Lisboa
2024_11_03_T12:17:24 -  All houses for rental were assigned in Lisboa
2024_11_03_T12:17:24 -  All houses for rental were assigned in Lisboa
2024_11_03_T12:17:24 -  All houses for rental were assigned in Lisboa
2024_11_03_T12:17:24 -  All home owners were assigned in Lisboa
2024_11_03_T12:17:24 -  All home owners were assigned in Lisboa
2024_11_03_T12:17:24 -  All home owners were assigned in Lisboa
2024_11_03_T12:17:24 -  All home owners were assigned in Lisboa
2024_11_03_T12:17:24 -  All home owners were assigned in Lisboa
2024_11_03_T12:17:24 -  All home owners were assigned in Lisboa
2024_11_03_T12:17:24 -  All home owners were assigned in Lisboa
2024_11_03_T12:17:24 -  All home owners were assigned in Lisboa
2024_11_03_T12:17:24 -  All home owners were assigned in Lisboa
2024_11_03_T12:17:24 -  All home owners were assigned in Lisboa
2024_11_03_T12:17:24 -  All home owners were assigned in Lisboa
2024_11_03_T12:17:24 -  All home owners were assigned in Lisboa
2024_11_03_T12:17:24 -  All home owners were assigned in Lisboa
2024_11_03_T12:17:24 -  All home owners were assigned in Lisboa
2024_11_03_T12:17:24 -  All home owners were assigned in Lisboa
2024_11_03_T12:17:24 -  All home owners were assigned in Lisboa
2024_11_03_T12:17:24 -  All home owners were assigned in Lisboa
2024_11_03_T12:17:24 -  All home owners were assigned in Lisboa
2024_11_03_T12:17:24 -  All home owners were assigned in Lisboa
2024_11_03_T12:17:24 -  All home owners were assigned in Lisboa
2024_11_03_T12:17:24 -  All home owners were assigned in Lisboa
2024_11_03_T12:17:24 -  All home owners were assigned in Lisboa
2024_11_03_T12:17:24 -  All home owners were assigned in Lisboa
2024_11_03_T12:17:24 -  All home owners were assigned in Lisboa
2024_11_03_T12:17:24 -  All home owners were assigned in Lisboa
2024_11_03_T12:17:24 -  All home owners were assigned in Lisboa
2024_11_03_T12:17:24 -  All home owners were assigned in Lisboa
2024_11_03_T12:17:24 -  All home owners were assigned in Lisboa
2024_11_03_T12:17:24 -  All home owners were assigned in Lisboa
2024_11_03_T12:17:24 -  All home owners were assigned in Lisboa
2024_11_03_T12:17:24 -  All home owners were assigned in Lisboa
2024_11_03_T12:17:24 -  All home owners were assigned in Lisboa
2024_11_03_T12:17:24 -  All home owners were assigned in Lisboa
2024_11_03_T12:17:24 -  All home owners were assigned in Lisboa
2024_11_03_T12:17:24 -  All home owners were assigned in Lisboa
2024_11_03_T12:17:24 -  All home owners were assigned in Lisboa
2024_11_03_T12:17:24 -  All home owners were assigned in Lisboa
2024_11_03_T12:17:24 -  All home owners were assigned in Lisboa
2024_11_03_T12:17:24 -  All home owners were assigned in Lisboa
2024_11_03_T12:17:24 -  All home owners were assigned in Lisboa
2024_11_03_T12:17:24 -  All home owners were assigned in Lisboa
2024_11_03_T12:17:24 -  All home owners were assigned in Lisboa
2024_11_03_T12:17:24 -  All home owners were assigned in Lisboa
2024_11_03_T12:17:24 -  All home owners were assigned in Lisboa
2024_11_03_T12:17:24 -  All home owners were assigned in Lisboa
2024_11_03_T12:17:24 -  All home owners were assigned in Lisboa
2024_11_03_T12:17:24 -  All home owners were assigned in Lisboa
2024_11_03_T12:17:24 -  All home owners were assigned in Lisboa
2024_11_03_T12:17:24 -  All home owners were assigned in Lisboa
2024_11_03_T12:17:24 -  All home owners were assigned in Lisboa
2024_11_03_T12:17:24 -  All home owners were assigned in Lisboa
2024_11_03_T12:17:24 -  All home owners were assigned in Lisboa
2024_11_03_T12:17:24 -  All home owners were assigned in Lisboa
2024_11_03_T12:17:24 -  All home owners were assigned in Lisboa
2024_11_03_T12:17:24 -  All home owners were assigned in Lisboa
2024_11_03_T12:17:24 -  All home owners were assigned in Lisboa
2024_11_03_T12:17:24 -  All home owners were assigned in Lisboa
2024_11_03_T12:17:24 -  All home owners were assigned in Lisboa
2024_11_03_T12:17:24 -  All home owners were assigned in Lisboa
2024_11_03_T12:17:24 -  All home owners were assigned in Lisboa
2024_11_03_T12:17:24 -  All home owners were assigned in Lisboa
2024_11_03_T12:17:24 -  All home owners were assigned in Lisboa
2024_11_03_T12:17:24 -  All home owners were assigned in Lisboa
2024_11_03_T12:17:24 -  All home owners were assigned in Lisboa
2024_11_03_T12:17:24 -  All home owners were assigned in Lisboa
2024_11_03_T12:17:24 -  All home owners were assigned in Lisboa
2024_11_03_T12:17:24 -  All home owners were assigned in Lisboa
2024_11_03_T12:17:24 -  All home owners were assigned in Lisboa
2024_11_03_T12:17:24 -  All home owners were assigned in Lisboa
2024_11_03_T12:17:24 -  All home owners were assigned in Lisboa
2024_11_03_T12:17:24 -  All home owners were assigned in Lisboa
2024_11_03_T12:17:24 -  All home owners were assigned in Lisboa
2024_11_03_T12:17:24 -  All home owners were assigned in Lisboa
2024_11_03_T12:17:24 -  All home owners were assigned in Lisboa
2024_11_03_T12:17:24 -  All home owners were assigned in Lisboa
2024_11_03_T12:17:24 -  All home owners were assigned in Lisboa
2024_11_03_T12:17:24 -  All home owners were assigned in Lisboa
2024_11_03_T12:17:24 -  All home owners were assigned in Lisboa
2024_11_03_T12:17:24 -  All home owners were assigned in Lisboa
2024_11_03_T12:17:24 -  All home owners were assigned in Lisboa
2024_11_03_T12:17:24 -  All home owners were assigned in Lisboa
2024_11_03_T12:17:24 -  All home owners were assigned in Lisboa
2024_11_03_T12:17:24 -  All home owners were assigned in Lisboa
2024_11_03_T12:17:24 -  All home owners were assigned in Lisboa
2024_11_03_T12:17:24 -  All home owners were assigned in Lisboa
2024_11_03_T12:17:24 -  All home owners were assigned in Lisboa
2024_11_03_T12:17:24 -  All home owners were assigned in Lisboa
2024_11_03_T12:17:24 -  All home owners were assigned in Lisboa
2024_11_03_T12:17:24 -  All home owners were assigned in Lisboa
2024_11_03_T12:17:24 -  All home owners were assigned in Lisboa
2024_11_03_T12:17:24 -  All home owners were assigned in Lisboa
2024_11_03_T12:17:24 -  All home owners were assigned in Lisboa
2024_11_03_T12:17:24 -  All home owners were assigned in Lisboa
2024_11_03_T12:17:24 -  All home owners were assigned in Lisboa
2024_11_03_T12:17:24 -  All home owners were assigned in Lisboa
2024_11_03_T12:17:24 -  All home owners were assigned in Lisboa
2024_11_03_T12:17:24 -  All home owners were assigned in Lisboa
2024_11_03_T12:17:24 -  All home owners were assigned in Lisboa
2024_11_03_T12:17:24 -  All home owners were assigned in Lisboa
2024_11_03_T12:17:24 -  All home owners were assigned in Lisboa
2024_11_03_T12:17:24 -  All home owners were assigned in Lisboa
2024_11_03_T12:17:24 -  All home owners were assigned in Lisboa
2024_11_03_T12:17:24 -  All home owners were assigned in Lisboa
2024_11_03_T12:17:24 -  All home owners were assigned in Lisboa
2024_11_03_T12:17:24 -  All home owners were assigned in Lisboa
2024_11_03_T12:17:24 -  All home owners were assigned in Lisboa
2024_11_03_T12:17:24 -  All home owners were assigned in Lisboa
2024_11_03_T12:17:24 -  All home owners were assigned in Lisboa
2024_11_03_T12:17:24 -  All home owners were assigned in Lisboa
2024_11_03_T12:17:24 -  All home owners were assigned in Lisboa
2024_11_03_T12:17:24 -  All home owners were assigned in Lisboa
2024_11_03_T12:17:24 -  All home owners were assigned in Lisboa
2024_11_03_T12:17:24 -  All home owners were assigned in Lisboa
2024_11_03_T12:17:24 -  All home owners were assigned in Lisboa
2024_11_03_T12:17:24 -  All home owners were assigned in Lisboa
2024_11_03_T12:17:24 -  All home owners were assigned in Lisboa
2024_11_03_T12:17:24 -  All home owners were assigned in Lisboa
2024_11_03_T12:17:24 -  All home owners were assigned in Lisboa
2024_11_03_T12:17:24 -  All home owners were assigned in Lisboa
2024_11_03_T12:17:24 -  All home owners were assigned in Lisboa
2024_11_03_T12:17:24 -  All home owners were assigned in Lisboa
2024_11_03_T12:17:24 -  All home owners were assigned in Lisboa
2024_11_03_T12:17:24 -  All home owners were assigned in Lisboa
2024_11_03_T12:17:24 -  All home owners were assigned in Lisboa
2024_11_03_T12:17:24 -  All home owners were assigned in Lisboa
2024_11_03_T12:17:24 -  All home owners were assigned in Lisboa
2024_11_03_T12:17:24 -  All home owners were assigned in Lisboa
2024_11_03_T12:17:24 -  All home owners were assigned in Lisboa
2024_11_03_T12:17:24 -  All home owners were assigned in Lisboa
2024_11_03_T12:17:24 -  All home owners were assigned in Lisboa
2024_11_03_T12:17:24 -  All home owners were assigned in Lisboa
2024_11_03_T12:17:24 -  All home owners were assigned in Lisboa
2024_11_03_T12:17:24 -  All home owners were assigned in Lisboa
2024_11_03_T12:17:24 -  All home owners were assigned in Lisboa
2024_11_03_T12:17:24 -  All home owners were assigned in Lisboa
2024_11_03_T12:17:24 -  All home owners were assigned in Lisboa
2024_11_03_T12:17:24 -  All home owners were assigned in Lisboa
2024_11_03_T12:17:24 -  All home owners were assigned in Lisboa
2024_11_03_T12:17:24 -  All home owners were assigned in Lisboa
2024_11_03_T12:17:24 -  All home owners were assigned in Lisboa
2024_11_03_T12:17:24 -  All home owners were assigned in Lisboa
2024_11_03_T12:17:24 -  All home owners were assigned in Lisboa
2024_11_03_T12:17:24 -  All home owners were assigned in Lisboa
2024_11_03_T12:17:24 -  All home owners were assigned in Lisboa
2024_11_03_T12:17:24 -  All home owners were assigned in Lisboa
2024_11_03_T12:17:24 -  All home owners were assigned in Lisboa
2024_11_03_T12:17:24 -  All home owners were assigned in Lisboa
2024_11_03_T12:17:24 -  All home owners were assigned in Lisboa
2024_11_03_T12:17:24 -  All home owners were assigned in Lisboa
2024_11_03_T12:17:24 -  All home owners were assigned in Lisboa
2024_11_03_T12:17:24 -  All home owners were assigned in Lisboa
2024_11_03_T12:17:24 -  All home owners were assigned in Lisboa
2024_11_03_T12:17:24 -  All home owners were assigned in Lisboa
2024_11_03_T12:17:24 -  All home owners were assigned in Lisboa
2024_11_03_T12:17:24 -  All home owners were assigned in Lisboa
2024_11_03_T12:17:24 -  All home owners were assigned in Lisboa
2024_11_03_T12:17:24 -  All home owners were assigned in Lisboa
2024_11_03_T12:17:24 -  All home owners were assigned in Lisboa
2024_11_03_T12:17:24 -  All home owners were assigned in Lisboa
2024_11_03_T12:17:24 -  All home owners were assigned in Lisboa
2024_11_03_T12:17:24 -  All home owners were assigned in Lisboa
2024_11_03_T12:17:24 -  All home owners were assigned in Lisboa
2024_11_03_T12:17:24 -  All home owners were assigned in Lisboa
2024_11_03_T12:17:24 -  All home owners were assigned in Lisboa
2024_11_03_T12:17:24 -  All home owners were assigned in Lisboa
2024_11_03_T12:17:24 -  All home owners were assigned in Lisboa
2024_11_03_T12:17:24 -  All home owners were assigned in Lisboa
2024_11_03_T12:17:24 -  All home owners were assigned in Lisboa
2024_11_03_T12:17:24 -  All home owners were assigned in Lisboa
2024_11_03_T12:17:24 -  All home owners were assigned in Lisboa
2024_11_03_T12:17:24 -  All home owners were assigned in Lisboa
2024_11_03_T12:17:24 -  All home owners were assigned in Lisboa
2024_11_03_T12:17:24 -  All home owners were assigned in Lisboa
2024_11_03_T12:17:24 -  All home owners were assigned in Lisboa
2024_11_03_T12:17:24 -  All home owners were assigned in Lisboa
2024_11_03_T12:17:24 -  All home owners were assigned in Lisboa
2024_11_03_T12:17:24 -  All home owners were assigned in Lisboa
2024_11_03_T12:17:24 -  All home owners were assigned in Lisboa
2024_11_03_T12:17:24 -  All home owners were assigned in Lisboa
2024_11_03_T12:17:24 -  All home owners were assigned in Lisboa
2024_11_03_T12:17:24 -  All home owners were assigned in Lisboa
2024_11_03_T12:17:24 -  All home owners were assigned in Lisboa
2024_11_03_T12:17:24 -  All home owners were assigned in Lisboa
2024_11_03_T12:17:24 -  All home owners were assigned in Lisboa
2024_11_03_T12:17:24 -  All home owners were assigned in Lisboa
2024_11_03_T12:17:24 -  All home owners were assigned in Lisboa
2024_11_03_T12:17:24 -  All home owners were assigned in Lisboa
2024_11_03_T12:17:24 -  All home owners were assigned in Lisboa
2024_11_03_T12:17:24 -  All home owners were assigned in Lisboa
2024_11_03_T12:17:24 -  All home owners were assigned in Lisboa
2024_11_03_T12:17:24 -  All home owners were assigned in Lisboa
2024_11_03_T12:17:24 -  All home owners were assigned in Lisboa
2024_11_03_T12:17:24 -  All home owners were assigned in Lisboa
2024_11_03_T12:17:24 -  All home owners were assigned in Lisboa
2024_11_03_T12:17:24 -  All home owners were assigned in Lisboa
2024_11_03_T12:17:24 -  All home owners were assigned in Lisboa
2024_11_03_T12:17:24 -  All home owners were assigned in Lisboa
2024_11_03_T12:17:24 -  All home owners were assigned in Lisboa
2024_11_03_T12:17:24 -  All home owners were assigned in Lisboa
2024_11_03_T12:17:24 -  All home owners were assigned in Lisboa
2024_11_03_T12:17:24 -  All home owners were assigned in Lisboa
2024_11_03_T12:17:24 -  All home owners were assigned in Lisboa
2024_11_03_T12:17:24 -  All home owners were assigned in Lisboa
2024_11_03_T12:17:24 -  All home owners were assigned in Lisboa
2024_11_03_T12:17:24 -  All home owners were assigned in Lisboa
2024_11_03_T12:17:24 -  All home owners were assigned in Lisboa
2024_11_03_T12:17:24 -  All home owners were assigned in Lisboa
2024_11_03_T12:17:24 -  All home owners were assigned in Lisboa
2024_11_03_T12:17:24 -  All home owners were assigned in Lisboa
2024_11_03_T12:17:24 -  All home owners were assigned in Lisboa
2024_11_03_T12:17:24 -  All home owners were assigned in Lisboa
2024_11_03_T12:17:24 -  All home owners were assigned in Lisboa
2024_11_03_T12:17:24 -  All home owners were assigned in Lisboa
2024_11_03_T12:17:24 -  All home owners were assigned in Lisboa
2024_11_03_T12:17:24 -  All home owners were assigned in Lisboa
2024_11_03_T12:17:24 -  All home owners were assigned in Lisboa
2024_11_03_T12:17:24 -  All home owners were assigned in Lisboa
2024_11_03_T12:17:24 -  All home owners were assigned in Lisboa
2024_11_03_T12:17:24 -  All home owners were assigned in Lisboa
2024_11_03_T12:17:24 -  All home owners were assigned in Lisboa
2024_11_03_T12:17:24 -  All home owners were assigned in Lisboa
2024_11_03_T12:17:24 -  All home owners were assigned in Lisboa
2024_11_03_T12:17:24 -  All home owners were assigned in Lisboa
2024_11_03_T12:17:24 -  All home owners were assigned in Lisboa
2024_11_03_T12:17:24 -  All home owners were assigned in Lisboa
2024_11_03_T12:17:24 -  All home owners were assigned in Lisboa
2024_11_03_T12:17:24 -  All home owners were assigned in Lisboa
2024_11_03_T12:17:24 -  All home owners were assigned in Lisboa
2024_11_03_T12:17:24 -  All home owners were assigned in Lisboa
2024_11_03_T12:17:24 -  All home owners were assigned in Lisboa
2024_11_03_T12:17:24 -  All home owners were assigned in Lisboa
2024_11_03_T12:17:24 -  All home owners were assigned in Lisboa
2024_11_03_T12:17:24 -  All home owners were assigned in Lisboa
2024_11_03_T12:17:24 -  All home owners were assigned in Lisboa
2024_11_03_T12:17:24 -  All home owners were assigned in Lisboa
2024_11_03_T12:17:24 -  All home owners were assigned in Lisboa
2024_11_03_T12:17:24 -  All home owners were assigned in Lisboa
2024_11_03_T12:17:24 -  All home owners were assigned in Lisboa
2024_11_03_T12:17:24 -  All home owners were assigned in Lisboa
2024_11_03_T12:17:24 -  All home owners were assigned in Lisboa
2024_11_03_T12:17:24 -  All home owners were assigned in Lisboa
2024_11_03_T12:17:24 -  All home owners were assigned in Lisboa
2024_11_03_T12:17:24 -  All home owners were assigned in Lisboa
2024_11_03_T12:17:24 -  All home owners were assigned in Lisboa
2024_11_03_T12:17:24 -  All home owners were assigned in Lisboa
2024_11_03_T12:17:24 -  All home owners were assigned in Lisboa
2024_11_03_T12:17:24 -  All home owners were assigned in Lisboa
2024_11_03_T12:17:24 -  All home owners were assigned in Lisboa
2024_11_03_T12:17:24 -  All home owners were assigned in Lisboa
2024_11_03_T12:17:24 -  All home owners were assigned in Lisboa
2024_11_03_T12:17:24 -  All home owners were assigned in Lisboa
2024_11_03_T12:17:24 -  All home owners were assigned in Lisboa
2024_11_03_T12:17:24 -  All home owners were assigned in Lisboa
2024_11_03_T12:17:24 -  All home owners were assigned in Lisboa
2024_11_03_T12:17:24 -  All home owners were assigned in Lisboa
2024_11_03_T12:17:24 -  All home owners were assigned in Lisboa
2024_11_03_T12:17:24 -  All home owners were assigned in Lisboa
2024_11_03_T12:17:24 -  All home owners were assigned in Lisboa
2024_11_03_T12:17:24 -  All home owners were assigned in Lisboa
2024_11_03_T12:17:24 -  All home owners were assigned in Lisboa
2024_11_03_T12:17:24 -  All home owners were assigned in Lisboa
2024_11_03_T12:17:24 -  All home owners were assigned in Lisboa
2024_11_03_T12:17:24 -  All home owners were assigned in Lisboa
2024_11_03_T12:17:24 -  All home owners were assigned in Lisboa
2024_11_03_T12:17:24 -  All home owners were assigned in Lisboa
2024_11_03_T12:17:24 -  All home owners were assigned in Lisboa
2024_11_03_T12:17:24 -  All home owners were assigned in Lisboa
2024_11_03_T12:17:24 -  All home owners were assigned in Lisboa
2024_11_03_T12:17:24 -  All home owners were assigned in Lisboa
2024_11_03_T12:17:24 -  All home owners were assigned in Lisboa
2024_11_03_T12:17:24 -  All home owners were assigned in Lisboa
2024_11_03_T12:17:24 -  All home owners were assigned in Lisboa
2024_11_03_T12:17:24 -  All home owners were assigned in Lisboa
2024_11_03_T12:17:24 -  All home owners were assigned in Lisboa
2024_11_03_T12:17:24 -  All home owners were assigned in Lisboa
2024_11_03_T12:17:24 -  All home owners were assigned in Lisboa
2024_11_03_T12:17:24 -  All home owners were assigned in Lisboa
2024_11_03_T12:17:24 -  All home owners were assigned in Lisboa
2024_11_03_T12:17:24 -  All home owners were assigned in Lisboa
2024_11_03_T12:17:24 -  All home owners were assigned in Lisboa
2024_11_03_T12:17:24 -  All home owners were assigned in Lisboa
2024_11_03_T12:17:24 -  All home owners were assigned in Lisboa
2024_11_03_T12:17:24 -  All home owners were assigned in Lisboa
2024_11_03_T12:17:24 -  All home owners were assigned in Lisboa
2024_11_03_T12:17:24 -  All home owners were assigned in Lisboa
2024_11_03_T12:17:24 -  All home owners were assigned in Lisboa
2024_11_03_T12:17:24 -  All home owners were assigned in Lisboa
2024_11_03_T12:17:24 -  All home owners were assigned in Lisboa
2024_11_03_T12:17:24 -  All home owners were assigned in Lisboa
2024_11_03_T12:17:24 -  All home owners were assigned in Lisboa
2024_11_03_T12:17:24 -  All home owners were assigned in Lisboa
2024_11_03_T12:17:24 -  All home owners were assigned in Lisboa
2024_11_03_T12:17:24 -  All home owners were assigned in Lisboa
2024_11_03_T12:17:24 -  All home owners were assigned in Lisboa
2024_11_03_T12:17:24 -  All home owners were assigned in Lisboa
2024_11_03_T12:17:24 -  All home owners were assigned in Lisboa
2024_11_03_T12:17:24 -  All home owners were assigned in Lisboa
2024_11_03_T12:17:24 -  All home owners were assigned in Lisboa
2024_11_03_T12:17:24 -  All home owners were assigned in Lisboa
2024_11_03_T12:17:24 -  All home owners were assigned in Lisboa
2024_11_03_T12:17:24 -  All home owners were assigned in Lisboa
2024_11_03_T12:17:24 -  All home owners were assigned in Lisboa
2024_11_03_T12:17:24 -  All home owners were assigned in Lisboa
2024_11_03_T12:17:24 -  All home owners were assigned in Lisboa
2024_11_03_T12:17:24 -  All home owners were assigned in Lisboa
2024_11_03_T12:17:24 -  All home owners were assigned in Lisboa
2024_11_03_T12:17:24 -  All home owners were assigned in Lisboa
2024_11_03_T12:17:24 -  All home owners were assigned in Lisboa
2024_11_03_T12:17:24 -  All home owners were assigned in Lisboa
2024_11_03_T12:17:24 -  All home owners were assigned in Lisboa
2024_11_03_T12:17:24 -  All home owners were assigned in Lisboa
2024_11_03_T12:17:24 -  All home owners were assigned in Lisboa
2024_11_03_T12:17:24 -  All home owners were assigned in Lisboa
2024_11_03_T12:17:24 -  All home owners were assigned in Lisboa
2024_11_03_T12:17:24 -  All home owners were assigned in Lisboa
2024_11_03_T12:17:24 -  All home owners were assigned in Lisboa
2024_11_03_T12:17:24 -  All home owners were assigned in Lisboa
2024_11_03_T12:17:24 -  All home owners were assigned in Lisboa
2024_11_03_T12:17:24 -  All home owners were assigned in Lisboa
2024_11_03_T12:17:24 -  All home owners were assigned in Lisboa
2024_11_03_T12:17:24 -  All home owners were assigned in Lisboa
2024_11_03_T12:17:24 -  All home owners were assigned in Lisboa
2024_11_03_T12:17:24 -  All home owners were assigned in Lisboa
2024_11_03_T12:17:24 -  All home owners were assigned in Lisboa
2024_11_03_T12:17:24 -  All home owners were assigned in Lisboa
2024_11_03_T12:17:24 -  All home owners were assigned in Lisboa
2024_11_03_T12:17:24 -  All home owners were assigned in Lisboa
2024_11_03_T12:17:24 -  All home owners were assigned in Lisboa
2024_11_03_T12:17:24 -  All home owners were assigned in Lisboa
2024_11_03_T12:17:24 -  All home owners were assigned in Lisboa
2024_11_03_T12:17:24 -  All home owners were assigned in Lisboa
2024_11_03_T12:17:24 -  All home owners were assigned in Lisboa
2024_11_03_T12:17:24 -  All home owners were assigned in Lisboa
2024_11_03_T12:17:24 -  All home owners were assigned in Lisboa
2024_11_03_T12:17:24 -  All home owners were assigned in Lisboa
2024_11_03_T12:17:24 -  All home owners were assigned in Lisboa
2024_11_03_T12:17:24 -  All home owners were assigned in Lisboa
2024_11_03_T12:17:24 -  All home owners were assigned in Lisboa
2024_11_03_T12:17:24 -  All home owners were assigned in Lisboa
2024_11_03_T12:17:24 -  All home owners were assigned in Lisboa
2024_11_03_T12:17:24 -  All home owners were assigned in Lisboa
2024_11_03_T12:17:24 -  All home owners were assigned in Lisboa
2024_11_03_T12:17:24 -  All home owners were assigned in Lisboa
2024_11_03_T12:17:24 -  All home owners were assigned in Lisboa
2024_11_03_T12:17:24 -  All home owners were assigned in Lisboa
2024_11_03_T12:17:24 -  All home owners were assigned in Lisboa
2024_11_03_T12:17:24 -  All home owners were assigned in Lisboa
2024_11_03_T12:17:24 -  All home owners were assigned in Lisboa
2024_11_03_T12:17:24 -  All home owners were assigned in Lisboa
2024_11_03_T12:17:24 -  All home owners were assigned in Lisboa
2024_11_03_T12:17:24 -  All home owners were assigned in Lisboa
2024_11_03_T12:17:24 -  All home owners were assigned in Lisboa
2024_11_03_T12:17:24 -  All home owners were assigned in Lisboa
2024_11_03_T12:17:24 -  All home owners were assigned in Lisboa
2024_11_03_T12:17:24 -  All home owners were assigned in Lisboa
2024_11_03_T12:17:24 -  All home owners were assigned in Lisboa
2024_11_03_T12:17:24 -  All home owners were assigned in Lisboa
2024_11_03_T12:17:24 -  All home owners were assigned in Lisboa
2024_11_03_T12:17:24 -  All home owners were assigned in Lisboa
2024_11_03_T12:17:24 -  All home owners were assigned in Lisboa
2024_11_03_T12:17:24 -  All home owners were assigned in Lisboa
2024_11_03_T12:17:24 -  All home owners were assigned in Lisboa
2024_11_03_T12:17:24 -  All home owners were assigned in Lisboa
2024_11_03_T12:17:24 -  All home owners were assigned in Lisboa
2024_11_03_T12:17:24 -  All home owners were assigned in Lisboa
2024_11_03_T12:17:24 -  All home owners were assigned in Lisboa
2024_11_03_T12:17:24 -  All home owners were assigned in Lisboa
2024_11_03_T12:17:24 -  All home owners were assigned in Lisboa
2024_11_03_T12:17:24 -  All home owners were assigned in Lisboa
2024_11_03_T12:17:24 -  All home owners were assigned in Lisboa
2024_11_03_T12:17:24 -  All home owners were assigned in Lisboa
2024_11_03_T12:17:24 -  All home owners were assigned in Lisboa
2024_11_03_T12:17:24 -  All home owners were assigned in Lisboa
2024_11_03_T12:17:24 -  All home owners were assigned in Lisboa
2024_11_03_T12:17:24 -  All home owners were assigned in Lisboa
2024_11_03_T12:17:24 -  All home owners were assigned in Lisboa
2024_11_03_T12:17:24 -  All home owners were assigned in Lisboa
2024_11_03_T12:17:24 -  All home owners were assigned in Lisboa
2024_11_03_T12:17:24 -  All home owners were assigned in Lisboa
2024_11_03_T12:17:24 -  All home owners were assigned in Lisboa
2024_11_03_T12:17:24 -  All home owners were assigned in Lisboa
2024_11_03_T12:17:24 -  All home owners were assigned in Lisboa
2024_11_03_T12:17:24 -  All home owners were assigned in Lisboa
2024_11_03_T12:17:24 -  All home owners were assigned in Lisboa
2024_11_03_T12:17:24 -  All home owners were assigned in Lisboa
2024_11_03_T12:17:24 -  All home owners were assigned in Lisboa
2024_11_03_T12:17:24 -  All home owners were assigned in Lisboa
2024_11_03_T12:17:24 -  All home owners were assigned in Lisboa
2024_11_03_T12:17:24 -  All home owners were assigned in Lisboa
2024_11_03_T12:17:24 -  All home owners were assigned in Lisboa
2024_11_03_T12:17:24 -  All home owners were assigned in Lisboa
2024_11_03_T12:17:24 -  All home owners were assigned in Lisboa
2024_11_03_T12:17:24 -  All home owners were assigned in Lisboa
2024_11_03_T12:17:24 -  All home owners were assigned in Lisboa
2024_11_03_T12:17:24 -  All home owners were assigned in Lisboa
2024_11_03_T12:17:24 -  All home owners were assigned in Lisboa
2024_11_03_T12:17:24 -  All home owners were assigned in Lisboa
2024_11_03_T12:17:24 -  All home owners were assigned in Lisboa
2024_11_03_T12:17:24 -  All home owners were assigned in Lisboa
2024_11_03_T12:17:24 -  All home owners were assigned in Lisboa
2024_11_03_T12:17:24 -  All home owners were assigned in Lisboa
2024_11_03_T12:17:24 -  All home owners were assigned in Lisboa
2024_11_03_T12:17:24 -  All home owners were assigned in Lisboa
2024_11_03_T12:17:24 -  All home owners were assigned in Lisboa
2024_11_03_T12:17:24 -  All home owners were assigned in Lisboa
2024_11_03_T12:17:24 -  All home owners were assigned in Lisboa
2024_11_03_T12:17:24 -  All home owners were assigned in Lisboa
2024_11_03_T12:17:24 -  All home owners were assigned in Lisboa
2024_11_03_T12:17:24 -  All home owners were assigned in Lisboa
2024_11_03_T12:17:24 -  All home owners were assigned in Lisboa
2024_11_03_T12:17:24 -  All home owners were assigned in Lisboa
2024_11_03_T12:17:24 -  All home owners were assigned in Lisboa
2024_11_03_T12:17:24 -  All home owners were assigned in Lisboa
2024_11_03_T12:17:24 -  All home owners were assigned in Lisboa
2024_11_03_T12:17:24 -  All home owners were assigned in Lisboa
2024_11_03_T12:17:24 -  All home owners were assigned in Lisboa
2024_11_03_T12:17:24 -  All home owners were assigned in Lisboa
2024_11_03_T12:17:24 -  All home owners were assigned in Lisboa
2024_11_03_T12:17:24 -  All home owners were assigned in Lisboa
2024_11_03_T12:17:24 -  All home owners were assigned in Lisboa
2024_11_03_T12:17:24 -  All home owners were assigned in Lisboa
2024_11_03_T12:17:24 -  All home owners were assigned in Lisboa
2024_11_03_T12:17:24 -  All home owners were assigned in Lisboa
2024_11_03_T12:17:24 -  All home owners were assigned in Lisboa
2024_11_03_T12:17:24 -  All home owners were assigned in Lisboa
2024_11_03_T12:17:24 -  All home owners were assigned in Lisboa
2024_11_03_T12:17:24 -  All home owners were assigned in Lisboa
2024_11_03_T12:17:24 -  All home owners were assigned in Lisboa
2024_11_03_T12:17:24 -  All home owners were assigned in Lisboa
2024_11_03_T12:17:24 -  All home owners were assigned in Lisboa
2024_11_03_T12:17:24 -  All home owners were assigned in Lisboa
2024_11_03_T12:17:24 -  All home owners were assigned in Lisboa
2024_11_03_T12:17:24 -  All home owners were assigned in Lisboa
2024_11_03_T12:17:24 -  All home owners were assigned in Lisboa
2024_11_03_T12:17:24 -  All home owners were assigned in Lisboa
2024_11_03_T12:17:24 -  All home owners were assigned in Lisboa
2024_11_03_T12:17:24 -  All home owners were assigned in Lisboa
2024_11_03_T12:17:24 -  All home owners were assigned in Lisboa
2024_11_03_T12:17:24 -  All home owners were assigned in Lisboa
2024_11_03_T12:17:24 -  All home owners were assigned in Lisboa
2024_11_03_T12:17:24 -  All home owners were assigned in Lisboa
2024_11_03_T12:17:24 -  All home owners were assigned in Lisboa
2024_11_03_T12:17:24 -  All home owners were assigned in Lisboa
2024_11_03_T12:17:24 -  All home owners were assigned in Lisboa
2024_11_03_T12:17:24 -  All home owners were assigned in Lisboa
2024_11_03_T12:17:24 -  All home owners were assigned in Lisboa
2024_11_03_T12:17:24 -  All home owners were assigned in Lisboa
2024_11_03_T12:17:24 -  All home owners were assigned in Lisboa
2024_11_03_T12:17:24 -  All home owners were assigned in Lisboa
2024_11_03_T12:17:24 -  All home owners were assigned in Lisboa
2024_11_03_T12:17:24 -  All home owners were assigned in Lisboa
2024_11_03_T12:17:24 -  All home owners were assigned in Lisboa
2024_11_03_T12:17:24 -  All home owners were assigned in Lisboa
2024_11_03_T12:17:24 -  All home owners were assigned in Lisboa
2024_11_03_T12:17:24 -  All home owners were assigned in Lisboa
2024_11_03_T12:17:24 -  All home owners were assigned in Lisboa
2024_11_03_T12:17:24 -  All home owners were assigned in Lisboa
2024_11_03_T12:17:24 -  All home owners were assigned in Lisboa
2024_11_03_T12:17:24 -  All home owners were assigned in Lisboa
2024_11_03_T12:17:24 -  All home owners were assigned in Lisboa
2024_11_03_T12:17:24 -  All home owners were assigned in Lisboa
2024_11_03_T12:17:24 -  All home owners were assigned in Lisboa
2024_11_03_T12:17:24 -  All home owners were assigned in Lisboa
2024_11_03_T12:17:24 -  All home owners were assigned in Lisboa
2024_11_03_T12:17:24 -  All home owners were assigned in Lisboa
2024_11_03_T12:17:24 -  All home owners were assigned in Lisboa
2024_11_03_T12:17:24 -  All home owners were assigned in Lisboa
2024_11_03_T12:17:24 -  All home owners were assigned in Lisboa
2024_11_03_T12:17:24 -  All home owners were assigned in Lisboa
2024_11_03_T12:17:24 -  All home owners were assigned in Lisboa
2024_11_03_T12:17:24 -  All home owners were assigned in Lisboa
2024_11_03_T12:17:24 -  All home owners were assigned in Lisboa
2024_11_03_T12:17:24 -  All home owners were assigned in Lisboa
2024_11_03_T12:17:24 -  All home owners were assigned in Lisboa
2024_11_03_T12:17:24 -  All home owners were assigned in Lisboa
2024_11_03_T12:17:24 -  All home owners were assigned in Lisboa
2024_11_03_T12:17:24 -  All home owners were assigned in Lisboa
2024_11_03_T12:17:24 -  All home owners were assigned in Lisboa
2024_11_03_T12:17:24 -  All home owners were assigned in Lisboa
2024_11_03_T12:17:24 -  All home owners were assigned in Lisboa
2024_11_03_T12:17:24 -  All home owners were assigned in Lisboa
2024_11_03_T12:17:24 -  All home owners were assigned in Lisboa
2024_11_03_T12:17:24 -  All home owners were assigned in Lisboa
2024_11_03_T12:17:24 -  All home owners were assigned in Lisboa
2024_11_03_T12:17:24 -  All home owners were assigned in Lisboa
2024_11_03_T12:17:24 -  All home owners were assigned in Lisboa
2024_11_03_T12:17:24 -  All home owners were assigned in Lisboa
2024_11_03_T12:17:24 -  All home owners were assigned in Lisboa
2024_11_03_T12:17:24 -  All home owners were assigned in Lisboa
2024_11_03_T12:17:24 -  All home owners were assigned in Lisboa
2024_11_03_T12:17:24 -  All home owners were assigned in Lisboa
2024_11_03_T12:17:24 -  All home owners were assigned in Lisboa
2024_11_03_T12:17:24 -  All home owners were assigned in Lisboa
2024_11_03_T12:17:24 -  All home owners were assigned in Lisboa
2024_11_03_T12:17:24 -  All home owners were assigned in Lisboa
2024_11_03_T12:17:24 -  All home owners were assigned in Lisboa
2024_11_03_T12:17:24 -  All home owners were assigned in Lisboa
2024_11_03_T12:17:24 -  All home owners were assigned in Lisboa
2024_11_03_T12:17:24 -  All home owners were assigned in Lisboa
2024_11_03_T12:17:24 -  All home owners were assigned in Lisboa
2024_11_03_T12:17:24 -  All home owners were assigned in Lisboa
2024_11_03_T12:17:24 -  All home owners were assigned in Lisboa
2024_11_03_T12:17:24 -  All home owners were assigned in Lisboa
2024_11_03_T12:17:24 -  All home owners were assigned in Lisboa
2024_11_03_T12:17:24 -  All home owners were assigned in Lisboa
2024_11_03_T12:17:24 -  All home owners were assigned in Lisboa
2024_11_03_T12:17:24 -  All home owners were assigned in Lisboa
2024_11_03_T12:17:24 -  All home owners were assigned in Lisboa
2024_11_03_T12:17:24 -  All home owners were assigned in Lisboa
2024_11_03_T12:17:24 -  All home owners were assigned in Lisboa
2024_11_03_T12:17:24 -  All home owners were assigned in Lisboa
2024_11_03_T12:17:24 -  All home owners were assigned in Lisboa
2024_11_03_T12:17:24 -  All home owners were assigned in Lisboa
2024_11_03_T12:17:24 -  All home owners were assigned in Lisboa
2024_11_03_T12:17:24 -  All home owners were assigned in Lisboa
2024_11_03_T12:17:24 -  All home owners were assigned in Lisboa
2024_11_03_T12:17:24 -  All home owners were assigned in Lisboa
2024_11_03_T12:17:24 -  All home owners were assigned in Lisboa
2024_11_03_T12:17:24 -  All home owners were assigned in Lisboa
2024_11_03_T12:17:24 -  All home owners were assigned in Lisboa
2024_11_03_T12:17:24 -  All home owners were assigned in Lisboa
2024_11_03_T12:17:24 -  All home owners were assigned in Lisboa
2024_11_03_T12:17:24 -  All home owners were assigned in Lisboa
2024_11_03_T12:17:24 -  All home owners were assigned in Lisboa
2024_11_03_T12:17:24 -  All home owners were assigned in Lisboa
2024_11_03_T12:17:24 -  All home owners were assigned in Lisboa
2024_11_03_T12:17:24 -  All home owners were assigned in Lisboa
2024_11_03_T12:17:24 -  All home owners were assigned in Lisboa
2024_11_03_T12:17:24 -  All home owners were assigned in Lisboa
2024_11_03_T12:17:24 -  All home owners were assigned in Lisboa
2024_11_03_T12:17:24 -  All home owners were assigned in Lisboa
2024_11_03_T12:17:24 -  All home owners were assigned in Lisboa
2024_11_03_T12:17:24 -  All home owners were assigned in Lisboa
2024_11_03_T12:17:24 -  All home owners were assigned in Lisboa
2024_11_03_T12:17:24 -  All home owners were assigned in Lisboa
2024_11_03_T12:17:24 -  All home owners were assigned in Lisboa
2024_11_03_T12:17:24 -  All home owners were assigned in Lisboa
2024_11_03_T12:17:24 -  All home owners were assigned in Lisboa
2024_11_03_T12:17:24 -  All home owners were assigned in Lisboa
2024_11_03_T12:17:24 -  All home owners were assigned in Lisboa
2024_11_03_T12:17:24 -  All home owners were assigned in Lisboa
2024_11_03_T12:17:24 -  All home owners were assigned in Lisboa
2024_11_03_T12:17:24 -  All home owners were assigned in Lisboa
2024_11_03_T12:17:24 -  All home owners were assigned in Lisboa
2024_11_03_T12:17:24 -  All home owners were assigned in Lisboa
2024_11_03_T12:17:24 -  All home owners were assigned in Lisboa
2024_11_03_T12:17:24 -  All home owners were assigned in Lisboa
2024_11_03_T12:17:24 -  All home owners were assigned in Lisboa
2024_11_03_T12:17:24 -  All home owners were assigned in Lisboa
2024_11_03_T12:17:24 -  All home owners were assigned in Lisboa
2024_11_03_T12:17:24 -  All home owners were assigned in Lisboa
2024_11_03_T12:17:24 -  All home owners were assigned in Lisboa
2024_11_03_T12:17:24 -  All home owners were assigned in Lisboa
2024_11_03_T12:17:24 -  All home owners were assigned in Lisboa
2024_11_03_T12:17:24 -  All home owners were assigned in Lisboa
2024_11_03_T12:17:24 -  All home owners were assigned in Lisboa
2024_11_03_T12:17:24 -  All home owners were assigned in Lisboa
2024_11_03_T12:17:24 -  All home owners were assigned in Lisboa
2024_11_03_T12:17:24 -  All home owners were assigned in Lisboa
2024_11_03_T12:17:24 -  All home owners were assigned in Lisboa
2024_11_03_T12:17:24 -  All home owners were assigned in Lisboa
2024_11_03_T12:17:24 -  All home owners were assigned in Lisboa
2024_11_03_T12:17:24 -  All home owners were assigned in Lisboa
2024_11_03_T12:17:24 -  All home owners were assigned in Lisboa
2024_11_03_T12:17:24 -  All home owners were assigned in Lisboa
2024_11_03_T12:17:24 -  All home owners were assigned in Lisboa
2024_11_03_T12:17:24 -  All home owners were assigned in Lisboa
2024_11_03_T12:17:24 -  All home owners were assigned in Lisboa
2024_11_03_T12:17:24 -  All home owners were assigned in Lisboa
2024_11_03_T12:17:24 -  All home owners were assigned in Lisboa
2024_11_03_T12:17:24 -  All home owners were assigned in Lisboa
2024_11_03_T12:17:24 -  All home owners were assigned in Lisboa
2024_11_03_T12:17:24 -  All home owners were assigned in Lisboa
2024_11_03_T12:17:24 -  All home owners were assigned in Lisboa
2024_11_03_T12:17:24 -  All home owners were assigned in Lisboa
2024_11_03_T12:17:24 -  All home owners were assigned in Lisboa
2024_11_03_T12:17:24 -  All home owners were assigned in Lisboa
2024_11_03_T12:17:24 -  All home owners were assigned in Lisboa
2024_11_03_T12:17:24 -  All home owners were assigned in Lisboa
2024_11_03_T12:17:24 -  All home owners were assigned in Lisboa
2024_11_03_T12:17:24 -  All home owners were assigned in Lisboa
2024_11_03_T12:17:24 -  All home owners were assigned in Lisboa
2024_11_03_T12:17:24 -  All home owners were assigned in Lisboa
2024_11_03_T12:17:24 -  All home owners were assigned in Lisboa
2024_11_03_T12:17:24 -  All home owners were assigned in Lisboa
2024_11_03_T12:17:24 -  All home owners were assigned in Lisboa
2024_11_03_T12:17:24 -  finished assignHousesToHouseholds in 2.0520639419555664 seconds
2024_11_03_T12:17:30 -  Metrics: sum_wealth took 9.5367431640625e-7
2024_11_03_T12:17:31 -  Metrics: wealth_distribution took 5.9604644775390625e-6
2024_11_03_T12:17:31 -  Metrics: money_distribution took 1.2159347534179688e-5
2024_11_03_T12:17:31 -  Metrics: size_distribution took 5.0067901611328125e-6
2024_11_03_T12:17:32 -  Metrics: age_distribution took 5.0067901611328125e-6
2024_11_03_T12:17:34 -  Metrics: sum_wealth took 3.4809112548828125e-5
2024_11_03_T12:17:34 -  Metrics: wealth_distribution took 0.010954141616821289
2024_11_03_T12:17:34 -  Metrics: money_distribution took 0.0003879070281982422
2024_11_03_T12:17:34 -  Metrics: size_distribution took 0.007536888122558594
2024_11_03_T12:17:34 -  Metrics: age_distribution took 0.000392913818359375
2024_11_03_T12:17:37 -  Model step started
2024_11_03_T12:17:38 -  clearHangingSupplies started
2024_11_03_T12:17:38 -  clearHangingSupplies took 0.005032062530517578
2024_11_03_T12:17:38 -  clearHangingRentalSupplies started
2024_11_03_T12:17:38 -  clearHangingRentalSupplies took 0.06140398979187012
2024_11_03_T12:17:38 -  clearHouseMarket started
2024_11_03_T12:17:38 -  clearHouseMarket - first block took 0.2707388401031494
2024_11_03_T12:17:38 -  clearHouseMarket - second block took 0.22203493118286133
2024_11_03_T12:17:38 -  clearHouseMarket - third block took 0.013389110565185547
2024_11_03_T12:17:38 -  clearRentalMarket started
2024_11_03_T12:17:39 -  clearRentalMarket - first block took 0.2003481388092041
2024_11_03_T12:17:39 -  clearRentalMarket - second block took 0.01652693748474121
2024_11_03_T12:17:39 -  Model step took 1.2924730777740479 seconds
2024_11_03_T12:17:39 -  Metrics: sum_wealth took 3.600120544433594e-5
2024_11_03_T12:17:39 -  Metrics: wealth_distribution took 0.0004940032958984375
2024_11_03_T12:17:39 -  Metrics: money_distribution took 0.0003230571746826172
2024_11_03_T12:17:39 -  Metrics: size_distribution took 0.00026798248291015625
2024_11_03_T12:17:39 -  Metrics: age_distribution took 0.0003478527069091797
2024_11_03_T12:17:41 -  Model step started
2024_11_03_T12:17:41 -  clearHangingSupplies started
2024_11_03_T12:17:41 -  clearHangingSupplies took 0.0001461505889892578
2024_11_03_T12:17:41 -  clearHangingRentalSupplies started
2024_11_03_T12:17:41 -  clearHangingRentalSupplies took 3.695487976074219e-5
2024_11_03_T12:17:41 -  clearHouseMarket started
2024_11_03_T12:17:41 -  clearHouseMarket - first block took 0.028625011444091797
2024_11_03_T12:17:41 -  clearHouseMarket - second block took 0.0025110244750976562
2024_11_03_T12:17:41 -  clearHouseMarket - third block took 0.0001690387725830078
2024_11_03_T12:17:41 -  clearRentalMarket started
2024_11_03_T12:17:41 -  clearRentalMarket - first block took 0.005388975143432617
2024_11_03_T12:17:41 -  clearRentalMarket - second block took 8.988380432128906e-5
2024_11_03_T12:17:41 -  Pushed house into housesBuiltPerRegion (location,size) = (Lisboa, LessThan50)
2024_11_03_T12:17:41 -  Model step took 0.1214761734008789 seconds
2024_11_03_T12:17:41 -  Metrics: sum_wealth took 6.198883056640625e-5
2024_11_03_T12:17:41 -  Metrics: wealth_distribution took 0.00044989585876464844
2024_11_03_T12:17:41 -  Metrics: money_distribution took 0.00032401084899902344
2024_11_03_T12:17:41 -  Metrics: size_distribution took 0.0003619194030761719
2024_11_03_T12:17:41 -  Metrics: age_distribution took 0.0003108978271484375
2024_11_03_T12:17:43 -  Model step started
2024_11_03_T12:17:43 -  clearHangingSupplies started
2024_11_03_T12:17:43 -  clearHangingSupplies took 8.988380432128906e-5
2024_11_03_T12:17:43 -  clearHangingRentalSupplies started
2024_11_03_T12:17:43 -  clearHangingRentalSupplies took 2.5033950805664062e-5
2024_11_03_T12:17:43 -  clearHouseMarket started
2024_11_03_T12:17:43 -  clearHouseMarket - first block took 0.05402398109436035
2024_11_03_T12:17:43 -  clearHouseMarket - second block took 0.0013620853424072266
2024_11_03_T12:17:43 -  clearHouseMarket - third block took 0.010899066925048828
2024_11_03_T12:17:43 -  clearRentalMarket started
2024_11_03_T12:17:43 -  clearRentalMarket - first block took 0.0029060840606689453
2024_11_03_T12:17:43 -  clearRentalMarket - second block took 2.6941299438476562e-5
2024_11_03_T12:17:43 -  Model step took 0.08474302291870117 seconds
2024_11_03_T12:17:43 -  Metrics: sum_wealth took 4.1961669921875e-5
2024_11_03_T12:17:43 -  Metrics: wealth_distribution took 0.0003528594970703125
2024_11_03_T12:17:43 -  Metrics: money_distribution took 0.0003249645233154297
2024_11_03_T12:17:43 -  Metrics: size_distribution took 0.0002791881561279297
2024_11_03_T12:17:43 -  Metrics: age_distribution took 0.0002980232238769531
2024_11_03_T12:17:45 -  Model step started
2024_11_03_T12:17:45 -  clearHangingSupplies started
2024_11_03_T12:17:45 -  clearHangingSupplies took 6.508827209472656e-5
2024_11_03_T12:17:45 -  clearHangingRentalSupplies started
2024_11_03_T12:17:45 -  clearHangingRentalSupplies took 2.09808349609375e-5
2024_11_03_T12:17:45 -  clearHouseMarket started
2024_11_03_T12:17:45 -  clearHouseMarket - first block took 0.028555870056152344
2024_11_03_T12:17:45 -  clearHouseMarket - second block took 0.0019321441650390625
2024_11_03_T12:17:45 -  clearHouseMarket - third block took 0.00018596649169921875
2024_11_03_T12:17:45 -  clearRentalMarket started
2024_11_03_T12:17:45 -  clearRentalMarket - first block took 0.003178119659423828
2024_11_03_T12:17:45 -  clearRentalMarket - second block took 2.193450927734375e-5
2024_11_03_T12:17:45 -  Pushed house into housesBuiltPerRegion (location,size) = (Lisboa, LessThan125)
2024_11_03_T12:17:45 -  Model step took 0.04539203643798828 seconds
2024_11_03_T12:17:45 -  Metrics: sum_wealth took 8.702278137207031e-5
2024_11_03_T12:17:45 -  Metrics: wealth_distribution took 0.0003170967102050781
2024_11_03_T12:17:45 -  Metrics: money_distribution took 0.0002930164337158203
2024_11_03_T12:17:45 -  Metrics: size_distribution took 0.0012929439544677734
2024_11_03_T12:17:45 -  Metrics: age_distribution took 0.0005619525909423828
2024_11_03_T12:17:46 -  Model step started
2024_11_03_T12:17:46 -  clearHangingSupplies started
2024_11_03_T12:17:46 -  clearHangingSupplies took 0.0002601146697998047
2024_11_03_T12:17:46 -  clearHangingRentalSupplies started
2024_11_03_T12:17:46 -  clearHangingRentalSupplies took 6.508827209472656e-5
2024_11_03_T12:17:46 -  clearHouseMarket started
2024_11_03_T12:17:46 -  clearHouseMarket - first block took 0.02743983268737793
2024_11_03_T12:17:46 -  clearHouseMarket - second block took 0.002582073211669922
2024_11_03_T12:17:46 -  clearHouseMarket - third block took 0.0002079010009765625
2024_11_03_T12:17:46 -  clearRentalMarket started
2024_11_03_T12:17:46 -  clearRentalMarket - first block took 0.0028591156005859375
2024_11_03_T12:17:46 -  clearRentalMarket - second block took 4.100799560546875e-5
2024_11_03_T12:17:46 -  Model step took 0.05006599426269531 seconds
2024_11_03_T12:17:46 -  Metrics: sum_wealth took 3.3855438232421875e-5
2024_11_03_T12:17:46 -  Metrics: wealth_distribution took 0.0005619525909423828
2024_11_03_T12:17:46 -  Metrics: money_distribution took 0.0004971027374267578
2024_11_03_T12:17:46 -  Metrics: size_distribution took 0.0003218650817871094
2024_11_03_T12:17:46 -  Metrics: age_distribution took 0.00030994415283203125
2024_11_03_T12:17:48 -  Model step started
2024_11_03_T12:17:48 -  clearHangingSupplies started
2024_11_03_T12:17:48 -  clearHangingSupplies took 7.891654968261719e-5
2024_11_03_T12:17:48 -  clearHangingRentalSupplies started
2024_11_03_T12:17:48 -  clearHangingRentalSupplies took 2.5987625122070312e-5
2024_11_03_T12:17:48 -  clearHouseMarket started
2024_11_03_T12:17:48 -  clearHouseMarket - first block took 0.025304079055786133
2024_11_03_T12:17:48 -  clearHouseMarket - second block took 0.004308938980102539
2024_11_03_T12:17:48 -  clearHouseMarket - third block took 0.0001480579376220703
2024_11_03_T12:17:48 -  clearRentalMarket started
2024_11_03_T12:17:48 -  clearRentalMarket - first block took 0.0026960372924804688
2024_11_03_T12:17:48 -  clearRentalMarket - second block took 3.409385681152344e-5
2024_11_03_T12:17:48 -  Model step took 0.04230999946594238 seconds
2024_11_03_T12:17:48 -  Metrics: sum_wealth took 3.4809112548828125e-5
2024_11_03_T12:17:48 -  Metrics: wealth_distribution took 0.00034308433532714844
2024_11_03_T12:17:48 -  Metrics: money_distribution took 0.0008780956268310547
2024_11_03_T12:17:48 -  Metrics: size_distribution took 0.0003859996795654297
2024_11_03_T12:17:48 -  Metrics: age_distribution took 0.0003380775451660156
2024_11_03_T12:17:50 -  Model step started
2024_11_03_T12:17:50 -  clearHangingSupplies started
2024_11_03_T12:17:50 -  clearHangingSupplies took 6.413459777832031e-5
2024_11_03_T12:17:50 -  clearHangingRentalSupplies started
2024_11_03_T12:17:50 -  clearHangingRentalSupplies took 1.811981201171875e-5
2024_11_03_T12:17:50 -  clearHouseMarket started
2024_11_03_T12:17:50 -  clearHouseMarket - first block took 0.02827286720275879
2024_11_03_T12:17:50 -  clearHouseMarket - second block took 0.0011110305786132812
2024_11_03_T12:17:50 -  clearHouseMarket - third block took 0.0004258155822753906
2024_11_03_T12:17:50 -  clearRentalMarket started
2024_11_03_T12:17:50 -  clearRentalMarket - first block took 0.003298044204711914
2024_11_03_T12:17:50 -  clearRentalMarket - second block took 2.002716064453125e-5
2024_11_03_T12:17:50 -  Model step took 0.044187068939208984 seconds
2024_11_03_T12:17:50 -  Metrics: sum_wealth took 5.602836608886719e-5
2024_11_03_T12:17:50 -  Metrics: wealth_distribution took 0.0003228187561035156
2024_11_03_T12:17:50 -  Metrics: money_distribution took 0.00033783912658691406
2024_11_03_T12:17:50 -  Metrics: size_distribution took 0.0003490447998046875
2024_11_03_T12:17:50 -  Metrics: age_distribution took 0.00043487548828125
2024_11_03_T12:17:52 -  Model step started
2024_11_03_T12:17:52 -  clearHangingSupplies started
2024_11_03_T12:17:52 -  clearHangingSupplies took 6.389617919921875e-5
2024_11_03_T12:17:52 -  clearHangingRentalSupplies started
2024_11_03_T12:17:52 -  clearHangingRentalSupplies took 2.2172927856445312e-5
2024_11_03_T12:17:52 -  clearHouseMarket started
2024_11_03_T12:17:52 -  clearHouseMarket - first block took 0.02445507049560547
2024_11_03_T12:17:52 -  clearHouseMarket - second block took 0.0012731552124023438
2024_11_03_T12:17:52 -  clearHouseMarket - third block took 0.0002071857452392578
2024_11_03_T12:17:52 -  clearRentalMarket started
2024_11_03_T12:17:52 -  clearRentalMarket - first block took 0.003101825714111328
2024_11_03_T12:17:52 -  clearRentalMarket - second block took 3.1948089599609375e-5
2024_11_03_T12:17:52 -  Model step took 0.04010295867919922 seconds
2024_11_03_T12:17:52 -  Metrics: sum_wealth took 6.29425048828125e-5
2024_11_03_T12:17:52 -  Metrics: wealth_distribution took 0.000392913818359375
2024_11_03_T12:17:52 -  Metrics: money_distribution took 0.00033402442932128906
2024_11_03_T12:17:52 -  Metrics: size_distribution took 0.00028395652770996094
2024_11_03_T12:17:52 -  Metrics: age_distribution took 0.00026798248291015625
2024_11_03_T12:17:54 -  Model step started
2024_11_03_T12:17:54 -  clearHangingSupplies started
2024_11_03_T12:17:54 -  clearHangingSupplies took 6.103515625e-5
2024_11_03_T12:17:54 -  clearHangingRentalSupplies started
2024_11_03_T12:17:54 -  clearHangingRentalSupplies took 1.6927719116210938e-5
2024_11_03_T12:17:54 -  clearHouseMarket started
2024_11_03_T12:17:54 -  clearHouseMarket - first block took 0.05545997619628906
2024_11_03_T12:17:54 -  clearHouseMarket - second block took 0.001032114028930664
2024_11_03_T12:17:54 -  clearHouseMarket - third block took 0.00015091896057128906
2024_11_03_T12:17:54 -  clearRentalMarket started
2024_11_03_T12:17:54 -  clearRentalMarket - first block took 0.003724813461303711
2024_11_03_T12:17:54 -  clearRentalMarket - second block took 4.601478576660156e-5
2024_11_03_T12:17:54 -  Model step took 0.07003188133239746 seconds
2024_11_03_T12:17:54 -  Metrics: sum_wealth took 5.793571472167969e-5
2024_11_03_T12:17:54 -  Metrics: wealth_distribution took 0.0003478527069091797
2024_11_03_T12:17:54 -  Metrics: money_distribution took 0.00037598609924316406
2024_11_03_T12:17:54 -  Metrics: size_distribution took 0.0002567768096923828
2024_11_03_T12:17:54 -  Metrics: age_distribution took 0.0002720355987548828
2024_11_03_T12:17:57 -  Model step started
2024_11_03_T12:17:57 -  clearHangingSupplies started
2024_11_03_T12:17:57 -  clearHangingSupplies took 7.104873657226562e-5
2024_11_03_T12:17:57 -  clearHangingRentalSupplies started
2024_11_03_T12:17:57 -  clearHangingRentalSupplies took 2.002716064453125e-5
2024_11_03_T12:17:57 -  clearHouseMarket started
2024_11_03_T12:17:57 -  clearHouseMarket - first block took 0.02773308753967285
2024_11_03_T12:17:57 -  clearHouseMarket - second block took 0.001191854476928711
2024_11_03_T12:17:57 -  clearHouseMarket - third block took 0.00012302398681640625
2024_11_03_T12:17:57 -  clearRentalMarket started
2024_11_03_T12:17:57 -  clearRentalMarket - first block took 0.0031859874725341797
2024_11_03_T12:17:57 -  clearRentalMarket - second block took 4.482269287109375e-5
2024_11_03_T12:17:57 -  Model step took 0.04650402069091797 seconds
2024_11_03_T12:17:57 -  Metrics: sum_wealth took 8.082389831542969e-5
2024_11_03_T12:17:57 -  Metrics: wealth_distribution took 0.0014429092407226562
2024_11_03_T12:17:57 -  Metrics: money_distribution took 0.00096893310546875
2024_11_03_T12:17:57 -  Metrics: size_distribution took 0.00037384033203125
2024_11_03_T12:17:57 -  Metrics: age_distribution took 0.0003638267517089844
2024_11_03_T12:18:01 -  Model step started
2024_11_03_T12:18:01 -  clearHangingSupplies started
2024_11_03_T12:18:01 -  clearHangingSupplies took 9.489059448242188e-5
2024_11_03_T12:18:01 -  clearHangingRentalSupplies started
2024_11_03_T12:18:01 -  clearHangingRentalSupplies took 2.7179718017578125e-5
2024_11_03_T12:18:01 -  clearHouseMarket started
2024_11_03_T12:18:01 -  clearHouseMarket - first block took 0.03758502006530762
2024_11_03_T12:18:01 -  clearHouseMarket - second block took 0.006165981292724609
2024_11_03_T12:18:01 -  clearHouseMarket - third block took 0.00015997886657714844
2024_11_03_T12:18:01 -  clearRentalMarket started
2024_11_03_T12:18:01 -  clearRentalMarket - first block took 0.0037910938262939453
2024_11_03_T12:18:01 -  clearRentalMarket - second block took 7.891654968261719e-5
2024_11_03_T12:18:01 -  Pushed house into housesBuiltPerRegion (location,size) = (Lisboa, LessThan50)
2024_11_03_T12:18:01 -  Pushed house into housesBuiltPerRegion (location,size) = (Lisboa, More)
2024_11_03_T12:18:01 -  Model step took 0.06740617752075195 seconds
2024_11_03_T12:18:01 -  Metrics: sum_wealth took 3.886222839355469e-5
2024_11_03_T12:18:01 -  Metrics: wealth_distribution took 0.0004801750183105469
2024_11_03_T12:18:01 -  Metrics: money_distribution took 0.0003600120544433594
2024_11_03_T12:18:01 -  Metrics: size_distribution took 0.00023603439331054688
2024_11_03_T12:18:01 -  Metrics: age_distribution took 0.00027489662170410156
2024_11_03_T12:18:05 -  Model step started
2024_11_03_T12:18:05 -  clearHangingSupplies started
2024_11_03_T12:18:05 -  clearHangingSupplies took 0.0020720958709716797
2024_11_03_T12:18:05 -  clearHangingRentalSupplies started
2024_11_03_T12:18:05 -  clearHangingRentalSupplies took 4.1961669921875e-5
2024_11_03_T12:18:05 -  clearHouseMarket started
2024_11_03_T12:18:05 -  clearHouseMarket - first block took 0.02704596519470215
2024_11_03_T12:18:05 -  clearHouseMarket - second block took 0.00074005126953125
2024_11_03_T12:18:05 -  clearHouseMarket - third block took 0.00011205673217773438
2024_11_03_T12:18:05 -  clearRentalMarket started
2024_11_03_T12:18:05 -  clearRentalMarket - first block took 0.002404928207397461
2024_11_03_T12:18:05 -  clearRentalMarket - second block took 1.7881393432617188e-5
2024_11_03_T12:18:05 -  Model step took 0.12268280982971191 seconds
2024_11_03_T12:18:05 -  Metrics: sum_wealth took 5.316734313964844e-5
2024_11_03_T12:18:05 -  Metrics: wealth_distribution took 0.0003981590270996094
2024_11_03_T12:18:05 -  Metrics: money_distribution took 0.0003669261932373047
2024_11_03_T12:18:05 -  Metrics: size_distribution took 0.0003008842468261719
2024_11_03_T12:18:05 -  Metrics: age_distribution took 0.00041294097900390625
2024_11_03_T12:18:07 -  Model step started
2024_11_03_T12:18:07 -  clearHangingSupplies started
2024_11_03_T12:18:07 -  clearHangingSupplies took 0.00016188621520996094
2024_11_03_T12:18:07 -  clearHangingRentalSupplies started
2024_11_03_T12:18:07 -  clearHangingRentalSupplies took 2.09808349609375e-5
2024_11_03_T12:18:07 -  clearHouseMarket started
2024_11_03_T12:18:07 -  clearHouseMarket - first block took 0.02689504623413086
2024_11_03_T12:18:07 -  clearHouseMarket - second block took 0.0013539791107177734
2024_11_03_T12:18:07 -  clearHouseMarket - third block took 0.00014710426330566406
2024_11_03_T12:18:07 -  clearRentalMarket started
2024_11_03_T12:18:07 -  clearRentalMarket - first block took 0.0029571056365966797
2024_11_03_T12:18:07 -  clearRentalMarket - second block took 2.002716064453125e-5
2024_11_03_T12:18:07 -  Model step took 0.04384613037109375 seconds
2024_11_03_T12:18:07 -  Metrics: sum_wealth took 3.600120544433594e-5
2024_11_03_T12:18:07 -  Metrics: wealth_distribution took 0.0004360675811767578
2024_11_03_T12:18:07 -  Metrics: money_distribution took 0.0004680156707763672
2024_11_03_T12:18:07 -  Metrics: size_distribution took 0.0003788471221923828
2024_11_03_T12:18:07 -  Metrics: age_distribution took 0.00032210350036621094
2024_11_03_T12:18:10 -  Model step started
2024_11_03_T12:18:10 -  clearHangingSupplies started
2024_11_03_T12:18:10 -  clearHangingSupplies took 5.888938903808594e-5
2024_11_03_T12:18:10 -  clearHangingRentalSupplies started
2024_11_03_T12:18:10 -  clearHangingRentalSupplies took 1.6927719116210938e-5
2024_11_03_T12:18:10 -  clearHouseMarket started
2024_11_03_T12:18:10 -  clearHouseMarket - first block took 0.030208110809326172
2024_11_03_T12:18:10 -  clearHouseMarket - second block took 0.0007381439208984375
2024_11_03_T12:18:10 -  clearHouseMarket - third block took 0.0001380443572998047
2024_11_03_T12:18:10 -  clearRentalMarket started
2024_11_03_T12:18:10 -  clearRentalMarket - first block took 0.002647876739501953
2024_11_03_T12:18:10 -  clearRentalMarket - second block took 3.814697265625e-5
2024_11_03_T12:18:10 -  Model step took 0.045007944107055664 seconds
2024_11_03_T12:18:10 -  Metrics: sum_wealth took 5.507469177246094e-5
2024_11_03_T12:18:10 -  Metrics: wealth_distribution took 0.00040602684020996094
2024_11_03_T12:18:10 -  Metrics: money_distribution took 0.00045108795166015625
2024_11_03_T12:18:10 -  Metrics: size_distribution took 0.0003299713134765625
2024_11_03_T12:18:10 -  Metrics: age_distribution took 0.00032782554626464844
2024_11_03_T12:18:12 -  Model step started
2024_11_03_T12:18:12 -  clearHangingSupplies started
2024_11_03_T12:18:12 -  clearHangingSupplies took 8.702278137207031e-5
2024_11_03_T12:18:12 -  clearHangingRentalSupplies started
2024_11_03_T12:18:12 -  clearHangingRentalSupplies took 2.193450927734375e-5
2024_11_03_T12:18:12 -  clearHouseMarket started
2024_11_03_T12:18:12 -  clearHouseMarket - first block took 0.024694204330444336
2024_11_03_T12:18:12 -  clearHouseMarket - second block took 0.0032701492309570312
2024_11_03_T12:18:12 -  clearHouseMarket - third block took 0.00021195411682128906
2024_11_03_T12:18:12 -  clearRentalMarket started
2024_11_03_T12:18:12 -  clearRentalMarket - first block took 0.002187013626098633
2024_11_03_T12:18:12 -  clearRentalMarket - second block took 1.4066696166992188e-5
2024_11_03_T12:18:12 -  Model step took 0.04148292541503906 seconds
2024_11_03_T12:18:12 -  Metrics: sum_wealth took 5.698204040527344e-5
2024_11_03_T12:18:12 -  Metrics: wealth_distribution took 0.00044417381286621094
2024_11_03_T12:18:12 -  Metrics: money_distribution took 0.00046706199645996094
2024_11_03_T12:18:12 -  Metrics: size_distribution took 0.00042510032653808594
2024_11_03_T12:18:12 -  Metrics: age_distribution took 0.00034689903259277344
2024_11_03_T12:18:14 -  Model step started
2024_11_03_T12:18:14 -  clearHangingSupplies started
2024_11_03_T12:18:14 -  clearHangingSupplies took 6.413459777832031e-5
2024_11_03_T12:18:14 -  clearHangingRentalSupplies started
2024_11_03_T12:18:14 -  clearHangingRentalSupplies took 1.9073486328125e-5
2024_11_03_T12:18:14 -  clearHouseMarket started
2024_11_03_T12:18:14 -  clearHouseMarket - first block took 0.02916407585144043
2024_11_03_T12:18:14 -  clearHouseMarket - second block took 0.001168966293334961
2024_11_03_T12:18:14 -  clearHouseMarket - third block took 0.00021386146545410156
2024_11_03_T12:18:14 -  clearRentalMarket started
2024_11_03_T12:18:14 -  clearRentalMarket - first block took 0.002672910690307617
2024_11_03_T12:18:14 -  clearRentalMarket - second block took 2.002716064453125e-5
2024_11_03_T12:18:14 -  Model step took 0.044061899185180664 seconds
2024_11_03_T12:18:14 -  Metrics: sum_wealth took 6.699562072753906e-5
2024_11_03_T12:18:14 -  Metrics: wealth_distribution took 0.00035309791564941406
2024_11_03_T12:18:14 -  Metrics: money_distribution took 0.0003619194030761719
2024_11_03_T12:18:14 -  Metrics: size_distribution took 0.0005638599395751953
2024_11_03_T12:18:14 -  Metrics: age_distribution took 0.00032711029052734375
2024_11_03_T12:18:17 -  Model step started
2024_11_03_T12:18:17 -  clearHangingSupplies started
2024_11_03_T12:18:17 -  clearHangingSupplies took 0.00010800361633300781
2024_11_03_T12:18:17 -  clearHangingRentalSupplies started
2024_11_03_T12:18:17 -  clearHangingRentalSupplies took 1.811981201171875e-5
2024_11_03_T12:18:17 -  clearHouseMarket started
2024_11_03_T12:18:17 -  clearHouseMarket - first block took 0.02368783950805664
2024_11_03_T12:18:17 -  clearHouseMarket - second block took 0.0009100437164306641
2024_11_03_T12:18:17 -  clearHouseMarket - third block took 0.0001289844512939453
2024_11_03_T12:18:17 -  clearRentalMarket started
2024_11_03_T12:18:17 -  clearRentalMarket - first block took 0.002532958984375
2024_11_03_T12:18:17 -  clearRentalMarket - second block took 6.699562072753906e-5
2024_11_03_T12:18:17 -  Pushed house into housesBuiltPerRegion (location,size) = (Lisboa, LessThan125)
2024_11_03_T12:18:17 -  Model step took 0.04309892654418945 seconds
2024_11_03_T12:18:17 -  Metrics: sum_wealth took 6.103515625e-5
2024_11_03_T12:18:17 -  Metrics: wealth_distribution took 0.0003879070281982422
2024_11_03_T12:18:17 -  Metrics: money_distribution took 0.0003609657287597656
2024_11_03_T12:18:17 -  Metrics: size_distribution took 0.0015311241149902344
2024_11_03_T12:18:17 -  Metrics: age_distribution took 0.0004241466522216797
2024_11_03_T12:18:19 -  Model step started
2024_11_03_T12:18:19 -  clearHangingSupplies started
2024_11_03_T12:18:19 -  clearHangingSupplies took 6.198883056640625e-5
2024_11_03_T12:18:19 -  clearHangingRentalSupplies started
2024_11_03_T12:18:19 -  clearHangingRentalSupplies took 1.621246337890625e-5
2024_11_03_T12:18:19 -  clearHouseMarket started
2024_11_03_T12:18:19 -  clearHouseMarket - first block took 0.021900177001953125
2024_11_03_T12:18:19 -  clearHouseMarket - second block took 0.0007190704345703125
2024_11_03_T12:18:19 -  clearHouseMarket - third block took 0.00015401840209960938
2024_11_03_T12:18:19 -  clearRentalMarket started
2024_11_03_T12:18:19 -  clearRentalMarket - first block took 0.00786590576171875
2024_11_03_T12:18:19 -  clearRentalMarket - second block took 4.601478576660156e-5
2024_11_03_T12:18:19 -  Model step took 0.04178619384765625 seconds
2024_11_03_T12:18:19 -  Metrics: sum_wealth took 5.793571472167969e-5
2024_11_03_T12:18:19 -  Metrics: wealth_distribution took 0.0004589557647705078
2024_11_03_T12:18:19 -  Metrics: money_distribution took 0.0003859996795654297
2024_11_03_T12:18:19 -  Metrics: size_distribution took 0.0003161430358886719
2024_11_03_T12:18:19 -  Metrics: age_distribution took 0.0003440380096435547
2024_11_03_T12:18:21 -  Model step started
2024_11_03_T12:18:21 -  clearHangingSupplies started
2024_11_03_T12:18:21 -  clearHangingSupplies took 6.008148193359375e-5
2024_11_03_T12:18:21 -  clearHangingRentalSupplies started
2024_11_03_T12:18:21 -  clearHangingRentalSupplies took 2.5033950805664062e-5
2024_11_03_T12:18:21 -  clearHouseMarket started
2024_11_03_T12:18:21 -  clearHouseMarket - first block took 0.02214193344116211
2024_11_03_T12:18:21 -  clearHouseMarket - second block took 0.0009548664093017578
2024_11_03_T12:18:21 -  clearHouseMarket - third block took 0.00014495849609375
2024_11_03_T12:18:21 -  clearRentalMarket started
2024_11_03_T12:18:21 -  clearRentalMarket - first block took 0.002432107925415039
2024_11_03_T12:18:21 -  clearRentalMarket - second block took 5.4836273193359375e-5
2024_11_03_T12:18:21 -  Model step took 0.038118839263916016 seconds
2024_11_03_T12:18:21 -  Metrics: sum_wealth took 3.600120544433594e-5
2024_11_03_T12:18:21 -  Metrics: wealth_distribution took 0.0005681514739990234
2024_11_03_T12:18:21 -  Metrics: money_distribution took 0.0005030632019042969
2024_11_03_T12:18:21 -  Metrics: size_distribution took 0.0003139972686767578
2024_11_03_T12:18:21 -  Metrics: age_distribution took 0.00038814544677734375
2024_11_03_T12:18:24 -  Model step started
2024_11_03_T12:18:24 -  clearHangingSupplies started
2024_11_03_T12:18:24 -  clearHangingSupplies took 9.298324584960938e-5
2024_11_03_T12:18:24 -  clearHangingRentalSupplies started
2024_11_03_T12:18:24 -  clearHangingRentalSupplies took 2.5033950805664062e-5
2024_11_03_T12:18:24 -  clearHouseMarket started
2024_11_03_T12:18:24 -  clearHouseMarket - first block took 0.030870914459228516
2024_11_03_T12:18:24 -  clearHouseMarket - second block took 0.0007920265197753906
2024_11_03_T12:18:24 -  clearHouseMarket - third block took 0.00014400482177734375
2024_11_03_T12:18:24 -  clearRentalMarket started
2024_11_03_T12:18:24 -  clearRentalMarket - first block took 0.0025970935821533203
2024_11_03_T12:18:24 -  clearRentalMarket - second block took 6.103515625e-5
2024_11_03_T12:18:24 -  Model step took 0.05653214454650879 seconds
2024_11_03_T12:18:24 -  Metrics: sum_wealth took 4.696846008300781e-5
2024_11_03_T12:18:24 -  Metrics: wealth_distribution took 0.00036406517028808594
2024_11_03_T12:18:24 -  Metrics: money_distribution took 0.0003578662872314453
2024_11_03_T12:18:24 -  Metrics: size_distribution took 0.000308990478515625
2024_11_03_T12:18:24 -  Metrics: age_distribution took 0.00044608116149902344
2024_11_03_T12:18:26 -  Model step started
2024_11_03_T12:18:26 -  clearHangingSupplies started
2024_11_03_T12:18:26 -  clearHangingSupplies took 5.412101745605469e-5
2024_11_03_T12:18:26 -  clearHangingRentalSupplies started
2024_11_03_T12:18:26 -  clearHangingRentalSupplies took 1.7881393432617188e-5
2024_11_03_T12:18:26 -  clearHouseMarket started
2024_11_03_T12:18:26 -  clearHouseMarket - first block took 0.020433902740478516
2024_11_03_T12:18:26 -  clearHouseMarket - second block took 0.0008020401000976562
2024_11_03_T12:18:26 -  clearHouseMarket - third block took 0.0001270771026611328
2024_11_03_T12:18:26 -  clearRentalMarket started
2024_11_03_T12:18:26 -  clearRentalMarket - first block took 0.005146980285644531
2024_11_03_T12:18:26 -  clearRentalMarket - second block took 3.600120544433594e-5
2024_11_03_T12:18:26 -  Model step took 0.03643012046813965 seconds
2024_11_03_T12:18:26 -  Metrics: sum_wealth took 5.412101745605469e-5
2024_11_03_T12:18:26 -  Metrics: wealth_distribution took 0.00034499168395996094
2024_11_03_T12:18:26 -  Metrics: money_distribution took 0.0005719661712646484
2024_11_03_T12:18:26 -  Metrics: size_distribution took 0.00028896331787109375
2024_11_03_T12:18:26 -  Metrics: age_distribution took 0.0003960132598876953
2024_11_03_T12:18:29 -  Model step started
2024_11_03_T12:18:29 -  clearHangingSupplies started
2024_11_03_T12:18:29 -  clearHangingSupplies took 5.0067901611328125e-5
2024_11_03_T12:18:29 -  clearHangingRentalSupplies started
2024_11_03_T12:18:29 -  clearHangingRentalSupplies took 1.4781951904296875e-5
2024_11_03_T12:18:29 -  clearHouseMarket started
2024_11_03_T12:18:29 -  clearHouseMarket - first block took 0.01669001579284668
2024_11_03_T12:18:29 -  clearHouseMarket - second block took 0.0004239082336425781
2024_11_03_T12:18:29 -  clearHouseMarket - third block took 9.298324584960938e-5
2024_11_03_T12:18:29 -  clearRentalMarket started
2024_11_03_T12:18:29 -  clearRentalMarket - first block took 0.002034902572631836
2024_11_03_T12:18:29 -  clearRentalMarket - second block took 5.91278076171875e-5
2024_11_03_T12:18:29 -  Model step took 0.03326296806335449 seconds
2024_11_03_T12:18:29 -  Metrics: sum_wealth took 7.700920104980469e-5
2024_11_03_T12:18:29 -  Metrics: wealth_distribution took 0.000370025634765625
2024_11_03_T12:18:29 -  Metrics: money_distribution took 0.00040793418884277344
2024_11_03_T12:18:29 -  Metrics: size_distribution took 0.00030303001403808594
2024_11_03_T12:18:29 -  Metrics: age_distribution took 0.00031185150146484375
2024_11_03_T12:18:31 -  Model step started
2024_11_03_T12:18:31 -  clearHangingSupplies started
2024_11_03_T12:18:31 -  clearHangingSupplies took 5.984306335449219e-5
2024_11_03_T12:18:31 -  clearHangingRentalSupplies started
2024_11_03_T12:18:31 -  clearHangingRentalSupplies took 1.811981201171875e-5
2024_11_03_T12:18:31 -  clearHouseMarket started
2024_11_03_T12:18:31 -  clearHouseMarket - first block took 0.01658916473388672
2024_11_03_T12:18:31 -  clearHouseMarket - second block took 0.0003819465637207031
2024_11_03_T12:18:31 -  clearHouseMarket - third block took 8.893013000488281e-5
2024_11_03_T12:18:31 -  clearRentalMarket started
2024_11_03_T12:18:31 -  clearRentalMarket - first block took 0.0019910335540771484
2024_11_03_T12:18:31 -  clearRentalMarket - second block took 2.7894973754882812e-5
2024_11_03_T12:18:31 -  Model step took 0.0342259407043457 seconds
2024_11_03_T12:18:31 -  Metrics: sum_wealth took 6.985664367675781e-5
2024_11_03_T12:18:31 -  Metrics: wealth_distribution took 0.0003821849822998047
2024_11_03_T12:18:31 -  Metrics: money_distribution took 0.0003998279571533203
2024_11_03_T12:18:31 -  Metrics: size_distribution took 0.002704143524169922
2024_11_03_T12:18:31 -  Metrics: age_distribution took 0.00035309791564941406
2024_11_03_T12:18:33 -  Model step started
2024_11_03_T12:18:33 -  clearHangingSupplies started
2024_11_03_T12:18:33 -  clearHangingSupplies took 7.390975952148438e-5
2024_11_03_T12:18:33 -  clearHangingRentalSupplies started
2024_11_03_T12:18:33 -  clearHangingRentalSupplies took 1.2874603271484375e-5
2024_11_03_T12:18:33 -  clearHouseMarket started
2024_11_03_T12:18:33 -  clearHouseMarket - first block took 0.0169830322265625
2024_11_03_T12:18:33 -  clearHouseMarket - second block took 0.00436091423034668
2024_11_03_T12:18:33 -  clearHouseMarket - third block took 0.0001690387725830078
2024_11_03_T12:18:33 -  clearRentalMarket started
2024_11_03_T12:18:33 -  clearRentalMarket - first block took 0.0022230148315429688
2024_11_03_T12:18:33 -  clearRentalMarket - second block took 3.695487976074219e-5
2024_11_03_T12:18:33 -  Model step took 0.03541994094848633 seconds
2024_11_03_T12:18:33 -  Metrics: sum_wealth took 6.29425048828125e-5
2024_11_03_T12:18:33 -  Metrics: wealth_distribution took 0.0003669261932373047
2024_11_03_T12:18:33 -  Metrics: money_distribution took 0.0004858970642089844
2024_11_03_T12:18:33 -  Metrics: size_distribution took 0.0003039836883544922
2024_11_03_T12:18:33 -  Metrics: age_distribution took 0.0003509521484375
