2024_10_30_T20:05:07 -  finished initateHouses in 0.7371737957000732 seconds
2024_10_30_T20:05:07 -  finished initiateHouseholds in 0.9275360107421875 seconds
2024_10_30_T20:05:07 -  finished assignHousesToHouseholds in 1.2884318828582764 seconds
2024_10_30_T20:05:11 -  Metrics: sum_wealth took 1.1920928955078125e-6
2024_10_30_T20:05:12 -  Metrics: wealth_distribution took 5.0067901611328125e-6
2024_10_30_T20:05:12 -  Metrics: money_distribution took 5.0067901611328125e-6
2024_10_30_T20:05:12 -  Metrics: size_distribution took 3.814697265625e-6
2024_10_30_T20:05:12 -  Metrics: age_distribution took 5.0067901611328125e-6
2024_10_30_T20:05:14 -  Metrics: sum_wealth took 4.00543212890625e-5
2024_10_30_T20:05:14 -  Metrics: wealth_distribution took 0.009768962860107422
2024_10_30_T20:05:14 -  Metrics: money_distribution took 0.000431060791015625
2024_10_30_T20:05:14 -  Metrics: size_distribution took 0.007832050323486328
2024_10_30_T20:05:14 -  Metrics: age_distribution took 0.00046896934509277344
2024_10_30_T20:05:17 -  Model step started
2024_10_30_T20:05:17 -  clearHangingSupplies started
2024_10_30_T20:05:17 -  clearHangingSupplies took 0.004481077194213867
2024_10_30_T20:05:17 -  clearHangingRentalSupplies started
2024_10_30_T20:05:17 -  clearHangingRentalSupplies took 0.003287076950073242
2024_10_30_T20:05:17 -  clearHouseMarket started
2024_10_30_T20:05:17 -  clearHouseMarket - first block took 0.25997090339660645
2024_10_30_T20:05:18 -  clearHouseMarket - second block took 0.14712810516357422
2024_10_30_T20:05:18 -  clearHouseMarket - third block took 0.010890007019042969
2024_10_30_T20:05:18 -  clearRentalMarket started
2024_10_30_T20:05:18 -  clearRentalMarket - first block took 0.07253289222717285
2024_10_30_T20:05:18 -  clearRentalMarket - second block took 2.6941299438476562e-5
2024_10_30_T20:05:18 -  Pushed house into housesBuiltPerRegion (location,size) = (Lisboa, LessThan125)
2024_10_30_T20:05:18 -  Model step took 0.9955341815948486 seconds
2024_10_30_T20:05:18 -  Metrics: sum_wealth took 6.699562072753906e-5
2024_10_30_T20:05:18 -  Metrics: wealth_distribution took 0.000492095947265625
2024_10_30_T20:05:18 -  Metrics: money_distribution took 0.0004911422729492188
2024_10_30_T20:05:18 -  Metrics: size_distribution took 0.0004971027374267578
2024_10_30_T20:05:18 -  Metrics: age_distribution took 0.0004520416259765625
2024_10_30_T20:05:20 -  Model step started
2024_10_30_T20:05:20 -  clearHangingSupplies started
2024_10_30_T20:05:20 -  clearHangingSupplies took 0.00014400482177734375
2024_10_30_T20:05:20 -  clearHangingRentalSupplies started
2024_10_30_T20:05:20 -  clearHangingRentalSupplies took 6.198883056640625e-6
2024_10_30_T20:05:20 -  clearHouseMarket started
2024_10_30_T20:05:20 -  clearHouseMarket - first block took 0.0818028450012207
2024_10_30_T20:05:20 -  clearHouseMarket - second block took 9.608268737792969e-5
2024_10_30_T20:05:20 -  clearHouseMarket - third block took 0.0001201629638671875
2024_10_30_T20:05:20 -  clearRentalMarket started
2024_10_30_T20:05:20 -  clearRentalMarket - first block took 2.002716064453125e-5
2024_10_30_T20:05:20 -  clearRentalMarket - second block took 1.1920928955078125e-6
2024_10_30_T20:05:20 -  Model step took 0.09678101539611816 seconds
2024_10_30_T20:05:20 -  Metrics: sum_wealth took 5.2928924560546875e-5
2024_10_30_T20:05:20 -  Metrics: wealth_distribution took 0.00045299530029296875
2024_10_30_T20:05:20 -  Metrics: money_distribution took 0.0004870891571044922
2024_10_30_T20:05:20 -  Metrics: size_distribution took 0.0003650188446044922
2024_10_30_T20:05:20 -  Metrics: age_distribution took 0.000453948974609375
2024_10_30_T20:05:22 -  Model step started
2024_10_30_T20:05:22 -  clearHangingSupplies started
2024_10_30_T20:05:22 -  clearHangingSupplies took 0.012897014617919922
2024_10_30_T20:05:22 -  clearHangingRentalSupplies started
2024_10_30_T20:05:22 -  clearHangingRentalSupplies took 6.198883056640625e-6
2024_10_30_T20:05:22 -  clearHouseMarket started
2024_10_30_T20:05:22 -  clearHouseMarket - first block took 0.11949491500854492
2024_10_30_T20:05:22 -  clearHouseMarket - second block took 0.030762910842895508
2024_10_30_T20:05:22 -  clearHouseMarket - third block took 0.00018310546875
2024_10_30_T20:05:22 -  clearRentalMarket started
2024_10_30_T20:05:22 -  clearRentalMarket - first block took 2.5987625122070312e-5
2024_10_30_T20:05:22 -  clearRentalMarket - second block took 9.5367431640625e-7
2024_10_30_T20:05:23 -  Pushed house into housesBuiltPerRegion (location,size) = (Lisboa, LessThan50)
2024_10_30_T20:05:23 -  Model step took 0.18140387535095215 seconds
2024_10_30_T20:05:23 -  Metrics: sum_wealth took 5.0067901611328125e-5
2024_10_30_T20:05:23 -  Metrics: wealth_distribution took 0.0005218982696533203
2024_10_30_T20:05:23 -  Metrics: money_distribution took 0.0004382133483886719
2024_10_30_T20:05:23 -  Metrics: size_distribution took 0.0003368854522705078
2024_10_30_T20:05:23 -  Metrics: age_distribution took 0.00047278404235839844
2024_10_30_T20:05:25 -  Model step started
2024_10_30_T20:05:25 -  clearHangingSupplies started
2024_10_30_T20:05:25 -  clearHangingSupplies took 0.00010180473327636719
2024_10_30_T20:05:25 -  clearHangingRentalSupplies started
2024_10_30_T20:05:25 -  clearHangingRentalSupplies took 5.0067901611328125e-6
2024_10_30_T20:05:25 -  clearHouseMarket started
2024_10_30_T20:05:25 -  clearHouseMarket - first block took 0.08392000198364258
2024_10_30_T20:05:25 -  clearHouseMarket - second block took 9.107589721679688e-5
2024_10_30_T20:05:25 -  clearHouseMarket - third block took 0.00013589859008789062
2024_10_30_T20:05:25 -  clearRentalMarket started
2024_10_30_T20:05:25 -  clearRentalMarket - first block took 1.5974044799804688e-5
2024_10_30_T20:05:25 -  clearRentalMarket - second block took 1.9073486328125e-6
2024_10_30_T20:05:25 -  Model step took 0.09684109687805176 seconds
2024_10_30_T20:05:25 -  Metrics: sum_wealth took 6.818771362304688e-5
2024_10_30_T20:05:25 -  Metrics: wealth_distribution took 0.0006411075592041016
2024_10_30_T20:05:25 -  Metrics: money_distribution took 0.0005240440368652344
2024_10_30_T20:05:25 -  Metrics: size_distribution took 0.00039887428283691406
2024_10_30_T20:05:25 -  Metrics: age_distribution took 0.0003800392150878906
2024_10_30_T20:05:27 -  Model step started
2024_10_30_T20:05:27 -  clearHangingSupplies started
2024_10_30_T20:05:27 -  clearHangingSupplies took 0.0001270771026611328
2024_10_30_T20:05:27 -  clearHangingRentalSupplies started
2024_10_30_T20:05:27 -  clearHangingRentalSupplies took 4.0531158447265625e-6
2024_10_30_T20:05:27 -  clearHouseMarket started
2024_10_30_T20:05:27 -  clearHouseMarket - first block took 0.08655810356140137
2024_10_30_T20:05:27 -  clearHouseMarket - second block took 0.0004448890686035156
2024_10_30_T20:05:27 -  clearHouseMarket - third block took 0.004695892333984375
2024_10_30_T20:05:27 -  clearRentalMarket started
2024_10_30_T20:05:27 -  clearRentalMarket - first block took 2.5033950805664062e-5
2024_10_30_T20:05:27 -  clearRentalMarket - second block took 4.0531158447265625e-6
2024_10_30_T20:05:27 -  Model step took 0.10767388343811035 seconds
2024_10_30_T20:05:27 -  Metrics: sum_wealth took 9.202957153320312e-5
2024_10_30_T20:05:27 -  Metrics: wealth_distribution took 0.0005841255187988281
2024_10_30_T20:05:27 -  Metrics: money_distribution took 0.00045418739318847656
2024_10_30_T20:05:27 -  Metrics: size_distribution took 0.00036597251892089844
2024_10_30_T20:05:27 -  Metrics: age_distribution took 0.0003399848937988281
2024_10_30_T20:05:29 -  Model step started
2024_10_30_T20:05:29 -  clearHangingSupplies started
2024_10_30_T20:05:29 -  clearHangingSupplies took 0.00011897087097167969
2024_10_30_T20:05:29 -  clearHangingRentalSupplies started
2024_10_30_T20:05:29 -  clearHangingRentalSupplies took 3.0994415283203125e-6
2024_10_30_T20:05:29 -  clearHouseMarket started
2024_10_30_T20:05:29 -  clearHouseMarket - first block took 0.0876169204711914
2024_10_30_T20:05:29 -  clearHouseMarket - second block took 0.0003459453582763672
2024_10_30_T20:05:29 -  clearHouseMarket - third block took 0.00015115737915039062
2024_10_30_T20:05:29 -  clearRentalMarket started
2024_10_30_T20:05:29 -  clearRentalMarket - first block took 2.002716064453125e-5
2024_10_30_T20:05:29 -  clearRentalMarket - second block took 2.1457672119140625e-6
2024_10_30_T20:05:29 -  Model step took 0.10375499725341797 seconds
2024_10_30_T20:05:29 -  Metrics: sum_wealth took 6.198883056640625e-5
2024_10_30_T20:05:29 -  Metrics: wealth_distribution took 0.000492095947265625
2024_10_30_T20:05:29 -  Metrics: money_distribution took 0.0005490779876708984
2024_10_30_T20:05:29 -  Metrics: size_distribution took 0.00037384033203125
2024_10_30_T20:05:29 -  Metrics: age_distribution took 0.000598907470703125
2024_10_30_T20:05:32 -  Model step started
2024_10_30_T20:05:32 -  clearHangingSupplies started
2024_10_30_T20:05:32 -  clearHangingSupplies took 0.0003800392150878906
2024_10_30_T20:05:32 -  clearHangingRentalSupplies started
2024_10_30_T20:05:32 -  clearHangingRentalSupplies took 3.0994415283203125e-6
2024_10_30_T20:05:32 -  clearHouseMarket started
2024_10_30_T20:05:32 -  clearHouseMarket - first block took 0.07020306587219238
2024_10_30_T20:05:32 -  clearHouseMarket - second block took 0.0007681846618652344
2024_10_30_T20:05:32 -  clearHouseMarket - third block took 0.00013709068298339844
2024_10_30_T20:05:32 -  clearRentalMarket started
2024_10_30_T20:05:32 -  clearRentalMarket - first block took 1.5020370483398438e-5
2024_10_30_T20:05:32 -  clearRentalMarket - second block took 9.5367431640625e-7
2024_10_30_T20:05:32 -  Model step took 0.08603096008300781 seconds
2024_10_30_T20:05:32 -  Metrics: sum_wealth took 7.700920104980469e-5
2024_10_30_T20:05:32 -  Metrics: wealth_distribution took 0.00044608116149902344
2024_10_30_T20:05:32 -  Metrics: money_distribution took 0.0005550384521484375
2024_10_30_T20:05:32 -  Metrics: size_distribution took 0.00039386749267578125
2024_10_30_T20:05:32 -  Metrics: age_distribution took 0.000431060791015625
2024_10_30_T20:05:34 -  Model step started
2024_10_30_T20:05:34 -  clearHangingSupplies started
2024_10_30_T20:05:34 -  clearHangingSupplies took 9.202957153320312e-5
2024_10_30_T20:05:34 -  clearHangingRentalSupplies started
2024_10_30_T20:05:34 -  clearHangingRentalSupplies took 4.0531158447265625e-6
2024_10_30_T20:05:34 -  clearHouseMarket started
2024_10_30_T20:05:34 -  clearHouseMarket - first block took 0.06813478469848633
2024_10_30_T20:05:34 -  clearHouseMarket - second block took 0.0015330314636230469
2024_10_30_T20:05:34 -  clearHouseMarket - third block took 0.00021600723266601562
2024_10_30_T20:05:34 -  clearRentalMarket started
2024_10_30_T20:05:34 -  clearRentalMarket - first block took 1.7881393432617188e-5
2024_10_30_T20:05:34 -  clearRentalMarket - second block took 9.5367431640625e-7
2024_10_30_T20:05:34 -  Pushed house into housesBuiltPerRegion (location,size) = (Lisboa, LessThan75)
2024_10_30_T20:05:34 -  Model step took 0.08405399322509766 seconds
2024_10_30_T20:05:34 -  Metrics: sum_wealth took 5.793571472167969e-5
2024_10_30_T20:05:34 -  Metrics: wealth_distribution took 0.0004601478576660156
2024_10_30_T20:05:34 -  Metrics: money_distribution took 0.006407022476196289
2024_10_30_T20:05:34 -  Metrics: size_distribution took 0.00036406517028808594
2024_10_30_T20:05:34 -  Metrics: age_distribution took 0.000370025634765625
2024_10_30_T20:05:36 -  Model step started
2024_10_30_T20:05:36 -  clearHangingSupplies started
2024_10_30_T20:05:36 -  clearHangingSupplies took 9.512901306152344e-5
2024_10_30_T20:05:36 -  clearHangingRentalSupplies started
2024_10_30_T20:05:36 -  clearHangingRentalSupplies took 2.1457672119140625e-6
2024_10_30_T20:05:36 -  clearHouseMarket started
2024_10_30_T20:05:36 -  clearHouseMarket - first block took 0.06907796859741211
2024_10_30_T20:05:36 -  clearHouseMarket - second block took 0.0008490085601806641
2024_10_30_T20:05:36 -  clearHouseMarket - third block took 0.00013208389282226562
2024_10_30_T20:05:36 -  clearRentalMarket started
2024_10_30_T20:05:36 -  clearRentalMarket - first block took 1.4066696166992188e-5
2024_10_30_T20:05:36 -  clearRentalMarket - second block took 1.1920928955078125e-6
2024_10_30_T20:05:36 -  Model step took 0.08516192436218262 seconds
2024_10_30_T20:05:36 -  Metrics: sum_wealth took 6.794929504394531e-5
2024_10_30_T20:05:36 -  Metrics: wealth_distribution took 0.0004520416259765625
2024_10_30_T20:05:36 -  Metrics: money_distribution took 0.0004699230194091797
2024_10_30_T20:05:36 -  Metrics: size_distribution took 0.0003998279571533203
2024_10_30_T20:05:36 -  Metrics: age_distribution took 0.0005259513854980469
2024_10_30_T20:05:38 -  Model step started
2024_10_30_T20:05:38 -  clearHangingSupplies started
2024_10_30_T20:05:38 -  clearHangingSupplies took 8.797645568847656e-5
2024_10_30_T20:05:38 -  clearHangingRentalSupplies started
2024_10_30_T20:05:38 -  clearHangingRentalSupplies took 1.5020370483398438e-5
2024_10_30_T20:05:38 -  clearHouseMarket started
2024_10_30_T20:05:38 -  clearHouseMarket - first block took 0.06621599197387695
2024_10_30_T20:05:38 -  clearHouseMarket - second block took 0.0007882118225097656
2024_10_30_T20:05:38 -  clearHouseMarket - third block took 0.00017714500427246094
2024_10_30_T20:05:38 -  clearRentalMarket started
2024_10_30_T20:05:38 -  clearRentalMarket - first block took 1.6927719116210938e-5
2024_10_30_T20:05:38 -  clearRentalMarket - second block took 9.5367431640625e-7
2024_10_30_T20:05:38 -  Model step took 0.08297514915466309 seconds
2024_10_30_T20:05:38 -  Metrics: sum_wealth took 8.106231689453125e-5
2024_10_30_T20:05:38 -  Metrics: wealth_distribution took 0.0005338191986083984
2024_10_30_T20:05:38 -  Metrics: money_distribution took 0.0004918575286865234
2024_10_30_T20:05:38 -  Metrics: size_distribution took 0.00039887428283691406
2024_10_30_T20:05:38 -  Metrics: age_distribution took 0.00037598609924316406
2024_10_30_T20:05:41 -  Model step started
2024_10_30_T20:05:41 -  clearHangingSupplies started
2024_10_30_T20:05:41 -  clearHangingSupplies took 9.608268737792969e-5
2024_10_30_T20:05:41 -  clearHangingRentalSupplies started
2024_10_30_T20:05:41 -  clearHangingRentalSupplies took 4.0531158447265625e-6
2024_10_30_T20:05:41 -  clearHouseMarket started
2024_10_30_T20:05:41 -  clearHouseMarket - first block took 0.06376886367797852
2024_10_30_T20:05:41 -  clearHouseMarket - second block took 0.001149892807006836
2024_10_30_T20:05:41 -  clearHouseMarket - third block took 0.00015401840209960938
2024_10_30_T20:05:41 -  clearRentalMarket started
2024_10_30_T20:05:41 -  clearRentalMarket - first block took 1.5020370483398438e-5
2024_10_30_T20:05:41 -  clearRentalMarket - second block took 1.9073486328125e-6
2024_10_30_T20:05:41 -  Model step took 0.08055806159973145 seconds
2024_10_30_T20:05:41 -  Metrics: sum_wealth took 9.799003601074219e-5
2024_10_30_T20:05:41 -  Metrics: wealth_distribution took 0.00046896934509277344
2024_10_30_T20:05:41 -  Metrics: money_distribution took 0.0005939006805419922
2024_10_30_T20:05:41 -  Metrics: size_distribution took 0.0004830360412597656
2024_10_30_T20:05:41 -  Metrics: age_distribution took 0.0004260540008544922
2024_10_30_T20:05:43 -  Model step started
2024_10_30_T20:05:43 -  clearHangingSupplies started
2024_10_30_T20:05:43 -  clearHangingSupplies took 8.988380432128906e-5
2024_10_30_T20:05:43 -  clearHangingRentalSupplies started
2024_10_30_T20:05:43 -  clearHangingRentalSupplies took 4.0531158447265625e-6
2024_10_30_T20:05:43 -  clearHouseMarket started
2024_10_30_T20:05:43 -  clearHouseMarket - first block took 0.060101985931396484
2024_10_30_T20:05:43 -  clearHouseMarket - second block took 0.0015060901641845703
2024_10_30_T20:05:43 -  clearHouseMarket - third block took 0.0001537799835205078
2024_10_30_T20:05:43 -  clearRentalMarket started
2024_10_30_T20:05:43 -  clearRentalMarket - first block took 1.6927719116210938e-5
2024_10_30_T20:05:43 -  clearRentalMarket - second block took 9.5367431640625e-7
2024_10_30_T20:05:43 -  Pushed house into housesBuiltPerRegion (location,size) = (Lisboa, LessThan75)
2024_10_30_T20:05:43 -  Pushed house into housesBuiltPerRegion (location,size) = (Lisboa, LessThan125)
2024_10_30_T20:05:43 -  Model step took 0.07707381248474121 seconds
2024_10_30_T20:05:43 -  Metrics: sum_wealth took 4.696846008300781e-5
2024_10_30_T20:05:43 -  Metrics: wealth_distribution took 0.0004730224609375
2024_10_30_T20:05:43 -  Metrics: money_distribution took 0.0007309913635253906
2024_10_30_T20:05:43 -  Metrics: size_distribution took 0.00045680999755859375
2024_10_30_T20:05:43 -  Metrics: age_distribution took 0.0004949569702148438
