2024_11_14_T12:22:12 -  finished initateHouses in 0.724107027053833 seconds
2024_11_14_T12:22:12 -  finished initiateHouseholds in 0.9159960746765137 seconds
2024_11_14_T12:22:12 -  All houses for rental were assigned in Lisboa
2024_11_14_T12:22:12 -  All houses for rental were assigned in Lisboa
2024_11_14_T12:22:12 -  All houses for rental were assigned in Lisboa
2024_11_14_T12:22:12 -  All houses for rental were assigned in Lisboa
2024_11_14_T12:22:12 -  All houses for rental were assigned in Lisboa
2024_11_14_T12:22:12 -  All houses for rental were assigned in Lisboa
2024_11_14_T12:22:12 -  All houses for rental were assigned in Lisboa
2024_11_14_T12:22:12 -  All houses for rental were assigned in Lisboa
2024_11_14_T12:22:12 -  All houses for rental were assigned in Lisboa
2024_11_14_T12:22:12 -  All houses for rental were assigned in Lisboa
2024_11_14_T12:22:12 -  All houses for rental were assigned in Lisboa
2024_11_14_T12:22:12 -  All houses for rental were assigned in Lisboa
2024_11_14_T12:22:12 -  All houses for rental were assigned in Lisboa
2024_11_14_T12:22:12 -  All houses for rental were assigned in Lisboa
2024_11_14_T12:22:12 -  All houses for rental were assigned in Lisboa
2024_11_14_T12:22:12 -  All houses for rental were assigned in Lisboa
2024_11_14_T12:22:12 -  All houses for rental were assigned in Lisboa
2024_11_14_T12:22:12 -  All houses for rental were assigned in Lisboa
2024_11_14_T12:22:12 -  All houses for rental were assigned in Lisboa
2024_11_14_T12:22:12 -  All houses for rental were assigned in Lisboa
2024_11_14_T12:22:12 -  All houses for rental were assigned in Lisboa
2024_11_14_T12:22:12 -  All houses for rental were assigned in Lisboa
2024_11_14_T12:22:12 -  All houses for rental were assigned in Lisboa
2024_11_14_T12:22:12 -  All houses for rental were assigned in Lisboa
2024_11_14_T12:22:12 -  All houses for rental were assigned in Lisboa
2024_11_14_T12:22:12 -  All houses for rental were assigned in Lisboa
2024_11_14_T12:22:12 -  All houses for rental were assigned in Lisboa
2024_11_14_T12:22:12 -  All houses for rental were assigned in Lisboa
2024_11_14_T12:22:12 -  All houses for rental were assigned in Lisboa
2024_11_14_T12:22:12 -  All houses for rental were assigned in Lisboa
2024_11_14_T12:22:12 -  All houses for rental were assigned in Lisboa
2024_11_14_T12:22:12 -  All houses for rental were assigned in Lisboa
2024_11_14_T12:22:12 -  All houses for rental were assigned in Lisboa
2024_11_14_T12:22:12 -  All houses for rental were assigned in Lisboa
2024_11_14_T12:22:12 -  All houses for rental were assigned in Lisboa
2024_11_14_T12:22:12 -  All houses for rental were assigned in Lisboa
2024_11_14_T12:22:12 -  All houses for rental were assigned in Lisboa
2024_11_14_T12:22:12 -  All houses for rental were assigned in Lisboa
2024_11_14_T12:22:12 -  All houses for rental were assigned in Lisboa
2024_11_14_T12:22:12 -  All houses for rental were assigned in Lisboa
2024_11_14_T12:22:12 -  All houses for rental were assigned in Lisboa
2024_11_14_T12:22:12 -  All houses for rental were assigned in Lisboa
2024_11_14_T12:22:12 -  All houses for rental were assigned in Lisboa
2024_11_14_T12:22:12 -  All houses for rental were assigned in Lisboa
2024_11_14_T12:22:12 -  All houses for rental were assigned in Lisboa
2024_11_14_T12:22:12 -  All houses for rental were assigned in Lisboa
2024_11_14_T12:22:12 -  All houses for rental were assigned in Lisboa
2024_11_14_T12:22:12 -  All houses for rental were assigned in Lisboa
2024_11_14_T12:22:12 -  All houses for rental were assigned in Lisboa
2024_11_14_T12:22:12 -  All houses for rental were assigned in Lisboa
2024_11_14_T12:22:12 -  All houses for rental were assigned in Lisboa
2024_11_14_T12:22:12 -  All houses for rental were assigned in Lisboa
2024_11_14_T12:22:12 -  All houses for rental were assigned in Lisboa
2024_11_14_T12:22:12 -  All houses for rental were assigned in Lisboa
2024_11_14_T12:22:12 -  All houses for rental were assigned in Lisboa
2024_11_14_T12:22:12 -  All houses for rental were assigned in Lisboa
2024_11_14_T12:22:12 -  All houses for rental were assigned in Lisboa
2024_11_14_T12:22:12 -  All houses for rental were assigned in Lisboa
2024_11_14_T12:22:12 -  All houses for rental were assigned in Lisboa
2024_11_14_T12:22:12 -  All houses for rental were assigned in Lisboa
2024_11_14_T12:22:12 -  All houses for rental were assigned in Lisboa
2024_11_14_T12:22:12 -  All houses for rental were assigned in Lisboa
2024_11_14_T12:22:12 -  All houses for rental were assigned in Lisboa
2024_11_14_T12:22:12 -  All houses for rental were assigned in Lisboa
2024_11_14_T12:22:12 -  All houses for rental were assigned in Lisboa
2024_11_14_T12:22:12 -  All houses for rental were assigned in Lisboa
2024_11_14_T12:22:12 -  All houses for rental were assigned in Lisboa
2024_11_14_T12:22:12 -  All houses for rental were assigned in Lisboa
2024_11_14_T12:22:12 -  All houses for rental were assigned in Lisboa
2024_11_14_T12:22:12 -  All houses for rental were assigned in Lisboa
2024_11_14_T12:22:12 -  All houses for rental were assigned in Lisboa
2024_11_14_T12:22:12 -  All houses for rental were assigned in Lisboa
2024_11_14_T12:22:12 -  All houses for rental were assigned in Lisboa
2024_11_14_T12:22:12 -  All houses for rental were assigned in Lisboa
2024_11_14_T12:22:12 -  All houses for rental were assigned in Lisboa
2024_11_14_T12:22:12 -  All houses for rental were assigned in Lisboa
2024_11_14_T12:22:12 -  All houses for rental were assigned in Lisboa
2024_11_14_T12:22:12 -  All houses for rental were assigned in Lisboa
2024_11_14_T12:22:12 -  All houses for rental were assigned in Lisboa
2024_11_14_T12:22:12 -  All houses for rental were assigned in Lisboa
2024_11_14_T12:22:12 -  All houses for rental were assigned in Lisboa
2024_11_14_T12:22:12 -  All houses for rental were assigned in Lisboa
2024_11_14_T12:22:12 -  All houses for rental were assigned in Lisboa
2024_11_14_T12:22:12 -  All houses for rental were assigned in Lisboa
2024_11_14_T12:22:12 -  All houses for rental were assigned in Lisboa
2024_11_14_T12:22:12 -  All houses for rental were assigned in Lisboa
2024_11_14_T12:22:12 -  All houses for rental were assigned in Lisboa
2024_11_14_T12:22:12 -  All houses for rental were assigned in Lisboa
2024_11_14_T12:22:12 -  All houses for rental were assigned in Lisboa
2024_11_14_T12:22:12 -  All houses for rental were assigned in Lisboa
2024_11_14_T12:22:12 -  All houses for rental were assigned in Lisboa
2024_11_14_T12:22:12 -  All houses for rental were assigned in Lisboa
2024_11_14_T12:22:12 -  All houses for rental were assigned in Lisboa
2024_11_14_T12:22:12 -  All houses for rental were assigned in Lisboa
2024_11_14_T12:22:12 -  All houses for rental were assigned in Lisboa
2024_11_14_T12:22:12 -  All houses for rental were assigned in Lisboa
2024_11_14_T12:22:12 -  All houses for rental were assigned in Lisboa
2024_11_14_T12:22:12 -  All houses for rental were assigned in Lisboa
2024_11_14_T12:22:12 -  All houses for rental were assigned in Lisboa
2024_11_14_T12:22:12 -  All houses for rental were assigned in Lisboa
2024_11_14_T12:22:12 -  All houses for rental were assigned in Lisboa
2024_11_14_T12:22:12 -  All houses for rental were assigned in Lisboa
2024_11_14_T12:22:12 -  All houses for rental were assigned in Lisboa
2024_11_14_T12:22:12 -  All houses for rental were assigned in Lisboa
2024_11_14_T12:22:12 -  All houses for rental were assigned in Lisboa
2024_11_14_T12:22:12 -  All houses for rental were assigned in Lisboa
2024_11_14_T12:22:12 -  All houses for rental were assigned in Lisboa
2024_11_14_T12:22:12 -  All houses for rental were assigned in Lisboa
2024_11_14_T12:22:12 -  All houses for rental were assigned in Lisboa
2024_11_14_T12:22:12 -  All houses for rental were assigned in Lisboa
2024_11_14_T12:22:12 -  All houses for rental were assigned in Lisboa
2024_11_14_T12:22:12 -  All houses for rental were assigned in Lisboa
2024_11_14_T12:22:12 -  All houses for rental were assigned in Lisboa
2024_11_14_T12:22:12 -  All houses for rental were assigned in Lisboa
2024_11_14_T12:22:12 -  All houses for rental were assigned in Lisboa
2024_11_14_T12:22:12 -  All houses for rental were assigned in Lisboa
2024_11_14_T12:22:12 -  All houses for rental were assigned in Lisboa
2024_11_14_T12:22:12 -  All houses for rental were assigned in Lisboa
2024_11_14_T12:22:12 -  All houses for rental were assigned in Lisboa
2024_11_14_T12:22:12 -  All houses for rental were assigned in Lisboa
2024_11_14_T12:22:12 -  All houses for rental were assigned in Lisboa
2024_11_14_T12:22:12 -  All houses for rental were assigned in Lisboa
2024_11_14_T12:22:12 -  All houses for rental were assigned in Lisboa
2024_11_14_T12:22:12 -  All houses for rental were assigned in Lisboa
2024_11_14_T12:22:12 -  All houses for rental were assigned in Lisboa
2024_11_14_T12:22:12 -  All houses for rental were assigned in Lisboa
2024_11_14_T12:22:12 -  All houses for rental were assigned in Lisboa
2024_11_14_T12:22:12 -  All houses for rental were assigned in Lisboa
2024_11_14_T12:22:12 -  All houses for rental were assigned in Lisboa
2024_11_14_T12:22:12 -  All houses for rental were assigned in Lisboa
2024_11_14_T12:22:12 -  All houses for rental were assigned in Lisboa
2024_11_14_T12:22:12 -  All houses for rental were assigned in Lisboa
2024_11_14_T12:22:12 -  All houses for rental were assigned in Lisboa
2024_11_14_T12:22:12 -  All houses for rental were assigned in Lisboa
2024_11_14_T12:22:12 -  All houses for rental were assigned in Lisboa
2024_11_14_T12:22:12 -  All houses for rental were assigned in Lisboa
2024_11_14_T12:22:12 -  All houses for rental were assigned in Lisboa
2024_11_14_T12:22:12 -  All houses for rental were assigned in Lisboa
2024_11_14_T12:22:12 -  All houses for rental were assigned in Lisboa
2024_11_14_T12:22:12 -  All houses for rental were assigned in Lisboa
2024_11_14_T12:22:12 -  All houses for rental were assigned in Lisboa
2024_11_14_T12:22:12 -  All houses for rental were assigned in Lisboa
2024_11_14_T12:22:12 -  All houses for rental were assigned in Lisboa
2024_11_14_T12:22:12 -  All houses for rental were assigned in Lisboa
2024_11_14_T12:22:12 -  All houses for rental were assigned in Lisboa
2024_11_14_T12:22:12 -  All houses for rental were assigned in Lisboa
2024_11_14_T12:22:12 -  All houses for rental were assigned in Lisboa
2024_11_14_T12:22:12 -  All houses for rental were assigned in Lisboa
2024_11_14_T12:22:12 -  All houses for rental were assigned in Lisboa
2024_11_14_T12:22:12 -  All houses for rental were assigned in Lisboa
2024_11_14_T12:22:12 -  All houses for rental were assigned in Lisboa
2024_11_14_T12:22:12 -  All houses for rental were assigned in Lisboa
2024_11_14_T12:22:12 -  All houses for rental were assigned in Lisboa
2024_11_14_T12:22:12 -  All houses for rental were assigned in Lisboa
2024_11_14_T12:22:12 -  All houses for rental were assigned in Lisboa
2024_11_14_T12:22:12 -  All houses for rental were assigned in Lisboa
2024_11_14_T12:22:12 -  All houses for rental were assigned in Lisboa
2024_11_14_T12:22:12 -  All houses for rental were assigned in Lisboa
2024_11_14_T12:22:12 -  All houses for rental were assigned in Lisboa
2024_11_14_T12:22:12 -  All houses for rental were assigned in Lisboa
2024_11_14_T12:22:12 -  All houses for rental were assigned in Lisboa
2024_11_14_T12:22:12 -  All houses for rental were assigned in Lisboa
2024_11_14_T12:22:12 -  All houses for rental were assigned in Lisboa
2024_11_14_T12:22:12 -  All houses for rental were assigned in Lisboa
2024_11_14_T12:22:12 -  All houses for rental were assigned in Lisboa
2024_11_14_T12:22:12 -  All houses for rental were assigned in Lisboa
2024_11_14_T12:22:12 -  All houses for rental were assigned in Lisboa
2024_11_14_T12:22:12 -  All houses for rental were assigned in Lisboa
2024_11_14_T12:22:12 -  All houses for rental were assigned in Lisboa
2024_11_14_T12:22:12 -  All houses for rental were assigned in Lisboa
2024_11_14_T12:22:12 -  All houses for rental were assigned in Lisboa
2024_11_14_T12:22:12 -  All houses for rental were assigned in Lisboa
2024_11_14_T12:22:12 -  All houses for rental were assigned in Lisboa
2024_11_14_T12:22:12 -  All houses for rental were assigned in Lisboa
2024_11_14_T12:22:12 -  All houses for rental were assigned in Lisboa
2024_11_14_T12:22:12 -  All houses for rental were assigned in Lisboa
2024_11_14_T12:22:12 -  All houses for rental were assigned in Lisboa
2024_11_14_T12:22:12 -  All houses for rental were assigned in Lisboa
2024_11_14_T12:22:12 -  All houses for rental were assigned in Lisboa
2024_11_14_T12:22:12 -  All houses for rental were assigned in Lisboa
2024_11_14_T12:22:12 -  All houses for rental were assigned in Lisboa
2024_11_14_T12:22:12 -  All houses for rental were assigned in Lisboa
2024_11_14_T12:22:12 -  All houses for rental were assigned in Lisboa
2024_11_14_T12:22:12 -  All houses for rental were assigned in Lisboa
2024_11_14_T12:22:12 -  All houses for rental were assigned in Lisboa
2024_11_14_T12:22:12 -  All houses for rental were assigned in Lisboa
2024_11_14_T12:22:12 -  All houses for rental were assigned in Lisboa
2024_11_14_T12:22:12 -  All houses for rental were assigned in Lisboa
2024_11_14_T12:22:12 -  All houses for rental were assigned in Lisboa
2024_11_14_T12:22:12 -  All houses for rental were assigned in Lisboa
2024_11_14_T12:22:12 -  All houses for rental were assigned in Lisboa
2024_11_14_T12:22:12 -  All houses for rental were assigned in Lisboa
2024_11_14_T12:22:12 -  All houses for rental were assigned in Lisboa
2024_11_14_T12:22:12 -  All houses for rental were assigned in Lisboa
2024_11_14_T12:22:12 -  All houses for rental were assigned in Lisboa
2024_11_14_T12:22:12 -  All houses for rental were assigned in Lisboa
2024_11_14_T12:22:12 -  All houses for rental were assigned in Lisboa
2024_11_14_T12:22:12 -  All houses for rental were assigned in Lisboa
2024_11_14_T12:22:12 -  All houses for rental were assigned in Lisboa
2024_11_14_T12:22:12 -  All houses for rental were assigned in Lisboa
2024_11_14_T12:22:12 -  All houses for rental were assigned in Lisboa
2024_11_14_T12:22:12 -  All houses for rental were assigned in Lisboa
2024_11_14_T12:22:12 -  All houses for rental were assigned in Lisboa
2024_11_14_T12:22:12 -  All houses for rental were assigned in Lisboa
2024_11_14_T12:22:12 -  All houses for rental were assigned in Lisboa
2024_11_14_T12:22:12 -  All houses for rental were assigned in Lisboa
2024_11_14_T12:22:12 -  All houses for rental were assigned in Lisboa
2024_11_14_T12:22:12 -  All houses for rental were assigned in Lisboa
2024_11_14_T12:22:12 -  All houses for rental were assigned in Lisboa
2024_11_14_T12:22:12 -  All houses for rental were assigned in Lisboa
2024_11_14_T12:22:12 -  All houses for rental were assigned in Lisboa
2024_11_14_T12:22:12 -  All houses for rental were assigned in Lisboa
2024_11_14_T12:22:12 -  All houses for rental were assigned in Lisboa
2024_11_14_T12:22:12 -  All houses for rental were assigned in Lisboa
2024_11_14_T12:22:12 -  All houses for rental were assigned in Lisboa
2024_11_14_T12:22:12 -  All houses for rental were assigned in Lisboa
2024_11_14_T12:22:12 -  All houses for rental were assigned in Lisboa
2024_11_14_T12:22:12 -  All houses for rental were assigned in Lisboa
2024_11_14_T12:22:12 -  All houses for rental were assigned in Lisboa
2024_11_14_T12:22:12 -  All houses for rental were assigned in Lisboa
2024_11_14_T12:22:12 -  All houses for rental were assigned in Lisboa
2024_11_14_T12:22:12 -  All houses for rental were assigned in Lisboa
2024_11_14_T12:22:12 -  All houses for rental were assigned in Lisboa
2024_11_14_T12:22:12 -  All houses for rental were assigned in Lisboa
2024_11_14_T12:22:12 -  All houses for rental were assigned in Lisboa
2024_11_14_T12:22:12 -  All houses for rental were assigned in Lisboa
2024_11_14_T12:22:12 -  All houses for rental were assigned in Lisboa
2024_11_14_T12:22:12 -  All houses for rental were assigned in Lisboa
2024_11_14_T12:22:12 -  All houses for rental were assigned in Lisboa
2024_11_14_T12:22:12 -  All houses for rental were assigned in Lisboa
2024_11_14_T12:22:12 -  All houses for rental were assigned in Lisboa
2024_11_14_T12:22:12 -  All houses for rental were assigned in Lisboa
2024_11_14_T12:22:12 -  All houses for rental were assigned in Lisboa
2024_11_14_T12:22:12 -  All houses for rental were assigned in Lisboa
2024_11_14_T12:22:12 -  All houses for rental were assigned in Lisboa
2024_11_14_T12:22:12 -  All houses for rental were assigned in Lisboa
2024_11_14_T12:22:12 -  All houses for rental were assigned in Lisboa
2024_11_14_T12:22:12 -  All houses for rental were assigned in Lisboa
2024_11_14_T12:22:12 -  All houses for rental were assigned in Lisboa
2024_11_14_T12:22:12 -  All houses for rental were assigned in Lisboa
2024_11_14_T12:22:12 -  All houses for rental were assigned in Lisboa
2024_11_14_T12:22:12 -  All houses for rental were assigned in Lisboa
2024_11_14_T12:22:12 -  All houses for rental were assigned in Lisboa
2024_11_14_T12:22:12 -  All houses for rental were assigned in Lisboa
2024_11_14_T12:22:12 -  All houses for rental were assigned in Lisboa
2024_11_14_T12:22:12 -  All houses for rental were assigned in Lisboa
2024_11_14_T12:22:12 -  All houses for rental were assigned in Lisboa
2024_11_14_T12:22:12 -  All houses for rental were assigned in Lisboa
2024_11_14_T12:22:12 -  All houses for rental were assigned in Lisboa
2024_11_14_T12:22:12 -  All houses for rental were assigned in Lisboa
2024_11_14_T12:22:12 -  All houses for rental were assigned in Lisboa
2024_11_14_T12:22:12 -  All houses for rental were assigned in Lisboa
2024_11_14_T12:22:12 -  All houses for rental were assigned in Lisboa
2024_11_14_T12:22:12 -  All houses for rental were assigned in Lisboa
2024_11_14_T12:22:12 -  All houses for rental were assigned in Lisboa
2024_11_14_T12:22:12 -  All houses for rental were assigned in Lisboa
2024_11_14_T12:22:12 -  All houses for rental were assigned in Lisboa
2024_11_14_T12:22:12 -  All houses for rental were assigned in Lisboa
2024_11_14_T12:22:12 -  All houses for rental were assigned in Lisboa
2024_11_14_T12:22:12 -  All houses for rental were assigned in Lisboa
2024_11_14_T12:22:12 -  All houses for rental were assigned in Lisboa
2024_11_14_T12:22:12 -  All houses for rental were assigned in Lisboa
2024_11_14_T12:22:12 -  All houses for rental were assigned in Lisboa
2024_11_14_T12:22:12 -  All houses for rental were assigned in Lisboa
2024_11_14_T12:22:12 -  All houses for rental were assigned in Lisboa
2024_11_14_T12:22:12 -  All houses for rental were assigned in Lisboa
2024_11_14_T12:22:12 -  All houses for rental were assigned in Lisboa
2024_11_14_T12:22:12 -  All houses for rental were assigned in Lisboa
2024_11_14_T12:22:12 -  All houses for rental were assigned in Lisboa
2024_11_14_T12:22:12 -  All houses for rental were assigned in Lisboa
2024_11_14_T12:22:12 -  All houses for rental were assigned in Lisboa
2024_11_14_T12:22:12 -  All houses for rental were assigned in Lisboa
2024_11_14_T12:22:12 -  All houses for rental were assigned in Lisboa
2024_11_14_T12:22:12 -  All houses for rental were assigned in Lisboa
2024_11_14_T12:22:12 -  All houses for rental were assigned in Lisboa
2024_11_14_T12:22:12 -  All houses for rental were assigned in Lisboa
2024_11_14_T12:22:12 -  All houses for rental were assigned in Lisboa
2024_11_14_T12:22:12 -  All houses for rental were assigned in Lisboa
2024_11_14_T12:22:12 -  All houses for rental were assigned in Lisboa
2024_11_14_T12:22:12 -  All houses for rental were assigned in Lisboa
2024_11_14_T12:22:12 -  All houses for rental were assigned in Lisboa
2024_11_14_T12:22:12 -  All houses for rental were assigned in Lisboa
2024_11_14_T12:22:12 -  All houses for rental were assigned in Lisboa
2024_11_14_T12:22:12 -  All houses for rental were assigned in Lisboa
2024_11_14_T12:22:12 -  All houses for rental were assigned in Lisboa
2024_11_14_T12:22:12 -  All houses for rental were assigned in Lisboa
2024_11_14_T12:22:12 -  All houses for rental were assigned in Lisboa
2024_11_14_T12:22:12 -  All houses for rental were assigned in Lisboa
2024_11_14_T12:22:12 -  All houses for rental were assigned in Lisboa
2024_11_14_T12:22:12 -  All houses for rental were assigned in Lisboa
2024_11_14_T12:22:12 -  All houses for rental were assigned in Lisboa
2024_11_14_T12:22:12 -  All houses for rental were assigned in Lisboa
2024_11_14_T12:22:12 -  All houses for rental were assigned in Lisboa
2024_11_14_T12:22:12 -  All houses for rental were assigned in Lisboa
2024_11_14_T12:22:12 -  All houses for rental were assigned in Lisboa
2024_11_14_T12:22:12 -  All houses for rental were assigned in Lisboa
2024_11_14_T12:22:12 -  All houses for rental were assigned in Lisboa
2024_11_14_T12:22:12 -  All houses for rental were assigned in Lisboa
2024_11_14_T12:22:12 -  All houses for rental were assigned in Lisboa
2024_11_14_T12:22:12 -  All houses for rental were assigned in Lisboa
2024_11_14_T12:22:12 -  All houses for rental were assigned in Lisboa
2024_11_14_T12:22:12 -  All houses for rental were assigned in Lisboa
2024_11_14_T12:22:12 -  All houses for rental were assigned in Lisboa
2024_11_14_T12:22:12 -  All houses for rental were assigned in Lisboa
2024_11_14_T12:22:12 -  All houses for rental were assigned in Lisboa
2024_11_14_T12:22:12 -  All houses for rental were assigned in Lisboa
2024_11_14_T12:22:12 -  All houses for rental were assigned in Lisboa
2024_11_14_T12:22:12 -  All houses for rental were assigned in Lisboa
2024_11_14_T12:22:12 -  All houses for rental were assigned in Lisboa
2024_11_14_T12:22:12 -  All houses for rental were assigned in Lisboa
2024_11_14_T12:22:12 -  All houses for rental were assigned in Lisboa
2024_11_14_T12:22:12 -  All houses for rental were assigned in Lisboa
2024_11_14_T12:22:12 -  All houses for rental were assigned in Lisboa
2024_11_14_T12:22:12 -  All houses for rental were assigned in Lisboa
2024_11_14_T12:22:12 -  All houses for rental were assigned in Lisboa
2024_11_14_T12:22:12 -  All houses for rental were assigned in Lisboa
2024_11_14_T12:22:12 -  All houses for rental were assigned in Lisboa
2024_11_14_T12:22:12 -  All houses for rental were assigned in Lisboa
2024_11_14_T12:22:12 -  All houses for rental were assigned in Lisboa
2024_11_14_T12:22:12 -  All houses for rental were assigned in Lisboa
2024_11_14_T12:22:12 -  All houses for rental were assigned in Lisboa
2024_11_14_T12:22:12 -  All houses for rental were assigned in Lisboa
2024_11_14_T12:22:12 -  All houses for rental were assigned in Lisboa
2024_11_14_T12:22:12 -  All houses for rental were assigned in Lisboa
2024_11_14_T12:22:12 -  All houses for rental were assigned in Lisboa
2024_11_14_T12:22:12 -  All houses for rental were assigned in Lisboa
2024_11_14_T12:22:12 -  All houses for rental were assigned in Lisboa
2024_11_14_T12:22:12 -  All houses for rental were assigned in Lisboa
2024_11_14_T12:22:12 -  All houses for rental were assigned in Lisboa
2024_11_14_T12:22:12 -  All houses for rental were assigned in Lisboa
2024_11_14_T12:22:12 -  All houses for rental were assigned in Lisboa
2024_11_14_T12:22:12 -  All houses for rental were assigned in Lisboa
2024_11_14_T12:22:12 -  All houses for rental were assigned in Lisboa
2024_11_14_T12:22:12 -  All houses for rental were assigned in Lisboa
2024_11_14_T12:22:12 -  All houses for rental were assigned in Lisboa
2024_11_14_T12:22:12 -  All houses for rental were assigned in Lisboa
2024_11_14_T12:22:12 -  All houses for rental were assigned in Lisboa
2024_11_14_T12:22:12 -  All houses for rental were assigned in Lisboa
2024_11_14_T12:22:12 -  All houses for rental were assigned in Lisboa
2024_11_14_T12:22:12 -  All houses for rental were assigned in Lisboa
2024_11_14_T12:22:12 -  All houses for rental were assigned in Lisboa
2024_11_14_T12:22:12 -  All houses for rental were assigned in Lisboa
2024_11_14_T12:22:12 -  All houses for rental were assigned in Lisboa
2024_11_14_T12:22:12 -  All houses for rental were assigned in Lisboa
2024_11_14_T12:22:12 -  All houses for rental were assigned in Lisboa
2024_11_14_T12:22:12 -  All houses for rental were assigned in Lisboa
2024_11_14_T12:22:12 -  All houses for rental were assigned in Lisboa
2024_11_14_T12:22:12 -  All houses for rental were assigned in Lisboa
2024_11_14_T12:22:12 -  All houses for rental were assigned in Lisboa
2024_11_14_T12:22:12 -  All houses for rental were assigned in Lisboa
2024_11_14_T12:22:12 -  All houses for rental were assigned in Lisboa
2024_11_14_T12:22:12 -  All houses for rental were assigned in Lisboa
2024_11_14_T12:22:12 -  All houses for rental were assigned in Lisboa
2024_11_14_T12:22:12 -  All houses for rental were assigned in Lisboa
2024_11_14_T12:22:12 -  All houses for rental were assigned in Lisboa
2024_11_14_T12:22:12 -  All houses for rental were assigned in Lisboa
2024_11_14_T12:22:12 -  All houses for rental were assigned in Lisboa
2024_11_14_T12:22:12 -  All houses for rental were assigned in Lisboa
2024_11_14_T12:22:12 -  All houses for rental were assigned in Lisboa
2024_11_14_T12:22:12 -  All houses for rental were assigned in Lisboa
2024_11_14_T12:22:12 -  All houses for rental were assigned in Lisboa
2024_11_14_T12:22:12 -  All houses for rental were assigned in Lisboa
2024_11_14_T12:22:12 -  All houses for rental were assigned in Lisboa
2024_11_14_T12:22:12 -  All houses for rental were assigned in Lisboa
2024_11_14_T12:22:12 -  All houses for rental were assigned in Lisboa
2024_11_14_T12:22:12 -  All houses for rental were assigned in Lisboa
2024_11_14_T12:22:12 -  All houses for rental were assigned in Lisboa
2024_11_14_T12:22:12 -  All houses for rental were assigned in Lisboa
2024_11_14_T12:22:12 -  All houses for rental were assigned in Lisboa
2024_11_14_T12:22:12 -  All houses for rental were assigned in Lisboa
2024_11_14_T12:22:12 -  All houses for rental were assigned in Lisboa
2024_11_14_T12:22:12 -  All houses for rental were assigned in Lisboa
2024_11_14_T12:22:12 -  All houses for rental were assigned in Lisboa
2024_11_14_T12:22:12 -  All houses for rental were assigned in Lisboa
2024_11_14_T12:22:12 -  All houses for rental were assigned in Lisboa
2024_11_14_T12:22:12 -  All houses for rental were assigned in Lisboa
2024_11_14_T12:22:12 -  All houses for rental were assigned in Lisboa
2024_11_14_T12:22:12 -  All houses for rental were assigned in Lisboa
2024_11_14_T12:22:12 -  All houses for rental were assigned in Lisboa
2024_11_14_T12:22:12 -  All houses for rental were assigned in Lisboa
2024_11_14_T12:22:12 -  All houses for rental were assigned in Lisboa
2024_11_14_T12:22:12 -  All houses for rental were assigned in Lisboa
2024_11_14_T12:22:12 -  All houses for rental were assigned in Lisboa
2024_11_14_T12:22:12 -  All houses for rental were assigned in Lisboa
2024_11_14_T12:22:12 -  All houses for rental were assigned in Lisboa
2024_11_14_T12:22:12 -  All houses for rental were assigned in Lisboa
2024_11_14_T12:22:12 -  All houses for rental were assigned in Lisboa
2024_11_14_T12:22:12 -  All houses for rental were assigned in Lisboa
2024_11_14_T12:22:12 -  All houses for rental were assigned in Lisboa
2024_11_14_T12:22:12 -  All houses for rental were assigned in Lisboa
2024_11_14_T12:22:12 -  All houses for rental were assigned in Lisboa
2024_11_14_T12:22:12 -  All houses for rental were assigned in Lisboa
2024_11_14_T12:22:12 -  All houses for rental were assigned in Lisboa
2024_11_14_T12:22:12 -  All houses for rental were assigned in Lisboa
2024_11_14_T12:22:12 -  All houses for rental were assigned in Lisboa
2024_11_14_T12:22:12 -  All houses for rental were assigned in Lisboa
2024_11_14_T12:22:12 -  All houses for rental were assigned in Lisboa
2024_11_14_T12:22:12 -  All houses for rental were assigned in Lisboa
2024_11_14_T12:22:12 -  All houses for rental were assigned in Lisboa
2024_11_14_T12:22:12 -  All houses for rental were assigned in Lisboa
2024_11_14_T12:22:12 -  All houses for rental were assigned in Lisboa
2024_11_14_T12:22:12 -  All houses for rental were assigned in Lisboa
2024_11_14_T12:22:12 -  All houses for rental were assigned in Lisboa
2024_11_14_T12:22:12 -  All houses for rental were assigned in Lisboa
2024_11_14_T12:22:12 -  All houses for rental were assigned in Lisboa
2024_11_14_T12:22:12 -  All houses for rental were assigned in Lisboa
2024_11_14_T12:22:12 -  All houses for rental were assigned in Lisboa
2024_11_14_T12:22:12 -  All houses for rental were assigned in Lisboa
2024_11_14_T12:22:12 -  All houses for rental were assigned in Lisboa
2024_11_14_T12:22:12 -  All houses for rental were assigned in Lisboa
2024_11_14_T12:22:12 -  All houses for rental were assigned in Lisboa
2024_11_14_T12:22:12 -  All houses for rental were assigned in Lisboa
2024_11_14_T12:22:12 -  All houses for rental were assigned in Lisboa
2024_11_14_T12:22:12 -  All houses for rental were assigned in Lisboa
2024_11_14_T12:22:12 -  All houses for rental were assigned in Lisboa
2024_11_14_T12:22:12 -  All houses for rental were assigned in Lisboa
2024_11_14_T12:22:12 -  All houses for rental were assigned in Lisboa
2024_11_14_T12:22:12 -  All houses for rental were assigned in Lisboa
2024_11_14_T12:22:12 -  All houses for rental were assigned in Lisboa
2024_11_14_T12:22:12 -  All houses for rental were assigned in Lisboa
2024_11_14_T12:22:12 -  All houses for rental were assigned in Lisboa
2024_11_14_T12:22:12 -  All houses for rental were assigned in Lisboa
2024_11_14_T12:22:12 -  All houses for rental were assigned in Lisboa
2024_11_14_T12:22:12 -  All houses for rental were assigned in Lisboa
2024_11_14_T12:22:12 -  All houses for rental were assigned in Lisboa
2024_11_14_T12:22:12 -  All houses for rental were assigned in Lisboa
2024_11_14_T12:22:12 -  All houses for rental were assigned in Lisboa
2024_11_14_T12:22:12 -  All houses for rental were assigned in Lisboa
2024_11_14_T12:22:12 -  All houses for rental were assigned in Lisboa
2024_11_14_T12:22:12 -  All houses for rental were assigned in Lisboa
2024_11_14_T12:22:12 -  All houses for rental were assigned in Lisboa
2024_11_14_T12:22:12 -  All houses for rental were assigned in Lisboa
2024_11_14_T12:22:12 -  All houses for rental were assigned in Lisboa
2024_11_14_T12:22:12 -  All houses for rental were assigned in Lisboa
2024_11_14_T12:22:12 -  All houses for rental were assigned in Lisboa
2024_11_14_T12:22:12 -  All houses for rental were assigned in Lisboa
2024_11_14_T12:22:12 -  All houses for rental were assigned in Lisboa
2024_11_14_T12:22:12 -  All houses for rental were assigned in Lisboa
2024_11_14_T12:22:12 -  All houses for rental were assigned in Lisboa
2024_11_14_T12:22:12 -  All houses for rental were assigned in Lisboa
2024_11_14_T12:22:12 -  All houses for rental were assigned in Lisboa
2024_11_14_T12:22:12 -  All houses for rental were assigned in Lisboa
2024_11_14_T12:22:12 -  All houses for rental were assigned in Lisboa
2024_11_14_T12:22:12 -  All houses for rental were assigned in Lisboa
2024_11_14_T12:22:12 -  All houses for rental were assigned in Lisboa
2024_11_14_T12:22:12 -  All houses for rental were assigned in Lisboa
2024_11_14_T12:22:12 -  All houses for rental were assigned in Lisboa
2024_11_14_T12:22:12 -  All houses for rental were assigned in Lisboa
2024_11_14_T12:22:12 -  All houses for rental were assigned in Lisboa
2024_11_14_T12:22:12 -  All houses for rental were assigned in Lisboa
2024_11_14_T12:22:12 -  All houses for rental were assigned in Lisboa
2024_11_14_T12:22:12 -  All houses for rental were assigned in Lisboa
2024_11_14_T12:22:12 -  All houses for rental were assigned in Lisboa
2024_11_14_T12:22:12 -  All houses for rental were assigned in Lisboa
2024_11_14_T12:22:12 -  All houses for rental were assigned in Lisboa
2024_11_14_T12:22:12 -  All houses for rental were assigned in Lisboa
2024_11_14_T12:22:12 -  All houses for rental were assigned in Lisboa
2024_11_14_T12:22:12 -  All houses for rental were assigned in Lisboa
2024_11_14_T12:22:12 -  All houses for rental were assigned in Lisboa
2024_11_14_T12:22:12 -  All houses for rental were assigned in Lisboa
2024_11_14_T12:22:12 -  All houses for rental were assigned in Lisboa
2024_11_14_T12:22:12 -  All houses for rental were assigned in Lisboa
2024_11_14_T12:22:12 -  All houses for rental were assigned in Lisboa
2024_11_14_T12:22:12 -  All houses for rental were assigned in Lisboa
2024_11_14_T12:22:12 -  All houses for rental were assigned in Lisboa
2024_11_14_T12:22:12 -  All houses for rental were assigned in Lisboa
2024_11_14_T12:22:12 -  All houses for rental were assigned in Lisboa
2024_11_14_T12:22:12 -  All houses for rental were assigned in Lisboa
2024_11_14_T12:22:12 -  All houses for rental were assigned in Lisboa
2024_11_14_T12:22:12 -  All houses for rental were assigned in Lisboa
2024_11_14_T12:22:12 -  All houses for rental were assigned in Lisboa
2024_11_14_T12:22:12 -  All houses for rental were assigned in Lisboa
2024_11_14_T12:22:12 -  All houses for rental were assigned in Lisboa
2024_11_14_T12:22:12 -  All houses for rental were assigned in Lisboa
2024_11_14_T12:22:12 -  All houses for rental were assigned in Lisboa
2024_11_14_T12:22:12 -  All houses for rental were assigned in Lisboa
2024_11_14_T12:22:12 -  All houses for rental were assigned in Lisboa
2024_11_14_T12:22:12 -  All houses for rental were assigned in Lisboa
2024_11_14_T12:22:12 -  All houses for rental were assigned in Lisboa
2024_11_14_T12:22:12 -  finished assignHousesToHouseholds in 1.3210639953613281 seconds
2024_11_14_T12:22:16 -  Metrics: sum_wealth took 1.1920928955078125e-6
2024_11_14_T12:22:17 -  Metrics: wealth_distribution took 5.0067901611328125e-6
2024_11_14_T12:22:18 -  Metrics: money_distribution took 4.0531158447265625e-6
2024_11_14_T12:22:18 -  Metrics: size_distribution took 4.0531158447265625e-6
2024_11_14_T12:22:18 -  Metrics: age_distribution took 7.152557373046875e-6
2024_11_14_T12:22:20 -  Metrics: sum_wealth took 9.202957153320312e-5
2024_11_14_T12:22:20 -  Metrics: wealth_distribution took 0.010193824768066406
2024_11_14_T12:22:20 -  Metrics: money_distribution took 0.0010640621185302734
2024_11_14_T12:22:20 -  Metrics: size_distribution took 0.008566141128540039
2024_11_14_T12:22:20 -  Metrics: age_distribution took 0.0009729862213134766
2024_11_14_T12:22:25 -  Model step started
2024_11_14_T12:22:25 -  clearHangingSupplies started
2024_11_14_T12:22:25 -  clearHangingSupplies took 0.004761934280395508
2024_11_14_T12:22:25 -  clearHangingRentalSupplies started
2024_11_14_T12:22:25 -  clearHangingRentalSupplies took 0.051882028579711914
2024_11_14_T12:22:25 -  clearHouseMarket started
2024_11_14_T12:22:26 -  clearHouseMarket - first block took 0.5740981101989746
2024_11_14_T12:22:26 -  clearHouseMarket - second block took 0.3770461082458496
2024_11_14_T12:22:26 -  clearHouseMarket - third block took 0.020865917205810547
2024_11_14_T12:22:26 -  clearRentalMarket started
2024_11_14_T12:22:27 -  clearRentalMarket - first block took 0.5682492256164551
2024_11_14_T12:22:27 -  clearRentalMarket - second block took 0.027513980865478516
2024_11_14_T12:22:27 -  Pushed house into housesBuiltPerRegion (location,size) = (Lisboa, LessThan125)
2024_11_14_T12:22:27 -  Model step took 2.1146881580352783 seconds
2024_11_14_T12:22:27 -  Metrics: sum_wealth took 0.0003120899200439453
2024_11_14_T12:22:27 -  Metrics: wealth_distribution took 0.0009899139404296875
2024_11_14_T12:22:27 -  Metrics: money_distribution took 0.0009050369262695312
2024_11_14_T12:22:27 -  Metrics: size_distribution took 0.0008208751678466797
2024_11_14_T12:22:27 -  Metrics: age_distribution took 0.0009319782257080078
2024_11_14_T12:22:31 -  Model step started
2024_11_14_T12:22:31 -  clearHangingSupplies started
2024_11_14_T12:22:31 -  clearHangingSupplies took 0.00018095970153808594
2024_11_14_T12:22:31 -  clearHangingRentalSupplies started
2024_11_14_T12:22:31 -  clearHangingRentalSupplies took 5.221366882324219e-5
2024_11_14_T12:22:31 -  clearHouseMarket started
2024_11_14_T12:22:32 -  clearHouseMarket - first block took 0.2208571434020996
2024_11_14_T12:22:32 -  clearHouseMarket - second block took 0.05798816680908203
2024_11_14_T12:22:32 -  clearHouseMarket - third block took 0.0008370876312255859
2024_11_14_T12:22:32 -  clearRentalMarket started
2024_11_14_T12:22:32 -  clearRentalMarket - first block took 0.027094125747680664
2024_11_14_T12:22:32 -  clearRentalMarket - second block took 0.00015306472778320312
2024_11_14_T12:22:32 -  Model step took 0.3162109851837158 seconds
2024_11_14_T12:22:32 -  Metrics: sum_wealth took 0.0001220703125
2024_11_14_T12:22:32 -  Metrics: wealth_distribution took 0.0009808540344238281
2024_11_14_T12:22:32 -  Metrics: money_distribution took 0.0009179115295410156
2024_11_14_T12:22:32 -  Metrics: size_distribution took 0.0010149478912353516
2024_11_14_T12:22:32 -  Metrics: age_distribution took 0.0008900165557861328
2024_11_14_T12:22:36 -  Model step started
2024_11_14_T12:22:36 -  clearHangingSupplies started
2024_11_14_T12:22:36 -  clearHangingSupplies took 0.00016617774963378906
2024_11_14_T12:22:36 -  clearHangingRentalSupplies started
2024_11_14_T12:22:36 -  clearHangingRentalSupplies took 5.1975250244140625e-5
2024_11_14_T12:22:36 -  clearHouseMarket started
2024_11_14_T12:22:36 -  clearHouseMarket - first block took 0.27715206146240234
2024_11_14_T12:22:36 -  clearHouseMarket - second block took 0.004088878631591797
2024_11_14_T12:22:36 -  clearHouseMarket - third block took 0.00040602684020996094
2024_11_14_T12:22:36 -  clearRentalMarket started
2024_11_14_T12:22:36 -  clearRentalMarket - first block took 0.03806185722351074
2024_11_14_T12:22:36 -  clearRentalMarket - second block took 0.00013709068298339844
2024_11_14_T12:22:36 -  Model step took 0.3309957981109619 seconds
2024_11_14_T12:22:36 -  Metrics: sum_wealth took 0.00014400482177734375
2024_11_14_T12:22:36 -  Metrics: wealth_distribution took 0.0010409355163574219
2024_11_14_T12:22:36 -  Metrics: money_distribution took 0.0010199546813964844
2024_11_14_T12:22:36 -  Metrics: size_distribution took 0.0008070468902587891
2024_11_14_T12:22:36 -  Metrics: age_distribution took 0.0007908344268798828
2024_11_14_T12:22:40 -  Model step started
2024_11_14_T12:22:40 -  clearHangingSupplies started
2024_11_14_T12:22:40 -  clearHangingSupplies took 0.00014901161193847656
2024_11_14_T12:22:40 -  clearHangingRentalSupplies started
2024_11_14_T12:22:40 -  clearHangingRentalSupplies took 4.601478576660156e-5
2024_11_14_T12:22:40 -  clearHouseMarket started
2024_11_14_T12:22:41 -  clearHouseMarket - first block took 0.21659398078918457
2024_11_14_T12:22:41 -  clearHouseMarket - second block took 0.007493019104003906
2024_11_14_T12:22:41 -  clearHouseMarket - third block took 0.0004138946533203125
2024_11_14_T12:22:41 -  clearRentalMarket started
2024_11_14_T12:22:41 -  clearRentalMarket - first block took 0.026498079299926758
2024_11_14_T12:22:41 -  clearRentalMarket - second block took 0.00013399124145507812
2024_11_14_T12:22:41 -  Pushed house into housesBuiltPerRegion (location,size) = (Lisboa, More)
2024_11_14_T12:22:41 -  Pushed house into housesBuiltPerRegion (location,size) = (Lisboa, LessThan75)
2024_11_14_T12:22:41 -  Model step took 0.2617959976196289 seconds
2024_11_14_T12:22:41 -  Metrics: sum_wealth took 0.0001418590545654297
2024_11_14_T12:22:41 -  Metrics: wealth_distribution took 0.0009520053863525391
2024_11_14_T12:22:41 -  Metrics: money_distribution took 0.001116037368774414
2024_11_14_T12:22:41 -  Metrics: size_distribution took 0.0007729530334472656
2024_11_14_T12:22:41 -  Metrics: age_distribution took 0.0008180141448974609
2024_11_14_T12:22:45 -  Model step started
2024_11_14_T12:22:45 -  clearHangingSupplies started
2024_11_14_T12:22:45 -  clearHangingSupplies took 0.00032591819763183594
2024_11_14_T12:22:45 -  clearHangingRentalSupplies started
2024_11_14_T12:22:45 -  clearHangingRentalSupplies took 4.076957702636719e-5
2024_11_14_T12:22:45 -  clearHouseMarket started
2024_11_14_T12:22:45 -  clearHouseMarket - first block took 0.20635390281677246
2024_11_14_T12:22:45 -  clearHouseMarket - second block took 0.004021167755126953
2024_11_14_T12:22:45 -  clearHouseMarket - third block took 0.000492095947265625
2024_11_14_T12:22:45 -  clearRentalMarket started
2024_11_14_T12:22:45 -  clearRentalMarket - first block took 0.025188922882080078
2024_11_14_T12:22:45 -  clearRentalMarket - second block took 0.00012302398681640625
2024_11_14_T12:22:45 -  Model step took 0.2454540729522705 seconds
2024_11_14_T12:22:45 -  Metrics: sum_wealth took 0.0001690387725830078
2024_11_14_T12:22:45 -  Metrics: wealth_distribution took 0.0009260177612304688
2024_11_14_T12:22:45 -  Metrics: money_distribution took 0.0009331703186035156
2024_11_14_T12:22:45 -  Metrics: size_distribution took 0.0007181167602539062
2024_11_14_T12:22:45 -  Metrics: age_distribution took 0.0008118152618408203
2024_11_14_T12:22:50 -  Model step started
2024_11_14_T12:22:50 -  clearHangingSupplies started
2024_11_14_T12:22:50 -  clearHangingSupplies took 0.0001499652862548828
2024_11_14_T12:22:50 -  clearHangingRentalSupplies started
2024_11_14_T12:22:50 -  clearHangingRentalSupplies took 4.601478576660156e-5
2024_11_14_T12:22:50 -  clearHouseMarket started
2024_11_14_T12:22:50 -  clearHouseMarket - first block took 0.26834583282470703
2024_11_14_T12:22:50 -  clearHouseMarket - second block took 0.0030350685119628906
2024_11_14_T12:22:50 -  clearHouseMarket - third block took 0.0003879070281982422
2024_11_14_T12:22:50 -  clearRentalMarket started
2024_11_14_T12:22:50 -  clearRentalMarket - first block took 0.03713107109069824
2024_11_14_T12:22:50 -  clearRentalMarket - second block took 0.0001499652862548828
2024_11_14_T12:22:50 -  Model step took 0.3206470012664795 seconds
2024_11_14_T12:22:50 -  Metrics: sum_wealth took 0.0001270771026611328
2024_11_14_T12:22:50 -  Metrics: wealth_distribution took 0.00092315673828125
2024_11_14_T12:22:50 -  Metrics: money_distribution took 0.0009741783142089844
2024_11_14_T12:22:50 -  Metrics: size_distribution took 0.0007469654083251953
2024_11_14_T12:22:50 -  Metrics: age_distribution took 0.0008840560913085938
2024_11_14_T12:22:55 -  Model step started
2024_11_14_T12:22:55 -  clearHangingSupplies started
2024_11_14_T12:22:55 -  clearHangingSupplies took 0.0002498626708984375
2024_11_14_T12:22:55 -  clearHangingRentalSupplies started
2024_11_14_T12:22:55 -  clearHangingRentalSupplies took 5.507469177246094e-5
2024_11_14_T12:22:55 -  clearHouseMarket started
2024_11_14_T12:22:55 -  clearHouseMarket - first block took 0.20121288299560547
2024_11_14_T12:22:55 -  clearHouseMarket - second block took 0.0023610591888427734
2024_11_14_T12:22:55 -  clearHouseMarket - third block took 0.0003650188446044922
2024_11_14_T12:22:55 -  clearRentalMarket started
2024_11_14_T12:22:55 -  clearRentalMarket - first block took 0.025032997131347656
2024_11_14_T12:22:55 -  clearRentalMarket - second block took 0.00011491775512695312
2024_11_14_T12:22:55 -  Pushed house into housesBuiltPerRegion (location,size) = (Lisboa, LessThan75)
2024_11_14_T12:22:55 -  Model step took 0.24120378494262695 seconds
2024_11_14_T12:22:55 -  Metrics: sum_wealth took 0.00015401840209960938
2024_11_14_T12:22:55 -  Metrics: wealth_distribution took 0.0010869503021240234
2024_11_14_T12:22:55 -  Metrics: money_distribution took 0.0008838176727294922
2024_11_14_T12:22:55 -  Metrics: size_distribution took 0.0007350444793701172
2024_11_14_T12:22:55 -  Metrics: age_distribution took 0.0008769035339355469
2024_11_14_T12:22:59 -  Model step started
2024_11_14_T12:22:59 -  clearHangingSupplies started
2024_11_14_T12:22:59 -  clearHangingSupplies took 0.0001430511474609375
2024_11_14_T12:22:59 -  clearHangingRentalSupplies started
2024_11_14_T12:22:59 -  clearHangingRentalSupplies took 4.410743713378906e-5
2024_11_14_T12:22:59 -  clearHouseMarket started
2024_11_14_T12:22:59 -  clearHouseMarket - first block took 0.18535399436950684
2024_11_14_T12:22:59 -  clearHouseMarket - second block took 0.003701925277709961
2024_11_14_T12:22:59 -  clearHouseMarket - third block took 0.00037789344787597656
2024_11_14_T12:22:59 -  clearRentalMarket started
2024_11_14_T12:22:59 -  clearRentalMarket - first block took 0.035604000091552734
2024_11_14_T12:22:59 -  clearRentalMarket - second block took 0.00010991096496582031
2024_11_14_T12:22:59 -  Pushed house into housesBuiltPerRegion (location,size) = (Lisboa, More)
2024_11_14_T12:22:59 -  Model step took 0.23413515090942383 seconds
2024_11_14_T12:22:59 -  Metrics: sum_wealth took 0.00014495849609375
2024_11_14_T12:22:59 -  Metrics: wealth_distribution took 0.0009510517120361328
2024_11_14_T12:22:59 -  Metrics: money_distribution took 0.0011560916900634766
2024_11_14_T12:22:59 -  Metrics: size_distribution took 0.0008349418640136719
2024_11_14_T12:22:59 -  Metrics: age_distribution took 0.0009000301361083984
2024_11_14_T12:23:04 -  Model step started
2024_11_14_T12:23:04 -  clearHangingSupplies started
2024_11_14_T12:23:04 -  clearHangingSupplies took 0.00013184547424316406
2024_11_14_T12:23:04 -  clearHangingRentalSupplies started
2024_11_14_T12:23:04 -  clearHangingRentalSupplies took 4.100799560546875e-5
2024_11_14_T12:23:04 -  clearHouseMarket started
2024_11_14_T12:23:04 -  clearHouseMarket - first block took 0.19224309921264648
2024_11_14_T12:23:04 -  clearHouseMarket - second block took 0.0046138763427734375
2024_11_14_T12:23:04 -  clearHouseMarket - third block took 0.0004470348358154297
2024_11_14_T12:23:04 -  clearRentalMarket started
2024_11_14_T12:23:04 -  clearRentalMarket - first block took 0.02390909194946289
2024_11_14_T12:23:04 -  clearRentalMarket - second block took 0.00013184547424316406
2024_11_14_T12:23:04 -  Model step took 0.24240517616271973 seconds
2024_11_14_T12:23:04 -  Metrics: sum_wealth took 0.00015282630920410156
2024_11_14_T12:23:04 -  Metrics: wealth_distribution took 0.0009000301361083984
2024_11_14_T12:23:04 -  Metrics: money_distribution took 0.0009558200836181641
2024_11_14_T12:23:04 -  Metrics: size_distribution took 0.0008368492126464844
2024_11_14_T12:23:04 -  Metrics: age_distribution took 0.0008759498596191406
2024_11_14_T12:23:10 -  Model step started
2024_11_14_T12:23:10 -  clearHangingSupplies started
2024_11_14_T12:23:10 -  clearHangingSupplies took 0.00022101402282714844
2024_11_14_T12:23:10 -  clearHangingRentalSupplies started
2024_11_14_T12:23:10 -  clearHangingRentalSupplies took 5.1021575927734375e-5
2024_11_14_T12:23:10 -  clearHouseMarket started
2024_11_14_T12:23:10 -  clearHouseMarket - first block took 0.2498950958251953
2024_11_14_T12:23:10 -  clearHouseMarket - second block took 0.003111124038696289
2024_11_14_T12:23:10 -  clearHouseMarket - third block took 0.0003459453582763672
2024_11_14_T12:23:10 -  clearRentalMarket started
2024_11_14_T12:23:10 -  clearRentalMarket - first block took 0.030801057815551758
2024_11_14_T12:23:10 -  clearRentalMarket - second block took 0.00017404556274414062
2024_11_14_T12:23:10 -  Model step took 0.29783105850219727 seconds
2024_11_14_T12:23:10 -  Metrics: sum_wealth took 0.00013303756713867188
2024_11_14_T12:23:10 -  Metrics: wealth_distribution took 0.0010120868682861328
2024_11_14_T12:23:10 -  Metrics: money_distribution took 0.0010519027709960938
2024_11_14_T12:23:10 -  Metrics: size_distribution took 0.0007348060607910156
2024_11_14_T12:23:10 -  Metrics: age_distribution took 0.0008020401000976562
2024_11_14_T12:23:16 -  Model step started
2024_11_14_T12:23:16 -  clearHangingSupplies started
2024_11_14_T12:23:16 -  clearHangingSupplies took 0.0004949569702148438
2024_11_14_T12:23:16 -  clearHangingRentalSupplies started
2024_11_14_T12:23:16 -  clearHangingRentalSupplies took 0.0001819133758544922
2024_11_14_T12:23:16 -  clearHouseMarket started
2024_11_14_T12:23:16 -  clearHouseMarket - first block took 0.21504998207092285
2024_11_14_T12:23:16 -  clearHouseMarket - second block took 0.0021250247955322266
2024_11_14_T12:23:16 -  clearHouseMarket - third block took 0.0003662109375
2024_11_14_T12:23:16 -  clearRentalMarket started
2024_11_14_T12:23:16 -  clearRentalMarket - first block took 0.032907962799072266
2024_11_14_T12:23:16 -  clearRentalMarket - second block took 9.703636169433594e-5
2024_11_14_T12:23:16 -  Model step took 0.26059913635253906 seconds
2024_11_14_T12:23:16 -  Metrics: sum_wealth took 0.00010609626770019531
2024_11_14_T12:23:16 -  Metrics: wealth_distribution took 0.001013040542602539
2024_11_14_T12:23:16 -  Metrics: money_distribution took 0.0008449554443359375
2024_11_14_T12:23:16 -  Metrics: size_distribution took 0.0007870197296142578
2024_11_14_T12:23:16 -  Metrics: age_distribution took 0.0008440017700195312
2024_11_14_T12:23:21 -  Model step started
2024_11_14_T12:23:21 -  clearHangingSupplies started
2024_11_14_T12:23:21 -  clearHangingSupplies took 0.00019097328186035156
2024_11_14_T12:23:21 -  clearHangingRentalSupplies started
2024_11_14_T12:23:21 -  clearHangingRentalSupplies took 0.0002651214599609375
2024_11_14_T12:23:21 -  clearHouseMarket started
2024_11_14_T12:23:21 -  clearHouseMarket - first block took 0.1772480010986328
2024_11_14_T12:23:21 -  clearHouseMarket - second block took 0.0028028488159179688
2024_11_14_T12:23:21 -  clearHouseMarket - third block took 0.00041604042053222656
2024_11_14_T12:23:21 -  clearRentalMarket started
2024_11_14_T12:23:21 -  clearRentalMarket - first block took 0.020396947860717773
2024_11_14_T12:23:21 -  clearRentalMarket - second block took 4.482269287109375e-5
2024_11_14_T12:23:21 -  Model step took 0.26828789710998535 seconds
2024_11_14_T12:23:21 -  Metrics: sum_wealth took 0.00018095970153808594
2024_11_14_T12:23:21 -  Metrics: wealth_distribution took 0.0010149478912353516
2024_11_14_T12:23:21 -  Metrics: money_distribution took 0.0009210109710693359
2024_11_14_T12:23:21 -  Metrics: size_distribution took 0.000782012939453125
2024_11_14_T12:23:21 -  Metrics: age_distribution took 0.0009379386901855469
2024_11_14_T12:23:25 -  Model step started
2024_11_14_T12:23:25 -  clearHangingSupplies started
2024_11_14_T12:23:25 -  clearHangingSupplies took 0.00015592575073242188
2024_11_14_T12:23:25 -  clearHangingRentalSupplies started
2024_11_14_T12:23:25 -  clearHangingRentalSupplies took 3.695487976074219e-5
2024_11_14_T12:23:25 -  clearHouseMarket started
2024_11_14_T12:23:25 -  clearHouseMarket - first block took 0.1651768684387207
2024_11_14_T12:23:25 -  clearHouseMarket - second block took 0.003152132034301758
2024_11_14_T12:23:25 -  clearHouseMarket - third block took 0.00047397613525390625
2024_11_14_T12:23:25 -  clearRentalMarket started
2024_11_14_T12:23:25 -  clearRentalMarket - first block took 0.03273510932922363
2024_11_14_T12:23:25 -  clearRentalMarket - second block took 0.0001881122589111328
2024_11_14_T12:23:25 -  Model step took 0.2107090950012207 seconds
2024_11_14_T12:23:25 -  Metrics: sum_wealth took 0.0001690387725830078
2024_11_14_T12:23:25 -  Metrics: wealth_distribution took 0.0009219646453857422
2024_11_14_T12:23:25 -  Metrics: money_distribution took 0.001199960708618164
2024_11_14_T12:23:25 -  Metrics: size_distribution took 0.0007791519165039062
2024_11_14_T12:23:25 -  Metrics: age_distribution took 0.0007829666137695312
2024_11_14_T12:23:29 -  Model step started
2024_11_14_T12:23:29 -  clearHangingSupplies started
2024_11_14_T12:23:29 -  clearHangingSupplies took 0.000102996826171875
2024_11_14_T12:23:29 -  clearHangingRentalSupplies started
2024_11_14_T12:23:29 -  clearHangingRentalSupplies took 3.600120544433594e-5
2024_11_14_T12:23:29 -  clearHouseMarket started
2024_11_14_T12:23:29 -  clearHouseMarket - first block took 0.16543793678283691
2024_11_14_T12:23:29 -  clearHouseMarket - second block took 0.002165079116821289
2024_11_14_T12:23:29 -  clearHouseMarket - third block took 0.00035500526428222656
2024_11_14_T12:23:29 -  clearRentalMarket started
2024_11_14_T12:23:29 -  clearRentalMarket - first block took 0.019897937774658203
2024_11_14_T12:23:29 -  clearRentalMarket - second block took 8.0108642578125e-5
2024_11_14_T12:23:29 -  Pushed house into housesBuiltPerRegion (location,size) = (Lisboa, More)
2024_11_14_T12:23:29 -  Model step took 0.2178199291229248 seconds
2024_11_14_T12:23:29 -  Metrics: sum_wealth took 0.00012302398681640625
2024_11_14_T12:23:29 -  Metrics: wealth_distribution took 0.0009658336639404297
2024_11_14_T12:23:29 -  Metrics: money_distribution took 0.0009238719940185547
2024_11_14_T12:23:29 -  Metrics: size_distribution took 0.0009100437164306641
2024_11_14_T12:23:29 -  Metrics: age_distribution took 0.0008730888366699219
2024_11_14_T12:23:33 -  Model step started
2024_11_14_T12:23:33 -  clearHangingSupplies started
2024_11_14_T12:23:33 -  clearHangingSupplies took 0.00011897087097167969
2024_11_14_T12:23:33 -  clearHangingRentalSupplies started
2024_11_14_T12:23:33 -  clearHangingRentalSupplies took 3.600120544433594e-5
2024_11_14_T12:23:33 -  clearHouseMarket started
2024_11_14_T12:23:34 -  clearHouseMarket - first block took 0.18169093132019043
2024_11_14_T12:23:34 -  clearHouseMarket - second block took 0.001683950424194336
2024_11_14_T12:23:34 -  clearHouseMarket - third block took 0.00040411949157714844
2024_11_14_T12:23:34 -  clearRentalMarket started
2024_11_14_T12:23:34 -  clearRentalMarket - first block took 0.023370981216430664
2024_11_14_T12:23:34 -  clearRentalMarket - second block took 0.0001220703125
2024_11_14_T12:23:34 -  Pushed house into housesBuiltPerRegion (location,size) = (Lisboa, LessThan125)
2024_11_14_T12:23:34 -  Model step took 0.21812915802001953 seconds
2024_11_14_T12:23:34 -  Metrics: sum_wealth took 0.00013899803161621094
2024_11_14_T12:23:34 -  Metrics: wealth_distribution took 0.0009868144989013672
2024_11_14_T12:23:34 -  Metrics: money_distribution took 0.001135110855102539
2024_11_14_T12:23:34 -  Metrics: size_distribution took 0.000965118408203125
2024_11_14_T12:23:34 -  Metrics: age_distribution took 0.0009350776672363281
2024_11_14_T12:23:38 -  Model step started
2024_11_14_T12:23:38 -  clearHangingSupplies started
2024_11_14_T12:23:38 -  clearHangingSupplies took 0.0002009868621826172
2024_11_14_T12:23:38 -  clearHangingRentalSupplies started
2024_11_14_T12:23:38 -  clearHangingRentalSupplies took 0.00018715858459472656
2024_11_14_T12:23:38 -  clearHouseMarket started
2024_11_14_T12:23:38 -  clearHouseMarket - first block took 0.16019988059997559
2024_11_14_T12:23:38 -  clearHouseMarket - second block took 0.0032320022583007812
2024_11_14_T12:23:38 -  clearHouseMarket - third block took 0.00044989585876464844
2024_11_14_T12:23:38 -  clearRentalMarket started
2024_11_14_T12:23:38 -  clearRentalMarket - first block took 0.017385005950927734
2024_11_14_T12:23:38 -  clearRentalMarket - second block took 7.700920104980469e-5
2024_11_14_T12:23:38 -  Model step took 0.191087007522583 seconds
2024_11_14_T12:23:38 -  Metrics: sum_wealth took 0.0001709461212158203
2024_11_14_T12:23:38 -  Metrics: wealth_distribution took 0.0011250972747802734
2024_11_14_T12:23:38 -  Metrics: money_distribution took 0.0010561943054199219
2024_11_14_T12:23:38 -  Metrics: size_distribution took 0.000881195068359375
2024_11_14_T12:23:38 -  Metrics: age_distribution took 0.0008389949798583984
2024_11_14_T12:23:43 -  Model step started
2024_11_14_T12:23:43 -  clearHangingSupplies started
2024_11_14_T12:23:43 -  clearHangingSupplies took 0.00011110305786132812
2024_11_14_T12:23:43 -  clearHangingRentalSupplies started
2024_11_14_T12:23:43 -  clearHangingRentalSupplies took 3.314018249511719e-5
2024_11_14_T12:23:43 -  clearHouseMarket started
2024_11_14_T12:23:43 -  clearHouseMarket - first block took 0.15604805946350098
2024_11_14_T12:23:43 -  clearHouseMarket - second block took 0.0037620067596435547
2024_11_14_T12:23:43 -  clearHouseMarket - third block took 0.00037598609924316406
2024_11_14_T12:23:43 -  clearRentalMarket started
2024_11_14_T12:23:43 -  clearRentalMarket - first block took 0.01657700538635254
2024_11_14_T12:23:43 -  clearRentalMarket - second block took 0.000102996826171875
2024_11_14_T12:23:43 -  Model step took 0.1859900951385498 seconds
2024_11_14_T12:23:43 -  Metrics: sum_wealth took 0.00017714500427246094
2024_11_14_T12:23:43 -  Metrics: wealth_distribution took 0.001087188720703125
2024_11_14_T12:23:43 -  Metrics: money_distribution took 0.0009748935699462891
2024_11_14_T12:23:43 -  Metrics: size_distribution took 0.0009429454803466797
2024_11_14_T12:23:43 -  Metrics: age_distribution took 0.0007860660552978516
2024_11_14_T12:23:47 -  Model step started
2024_11_14_T12:23:47 -  clearHangingSupplies started
2024_11_14_T12:23:47 -  clearHangingSupplies took 0.00010800361633300781
2024_11_14_T12:23:47 -  clearHangingRentalSupplies started
2024_11_14_T12:23:47 -  clearHangingRentalSupplies took 3.1948089599609375e-5
2024_11_14_T12:23:47 -  clearHouseMarket started
2024_11_14_T12:23:47 -  clearHouseMarket - first block took 0.1482710838317871
2024_11_14_T12:23:47 -  clearHouseMarket - second block took 0.003905057907104492
2024_11_14_T12:23:47 -  clearHouseMarket - third block took 0.0003578662872314453
2024_11_14_T12:23:47 -  clearRentalMarket started
2024_11_14_T12:23:47 -  clearRentalMarket - first block took 0.016767024993896484
2024_11_14_T12:23:47 -  clearRentalMarket - second block took 9.393692016601562e-5
2024_11_14_T12:23:47 -  Model step took 0.17814302444458008 seconds
2024_11_14_T12:23:47 -  Metrics: sum_wealth took 0.0001800060272216797
2024_11_14_T12:23:47 -  Metrics: wealth_distribution took 0.0010900497436523438
2024_11_14_T12:23:47 -  Metrics: money_distribution took 0.0010020732879638672
2024_11_14_T12:23:47 -  Metrics: size_distribution took 0.0009071826934814453
2024_11_14_T12:23:47 -  Metrics: age_distribution took 0.0007421970367431641
2024_11_14_T12:23:52 -  Model step started
2024_11_14_T12:23:52 -  clearHangingSupplies started
2024_11_14_T12:23:52 -  clearHangingSupplies took 0.0001838207244873047
2024_11_14_T12:23:52 -  clearHangingRentalSupplies started
2024_11_14_T12:23:52 -  clearHangingRentalSupplies took 4.1961669921875e-5
2024_11_14_T12:23:52 -  clearHouseMarket started
2024_11_14_T12:23:52 -  clearHouseMarket - first block took 0.14418911933898926
2024_11_14_T12:23:52 -  clearHouseMarket - second block took 0.0021209716796875
2024_11_14_T12:23:52 -  clearHouseMarket - third block took 0.0004119873046875
2024_11_14_T12:23:52 -  clearRentalMarket started
2024_11_14_T12:23:52 -  clearRentalMarket - first block took 0.024537086486816406
2024_11_14_T12:23:52 -  clearRentalMarket - second block took 8.296966552734375e-5
2024_11_14_T12:23:52 -  Model step took 0.18412089347839355 seconds
2024_11_14_T12:23:52 -  Metrics: sum_wealth took 0.00017714500427246094
2024_11_14_T12:23:52 -  Metrics: wealth_distribution took 0.0012710094451904297
2024_11_14_T12:23:52 -  Metrics: money_distribution took 0.0014109611511230469
2024_11_14_T12:23:52 -  Metrics: size_distribution took 0.0009810924530029297
2024_11_14_T12:23:52 -  Metrics: age_distribution took 0.0014939308166503906
2024_11_14_T12:23:57 -  Model step started
2024_11_14_T12:23:57 -  clearHangingSupplies started
2024_11_14_T12:23:57 -  clearHangingSupplies took 0.0001289844512939453
2024_11_14_T12:23:57 -  clearHangingRentalSupplies started
2024_11_14_T12:23:57 -  clearHangingRentalSupplies took 3.0040740966796875e-5
2024_11_14_T12:23:57 -  clearHouseMarket started
2024_11_14_T12:23:57 -  clearHouseMarket - first block took 0.1481029987335205
2024_11_14_T12:23:57 -  clearHouseMarket - second block took 0.002772808074951172
2024_11_14_T12:23:57 -  clearHouseMarket - third block took 0.00043392181396484375
2024_11_14_T12:23:57 -  clearRentalMarket started
2024_11_14_T12:23:57 -  clearRentalMarket - first block took 0.019626140594482422
2024_11_14_T12:23:57 -  clearRentalMarket - second block took 0.0001518726348876953
2024_11_14_T12:23:57 -  Pushed house into housesBuiltPerRegion (location,size) = (Lisboa, More)
2024_11_14_T12:23:57 -  Pushed house into housesBuiltPerRegion (location,size) = (Lisboa, More)
2024_11_14_T12:23:57 -  Pushed house into housesBuiltPerRegion (location,size) = (Lisboa, LessThan75)
2024_11_14_T12:23:57 -  Pushed house into housesBuiltPerRegion (location,size) = (Lisboa, LessThan50)
2024_11_14_T12:23:57 -  Model step took 0.1843400001525879 seconds
2024_11_14_T12:23:57 -  Metrics: sum_wealth took 0.00022101402282714844
2024_11_14_T12:23:57 -  Metrics: wealth_distribution took 0.0009999275207519531
2024_11_14_T12:23:57 -  Metrics: money_distribution took 0.0023529529571533203
2024_11_14_T12:23:57 -  Metrics: size_distribution took 0.00109100341796875
2024_11_14_T12:23:57 -  Metrics: age_distribution took 0.0008320808410644531
2024_11_14_T12:24:02 -  Model step started
2024_11_14_T12:24:02 -  clearHangingSupplies started
2024_11_14_T12:24:02 -  clearHangingSupplies took 0.00014901161193847656
2024_11_14_T12:24:02 -  clearHangingRentalSupplies started
2024_11_14_T12:24:02 -  clearHangingRentalSupplies took 3.218650817871094e-5
2024_11_14_T12:24:02 -  clearHouseMarket started
2024_11_14_T12:24:02 -  clearHouseMarket - first block took 0.17233991622924805
2024_11_14_T12:24:02 -  clearHouseMarket - second block took 0.0025081634521484375
2024_11_14_T12:24:02 -  clearHouseMarket - third block took 0.0005979537963867188
2024_11_14_T12:24:02 -  clearRentalMarket started
2024_11_14_T12:24:02 -  clearRentalMarket - first block took 0.015362024307250977
2024_11_14_T12:24:02 -  clearRentalMarket - second block took 6.508827209472656e-5
2024_11_14_T12:24:02 -  Model step took 0.2003319263458252 seconds
2024_11_14_T12:24:02 -  Metrics: sum_wealth took 0.0001201629638671875
2024_11_14_T12:24:02 -  Metrics: wealth_distribution took 0.0009129047393798828
2024_11_14_T12:24:02 -  Metrics: money_distribution took 0.0008997917175292969
2024_11_14_T12:24:02 -  Metrics: size_distribution took 0.000926971435546875
2024_11_14_T12:24:02 -  Metrics: age_distribution took 0.0012738704681396484
2024_11_14_T12:24:06 -  Model step started
2024_11_14_T12:24:06 -  clearHangingSupplies started
2024_11_14_T12:24:06 -  clearHangingSupplies took 0.00012302398681640625
2024_11_14_T12:24:06 -  clearHangingRentalSupplies started
2024_11_14_T12:24:06 -  clearHangingRentalSupplies took 2.6941299438476562e-5
2024_11_14_T12:24:06 -  clearHouseMarket started
2024_11_14_T12:24:06 -  clearHouseMarket - first block took 0.15436315536499023
2024_11_14_T12:24:06 -  clearHouseMarket - second block took 0.004125118255615234
2024_11_14_T12:24:06 -  clearHouseMarket - third block took 0.00035309791564941406
2024_11_14_T12:24:06 -  clearRentalMarket started
2024_11_14_T12:24:06 -  clearRentalMarket - first block took 0.014375925064086914
2024_11_14_T12:24:06 -  clearRentalMarket - second block took 8.20159912109375e-5
2024_11_14_T12:24:06 -  Model step took 0.1820969581604004 seconds
2024_11_14_T12:24:06 -  Metrics: sum_wealth took 0.00015997886657714844
2024_11_14_T12:24:06 -  Metrics: wealth_distribution took 0.001013040542602539
2024_11_14_T12:24:06 -  Metrics: money_distribution took 0.0009758472442626953
2024_11_14_T12:24:06 -  Metrics: size_distribution took 0.0008039474487304688
2024_11_14_T12:24:06 -  Metrics: age_distribution took 0.0008351802825927734
2024_11_14_T12:24:11 -  Model step started
2024_11_14_T12:24:11 -  clearHangingSupplies started
2024_11_14_T12:24:11 -  clearHangingSupplies took 0.00010609626770019531
2024_11_14_T12:24:11 -  clearHangingRentalSupplies started
2024_11_14_T12:24:11 -  clearHangingRentalSupplies took 2.7894973754882812e-5
2024_11_14_T12:24:11 -  clearHouseMarket started
2024_11_14_T12:24:11 -  clearHouseMarket - first block took 0.15606999397277832
2024_11_14_T12:24:11 -  clearHouseMarket - second block took 0.0038039684295654297
2024_11_14_T12:24:11 -  clearHouseMarket - third block took 0.00042819976806640625
2024_11_14_T12:24:11 -  clearRentalMarket started
2024_11_14_T12:24:11 -  clearRentalMarket - first block took 0.026243925094604492
2024_11_14_T12:24:11 -  clearRentalMarket - second block took 6.890296936035156e-5
2024_11_14_T12:24:11 -  Model step took 0.1955559253692627 seconds
2024_11_14_T12:24:11 -  Metrics: sum_wealth took 0.00014400482177734375
2024_11_14_T12:24:11 -  Metrics: wealth_distribution took 0.0010769367218017578
2024_11_14_T12:24:11 -  Metrics: money_distribution took 0.0010840892791748047
2024_11_14_T12:24:11 -  Metrics: size_distribution took 0.0007498264312744141
2024_11_14_T12:24:11 -  Metrics: age_distribution took 0.0007970333099365234
2024_11_14_T12:24:15 -  Model step started
2024_11_14_T12:24:15 -  clearHangingSupplies started
2024_11_14_T12:24:15 -  clearHangingSupplies took 0.0001270771026611328
2024_11_14_T12:24:15 -  clearHangingRentalSupplies started
2024_11_14_T12:24:15 -  clearHangingRentalSupplies took 2.5987625122070312e-5
2024_11_14_T12:24:15 -  clearHouseMarket started
2024_11_14_T12:24:15 -  clearHouseMarket - first block took 0.1366109848022461
2024_11_14_T12:24:15 -  clearHouseMarket - second block took 0.004850149154663086
2024_11_14_T12:24:15 -  clearHouseMarket - third block took 0.0005698204040527344
2024_11_14_T12:24:15 -  clearRentalMarket started
2024_11_14_T12:24:15 -  clearRentalMarket - first block took 0.013746976852416992
2024_11_14_T12:24:15 -  clearRentalMarket - second block took 7.414817810058594e-5
2024_11_14_T12:24:15 -  Pushed house into housesBuiltPerRegion (location,size) = (Lisboa, More)
2024_11_14_T12:24:15 -  Model step took 0.16718411445617676 seconds
2024_11_14_T12:24:15 -  Metrics: sum_wealth took 0.00017404556274414062
2024_11_14_T12:24:15 -  Metrics: wealth_distribution took 0.0009090900421142578
2024_11_14_T12:24:15 -  Metrics: money_distribution took 0.0009732246398925781
2024_11_14_T12:24:15 -  Metrics: size_distribution took 0.0008819103240966797
2024_11_14_T12:24:15 -  Metrics: age_distribution took 0.0008349418640136719
